[2021-03-09 09:46:13,701] {taskinstance.py:851} INFO - Dependencies all met for <TaskInstance: extract_standings.get_standings 2021-03-07T00:00:00+00:00 [queued]>
[2021-03-09 09:46:13,705] {taskinstance.py:851} INFO - Dependencies all met for <TaskInstance: extract_standings.get_standings 2021-03-07T00:00:00+00:00 [queued]>
[2021-03-09 09:46:13,705] {taskinstance.py:1042} INFO - 
--------------------------------------------------------------------------------
[2021-03-09 09:46:13,705] {taskinstance.py:1043} INFO - Starting attempt 1 of 3
[2021-03-09 09:46:13,705] {taskinstance.py:1044} INFO - 
--------------------------------------------------------------------------------
[2021-03-09 09:46:13,713] {taskinstance.py:1063} INFO - Executing <Task(PythonOperator): get_standings> on 2021-03-07T00:00:00+00:00
[2021-03-09 09:46:13,716] {standard_task_runner.py:52} INFO - Started process 25417 to run task
[2021-03-09 09:46:13,721] {standard_task_runner.py:76} INFO - Running: ['airflow', 'tasks', 'run', 'extract_standings', 'get_standings', '2021-03-07T00:00:00+00:00', '--job-id', '133', '--pool', 'default_pool', '--raw', '--subdir', 'DAGS_FOLDER/standings_dag.py', '--cfg-path', '/var/folders/n1/tvvct6mn75xbwwwl4s02tfdc0000gn/T/tmpfiss591s', '--error-file', '/var/folders/n1/tvvct6mn75xbwwwl4s02tfdc0000gn/T/tmpkh0q1rlo']
[2021-03-09 09:46:13,723] {standard_task_runner.py:77} INFO - Job 133: Subtask get_standings
[2021-03-09 09:46:13,758] {logging_mixin.py:104} INFO - Running <TaskInstance: extract_standings.get_standings 2021-03-07T00:00:00+00:00 [running]> on host 25.1.168.192.in-addr.arpa
[2021-03-09 09:46:13,785] {taskinstance.py:1255} INFO - Exporting the following env vars:
AIRFLOW_CTX_DAG_OWNER=AWTY
AIRFLOW_CTX_DAG_ID=extract_standings
AIRFLOW_CTX_TASK_ID=get_standings
AIRFLOW_CTX_EXECUTION_DATE=2021-03-07T00:00:00+00:00
AIRFLOW_CTX_DAG_RUN_ID=scheduled__2021-03-07T00:00:00+00:00
[2021-03-09 09:46:14,357] {logging_mixin.py:104} INFO - Extracted standings from NBA-API
[2021-03-09 09:46:14,360] {python.py:118} INFO - Done. Returned value was: Populated json_file...
[2021-03-09 09:46:14,376] {taskinstance.py:1159} INFO - Marking task as SUCCESS. dag_id=extract_standings, task_id=get_standings, execution_date=20210307T000000, start_date=20210309T154613, end_date=20210309T154614
[2021-03-09 09:46:14,399] {taskinstance.py:1220} INFO - 1 downstream tasks scheduled from follow-on schedule check
[2021-03-09 09:46:14,415] {local_task_job.py:146} INFO - Task exited with return code 0
