[2021-02-22 17:52:53,660] {scheduler_job.py:182} INFO - Started process (PID=31) to work on /home/airflow/.local/lib/python3.8/site-packages/airflow/example_dags/example_complex.py
[2021-02-22 17:52:53,664] {scheduler_job.py:633} INFO - Processing file /home/airflow/.local/lib/python3.8/site-packages/airflow/example_dags/example_complex.py for tasks to queue
[2021-02-22 17:52:53,665] {logging_mixin.py:104} INFO - [2021-02-22 17:52:53,665] {dagbag.py:448} INFO - Filling up the DagBag from /home/airflow/.local/lib/python3.8/site-packages/airflow/example_dags/example_complex.py
[2021-02-22 17:52:53,690] {scheduler_job.py:643} INFO - DAG(s) dict_keys(['example_complex']) retrieved from /home/airflow/.local/lib/python3.8/site-packages/airflow/example_dags/example_complex.py
[2021-02-22 17:52:53,768] {logging_mixin.py:104} INFO - [2021-02-22 17:52:53,768] {dag.py:1818} INFO - Sync 1 DAGs
[2021-02-22 17:52:53,780] {logging_mixin.py:104} INFO - [2021-02-22 17:52:53,779] {dag.py:1837} INFO - Creating ORM DAG for example_complex
[2021-02-22 17:52:53,797] {logging_mixin.py:104} INFO - [2021-02-22 17:52:53,797] {dag.py:2273} INFO - Setting next_dagrun for example_complex to None
[2021-02-22 17:52:53,844] {scheduler_job.py:190} INFO - Processing /home/airflow/.local/lib/python3.8/site-packages/airflow/example_dags/example_complex.py took 0.187 seconds
[2021-02-22 17:53:32,156] {scheduler_job.py:182} INFO - Started process (PID=59) to work on /home/airflow/.local/lib/python3.8/site-packages/airflow/example_dags/example_complex.py
[2021-02-22 17:53:32,158] {scheduler_job.py:633} INFO - Processing file /home/airflow/.local/lib/python3.8/site-packages/airflow/example_dags/example_complex.py for tasks to queue
[2021-02-22 17:53:32,160] {logging_mixin.py:104} INFO - [2021-02-22 17:53:32,160] {dagbag.py:448} INFO - Filling up the DagBag from /home/airflow/.local/lib/python3.8/site-packages/airflow/example_dags/example_complex.py
[2021-02-22 17:53:32,331] {scheduler_job.py:643} INFO - DAG(s) dict_keys(['example_complex']) retrieved from /home/airflow/.local/lib/python3.8/site-packages/airflow/example_dags/example_complex.py
[2021-02-22 17:53:32,354] {logging_mixin.py:104} INFO - [2021-02-22 17:53:32,354] {dag.py:1818} INFO - Sync 1 DAGs
[2021-02-22 17:53:32,366] {logging_mixin.py:104} INFO - [2021-02-22 17:53:32,366] {dag.py:2273} INFO - Setting next_dagrun for example_complex to None
[2021-02-22 17:53:32,593] {scheduler_job.py:190} INFO - Processing /home/airflow/.local/lib/python3.8/site-packages/airflow/example_dags/example_complex.py took 0.441 seconds
[2021-02-22 17:54:20,165] {scheduler_job.py:182} INFO - Started process (PID=28) to work on /home/airflow/.local/lib/python3.8/site-packages/airflow/example_dags/example_complex.py
[2021-02-22 17:54:20,168] {scheduler_job.py:633} INFO - Processing file /home/airflow/.local/lib/python3.8/site-packages/airflow/example_dags/example_complex.py for tasks to queue
[2021-02-22 17:54:20,171] {logging_mixin.py:104} INFO - [2021-02-22 17:54:20,171] {dagbag.py:448} INFO - Filling up the DagBag from /home/airflow/.local/lib/python3.8/site-packages/airflow/example_dags/example_complex.py
[2021-02-22 17:54:20,195] {scheduler_job.py:643} INFO - DAG(s) dict_keys(['example_complex']) retrieved from /home/airflow/.local/lib/python3.8/site-packages/airflow/example_dags/example_complex.py
[2021-02-22 17:54:20,233] {logging_mixin.py:104} INFO - [2021-02-22 17:54:20,233] {dag.py:1818} INFO - Sync 1 DAGs
[2021-02-22 17:54:20,255] {logging_mixin.py:104} INFO - [2021-02-22 17:54:20,255] {dag.py:2273} INFO - Setting next_dagrun for example_complex to None
[2021-02-22 17:54:20,276] {scheduler_job.py:190} INFO - Processing /home/airflow/.local/lib/python3.8/site-packages/airflow/example_dags/example_complex.py took 0.116 seconds
[2021-02-22 17:54:51,223] {scheduler_job.py:182} INFO - Started process (PID=57) to work on /home/airflow/.local/lib/python3.8/site-packages/airflow/example_dags/example_complex.py
[2021-02-22 17:54:51,226] {scheduler_job.py:633} INFO - Processing file /home/airflow/.local/lib/python3.8/site-packages/airflow/example_dags/example_complex.py for tasks to queue
[2021-02-22 17:54:51,227] {logging_mixin.py:104} INFO - [2021-02-22 17:54:51,227] {dagbag.py:448} INFO - Filling up the DagBag from /home/airflow/.local/lib/python3.8/site-packages/airflow/example_dags/example_complex.py
[2021-02-22 17:54:51,294] {scheduler_job.py:643} INFO - DAG(s) dict_keys(['example_complex']) retrieved from /home/airflow/.local/lib/python3.8/site-packages/airflow/example_dags/example_complex.py
[2021-02-22 17:54:51,330] {logging_mixin.py:104} INFO - [2021-02-22 17:54:51,330] {dag.py:1818} INFO - Sync 1 DAGs
[2021-02-22 17:54:51,348] {logging_mixin.py:104} INFO - [2021-02-22 17:54:51,348] {dag.py:2273} INFO - Setting next_dagrun for example_complex to None
[2021-02-22 17:54:51,362] {scheduler_job.py:190} INFO - Processing /home/airflow/.local/lib/python3.8/site-packages/airflow/example_dags/example_complex.py took 0.143 seconds
[2021-02-22 17:55:26,228] {scheduler_job.py:182} INFO - Started process (PID=84) to work on /home/airflow/.local/lib/python3.8/site-packages/airflow/example_dags/example_complex.py
[2021-02-22 17:55:26,232] {scheduler_job.py:633} INFO - Processing file /home/airflow/.local/lib/python3.8/site-packages/airflow/example_dags/example_complex.py for tasks to queue
[2021-02-22 17:55:26,234] {logging_mixin.py:104} INFO - [2021-02-22 17:55:26,234] {dagbag.py:448} INFO - Filling up the DagBag from /home/airflow/.local/lib/python3.8/site-packages/airflow/example_dags/example_complex.py
[2021-02-22 17:55:26,376] {scheduler_job.py:643} INFO - DAG(s) dict_keys(['example_complex']) retrieved from /home/airflow/.local/lib/python3.8/site-packages/airflow/example_dags/example_complex.py
[2021-02-22 17:55:26,407] {logging_mixin.py:104} INFO - [2021-02-22 17:55:26,407] {dag.py:1818} INFO - Sync 1 DAGs
[2021-02-22 17:55:26,421] {logging_mixin.py:104} INFO - [2021-02-22 17:55:26,421] {dag.py:2273} INFO - Setting next_dagrun for example_complex to None
[2021-02-22 17:55:26,489] {scheduler_job.py:190} INFO - Processing /home/airflow/.local/lib/python3.8/site-packages/airflow/example_dags/example_complex.py took 0.268 seconds
[2021-02-22 17:55:58,841] {scheduler_job.py:182} INFO - Started process (PID=112) to work on /home/airflow/.local/lib/python3.8/site-packages/airflow/example_dags/example_complex.py
[2021-02-22 17:55:58,844] {scheduler_job.py:633} INFO - Processing file /home/airflow/.local/lib/python3.8/site-packages/airflow/example_dags/example_complex.py for tasks to queue
[2021-02-22 17:55:58,846] {logging_mixin.py:104} INFO - [2021-02-22 17:55:58,846] {dagbag.py:448} INFO - Filling up the DagBag from /home/airflow/.local/lib/python3.8/site-packages/airflow/example_dags/example_complex.py
[2021-02-22 17:55:58,894] {scheduler_job.py:643} INFO - DAG(s) dict_keys(['example_complex']) retrieved from /home/airflow/.local/lib/python3.8/site-packages/airflow/example_dags/example_complex.py
[2021-02-22 17:55:58,939] {logging_mixin.py:104} INFO - [2021-02-22 17:55:58,938] {dag.py:1818} INFO - Sync 1 DAGs
[2021-02-22 17:55:58,957] {logging_mixin.py:104} INFO - [2021-02-22 17:55:58,957] {dag.py:2273} INFO - Setting next_dagrun for example_complex to None
[2021-02-22 17:55:58,980] {scheduler_job.py:190} INFO - Processing /home/airflow/.local/lib/python3.8/site-packages/airflow/example_dags/example_complex.py took 0.145 seconds
[2021-02-22 18:03:22,999] {scheduler_job.py:182} INFO - Started process (PID=33) to work on /home/airflow/.local/lib/python3.8/site-packages/airflow/example_dags/example_complex.py
[2021-02-22 18:03:23,005] {scheduler_job.py:633} INFO - Processing file /home/airflow/.local/lib/python3.8/site-packages/airflow/example_dags/example_complex.py for tasks to queue
[2021-02-22 18:03:23,007] {logging_mixin.py:104} INFO - [2021-02-22 18:03:23,006] {dagbag.py:448} INFO - Filling up the DagBag from /home/airflow/.local/lib/python3.8/site-packages/airflow/example_dags/example_complex.py
[2021-02-22 18:03:23,071] {scheduler_job.py:643} INFO - DAG(s) dict_keys(['example_complex']) retrieved from /home/airflow/.local/lib/python3.8/site-packages/airflow/example_dags/example_complex.py
[2021-02-22 18:03:23,177] {logging_mixin.py:104} INFO - [2021-02-22 18:03:23,177] {dag.py:1818} INFO - Sync 1 DAGs
[2021-02-22 18:03:23,240] {logging_mixin.py:104} INFO - [2021-02-22 18:03:23,240] {dag.py:2273} INFO - Setting next_dagrun for example_complex to None
[2021-02-22 18:03:23,326] {scheduler_job.py:190} INFO - Processing /home/airflow/.local/lib/python3.8/site-packages/airflow/example_dags/example_complex.py took 0.335 seconds
[2021-02-22 18:03:53,948] {scheduler_job.py:182} INFO - Started process (PID=62) to work on /home/airflow/.local/lib/python3.8/site-packages/airflow/example_dags/example_complex.py
[2021-02-22 18:03:53,950] {scheduler_job.py:633} INFO - Processing file /home/airflow/.local/lib/python3.8/site-packages/airflow/example_dags/example_complex.py for tasks to queue
[2021-02-22 18:03:53,952] {logging_mixin.py:104} INFO - [2021-02-22 18:03:53,952] {dagbag.py:448} INFO - Filling up the DagBag from /home/airflow/.local/lib/python3.8/site-packages/airflow/example_dags/example_complex.py
[2021-02-22 18:03:53,995] {scheduler_job.py:643} INFO - DAG(s) dict_keys(['example_complex']) retrieved from /home/airflow/.local/lib/python3.8/site-packages/airflow/example_dags/example_complex.py
[2021-02-22 18:03:54,029] {logging_mixin.py:104} INFO - [2021-02-22 18:03:54,029] {dag.py:1818} INFO - Sync 1 DAGs
[2021-02-22 18:03:54,046] {logging_mixin.py:104} INFO - [2021-02-22 18:03:54,046] {dag.py:2273} INFO - Setting next_dagrun for example_complex to None
[2021-02-22 18:03:54,064] {scheduler_job.py:190} INFO - Processing /home/airflow/.local/lib/python3.8/site-packages/airflow/example_dags/example_complex.py took 0.120 seconds
[2021-02-22 18:04:31,727] {scheduler_job.py:182} INFO - Started process (PID=89) to work on /home/airflow/.local/lib/python3.8/site-packages/airflow/example_dags/example_complex.py
[2021-02-22 18:04:31,729] {scheduler_job.py:633} INFO - Processing file /home/airflow/.local/lib/python3.8/site-packages/airflow/example_dags/example_complex.py for tasks to queue
[2021-02-22 18:04:31,731] {logging_mixin.py:104} INFO - [2021-02-22 18:04:31,731] {dagbag.py:448} INFO - Filling up the DagBag from /home/airflow/.local/lib/python3.8/site-packages/airflow/example_dags/example_complex.py
[2021-02-22 18:04:31,763] {scheduler_job.py:643} INFO - DAG(s) dict_keys(['example_complex']) retrieved from /home/airflow/.local/lib/python3.8/site-packages/airflow/example_dags/example_complex.py
[2021-02-22 18:04:31,803] {logging_mixin.py:104} INFO - [2021-02-22 18:04:31,803] {dag.py:1818} INFO - Sync 1 DAGs
[2021-02-22 18:04:31,820] {logging_mixin.py:104} INFO - [2021-02-22 18:04:31,820] {dag.py:2273} INFO - Setting next_dagrun for example_complex to None
[2021-02-22 18:04:31,837] {scheduler_job.py:190} INFO - Processing /home/airflow/.local/lib/python3.8/site-packages/airflow/example_dags/example_complex.py took 0.114 seconds
[2021-02-22 18:05:02,502] {scheduler_job.py:182} INFO - Started process (PID=119) to work on /home/airflow/.local/lib/python3.8/site-packages/airflow/example_dags/example_complex.py
[2021-02-22 18:05:02,504] {scheduler_job.py:633} INFO - Processing file /home/airflow/.local/lib/python3.8/site-packages/airflow/example_dags/example_complex.py for tasks to queue
[2021-02-22 18:05:02,505] {logging_mixin.py:104} INFO - [2021-02-22 18:05:02,505] {dagbag.py:448} INFO - Filling up the DagBag from /home/airflow/.local/lib/python3.8/site-packages/airflow/example_dags/example_complex.py
[2021-02-22 18:05:02,526] {scheduler_job.py:643} INFO - DAG(s) dict_keys(['example_complex']) retrieved from /home/airflow/.local/lib/python3.8/site-packages/airflow/example_dags/example_complex.py
[2021-02-22 18:05:02,560] {logging_mixin.py:104} INFO - [2021-02-22 18:05:02,560] {dag.py:1818} INFO - Sync 1 DAGs
[2021-02-22 18:05:02,574] {logging_mixin.py:104} INFO - [2021-02-22 18:05:02,573] {dag.py:2273} INFO - Setting next_dagrun for example_complex to None
[2021-02-22 18:05:02,583] {scheduler_job.py:190} INFO - Processing /home/airflow/.local/lib/python3.8/site-packages/airflow/example_dags/example_complex.py took 0.084 seconds
[2021-02-22 18:05:46,977] {scheduler_job.py:182} INFO - Started process (PID=40) to work on /home/airflow/.local/lib/python3.8/site-packages/airflow/example_dags/example_complex.py
[2021-02-22 18:05:46,980] {scheduler_job.py:633} INFO - Processing file /home/airflow/.local/lib/python3.8/site-packages/airflow/example_dags/example_complex.py for tasks to queue
[2021-02-22 18:05:46,981] {logging_mixin.py:104} INFO - [2021-02-22 18:05:46,981] {dagbag.py:448} INFO - Filling up the DagBag from /home/airflow/.local/lib/python3.8/site-packages/airflow/example_dags/example_complex.py
[2021-02-22 18:05:47,034] {scheduler_job.py:643} INFO - DAG(s) dict_keys(['example_complex']) retrieved from /home/airflow/.local/lib/python3.8/site-packages/airflow/example_dags/example_complex.py
[2021-02-22 18:05:47,174] {logging_mixin.py:104} INFO - [2021-02-22 18:05:47,173] {dag.py:1818} INFO - Sync 1 DAGs
[2021-02-22 18:05:47,195] {logging_mixin.py:104} INFO - [2021-02-22 18:05:47,195] {dag.py:2273} INFO - Setting next_dagrun for example_complex to None
[2021-02-22 18:05:47,235] {scheduler_job.py:190} INFO - Processing /home/airflow/.local/lib/python3.8/site-packages/airflow/example_dags/example_complex.py took 0.278 seconds
[2021-02-22 18:06:25,101] {scheduler_job.py:182} INFO - Started process (PID=67) to work on /home/airflow/.local/lib/python3.8/site-packages/airflow/example_dags/example_complex.py
[2021-02-22 18:06:25,113] {scheduler_job.py:633} INFO - Processing file /home/airflow/.local/lib/python3.8/site-packages/airflow/example_dags/example_complex.py for tasks to queue
[2021-02-22 18:06:25,116] {logging_mixin.py:104} INFO - [2021-02-22 18:06:25,115] {dagbag.py:448} INFO - Filling up the DagBag from /home/airflow/.local/lib/python3.8/site-packages/airflow/example_dags/example_complex.py
[2021-02-22 18:06:25,177] {scheduler_job.py:643} INFO - DAG(s) dict_keys(['example_complex']) retrieved from /home/airflow/.local/lib/python3.8/site-packages/airflow/example_dags/example_complex.py
[2021-02-22 18:06:25,214] {logging_mixin.py:104} INFO - [2021-02-22 18:06:25,214] {dag.py:1818} INFO - Sync 1 DAGs
[2021-02-22 18:06:25,237] {logging_mixin.py:104} INFO - [2021-02-22 18:06:25,237] {dag.py:2273} INFO - Setting next_dagrun for example_complex to None
[2021-02-22 18:06:25,285] {scheduler_job.py:190} INFO - Processing /home/airflow/.local/lib/python3.8/site-packages/airflow/example_dags/example_complex.py took 0.188 seconds
[2021-02-22 18:07:02,472] {scheduler_job.py:182} INFO - Started process (PID=95) to work on /home/airflow/.local/lib/python3.8/site-packages/airflow/example_dags/example_complex.py
[2021-02-22 18:07:02,473] {scheduler_job.py:633} INFO - Processing file /home/airflow/.local/lib/python3.8/site-packages/airflow/example_dags/example_complex.py for tasks to queue
[2021-02-22 18:07:02,475] {logging_mixin.py:104} INFO - [2021-02-22 18:07:02,474] {dagbag.py:448} INFO - Filling up the DagBag from /home/airflow/.local/lib/python3.8/site-packages/airflow/example_dags/example_complex.py
[2021-02-22 18:07:02,512] {scheduler_job.py:643} INFO - DAG(s) dict_keys(['example_complex']) retrieved from /home/airflow/.local/lib/python3.8/site-packages/airflow/example_dags/example_complex.py
[2021-02-22 18:07:02,555] {logging_mixin.py:104} INFO - [2021-02-22 18:07:02,555] {dag.py:1818} INFO - Sync 1 DAGs
[2021-02-22 18:07:02,570] {logging_mixin.py:104} INFO - [2021-02-22 18:07:02,570] {dag.py:2273} INFO - Setting next_dagrun for example_complex to None
[2021-02-22 18:07:02,585] {scheduler_job.py:190} INFO - Processing /home/airflow/.local/lib/python3.8/site-packages/airflow/example_dags/example_complex.py took 0.117 seconds
[2021-02-22 18:08:17,370] {scheduler_job.py:182} INFO - Started process (PID=24) to work on /home/airflow/.local/lib/python3.8/site-packages/airflow/example_dags/example_complex.py
[2021-02-22 18:08:17,372] {scheduler_job.py:633} INFO - Processing file /home/airflow/.local/lib/python3.8/site-packages/airflow/example_dags/example_complex.py for tasks to queue
[2021-02-22 18:08:17,374] {logging_mixin.py:104} INFO - [2021-02-22 18:08:17,374] {dagbag.py:448} INFO - Filling up the DagBag from /home/airflow/.local/lib/python3.8/site-packages/airflow/example_dags/example_complex.py
[2021-02-22 18:08:17,396] {scheduler_job.py:643} INFO - DAG(s) dict_keys(['example_complex']) retrieved from /home/airflow/.local/lib/python3.8/site-packages/airflow/example_dags/example_complex.py
[2021-02-22 18:08:17,442] {logging_mixin.py:104} INFO - [2021-02-22 18:08:17,442] {dag.py:1818} INFO - Sync 1 DAGs
[2021-02-22 18:08:17,462] {logging_mixin.py:104} INFO - [2021-02-22 18:08:17,461] {dag.py:2273} INFO - Setting next_dagrun for example_complex to None
[2021-02-22 18:08:17,541] {scheduler_job.py:190} INFO - Processing /home/airflow/.local/lib/python3.8/site-packages/airflow/example_dags/example_complex.py took 0.177 seconds
[2021-02-22 18:08:51,881] {scheduler_job.py:182} INFO - Started process (PID=52) to work on /home/airflow/.local/lib/python3.8/site-packages/airflow/example_dags/example_complex.py
[2021-02-22 18:08:51,886] {scheduler_job.py:633} INFO - Processing file /home/airflow/.local/lib/python3.8/site-packages/airflow/example_dags/example_complex.py for tasks to queue
[2021-02-22 18:08:51,887] {logging_mixin.py:104} INFO - [2021-02-22 18:08:51,887] {dagbag.py:448} INFO - Filling up the DagBag from /home/airflow/.local/lib/python3.8/site-packages/airflow/example_dags/example_complex.py
[2021-02-22 18:08:52,363] {scheduler_job.py:643} INFO - DAG(s) dict_keys(['example_complex']) retrieved from /home/airflow/.local/lib/python3.8/site-packages/airflow/example_dags/example_complex.py
[2021-02-22 18:08:52,395] {logging_mixin.py:104} INFO - [2021-02-22 18:08:52,395] {dag.py:1818} INFO - Sync 1 DAGs
[2021-02-22 18:08:52,416] {logging_mixin.py:104} INFO - [2021-02-22 18:08:52,416] {dag.py:2273} INFO - Setting next_dagrun for example_complex to None
[2021-02-22 18:08:52,452] {scheduler_job.py:190} INFO - Processing /home/airflow/.local/lib/python3.8/site-packages/airflow/example_dags/example_complex.py took 0.576 seconds
[2021-02-22 18:09:23,492] {scheduler_job.py:182} INFO - Started process (PID=82) to work on /home/airflow/.local/lib/python3.8/site-packages/airflow/example_dags/example_complex.py
[2021-02-22 18:09:23,494] {scheduler_job.py:633} INFO - Processing file /home/airflow/.local/lib/python3.8/site-packages/airflow/example_dags/example_complex.py for tasks to queue
[2021-02-22 18:09:23,500] {logging_mixin.py:104} INFO - [2021-02-22 18:09:23,499] {dagbag.py:448} INFO - Filling up the DagBag from /home/airflow/.local/lib/python3.8/site-packages/airflow/example_dags/example_complex.py
[2021-02-22 18:09:23,578] {scheduler_job.py:643} INFO - DAG(s) dict_keys(['example_complex']) retrieved from /home/airflow/.local/lib/python3.8/site-packages/airflow/example_dags/example_complex.py
[2021-02-22 18:09:23,629] {logging_mixin.py:104} INFO - [2021-02-22 18:09:23,629] {dag.py:1818} INFO - Sync 1 DAGs
[2021-02-22 18:09:23,648] {logging_mixin.py:104} INFO - [2021-02-22 18:09:23,648] {dag.py:2273} INFO - Setting next_dagrun for example_complex to None
[2021-02-22 18:09:23,671] {scheduler_job.py:190} INFO - Processing /home/airflow/.local/lib/python3.8/site-packages/airflow/example_dags/example_complex.py took 0.185 seconds
[2021-02-22 18:10:03,529] {scheduler_job.py:182} INFO - Started process (PID=108) to work on /home/airflow/.local/lib/python3.8/site-packages/airflow/example_dags/example_complex.py
[2021-02-22 18:10:03,532] {scheduler_job.py:633} INFO - Processing file /home/airflow/.local/lib/python3.8/site-packages/airflow/example_dags/example_complex.py for tasks to queue
[2021-02-22 18:10:03,539] {logging_mixin.py:104} INFO - [2021-02-22 18:10:03,539] {dagbag.py:448} INFO - Filling up the DagBag from /home/airflow/.local/lib/python3.8/site-packages/airflow/example_dags/example_complex.py
[2021-02-22 18:10:03,572] {scheduler_job.py:643} INFO - DAG(s) dict_keys(['example_complex']) retrieved from /home/airflow/.local/lib/python3.8/site-packages/airflow/example_dags/example_complex.py
[2021-02-22 18:10:03,615] {logging_mixin.py:104} INFO - [2021-02-22 18:10:03,615] {dag.py:1818} INFO - Sync 1 DAGs
[2021-02-22 18:10:03,640] {logging_mixin.py:104} INFO - [2021-02-22 18:10:03,640] {dag.py:2273} INFO - Setting next_dagrun for example_complex to None
[2021-02-22 18:10:03,708] {scheduler_job.py:190} INFO - Processing /home/airflow/.local/lib/python3.8/site-packages/airflow/example_dags/example_complex.py took 0.183 seconds
[2021-02-22 18:12:28,067] {scheduler_job.py:182} INFO - Started process (PID=38) to work on /home/airflow/.local/lib/python3.8/site-packages/airflow/example_dags/example_complex.py
[2021-02-22 18:12:28,076] {scheduler_job.py:633} INFO - Processing file /home/airflow/.local/lib/python3.8/site-packages/airflow/example_dags/example_complex.py for tasks to queue
[2021-02-22 18:12:28,078] {logging_mixin.py:104} INFO - [2021-02-22 18:12:28,078] {dagbag.py:448} INFO - Filling up the DagBag from /home/airflow/.local/lib/python3.8/site-packages/airflow/example_dags/example_complex.py
[2021-02-22 18:12:28,099] {scheduler_job.py:643} INFO - DAG(s) dict_keys(['example_complex']) retrieved from /home/airflow/.local/lib/python3.8/site-packages/airflow/example_dags/example_complex.py
[2021-02-22 18:12:28,159] {logging_mixin.py:104} INFO - [2021-02-22 18:12:28,159] {dag.py:1818} INFO - Sync 1 DAGs
[2021-02-22 18:12:28,194] {logging_mixin.py:104} INFO - [2021-02-22 18:12:28,194] {dag.py:2273} INFO - Setting next_dagrun for example_complex to None
[2021-02-22 18:12:28,220] {scheduler_job.py:190} INFO - Processing /home/airflow/.local/lib/python3.8/site-packages/airflow/example_dags/example_complex.py took 0.156 seconds
[2021-02-22 18:12:58,267] {scheduler_job.py:182} INFO - Started process (PID=66) to work on /home/airflow/.local/lib/python3.8/site-packages/airflow/example_dags/example_complex.py
[2021-02-22 18:12:58,270] {scheduler_job.py:633} INFO - Processing file /home/airflow/.local/lib/python3.8/site-packages/airflow/example_dags/example_complex.py for tasks to queue
[2021-02-22 18:12:58,271] {logging_mixin.py:104} INFO - [2021-02-22 18:12:58,271] {dagbag.py:448} INFO - Filling up the DagBag from /home/airflow/.local/lib/python3.8/site-packages/airflow/example_dags/example_complex.py
[2021-02-22 18:12:58,311] {scheduler_job.py:643} INFO - DAG(s) dict_keys(['example_complex']) retrieved from /home/airflow/.local/lib/python3.8/site-packages/airflow/example_dags/example_complex.py
[2021-02-22 18:12:58,385] {logging_mixin.py:104} INFO - [2021-02-22 18:12:58,384] {dag.py:1818} INFO - Sync 1 DAGs
[2021-02-22 18:12:58,408] {logging_mixin.py:104} INFO - [2021-02-22 18:12:58,407] {dag.py:2273} INFO - Setting next_dagrun for example_complex to None
[2021-02-22 18:12:58,477] {scheduler_job.py:190} INFO - Processing /home/airflow/.local/lib/python3.8/site-packages/airflow/example_dags/example_complex.py took 0.214 seconds
[2021-02-22 18:13:35,790] {scheduler_job.py:182} INFO - Started process (PID=94) to work on /home/airflow/.local/lib/python3.8/site-packages/airflow/example_dags/example_complex.py
[2021-02-22 18:13:35,792] {scheduler_job.py:633} INFO - Processing file /home/airflow/.local/lib/python3.8/site-packages/airflow/example_dags/example_complex.py for tasks to queue
[2021-02-22 18:13:35,796] {logging_mixin.py:104} INFO - [2021-02-22 18:13:35,796] {dagbag.py:448} INFO - Filling up the DagBag from /home/airflow/.local/lib/python3.8/site-packages/airflow/example_dags/example_complex.py
[2021-02-22 18:13:35,820] {scheduler_job.py:643} INFO - DAG(s) dict_keys(['example_complex']) retrieved from /home/airflow/.local/lib/python3.8/site-packages/airflow/example_dags/example_complex.py
[2021-02-22 18:13:35,848] {logging_mixin.py:104} INFO - [2021-02-22 18:13:35,848] {dag.py:1818} INFO - Sync 1 DAGs
[2021-02-22 18:13:35,864] {logging_mixin.py:104} INFO - [2021-02-22 18:13:35,864] {dag.py:2273} INFO - Setting next_dagrun for example_complex to None
[2021-02-22 18:13:35,880] {scheduler_job.py:190} INFO - Processing /home/airflow/.local/lib/python3.8/site-packages/airflow/example_dags/example_complex.py took 0.095 seconds
[2021-02-22 18:14:08,748] {scheduler_job.py:182} INFO - Started process (PID=122) to work on /home/airflow/.local/lib/python3.8/site-packages/airflow/example_dags/example_complex.py
[2021-02-22 18:14:08,751] {scheduler_job.py:633} INFO - Processing file /home/airflow/.local/lib/python3.8/site-packages/airflow/example_dags/example_complex.py for tasks to queue
[2021-02-22 18:14:08,754] {logging_mixin.py:104} INFO - [2021-02-22 18:14:08,754] {dagbag.py:448} INFO - Filling up the DagBag from /home/airflow/.local/lib/python3.8/site-packages/airflow/example_dags/example_complex.py
[2021-02-22 18:14:08,793] {scheduler_job.py:643} INFO - DAG(s) dict_keys(['example_complex']) retrieved from /home/airflow/.local/lib/python3.8/site-packages/airflow/example_dags/example_complex.py
[2021-02-22 18:14:08,826] {logging_mixin.py:104} INFO - [2021-02-22 18:14:08,826] {dag.py:1818} INFO - Sync 1 DAGs
[2021-02-22 18:14:08,841] {logging_mixin.py:104} INFO - [2021-02-22 18:14:08,841] {dag.py:2273} INFO - Setting next_dagrun for example_complex to None
[2021-02-22 18:14:08,867] {scheduler_job.py:190} INFO - Processing /home/airflow/.local/lib/python3.8/site-packages/airflow/example_dags/example_complex.py took 0.125 seconds
[2021-02-22 18:17:46,270] {scheduler_job.py:182} INFO - Started process (PID=41) to work on /home/airflow/.local/lib/python3.8/site-packages/airflow/example_dags/example_complex.py
[2021-02-22 18:17:46,273] {scheduler_job.py:633} INFO - Processing file /home/airflow/.local/lib/python3.8/site-packages/airflow/example_dags/example_complex.py for tasks to queue
[2021-02-22 18:17:46,275] {logging_mixin.py:104} INFO - [2021-02-22 18:17:46,275] {dagbag.py:448} INFO - Filling up the DagBag from /home/airflow/.local/lib/python3.8/site-packages/airflow/example_dags/example_complex.py
[2021-02-22 18:17:46,306] {scheduler_job.py:643} INFO - DAG(s) dict_keys(['example_complex']) retrieved from /home/airflow/.local/lib/python3.8/site-packages/airflow/example_dags/example_complex.py
[2021-02-22 18:17:46,415] {logging_mixin.py:104} INFO - [2021-02-22 18:17:46,415] {dag.py:1818} INFO - Sync 1 DAGs
[2021-02-22 18:17:46,454] {logging_mixin.py:104} INFO - [2021-02-22 18:17:46,454] {dag.py:2273} INFO - Setting next_dagrun for example_complex to None
[2021-02-22 18:17:46,497] {scheduler_job.py:190} INFO - Processing /home/airflow/.local/lib/python3.8/site-packages/airflow/example_dags/example_complex.py took 0.251 seconds
