[2021-02-22 17:52:53,306] {scheduler_job.py:182} INFO - Started process (PID=29) to work on /home/airflow/.local/lib/python3.8/site-packages/airflow/example_dags/example_latest_only.py
[2021-02-22 17:52:53,309] {scheduler_job.py:633} INFO - Processing file /home/airflow/.local/lib/python3.8/site-packages/airflow/example_dags/example_latest_only.py for tasks to queue
[2021-02-22 17:52:53,313] {logging_mixin.py:104} INFO - [2021-02-22 17:52:53,313] {dagbag.py:448} INFO - Filling up the DagBag from /home/airflow/.local/lib/python3.8/site-packages/airflow/example_dags/example_latest_only.py
[2021-02-22 17:52:53,363] {scheduler_job.py:643} INFO - DAG(s) dict_keys(['latest_only']) retrieved from /home/airflow/.local/lib/python3.8/site-packages/airflow/example_dags/example_latest_only.py
[2021-02-22 17:52:53,466] {logging_mixin.py:104} INFO - [2021-02-22 17:52:53,466] {dag.py:1818} INFO - Sync 1 DAGs
[2021-02-22 17:52:53,499] {logging_mixin.py:104} INFO - [2021-02-22 17:52:53,499] {dag.py:1837} INFO - Creating ORM DAG for latest_only
[2021-02-22 17:52:53,512] {logging_mixin.py:104} INFO - [2021-02-22 17:52:53,510] {dag.py:2273} INFO - Setting next_dagrun for latest_only to 2021-02-20 00:00:00+00:00
[2021-02-22 17:52:53,596] {scheduler_job.py:190} INFO - Processing /home/airflow/.local/lib/python3.8/site-packages/airflow/example_dags/example_latest_only.py took 0.295 seconds
[2021-02-22 17:53:31,724] {scheduler_job.py:182} INFO - Started process (PID=57) to work on /home/airflow/.local/lib/python3.8/site-packages/airflow/example_dags/example_latest_only.py
[2021-02-22 17:53:31,726] {scheduler_job.py:633} INFO - Processing file /home/airflow/.local/lib/python3.8/site-packages/airflow/example_dags/example_latest_only.py for tasks to queue
[2021-02-22 17:53:31,728] {logging_mixin.py:104} INFO - [2021-02-22 17:53:31,728] {dagbag.py:448} INFO - Filling up the DagBag from /home/airflow/.local/lib/python3.8/site-packages/airflow/example_dags/example_latest_only.py
[2021-02-22 17:53:31,978] {scheduler_job.py:643} INFO - DAG(s) dict_keys(['latest_only']) retrieved from /home/airflow/.local/lib/python3.8/site-packages/airflow/example_dags/example_latest_only.py
[2021-02-22 17:53:32,007] {logging_mixin.py:104} INFO - [2021-02-22 17:53:32,007] {dag.py:1818} INFO - Sync 1 DAGs
[2021-02-22 17:53:32,020] {logging_mixin.py:104} INFO - [2021-02-22 17:53:32,020] {dag.py:2273} INFO - Setting next_dagrun for latest_only to 2021-02-20 00:00:00+00:00
[2021-02-22 17:53:32,127] {scheduler_job.py:190} INFO - Processing /home/airflow/.local/lib/python3.8/site-packages/airflow/example_dags/example_latest_only.py took 0.408 seconds
[2021-02-22 17:54:20,357] {scheduler_job.py:182} INFO - Started process (PID=29) to work on /home/airflow/.local/lib/python3.8/site-packages/airflow/example_dags/example_latest_only.py
[2021-02-22 17:54:20,371] {scheduler_job.py:633} INFO - Processing file /home/airflow/.local/lib/python3.8/site-packages/airflow/example_dags/example_latest_only.py for tasks to queue
[2021-02-22 17:54:20,375] {logging_mixin.py:104} INFO - [2021-02-22 17:54:20,375] {dagbag.py:448} INFO - Filling up the DagBag from /home/airflow/.local/lib/python3.8/site-packages/airflow/example_dags/example_latest_only.py
[2021-02-22 17:54:20,409] {scheduler_job.py:643} INFO - DAG(s) dict_keys(['latest_only']) retrieved from /home/airflow/.local/lib/python3.8/site-packages/airflow/example_dags/example_latest_only.py
[2021-02-22 17:54:20,477] {logging_mixin.py:104} INFO - [2021-02-22 17:54:20,477] {dag.py:1818} INFO - Sync 1 DAGs
[2021-02-22 17:54:20,515] {logging_mixin.py:104} INFO - [2021-02-22 17:54:20,514] {dag.py:2273} INFO - Setting next_dagrun for latest_only to 2021-02-20 00:00:00+00:00
[2021-02-22 17:54:20,548] {scheduler_job.py:190} INFO - Processing /home/airflow/.local/lib/python3.8/site-packages/airflow/example_dags/example_latest_only.py took 0.201 seconds
[2021-02-22 17:54:51,223] {scheduler_job.py:182} INFO - Started process (PID=56) to work on /home/airflow/.local/lib/python3.8/site-packages/airflow/example_dags/example_latest_only.py
[2021-02-22 17:54:51,225] {scheduler_job.py:633} INFO - Processing file /home/airflow/.local/lib/python3.8/site-packages/airflow/example_dags/example_latest_only.py for tasks to queue
[2021-02-22 17:54:51,226] {logging_mixin.py:104} INFO - [2021-02-22 17:54:51,226] {dagbag.py:448} INFO - Filling up the DagBag from /home/airflow/.local/lib/python3.8/site-packages/airflow/example_dags/example_latest_only.py
[2021-02-22 17:54:51,274] {scheduler_job.py:643} INFO - DAG(s) dict_keys(['latest_only']) retrieved from /home/airflow/.local/lib/python3.8/site-packages/airflow/example_dags/example_latest_only.py
[2021-02-22 17:54:51,302] {logging_mixin.py:104} INFO - [2021-02-22 17:54:51,301] {dag.py:1818} INFO - Sync 1 DAGs
[2021-02-22 17:54:51,326] {logging_mixin.py:104} INFO - [2021-02-22 17:54:51,326] {dag.py:2273} INFO - Setting next_dagrun for latest_only to 2021-02-20 00:00:00+00:00
[2021-02-22 17:54:51,342] {scheduler_job.py:190} INFO - Processing /home/airflow/.local/lib/python3.8/site-packages/airflow/example_dags/example_latest_only.py took 0.122 seconds
[2021-02-22 17:55:26,313] {scheduler_job.py:182} INFO - Started process (PID=85) to work on /home/airflow/.local/lib/python3.8/site-packages/airflow/example_dags/example_latest_only.py
[2021-02-22 17:55:26,316] {scheduler_job.py:633} INFO - Processing file /home/airflow/.local/lib/python3.8/site-packages/airflow/example_dags/example_latest_only.py for tasks to queue
[2021-02-22 17:55:26,322] {logging_mixin.py:104} INFO - [2021-02-22 17:55:26,322] {dagbag.py:448} INFO - Filling up the DagBag from /home/airflow/.local/lib/python3.8/site-packages/airflow/example_dags/example_latest_only.py
[2021-02-22 17:55:26,500] {scheduler_job.py:643} INFO - DAG(s) dict_keys(['latest_only']) retrieved from /home/airflow/.local/lib/python3.8/site-packages/airflow/example_dags/example_latest_only.py
[2021-02-22 17:55:26,539] {logging_mixin.py:104} INFO - [2021-02-22 17:55:26,539] {dag.py:1818} INFO - Sync 1 DAGs
[2021-02-22 17:55:26,595] {logging_mixin.py:104} INFO - [2021-02-22 17:55:26,592] {dag.py:2273} INFO - Setting next_dagrun for latest_only to 2021-02-20 00:00:00+00:00
[2021-02-22 17:55:26,666] {scheduler_job.py:190} INFO - Processing /home/airflow/.local/lib/python3.8/site-packages/airflow/example_dags/example_latest_only.py took 0.361 seconds
[2021-02-22 17:55:58,847] {scheduler_job.py:182} INFO - Started process (PID=113) to work on /home/airflow/.local/lib/python3.8/site-packages/airflow/example_dags/example_latest_only.py
[2021-02-22 17:55:58,849] {scheduler_job.py:633} INFO - Processing file /home/airflow/.local/lib/python3.8/site-packages/airflow/example_dags/example_latest_only.py for tasks to queue
[2021-02-22 17:55:58,852] {logging_mixin.py:104} INFO - [2021-02-22 17:55:58,852] {dagbag.py:448} INFO - Filling up the DagBag from /home/airflow/.local/lib/python3.8/site-packages/airflow/example_dags/example_latest_only.py
[2021-02-22 17:55:58,880] {scheduler_job.py:643} INFO - DAG(s) dict_keys(['latest_only']) retrieved from /home/airflow/.local/lib/python3.8/site-packages/airflow/example_dags/example_latest_only.py
[2021-02-22 17:55:58,918] {logging_mixin.py:104} INFO - [2021-02-22 17:55:58,918] {dag.py:1818} INFO - Sync 1 DAGs
[2021-02-22 17:55:58,937] {logging_mixin.py:104} INFO - [2021-02-22 17:55:58,937] {dag.py:2273} INFO - Setting next_dagrun for latest_only to 2021-02-20 00:00:00+00:00
[2021-02-22 17:55:58,968] {scheduler_job.py:190} INFO - Processing /home/airflow/.local/lib/python3.8/site-packages/airflow/example_dags/example_latest_only.py took 0.128 seconds
[2021-02-22 18:03:23,706] {scheduler_job.py:182} INFO - Started process (PID=37) to work on /home/airflow/.local/lib/python3.8/site-packages/airflow/example_dags/example_latest_only.py
[2021-02-22 18:03:23,716] {scheduler_job.py:633} INFO - Processing file /home/airflow/.local/lib/python3.8/site-packages/airflow/example_dags/example_latest_only.py for tasks to queue
[2021-02-22 18:03:23,732] {logging_mixin.py:104} INFO - [2021-02-22 18:03:23,732] {dagbag.py:448} INFO - Filling up the DagBag from /home/airflow/.local/lib/python3.8/site-packages/airflow/example_dags/example_latest_only.py
[2021-02-22 18:03:23,758] {scheduler_job.py:643} INFO - DAG(s) dict_keys(['latest_only']) retrieved from /home/airflow/.local/lib/python3.8/site-packages/airflow/example_dags/example_latest_only.py
[2021-02-22 18:03:23,804] {logging_mixin.py:104} INFO - [2021-02-22 18:03:23,804] {dag.py:1818} INFO - Sync 1 DAGs
[2021-02-22 18:03:23,837] {logging_mixin.py:104} INFO - [2021-02-22 18:03:23,837] {dag.py:2273} INFO - Setting next_dagrun for latest_only to 2021-02-20 00:00:00+00:00
[2021-02-22 18:03:23,879] {scheduler_job.py:190} INFO - Processing /home/airflow/.local/lib/python3.8/site-packages/airflow/example_dags/example_latest_only.py took 0.180 seconds
[2021-02-22 18:03:54,210] {scheduler_job.py:182} INFO - Started process (PID=65) to work on /home/airflow/.local/lib/python3.8/site-packages/airflow/example_dags/example_latest_only.py
[2021-02-22 18:03:54,213] {scheduler_job.py:633} INFO - Processing file /home/airflow/.local/lib/python3.8/site-packages/airflow/example_dags/example_latest_only.py for tasks to queue
[2021-02-22 18:03:54,214] {logging_mixin.py:104} INFO - [2021-02-22 18:03:54,214] {dagbag.py:448} INFO - Filling up the DagBag from /home/airflow/.local/lib/python3.8/site-packages/airflow/example_dags/example_latest_only.py
[2021-02-22 18:03:54,234] {scheduler_job.py:643} INFO - DAG(s) dict_keys(['latest_only']) retrieved from /home/airflow/.local/lib/python3.8/site-packages/airflow/example_dags/example_latest_only.py
[2021-02-22 18:03:54,261] {logging_mixin.py:104} INFO - [2021-02-22 18:03:54,261] {dag.py:1818} INFO - Sync 1 DAGs
[2021-02-22 18:03:54,289] {logging_mixin.py:104} INFO - [2021-02-22 18:03:54,289] {dag.py:2273} INFO - Setting next_dagrun for latest_only to 2021-02-20 00:00:00+00:00
[2021-02-22 18:03:54,309] {scheduler_job.py:190} INFO - Processing /home/airflow/.local/lib/python3.8/site-packages/airflow/example_dags/example_latest_only.py took 0.105 seconds
[2021-02-22 18:04:32,070] {scheduler_job.py:182} INFO - Started process (PID=93) to work on /home/airflow/.local/lib/python3.8/site-packages/airflow/example_dags/example_latest_only.py
[2021-02-22 18:04:32,072] {scheduler_job.py:633} INFO - Processing file /home/airflow/.local/lib/python3.8/site-packages/airflow/example_dags/example_latest_only.py for tasks to queue
[2021-02-22 18:04:32,073] {logging_mixin.py:104} INFO - [2021-02-22 18:04:32,073] {dagbag.py:448} INFO - Filling up the DagBag from /home/airflow/.local/lib/python3.8/site-packages/airflow/example_dags/example_latest_only.py
[2021-02-22 18:04:32,099] {scheduler_job.py:643} INFO - DAG(s) dict_keys(['latest_only']) retrieved from /home/airflow/.local/lib/python3.8/site-packages/airflow/example_dags/example_latest_only.py
[2021-02-22 18:04:32,133] {logging_mixin.py:104} INFO - [2021-02-22 18:04:32,133] {dag.py:1818} INFO - Sync 1 DAGs
[2021-02-22 18:04:32,154] {logging_mixin.py:104} INFO - [2021-02-22 18:04:32,153] {dag.py:2273} INFO - Setting next_dagrun for latest_only to 2021-02-20 00:00:00+00:00
[2021-02-22 18:04:32,174] {scheduler_job.py:190} INFO - Processing /home/airflow/.local/lib/python3.8/site-packages/airflow/example_dags/example_latest_only.py took 0.110 seconds
[2021-02-22 18:05:02,390] {scheduler_job.py:182} INFO - Started process (PID=117) to work on /home/airflow/.local/lib/python3.8/site-packages/airflow/example_dags/example_latest_only.py
[2021-02-22 18:05:02,392] {scheduler_job.py:633} INFO - Processing file /home/airflow/.local/lib/python3.8/site-packages/airflow/example_dags/example_latest_only.py for tasks to queue
[2021-02-22 18:05:02,394] {logging_mixin.py:104} INFO - [2021-02-22 18:05:02,394] {dagbag.py:448} INFO - Filling up the DagBag from /home/airflow/.local/lib/python3.8/site-packages/airflow/example_dags/example_latest_only.py
[2021-02-22 18:05:02,404] {scheduler_job.py:643} INFO - DAG(s) dict_keys(['latest_only']) retrieved from /home/airflow/.local/lib/python3.8/site-packages/airflow/example_dags/example_latest_only.py
[2021-02-22 18:05:02,424] {logging_mixin.py:104} INFO - [2021-02-22 18:05:02,424] {dag.py:1818} INFO - Sync 1 DAGs
[2021-02-22 18:05:02,460] {logging_mixin.py:104} INFO - [2021-02-22 18:05:02,459] {dag.py:2273} INFO - Setting next_dagrun for latest_only to 2021-02-20 00:00:00+00:00
[2021-02-22 18:05:02,472] {scheduler_job.py:190} INFO - Processing /home/airflow/.local/lib/python3.8/site-packages/airflow/example_dags/example_latest_only.py took 0.090 seconds
[2021-02-22 18:05:45,900] {scheduler_job.py:182} INFO - Started process (PID=32) to work on /home/airflow/.local/lib/python3.8/site-packages/airflow/example_dags/example_latest_only.py
[2021-02-22 18:05:45,944] {scheduler_job.py:633} INFO - Processing file /home/airflow/.local/lib/python3.8/site-packages/airflow/example_dags/example_latest_only.py for tasks to queue
[2021-02-22 18:05:45,946] {logging_mixin.py:104} INFO - [2021-02-22 18:05:45,946] {dagbag.py:448} INFO - Filling up the DagBag from /home/airflow/.local/lib/python3.8/site-packages/airflow/example_dags/example_latest_only.py
[2021-02-22 18:05:45,980] {scheduler_job.py:643} INFO - DAG(s) dict_keys(['latest_only']) retrieved from /home/airflow/.local/lib/python3.8/site-packages/airflow/example_dags/example_latest_only.py
[2021-02-22 18:05:46,077] {logging_mixin.py:104} INFO - [2021-02-22 18:05:46,077] {dag.py:1818} INFO - Sync 1 DAGs
[2021-02-22 18:05:46,100] {logging_mixin.py:104} INFO - [2021-02-22 18:05:46,100] {dag.py:2273} INFO - Setting next_dagrun for latest_only to 2021-02-20 00:00:00+00:00
[2021-02-22 18:05:46,137] {scheduler_job.py:190} INFO - Processing /home/airflow/.local/lib/python3.8/site-packages/airflow/example_dags/example_latest_only.py took 0.256 seconds
[2021-02-22 18:06:23,892] {scheduler_job.py:182} INFO - Started process (PID=59) to work on /home/airflow/.local/lib/python3.8/site-packages/airflow/example_dags/example_latest_only.py
[2021-02-22 18:06:23,895] {scheduler_job.py:633} INFO - Processing file /home/airflow/.local/lib/python3.8/site-packages/airflow/example_dags/example_latest_only.py for tasks to queue
[2021-02-22 18:06:23,897] {logging_mixin.py:104} INFO - [2021-02-22 18:06:23,897] {dagbag.py:448} INFO - Filling up the DagBag from /home/airflow/.local/lib/python3.8/site-packages/airflow/example_dags/example_latest_only.py
[2021-02-22 18:06:23,964] {scheduler_job.py:643} INFO - DAG(s) dict_keys(['latest_only']) retrieved from /home/airflow/.local/lib/python3.8/site-packages/airflow/example_dags/example_latest_only.py
[2021-02-22 18:06:23,988] {logging_mixin.py:104} INFO - [2021-02-22 18:06:23,988] {dag.py:1818} INFO - Sync 1 DAGs
[2021-02-22 18:06:24,005] {logging_mixin.py:104} INFO - [2021-02-22 18:06:24,005] {dag.py:2273} INFO - Setting next_dagrun for latest_only to 2021-02-20 00:00:00+00:00
[2021-02-22 18:06:24,045] {scheduler_job.py:190} INFO - Processing /home/airflow/.local/lib/python3.8/site-packages/airflow/example_dags/example_latest_only.py took 0.156 seconds
[2021-02-22 18:07:01,723] {scheduler_job.py:182} INFO - Started process (PID=87) to work on /home/airflow/.local/lib/python3.8/site-packages/airflow/example_dags/example_latest_only.py
[2021-02-22 18:07:01,725] {scheduler_job.py:633} INFO - Processing file /home/airflow/.local/lib/python3.8/site-packages/airflow/example_dags/example_latest_only.py for tasks to queue
[2021-02-22 18:07:01,726] {logging_mixin.py:104} INFO - [2021-02-22 18:07:01,726] {dagbag.py:448} INFO - Filling up the DagBag from /home/airflow/.local/lib/python3.8/site-packages/airflow/example_dags/example_latest_only.py
[2021-02-22 18:07:01,743] {scheduler_job.py:643} INFO - DAG(s) dict_keys(['latest_only']) retrieved from /home/airflow/.local/lib/python3.8/site-packages/airflow/example_dags/example_latest_only.py
[2021-02-22 18:07:01,805] {logging_mixin.py:104} INFO - [2021-02-22 18:07:01,805] {dag.py:1818} INFO - Sync 1 DAGs
[2021-02-22 18:07:01,828] {logging_mixin.py:104} INFO - [2021-02-22 18:07:01,828] {dag.py:2273} INFO - Setting next_dagrun for latest_only to 2021-02-20 00:00:00+00:00
[2021-02-22 18:07:01,844] {scheduler_job.py:190} INFO - Processing /home/airflow/.local/lib/python3.8/site-packages/airflow/example_dags/example_latest_only.py took 0.125 seconds
[2021-02-22 18:08:20,069] {scheduler_job.py:182} INFO - Started process (PID=44) to work on /home/airflow/.local/lib/python3.8/site-packages/airflow/example_dags/example_latest_only.py
[2021-02-22 18:08:20,078] {scheduler_job.py:633} INFO - Processing file /home/airflow/.local/lib/python3.8/site-packages/airflow/example_dags/example_latest_only.py for tasks to queue
[2021-02-22 18:08:20,079] {logging_mixin.py:104} INFO - [2021-02-22 18:08:20,079] {dagbag.py:448} INFO - Filling up the DagBag from /home/airflow/.local/lib/python3.8/site-packages/airflow/example_dags/example_latest_only.py
[2021-02-22 18:08:20,094] {scheduler_job.py:643} INFO - DAG(s) dict_keys(['latest_only']) retrieved from /home/airflow/.local/lib/python3.8/site-packages/airflow/example_dags/example_latest_only.py
[2021-02-22 18:08:20,125] {logging_mixin.py:104} INFO - [2021-02-22 18:08:20,125] {dag.py:1818} INFO - Sync 1 DAGs
[2021-02-22 18:08:20,183] {logging_mixin.py:104} INFO - [2021-02-22 18:08:20,182] {dag.py:2273} INFO - Setting next_dagrun for latest_only to 2021-02-20 00:00:00+00:00
[2021-02-22 18:08:20,212] {scheduler_job.py:190} INFO - Processing /home/airflow/.local/lib/python3.8/site-packages/airflow/example_dags/example_latest_only.py took 0.155 seconds
[2021-02-22 18:08:56,139] {scheduler_job.py:182} INFO - Started process (PID=72) to work on /home/airflow/.local/lib/python3.8/site-packages/airflow/example_dags/example_latest_only.py
[2021-02-22 18:08:56,145] {scheduler_job.py:633} INFO - Processing file /home/airflow/.local/lib/python3.8/site-packages/airflow/example_dags/example_latest_only.py for tasks to queue
[2021-02-22 18:08:56,146] {logging_mixin.py:104} INFO - [2021-02-22 18:08:56,146] {dagbag.py:448} INFO - Filling up the DagBag from /home/airflow/.local/lib/python3.8/site-packages/airflow/example_dags/example_latest_only.py
[2021-02-22 18:08:56,230] {scheduler_job.py:643} INFO - DAG(s) dict_keys(['latest_only']) retrieved from /home/airflow/.local/lib/python3.8/site-packages/airflow/example_dags/example_latest_only.py
[2021-02-22 18:08:56,250] {logging_mixin.py:104} INFO - [2021-02-22 18:08:56,250] {dag.py:1818} INFO - Sync 1 DAGs
[2021-02-22 18:08:56,264] {logging_mixin.py:104} INFO - [2021-02-22 18:08:56,263] {dag.py:2273} INFO - Setting next_dagrun for latest_only to 2021-02-20 00:00:00+00:00
[2021-02-22 18:08:56,403] {scheduler_job.py:190} INFO - Processing /home/airflow/.local/lib/python3.8/site-packages/airflow/example_dags/example_latest_only.py took 0.269 seconds
[2021-02-22 18:09:27,049] {scheduler_job.py:182} INFO - Started process (PID=100) to work on /home/airflow/.local/lib/python3.8/site-packages/airflow/example_dags/example_latest_only.py
[2021-02-22 18:09:27,052] {scheduler_job.py:633} INFO - Processing file /home/airflow/.local/lib/python3.8/site-packages/airflow/example_dags/example_latest_only.py for tasks to queue
[2021-02-22 18:09:27,058] {logging_mixin.py:104} INFO - [2021-02-22 18:09:27,058] {dagbag.py:448} INFO - Filling up the DagBag from /home/airflow/.local/lib/python3.8/site-packages/airflow/example_dags/example_latest_only.py
[2021-02-22 18:09:27,073] {scheduler_job.py:643} INFO - DAG(s) dict_keys(['latest_only']) retrieved from /home/airflow/.local/lib/python3.8/site-packages/airflow/example_dags/example_latest_only.py
[2021-02-22 18:09:27,099] {logging_mixin.py:104} INFO - [2021-02-22 18:09:27,099] {dag.py:1818} INFO - Sync 1 DAGs
[2021-02-22 18:09:27,115] {logging_mixin.py:104} INFO - [2021-02-22 18:09:27,115] {dag.py:2273} INFO - Setting next_dagrun for latest_only to 2021-02-20 00:00:00+00:00
[2021-02-22 18:09:27,140] {scheduler_job.py:190} INFO - Processing /home/airflow/.local/lib/python3.8/site-packages/airflow/example_dags/example_latest_only.py took 0.095 seconds
[2021-02-22 18:12:27,075] {scheduler_job.py:182} INFO - Started process (PID=29) to work on /home/airflow/.local/lib/python3.8/site-packages/airflow/example_dags/example_latest_only.py
[2021-02-22 18:12:27,078] {scheduler_job.py:633} INFO - Processing file /home/airflow/.local/lib/python3.8/site-packages/airflow/example_dags/example_latest_only.py for tasks to queue
[2021-02-22 18:12:27,079] {logging_mixin.py:104} INFO - [2021-02-22 18:12:27,079] {dagbag.py:448} INFO - Filling up the DagBag from /home/airflow/.local/lib/python3.8/site-packages/airflow/example_dags/example_latest_only.py
[2021-02-22 18:12:27,091] {scheduler_job.py:643} INFO - DAG(s) dict_keys(['latest_only']) retrieved from /home/airflow/.local/lib/python3.8/site-packages/airflow/example_dags/example_latest_only.py
[2021-02-22 18:12:27,119] {logging_mixin.py:104} INFO - [2021-02-22 18:12:27,119] {dag.py:1818} INFO - Sync 1 DAGs
[2021-02-22 18:12:27,137] {logging_mixin.py:104} INFO - [2021-02-22 18:12:27,137] {dag.py:2273} INFO - Setting next_dagrun for latest_only to 2021-02-20 00:00:00+00:00
[2021-02-22 18:12:27,156] {scheduler_job.py:190} INFO - Processing /home/airflow/.local/lib/python3.8/site-packages/airflow/example_dags/example_latest_only.py took 0.085 seconds
[2021-02-22 18:12:57,286] {scheduler_job.py:182} INFO - Started process (PID=57) to work on /home/airflow/.local/lib/python3.8/site-packages/airflow/example_dags/example_latest_only.py
[2021-02-22 18:12:57,288] {scheduler_job.py:633} INFO - Processing file /home/airflow/.local/lib/python3.8/site-packages/airflow/example_dags/example_latest_only.py for tasks to queue
[2021-02-22 18:12:57,289] {logging_mixin.py:104} INFO - [2021-02-22 18:12:57,289] {dagbag.py:448} INFO - Filling up the DagBag from /home/airflow/.local/lib/python3.8/site-packages/airflow/example_dags/example_latest_only.py
[2021-02-22 18:12:57,303] {scheduler_job.py:643} INFO - DAG(s) dict_keys(['latest_only']) retrieved from /home/airflow/.local/lib/python3.8/site-packages/airflow/example_dags/example_latest_only.py
[2021-02-22 18:12:57,331] {logging_mixin.py:104} INFO - [2021-02-22 18:12:57,330] {dag.py:1818} INFO - Sync 1 DAGs
[2021-02-22 18:12:57,374] {logging_mixin.py:104} INFO - [2021-02-22 18:12:57,373] {dag.py:2273} INFO - Setting next_dagrun for latest_only to 2021-02-20 00:00:00+00:00
[2021-02-22 18:12:57,393] {scheduler_job.py:190} INFO - Processing /home/airflow/.local/lib/python3.8/site-packages/airflow/example_dags/example_latest_only.py took 0.111 seconds
[2021-02-22 18:13:34,924] {scheduler_job.py:182} INFO - Started process (PID=85) to work on /home/airflow/.local/lib/python3.8/site-packages/airflow/example_dags/example_latest_only.py
[2021-02-22 18:13:34,934] {scheduler_job.py:633} INFO - Processing file /home/airflow/.local/lib/python3.8/site-packages/airflow/example_dags/example_latest_only.py for tasks to queue
[2021-02-22 18:13:34,935] {logging_mixin.py:104} INFO - [2021-02-22 18:13:34,935] {dagbag.py:448} INFO - Filling up the DagBag from /home/airflow/.local/lib/python3.8/site-packages/airflow/example_dags/example_latest_only.py
[2021-02-22 18:13:34,967] {scheduler_job.py:643} INFO - DAG(s) dict_keys(['latest_only']) retrieved from /home/airflow/.local/lib/python3.8/site-packages/airflow/example_dags/example_latest_only.py
[2021-02-22 18:13:34,990] {logging_mixin.py:104} INFO - [2021-02-22 18:13:34,990] {dag.py:1818} INFO - Sync 1 DAGs
[2021-02-22 18:13:35,004] {logging_mixin.py:104} INFO - [2021-02-22 18:13:35,004] {dag.py:2273} INFO - Setting next_dagrun for latest_only to 2021-02-20 00:00:00+00:00
[2021-02-22 18:13:35,015] {scheduler_job.py:190} INFO - Processing /home/airflow/.local/lib/python3.8/site-packages/airflow/example_dags/example_latest_only.py took 0.094 seconds
[2021-02-22 18:14:07,890] {scheduler_job.py:182} INFO - Started process (PID=113) to work on /home/airflow/.local/lib/python3.8/site-packages/airflow/example_dags/example_latest_only.py
[2021-02-22 18:14:07,892] {scheduler_job.py:633} INFO - Processing file /home/airflow/.local/lib/python3.8/site-packages/airflow/example_dags/example_latest_only.py for tasks to queue
[2021-02-22 18:14:07,894] {logging_mixin.py:104} INFO - [2021-02-22 18:14:07,893] {dagbag.py:448} INFO - Filling up the DagBag from /home/airflow/.local/lib/python3.8/site-packages/airflow/example_dags/example_latest_only.py
[2021-02-22 18:14:07,928] {scheduler_job.py:643} INFO - DAG(s) dict_keys(['latest_only']) retrieved from /home/airflow/.local/lib/python3.8/site-packages/airflow/example_dags/example_latest_only.py
[2021-02-22 18:14:07,968] {logging_mixin.py:104} INFO - [2021-02-22 18:14:07,967] {dag.py:1818} INFO - Sync 1 DAGs
[2021-02-22 18:14:07,997] {logging_mixin.py:104} INFO - [2021-02-22 18:14:07,997] {dag.py:2273} INFO - Setting next_dagrun for latest_only to 2021-02-20 00:00:00+00:00
[2021-02-22 18:14:08,030] {scheduler_job.py:190} INFO - Processing /home/airflow/.local/lib/python3.8/site-packages/airflow/example_dags/example_latest_only.py took 0.146 seconds
[2021-02-22 18:17:43,880] {scheduler_job.py:182} INFO - Started process (PID=22) to work on /home/airflow/.local/lib/python3.8/site-packages/airflow/example_dags/example_latest_only.py
[2021-02-22 18:17:43,884] {scheduler_job.py:633} INFO - Processing file /home/airflow/.local/lib/python3.8/site-packages/airflow/example_dags/example_latest_only.py for tasks to queue
[2021-02-22 18:17:43,886] {logging_mixin.py:104} INFO - [2021-02-22 18:17:43,886] {dagbag.py:448} INFO - Filling up the DagBag from /home/airflow/.local/lib/python3.8/site-packages/airflow/example_dags/example_latest_only.py
[2021-02-22 18:17:43,944] {scheduler_job.py:643} INFO - DAG(s) dict_keys(['latest_only']) retrieved from /home/airflow/.local/lib/python3.8/site-packages/airflow/example_dags/example_latest_only.py
[2021-02-22 18:17:43,980] {logging_mixin.py:104} INFO - [2021-02-22 18:17:43,979] {dag.py:1818} INFO - Sync 1 DAGs
[2021-02-22 18:17:44,069] {logging_mixin.py:104} INFO - [2021-02-22 18:17:44,069] {dag.py:2273} INFO - Setting next_dagrun for latest_only to 2021-02-20 00:00:00+00:00
[2021-02-22 18:17:44,091] {scheduler_job.py:190} INFO - Processing /home/airflow/.local/lib/python3.8/site-packages/airflow/example_dags/example_latest_only.py took 0.217 seconds
