[2021-02-22 17:52:55,650] {scheduler_job.py:182} INFO - Started process (PID=49) to work on /home/airflow/.local/lib/python3.8/site-packages/airflow/example_dags/example_nested_branch_dag.py
[2021-02-22 17:52:55,652] {scheduler_job.py:633} INFO - Processing file /home/airflow/.local/lib/python3.8/site-packages/airflow/example_dags/example_nested_branch_dag.py for tasks to queue
[2021-02-22 17:52:55,654] {logging_mixin.py:104} INFO - [2021-02-22 17:52:55,654] {dagbag.py:448} INFO - Filling up the DagBag from /home/airflow/.local/lib/python3.8/site-packages/airflow/example_dags/example_nested_branch_dag.py
[2021-02-22 17:52:55,687] {scheduler_job.py:643} INFO - DAG(s) dict_keys(['example_nested_branch_dag']) retrieved from /home/airflow/.local/lib/python3.8/site-packages/airflow/example_dags/example_nested_branch_dag.py
[2021-02-22 17:52:55,724] {logging_mixin.py:104} INFO - [2021-02-22 17:52:55,724] {dag.py:1818} INFO - Sync 1 DAGs
[2021-02-22 17:52:55,742] {logging_mixin.py:104} INFO - [2021-02-22 17:52:55,742] {dag.py:1837} INFO - Creating ORM DAG for example_nested_branch_dag
[2021-02-22 17:52:55,770] {logging_mixin.py:104} INFO - [2021-02-22 17:52:55,770] {dag.py:2273} INFO - Setting next_dagrun for example_nested_branch_dag to 2021-02-20 00:00:00+00:00
[2021-02-22 17:52:55,788] {scheduler_job.py:190} INFO - Processing /home/airflow/.local/lib/python3.8/site-packages/airflow/example_dags/example_nested_branch_dag.py took 0.140 seconds
[2021-02-22 17:53:37,987] {scheduler_job.py:182} INFO - Started process (PID=77) to work on /home/airflow/.local/lib/python3.8/site-packages/airflow/example_dags/example_nested_branch_dag.py
[2021-02-22 17:53:37,989] {scheduler_job.py:633} INFO - Processing file /home/airflow/.local/lib/python3.8/site-packages/airflow/example_dags/example_nested_branch_dag.py for tasks to queue
[2021-02-22 17:53:37,991] {logging_mixin.py:104} INFO - [2021-02-22 17:53:37,991] {dagbag.py:448} INFO - Filling up the DagBag from /home/airflow/.local/lib/python3.8/site-packages/airflow/example_dags/example_nested_branch_dag.py
[2021-02-22 17:53:38,177] {scheduler_job.py:643} INFO - DAG(s) dict_keys(['example_nested_branch_dag']) retrieved from /home/airflow/.local/lib/python3.8/site-packages/airflow/example_dags/example_nested_branch_dag.py
[2021-02-22 17:53:38,205] {logging_mixin.py:104} INFO - [2021-02-22 17:53:38,205] {dag.py:1818} INFO - Sync 1 DAGs
[2021-02-22 17:53:38,226] {logging_mixin.py:104} INFO - [2021-02-22 17:53:38,226] {dag.py:2273} INFO - Setting next_dagrun for example_nested_branch_dag to 2021-02-20 00:00:00+00:00
[2021-02-22 17:53:38,482] {scheduler_job.py:190} INFO - Processing /home/airflow/.local/lib/python3.8/site-packages/airflow/example_dags/example_nested_branch_dag.py took 0.500 seconds
[2021-02-22 17:54:22,540] {scheduler_job.py:182} INFO - Started process (PID=48) to work on /home/airflow/.local/lib/python3.8/site-packages/airflow/example_dags/example_nested_branch_dag.py
[2021-02-22 17:54:22,543] {scheduler_job.py:633} INFO - Processing file /home/airflow/.local/lib/python3.8/site-packages/airflow/example_dags/example_nested_branch_dag.py for tasks to queue
[2021-02-22 17:54:22,544] {logging_mixin.py:104} INFO - [2021-02-22 17:54:22,544] {dagbag.py:448} INFO - Filling up the DagBag from /home/airflow/.local/lib/python3.8/site-packages/airflow/example_dags/example_nested_branch_dag.py
[2021-02-22 17:54:22,558] {scheduler_job.py:643} INFO - DAG(s) dict_keys(['example_nested_branch_dag']) retrieved from /home/airflow/.local/lib/python3.8/site-packages/airflow/example_dags/example_nested_branch_dag.py
[2021-02-22 17:54:22,582] {logging_mixin.py:104} INFO - [2021-02-22 17:54:22,582] {dag.py:1818} INFO - Sync 1 DAGs
[2021-02-22 17:54:22,607] {logging_mixin.py:104} INFO - [2021-02-22 17:54:22,607] {dag.py:2273} INFO - Setting next_dagrun for example_nested_branch_dag to 2021-02-20 00:00:00+00:00
[2021-02-22 17:54:22,626] {scheduler_job.py:190} INFO - Processing /home/airflow/.local/lib/python3.8/site-packages/airflow/example_dags/example_nested_branch_dag.py took 0.089 seconds
[2021-02-22 17:54:53,215] {scheduler_job.py:182} INFO - Started process (PID=76) to work on /home/airflow/.local/lib/python3.8/site-packages/airflow/example_dags/example_nested_branch_dag.py
[2021-02-22 17:54:53,218] {scheduler_job.py:633} INFO - Processing file /home/airflow/.local/lib/python3.8/site-packages/airflow/example_dags/example_nested_branch_dag.py for tasks to queue
[2021-02-22 17:54:53,219] {logging_mixin.py:104} INFO - [2021-02-22 17:54:53,219] {dagbag.py:448} INFO - Filling up the DagBag from /home/airflow/.local/lib/python3.8/site-packages/airflow/example_dags/example_nested_branch_dag.py
[2021-02-22 17:54:53,249] {scheduler_job.py:643} INFO - DAG(s) dict_keys(['example_nested_branch_dag']) retrieved from /home/airflow/.local/lib/python3.8/site-packages/airflow/example_dags/example_nested_branch_dag.py
[2021-02-22 17:54:53,279] {logging_mixin.py:104} INFO - [2021-02-22 17:54:53,279] {dag.py:1818} INFO - Sync 1 DAGs
[2021-02-22 17:54:53,316] {logging_mixin.py:104} INFO - [2021-02-22 17:54:53,316] {dag.py:2273} INFO - Setting next_dagrun for example_nested_branch_dag to 2021-02-20 00:00:00+00:00
[2021-02-22 17:54:53,332] {scheduler_job.py:190} INFO - Processing /home/airflow/.local/lib/python3.8/site-packages/airflow/example_dags/example_nested_branch_dag.py took 0.120 seconds
[2021-02-22 17:55:29,287] {scheduler_job.py:182} INFO - Started process (PID=104) to work on /home/airflow/.local/lib/python3.8/site-packages/airflow/example_dags/example_nested_branch_dag.py
[2021-02-22 17:55:29,288] {scheduler_job.py:633} INFO - Processing file /home/airflow/.local/lib/python3.8/site-packages/airflow/example_dags/example_nested_branch_dag.py for tasks to queue
[2021-02-22 17:55:29,289] {logging_mixin.py:104} INFO - [2021-02-22 17:55:29,289] {dagbag.py:448} INFO - Filling up the DagBag from /home/airflow/.local/lib/python3.8/site-packages/airflow/example_dags/example_nested_branch_dag.py
[2021-02-22 17:55:29,348] {scheduler_job.py:643} INFO - DAG(s) dict_keys(['example_nested_branch_dag']) retrieved from /home/airflow/.local/lib/python3.8/site-packages/airflow/example_dags/example_nested_branch_dag.py
[2021-02-22 17:55:29,385] {logging_mixin.py:104} INFO - [2021-02-22 17:55:29,385] {dag.py:1818} INFO - Sync 1 DAGs
[2021-02-22 17:55:29,436] {logging_mixin.py:104} INFO - [2021-02-22 17:55:29,436] {dag.py:2273} INFO - Setting next_dagrun for example_nested_branch_dag to 2021-02-20 00:00:00+00:00
[2021-02-22 17:55:29,469] {scheduler_job.py:190} INFO - Processing /home/airflow/.local/lib/python3.8/site-packages/airflow/example_dags/example_nested_branch_dag.py took 0.192 seconds
[2021-02-22 17:56:00,408] {scheduler_job.py:182} INFO - Started process (PID=131) to work on /home/airflow/.local/lib/python3.8/site-packages/airflow/example_dags/example_nested_branch_dag.py
[2021-02-22 17:56:00,411] {scheduler_job.py:633} INFO - Processing file /home/airflow/.local/lib/python3.8/site-packages/airflow/example_dags/example_nested_branch_dag.py for tasks to queue
[2021-02-22 17:56:00,412] {logging_mixin.py:104} INFO - [2021-02-22 17:56:00,412] {dagbag.py:448} INFO - Filling up the DagBag from /home/airflow/.local/lib/python3.8/site-packages/airflow/example_dags/example_nested_branch_dag.py
[2021-02-22 17:56:00,448] {scheduler_job.py:643} INFO - DAG(s) dict_keys(['example_nested_branch_dag']) retrieved from /home/airflow/.local/lib/python3.8/site-packages/airflow/example_dags/example_nested_branch_dag.py
[2021-02-22 17:56:00,472] {logging_mixin.py:104} INFO - [2021-02-22 17:56:00,472] {dag.py:1818} INFO - Sync 1 DAGs
[2021-02-22 17:56:00,498] {logging_mixin.py:104} INFO - [2021-02-22 17:56:00,498] {dag.py:2273} INFO - Setting next_dagrun for example_nested_branch_dag to 2021-02-20 00:00:00+00:00
[2021-02-22 17:56:00,533] {scheduler_job.py:190} INFO - Processing /home/airflow/.local/lib/python3.8/site-packages/airflow/example_dags/example_nested_branch_dag.py took 0.129 seconds
[2021-02-22 18:03:24,181] {scheduler_job.py:182} INFO - Started process (PID=42) to work on /home/airflow/.local/lib/python3.8/site-packages/airflow/example_dags/example_nested_branch_dag.py
[2021-02-22 18:03:24,183] {scheduler_job.py:633} INFO - Processing file /home/airflow/.local/lib/python3.8/site-packages/airflow/example_dags/example_nested_branch_dag.py for tasks to queue
[2021-02-22 18:03:24,185] {logging_mixin.py:104} INFO - [2021-02-22 18:03:24,184] {dagbag.py:448} INFO - Filling up the DagBag from /home/airflow/.local/lib/python3.8/site-packages/airflow/example_dags/example_nested_branch_dag.py
[2021-02-22 18:03:24,207] {scheduler_job.py:643} INFO - DAG(s) dict_keys(['example_nested_branch_dag']) retrieved from /home/airflow/.local/lib/python3.8/site-packages/airflow/example_dags/example_nested_branch_dag.py
[2021-02-22 18:03:24,323] {logging_mixin.py:104} INFO - [2021-02-22 18:03:24,323] {dag.py:1818} INFO - Sync 1 DAGs
[2021-02-22 18:03:24,401] {logging_mixin.py:104} INFO - [2021-02-22 18:03:24,401] {dag.py:2273} INFO - Setting next_dagrun for example_nested_branch_dag to 2021-02-20 00:00:00+00:00
[2021-02-22 18:03:24,466] {scheduler_job.py:190} INFO - Processing /home/airflow/.local/lib/python3.8/site-packages/airflow/example_dags/example_nested_branch_dag.py took 0.288 seconds
[2021-02-22 18:03:54,609] {scheduler_job.py:182} INFO - Started process (PID=70) to work on /home/airflow/.local/lib/python3.8/site-packages/airflow/example_dags/example_nested_branch_dag.py
[2021-02-22 18:03:54,611] {scheduler_job.py:633} INFO - Processing file /home/airflow/.local/lib/python3.8/site-packages/airflow/example_dags/example_nested_branch_dag.py for tasks to queue
[2021-02-22 18:03:54,614] {logging_mixin.py:104} INFO - [2021-02-22 18:03:54,613] {dagbag.py:448} INFO - Filling up the DagBag from /home/airflow/.local/lib/python3.8/site-packages/airflow/example_dags/example_nested_branch_dag.py
[2021-02-22 18:03:54,633] {scheduler_job.py:643} INFO - DAG(s) dict_keys(['example_nested_branch_dag']) retrieved from /home/airflow/.local/lib/python3.8/site-packages/airflow/example_dags/example_nested_branch_dag.py
[2021-02-22 18:03:54,665] {logging_mixin.py:104} INFO - [2021-02-22 18:03:54,665] {dag.py:1818} INFO - Sync 1 DAGs
[2021-02-22 18:03:54,687] {logging_mixin.py:104} INFO - [2021-02-22 18:03:54,687] {dag.py:2273} INFO - Setting next_dagrun for example_nested_branch_dag to 2021-02-20 00:00:00+00:00
[2021-02-22 18:03:54,730] {scheduler_job.py:190} INFO - Processing /home/airflow/.local/lib/python3.8/site-packages/airflow/example_dags/example_nested_branch_dag.py took 0.125 seconds
[2021-02-22 18:04:32,439] {scheduler_job.py:182} INFO - Started process (PID=98) to work on /home/airflow/.local/lib/python3.8/site-packages/airflow/example_dags/example_nested_branch_dag.py
[2021-02-22 18:04:32,440] {scheduler_job.py:633} INFO - Processing file /home/airflow/.local/lib/python3.8/site-packages/airflow/example_dags/example_nested_branch_dag.py for tasks to queue
[2021-02-22 18:04:32,442] {logging_mixin.py:104} INFO - [2021-02-22 18:04:32,442] {dagbag.py:448} INFO - Filling up the DagBag from /home/airflow/.local/lib/python3.8/site-packages/airflow/example_dags/example_nested_branch_dag.py
[2021-02-22 18:04:32,508] {scheduler_job.py:643} INFO - DAG(s) dict_keys(['example_nested_branch_dag']) retrieved from /home/airflow/.local/lib/python3.8/site-packages/airflow/example_dags/example_nested_branch_dag.py
[2021-02-22 18:04:32,536] {logging_mixin.py:104} INFO - [2021-02-22 18:04:32,536] {dag.py:1818} INFO - Sync 1 DAGs
[2021-02-22 18:04:32,560] {logging_mixin.py:104} INFO - [2021-02-22 18:04:32,560] {dag.py:2273} INFO - Setting next_dagrun for example_nested_branch_dag to 2021-02-20 00:00:00+00:00
[2021-02-22 18:04:32,592] {scheduler_job.py:190} INFO - Processing /home/airflow/.local/lib/python3.8/site-packages/airflow/example_dags/example_nested_branch_dag.py took 0.158 seconds
[2021-02-22 18:05:02,928] {scheduler_job.py:182} INFO - Started process (PID=123) to work on /home/airflow/.local/lib/python3.8/site-packages/airflow/example_dags/example_nested_branch_dag.py
[2021-02-22 18:05:02,931] {scheduler_job.py:633} INFO - Processing file /home/airflow/.local/lib/python3.8/site-packages/airflow/example_dags/example_nested_branch_dag.py for tasks to queue
[2021-02-22 18:05:02,934] {logging_mixin.py:104} INFO - [2021-02-22 18:05:02,934] {dagbag.py:448} INFO - Filling up the DagBag from /home/airflow/.local/lib/python3.8/site-packages/airflow/example_dags/example_nested_branch_dag.py
[2021-02-22 18:05:02,960] {scheduler_job.py:643} INFO - DAG(s) dict_keys(['example_nested_branch_dag']) retrieved from /home/airflow/.local/lib/python3.8/site-packages/airflow/example_dags/example_nested_branch_dag.py
[2021-02-22 18:05:02,998] {logging_mixin.py:104} INFO - [2021-02-22 18:05:02,998] {dag.py:1818} INFO - Sync 1 DAGs
[2021-02-22 18:05:03,035] {logging_mixin.py:104} INFO - [2021-02-22 18:05:03,035] {dag.py:2273} INFO - Setting next_dagrun for example_nested_branch_dag to 2021-02-20 00:00:00+00:00
[2021-02-22 18:05:03,058] {scheduler_job.py:190} INFO - Processing /home/airflow/.local/lib/python3.8/site-packages/airflow/example_dags/example_nested_branch_dag.py took 0.140 seconds
[2021-02-22 18:05:44,998] {scheduler_job.py:182} INFO - Started process (PID=24) to work on /home/airflow/.local/lib/python3.8/site-packages/airflow/example_dags/example_nested_branch_dag.py
[2021-02-22 18:05:45,007] {scheduler_job.py:633} INFO - Processing file /home/airflow/.local/lib/python3.8/site-packages/airflow/example_dags/example_nested_branch_dag.py for tasks to queue
[2021-02-22 18:05:45,011] {logging_mixin.py:104} INFO - [2021-02-22 18:05:45,011] {dagbag.py:448} INFO - Filling up the DagBag from /home/airflow/.local/lib/python3.8/site-packages/airflow/example_dags/example_nested_branch_dag.py
[2021-02-22 18:05:45,039] {scheduler_job.py:643} INFO - DAG(s) dict_keys(['example_nested_branch_dag']) retrieved from /home/airflow/.local/lib/python3.8/site-packages/airflow/example_dags/example_nested_branch_dag.py
[2021-02-22 18:05:45,091] {logging_mixin.py:104} INFO - [2021-02-22 18:05:45,091] {dag.py:1818} INFO - Sync 1 DAGs
[2021-02-22 18:05:45,130] {logging_mixin.py:104} INFO - [2021-02-22 18:05:45,130] {dag.py:2273} INFO - Setting next_dagrun for example_nested_branch_dag to 2021-02-20 00:00:00+00:00
[2021-02-22 18:05:45,165] {scheduler_job.py:190} INFO - Processing /home/airflow/.local/lib/python3.8/site-packages/airflow/example_dags/example_nested_branch_dag.py took 0.172 seconds
[2021-02-22 18:06:17,925] {scheduler_job.py:182} INFO - Started process (PID=50) to work on /home/airflow/.local/lib/python3.8/site-packages/airflow/example_dags/example_nested_branch_dag.py
[2021-02-22 18:06:17,997] {scheduler_job.py:633} INFO - Processing file /home/airflow/.local/lib/python3.8/site-packages/airflow/example_dags/example_nested_branch_dag.py for tasks to queue
[2021-02-22 18:06:18,206] {logging_mixin.py:104} INFO - [2021-02-22 18:06:18,149] {dagbag.py:448} INFO - Filling up the DagBag from /home/airflow/.local/lib/python3.8/site-packages/airflow/example_dags/example_nested_branch_dag.py
[2021-02-22 18:06:19,952] {scheduler_job.py:643} INFO - DAG(s) dict_keys(['example_nested_branch_dag']) retrieved from /home/airflow/.local/lib/python3.8/site-packages/airflow/example_dags/example_nested_branch_dag.py
[2021-02-22 18:06:20,910] {logging_mixin.py:104} INFO - [2021-02-22 18:06:20,910] {dag.py:1818} INFO - Sync 1 DAGs
[2021-02-22 18:06:21,501] {logging_mixin.py:104} INFO - [2021-02-22 18:06:21,501] {dag.py:2273} INFO - Setting next_dagrun for example_nested_branch_dag to 2021-02-20 00:00:00+00:00
[2021-02-22 18:06:21,613] {scheduler_job.py:190} INFO - Processing /home/airflow/.local/lib/python3.8/site-packages/airflow/example_dags/example_nested_branch_dag.py took 4.341 seconds
[2021-02-22 18:06:53,034] {scheduler_job.py:182} INFO - Started process (PID=78) to work on /home/airflow/.local/lib/python3.8/site-packages/airflow/example_dags/example_nested_branch_dag.py
[2021-02-22 18:06:53,197] {scheduler_job.py:633} INFO - Processing file /home/airflow/.local/lib/python3.8/site-packages/airflow/example_dags/example_nested_branch_dag.py for tasks to queue
[2021-02-22 18:06:53,361] {logging_mixin.py:104} INFO - [2021-02-22 18:06:53,327] {dagbag.py:448} INFO - Filling up the DagBag from /home/airflow/.local/lib/python3.8/site-packages/airflow/example_dags/example_nested_branch_dag.py
[2021-02-22 18:06:55,247] {scheduler_job.py:643} INFO - DAG(s) dict_keys(['example_nested_branch_dag']) retrieved from /home/airflow/.local/lib/python3.8/site-packages/airflow/example_dags/example_nested_branch_dag.py
[2021-02-22 18:06:59,691] {logging_mixin.py:104} INFO - [2021-02-22 18:06:59,691] {dag.py:1818} INFO - Sync 1 DAGs
[2021-02-22 18:06:59,805] {logging_mixin.py:104} INFO - [2021-02-22 18:06:59,805] {dag.py:2273} INFO - Setting next_dagrun for example_nested_branch_dag to 2021-02-20 00:00:00+00:00
[2021-02-22 18:06:59,878] {scheduler_job.py:190} INFO - Processing /home/airflow/.local/lib/python3.8/site-packages/airflow/example_dags/example_nested_branch_dag.py took 7.069 seconds
[2021-02-22 18:08:17,778] {scheduler_job.py:182} INFO - Started process (PID=29) to work on /home/airflow/.local/lib/python3.8/site-packages/airflow/example_dags/example_nested_branch_dag.py
[2021-02-22 18:08:17,780] {scheduler_job.py:633} INFO - Processing file /home/airflow/.local/lib/python3.8/site-packages/airflow/example_dags/example_nested_branch_dag.py for tasks to queue
[2021-02-22 18:08:17,781] {logging_mixin.py:104} INFO - [2021-02-22 18:08:17,781] {dagbag.py:448} INFO - Filling up the DagBag from /home/airflow/.local/lib/python3.8/site-packages/airflow/example_dags/example_nested_branch_dag.py
[2021-02-22 18:08:17,797] {scheduler_job.py:643} INFO - DAG(s) dict_keys(['example_nested_branch_dag']) retrieved from /home/airflow/.local/lib/python3.8/site-packages/airflow/example_dags/example_nested_branch_dag.py
[2021-02-22 18:08:17,857] {logging_mixin.py:104} INFO - [2021-02-22 18:08:17,857] {dag.py:1818} INFO - Sync 1 DAGs
[2021-02-22 18:08:17,890] {logging_mixin.py:104} INFO - [2021-02-22 18:08:17,890] {dag.py:2273} INFO - Setting next_dagrun for example_nested_branch_dag to 2021-02-20 00:00:00+00:00
[2021-02-22 18:08:17,916] {scheduler_job.py:190} INFO - Processing /home/airflow/.local/lib/python3.8/site-packages/airflow/example_dags/example_nested_branch_dag.py took 0.146 seconds
[2021-02-22 18:08:52,957] {scheduler_job.py:182} INFO - Started process (PID=57) to work on /home/airflow/.local/lib/python3.8/site-packages/airflow/example_dags/example_nested_branch_dag.py
[2021-02-22 18:08:53,018] {scheduler_job.py:633} INFO - Processing file /home/airflow/.local/lib/python3.8/site-packages/airflow/example_dags/example_nested_branch_dag.py for tasks to queue
[2021-02-22 18:08:53,020] {logging_mixin.py:104} INFO - [2021-02-22 18:08:53,020] {dagbag.py:448} INFO - Filling up the DagBag from /home/airflow/.local/lib/python3.8/site-packages/airflow/example_dags/example_nested_branch_dag.py
[2021-02-22 18:08:53,171] {scheduler_job.py:643} INFO - DAG(s) dict_keys(['example_nested_branch_dag']) retrieved from /home/airflow/.local/lib/python3.8/site-packages/airflow/example_dags/example_nested_branch_dag.py
[2021-02-22 18:08:53,323] {logging_mixin.py:104} INFO - [2021-02-22 18:08:53,322] {dag.py:1818} INFO - Sync 1 DAGs
[2021-02-22 18:08:53,402] {logging_mixin.py:104} INFO - [2021-02-22 18:08:53,402] {dag.py:2273} INFO - Setting next_dagrun for example_nested_branch_dag to 2021-02-20 00:00:00+00:00
[2021-02-22 18:08:53,506] {scheduler_job.py:190} INFO - Processing /home/airflow/.local/lib/python3.8/site-packages/airflow/example_dags/example_nested_branch_dag.py took 0.555 seconds
[2021-02-22 18:09:23,867] {scheduler_job.py:182} INFO - Started process (PID=85) to work on /home/airflow/.local/lib/python3.8/site-packages/airflow/example_dags/example_nested_branch_dag.py
[2021-02-22 18:09:23,871] {scheduler_job.py:633} INFO - Processing file /home/airflow/.local/lib/python3.8/site-packages/airflow/example_dags/example_nested_branch_dag.py for tasks to queue
[2021-02-22 18:09:23,874] {logging_mixin.py:104} INFO - [2021-02-22 18:09:23,874] {dagbag.py:448} INFO - Filling up the DagBag from /home/airflow/.local/lib/python3.8/site-packages/airflow/example_dags/example_nested_branch_dag.py
[2021-02-22 18:09:23,906] {scheduler_job.py:643} INFO - DAG(s) dict_keys(['example_nested_branch_dag']) retrieved from /home/airflow/.local/lib/python3.8/site-packages/airflow/example_dags/example_nested_branch_dag.py
[2021-02-22 18:09:23,954] {logging_mixin.py:104} INFO - [2021-02-22 18:09:23,954] {dag.py:1818} INFO - Sync 1 DAGs
[2021-02-22 18:09:23,990] {logging_mixin.py:104} INFO - [2021-02-22 18:09:23,990] {dag.py:2273} INFO - Setting next_dagrun for example_nested_branch_dag to 2021-02-20 00:00:00+00:00
[2021-02-22 18:09:24,010] {scheduler_job.py:190} INFO - Processing /home/airflow/.local/lib/python3.8/site-packages/airflow/example_dags/example_nested_branch_dag.py took 0.150 seconds
[2021-02-22 18:10:04,124] {scheduler_job.py:182} INFO - Started process (PID=113) to work on /home/airflow/.local/lib/python3.8/site-packages/airflow/example_dags/example_nested_branch_dag.py
[2021-02-22 18:10:04,133] {scheduler_job.py:633} INFO - Processing file /home/airflow/.local/lib/python3.8/site-packages/airflow/example_dags/example_nested_branch_dag.py for tasks to queue
[2021-02-22 18:10:04,136] {logging_mixin.py:104} INFO - [2021-02-22 18:10:04,136] {dagbag.py:448} INFO - Filling up the DagBag from /home/airflow/.local/lib/python3.8/site-packages/airflow/example_dags/example_nested_branch_dag.py
[2021-02-22 18:10:04,166] {scheduler_job.py:643} INFO - DAG(s) dict_keys(['example_nested_branch_dag']) retrieved from /home/airflow/.local/lib/python3.8/site-packages/airflow/example_dags/example_nested_branch_dag.py
[2021-02-22 18:10:04,218] {logging_mixin.py:104} INFO - [2021-02-22 18:10:04,218] {dag.py:1818} INFO - Sync 1 DAGs
[2021-02-22 18:10:04,248] {logging_mixin.py:104} INFO - [2021-02-22 18:10:04,248] {dag.py:2273} INFO - Setting next_dagrun for example_nested_branch_dag to 2021-02-20 00:00:00+00:00
[2021-02-22 18:10:04,272] {scheduler_job.py:190} INFO - Processing /home/airflow/.local/lib/python3.8/site-packages/airflow/example_dags/example_nested_branch_dag.py took 0.154 seconds
[2021-02-22 18:12:25,578] {scheduler_job.py:182} INFO - Started process (PID=21) to work on /home/airflow/.local/lib/python3.8/site-packages/airflow/example_dags/example_nested_branch_dag.py
[2021-02-22 18:12:25,581] {scheduler_job.py:633} INFO - Processing file /home/airflow/.local/lib/python3.8/site-packages/airflow/example_dags/example_nested_branch_dag.py for tasks to queue
[2021-02-22 18:12:25,583] {logging_mixin.py:104} INFO - [2021-02-22 18:12:25,583] {dagbag.py:448} INFO - Filling up the DagBag from /home/airflow/.local/lib/python3.8/site-packages/airflow/example_dags/example_nested_branch_dag.py
[2021-02-22 18:12:25,653] {scheduler_job.py:643} INFO - DAG(s) dict_keys(['example_nested_branch_dag']) retrieved from /home/airflow/.local/lib/python3.8/site-packages/airflow/example_dags/example_nested_branch_dag.py
[2021-02-22 18:12:25,717] {logging_mixin.py:104} INFO - [2021-02-22 18:12:25,717] {dag.py:1818} INFO - Sync 1 DAGs
[2021-02-22 18:12:25,826] {logging_mixin.py:104} INFO - [2021-02-22 18:12:25,826] {dag.py:2273} INFO - Setting next_dagrun for example_nested_branch_dag to 2021-02-20 00:00:00+00:00
[2021-02-22 18:12:25,849] {scheduler_job.py:190} INFO - Processing /home/airflow/.local/lib/python3.8/site-packages/airflow/example_dags/example_nested_branch_dag.py took 0.281 seconds
[2021-02-22 18:12:56,225] {scheduler_job.py:182} INFO - Started process (PID=49) to work on /home/airflow/.local/lib/python3.8/site-packages/airflow/example_dags/example_nested_branch_dag.py
[2021-02-22 18:12:56,229] {scheduler_job.py:633} INFO - Processing file /home/airflow/.local/lib/python3.8/site-packages/airflow/example_dags/example_nested_branch_dag.py for tasks to queue
[2021-02-22 18:12:56,232] {logging_mixin.py:104} INFO - [2021-02-22 18:12:56,232] {dagbag.py:448} INFO - Filling up the DagBag from /home/airflow/.local/lib/python3.8/site-packages/airflow/example_dags/example_nested_branch_dag.py
[2021-02-22 18:12:56,337] {scheduler_job.py:643} INFO - DAG(s) dict_keys(['example_nested_branch_dag']) retrieved from /home/airflow/.local/lib/python3.8/site-packages/airflow/example_dags/example_nested_branch_dag.py
[2021-02-22 18:12:56,423] {logging_mixin.py:104} INFO - [2021-02-22 18:12:56,423] {dag.py:1818} INFO - Sync 1 DAGs
[2021-02-22 18:12:56,497] {logging_mixin.py:104} INFO - [2021-02-22 18:12:56,497] {dag.py:2273} INFO - Setting next_dagrun for example_nested_branch_dag to 2021-02-20 00:00:00+00:00
[2021-02-22 18:12:56,534] {scheduler_job.py:190} INFO - Processing /home/airflow/.local/lib/python3.8/site-packages/airflow/example_dags/example_nested_branch_dag.py took 0.340 seconds
[2021-02-22 18:13:26,878] {scheduler_job.py:182} INFO - Started process (PID=77) to work on /home/airflow/.local/lib/python3.8/site-packages/airflow/example_dags/example_nested_branch_dag.py
[2021-02-22 18:13:26,901] {scheduler_job.py:633} INFO - Processing file /home/airflow/.local/lib/python3.8/site-packages/airflow/example_dags/example_nested_branch_dag.py for tasks to queue
[2021-02-22 18:13:26,992] {logging_mixin.py:104} INFO - [2021-02-22 18:13:26,989] {dagbag.py:448} INFO - Filling up the DagBag from /home/airflow/.local/lib/python3.8/site-packages/airflow/example_dags/example_nested_branch_dag.py
[2021-02-22 18:13:29,434] {scheduler_job.py:643} INFO - DAG(s) dict_keys(['example_nested_branch_dag']) retrieved from /home/airflow/.local/lib/python3.8/site-packages/airflow/example_dags/example_nested_branch_dag.py
[2021-02-22 18:13:32,237] {logging_mixin.py:104} INFO - [2021-02-22 18:13:32,237] {dag.py:1818} INFO - Sync 1 DAGs
[2021-02-22 18:13:32,877] {logging_mixin.py:104} INFO - [2021-02-22 18:13:32,877] {dag.py:2273} INFO - Setting next_dagrun for example_nested_branch_dag to 2021-02-20 00:00:00+00:00
[2021-02-22 18:13:33,033] {scheduler_job.py:190} INFO - Processing /home/airflow/.local/lib/python3.8/site-packages/airflow/example_dags/example_nested_branch_dag.py took 6.192 seconds
[2021-02-22 18:14:03,961] {scheduler_job.py:182} INFO - Started process (PID=105) to work on /home/airflow/.local/lib/python3.8/site-packages/airflow/example_dags/example_nested_branch_dag.py
[2021-02-22 18:14:04,022] {scheduler_job.py:633} INFO - Processing file /home/airflow/.local/lib/python3.8/site-packages/airflow/example_dags/example_nested_branch_dag.py for tasks to queue
[2021-02-22 18:14:04,091] {logging_mixin.py:104} INFO - [2021-02-22 18:14:04,040] {dagbag.py:448} INFO - Filling up the DagBag from /home/airflow/.local/lib/python3.8/site-packages/airflow/example_dags/example_nested_branch_dag.py
[2021-02-22 18:14:06,728] {scheduler_job.py:643} INFO - DAG(s) dict_keys(['example_nested_branch_dag']) retrieved from /home/airflow/.local/lib/python3.8/site-packages/airflow/example_dags/example_nested_branch_dag.py
[2021-02-22 18:14:07,120] {logging_mixin.py:104} INFO - [2021-02-22 18:14:07,120] {dag.py:1818} INFO - Sync 1 DAGs
[2021-02-22 18:14:07,159] {logging_mixin.py:104} INFO - [2021-02-22 18:14:07,159] {dag.py:2273} INFO - Setting next_dagrun for example_nested_branch_dag to 2021-02-20 00:00:00+00:00
[2021-02-22 18:14:07,190] {scheduler_job.py:190} INFO - Processing /home/airflow/.local/lib/python3.8/site-packages/airflow/example_dags/example_nested_branch_dag.py took 3.264 seconds
[2021-02-22 18:14:43,462] {scheduler_job.py:182} INFO - Started process (PID=133) to work on /home/airflow/.local/lib/python3.8/site-packages/airflow/example_dags/example_nested_branch_dag.py
[2021-02-22 18:14:43,507] {scheduler_job.py:633} INFO - Processing file /home/airflow/.local/lib/python3.8/site-packages/airflow/example_dags/example_nested_branch_dag.py for tasks to queue
[2021-02-22 18:14:43,511] {logging_mixin.py:104} INFO - [2021-02-22 18:14:43,511] {dagbag.py:448} INFO - Filling up the DagBag from /home/airflow/.local/lib/python3.8/site-packages/airflow/example_dags/example_nested_branch_dag.py
[2021-02-22 18:14:48,671] {scheduler_job.py:643} INFO - DAG(s) dict_keys(['example_nested_branch_dag']) retrieved from /home/airflow/.local/lib/python3.8/site-packages/airflow/example_dags/example_nested_branch_dag.py
[2021-02-22 18:14:53,415] {logging_mixin.py:104} INFO - [2021-02-22 18:14:53,414] {dag.py:1818} INFO - Sync 1 DAGs
[2021-02-22 18:14:53,467] {logging_mixin.py:104} INFO - [2021-02-22 18:14:53,467] {dag.py:2273} INFO - Setting next_dagrun for example_nested_branch_dag to 2021-02-20 00:00:00+00:00
[2021-02-22 18:14:53,511] {scheduler_job.py:190} INFO - Processing /home/airflow/.local/lib/python3.8/site-packages/airflow/example_dags/example_nested_branch_dag.py took 10.108 seconds
[2021-02-22 18:17:47,237] {scheduler_job.py:182} INFO - Started process (PID=49) to work on /home/airflow/.local/lib/python3.8/site-packages/airflow/example_dags/example_nested_branch_dag.py
[2021-02-22 18:17:47,240] {scheduler_job.py:633} INFO - Processing file /home/airflow/.local/lib/python3.8/site-packages/airflow/example_dags/example_nested_branch_dag.py for tasks to queue
[2021-02-22 18:17:47,242] {logging_mixin.py:104} INFO - [2021-02-22 18:17:47,241] {dagbag.py:448} INFO - Filling up the DagBag from /home/airflow/.local/lib/python3.8/site-packages/airflow/example_dags/example_nested_branch_dag.py
[2021-02-22 18:17:47,266] {scheduler_job.py:643} INFO - DAG(s) dict_keys(['example_nested_branch_dag']) retrieved from /home/airflow/.local/lib/python3.8/site-packages/airflow/example_dags/example_nested_branch_dag.py
[2021-02-22 18:17:47,298] {logging_mixin.py:104} INFO - [2021-02-22 18:17:47,298] {dag.py:1818} INFO - Sync 1 DAGs
[2021-02-22 18:17:47,326] {logging_mixin.py:104} INFO - [2021-02-22 18:17:47,326] {dag.py:2273} INFO - Setting next_dagrun for example_nested_branch_dag to 2021-02-20 00:00:00+00:00
[2021-02-22 18:17:47,342] {scheduler_job.py:190} INFO - Processing /home/airflow/.local/lib/python3.8/site-packages/airflow/example_dags/example_nested_branch_dag.py took 0.115 seconds
