[2021-02-22 17:52:52,793] {scheduler_job.py:182} INFO - Started process (PID=25) to work on /home/airflow/.local/lib/python3.8/site-packages/airflow/example_dags/example_task_group.py
[2021-02-22 17:52:52,801] {scheduler_job.py:633} INFO - Processing file /home/airflow/.local/lib/python3.8/site-packages/airflow/example_dags/example_task_group.py for tasks to queue
[2021-02-22 17:52:52,811] {logging_mixin.py:104} INFO - [2021-02-22 17:52:52,811] {dagbag.py:448} INFO - Filling up the DagBag from /home/airflow/.local/lib/python3.8/site-packages/airflow/example_dags/example_task_group.py
[2021-02-22 17:52:52,842] {scheduler_job.py:643} INFO - DAG(s) dict_keys(['example_task_group']) retrieved from /home/airflow/.local/lib/python3.8/site-packages/airflow/example_dags/example_task_group.py
[2021-02-22 17:52:52,915] {logging_mixin.py:104} INFO - [2021-02-22 17:52:52,915] {dag.py:1818} INFO - Sync 1 DAGs
[2021-02-22 17:52:52,939] {logging_mixin.py:104} INFO - [2021-02-22 17:52:52,939] {dag.py:1837} INFO - Creating ORM DAG for example_task_group
[2021-02-22 17:52:52,963] {logging_mixin.py:104} INFO - [2021-02-22 17:52:52,963] {dag.py:2273} INFO - Setting next_dagrun for example_task_group to 2021-02-20 00:00:00+00:00
[2021-02-22 17:52:53,033] {scheduler_job.py:190} INFO - Processing /home/airflow/.local/lib/python3.8/site-packages/airflow/example_dags/example_task_group.py took 0.246 seconds
[2021-02-22 17:53:30,158] {scheduler_job.py:182} INFO - Started process (PID=53) to work on /home/airflow/.local/lib/python3.8/site-packages/airflow/example_dags/example_task_group.py
[2021-02-22 17:53:30,160] {scheduler_job.py:633} INFO - Processing file /home/airflow/.local/lib/python3.8/site-packages/airflow/example_dags/example_task_group.py for tasks to queue
[2021-02-22 17:53:30,161] {logging_mixin.py:104} INFO - [2021-02-22 17:53:30,161] {dagbag.py:448} INFO - Filling up the DagBag from /home/airflow/.local/lib/python3.8/site-packages/airflow/example_dags/example_task_group.py
[2021-02-22 17:53:30,794] {scheduler_job.py:643} INFO - DAG(s) dict_keys(['example_task_group']) retrieved from /home/airflow/.local/lib/python3.8/site-packages/airflow/example_dags/example_task_group.py
[2021-02-22 17:53:30,817] {logging_mixin.py:104} INFO - [2021-02-22 17:53:30,817] {dag.py:1818} INFO - Sync 1 DAGs
[2021-02-22 17:53:30,830] {logging_mixin.py:104} INFO - [2021-02-22 17:53:30,830] {dag.py:2273} INFO - Setting next_dagrun for example_task_group to 2021-02-20 00:00:00+00:00
[2021-02-22 17:53:30,928] {scheduler_job.py:190} INFO - Processing /home/airflow/.local/lib/python3.8/site-packages/airflow/example_dags/example_task_group.py took 0.790 seconds
[2021-02-22 17:54:19,788] {scheduler_job.py:182} INFO - Started process (PID=24) to work on /home/airflow/.local/lib/python3.8/site-packages/airflow/example_dags/example_task_group.py
[2021-02-22 17:54:19,791] {scheduler_job.py:633} INFO - Processing file /home/airflow/.local/lib/python3.8/site-packages/airflow/example_dags/example_task_group.py for tasks to queue
[2021-02-22 17:54:19,793] {logging_mixin.py:104} INFO - [2021-02-22 17:54:19,793] {dagbag.py:448} INFO - Filling up the DagBag from /home/airflow/.local/lib/python3.8/site-packages/airflow/example_dags/example_task_group.py
[2021-02-22 17:54:19,811] {scheduler_job.py:643} INFO - DAG(s) dict_keys(['example_task_group']) retrieved from /home/airflow/.local/lib/python3.8/site-packages/airflow/example_dags/example_task_group.py
[2021-02-22 17:54:19,853] {logging_mixin.py:104} INFO - [2021-02-22 17:54:19,853] {dag.py:1818} INFO - Sync 1 DAGs
[2021-02-22 17:54:19,873] {logging_mixin.py:104} INFO - [2021-02-22 17:54:19,873] {dag.py:2273} INFO - Setting next_dagrun for example_task_group to 2021-02-20 00:00:00+00:00
[2021-02-22 17:54:19,889] {scheduler_job.py:190} INFO - Processing /home/airflow/.local/lib/python3.8/site-packages/airflow/example_dags/example_task_group.py took 0.105 seconds
[2021-02-22 17:54:50,895] {scheduler_job.py:182} INFO - Started process (PID=52) to work on /home/airflow/.local/lib/python3.8/site-packages/airflow/example_dags/example_task_group.py
[2021-02-22 17:54:50,898] {scheduler_job.py:633} INFO - Processing file /home/airflow/.local/lib/python3.8/site-packages/airflow/example_dags/example_task_group.py for tasks to queue
[2021-02-22 17:54:50,900] {logging_mixin.py:104} INFO - [2021-02-22 17:54:50,899] {dagbag.py:448} INFO - Filling up the DagBag from /home/airflow/.local/lib/python3.8/site-packages/airflow/example_dags/example_task_group.py
[2021-02-22 17:54:50,927] {scheduler_job.py:643} INFO - DAG(s) dict_keys(['example_task_group']) retrieved from /home/airflow/.local/lib/python3.8/site-packages/airflow/example_dags/example_task_group.py
[2021-02-22 17:54:50,964] {logging_mixin.py:104} INFO - [2021-02-22 17:54:50,964] {dag.py:1818} INFO - Sync 1 DAGs
[2021-02-22 17:54:50,991] {logging_mixin.py:104} INFO - [2021-02-22 17:54:50,990] {dag.py:2273} INFO - Setting next_dagrun for example_task_group to 2021-02-20 00:00:00+00:00
[2021-02-22 17:54:51,008] {scheduler_job.py:190} INFO - Processing /home/airflow/.local/lib/python3.8/site-packages/airflow/example_dags/example_task_group.py took 0.117 seconds
[2021-02-22 17:55:25,191] {scheduler_job.py:182} INFO - Started process (PID=81) to work on /home/airflow/.local/lib/python3.8/site-packages/airflow/example_dags/example_task_group.py
[2021-02-22 17:55:25,198] {scheduler_job.py:633} INFO - Processing file /home/airflow/.local/lib/python3.8/site-packages/airflow/example_dags/example_task_group.py for tasks to queue
[2021-02-22 17:55:25,201] {logging_mixin.py:104} INFO - [2021-02-22 17:55:25,201] {dagbag.py:448} INFO - Filling up the DagBag from /home/airflow/.local/lib/python3.8/site-packages/airflow/example_dags/example_task_group.py
[2021-02-22 17:55:25,850] {scheduler_job.py:643} INFO - DAG(s) dict_keys(['example_task_group']) retrieved from /home/airflow/.local/lib/python3.8/site-packages/airflow/example_dags/example_task_group.py
[2021-02-22 17:55:25,872] {logging_mixin.py:104} INFO - [2021-02-22 17:55:25,872] {dag.py:1818} INFO - Sync 1 DAGs
[2021-02-22 17:55:25,886] {logging_mixin.py:104} INFO - [2021-02-22 17:55:25,886] {dag.py:2273} INFO - Setting next_dagrun for example_task_group to 2021-02-20 00:00:00+00:00
[2021-02-22 17:55:26,038] {scheduler_job.py:190} INFO - Processing /home/airflow/.local/lib/python3.8/site-packages/airflow/example_dags/example_task_group.py took 0.852 seconds
[2021-02-22 17:55:58,623] {scheduler_job.py:182} INFO - Started process (PID=110) to work on /home/airflow/.local/lib/python3.8/site-packages/airflow/example_dags/example_task_group.py
[2021-02-22 17:55:58,625] {scheduler_job.py:633} INFO - Processing file /home/airflow/.local/lib/python3.8/site-packages/airflow/example_dags/example_task_group.py for tasks to queue
[2021-02-22 17:55:58,630] {logging_mixin.py:104} INFO - [2021-02-22 17:55:58,629] {dagbag.py:448} INFO - Filling up the DagBag from /home/airflow/.local/lib/python3.8/site-packages/airflow/example_dags/example_task_group.py
[2021-02-22 17:55:58,662] {scheduler_job.py:643} INFO - DAG(s) dict_keys(['example_task_group']) retrieved from /home/airflow/.local/lib/python3.8/site-packages/airflow/example_dags/example_task_group.py
[2021-02-22 17:55:58,756] {logging_mixin.py:104} INFO - [2021-02-22 17:55:58,756] {dag.py:1818} INFO - Sync 1 DAGs
[2021-02-22 17:55:58,784] {logging_mixin.py:104} INFO - [2021-02-22 17:55:58,783] {dag.py:2273} INFO - Setting next_dagrun for example_task_group to 2021-02-20 00:00:00+00:00
[2021-02-22 17:55:58,809] {scheduler_job.py:190} INFO - Processing /home/airflow/.local/lib/python3.8/site-packages/airflow/example_dags/example_task_group.py took 0.190 seconds
[2021-02-22 18:03:21,596] {scheduler_job.py:182} INFO - Started process (PID=23) to work on /home/airflow/.local/lib/python3.8/site-packages/airflow/example_dags/example_task_group.py
[2021-02-22 18:03:21,599] {scheduler_job.py:633} INFO - Processing file /home/airflow/.local/lib/python3.8/site-packages/airflow/example_dags/example_task_group.py for tasks to queue
[2021-02-22 18:03:21,611] {logging_mixin.py:104} INFO - [2021-02-22 18:03:21,604] {dagbag.py:448} INFO - Filling up the DagBag from /home/airflow/.local/lib/python3.8/site-packages/airflow/example_dags/example_task_group.py
[2021-02-22 18:03:21,659] {scheduler_job.py:643} INFO - DAG(s) dict_keys(['example_task_group']) retrieved from /home/airflow/.local/lib/python3.8/site-packages/airflow/example_dags/example_task_group.py
[2021-02-22 18:03:21,745] {logging_mixin.py:104} INFO - [2021-02-22 18:03:21,745] {dag.py:1818} INFO - Sync 1 DAGs
[2021-02-22 18:03:21,797] {logging_mixin.py:104} INFO - [2021-02-22 18:03:21,797] {dag.py:2273} INFO - Setting next_dagrun for example_task_group to 2021-02-20 00:00:00+00:00
[2021-02-22 18:03:21,841] {scheduler_job.py:190} INFO - Processing /home/airflow/.local/lib/python3.8/site-packages/airflow/example_dags/example_task_group.py took 0.248 seconds
[2021-02-22 18:03:53,311] {scheduler_job.py:182} INFO - Started process (PID=54) to work on /home/airflow/.local/lib/python3.8/site-packages/airflow/example_dags/example_task_group.py
[2021-02-22 18:03:53,313] {scheduler_job.py:633} INFO - Processing file /home/airflow/.local/lib/python3.8/site-packages/airflow/example_dags/example_task_group.py for tasks to queue
[2021-02-22 18:03:53,315] {logging_mixin.py:104} INFO - [2021-02-22 18:03:53,315] {dagbag.py:448} INFO - Filling up the DagBag from /home/airflow/.local/lib/python3.8/site-packages/airflow/example_dags/example_task_group.py
[2021-02-22 18:03:53,355] {scheduler_job.py:643} INFO - DAG(s) dict_keys(['example_task_group']) retrieved from /home/airflow/.local/lib/python3.8/site-packages/airflow/example_dags/example_task_group.py
[2021-02-22 18:03:53,405] {logging_mixin.py:104} INFO - [2021-02-22 18:03:53,405] {dag.py:1818} INFO - Sync 1 DAGs
[2021-02-22 18:03:53,433] {logging_mixin.py:104} INFO - [2021-02-22 18:03:53,433] {dag.py:2273} INFO - Setting next_dagrun for example_task_group to 2021-02-20 00:00:00+00:00
[2021-02-22 18:03:53,453] {scheduler_job.py:190} INFO - Processing /home/airflow/.local/lib/python3.8/site-packages/airflow/example_dags/example_task_group.py took 0.147 seconds
[2021-02-22 18:04:30,561] {scheduler_job.py:182} INFO - Started process (PID=81) to work on /home/airflow/.local/lib/python3.8/site-packages/airflow/example_dags/example_task_group.py
[2021-02-22 18:04:30,576] {scheduler_job.py:633} INFO - Processing file /home/airflow/.local/lib/python3.8/site-packages/airflow/example_dags/example_task_group.py for tasks to queue
[2021-02-22 18:04:30,589] {logging_mixin.py:104} INFO - [2021-02-22 18:04:30,588] {dagbag.py:448} INFO - Filling up the DagBag from /home/airflow/.local/lib/python3.8/site-packages/airflow/example_dags/example_task_group.py
[2021-02-22 18:04:30,830] {scheduler_job.py:643} INFO - DAG(s) dict_keys(['example_task_group']) retrieved from /home/airflow/.local/lib/python3.8/site-packages/airflow/example_dags/example_task_group.py
[2021-02-22 18:04:30,963] {logging_mixin.py:104} INFO - [2021-02-22 18:04:30,963] {dag.py:1818} INFO - Sync 1 DAGs
[2021-02-22 18:04:31,008] {logging_mixin.py:104} INFO - [2021-02-22 18:04:31,008] {dag.py:2273} INFO - Setting next_dagrun for example_task_group to 2021-02-20 00:00:00+00:00
[2021-02-22 18:04:31,034] {scheduler_job.py:190} INFO - Processing /home/airflow/.local/lib/python3.8/site-packages/airflow/example_dags/example_task_group.py took 0.522 seconds
[2021-02-22 18:05:01,887] {scheduler_job.py:182} INFO - Started process (PID=112) to work on /home/airflow/.local/lib/python3.8/site-packages/airflow/example_dags/example_task_group.py
[2021-02-22 18:05:01,890] {scheduler_job.py:633} INFO - Processing file /home/airflow/.local/lib/python3.8/site-packages/airflow/example_dags/example_task_group.py for tasks to queue
[2021-02-22 18:05:01,894] {logging_mixin.py:104} INFO - [2021-02-22 18:05:01,894] {dagbag.py:448} INFO - Filling up the DagBag from /home/airflow/.local/lib/python3.8/site-packages/airflow/example_dags/example_task_group.py
[2021-02-22 18:05:01,917] {scheduler_job.py:643} INFO - DAG(s) dict_keys(['example_task_group']) retrieved from /home/airflow/.local/lib/python3.8/site-packages/airflow/example_dags/example_task_group.py
[2021-02-22 18:05:01,994] {logging_mixin.py:104} INFO - [2021-02-22 18:05:01,994] {dag.py:1818} INFO - Sync 1 DAGs
[2021-02-22 18:05:02,039] {logging_mixin.py:104} INFO - [2021-02-22 18:05:02,039] {dag.py:2273} INFO - Setting next_dagrun for example_task_group to 2021-02-20 00:00:00+00:00
[2021-02-22 18:05:02,060] {scheduler_job.py:190} INFO - Processing /home/airflow/.local/lib/python3.8/site-packages/airflow/example_dags/example_task_group.py took 0.178 seconds
[2021-02-22 18:05:45,538] {scheduler_job.py:182} INFO - Started process (PID=29) to work on /home/airflow/.local/lib/python3.8/site-packages/airflow/example_dags/example_task_group.py
[2021-02-22 18:05:45,541] {scheduler_job.py:633} INFO - Processing file /home/airflow/.local/lib/python3.8/site-packages/airflow/example_dags/example_task_group.py for tasks to queue
[2021-02-22 18:05:45,544] {logging_mixin.py:104} INFO - [2021-02-22 18:05:45,543] {dagbag.py:448} INFO - Filling up the DagBag from /home/airflow/.local/lib/python3.8/site-packages/airflow/example_dags/example_task_group.py
[2021-02-22 18:05:45,577] {scheduler_job.py:643} INFO - DAG(s) dict_keys(['example_task_group']) retrieved from /home/airflow/.local/lib/python3.8/site-packages/airflow/example_dags/example_task_group.py
[2021-02-22 18:05:45,608] {logging_mixin.py:104} INFO - [2021-02-22 18:05:45,608] {dag.py:1818} INFO - Sync 1 DAGs
[2021-02-22 18:05:45,628] {logging_mixin.py:104} INFO - [2021-02-22 18:05:45,628] {dag.py:2273} INFO - Setting next_dagrun for example_task_group to 2021-02-20 00:00:00+00:00
[2021-02-22 18:05:45,648] {scheduler_job.py:190} INFO - Processing /home/airflow/.local/lib/python3.8/site-packages/airflow/example_dags/example_task_group.py took 0.115 seconds
[2021-02-22 18:06:23,402] {scheduler_job.py:182} INFO - Started process (PID=56) to work on /home/airflow/.local/lib/python3.8/site-packages/airflow/example_dags/example_task_group.py
[2021-02-22 18:06:23,409] {scheduler_job.py:633} INFO - Processing file /home/airflow/.local/lib/python3.8/site-packages/airflow/example_dags/example_task_group.py for tasks to queue
[2021-02-22 18:06:23,410] {logging_mixin.py:104} INFO - [2021-02-22 18:06:23,410] {dagbag.py:448} INFO - Filling up the DagBag from /home/airflow/.local/lib/python3.8/site-packages/airflow/example_dags/example_task_group.py
[2021-02-22 18:06:23,557] {scheduler_job.py:643} INFO - DAG(s) dict_keys(['example_task_group']) retrieved from /home/airflow/.local/lib/python3.8/site-packages/airflow/example_dags/example_task_group.py
[2021-02-22 18:06:23,591] {logging_mixin.py:104} INFO - [2021-02-22 18:06:23,590] {dag.py:1818} INFO - Sync 1 DAGs
[2021-02-22 18:06:23,612] {logging_mixin.py:104} INFO - [2021-02-22 18:06:23,612] {dag.py:2273} INFO - Setting next_dagrun for example_task_group to 2021-02-20 00:00:00+00:00
[2021-02-22 18:06:23,645] {scheduler_job.py:190} INFO - Processing /home/airflow/.local/lib/python3.8/site-packages/airflow/example_dags/example_task_group.py took 0.247 seconds
[2021-02-22 18:07:01,344] {scheduler_job.py:182} INFO - Started process (PID=84) to work on /home/airflow/.local/lib/python3.8/site-packages/airflow/example_dags/example_task_group.py
[2021-02-22 18:07:01,345] {scheduler_job.py:633} INFO - Processing file /home/airflow/.local/lib/python3.8/site-packages/airflow/example_dags/example_task_group.py for tasks to queue
[2021-02-22 18:07:01,347] {logging_mixin.py:104} INFO - [2021-02-22 18:07:01,347] {dagbag.py:448} INFO - Filling up the DagBag from /home/airflow/.local/lib/python3.8/site-packages/airflow/example_dags/example_task_group.py
[2021-02-22 18:07:01,519] {scheduler_job.py:643} INFO - DAG(s) dict_keys(['example_task_group']) retrieved from /home/airflow/.local/lib/python3.8/site-packages/airflow/example_dags/example_task_group.py
[2021-02-22 18:07:01,580] {logging_mixin.py:104} INFO - [2021-02-22 18:07:01,580] {dag.py:1818} INFO - Sync 1 DAGs
[2021-02-22 18:07:01,629] {logging_mixin.py:104} INFO - [2021-02-22 18:07:01,629] {dag.py:2273} INFO - Setting next_dagrun for example_task_group to 2021-02-20 00:00:00+00:00
[2021-02-22 18:07:01,657] {scheduler_job.py:190} INFO - Processing /home/airflow/.local/lib/python3.8/site-packages/airflow/example_dags/example_task_group.py took 0.316 seconds
[2021-02-22 18:08:17,364] {scheduler_job.py:182} INFO - Started process (PID=23) to work on /home/airflow/.local/lib/python3.8/site-packages/airflow/example_dags/example_task_group.py
[2021-02-22 18:08:17,367] {scheduler_job.py:633} INFO - Processing file /home/airflow/.local/lib/python3.8/site-packages/airflow/example_dags/example_task_group.py for tasks to queue
[2021-02-22 18:08:17,379] {logging_mixin.py:104} INFO - [2021-02-22 18:08:17,379] {dagbag.py:448} INFO - Filling up the DagBag from /home/airflow/.local/lib/python3.8/site-packages/airflow/example_dags/example_task_group.py
[2021-02-22 18:08:17,393] {scheduler_job.py:643} INFO - DAG(s) dict_keys(['example_task_group']) retrieved from /home/airflow/.local/lib/python3.8/site-packages/airflow/example_dags/example_task_group.py
[2021-02-22 18:08:17,426] {logging_mixin.py:104} INFO - [2021-02-22 18:08:17,425] {dag.py:1818} INFO - Sync 1 DAGs
[2021-02-22 18:08:17,448] {logging_mixin.py:104} INFO - [2021-02-22 18:08:17,448] {dag.py:2273} INFO - Setting next_dagrun for example_task_group to 2021-02-20 00:00:00+00:00
[2021-02-22 18:08:17,468] {scheduler_job.py:190} INFO - Processing /home/airflow/.local/lib/python3.8/site-packages/airflow/example_dags/example_task_group.py took 0.109 seconds
[2021-02-22 18:08:51,810] {scheduler_job.py:182} INFO - Started process (PID=51) to work on /home/airflow/.local/lib/python3.8/site-packages/airflow/example_dags/example_task_group.py
[2021-02-22 18:08:51,840] {scheduler_job.py:633} INFO - Processing file /home/airflow/.local/lib/python3.8/site-packages/airflow/example_dags/example_task_group.py for tasks to queue
[2021-02-22 18:08:51,841] {logging_mixin.py:104} INFO - [2021-02-22 18:08:51,841] {dagbag.py:448} INFO - Filling up the DagBag from /home/airflow/.local/lib/python3.8/site-packages/airflow/example_dags/example_task_group.py
[2021-02-22 18:08:52,368] {scheduler_job.py:643} INFO - DAG(s) dict_keys(['example_task_group']) retrieved from /home/airflow/.local/lib/python3.8/site-packages/airflow/example_dags/example_task_group.py
[2021-02-22 18:08:52,406] {logging_mixin.py:104} INFO - [2021-02-22 18:08:52,406] {dag.py:1818} INFO - Sync 1 DAGs
[2021-02-22 18:08:52,428] {logging_mixin.py:104} INFO - [2021-02-22 18:08:52,428] {dag.py:2273} INFO - Setting next_dagrun for example_task_group to 2021-02-20 00:00:00+00:00
[2021-02-22 18:08:52,460] {scheduler_job.py:190} INFO - Processing /home/airflow/.local/lib/python3.8/site-packages/airflow/example_dags/example_task_group.py took 0.674 seconds
[2021-02-22 18:09:23,471] {scheduler_job.py:182} INFO - Started process (PID=81) to work on /home/airflow/.local/lib/python3.8/site-packages/airflow/example_dags/example_task_group.py
[2021-02-22 18:09:23,477] {scheduler_job.py:633} INFO - Processing file /home/airflow/.local/lib/python3.8/site-packages/airflow/example_dags/example_task_group.py for tasks to queue
[2021-02-22 18:09:23,482] {logging_mixin.py:104} INFO - [2021-02-22 18:09:23,482] {dagbag.py:448} INFO - Filling up the DagBag from /home/airflow/.local/lib/python3.8/site-packages/airflow/example_dags/example_task_group.py
[2021-02-22 18:09:23,515] {scheduler_job.py:643} INFO - DAG(s) dict_keys(['example_task_group']) retrieved from /home/airflow/.local/lib/python3.8/site-packages/airflow/example_dags/example_task_group.py
[2021-02-22 18:09:23,547] {logging_mixin.py:104} INFO - [2021-02-22 18:09:23,547] {dag.py:1818} INFO - Sync 1 DAGs
[2021-02-22 18:09:23,575] {logging_mixin.py:104} INFO - [2021-02-22 18:09:23,575] {dag.py:2273} INFO - Setting next_dagrun for example_task_group to 2021-02-20 00:00:00+00:00
[2021-02-22 18:09:23,599] {scheduler_job.py:190} INFO - Processing /home/airflow/.local/lib/python3.8/site-packages/airflow/example_dags/example_task_group.py took 0.132 seconds
[2021-02-22 18:10:03,165] {scheduler_job.py:182} INFO - Started process (PID=107) to work on /home/airflow/.local/lib/python3.8/site-packages/airflow/example_dags/example_task_group.py
[2021-02-22 18:10:03,195] {scheduler_job.py:633} INFO - Processing file /home/airflow/.local/lib/python3.8/site-packages/airflow/example_dags/example_task_group.py for tasks to queue
[2021-02-22 18:10:03,197] {logging_mixin.py:104} INFO - [2021-02-22 18:10:03,197] {dagbag.py:448} INFO - Filling up the DagBag from /home/airflow/.local/lib/python3.8/site-packages/airflow/example_dags/example_task_group.py
[2021-02-22 18:10:03,292] {scheduler_job.py:643} INFO - DAG(s) dict_keys(['example_task_group']) retrieved from /home/airflow/.local/lib/python3.8/site-packages/airflow/example_dags/example_task_group.py
[2021-02-22 18:10:03,341] {logging_mixin.py:104} INFO - [2021-02-22 18:10:03,341] {dag.py:1818} INFO - Sync 1 DAGs
[2021-02-22 18:10:03,402] {logging_mixin.py:104} INFO - [2021-02-22 18:10:03,402] {dag.py:2273} INFO - Setting next_dagrun for example_task_group to 2021-02-20 00:00:00+00:00
[2021-02-22 18:10:03,435] {scheduler_job.py:190} INFO - Processing /home/airflow/.local/lib/python3.8/site-packages/airflow/example_dags/example_task_group.py took 0.276 seconds
[2021-02-22 18:12:26,856] {scheduler_job.py:182} INFO - Started process (PID=27) to work on /home/airflow/.local/lib/python3.8/site-packages/airflow/example_dags/example_task_group.py
[2021-02-22 18:12:26,859] {scheduler_job.py:633} INFO - Processing file /home/airflow/.local/lib/python3.8/site-packages/airflow/example_dags/example_task_group.py for tasks to queue
[2021-02-22 18:12:26,861] {logging_mixin.py:104} INFO - [2021-02-22 18:12:26,861] {dagbag.py:448} INFO - Filling up the DagBag from /home/airflow/.local/lib/python3.8/site-packages/airflow/example_dags/example_task_group.py
[2021-02-22 18:12:26,884] {scheduler_job.py:643} INFO - DAG(s) dict_keys(['example_task_group']) retrieved from /home/airflow/.local/lib/python3.8/site-packages/airflow/example_dags/example_task_group.py
[2021-02-22 18:12:26,937] {logging_mixin.py:104} INFO - [2021-02-22 18:12:26,937] {dag.py:1818} INFO - Sync 1 DAGs
[2021-02-22 18:12:26,988] {logging_mixin.py:104} INFO - [2021-02-22 18:12:26,988] {dag.py:2273} INFO - Setting next_dagrun for example_task_group to 2021-02-20 00:00:00+00:00
[2021-02-22 18:12:27,036] {scheduler_job.py:190} INFO - Processing /home/airflow/.local/lib/python3.8/site-packages/airflow/example_dags/example_task_group.py took 0.184 seconds
[2021-02-22 18:12:57,166] {scheduler_job.py:182} INFO - Started process (PID=55) to work on /home/airflow/.local/lib/python3.8/site-packages/airflow/example_dags/example_task_group.py
[2021-02-22 18:12:57,168] {scheduler_job.py:633} INFO - Processing file /home/airflow/.local/lib/python3.8/site-packages/airflow/example_dags/example_task_group.py for tasks to queue
[2021-02-22 18:12:57,172] {logging_mixin.py:104} INFO - [2021-02-22 18:12:57,171] {dagbag.py:448} INFO - Filling up the DagBag from /home/airflow/.local/lib/python3.8/site-packages/airflow/example_dags/example_task_group.py
[2021-02-22 18:12:57,194] {scheduler_job.py:643} INFO - DAG(s) dict_keys(['example_task_group']) retrieved from /home/airflow/.local/lib/python3.8/site-packages/airflow/example_dags/example_task_group.py
[2021-02-22 18:12:57,227] {logging_mixin.py:104} INFO - [2021-02-22 18:12:57,227] {dag.py:1818} INFO - Sync 1 DAGs
[2021-02-22 18:12:57,246] {logging_mixin.py:104} INFO - [2021-02-22 18:12:57,246] {dag.py:2273} INFO - Setting next_dagrun for example_task_group to 2021-02-20 00:00:00+00:00
[2021-02-22 18:12:57,261] {scheduler_job.py:190} INFO - Processing /home/airflow/.local/lib/python3.8/site-packages/airflow/example_dags/example_task_group.py took 0.100 seconds
[2021-02-22 18:13:34,743] {scheduler_job.py:182} INFO - Started process (PID=83) to work on /home/airflow/.local/lib/python3.8/site-packages/airflow/example_dags/example_task_group.py
[2021-02-22 18:13:34,745] {scheduler_job.py:633} INFO - Processing file /home/airflow/.local/lib/python3.8/site-packages/airflow/example_dags/example_task_group.py for tasks to queue
[2021-02-22 18:13:34,747] {logging_mixin.py:104} INFO - [2021-02-22 18:13:34,746] {dagbag.py:448} INFO - Filling up the DagBag from /home/airflow/.local/lib/python3.8/site-packages/airflow/example_dags/example_task_group.py
[2021-02-22 18:13:34,798] {scheduler_job.py:643} INFO - DAG(s) dict_keys(['example_task_group']) retrieved from /home/airflow/.local/lib/python3.8/site-packages/airflow/example_dags/example_task_group.py
[2021-02-22 18:13:34,822] {logging_mixin.py:104} INFO - [2021-02-22 18:13:34,822] {dag.py:1818} INFO - Sync 1 DAGs
[2021-02-22 18:13:34,834] {logging_mixin.py:104} INFO - [2021-02-22 18:13:34,834] {dag.py:2273} INFO - Setting next_dagrun for example_task_group to 2021-02-20 00:00:00+00:00
[2021-02-22 18:13:34,880] {scheduler_job.py:190} INFO - Processing /home/airflow/.local/lib/python3.8/site-packages/airflow/example_dags/example_task_group.py took 0.140 seconds
[2021-02-22 18:14:07,694] {scheduler_job.py:182} INFO - Started process (PID=111) to work on /home/airflow/.local/lib/python3.8/site-packages/airflow/example_dags/example_task_group.py
[2021-02-22 18:14:07,698] {scheduler_job.py:633} INFO - Processing file /home/airflow/.local/lib/python3.8/site-packages/airflow/example_dags/example_task_group.py for tasks to queue
[2021-02-22 18:14:07,701] {logging_mixin.py:104} INFO - [2021-02-22 18:14:07,700] {dagbag.py:448} INFO - Filling up the DagBag from /home/airflow/.local/lib/python3.8/site-packages/airflow/example_dags/example_task_group.py
[2021-02-22 18:14:07,719] {scheduler_job.py:643} INFO - DAG(s) dict_keys(['example_task_group']) retrieved from /home/airflow/.local/lib/python3.8/site-packages/airflow/example_dags/example_task_group.py
[2021-02-22 18:14:07,779] {logging_mixin.py:104} INFO - [2021-02-22 18:14:07,779] {dag.py:1818} INFO - Sync 1 DAGs
[2021-02-22 18:14:07,817] {logging_mixin.py:104} INFO - [2021-02-22 18:14:07,817] {dag.py:2273} INFO - Setting next_dagrun for example_task_group to 2021-02-20 00:00:00+00:00
[2021-02-22 18:14:07,846] {scheduler_job.py:190} INFO - Processing /home/airflow/.local/lib/python3.8/site-packages/airflow/example_dags/example_task_group.py took 0.157 seconds
[2021-02-22 18:17:44,850] {scheduler_job.py:182} INFO - Started process (PID=30) to work on /home/airflow/.local/lib/python3.8/site-packages/airflow/example_dags/example_task_group.py
[2021-02-22 18:17:44,852] {scheduler_job.py:633} INFO - Processing file /home/airflow/.local/lib/python3.8/site-packages/airflow/example_dags/example_task_group.py for tasks to queue
[2021-02-22 18:17:44,854] {logging_mixin.py:104} INFO - [2021-02-22 18:17:44,854] {dagbag.py:448} INFO - Filling up the DagBag from /home/airflow/.local/lib/python3.8/site-packages/airflow/example_dags/example_task_group.py
[2021-02-22 18:17:44,889] {scheduler_job.py:643} INFO - DAG(s) dict_keys(['example_task_group']) retrieved from /home/airflow/.local/lib/python3.8/site-packages/airflow/example_dags/example_task_group.py
[2021-02-22 18:17:44,987] {logging_mixin.py:104} INFO - [2021-02-22 18:17:44,987] {dag.py:1818} INFO - Sync 1 DAGs
[2021-02-22 18:17:45,051] {logging_mixin.py:104} INFO - [2021-02-22 18:17:45,051] {dag.py:2273} INFO - Setting next_dagrun for example_task_group to 2021-02-20 00:00:00+00:00
[2021-02-22 18:17:45,089] {scheduler_job.py:190} INFO - Processing /home/airflow/.local/lib/python3.8/site-packages/airflow/example_dags/example_task_group.py took 0.242 seconds
