[2021-02-22 17:52:54,831] {scheduler_job.py:182} INFO - Started process (PID=43) to work on /home/airflow/.local/lib/python3.8/site-packages/airflow/example_dags/example_branch_day_of_week_operator.py
[2021-02-22 17:52:54,833] {scheduler_job.py:633} INFO - Processing file /home/airflow/.local/lib/python3.8/site-packages/airflow/example_dags/example_branch_day_of_week_operator.py for tasks to queue
[2021-02-22 17:52:54,835] {logging_mixin.py:104} INFO - [2021-02-22 17:52:54,835] {dagbag.py:448} INFO - Filling up the DagBag from /home/airflow/.local/lib/python3.8/site-packages/airflow/example_dags/example_branch_day_of_week_operator.py
[2021-02-22 17:52:54,859] {scheduler_job.py:643} INFO - DAG(s) dict_keys(['example_weekday_branch_operator']) retrieved from /home/airflow/.local/lib/python3.8/site-packages/airflow/example_dags/example_branch_day_of_week_operator.py
[2021-02-22 17:52:54,889] {logging_mixin.py:104} INFO - [2021-02-22 17:52:54,889] {dag.py:1818} INFO - Sync 1 DAGs
[2021-02-22 17:52:54,905] {logging_mixin.py:104} INFO - [2021-02-22 17:52:54,905] {dag.py:1837} INFO - Creating ORM DAG for example_weekday_branch_operator
[2021-02-22 17:52:54,979] {logging_mixin.py:104} INFO - [2021-02-22 17:52:54,978] {dag.py:2273} INFO - Setting next_dagrun for example_weekday_branch_operator to 2021-02-20 00:00:00+00:00
[2021-02-22 17:52:55,086] {scheduler_job.py:190} INFO - Processing /home/airflow/.local/lib/python3.8/site-packages/airflow/example_dags/example_branch_day_of_week_operator.py took 0.260 seconds
[2021-02-22 17:53:35,586] {scheduler_job.py:182} INFO - Started process (PID=71) to work on /home/airflow/.local/lib/python3.8/site-packages/airflow/example_dags/example_branch_day_of_week_operator.py
[2021-02-22 17:53:35,588] {scheduler_job.py:633} INFO - Processing file /home/airflow/.local/lib/python3.8/site-packages/airflow/example_dags/example_branch_day_of_week_operator.py for tasks to queue
[2021-02-22 17:53:35,590] {logging_mixin.py:104} INFO - [2021-02-22 17:53:35,589] {dagbag.py:448} INFO - Filling up the DagBag from /home/airflow/.local/lib/python3.8/site-packages/airflow/example_dags/example_branch_day_of_week_operator.py
[2021-02-22 17:53:35,831] {scheduler_job.py:643} INFO - DAG(s) dict_keys(['example_weekday_branch_operator']) retrieved from /home/airflow/.local/lib/python3.8/site-packages/airflow/example_dags/example_branch_day_of_week_operator.py
[2021-02-22 17:53:35,849] {logging_mixin.py:104} INFO - [2021-02-22 17:53:35,849] {dag.py:1818} INFO - Sync 1 DAGs
[2021-02-22 17:53:35,868] {logging_mixin.py:104} INFO - [2021-02-22 17:53:35,868] {dag.py:2273} INFO - Setting next_dagrun for example_weekday_branch_operator to 2021-02-20 00:00:00+00:00
[2021-02-22 17:53:36,122] {scheduler_job.py:190} INFO - Processing /home/airflow/.local/lib/python3.8/site-packages/airflow/example_dags/example_branch_day_of_week_operator.py took 0.538 seconds
[2021-02-22 17:54:22,300] {scheduler_job.py:182} INFO - Started process (PID=45) to work on /home/airflow/.local/lib/python3.8/site-packages/airflow/example_dags/example_branch_day_of_week_operator.py
[2021-02-22 17:54:22,318] {scheduler_job.py:633} INFO - Processing file /home/airflow/.local/lib/python3.8/site-packages/airflow/example_dags/example_branch_day_of_week_operator.py for tasks to queue
[2021-02-22 17:54:22,324] {logging_mixin.py:104} INFO - [2021-02-22 17:54:22,324] {dagbag.py:448} INFO - Filling up the DagBag from /home/airflow/.local/lib/python3.8/site-packages/airflow/example_dags/example_branch_day_of_week_operator.py
[2021-02-22 17:54:22,369] {scheduler_job.py:643} INFO - DAG(s) dict_keys(['example_weekday_branch_operator']) retrieved from /home/airflow/.local/lib/python3.8/site-packages/airflow/example_dags/example_branch_day_of_week_operator.py
[2021-02-22 17:54:22,415] {logging_mixin.py:104} INFO - [2021-02-22 17:54:22,415] {dag.py:1818} INFO - Sync 1 DAGs
[2021-02-22 17:54:22,449] {logging_mixin.py:104} INFO - [2021-02-22 17:54:22,449] {dag.py:2273} INFO - Setting next_dagrun for example_weekday_branch_operator to 2021-02-20 00:00:00+00:00
[2021-02-22 17:54:22,470] {scheduler_job.py:190} INFO - Processing /home/airflow/.local/lib/python3.8/site-packages/airflow/example_dags/example_branch_day_of_week_operator.py took 0.180 seconds
[2021-02-22 17:54:53,061] {scheduler_job.py:182} INFO - Started process (PID=73) to work on /home/airflow/.local/lib/python3.8/site-packages/airflow/example_dags/example_branch_day_of_week_operator.py
[2021-02-22 17:54:53,063] {scheduler_job.py:633} INFO - Processing file /home/airflow/.local/lib/python3.8/site-packages/airflow/example_dags/example_branch_day_of_week_operator.py for tasks to queue
[2021-02-22 17:54:53,065] {logging_mixin.py:104} INFO - [2021-02-22 17:54:53,064] {dagbag.py:448} INFO - Filling up the DagBag from /home/airflow/.local/lib/python3.8/site-packages/airflow/example_dags/example_branch_day_of_week_operator.py
[2021-02-22 17:54:53,094] {scheduler_job.py:643} INFO - DAG(s) dict_keys(['example_weekday_branch_operator']) retrieved from /home/airflow/.local/lib/python3.8/site-packages/airflow/example_dags/example_branch_day_of_week_operator.py
[2021-02-22 17:54:53,115] {logging_mixin.py:104} INFO - [2021-02-22 17:54:53,115] {dag.py:1818} INFO - Sync 1 DAGs
[2021-02-22 17:54:53,136] {logging_mixin.py:104} INFO - [2021-02-22 17:54:53,136] {dag.py:2273} INFO - Setting next_dagrun for example_weekday_branch_operator to 2021-02-20 00:00:00+00:00
[2021-02-22 17:54:53,147] {scheduler_job.py:190} INFO - Processing /home/airflow/.local/lib/python3.8/site-packages/airflow/example_dags/example_branch_day_of_week_operator.py took 0.091 seconds
[2021-02-22 17:55:28,546] {scheduler_job.py:182} INFO - Started process (PID=101) to work on /home/airflow/.local/lib/python3.8/site-packages/airflow/example_dags/example_branch_day_of_week_operator.py
[2021-02-22 17:55:28,548] {scheduler_job.py:633} INFO - Processing file /home/airflow/.local/lib/python3.8/site-packages/airflow/example_dags/example_branch_day_of_week_operator.py for tasks to queue
[2021-02-22 17:55:28,549] {logging_mixin.py:104} INFO - [2021-02-22 17:55:28,549] {dagbag.py:448} INFO - Filling up the DagBag from /home/airflow/.local/lib/python3.8/site-packages/airflow/example_dags/example_branch_day_of_week_operator.py
[2021-02-22 17:55:28,630] {scheduler_job.py:643} INFO - DAG(s) dict_keys(['example_weekday_branch_operator']) retrieved from /home/airflow/.local/lib/python3.8/site-packages/airflow/example_dags/example_branch_day_of_week_operator.py
[2021-02-22 17:55:28,666] {logging_mixin.py:104} INFO - [2021-02-22 17:55:28,666] {dag.py:1818} INFO - Sync 1 DAGs
[2021-02-22 17:55:28,710] {logging_mixin.py:104} INFO - [2021-02-22 17:55:28,709] {dag.py:2273} INFO - Setting next_dagrun for example_weekday_branch_operator to 2021-02-20 00:00:00+00:00
[2021-02-22 17:55:28,798] {scheduler_job.py:190} INFO - Processing /home/airflow/.local/lib/python3.8/site-packages/airflow/example_dags/example_branch_day_of_week_operator.py took 0.255 seconds
[2021-02-22 17:56:00,138] {scheduler_job.py:182} INFO - Started process (PID=128) to work on /home/airflow/.local/lib/python3.8/site-packages/airflow/example_dags/example_branch_day_of_week_operator.py
[2021-02-22 17:56:00,141] {scheduler_job.py:633} INFO - Processing file /home/airflow/.local/lib/python3.8/site-packages/airflow/example_dags/example_branch_day_of_week_operator.py for tasks to queue
[2021-02-22 17:56:00,143] {logging_mixin.py:104} INFO - [2021-02-22 17:56:00,143] {dagbag.py:448} INFO - Filling up the DagBag from /home/airflow/.local/lib/python3.8/site-packages/airflow/example_dags/example_branch_day_of_week_operator.py
[2021-02-22 17:56:00,224] {scheduler_job.py:643} INFO - DAG(s) dict_keys(['example_weekday_branch_operator']) retrieved from /home/airflow/.local/lib/python3.8/site-packages/airflow/example_dags/example_branch_day_of_week_operator.py
[2021-02-22 17:56:00,251] {logging_mixin.py:104} INFO - [2021-02-22 17:56:00,250] {dag.py:1818} INFO - Sync 1 DAGs
[2021-02-22 17:56:00,271] {logging_mixin.py:104} INFO - [2021-02-22 17:56:00,271] {dag.py:2273} INFO - Setting next_dagrun for example_weekday_branch_operator to 2021-02-20 00:00:00+00:00
[2021-02-22 17:56:00,295] {scheduler_job.py:190} INFO - Processing /home/airflow/.local/lib/python3.8/site-packages/airflow/example_dags/example_branch_day_of_week_operator.py took 0.161 seconds
[2021-02-22 18:03:23,913] {scheduler_job.py:182} INFO - Started process (PID=39) to work on /home/airflow/.local/lib/python3.8/site-packages/airflow/example_dags/example_branch_day_of_week_operator.py
[2021-02-22 18:03:23,916] {scheduler_job.py:633} INFO - Processing file /home/airflow/.local/lib/python3.8/site-packages/airflow/example_dags/example_branch_day_of_week_operator.py for tasks to queue
[2021-02-22 18:03:23,918] {logging_mixin.py:104} INFO - [2021-02-22 18:03:23,918] {dagbag.py:448} INFO - Filling up the DagBag from /home/airflow/.local/lib/python3.8/site-packages/airflow/example_dags/example_branch_day_of_week_operator.py
[2021-02-22 18:03:23,960] {scheduler_job.py:643} INFO - DAG(s) dict_keys(['example_weekday_branch_operator']) retrieved from /home/airflow/.local/lib/python3.8/site-packages/airflow/example_dags/example_branch_day_of_week_operator.py
[2021-02-22 18:03:24,001] {logging_mixin.py:104} INFO - [2021-02-22 18:03:24,001] {dag.py:1818} INFO - Sync 1 DAGs
[2021-02-22 18:03:24,029] {logging_mixin.py:104} INFO - [2021-02-22 18:03:24,029] {dag.py:2273} INFO - Setting next_dagrun for example_weekday_branch_operator to 2021-02-20 00:00:00+00:00
[2021-02-22 18:03:24,053] {scheduler_job.py:190} INFO - Processing /home/airflow/.local/lib/python3.8/site-packages/airflow/example_dags/example_branch_day_of_week_operator.py took 0.143 seconds
[2021-02-22 18:03:54,358] {scheduler_job.py:182} INFO - Started process (PID=67) to work on /home/airflow/.local/lib/python3.8/site-packages/airflow/example_dags/example_branch_day_of_week_operator.py
[2021-02-22 18:03:54,360] {scheduler_job.py:633} INFO - Processing file /home/airflow/.local/lib/python3.8/site-packages/airflow/example_dags/example_branch_day_of_week_operator.py for tasks to queue
[2021-02-22 18:03:54,362] {logging_mixin.py:104} INFO - [2021-02-22 18:03:54,362] {dagbag.py:448} INFO - Filling up the DagBag from /home/airflow/.local/lib/python3.8/site-packages/airflow/example_dags/example_branch_day_of_week_operator.py
[2021-02-22 18:03:54,392] {scheduler_job.py:643} INFO - DAG(s) dict_keys(['example_weekday_branch_operator']) retrieved from /home/airflow/.local/lib/python3.8/site-packages/airflow/example_dags/example_branch_day_of_week_operator.py
[2021-02-22 18:03:54,417] {logging_mixin.py:104} INFO - [2021-02-22 18:03:54,417] {dag.py:1818} INFO - Sync 1 DAGs
[2021-02-22 18:03:54,451] {logging_mixin.py:104} INFO - [2021-02-22 18:03:54,450] {dag.py:2273} INFO - Setting next_dagrun for example_weekday_branch_operator to 2021-02-20 00:00:00+00:00
[2021-02-22 18:03:54,469] {scheduler_job.py:190} INFO - Processing /home/airflow/.local/lib/python3.8/site-packages/airflow/example_dags/example_branch_day_of_week_operator.py took 0.118 seconds
[2021-02-22 18:04:32,201] {scheduler_job.py:182} INFO - Started process (PID=95) to work on /home/airflow/.local/lib/python3.8/site-packages/airflow/example_dags/example_branch_day_of_week_operator.py
[2021-02-22 18:04:32,203] {scheduler_job.py:633} INFO - Processing file /home/airflow/.local/lib/python3.8/site-packages/airflow/example_dags/example_branch_day_of_week_operator.py for tasks to queue
[2021-02-22 18:04:32,205] {logging_mixin.py:104} INFO - [2021-02-22 18:04:32,205] {dagbag.py:448} INFO - Filling up the DagBag from /home/airflow/.local/lib/python3.8/site-packages/airflow/example_dags/example_branch_day_of_week_operator.py
[2021-02-22 18:04:32,302] {scheduler_job.py:643} INFO - DAG(s) dict_keys(['example_weekday_branch_operator']) retrieved from /home/airflow/.local/lib/python3.8/site-packages/airflow/example_dags/example_branch_day_of_week_operator.py
[2021-02-22 18:04:32,332] {logging_mixin.py:104} INFO - [2021-02-22 18:04:32,332] {dag.py:1818} INFO - Sync 1 DAGs
[2021-02-22 18:04:32,359] {logging_mixin.py:104} INFO - [2021-02-22 18:04:32,359] {dag.py:2273} INFO - Setting next_dagrun for example_weekday_branch_operator to 2021-02-20 00:00:00+00:00
[2021-02-22 18:04:32,402] {scheduler_job.py:190} INFO - Processing /home/airflow/.local/lib/python3.8/site-packages/airflow/example_dags/example_branch_day_of_week_operator.py took 0.206 seconds
[2021-02-22 18:05:03,088] {scheduler_job.py:182} INFO - Started process (PID=125) to work on /home/airflow/.local/lib/python3.8/site-packages/airflow/example_dags/example_branch_day_of_week_operator.py
[2021-02-22 18:05:03,090] {scheduler_job.py:633} INFO - Processing file /home/airflow/.local/lib/python3.8/site-packages/airflow/example_dags/example_branch_day_of_week_operator.py for tasks to queue
[2021-02-22 18:05:03,093] {logging_mixin.py:104} INFO - [2021-02-22 18:05:03,093] {dagbag.py:448} INFO - Filling up the DagBag from /home/airflow/.local/lib/python3.8/site-packages/airflow/example_dags/example_branch_day_of_week_operator.py
[2021-02-22 18:05:03,132] {scheduler_job.py:643} INFO - DAG(s) dict_keys(['example_weekday_branch_operator']) retrieved from /home/airflow/.local/lib/python3.8/site-packages/airflow/example_dags/example_branch_day_of_week_operator.py
[2021-02-22 18:05:03,170] {logging_mixin.py:104} INFO - [2021-02-22 18:05:03,170] {dag.py:1818} INFO - Sync 1 DAGs
[2021-02-22 18:05:03,207] {logging_mixin.py:104} INFO - [2021-02-22 18:05:03,207] {dag.py:2273} INFO - Setting next_dagrun for example_weekday_branch_operator to 2021-02-20 00:00:00+00:00
[2021-02-22 18:05:03,225] {scheduler_job.py:190} INFO - Processing /home/airflow/.local/lib/python3.8/site-packages/airflow/example_dags/example_branch_day_of_week_operator.py took 0.146 seconds
[2021-02-22 18:05:45,131] {scheduler_job.py:182} INFO - Started process (PID=25) to work on /home/airflow/.local/lib/python3.8/site-packages/airflow/example_dags/example_branch_day_of_week_operator.py
[2021-02-22 18:05:45,134] {scheduler_job.py:633} INFO - Processing file /home/airflow/.local/lib/python3.8/site-packages/airflow/example_dags/example_branch_day_of_week_operator.py for tasks to queue
[2021-02-22 18:05:45,136] {logging_mixin.py:104} INFO - [2021-02-22 18:05:45,136] {dagbag.py:448} INFO - Filling up the DagBag from /home/airflow/.local/lib/python3.8/site-packages/airflow/example_dags/example_branch_day_of_week_operator.py
[2021-02-22 18:05:45,161] {scheduler_job.py:643} INFO - DAG(s) dict_keys(['example_weekday_branch_operator']) retrieved from /home/airflow/.local/lib/python3.8/site-packages/airflow/example_dags/example_branch_day_of_week_operator.py
[2021-02-22 18:05:45,213] {logging_mixin.py:104} INFO - [2021-02-22 18:05:45,213] {dag.py:1818} INFO - Sync 1 DAGs
[2021-02-22 18:05:45,246] {logging_mixin.py:104} INFO - [2021-02-22 18:05:45,246] {dag.py:2273} INFO - Setting next_dagrun for example_weekday_branch_operator to 2021-02-20 00:00:00+00:00
[2021-02-22 18:05:45,305] {scheduler_job.py:190} INFO - Processing /home/airflow/.local/lib/python3.8/site-packages/airflow/example_dags/example_branch_day_of_week_operator.py took 0.180 seconds
[2021-02-22 18:06:22,768] {scheduler_job.py:182} INFO - Started process (PID=53) to work on /home/airflow/.local/lib/python3.8/site-packages/airflow/example_dags/example_branch_day_of_week_operator.py
[2021-02-22 18:06:22,792] {scheduler_job.py:633} INFO - Processing file /home/airflow/.local/lib/python3.8/site-packages/airflow/example_dags/example_branch_day_of_week_operator.py for tasks to queue
[2021-02-22 18:06:22,794] {logging_mixin.py:104} INFO - [2021-02-22 18:06:22,794] {dagbag.py:448} INFO - Filling up the DagBag from /home/airflow/.local/lib/python3.8/site-packages/airflow/example_dags/example_branch_day_of_week_operator.py
[2021-02-22 18:06:22,920] {scheduler_job.py:643} INFO - DAG(s) dict_keys(['example_weekday_branch_operator']) retrieved from /home/airflow/.local/lib/python3.8/site-packages/airflow/example_dags/example_branch_day_of_week_operator.py
[2021-02-22 18:06:22,990] {logging_mixin.py:104} INFO - [2021-02-22 18:06:22,990] {dag.py:1818} INFO - Sync 1 DAGs
[2021-02-22 18:06:23,051] {logging_mixin.py:104} INFO - [2021-02-22 18:06:23,051] {dag.py:2273} INFO - Setting next_dagrun for example_weekday_branch_operator to 2021-02-20 00:00:00+00:00
[2021-02-22 18:06:23,087] {scheduler_job.py:190} INFO - Processing /home/airflow/.local/lib/python3.8/site-packages/airflow/example_dags/example_branch_day_of_week_operator.py took 0.324 seconds
[2021-02-22 18:07:00,810] {scheduler_job.py:182} INFO - Started process (PID=81) to work on /home/airflow/.local/lib/python3.8/site-packages/airflow/example_dags/example_branch_day_of_week_operator.py
[2021-02-22 18:07:00,813] {scheduler_job.py:633} INFO - Processing file /home/airflow/.local/lib/python3.8/site-packages/airflow/example_dags/example_branch_day_of_week_operator.py for tasks to queue
[2021-02-22 18:07:00,815] {logging_mixin.py:104} INFO - [2021-02-22 18:07:00,815] {dagbag.py:448} INFO - Filling up the DagBag from /home/airflow/.local/lib/python3.8/site-packages/airflow/example_dags/example_branch_day_of_week_operator.py
[2021-02-22 18:07:00,925] {scheduler_job.py:643} INFO - DAG(s) dict_keys(['example_weekday_branch_operator']) retrieved from /home/airflow/.local/lib/python3.8/site-packages/airflow/example_dags/example_branch_day_of_week_operator.py
[2021-02-22 18:07:00,951] {logging_mixin.py:104} INFO - [2021-02-22 18:07:00,951] {dag.py:1818} INFO - Sync 1 DAGs
[2021-02-22 18:07:00,985] {logging_mixin.py:104} INFO - [2021-02-22 18:07:00,985] {dag.py:2273} INFO - Setting next_dagrun for example_weekday_branch_operator to 2021-02-20 00:00:00+00:00
[2021-02-22 18:07:01,010] {scheduler_job.py:190} INFO - Processing /home/airflow/.local/lib/python3.8/site-packages/airflow/example_dags/example_branch_day_of_week_operator.py took 0.205 seconds
[2021-02-22 18:08:20,456] {scheduler_job.py:182} INFO - Started process (PID=47) to work on /home/airflow/.local/lib/python3.8/site-packages/airflow/example_dags/example_branch_day_of_week_operator.py
[2021-02-22 18:08:20,467] {scheduler_job.py:633} INFO - Processing file /home/airflow/.local/lib/python3.8/site-packages/airflow/example_dags/example_branch_day_of_week_operator.py for tasks to queue
[2021-02-22 18:08:20,470] {logging_mixin.py:104} INFO - [2021-02-22 18:08:20,469] {dagbag.py:448} INFO - Filling up the DagBag from /home/airflow/.local/lib/python3.8/site-packages/airflow/example_dags/example_branch_day_of_week_operator.py
[2021-02-22 18:08:20,499] {scheduler_job.py:643} INFO - DAG(s) dict_keys(['example_weekday_branch_operator']) retrieved from /home/airflow/.local/lib/python3.8/site-packages/airflow/example_dags/example_branch_day_of_week_operator.py
[2021-02-22 18:08:20,591] {logging_mixin.py:104} INFO - [2021-02-22 18:08:20,591] {dag.py:1818} INFO - Sync 1 DAGs
[2021-02-22 18:08:20,661] {logging_mixin.py:104} INFO - [2021-02-22 18:08:20,661] {dag.py:2273} INFO - Setting next_dagrun for example_weekday_branch_operator to 2021-02-20 00:00:00+00:00
[2021-02-22 18:08:20,693] {scheduler_job.py:190} INFO - Processing /home/airflow/.local/lib/python3.8/site-packages/airflow/example_dags/example_branch_day_of_week_operator.py took 0.243 seconds
[2021-02-22 18:08:56,931] {scheduler_job.py:182} INFO - Started process (PID=75) to work on /home/airflow/.local/lib/python3.8/site-packages/airflow/example_dags/example_branch_day_of_week_operator.py
[2021-02-22 18:08:56,972] {scheduler_job.py:633} INFO - Processing file /home/airflow/.local/lib/python3.8/site-packages/airflow/example_dags/example_branch_day_of_week_operator.py for tasks to queue
[2021-02-22 18:08:56,977] {logging_mixin.py:104} INFO - [2021-02-22 18:08:56,976] {dagbag.py:448} INFO - Filling up the DagBag from /home/airflow/.local/lib/python3.8/site-packages/airflow/example_dags/example_branch_day_of_week_operator.py
[2021-02-22 18:08:57,069] {scheduler_job.py:643} INFO - DAG(s) dict_keys(['example_weekday_branch_operator']) retrieved from /home/airflow/.local/lib/python3.8/site-packages/airflow/example_dags/example_branch_day_of_week_operator.py
[2021-02-22 18:08:57,100] {logging_mixin.py:104} INFO - [2021-02-22 18:08:57,100] {dag.py:1818} INFO - Sync 1 DAGs
[2021-02-22 18:08:57,174] {logging_mixin.py:104} INFO - [2021-02-22 18:08:57,174] {dag.py:2273} INFO - Setting next_dagrun for example_weekday_branch_operator to 2021-02-20 00:00:00+00:00
[2021-02-22 18:08:57,227] {scheduler_job.py:190} INFO - Processing /home/airflow/.local/lib/python3.8/site-packages/airflow/example_dags/example_branch_day_of_week_operator.py took 0.302 seconds
[2021-02-22 18:09:28,200] {scheduler_job.py:182} INFO - Started process (PID=103) to work on /home/airflow/.local/lib/python3.8/site-packages/airflow/example_dags/example_branch_day_of_week_operator.py
[2021-02-22 18:09:28,207] {scheduler_job.py:633} INFO - Processing file /home/airflow/.local/lib/python3.8/site-packages/airflow/example_dags/example_branch_day_of_week_operator.py for tasks to queue
[2021-02-22 18:09:28,208] {logging_mixin.py:104} INFO - [2021-02-22 18:09:28,208] {dagbag.py:448} INFO - Filling up the DagBag from /home/airflow/.local/lib/python3.8/site-packages/airflow/example_dags/example_branch_day_of_week_operator.py
[2021-02-22 18:09:28,240] {scheduler_job.py:643} INFO - DAG(s) dict_keys(['example_weekday_branch_operator']) retrieved from /home/airflow/.local/lib/python3.8/site-packages/airflow/example_dags/example_branch_day_of_week_operator.py
[2021-02-22 18:09:28,288] {logging_mixin.py:104} INFO - [2021-02-22 18:09:28,288] {dag.py:1818} INFO - Sync 1 DAGs
[2021-02-22 18:09:28,336] {logging_mixin.py:104} INFO - [2021-02-22 18:09:28,336] {dag.py:2273} INFO - Setting next_dagrun for example_weekday_branch_operator to 2021-02-20 00:00:00+00:00
[2021-02-22 18:09:28,352] {scheduler_job.py:190} INFO - Processing /home/airflow/.local/lib/python3.8/site-packages/airflow/example_dags/example_branch_day_of_week_operator.py took 0.157 seconds
[2021-02-22 18:12:27,911] {scheduler_job.py:182} INFO - Started process (PID=37) to work on /home/airflow/.local/lib/python3.8/site-packages/airflow/example_dags/example_branch_day_of_week_operator.py
[2021-02-22 18:12:27,913] {scheduler_job.py:633} INFO - Processing file /home/airflow/.local/lib/python3.8/site-packages/airflow/example_dags/example_branch_day_of_week_operator.py for tasks to queue
[2021-02-22 18:12:27,915] {logging_mixin.py:104} INFO - [2021-02-22 18:12:27,914] {dagbag.py:448} INFO - Filling up the DagBag from /home/airflow/.local/lib/python3.8/site-packages/airflow/example_dags/example_branch_day_of_week_operator.py
[2021-02-22 18:12:27,934] {scheduler_job.py:643} INFO - DAG(s) dict_keys(['example_weekday_branch_operator']) retrieved from /home/airflow/.local/lib/python3.8/site-packages/airflow/example_dags/example_branch_day_of_week_operator.py
[2021-02-22 18:12:27,978] {logging_mixin.py:104} INFO - [2021-02-22 18:12:27,978] {dag.py:1818} INFO - Sync 1 DAGs
[2021-02-22 18:12:28,005] {logging_mixin.py:104} INFO - [2021-02-22 18:12:28,005] {dag.py:2273} INFO - Setting next_dagrun for example_weekday_branch_operator to 2021-02-20 00:00:00+00:00
[2021-02-22 18:12:28,018] {scheduler_job.py:190} INFO - Processing /home/airflow/.local/lib/python3.8/site-packages/airflow/example_dags/example_branch_day_of_week_operator.py took 0.110 seconds
[2021-02-22 18:12:58,160] {scheduler_job.py:182} INFO - Started process (PID=65) to work on /home/airflow/.local/lib/python3.8/site-packages/airflow/example_dags/example_branch_day_of_week_operator.py
[2021-02-22 18:12:58,163] {scheduler_job.py:633} INFO - Processing file /home/airflow/.local/lib/python3.8/site-packages/airflow/example_dags/example_branch_day_of_week_operator.py for tasks to queue
[2021-02-22 18:12:58,165] {logging_mixin.py:104} INFO - [2021-02-22 18:12:58,164] {dagbag.py:448} INFO - Filling up the DagBag from /home/airflow/.local/lib/python3.8/site-packages/airflow/example_dags/example_branch_day_of_week_operator.py
[2021-02-22 18:12:58,212] {scheduler_job.py:643} INFO - DAG(s) dict_keys(['example_weekday_branch_operator']) retrieved from /home/airflow/.local/lib/python3.8/site-packages/airflow/example_dags/example_branch_day_of_week_operator.py
[2021-02-22 18:12:58,255] {logging_mixin.py:104} INFO - [2021-02-22 18:12:58,254] {dag.py:1818} INFO - Sync 1 DAGs
[2021-02-22 18:12:58,305] {logging_mixin.py:104} INFO - [2021-02-22 18:12:58,304] {dag.py:2273} INFO - Setting next_dagrun for example_weekday_branch_operator to 2021-02-20 00:00:00+00:00
[2021-02-22 18:12:58,339] {scheduler_job.py:190} INFO - Processing /home/airflow/.local/lib/python3.8/site-packages/airflow/example_dags/example_branch_day_of_week_operator.py took 0.183 seconds
[2021-02-22 18:13:35,751] {scheduler_job.py:182} INFO - Started process (PID=93) to work on /home/airflow/.local/lib/python3.8/site-packages/airflow/example_dags/example_branch_day_of_week_operator.py
[2021-02-22 18:13:35,752] {scheduler_job.py:633} INFO - Processing file /home/airflow/.local/lib/python3.8/site-packages/airflow/example_dags/example_branch_day_of_week_operator.py for tasks to queue
[2021-02-22 18:13:35,753] {logging_mixin.py:104} INFO - [2021-02-22 18:13:35,753] {dagbag.py:448} INFO - Filling up the DagBag from /home/airflow/.local/lib/python3.8/site-packages/airflow/example_dags/example_branch_day_of_week_operator.py
[2021-02-22 18:13:35,768] {scheduler_job.py:643} INFO - DAG(s) dict_keys(['example_weekday_branch_operator']) retrieved from /home/airflow/.local/lib/python3.8/site-packages/airflow/example_dags/example_branch_day_of_week_operator.py
[2021-02-22 18:13:35,802] {logging_mixin.py:104} INFO - [2021-02-22 18:13:35,802] {dag.py:1818} INFO - Sync 1 DAGs
[2021-02-22 18:13:35,831] {logging_mixin.py:104} INFO - [2021-02-22 18:13:35,831] {dag.py:2273} INFO - Setting next_dagrun for example_weekday_branch_operator to 2021-02-20 00:00:00+00:00
[2021-02-22 18:13:35,842] {scheduler_job.py:190} INFO - Processing /home/airflow/.local/lib/python3.8/site-packages/airflow/example_dags/example_branch_day_of_week_operator.py took 0.094 seconds
[2021-02-22 18:14:08,723] {scheduler_job.py:182} INFO - Started process (PID=121) to work on /home/airflow/.local/lib/python3.8/site-packages/airflow/example_dags/example_branch_day_of_week_operator.py
[2021-02-22 18:14:08,725] {scheduler_job.py:633} INFO - Processing file /home/airflow/.local/lib/python3.8/site-packages/airflow/example_dags/example_branch_day_of_week_operator.py for tasks to queue
[2021-02-22 18:14:08,727] {logging_mixin.py:104} INFO - [2021-02-22 18:14:08,727] {dagbag.py:448} INFO - Filling up the DagBag from /home/airflow/.local/lib/python3.8/site-packages/airflow/example_dags/example_branch_day_of_week_operator.py
[2021-02-22 18:14:08,784] {scheduler_job.py:643} INFO - DAG(s) dict_keys(['example_weekday_branch_operator']) retrieved from /home/airflow/.local/lib/python3.8/site-packages/airflow/example_dags/example_branch_day_of_week_operator.py
[2021-02-22 18:14:08,805] {logging_mixin.py:104} INFO - [2021-02-22 18:14:08,805] {dag.py:1818} INFO - Sync 1 DAGs
[2021-02-22 18:14:08,829] {logging_mixin.py:104} INFO - [2021-02-22 18:14:08,829] {dag.py:2273} INFO - Setting next_dagrun for example_weekday_branch_operator to 2021-02-20 00:00:00+00:00
[2021-02-22 18:14:08,846] {scheduler_job.py:190} INFO - Processing /home/airflow/.local/lib/python3.8/site-packages/airflow/example_dags/example_branch_day_of_week_operator.py took 0.128 seconds
[2021-02-22 18:17:44,584] {scheduler_job.py:182} INFO - Started process (PID=29) to work on /home/airflow/.local/lib/python3.8/site-packages/airflow/example_dags/example_branch_day_of_week_operator.py
[2021-02-22 18:17:44,587] {scheduler_job.py:633} INFO - Processing file /home/airflow/.local/lib/python3.8/site-packages/airflow/example_dags/example_branch_day_of_week_operator.py for tasks to queue
[2021-02-22 18:17:44,597] {logging_mixin.py:104} INFO - [2021-02-22 18:17:44,597] {dagbag.py:448} INFO - Filling up the DagBag from /home/airflow/.local/lib/python3.8/site-packages/airflow/example_dags/example_branch_day_of_week_operator.py
[2021-02-22 18:17:44,680] {scheduler_job.py:643} INFO - DAG(s) dict_keys(['example_weekday_branch_operator']) retrieved from /home/airflow/.local/lib/python3.8/site-packages/airflow/example_dags/example_branch_day_of_week_operator.py
[2021-02-22 18:17:44,729] {logging_mixin.py:104} INFO - [2021-02-22 18:17:44,729] {dag.py:1818} INFO - Sync 1 DAGs
[2021-02-22 18:17:44,765] {logging_mixin.py:104} INFO - [2021-02-22 18:17:44,765] {dag.py:2273} INFO - Setting next_dagrun for example_weekday_branch_operator to 2021-02-20 00:00:00+00:00
[2021-02-22 18:17:44,890] {scheduler_job.py:190} INFO - Processing /home/airflow/.local/lib/python3.8/site-packages/airflow/example_dags/example_branch_day_of_week_operator.py took 0.311 seconds
