[2021-03-08 12:14:12,782] {scheduler_job.py:182} INFO - Started process (PID=2475) to work on /Users/garymarmon/PycharmProjects/AWTY-Limitless/DataServerContainer/env/lib/python3.8/site-packages/airflow/example_dags/subdags/subdag.py
[2021-03-08 12:14:12,782] {scheduler_job.py:629} INFO - Processing file /Users/garymarmon/PycharmProjects/AWTY-Limitless/DataServerContainer/env/lib/python3.8/site-packages/airflow/example_dags/subdags/subdag.py for tasks to queue
[2021-03-08 12:14:12,783] {logging_mixin.py:104} INFO - [2021-03-08 12:14:12,783] {dagbag.py:448} INFO - Filling up the DagBag from /Users/garymarmon/PycharmProjects/AWTY-Limitless/DataServerContainer/env/lib/python3.8/site-packages/airflow/example_dags/subdags/subdag.py
[2021-03-08 12:14:12,784] {scheduler_job.py:641} WARNING - No viable dags retrieved from /Users/garymarmon/PycharmProjects/AWTY-Limitless/DataServerContainer/env/lib/python3.8/site-packages/airflow/example_dags/subdags/subdag.py
[2021-03-08 12:14:12,817] {scheduler_job.py:190} INFO - Processing /Users/garymarmon/PycharmProjects/AWTY-Limitless/DataServerContainer/env/lib/python3.8/site-packages/airflow/example_dags/subdags/subdag.py took 0.036 seconds
[2021-03-08 12:15:41,372] {scheduler_job.py:182} INFO - Started process (PID=2584) to work on /Users/garymarmon/PycharmProjects/AWTY-Limitless/DataServerContainer/env/lib/python3.8/site-packages/airflow/example_dags/subdags/subdag.py
[2021-03-08 12:15:41,373] {scheduler_job.py:629} INFO - Processing file /Users/garymarmon/PycharmProjects/AWTY-Limitless/DataServerContainer/env/lib/python3.8/site-packages/airflow/example_dags/subdags/subdag.py for tasks to queue
[2021-03-08 12:15:41,373] {logging_mixin.py:104} INFO - [2021-03-08 12:15:41,373] {dagbag.py:448} INFO - Filling up the DagBag from /Users/garymarmon/PycharmProjects/AWTY-Limitless/DataServerContainer/env/lib/python3.8/site-packages/airflow/example_dags/subdags/subdag.py
[2021-03-08 12:15:41,375] {scheduler_job.py:641} WARNING - No viable dags retrieved from /Users/garymarmon/PycharmProjects/AWTY-Limitless/DataServerContainer/env/lib/python3.8/site-packages/airflow/example_dags/subdags/subdag.py
[2021-03-08 12:15:41,406] {scheduler_job.py:190} INFO - Processing /Users/garymarmon/PycharmProjects/AWTY-Limitless/DataServerContainer/env/lib/python3.8/site-packages/airflow/example_dags/subdags/subdag.py took 0.035 seconds
[2021-03-08 12:16:41,690] {scheduler_job.py:182} INFO - Started process (PID=2656) to work on /Users/garymarmon/PycharmProjects/AWTY-Limitless/DataServerContainer/env/lib/python3.8/site-packages/airflow/example_dags/subdags/subdag.py
[2021-03-08 12:16:41,691] {scheduler_job.py:629} INFO - Processing file /Users/garymarmon/PycharmProjects/AWTY-Limitless/DataServerContainer/env/lib/python3.8/site-packages/airflow/example_dags/subdags/subdag.py for tasks to queue
[2021-03-08 12:16:41,691] {logging_mixin.py:104} INFO - [2021-03-08 12:16:41,691] {dagbag.py:448} INFO - Filling up the DagBag from /Users/garymarmon/PycharmProjects/AWTY-Limitless/DataServerContainer/env/lib/python3.8/site-packages/airflow/example_dags/subdags/subdag.py
[2021-03-08 12:16:41,693] {scheduler_job.py:641} WARNING - No viable dags retrieved from /Users/garymarmon/PycharmProjects/AWTY-Limitless/DataServerContainer/env/lib/python3.8/site-packages/airflow/example_dags/subdags/subdag.py
[2021-03-08 12:16:41,725] {scheduler_job.py:190} INFO - Processing /Users/garymarmon/PycharmProjects/AWTY-Limitless/DataServerContainer/env/lib/python3.8/site-packages/airflow/example_dags/subdags/subdag.py took 0.035 seconds
[2021-03-08 12:17:47,349] {scheduler_job.py:182} INFO - Started process (PID=2752) to work on /Users/garymarmon/PycharmProjects/AWTY-Limitless/DataServerContainer/env/lib/python3.8/site-packages/airflow/example_dags/subdags/subdag.py
[2021-03-08 12:17:47,350] {scheduler_job.py:629} INFO - Processing file /Users/garymarmon/PycharmProjects/AWTY-Limitless/DataServerContainer/env/lib/python3.8/site-packages/airflow/example_dags/subdags/subdag.py for tasks to queue
[2021-03-08 12:17:47,351] {logging_mixin.py:104} INFO - [2021-03-08 12:17:47,351] {dagbag.py:448} INFO - Filling up the DagBag from /Users/garymarmon/PycharmProjects/AWTY-Limitless/DataServerContainer/env/lib/python3.8/site-packages/airflow/example_dags/subdags/subdag.py
[2021-03-08 12:17:47,353] {scheduler_job.py:641} WARNING - No viable dags retrieved from /Users/garymarmon/PycharmProjects/AWTY-Limitless/DataServerContainer/env/lib/python3.8/site-packages/airflow/example_dags/subdags/subdag.py
[2021-03-08 12:17:47,394] {scheduler_job.py:190} INFO - Processing /Users/garymarmon/PycharmProjects/AWTY-Limitless/DataServerContainer/env/lib/python3.8/site-packages/airflow/example_dags/subdags/subdag.py took 0.046 seconds
[2021-03-08 12:18:40,105] {scheduler_job.py:182} INFO - Started process (PID=2807) to work on /Users/garymarmon/PycharmProjects/AWTY-Limitless/DataServerContainer/env/lib/python3.8/site-packages/airflow/example_dags/subdags/subdag.py
[2021-03-08 12:18:40,106] {scheduler_job.py:629} INFO - Processing file /Users/garymarmon/PycharmProjects/AWTY-Limitless/DataServerContainer/env/lib/python3.8/site-packages/airflow/example_dags/subdags/subdag.py for tasks to queue
[2021-03-08 12:18:40,106] {logging_mixin.py:104} INFO - [2021-03-08 12:18:40,106] {dagbag.py:448} INFO - Filling up the DagBag from /Users/garymarmon/PycharmProjects/AWTY-Limitless/DataServerContainer/env/lib/python3.8/site-packages/airflow/example_dags/subdags/subdag.py
[2021-03-08 12:18:40,109] {scheduler_job.py:641} WARNING - No viable dags retrieved from /Users/garymarmon/PycharmProjects/AWTY-Limitless/DataServerContainer/env/lib/python3.8/site-packages/airflow/example_dags/subdags/subdag.py
[2021-03-08 12:18:40,148] {scheduler_job.py:190} INFO - Processing /Users/garymarmon/PycharmProjects/AWTY-Limitless/DataServerContainer/env/lib/python3.8/site-packages/airflow/example_dags/subdags/subdag.py took 0.044 seconds
[2021-03-08 12:20:01,246] {scheduler_job.py:182} INFO - Started process (PID=2907) to work on /Users/garymarmon/PycharmProjects/AWTY-Limitless/DataServerContainer/env/lib/python3.8/site-packages/airflow/example_dags/subdags/subdag.py
[2021-03-08 12:20:01,246] {scheduler_job.py:629} INFO - Processing file /Users/garymarmon/PycharmProjects/AWTY-Limitless/DataServerContainer/env/lib/python3.8/site-packages/airflow/example_dags/subdags/subdag.py for tasks to queue
[2021-03-08 12:20:01,247] {logging_mixin.py:104} INFO - [2021-03-08 12:20:01,247] {dagbag.py:448} INFO - Filling up the DagBag from /Users/garymarmon/PycharmProjects/AWTY-Limitless/DataServerContainer/env/lib/python3.8/site-packages/airflow/example_dags/subdags/subdag.py
[2021-03-08 12:20:01,249] {scheduler_job.py:641} WARNING - No viable dags retrieved from /Users/garymarmon/PycharmProjects/AWTY-Limitless/DataServerContainer/env/lib/python3.8/site-packages/airflow/example_dags/subdags/subdag.py
[2021-03-08 12:20:01,282] {scheduler_job.py:190} INFO - Processing /Users/garymarmon/PycharmProjects/AWTY-Limitless/DataServerContainer/env/lib/python3.8/site-packages/airflow/example_dags/subdags/subdag.py took 0.038 seconds
[2021-03-08 12:21:18,608] {scheduler_job.py:182} INFO - Started process (PID=3003) to work on /Users/garymarmon/PycharmProjects/AWTY-Limitless/DataServerContainer/env/lib/python3.8/site-packages/airflow/example_dags/subdags/subdag.py
[2021-03-08 12:21:18,609] {scheduler_job.py:629} INFO - Processing file /Users/garymarmon/PycharmProjects/AWTY-Limitless/DataServerContainer/env/lib/python3.8/site-packages/airflow/example_dags/subdags/subdag.py for tasks to queue
[2021-03-08 12:21:18,609] {logging_mixin.py:104} INFO - [2021-03-08 12:21:18,609] {dagbag.py:448} INFO - Filling up the DagBag from /Users/garymarmon/PycharmProjects/AWTY-Limitless/DataServerContainer/env/lib/python3.8/site-packages/airflow/example_dags/subdags/subdag.py
[2021-03-08 12:21:18,611] {scheduler_job.py:641} WARNING - No viable dags retrieved from /Users/garymarmon/PycharmProjects/AWTY-Limitless/DataServerContainer/env/lib/python3.8/site-packages/airflow/example_dags/subdags/subdag.py
[2021-03-08 12:21:18,653] {scheduler_job.py:190} INFO - Processing /Users/garymarmon/PycharmProjects/AWTY-Limitless/DataServerContainer/env/lib/python3.8/site-packages/airflow/example_dags/subdags/subdag.py took 0.045 seconds
[2021-03-08 12:22:31,185] {scheduler_job.py:182} INFO - Started process (PID=3103) to work on /Users/garymarmon/PycharmProjects/AWTY-Limitless/DataServerContainer/env/lib/python3.8/site-packages/airflow/example_dags/subdags/subdag.py
[2021-03-08 12:22:31,185] {scheduler_job.py:629} INFO - Processing file /Users/garymarmon/PycharmProjects/AWTY-Limitless/DataServerContainer/env/lib/python3.8/site-packages/airflow/example_dags/subdags/subdag.py for tasks to queue
[2021-03-08 12:22:31,186] {logging_mixin.py:104} INFO - [2021-03-08 12:22:31,185] {dagbag.py:448} INFO - Filling up the DagBag from /Users/garymarmon/PycharmProjects/AWTY-Limitless/DataServerContainer/env/lib/python3.8/site-packages/airflow/example_dags/subdags/subdag.py
[2021-03-08 12:22:31,187] {scheduler_job.py:641} WARNING - No viable dags retrieved from /Users/garymarmon/PycharmProjects/AWTY-Limitless/DataServerContainer/env/lib/python3.8/site-packages/airflow/example_dags/subdags/subdag.py
[2021-03-08 12:22:31,220] {scheduler_job.py:190} INFO - Processing /Users/garymarmon/PycharmProjects/AWTY-Limitless/DataServerContainer/env/lib/python3.8/site-packages/airflow/example_dags/subdags/subdag.py took 0.036 seconds
[2021-03-08 12:23:37,813] {scheduler_job.py:182} INFO - Started process (PID=3176) to work on /Users/garymarmon/PycharmProjects/AWTY-Limitless/DataServerContainer/env/lib/python3.8/site-packages/airflow/example_dags/subdags/subdag.py
[2021-03-08 12:23:37,814] {scheduler_job.py:629} INFO - Processing file /Users/garymarmon/PycharmProjects/AWTY-Limitless/DataServerContainer/env/lib/python3.8/site-packages/airflow/example_dags/subdags/subdag.py for tasks to queue
[2021-03-08 12:23:37,814] {logging_mixin.py:104} INFO - [2021-03-08 12:23:37,814] {dagbag.py:448} INFO - Filling up the DagBag from /Users/garymarmon/PycharmProjects/AWTY-Limitless/DataServerContainer/env/lib/python3.8/site-packages/airflow/example_dags/subdags/subdag.py
[2021-03-08 12:23:37,815] {scheduler_job.py:641} WARNING - No viable dags retrieved from /Users/garymarmon/PycharmProjects/AWTY-Limitless/DataServerContainer/env/lib/python3.8/site-packages/airflow/example_dags/subdags/subdag.py
[2021-03-08 12:23:37,844] {scheduler_job.py:190} INFO - Processing /Users/garymarmon/PycharmProjects/AWTY-Limitless/DataServerContainer/env/lib/python3.8/site-packages/airflow/example_dags/subdags/subdag.py took 0.032 seconds
[2021-03-08 12:25:14,743] {scheduler_job.py:182} INFO - Started process (PID=3344) to work on /Users/garymarmon/PycharmProjects/AWTY-Limitless/DataServerContainer/env/lib/python3.8/site-packages/airflow/example_dags/subdags/subdag.py
[2021-03-08 12:25:14,744] {scheduler_job.py:629} INFO - Processing file /Users/garymarmon/PycharmProjects/AWTY-Limitless/DataServerContainer/env/lib/python3.8/site-packages/airflow/example_dags/subdags/subdag.py for tasks to queue
[2021-03-08 12:25:14,744] {logging_mixin.py:104} INFO - [2021-03-08 12:25:14,744] {dagbag.py:448} INFO - Filling up the DagBag from /Users/garymarmon/PycharmProjects/AWTY-Limitless/DataServerContainer/env/lib/python3.8/site-packages/airflow/example_dags/subdags/subdag.py
[2021-03-08 12:25:14,747] {scheduler_job.py:641} WARNING - No viable dags retrieved from /Users/garymarmon/PycharmProjects/AWTY-Limitless/DataServerContainer/env/lib/python3.8/site-packages/airflow/example_dags/subdags/subdag.py
[2021-03-08 12:25:14,784] {scheduler_job.py:190} INFO - Processing /Users/garymarmon/PycharmProjects/AWTY-Limitless/DataServerContainer/env/lib/python3.8/site-packages/airflow/example_dags/subdags/subdag.py took 0.042 seconds
[2021-03-08 12:26:19,787] {scheduler_job.py:182} INFO - Started process (PID=3504) to work on /Users/garymarmon/PycharmProjects/AWTY-Limitless/DataServerContainer/env/lib/python3.8/site-packages/airflow/example_dags/subdags/subdag.py
[2021-03-08 12:26:19,789] {scheduler_job.py:629} INFO - Processing file /Users/garymarmon/PycharmProjects/AWTY-Limitless/DataServerContainer/env/lib/python3.8/site-packages/airflow/example_dags/subdags/subdag.py for tasks to queue
[2021-03-08 12:26:19,789] {logging_mixin.py:104} INFO - [2021-03-08 12:26:19,789] {dagbag.py:448} INFO - Filling up the DagBag from /Users/garymarmon/PycharmProjects/AWTY-Limitless/DataServerContainer/env/lib/python3.8/site-packages/airflow/example_dags/subdags/subdag.py
[2021-03-08 12:26:19,793] {scheduler_job.py:641} WARNING - No viable dags retrieved from /Users/garymarmon/PycharmProjects/AWTY-Limitless/DataServerContainer/env/lib/python3.8/site-packages/airflow/example_dags/subdags/subdag.py
[2021-03-08 12:26:19,848] {scheduler_job.py:190} INFO - Processing /Users/garymarmon/PycharmProjects/AWTY-Limitless/DataServerContainer/env/lib/python3.8/site-packages/airflow/example_dags/subdags/subdag.py took 0.062 seconds
[2021-03-08 12:27:55,169] {scheduler_job.py:182} INFO - Started process (PID=3678) to work on /Users/garymarmon/PycharmProjects/AWTY-Limitless/DataServerContainer/env/lib/python3.8/site-packages/airflow/example_dags/subdags/subdag.py
[2021-03-08 12:27:55,170] {scheduler_job.py:629} INFO - Processing file /Users/garymarmon/PycharmProjects/AWTY-Limitless/DataServerContainer/env/lib/python3.8/site-packages/airflow/example_dags/subdags/subdag.py for tasks to queue
[2021-03-08 12:27:55,170] {logging_mixin.py:104} INFO - [2021-03-08 12:27:55,170] {dagbag.py:448} INFO - Filling up the DagBag from /Users/garymarmon/PycharmProjects/AWTY-Limitless/DataServerContainer/env/lib/python3.8/site-packages/airflow/example_dags/subdags/subdag.py
[2021-03-08 12:27:55,171] {scheduler_job.py:641} WARNING - No viable dags retrieved from /Users/garymarmon/PycharmProjects/AWTY-Limitless/DataServerContainer/env/lib/python3.8/site-packages/airflow/example_dags/subdags/subdag.py
[2021-03-08 12:27:55,200] {scheduler_job.py:190} INFO - Processing /Users/garymarmon/PycharmProjects/AWTY-Limitless/DataServerContainer/env/lib/python3.8/site-packages/airflow/example_dags/subdags/subdag.py took 0.032 seconds
[2021-03-08 12:29:20,167] {scheduler_job.py:182} INFO - Started process (PID=3779) to work on /Users/garymarmon/PycharmProjects/AWTY-Limitless/DataServerContainer/env/lib/python3.8/site-packages/airflow/example_dags/subdags/subdag.py
[2021-03-08 12:29:20,168] {scheduler_job.py:629} INFO - Processing file /Users/garymarmon/PycharmProjects/AWTY-Limitless/DataServerContainer/env/lib/python3.8/site-packages/airflow/example_dags/subdags/subdag.py for tasks to queue
[2021-03-08 12:29:20,168] {logging_mixin.py:104} INFO - [2021-03-08 12:29:20,168] {dagbag.py:448} INFO - Filling up the DagBag from /Users/garymarmon/PycharmProjects/AWTY-Limitless/DataServerContainer/env/lib/python3.8/site-packages/airflow/example_dags/subdags/subdag.py
[2021-03-08 12:29:20,170] {scheduler_job.py:641} WARNING - No viable dags retrieved from /Users/garymarmon/PycharmProjects/AWTY-Limitless/DataServerContainer/env/lib/python3.8/site-packages/airflow/example_dags/subdags/subdag.py
[2021-03-08 12:29:20,199] {scheduler_job.py:190} INFO - Processing /Users/garymarmon/PycharmProjects/AWTY-Limitless/DataServerContainer/env/lib/python3.8/site-packages/airflow/example_dags/subdags/subdag.py took 0.033 seconds
[2021-03-08 12:31:00,252] {scheduler_job.py:182} INFO - Started process (PID=3892) to work on /Users/garymarmon/PycharmProjects/AWTY-Limitless/DataServerContainer/env/lib/python3.8/site-packages/airflow/example_dags/subdags/subdag.py
[2021-03-08 12:31:00,253] {scheduler_job.py:629} INFO - Processing file /Users/garymarmon/PycharmProjects/AWTY-Limitless/DataServerContainer/env/lib/python3.8/site-packages/airflow/example_dags/subdags/subdag.py for tasks to queue
[2021-03-08 12:31:00,253] {logging_mixin.py:104} INFO - [2021-03-08 12:31:00,253] {dagbag.py:448} INFO - Filling up the DagBag from /Users/garymarmon/PycharmProjects/AWTY-Limitless/DataServerContainer/env/lib/python3.8/site-packages/airflow/example_dags/subdags/subdag.py
[2021-03-08 12:31:00,255] {scheduler_job.py:641} WARNING - No viable dags retrieved from /Users/garymarmon/PycharmProjects/AWTY-Limitless/DataServerContainer/env/lib/python3.8/site-packages/airflow/example_dags/subdags/subdag.py
[2021-03-08 12:31:00,285] {scheduler_job.py:190} INFO - Processing /Users/garymarmon/PycharmProjects/AWTY-Limitless/DataServerContainer/env/lib/python3.8/site-packages/airflow/example_dags/subdags/subdag.py took 0.033 seconds
[2021-03-08 12:32:16,573] {scheduler_job.py:182} INFO - Started process (PID=3977) to work on /Users/garymarmon/PycharmProjects/AWTY-Limitless/DataServerContainer/env/lib/python3.8/site-packages/airflow/example_dags/subdags/subdag.py
[2021-03-08 12:32:16,574] {scheduler_job.py:629} INFO - Processing file /Users/garymarmon/PycharmProjects/AWTY-Limitless/DataServerContainer/env/lib/python3.8/site-packages/airflow/example_dags/subdags/subdag.py for tasks to queue
[2021-03-08 12:32:16,574] {logging_mixin.py:104} INFO - [2021-03-08 12:32:16,574] {dagbag.py:448} INFO - Filling up the DagBag from /Users/garymarmon/PycharmProjects/AWTY-Limitless/DataServerContainer/env/lib/python3.8/site-packages/airflow/example_dags/subdags/subdag.py
[2021-03-08 12:32:16,576] {scheduler_job.py:641} WARNING - No viable dags retrieved from /Users/garymarmon/PycharmProjects/AWTY-Limitless/DataServerContainer/env/lib/python3.8/site-packages/airflow/example_dags/subdags/subdag.py
[2021-03-08 12:32:16,604] {scheduler_job.py:190} INFO - Processing /Users/garymarmon/PycharmProjects/AWTY-Limitless/DataServerContainer/env/lib/python3.8/site-packages/airflow/example_dags/subdags/subdag.py took 0.032 seconds
[2021-03-08 12:33:23,964] {scheduler_job.py:182} INFO - Started process (PID=4057) to work on /Users/garymarmon/PycharmProjects/AWTY-Limitless/DataServerContainer/env/lib/python3.8/site-packages/airflow/example_dags/subdags/subdag.py
[2021-03-08 12:33:23,964] {scheduler_job.py:629} INFO - Processing file /Users/garymarmon/PycharmProjects/AWTY-Limitless/DataServerContainer/env/lib/python3.8/site-packages/airflow/example_dags/subdags/subdag.py for tasks to queue
[2021-03-08 12:33:23,965] {logging_mixin.py:104} INFO - [2021-03-08 12:33:23,965] {dagbag.py:448} INFO - Filling up the DagBag from /Users/garymarmon/PycharmProjects/AWTY-Limitless/DataServerContainer/env/lib/python3.8/site-packages/airflow/example_dags/subdags/subdag.py
[2021-03-08 12:33:23,967] {scheduler_job.py:641} WARNING - No viable dags retrieved from /Users/garymarmon/PycharmProjects/AWTY-Limitless/DataServerContainer/env/lib/python3.8/site-packages/airflow/example_dags/subdags/subdag.py
[2021-03-08 12:33:24,008] {scheduler_job.py:190} INFO - Processing /Users/garymarmon/PycharmProjects/AWTY-Limitless/DataServerContainer/env/lib/python3.8/site-packages/airflow/example_dags/subdags/subdag.py took 0.045 seconds
[2021-03-08 12:34:27,988] {scheduler_job.py:182} INFO - Started process (PID=4132) to work on /Users/garymarmon/PycharmProjects/AWTY-Limitless/DataServerContainer/env/lib/python3.8/site-packages/airflow/example_dags/subdags/subdag.py
[2021-03-08 12:34:27,988] {scheduler_job.py:629} INFO - Processing file /Users/garymarmon/PycharmProjects/AWTY-Limitless/DataServerContainer/env/lib/python3.8/site-packages/airflow/example_dags/subdags/subdag.py for tasks to queue
[2021-03-08 12:34:27,989] {logging_mixin.py:104} INFO - [2021-03-08 12:34:27,989] {dagbag.py:448} INFO - Filling up the DagBag from /Users/garymarmon/PycharmProjects/AWTY-Limitless/DataServerContainer/env/lib/python3.8/site-packages/airflow/example_dags/subdags/subdag.py
[2021-03-08 12:34:27,990] {scheduler_job.py:641} WARNING - No viable dags retrieved from /Users/garymarmon/PycharmProjects/AWTY-Limitless/DataServerContainer/env/lib/python3.8/site-packages/airflow/example_dags/subdags/subdag.py
[2021-03-08 12:34:28,021] {scheduler_job.py:190} INFO - Processing /Users/garymarmon/PycharmProjects/AWTY-Limitless/DataServerContainer/env/lib/python3.8/site-packages/airflow/example_dags/subdags/subdag.py took 0.034 seconds
[2021-03-08 12:35:39,546] {scheduler_job.py:182} INFO - Started process (PID=4212) to work on /Users/garymarmon/PycharmProjects/AWTY-Limitless/DataServerContainer/env/lib/python3.8/site-packages/airflow/example_dags/subdags/subdag.py
[2021-03-08 12:35:39,547] {scheduler_job.py:629} INFO - Processing file /Users/garymarmon/PycharmProjects/AWTY-Limitless/DataServerContainer/env/lib/python3.8/site-packages/airflow/example_dags/subdags/subdag.py for tasks to queue
[2021-03-08 12:35:39,547] {logging_mixin.py:104} INFO - [2021-03-08 12:35:39,547] {dagbag.py:448} INFO - Filling up the DagBag from /Users/garymarmon/PycharmProjects/AWTY-Limitless/DataServerContainer/env/lib/python3.8/site-packages/airflow/example_dags/subdags/subdag.py
[2021-03-08 12:35:39,548] {scheduler_job.py:641} WARNING - No viable dags retrieved from /Users/garymarmon/PycharmProjects/AWTY-Limitless/DataServerContainer/env/lib/python3.8/site-packages/airflow/example_dags/subdags/subdag.py
[2021-03-08 12:35:39,574] {scheduler_job.py:190} INFO - Processing /Users/garymarmon/PycharmProjects/AWTY-Limitless/DataServerContainer/env/lib/python3.8/site-packages/airflow/example_dags/subdags/subdag.py took 0.029 seconds
[2021-03-08 12:36:45,921] {scheduler_job.py:182} INFO - Started process (PID=4296) to work on /Users/garymarmon/PycharmProjects/AWTY-Limitless/DataServerContainer/env/lib/python3.8/site-packages/airflow/example_dags/subdags/subdag.py
[2021-03-08 12:36:45,922] {scheduler_job.py:629} INFO - Processing file /Users/garymarmon/PycharmProjects/AWTY-Limitless/DataServerContainer/env/lib/python3.8/site-packages/airflow/example_dags/subdags/subdag.py for tasks to queue
[2021-03-08 12:36:45,922] {logging_mixin.py:104} INFO - [2021-03-08 12:36:45,922] {dagbag.py:448} INFO - Filling up the DagBag from /Users/garymarmon/PycharmProjects/AWTY-Limitless/DataServerContainer/env/lib/python3.8/site-packages/airflow/example_dags/subdags/subdag.py
[2021-03-08 12:36:45,924] {scheduler_job.py:641} WARNING - No viable dags retrieved from /Users/garymarmon/PycharmProjects/AWTY-Limitless/DataServerContainer/env/lib/python3.8/site-packages/airflow/example_dags/subdags/subdag.py
[2021-03-08 12:36:45,956] {scheduler_job.py:190} INFO - Processing /Users/garymarmon/PycharmProjects/AWTY-Limitless/DataServerContainer/env/lib/python3.8/site-packages/airflow/example_dags/subdags/subdag.py took 0.036 seconds
