[2021-02-23 20:33:14,543] {scheduler_job.py:182} INFO - Started process (PID=29) to work on /opt/airflow/dags/dummy_dag.py
[2021-02-23 20:33:14,544] {scheduler_job.py:633} INFO - Processing file /opt/airflow/dags/dummy_dag.py for tasks to queue
[2021-02-23 20:33:14,546] {logging_mixin.py:104} INFO - [2021-02-23 20:33:14,546] {dagbag.py:448} INFO - Filling up the DagBag from /opt/airflow/dags/dummy_dag.py
[2021-02-23 20:33:14,689] {scheduler_job.py:643} INFO - DAG(s) dict_keys(['example_dag']) retrieved from /opt/airflow/dags/dummy_dag.py
[2021-02-23 20:33:14,751] {logging_mixin.py:104} INFO - [2021-02-23 20:33:14,751] {dag.py:1818} INFO - Sync 1 DAGs
[2021-02-23 20:33:14,765] {logging_mixin.py:104} INFO - [2021-02-23 20:33:14,765] {dag.py:1837} INFO - Creating ORM DAG for example_dag
[2021-02-23 20:33:14,914] {logging_mixin.py:104} INFO - [2021-02-23 20:33:14,914] {dag.py:2273} INFO - Setting next_dagrun for example_dag to 2016-01-01T00:00:00+00:00
[2021-02-23 20:33:15,021] {scheduler_job.py:190} INFO - Processing /opt/airflow/dags/dummy_dag.py took 0.482 seconds
[2021-02-23 20:34:01,041] {scheduler_job.py:182} INFO - Started process (PID=57) to work on /opt/airflow/dags/dummy_dag.py
[2021-02-23 20:34:01,132] {scheduler_job.py:633} INFO - Processing file /opt/airflow/dags/dummy_dag.py for tasks to queue
[2021-02-23 20:34:01,140] {logging_mixin.py:104} INFO - [2021-02-23 20:34:01,140] {dagbag.py:448} INFO - Filling up the DagBag from /opt/airflow/dags/dummy_dag.py
[2021-02-23 20:34:01,619] {scheduler_job.py:643} INFO - DAG(s) dict_keys(['example_dag']) retrieved from /opt/airflow/dags/dummy_dag.py
[2021-02-23 20:34:02,342] {logging_mixin.py:104} INFO - [2021-02-23 20:34:02,340] {dag.py:1818} INFO - Sync 1 DAGs
[2021-02-23 20:34:05,849] {logging_mixin.py:104} INFO - [2021-02-23 20:34:05,840] {dag.py:2273} INFO - Setting next_dagrun for example_dag to 2016-01-01T00:00:00+00:00
[2021-02-23 20:34:06,853] {scheduler_job.py:190} INFO - Processing /opt/airflow/dags/dummy_dag.py took 5.857 seconds
[2021-02-23 20:34:39,027] {scheduler_job.py:182} INFO - Started process (PID=85) to work on /opt/airflow/dags/dummy_dag.py
[2021-02-23 20:34:39,030] {scheduler_job.py:633} INFO - Processing file /opt/airflow/dags/dummy_dag.py for tasks to queue
[2021-02-23 20:34:39,033] {logging_mixin.py:104} INFO - [2021-02-23 20:34:39,033] {dagbag.py:448} INFO - Filling up the DagBag from /opt/airflow/dags/dummy_dag.py
[2021-02-23 20:34:39,175] {scheduler_job.py:643} INFO - DAG(s) dict_keys(['example_dag']) retrieved from /opt/airflow/dags/dummy_dag.py
[2021-02-23 20:34:42,325] {logging_mixin.py:104} INFO - [2021-02-23 20:34:42,325] {dag.py:1818} INFO - Sync 1 DAGs
[2021-02-23 20:34:42,384] {logging_mixin.py:104} INFO - [2021-02-23 20:34:42,384] {dag.py:2273} INFO - Setting next_dagrun for example_dag to 2016-01-01T00:00:00+00:00
[2021-02-23 20:34:42,417] {scheduler_job.py:190} INFO - Processing /opt/airflow/dags/dummy_dag.py took 3.394 seconds
[2021-02-23 20:35:18,243] {scheduler_job.py:182} INFO - Started process (PID=113) to work on /opt/airflow/dags/dummy_dag.py
[2021-02-23 20:35:18,247] {scheduler_job.py:633} INFO - Processing file /opt/airflow/dags/dummy_dag.py for tasks to queue
[2021-02-23 20:35:18,250] {logging_mixin.py:104} INFO - [2021-02-23 20:35:18,250] {dagbag.py:448} INFO - Filling up the DagBag from /opt/airflow/dags/dummy_dag.py
[2021-02-23 20:35:18,278] {scheduler_job.py:643} INFO - DAG(s) dict_keys(['example_dag']) retrieved from /opt/airflow/dags/dummy_dag.py
[2021-02-23 20:35:18,312] {logging_mixin.py:104} INFO - [2021-02-23 20:35:18,312] {dag.py:1818} INFO - Sync 1 DAGs
[2021-02-23 20:35:18,337] {logging_mixin.py:104} INFO - [2021-02-23 20:35:18,337] {dag.py:2273} INFO - Setting next_dagrun for example_dag to 2016-01-01T00:00:00+00:00
[2021-02-23 20:35:18,348] {scheduler_job.py:190} INFO - Processing /opt/airflow/dags/dummy_dag.py took 0.111 seconds
