[2021-02-22 17:52:54,146] {scheduler_job.py:182} INFO - Started process (PID=36) to work on /home/airflow/.local/lib/python3.8/site-packages/airflow/example_dags/example_kubernetes_executor.py
[2021-02-22 17:52:54,148] {scheduler_job.py:633} INFO - Processing file /home/airflow/.local/lib/python3.8/site-packages/airflow/example_dags/example_kubernetes_executor.py for tasks to queue
[2021-02-22 17:52:54,149] {logging_mixin.py:104} INFO - [2021-02-22 17:52:54,149] {dagbag.py:448} INFO - Filling up the DagBag from /home/airflow/.local/lib/python3.8/site-packages/airflow/example_dags/example_kubernetes_executor.py
[2021-02-22 17:52:54,169] {scheduler_job.py:643} INFO - DAG(s) dict_keys(['example_kubernetes_executor']) retrieved from /home/airflow/.local/lib/python3.8/site-packages/airflow/example_dags/example_kubernetes_executor.py
[2021-02-22 17:52:54,214] {logging_mixin.py:104} INFO - [2021-02-22 17:52:54,214] {dag.py:1818} INFO - Sync 1 DAGs
[2021-02-22 17:52:54,229] {logging_mixin.py:104} INFO - [2021-02-22 17:52:54,229] {dag.py:1837} INFO - Creating ORM DAG for example_kubernetes_executor
[2021-02-22 17:52:54,237] {logging_mixin.py:104} INFO - [2021-02-22 17:52:54,237] {dag.py:2273} INFO - Setting next_dagrun for example_kubernetes_executor to None
[2021-02-22 17:52:54,269] {scheduler_job.py:190} INFO - Processing /home/airflow/.local/lib/python3.8/site-packages/airflow/example_dags/example_kubernetes_executor.py took 0.128 seconds
[2021-02-22 17:53:33,435] {scheduler_job.py:182} INFO - Started process (PID=64) to work on /home/airflow/.local/lib/python3.8/site-packages/airflow/example_dags/example_kubernetes_executor.py
[2021-02-22 17:53:33,436] {scheduler_job.py:633} INFO - Processing file /home/airflow/.local/lib/python3.8/site-packages/airflow/example_dags/example_kubernetes_executor.py for tasks to queue
[2021-02-22 17:53:33,437] {logging_mixin.py:104} INFO - [2021-02-22 17:53:33,437] {dagbag.py:448} INFO - Filling up the DagBag from /home/airflow/.local/lib/python3.8/site-packages/airflow/example_dags/example_kubernetes_executor.py
[2021-02-22 17:53:33,865] {scheduler_job.py:643} INFO - DAG(s) dict_keys(['example_kubernetes_executor']) retrieved from /home/airflow/.local/lib/python3.8/site-packages/airflow/example_dags/example_kubernetes_executor.py
[2021-02-22 17:53:33,889] {logging_mixin.py:104} INFO - [2021-02-22 17:53:33,889] {dag.py:1818} INFO - Sync 1 DAGs
[2021-02-22 17:53:33,904] {logging_mixin.py:104} INFO - [2021-02-22 17:53:33,904] {dag.py:2273} INFO - Setting next_dagrun for example_kubernetes_executor to None
[2021-02-22 17:53:34,416] {scheduler_job.py:190} INFO - Processing /home/airflow/.local/lib/python3.8/site-packages/airflow/example_dags/example_kubernetes_executor.py took 0.984 seconds
[2021-02-22 17:54:22,379] {scheduler_job.py:182} INFO - Started process (PID=46) to work on /home/airflow/.local/lib/python3.8/site-packages/airflow/example_dags/example_kubernetes_executor.py
[2021-02-22 17:54:22,389] {scheduler_job.py:633} INFO - Processing file /home/airflow/.local/lib/python3.8/site-packages/airflow/example_dags/example_kubernetes_executor.py for tasks to queue
[2021-02-22 17:54:22,395] {logging_mixin.py:104} INFO - [2021-02-22 17:54:22,395] {dagbag.py:448} INFO - Filling up the DagBag from /home/airflow/.local/lib/python3.8/site-packages/airflow/example_dags/example_kubernetes_executor.py
[2021-02-22 17:54:22,422] {scheduler_job.py:643} INFO - DAG(s) dict_keys(['example_kubernetes_executor']) retrieved from /home/airflow/.local/lib/python3.8/site-packages/airflow/example_dags/example_kubernetes_executor.py
[2021-02-22 17:54:22,461] {logging_mixin.py:104} INFO - [2021-02-22 17:54:22,461] {dag.py:1818} INFO - Sync 1 DAGs
[2021-02-22 17:54:22,476] {logging_mixin.py:104} INFO - [2021-02-22 17:54:22,476] {dag.py:2273} INFO - Setting next_dagrun for example_kubernetes_executor to None
[2021-02-22 17:54:22,513] {scheduler_job.py:190} INFO - Processing /home/airflow/.local/lib/python3.8/site-packages/airflow/example_dags/example_kubernetes_executor.py took 0.139 seconds
[2021-02-22 17:54:53,112] {scheduler_job.py:182} INFO - Started process (PID=74) to work on /home/airflow/.local/lib/python3.8/site-packages/airflow/example_dags/example_kubernetes_executor.py
[2021-02-22 17:54:53,115] {scheduler_job.py:633} INFO - Processing file /home/airflow/.local/lib/python3.8/site-packages/airflow/example_dags/example_kubernetes_executor.py for tasks to queue
[2021-02-22 17:54:53,116] {logging_mixin.py:104} INFO - [2021-02-22 17:54:53,116] {dagbag.py:448} INFO - Filling up the DagBag from /home/airflow/.local/lib/python3.8/site-packages/airflow/example_dags/example_kubernetes_executor.py
[2021-02-22 17:54:53,132] {scheduler_job.py:643} INFO - DAG(s) dict_keys(['example_kubernetes_executor']) retrieved from /home/airflow/.local/lib/python3.8/site-packages/airflow/example_dags/example_kubernetes_executor.py
[2021-02-22 17:54:53,154] {logging_mixin.py:104} INFO - [2021-02-22 17:54:53,154] {dag.py:1818} INFO - Sync 1 DAGs
[2021-02-22 17:54:53,176] {logging_mixin.py:104} INFO - [2021-02-22 17:54:53,176] {dag.py:2273} INFO - Setting next_dagrun for example_kubernetes_executor to None
[2021-02-22 17:54:53,191] {scheduler_job.py:190} INFO - Processing /home/airflow/.local/lib/python3.8/site-packages/airflow/example_dags/example_kubernetes_executor.py took 0.081 seconds
[2021-02-22 17:55:28,851] {scheduler_job.py:182} INFO - Started process (PID=102) to work on /home/airflow/.local/lib/python3.8/site-packages/airflow/example_dags/example_kubernetes_executor.py
[2021-02-22 17:55:28,853] {scheduler_job.py:633} INFO - Processing file /home/airflow/.local/lib/python3.8/site-packages/airflow/example_dags/example_kubernetes_executor.py for tasks to queue
[2021-02-22 17:55:28,855] {logging_mixin.py:104} INFO - [2021-02-22 17:55:28,855] {dagbag.py:448} INFO - Filling up the DagBag from /home/airflow/.local/lib/python3.8/site-packages/airflow/example_dags/example_kubernetes_executor.py
[2021-02-22 17:55:29,021] {scheduler_job.py:643} INFO - DAG(s) dict_keys(['example_kubernetes_executor']) retrieved from /home/airflow/.local/lib/python3.8/site-packages/airflow/example_dags/example_kubernetes_executor.py
[2021-02-22 17:55:29,190] {logging_mixin.py:104} INFO - [2021-02-22 17:55:29,190] {dag.py:1818} INFO - Sync 1 DAGs
[2021-02-22 17:55:29,204] {logging_mixin.py:104} INFO - [2021-02-22 17:55:29,204] {dag.py:2273} INFO - Setting next_dagrun for example_kubernetes_executor to None
[2021-02-22 17:55:29,252] {scheduler_job.py:190} INFO - Processing /home/airflow/.local/lib/python3.8/site-packages/airflow/example_dags/example_kubernetes_executor.py took 0.405 seconds
[2021-02-22 17:56:00,319] {scheduler_job.py:182} INFO - Started process (PID=130) to work on /home/airflow/.local/lib/python3.8/site-packages/airflow/example_dags/example_kubernetes_executor.py
[2021-02-22 17:56:00,320] {scheduler_job.py:633} INFO - Processing file /home/airflow/.local/lib/python3.8/site-packages/airflow/example_dags/example_kubernetes_executor.py for tasks to queue
[2021-02-22 17:56:00,322] {logging_mixin.py:104} INFO - [2021-02-22 17:56:00,321] {dagbag.py:448} INFO - Filling up the DagBag from /home/airflow/.local/lib/python3.8/site-packages/airflow/example_dags/example_kubernetes_executor.py
[2021-02-22 17:56:00,377] {scheduler_job.py:643} INFO - DAG(s) dict_keys(['example_kubernetes_executor']) retrieved from /home/airflow/.local/lib/python3.8/site-packages/airflow/example_dags/example_kubernetes_executor.py
[2021-02-22 17:56:00,409] {logging_mixin.py:104} INFO - [2021-02-22 17:56:00,409] {dag.py:1818} INFO - Sync 1 DAGs
[2021-02-22 17:56:00,426] {logging_mixin.py:104} INFO - [2021-02-22 17:56:00,426] {dag.py:2273} INFO - Setting next_dagrun for example_kubernetes_executor to None
[2021-02-22 17:56:00,476] {scheduler_job.py:190} INFO - Processing /home/airflow/.local/lib/python3.8/site-packages/airflow/example_dags/example_kubernetes_executor.py took 0.161 seconds
[2021-02-22 18:03:24,109] {scheduler_job.py:182} INFO - Started process (PID=41) to work on /home/airflow/.local/lib/python3.8/site-packages/airflow/example_dags/example_kubernetes_executor.py
[2021-02-22 18:03:24,116] {scheduler_job.py:633} INFO - Processing file /home/airflow/.local/lib/python3.8/site-packages/airflow/example_dags/example_kubernetes_executor.py for tasks to queue
[2021-02-22 18:03:24,123] {logging_mixin.py:104} INFO - [2021-02-22 18:03:24,123] {dagbag.py:448} INFO - Filling up the DagBag from /home/airflow/.local/lib/python3.8/site-packages/airflow/example_dags/example_kubernetes_executor.py
[2021-02-22 18:03:24,146] {scheduler_job.py:643} INFO - DAG(s) dict_keys(['example_kubernetes_executor']) retrieved from /home/airflow/.local/lib/python3.8/site-packages/airflow/example_dags/example_kubernetes_executor.py
[2021-02-22 18:03:24,211] {logging_mixin.py:104} INFO - [2021-02-22 18:03:24,210] {dag.py:1818} INFO - Sync 1 DAGs
[2021-02-22 18:03:24,236] {logging_mixin.py:104} INFO - [2021-02-22 18:03:24,236] {dag.py:2273} INFO - Setting next_dagrun for example_kubernetes_executor to None
[2021-02-22 18:03:24,293] {scheduler_job.py:190} INFO - Processing /home/airflow/.local/lib/python3.8/site-packages/airflow/example_dags/example_kubernetes_executor.py took 0.196 seconds
[2021-02-22 18:03:54,500] {scheduler_job.py:182} INFO - Started process (PID=69) to work on /home/airflow/.local/lib/python3.8/site-packages/airflow/example_dags/example_kubernetes_executor.py
[2021-02-22 18:03:54,502] {scheduler_job.py:633} INFO - Processing file /home/airflow/.local/lib/python3.8/site-packages/airflow/example_dags/example_kubernetes_executor.py for tasks to queue
[2021-02-22 18:03:54,505] {logging_mixin.py:104} INFO - [2021-02-22 18:03:54,505] {dagbag.py:448} INFO - Filling up the DagBag from /home/airflow/.local/lib/python3.8/site-packages/airflow/example_dags/example_kubernetes_executor.py
[2021-02-22 18:03:54,536] {scheduler_job.py:643} INFO - DAG(s) dict_keys(['example_kubernetes_executor']) retrieved from /home/airflow/.local/lib/python3.8/site-packages/airflow/example_dags/example_kubernetes_executor.py
[2021-02-22 18:03:54,563] {logging_mixin.py:104} INFO - [2021-02-22 18:03:54,563] {dag.py:1818} INFO - Sync 1 DAGs
[2021-02-22 18:03:54,586] {logging_mixin.py:104} INFO - [2021-02-22 18:03:54,586] {dag.py:2273} INFO - Setting next_dagrun for example_kubernetes_executor to None
[2021-02-22 18:03:54,613] {scheduler_job.py:190} INFO - Processing /home/airflow/.local/lib/python3.8/site-packages/airflow/example_dags/example_kubernetes_executor.py took 0.117 seconds
[2021-02-22 18:04:32,426] {scheduler_job.py:182} INFO - Started process (PID=97) to work on /home/airflow/.local/lib/python3.8/site-packages/airflow/example_dags/example_kubernetes_executor.py
[2021-02-22 18:04:32,428] {scheduler_job.py:633} INFO - Processing file /home/airflow/.local/lib/python3.8/site-packages/airflow/example_dags/example_kubernetes_executor.py for tasks to queue
[2021-02-22 18:04:32,429] {logging_mixin.py:104} INFO - [2021-02-22 18:04:32,429] {dagbag.py:448} INFO - Filling up the DagBag from /home/airflow/.local/lib/python3.8/site-packages/airflow/example_dags/example_kubernetes_executor.py
[2021-02-22 18:04:32,500] {scheduler_job.py:643} INFO - DAG(s) dict_keys(['example_kubernetes_executor']) retrieved from /home/airflow/.local/lib/python3.8/site-packages/airflow/example_dags/example_kubernetes_executor.py
[2021-02-22 18:04:32,527] {logging_mixin.py:104} INFO - [2021-02-22 18:04:32,527] {dag.py:1818} INFO - Sync 1 DAGs
[2021-02-22 18:04:32,542] {logging_mixin.py:104} INFO - [2021-02-22 18:04:32,542] {dag.py:2273} INFO - Setting next_dagrun for example_kubernetes_executor to None
[2021-02-22 18:04:32,582] {scheduler_job.py:190} INFO - Processing /home/airflow/.local/lib/python3.8/site-packages/airflow/example_dags/example_kubernetes_executor.py took 0.159 seconds
[2021-02-22 18:05:02,766] {scheduler_job.py:182} INFO - Started process (PID=122) to work on /home/airflow/.local/lib/python3.8/site-packages/airflow/example_dags/example_kubernetes_executor.py
[2021-02-22 18:05:02,769] {scheduler_job.py:633} INFO - Processing file /home/airflow/.local/lib/python3.8/site-packages/airflow/example_dags/example_kubernetes_executor.py for tasks to queue
[2021-02-22 18:05:02,773] {logging_mixin.py:104} INFO - [2021-02-22 18:05:02,773] {dagbag.py:448} INFO - Filling up the DagBag from /home/airflow/.local/lib/python3.8/site-packages/airflow/example_dags/example_kubernetes_executor.py
[2021-02-22 18:05:02,801] {scheduler_job.py:643} INFO - DAG(s) dict_keys(['example_kubernetes_executor']) retrieved from /home/airflow/.local/lib/python3.8/site-packages/airflow/example_dags/example_kubernetes_executor.py
[2021-02-22 18:05:02,839] {logging_mixin.py:104} INFO - [2021-02-22 18:05:02,839] {dag.py:1818} INFO - Sync 1 DAGs
[2021-02-22 18:05:02,864] {logging_mixin.py:104} INFO - [2021-02-22 18:05:02,864] {dag.py:2273} INFO - Setting next_dagrun for example_kubernetes_executor to None
[2021-02-22 18:05:02,890] {scheduler_job.py:190} INFO - Processing /home/airflow/.local/lib/python3.8/site-packages/airflow/example_dags/example_kubernetes_executor.py took 0.128 seconds
[2021-02-22 18:05:45,980] {scheduler_job.py:182} INFO - Started process (PID=33) to work on /home/airflow/.local/lib/python3.8/site-packages/airflow/example_dags/example_kubernetes_executor.py
[2021-02-22 18:05:45,994] {scheduler_job.py:633} INFO - Processing file /home/airflow/.local/lib/python3.8/site-packages/airflow/example_dags/example_kubernetes_executor.py for tasks to queue
[2021-02-22 18:05:46,008] {logging_mixin.py:104} INFO - [2021-02-22 18:05:46,008] {dagbag.py:448} INFO - Filling up the DagBag from /home/airflow/.local/lib/python3.8/site-packages/airflow/example_dags/example_kubernetes_executor.py
[2021-02-22 18:05:46,063] {scheduler_job.py:643} INFO - DAG(s) dict_keys(['example_kubernetes_executor']) retrieved from /home/airflow/.local/lib/python3.8/site-packages/airflow/example_dags/example_kubernetes_executor.py
[2021-02-22 18:05:46,158] {logging_mixin.py:104} INFO - [2021-02-22 18:05:46,158] {dag.py:1818} INFO - Sync 1 DAGs
[2021-02-22 18:05:46,250] {logging_mixin.py:104} INFO - [2021-02-22 18:05:46,250] {dag.py:2273} INFO - Setting next_dagrun for example_kubernetes_executor to None
[2021-02-22 18:05:46,304] {scheduler_job.py:190} INFO - Processing /home/airflow/.local/lib/python3.8/site-packages/airflow/example_dags/example_kubernetes_executor.py took 0.329 seconds
[2021-02-22 18:06:23,904] {scheduler_job.py:182} INFO - Started process (PID=60) to work on /home/airflow/.local/lib/python3.8/site-packages/airflow/example_dags/example_kubernetes_executor.py
[2021-02-22 18:06:23,917] {scheduler_job.py:633} INFO - Processing file /home/airflow/.local/lib/python3.8/site-packages/airflow/example_dags/example_kubernetes_executor.py for tasks to queue
[2021-02-22 18:06:23,918] {logging_mixin.py:104} INFO - [2021-02-22 18:06:23,918] {dagbag.py:448} INFO - Filling up the DagBag from /home/airflow/.local/lib/python3.8/site-packages/airflow/example_dags/example_kubernetes_executor.py
[2021-02-22 18:06:24,006] {scheduler_job.py:643} INFO - DAG(s) dict_keys(['example_kubernetes_executor']) retrieved from /home/airflow/.local/lib/python3.8/site-packages/airflow/example_dags/example_kubernetes_executor.py
[2021-02-22 18:06:24,058] {logging_mixin.py:104} INFO - [2021-02-22 18:06:24,056] {dag.py:1818} INFO - Sync 1 DAGs
[2021-02-22 18:06:24,085] {logging_mixin.py:104} INFO - [2021-02-22 18:06:24,085] {dag.py:2273} INFO - Setting next_dagrun for example_kubernetes_executor to None
[2021-02-22 18:06:24,153] {scheduler_job.py:190} INFO - Processing /home/airflow/.local/lib/python3.8/site-packages/airflow/example_dags/example_kubernetes_executor.py took 0.253 seconds
[2021-02-22 18:07:01,885] {scheduler_job.py:182} INFO - Started process (PID=89) to work on /home/airflow/.local/lib/python3.8/site-packages/airflow/example_dags/example_kubernetes_executor.py
[2021-02-22 18:07:01,889] {scheduler_job.py:633} INFO - Processing file /home/airflow/.local/lib/python3.8/site-packages/airflow/example_dags/example_kubernetes_executor.py for tasks to queue
[2021-02-22 18:07:01,891] {logging_mixin.py:104} INFO - [2021-02-22 18:07:01,891] {dagbag.py:448} INFO - Filling up the DagBag from /home/airflow/.local/lib/python3.8/site-packages/airflow/example_dags/example_kubernetes_executor.py
[2021-02-22 18:07:01,917] {scheduler_job.py:643} INFO - DAG(s) dict_keys(['example_kubernetes_executor']) retrieved from /home/airflow/.local/lib/python3.8/site-packages/airflow/example_dags/example_kubernetes_executor.py
[2021-02-22 18:07:01,973] {logging_mixin.py:104} INFO - [2021-02-22 18:07:01,972] {dag.py:1818} INFO - Sync 1 DAGs
[2021-02-22 18:07:01,986] {logging_mixin.py:104} INFO - [2021-02-22 18:07:01,986] {dag.py:2273} INFO - Setting next_dagrun for example_kubernetes_executor to None
[2021-02-22 18:07:02,022] {scheduler_job.py:190} INFO - Processing /home/airflow/.local/lib/python3.8/site-packages/airflow/example_dags/example_kubernetes_executor.py took 0.148 seconds
[2021-02-22 18:08:18,484] {scheduler_job.py:182} INFO - Started process (PID=34) to work on /home/airflow/.local/lib/python3.8/site-packages/airflow/example_dags/example_kubernetes_executor.py
[2021-02-22 18:08:18,491] {scheduler_job.py:633} INFO - Processing file /home/airflow/.local/lib/python3.8/site-packages/airflow/example_dags/example_kubernetes_executor.py for tasks to queue
[2021-02-22 18:08:18,495] {logging_mixin.py:104} INFO - [2021-02-22 18:08:18,495] {dagbag.py:448} INFO - Filling up the DagBag from /home/airflow/.local/lib/python3.8/site-packages/airflow/example_dags/example_kubernetes_executor.py
[2021-02-22 18:08:18,531] {scheduler_job.py:643} INFO - DAG(s) dict_keys(['example_kubernetes_executor']) retrieved from /home/airflow/.local/lib/python3.8/site-packages/airflow/example_dags/example_kubernetes_executor.py
[2021-02-22 18:08:18,602] {logging_mixin.py:104} INFO - [2021-02-22 18:08:18,601] {dag.py:1818} INFO - Sync 1 DAGs
[2021-02-22 18:08:18,641] {logging_mixin.py:104} INFO - [2021-02-22 18:08:18,641] {dag.py:2273} INFO - Setting next_dagrun for example_kubernetes_executor to None
[2021-02-22 18:08:18,663] {scheduler_job.py:190} INFO - Processing /home/airflow/.local/lib/python3.8/site-packages/airflow/example_dags/example_kubernetes_executor.py took 0.193 seconds
[2021-02-22 18:08:53,858] {scheduler_job.py:182} INFO - Started process (PID=62) to work on /home/airflow/.local/lib/python3.8/site-packages/airflow/example_dags/example_kubernetes_executor.py
[2021-02-22 18:08:53,889] {scheduler_job.py:633} INFO - Processing file /home/airflow/.local/lib/python3.8/site-packages/airflow/example_dags/example_kubernetes_executor.py for tasks to queue
[2021-02-22 18:08:53,890] {logging_mixin.py:104} INFO - [2021-02-22 18:08:53,890] {dagbag.py:448} INFO - Filling up the DagBag from /home/airflow/.local/lib/python3.8/site-packages/airflow/example_dags/example_kubernetes_executor.py
[2021-02-22 18:08:54,228] {scheduler_job.py:643} INFO - DAG(s) dict_keys(['example_kubernetes_executor']) retrieved from /home/airflow/.local/lib/python3.8/site-packages/airflow/example_dags/example_kubernetes_executor.py
[2021-02-22 18:08:54,284] {logging_mixin.py:104} INFO - [2021-02-22 18:08:54,284] {dag.py:1818} INFO - Sync 1 DAGs
[2021-02-22 18:08:54,337] {logging_mixin.py:104} INFO - [2021-02-22 18:08:54,337] {dag.py:2273} INFO - Setting next_dagrun for example_kubernetes_executor to None
[2021-02-22 18:08:54,392] {scheduler_job.py:190} INFO - Processing /home/airflow/.local/lib/python3.8/site-packages/airflow/example_dags/example_kubernetes_executor.py took 0.538 seconds
[2021-02-22 18:09:25,511] {scheduler_job.py:182} INFO - Started process (PID=93) to work on /home/airflow/.local/lib/python3.8/site-packages/airflow/example_dags/example_kubernetes_executor.py
[2021-02-22 18:09:25,513] {scheduler_job.py:633} INFO - Processing file /home/airflow/.local/lib/python3.8/site-packages/airflow/example_dags/example_kubernetes_executor.py for tasks to queue
[2021-02-22 18:09:25,514] {logging_mixin.py:104} INFO - [2021-02-22 18:09:25,514] {dagbag.py:448} INFO - Filling up the DagBag from /home/airflow/.local/lib/python3.8/site-packages/airflow/example_dags/example_kubernetes_executor.py
[2021-02-22 18:09:25,529] {scheduler_job.py:643} INFO - DAG(s) dict_keys(['example_kubernetes_executor']) retrieved from /home/airflow/.local/lib/python3.8/site-packages/airflow/example_dags/example_kubernetes_executor.py
[2021-02-22 18:09:25,565] {logging_mixin.py:104} INFO - [2021-02-22 18:09:25,564] {dag.py:1818} INFO - Sync 1 DAGs
[2021-02-22 18:09:25,584] {logging_mixin.py:104} INFO - [2021-02-22 18:09:25,584] {dag.py:2273} INFO - Setting next_dagrun for example_kubernetes_executor to None
[2021-02-22 18:09:25,604] {scheduler_job.py:190} INFO - Processing /home/airflow/.local/lib/python3.8/site-packages/airflow/example_dags/example_kubernetes_executor.py took 0.097 seconds
[2021-02-22 18:10:04,669] {scheduler_job.py:182} INFO - Started process (PID=118) to work on /home/airflow/.local/lib/python3.8/site-packages/airflow/example_dags/example_kubernetes_executor.py
[2021-02-22 18:10:04,675] {scheduler_job.py:633} INFO - Processing file /home/airflow/.local/lib/python3.8/site-packages/airflow/example_dags/example_kubernetes_executor.py for tasks to queue
[2021-02-22 18:10:04,681] {logging_mixin.py:104} INFO - [2021-02-22 18:10:04,681] {dagbag.py:448} INFO - Filling up the DagBag from /home/airflow/.local/lib/python3.8/site-packages/airflow/example_dags/example_kubernetes_executor.py
[2021-02-22 18:10:04,764] {scheduler_job.py:643} INFO - DAG(s) dict_keys(['example_kubernetes_executor']) retrieved from /home/airflow/.local/lib/python3.8/site-packages/airflow/example_dags/example_kubernetes_executor.py
[2021-02-22 18:10:04,799] {logging_mixin.py:104} INFO - [2021-02-22 18:10:04,799] {dag.py:1818} INFO - Sync 1 DAGs
[2021-02-22 18:10:04,821] {logging_mixin.py:104} INFO - [2021-02-22 18:10:04,821] {dag.py:2273} INFO - Setting next_dagrun for example_kubernetes_executor to None
[2021-02-22 18:10:04,854] {scheduler_job.py:190} INFO - Processing /home/airflow/.local/lib/python3.8/site-packages/airflow/example_dags/example_kubernetes_executor.py took 0.190 seconds
[2021-02-22 18:12:28,293] {scheduler_job.py:182} INFO - Started process (PID=41) to work on /home/airflow/.local/lib/python3.8/site-packages/airflow/example_dags/example_kubernetes_executor.py
[2021-02-22 18:12:28,296] {scheduler_job.py:633} INFO - Processing file /home/airflow/.local/lib/python3.8/site-packages/airflow/example_dags/example_kubernetes_executor.py for tasks to queue
[2021-02-22 18:12:28,298] {logging_mixin.py:104} INFO - [2021-02-22 18:12:28,298] {dagbag.py:448} INFO - Filling up the DagBag from /home/airflow/.local/lib/python3.8/site-packages/airflow/example_dags/example_kubernetes_executor.py
[2021-02-22 18:12:28,340] {scheduler_job.py:643} INFO - DAG(s) dict_keys(['example_kubernetes_executor']) retrieved from /home/airflow/.local/lib/python3.8/site-packages/airflow/example_dags/example_kubernetes_executor.py
[2021-02-22 18:12:28,379] {logging_mixin.py:104} INFO - [2021-02-22 18:12:28,379] {dag.py:1818} INFO - Sync 1 DAGs
[2021-02-22 18:12:28,398] {logging_mixin.py:104} INFO - [2021-02-22 18:12:28,398] {dag.py:2273} INFO - Setting next_dagrun for example_kubernetes_executor to None
[2021-02-22 18:12:28,423] {scheduler_job.py:190} INFO - Processing /home/airflow/.local/lib/python3.8/site-packages/airflow/example_dags/example_kubernetes_executor.py took 0.139 seconds
[2021-02-22 18:12:58,593] {scheduler_job.py:182} INFO - Started process (PID=69) to work on /home/airflow/.local/lib/python3.8/site-packages/airflow/example_dags/example_kubernetes_executor.py
[2021-02-22 18:12:58,606] {scheduler_job.py:633} INFO - Processing file /home/airflow/.local/lib/python3.8/site-packages/airflow/example_dags/example_kubernetes_executor.py for tasks to queue
[2021-02-22 18:12:58,607] {logging_mixin.py:104} INFO - [2021-02-22 18:12:58,607] {dagbag.py:448} INFO - Filling up the DagBag from /home/airflow/.local/lib/python3.8/site-packages/airflow/example_dags/example_kubernetes_executor.py
[2021-02-22 18:12:58,633] {scheduler_job.py:643} INFO - DAG(s) dict_keys(['example_kubernetes_executor']) retrieved from /home/airflow/.local/lib/python3.8/site-packages/airflow/example_dags/example_kubernetes_executor.py
[2021-02-22 18:12:58,671] {logging_mixin.py:104} INFO - [2021-02-22 18:12:58,671] {dag.py:1818} INFO - Sync 1 DAGs
[2021-02-22 18:12:58,697] {logging_mixin.py:104} INFO - [2021-02-22 18:12:58,696] {dag.py:2273} INFO - Setting next_dagrun for example_kubernetes_executor to None
[2021-02-22 18:12:58,737] {scheduler_job.py:190} INFO - Processing /home/airflow/.local/lib/python3.8/site-packages/airflow/example_dags/example_kubernetes_executor.py took 0.150 seconds
[2021-02-22 18:13:36,025] {scheduler_job.py:182} INFO - Started process (PID=97) to work on /home/airflow/.local/lib/python3.8/site-packages/airflow/example_dags/example_kubernetes_executor.py
[2021-02-22 18:13:36,027] {scheduler_job.py:633} INFO - Processing file /home/airflow/.local/lib/python3.8/site-packages/airflow/example_dags/example_kubernetes_executor.py for tasks to queue
[2021-02-22 18:13:36,030] {logging_mixin.py:104} INFO - [2021-02-22 18:13:36,029] {dagbag.py:448} INFO - Filling up the DagBag from /home/airflow/.local/lib/python3.8/site-packages/airflow/example_dags/example_kubernetes_executor.py
[2021-02-22 18:13:36,046] {scheduler_job.py:643} INFO - DAG(s) dict_keys(['example_kubernetes_executor']) retrieved from /home/airflow/.local/lib/python3.8/site-packages/airflow/example_dags/example_kubernetes_executor.py
[2021-02-22 18:13:36,084] {logging_mixin.py:104} INFO - [2021-02-22 18:13:36,084] {dag.py:1818} INFO - Sync 1 DAGs
[2021-02-22 18:13:36,101] {logging_mixin.py:104} INFO - [2021-02-22 18:13:36,101] {dag.py:2273} INFO - Setting next_dagrun for example_kubernetes_executor to None
[2021-02-22 18:13:36,112] {scheduler_job.py:190} INFO - Processing /home/airflow/.local/lib/python3.8/site-packages/airflow/example_dags/example_kubernetes_executor.py took 0.090 seconds
[2021-02-22 18:14:09,101] {scheduler_job.py:182} INFO - Started process (PID=125) to work on /home/airflow/.local/lib/python3.8/site-packages/airflow/example_dags/example_kubernetes_executor.py
[2021-02-22 18:14:09,103] {scheduler_job.py:633} INFO - Processing file /home/airflow/.local/lib/python3.8/site-packages/airflow/example_dags/example_kubernetes_executor.py for tasks to queue
[2021-02-22 18:14:09,105] {logging_mixin.py:104} INFO - [2021-02-22 18:14:09,104] {dagbag.py:448} INFO - Filling up the DagBag from /home/airflow/.local/lib/python3.8/site-packages/airflow/example_dags/example_kubernetes_executor.py
[2021-02-22 18:14:09,121] {scheduler_job.py:643} INFO - DAG(s) dict_keys(['example_kubernetes_executor']) retrieved from /home/airflow/.local/lib/python3.8/site-packages/airflow/example_dags/example_kubernetes_executor.py
[2021-02-22 18:14:09,152] {logging_mixin.py:104} INFO - [2021-02-22 18:14:09,152] {dag.py:1818} INFO - Sync 1 DAGs
[2021-02-22 18:14:09,169] {logging_mixin.py:104} INFO - [2021-02-22 18:14:09,169] {dag.py:2273} INFO - Setting next_dagrun for example_kubernetes_executor to None
[2021-02-22 18:14:09,228] {scheduler_job.py:190} INFO - Processing /home/airflow/.local/lib/python3.8/site-packages/airflow/example_dags/example_kubernetes_executor.py took 0.133 seconds
[2021-02-22 18:17:44,957] {scheduler_job.py:182} INFO - Started process (PID=31) to work on /home/airflow/.local/lib/python3.8/site-packages/airflow/example_dags/example_kubernetes_executor.py
[2021-02-22 18:17:44,964] {scheduler_job.py:633} INFO - Processing file /home/airflow/.local/lib/python3.8/site-packages/airflow/example_dags/example_kubernetes_executor.py for tasks to queue
[2021-02-22 18:17:44,967] {logging_mixin.py:104} INFO - [2021-02-22 18:17:44,967] {dagbag.py:448} INFO - Filling up the DagBag from /home/airflow/.local/lib/python3.8/site-packages/airflow/example_dags/example_kubernetes_executor.py
[2021-02-22 18:17:44,984] {scheduler_job.py:643} INFO - DAG(s) dict_keys(['example_kubernetes_executor']) retrieved from /home/airflow/.local/lib/python3.8/site-packages/airflow/example_dags/example_kubernetes_executor.py
[2021-02-22 18:17:45,079] {logging_mixin.py:104} INFO - [2021-02-22 18:17:45,079] {dag.py:1818} INFO - Sync 1 DAGs
[2021-02-22 18:17:45,124] {logging_mixin.py:104} INFO - [2021-02-22 18:17:45,124] {dag.py:2273} INFO - Setting next_dagrun for example_kubernetes_executor to None
[2021-02-22 18:17:45,178] {scheduler_job.py:190} INFO - Processing /home/airflow/.local/lib/python3.8/site-packages/airflow/example_dags/example_kubernetes_executor.py took 0.239 seconds
