[2021-02-22 17:52:54,483] {scheduler_job.py:182} INFO - Started process (PID=39) to work on /home/airflow/.local/lib/python3.8/site-packages/airflow/example_dags/example_skip_dag.py
[2021-02-22 17:52:54,486] {scheduler_job.py:633} INFO - Processing file /home/airflow/.local/lib/python3.8/site-packages/airflow/example_dags/example_skip_dag.py for tasks to queue
[2021-02-22 17:52:54,489] {logging_mixin.py:104} INFO - [2021-02-22 17:52:54,489] {dagbag.py:448} INFO - Filling up the DagBag from /home/airflow/.local/lib/python3.8/site-packages/airflow/example_dags/example_skip_dag.py
[2021-02-22 17:52:54,508] {scheduler_job.py:643} INFO - DAG(s) dict_keys(['example_skip_dag']) retrieved from /home/airflow/.local/lib/python3.8/site-packages/airflow/example_dags/example_skip_dag.py
[2021-02-22 17:52:54,559] {logging_mixin.py:104} INFO - [2021-02-22 17:52:54,559] {dag.py:1818} INFO - Sync 1 DAGs
[2021-02-22 17:52:54,573] {logging_mixin.py:104} INFO - [2021-02-22 17:52:54,573] {dag.py:1837} INFO - Creating ORM DAG for example_skip_dag
[2021-02-22 17:52:54,581] {logging_mixin.py:104} INFO - [2021-02-22 17:52:54,581] {dag.py:2273} INFO - Setting next_dagrun for example_skip_dag to 2021-02-20 00:00:00+00:00
[2021-02-22 17:52:54,603] {scheduler_job.py:190} INFO - Processing /home/airflow/.local/lib/python3.8/site-packages/airflow/example_dags/example_skip_dag.py took 0.128 seconds
[2021-02-22 17:53:34,434] {scheduler_job.py:182} INFO - Started process (PID=67) to work on /home/airflow/.local/lib/python3.8/site-packages/airflow/example_dags/example_skip_dag.py
[2021-02-22 17:53:34,435] {scheduler_job.py:633} INFO - Processing file /home/airflow/.local/lib/python3.8/site-packages/airflow/example_dags/example_skip_dag.py for tasks to queue
[2021-02-22 17:53:34,649] {logging_mixin.py:104} INFO - [2021-02-22 17:53:34,649] {dagbag.py:448} INFO - Filling up the DagBag from /home/airflow/.local/lib/python3.8/site-packages/airflow/example_dags/example_skip_dag.py
[2021-02-22 17:53:34,800] {scheduler_job.py:643} INFO - DAG(s) dict_keys(['example_skip_dag']) retrieved from /home/airflow/.local/lib/python3.8/site-packages/airflow/example_dags/example_skip_dag.py
[2021-02-22 17:53:34,825] {logging_mixin.py:104} INFO - [2021-02-22 17:53:34,825] {dag.py:1818} INFO - Sync 1 DAGs
[2021-02-22 17:53:34,839] {logging_mixin.py:104} INFO - [2021-02-22 17:53:34,839] {dag.py:2273} INFO - Setting next_dagrun for example_skip_dag to 2021-02-20 00:00:00+00:00
[2021-02-22 17:53:35,001] {scheduler_job.py:190} INFO - Processing /home/airflow/.local/lib/python3.8/site-packages/airflow/example_dags/example_skip_dag.py took 0.570 seconds
[2021-02-22 17:54:19,676] {scheduler_job.py:182} INFO - Started process (PID=23) to work on /home/airflow/.local/lib/python3.8/site-packages/airflow/example_dags/example_skip_dag.py
[2021-02-22 17:54:19,679] {scheduler_job.py:633} INFO - Processing file /home/airflow/.local/lib/python3.8/site-packages/airflow/example_dags/example_skip_dag.py for tasks to queue
[2021-02-22 17:54:19,681] {logging_mixin.py:104} INFO - [2021-02-22 17:54:19,681] {dagbag.py:448} INFO - Filling up the DagBag from /home/airflow/.local/lib/python3.8/site-packages/airflow/example_dags/example_skip_dag.py
[2021-02-22 17:54:19,694] {scheduler_job.py:643} INFO - DAG(s) dict_keys(['example_skip_dag']) retrieved from /home/airflow/.local/lib/python3.8/site-packages/airflow/example_dags/example_skip_dag.py
[2021-02-22 17:54:19,729] {logging_mixin.py:104} INFO - [2021-02-22 17:54:19,729] {dag.py:1818} INFO - Sync 1 DAGs
[2021-02-22 17:54:19,749] {logging_mixin.py:104} INFO - [2021-02-22 17:54:19,749] {dag.py:2273} INFO - Setting next_dagrun for example_skip_dag to 2021-02-20 00:00:00+00:00
[2021-02-22 17:54:19,761] {scheduler_job.py:190} INFO - Processing /home/airflow/.local/lib/python3.8/site-packages/airflow/example_dags/example_skip_dag.py took 0.090 seconds
[2021-02-22 17:54:50,708] {scheduler_job.py:182} INFO - Started process (PID=51) to work on /home/airflow/.local/lib/python3.8/site-packages/airflow/example_dags/example_skip_dag.py
[2021-02-22 17:54:50,712] {scheduler_job.py:633} INFO - Processing file /home/airflow/.local/lib/python3.8/site-packages/airflow/example_dags/example_skip_dag.py for tasks to queue
[2021-02-22 17:54:50,714] {logging_mixin.py:104} INFO - [2021-02-22 17:54:50,714] {dagbag.py:448} INFO - Filling up the DagBag from /home/airflow/.local/lib/python3.8/site-packages/airflow/example_dags/example_skip_dag.py
[2021-02-22 17:54:50,734] {scheduler_job.py:643} INFO - DAG(s) dict_keys(['example_skip_dag']) retrieved from /home/airflow/.local/lib/python3.8/site-packages/airflow/example_dags/example_skip_dag.py
[2021-02-22 17:54:50,821] {logging_mixin.py:104} INFO - [2021-02-22 17:54:50,821] {dag.py:1818} INFO - Sync 1 DAGs
[2021-02-22 17:54:50,846] {logging_mixin.py:104} INFO - [2021-02-22 17:54:50,846] {dag.py:2273} INFO - Setting next_dagrun for example_skip_dag to 2021-02-20 00:00:00+00:00
[2021-02-22 17:54:50,865] {scheduler_job.py:190} INFO - Processing /home/airflow/.local/lib/python3.8/site-packages/airflow/example_dags/example_skip_dag.py took 0.165 seconds
[2021-02-22 17:55:24,757] {scheduler_job.py:182} INFO - Started process (PID=80) to work on /home/airflow/.local/lib/python3.8/site-packages/airflow/example_dags/example_skip_dag.py
[2021-02-22 17:55:24,769] {scheduler_job.py:633} INFO - Processing file /home/airflow/.local/lib/python3.8/site-packages/airflow/example_dags/example_skip_dag.py for tasks to queue
[2021-02-22 17:55:24,774] {logging_mixin.py:104} INFO - [2021-02-22 17:55:24,774] {dagbag.py:448} INFO - Filling up the DagBag from /home/airflow/.local/lib/python3.8/site-packages/airflow/example_dags/example_skip_dag.py
[2021-02-22 17:55:24,837] {scheduler_job.py:643} INFO - DAG(s) dict_keys(['example_skip_dag']) retrieved from /home/airflow/.local/lib/python3.8/site-packages/airflow/example_dags/example_skip_dag.py
[2021-02-22 17:55:25,013] {logging_mixin.py:104} INFO - [2021-02-22 17:55:25,012] {dag.py:1818} INFO - Sync 1 DAGs
[2021-02-22 17:55:25,026] {logging_mixin.py:104} INFO - [2021-02-22 17:55:25,026] {dag.py:2273} INFO - Setting next_dagrun for example_skip_dag to 2021-02-20 00:00:00+00:00
[2021-02-22 17:55:25,150] {scheduler_job.py:190} INFO - Processing /home/airflow/.local/lib/python3.8/site-packages/airflow/example_dags/example_skip_dag.py took 0.398 seconds
[2021-02-22 17:55:58,417] {scheduler_job.py:182} INFO - Started process (PID=109) to work on /home/airflow/.local/lib/python3.8/site-packages/airflow/example_dags/example_skip_dag.py
[2021-02-22 17:55:58,421] {scheduler_job.py:633} INFO - Processing file /home/airflow/.local/lib/python3.8/site-packages/airflow/example_dags/example_skip_dag.py for tasks to queue
[2021-02-22 17:55:58,423] {logging_mixin.py:104} INFO - [2021-02-22 17:55:58,423] {dagbag.py:448} INFO - Filling up the DagBag from /home/airflow/.local/lib/python3.8/site-packages/airflow/example_dags/example_skip_dag.py
[2021-02-22 17:55:58,492] {scheduler_job.py:643} INFO - DAG(s) dict_keys(['example_skip_dag']) retrieved from /home/airflow/.local/lib/python3.8/site-packages/airflow/example_dags/example_skip_dag.py
[2021-02-22 17:55:58,557] {logging_mixin.py:104} INFO - [2021-02-22 17:55:58,557] {dag.py:1818} INFO - Sync 1 DAGs
[2021-02-22 17:55:58,586] {logging_mixin.py:104} INFO - [2021-02-22 17:55:58,585] {dag.py:2273} INFO - Setting next_dagrun for example_skip_dag to 2021-02-20 00:00:00+00:00
[2021-02-22 17:55:58,600] {scheduler_job.py:190} INFO - Processing /home/airflow/.local/lib/python3.8/site-packages/airflow/example_dags/example_skip_dag.py took 0.188 seconds
[2021-02-22 18:03:21,206] {scheduler_job.py:182} INFO - Started process (PID=21) to work on /home/airflow/.local/lib/python3.8/site-packages/airflow/example_dags/example_skip_dag.py
[2021-02-22 18:03:21,209] {scheduler_job.py:633} INFO - Processing file /home/airflow/.local/lib/python3.8/site-packages/airflow/example_dags/example_skip_dag.py for tasks to queue
[2021-02-22 18:03:21,211] {logging_mixin.py:104} INFO - [2021-02-22 18:03:21,211] {dagbag.py:448} INFO - Filling up the DagBag from /home/airflow/.local/lib/python3.8/site-packages/airflow/example_dags/example_skip_dag.py
[2021-02-22 18:03:21,264] {scheduler_job.py:643} INFO - DAG(s) dict_keys(['example_skip_dag']) retrieved from /home/airflow/.local/lib/python3.8/site-packages/airflow/example_dags/example_skip_dag.py
[2021-02-22 18:03:21,310] {logging_mixin.py:104} INFO - [2021-02-22 18:03:21,310] {dag.py:1818} INFO - Sync 1 DAGs
[2021-02-22 18:03:21,411] {logging_mixin.py:104} INFO - [2021-02-22 18:03:21,411] {dag.py:2273} INFO - Setting next_dagrun for example_skip_dag to 2021-02-20 00:00:00+00:00
[2021-02-22 18:03:21,470] {scheduler_job.py:190} INFO - Processing /home/airflow/.local/lib/python3.8/site-packages/airflow/example_dags/example_skip_dag.py took 0.269 seconds
[2021-02-22 18:03:51,898] {scheduler_job.py:182} INFO - Started process (PID=50) to work on /home/airflow/.local/lib/python3.8/site-packages/airflow/example_dags/example_skip_dag.py
[2021-02-22 18:03:51,904] {scheduler_job.py:633} INFO - Processing file /home/airflow/.local/lib/python3.8/site-packages/airflow/example_dags/example_skip_dag.py for tasks to queue
[2021-02-22 18:03:51,908] {logging_mixin.py:104} INFO - [2021-02-22 18:03:51,907] {dagbag.py:448} INFO - Filling up the DagBag from /home/airflow/.local/lib/python3.8/site-packages/airflow/example_dags/example_skip_dag.py
[2021-02-22 18:03:52,255] {scheduler_job.py:643} INFO - DAG(s) dict_keys(['example_skip_dag']) retrieved from /home/airflow/.local/lib/python3.8/site-packages/airflow/example_dags/example_skip_dag.py
[2021-02-22 18:03:52,608] {logging_mixin.py:104} INFO - [2021-02-22 18:03:52,608] {dag.py:1818} INFO - Sync 1 DAGs
[2021-02-22 18:03:52,697] {logging_mixin.py:104} INFO - [2021-02-22 18:03:52,696] {dag.py:2273} INFO - Setting next_dagrun for example_skip_dag to 2021-02-20 00:00:00+00:00
[2021-02-22 18:03:52,733] {scheduler_job.py:190} INFO - Processing /home/airflow/.local/lib/python3.8/site-packages/airflow/example_dags/example_skip_dag.py took 0.904 seconds
[2021-02-22 18:04:22,869] {scheduler_job.py:182} INFO - Started process (PID=78) to work on /home/airflow/.local/lib/python3.8/site-packages/airflow/example_dags/example_skip_dag.py
[2021-02-22 18:04:22,872] {scheduler_job.py:633} INFO - Processing file /home/airflow/.local/lib/python3.8/site-packages/airflow/example_dags/example_skip_dag.py for tasks to queue
[2021-02-22 18:04:22,877] {logging_mixin.py:104} INFO - [2021-02-22 18:04:22,877] {dagbag.py:448} INFO - Filling up the DagBag from /home/airflow/.local/lib/python3.8/site-packages/airflow/example_dags/example_skip_dag.py
[2021-02-22 18:04:22,922] {scheduler_job.py:643} INFO - DAG(s) dict_keys(['example_skip_dag']) retrieved from /home/airflow/.local/lib/python3.8/site-packages/airflow/example_dags/example_skip_dag.py
[2021-02-22 18:04:23,309] {logging_mixin.py:104} INFO - [2021-02-22 18:04:23,306] {dag.py:1818} INFO - Sync 1 DAGs
[2021-02-22 18:04:23,625] {logging_mixin.py:104} INFO - [2021-02-22 18:04:23,617] {dag.py:2273} INFO - Setting next_dagrun for example_skip_dag to 2021-02-20 00:00:00+00:00
[2021-02-22 18:04:24,697] {scheduler_job.py:190} INFO - Processing /home/airflow/.local/lib/python3.8/site-packages/airflow/example_dags/example_skip_dag.py took 1.848 seconds
[2021-02-22 18:04:55,429] {scheduler_job.py:182} INFO - Started process (PID=106) to work on /home/airflow/.local/lib/python3.8/site-packages/airflow/example_dags/example_skip_dag.py
[2021-02-22 18:04:55,431] {scheduler_job.py:633} INFO - Processing file /home/airflow/.local/lib/python3.8/site-packages/airflow/example_dags/example_skip_dag.py for tasks to queue
[2021-02-22 18:04:55,433] {logging_mixin.py:104} INFO - [2021-02-22 18:04:55,432] {dagbag.py:448} INFO - Filling up the DagBag from /home/airflow/.local/lib/python3.8/site-packages/airflow/example_dags/example_skip_dag.py
[2021-02-22 18:04:55,452] {scheduler_job.py:643} INFO - DAG(s) dict_keys(['example_skip_dag']) retrieved from /home/airflow/.local/lib/python3.8/site-packages/airflow/example_dags/example_skip_dag.py
[2021-02-22 18:04:55,480] {logging_mixin.py:104} INFO - [2021-02-22 18:04:55,480] {dag.py:1818} INFO - Sync 1 DAGs
[2021-02-22 18:04:55,505] {logging_mixin.py:104} INFO - [2021-02-22 18:04:55,505] {dag.py:2273} INFO - Setting next_dagrun for example_skip_dag to 2021-02-20 00:00:00+00:00
[2021-02-22 18:04:55,518] {scheduler_job.py:190} INFO - Processing /home/airflow/.local/lib/python3.8/site-packages/airflow/example_dags/example_skip_dag.py took 0.099 seconds
[2021-02-22 18:05:47,533] {scheduler_job.py:182} INFO - Started process (PID=44) to work on /home/airflow/.local/lib/python3.8/site-packages/airflow/example_dags/example_skip_dag.py
[2021-02-22 18:05:47,542] {scheduler_job.py:633} INFO - Processing file /home/airflow/.local/lib/python3.8/site-packages/airflow/example_dags/example_skip_dag.py for tasks to queue
[2021-02-22 18:05:47,544] {logging_mixin.py:104} INFO - [2021-02-22 18:05:47,543] {dagbag.py:448} INFO - Filling up the DagBag from /home/airflow/.local/lib/python3.8/site-packages/airflow/example_dags/example_skip_dag.py
[2021-02-22 18:05:47,579] {scheduler_job.py:643} INFO - DAG(s) dict_keys(['example_skip_dag']) retrieved from /home/airflow/.local/lib/python3.8/site-packages/airflow/example_dags/example_skip_dag.py
[2021-02-22 18:05:47,615] {logging_mixin.py:104} INFO - [2021-02-22 18:05:47,615] {dag.py:1818} INFO - Sync 1 DAGs
[2021-02-22 18:05:47,633] {logging_mixin.py:104} INFO - [2021-02-22 18:05:47,633] {dag.py:2273} INFO - Setting next_dagrun for example_skip_dag to 2021-02-20 00:00:00+00:00
[2021-02-22 18:05:47,662] {scheduler_job.py:190} INFO - Processing /home/airflow/.local/lib/python3.8/site-packages/airflow/example_dags/example_skip_dag.py took 0.135 seconds
[2021-02-22 18:06:26,321] {scheduler_job.py:182} INFO - Started process (PID=71) to work on /home/airflow/.local/lib/python3.8/site-packages/airflow/example_dags/example_skip_dag.py
[2021-02-22 18:06:26,367] {scheduler_job.py:633} INFO - Processing file /home/airflow/.local/lib/python3.8/site-packages/airflow/example_dags/example_skip_dag.py for tasks to queue
[2021-02-22 18:06:26,374] {logging_mixin.py:104} INFO - [2021-02-22 18:06:26,374] {dagbag.py:448} INFO - Filling up the DagBag from /home/airflow/.local/lib/python3.8/site-packages/airflow/example_dags/example_skip_dag.py
[2021-02-22 18:06:26,420] {scheduler_job.py:643} INFO - DAG(s) dict_keys(['example_skip_dag']) retrieved from /home/airflow/.local/lib/python3.8/site-packages/airflow/example_dags/example_skip_dag.py
[2021-02-22 18:06:26,487] {logging_mixin.py:104} INFO - [2021-02-22 18:06:26,487] {dag.py:1818} INFO - Sync 1 DAGs
[2021-02-22 18:06:26,533] {logging_mixin.py:104} INFO - [2021-02-22 18:06:26,532] {dag.py:2273} INFO - Setting next_dagrun for example_skip_dag to 2021-02-20 00:00:00+00:00
[2021-02-22 18:06:26,611] {scheduler_job.py:190} INFO - Processing /home/airflow/.local/lib/python3.8/site-packages/airflow/example_dags/example_skip_dag.py took 0.293 seconds
[2021-02-22 18:07:02,982] {scheduler_job.py:182} INFO - Started process (PID=99) to work on /home/airflow/.local/lib/python3.8/site-packages/airflow/example_dags/example_skip_dag.py
[2021-02-22 18:07:02,984] {scheduler_job.py:633} INFO - Processing file /home/airflow/.local/lib/python3.8/site-packages/airflow/example_dags/example_skip_dag.py for tasks to queue
[2021-02-22 18:07:02,985] {logging_mixin.py:104} INFO - [2021-02-22 18:07:02,985] {dagbag.py:448} INFO - Filling up the DagBag from /home/airflow/.local/lib/python3.8/site-packages/airflow/example_dags/example_skip_dag.py
[2021-02-22 18:07:03,089] {scheduler_job.py:643} INFO - DAG(s) dict_keys(['example_skip_dag']) retrieved from /home/airflow/.local/lib/python3.8/site-packages/airflow/example_dags/example_skip_dag.py
[2021-02-22 18:07:03,113] {logging_mixin.py:104} INFO - [2021-02-22 18:07:03,113] {dag.py:1818} INFO - Sync 1 DAGs
[2021-02-22 18:07:03,130] {logging_mixin.py:104} INFO - [2021-02-22 18:07:03,130] {dag.py:2273} INFO - Setting next_dagrun for example_skip_dag to 2021-02-20 00:00:00+00:00
[2021-02-22 18:07:03,172] {scheduler_job.py:190} INFO - Processing /home/airflow/.local/lib/python3.8/site-packages/airflow/example_dags/example_skip_dag.py took 0.194 seconds
[2021-02-22 18:08:20,670] {scheduler_job.py:182} INFO - Started process (PID=48) to work on /home/airflow/.local/lib/python3.8/site-packages/airflow/example_dags/example_skip_dag.py
[2021-02-22 18:08:20,677] {scheduler_job.py:633} INFO - Processing file /home/airflow/.local/lib/python3.8/site-packages/airflow/example_dags/example_skip_dag.py for tasks to queue
[2021-02-22 18:08:20,679] {logging_mixin.py:104} INFO - [2021-02-22 18:08:20,678] {dagbag.py:448} INFO - Filling up the DagBag from /home/airflow/.local/lib/python3.8/site-packages/airflow/example_dags/example_skip_dag.py
[2021-02-22 18:08:20,714] {scheduler_job.py:643} INFO - DAG(s) dict_keys(['example_skip_dag']) retrieved from /home/airflow/.local/lib/python3.8/site-packages/airflow/example_dags/example_skip_dag.py
[2021-02-22 18:08:20,747] {logging_mixin.py:104} INFO - [2021-02-22 18:08:20,747] {dag.py:1818} INFO - Sync 1 DAGs
[2021-02-22 18:08:20,770] {logging_mixin.py:104} INFO - [2021-02-22 18:08:20,769] {dag.py:2273} INFO - Setting next_dagrun for example_skip_dag to 2021-02-20 00:00:00+00:00
[2021-02-22 18:08:20,785] {scheduler_job.py:190} INFO - Processing /home/airflow/.local/lib/python3.8/site-packages/airflow/example_dags/example_skip_dag.py took 0.120 seconds
[2021-02-22 18:08:57,269] {scheduler_job.py:182} INFO - Started process (PID=76) to work on /home/airflow/.local/lib/python3.8/site-packages/airflow/example_dags/example_skip_dag.py
[2021-02-22 18:08:57,271] {scheduler_job.py:633} INFO - Processing file /home/airflow/.local/lib/python3.8/site-packages/airflow/example_dags/example_skip_dag.py for tasks to queue
[2021-02-22 18:08:57,273] {logging_mixin.py:104} INFO - [2021-02-22 18:08:57,272] {dagbag.py:448} INFO - Filling up the DagBag from /home/airflow/.local/lib/python3.8/site-packages/airflow/example_dags/example_skip_dag.py
[2021-02-22 18:08:57,403] {scheduler_job.py:643} INFO - DAG(s) dict_keys(['example_skip_dag']) retrieved from /home/airflow/.local/lib/python3.8/site-packages/airflow/example_dags/example_skip_dag.py
[2021-02-22 18:08:57,449] {logging_mixin.py:104} INFO - [2021-02-22 18:08:57,449] {dag.py:1818} INFO - Sync 1 DAGs
[2021-02-22 18:08:57,463] {logging_mixin.py:104} INFO - [2021-02-22 18:08:57,463] {dag.py:2273} INFO - Setting next_dagrun for example_skip_dag to 2021-02-20 00:00:00+00:00
[2021-02-22 18:08:57,503] {scheduler_job.py:190} INFO - Processing /home/airflow/.local/lib/python3.8/site-packages/airflow/example_dags/example_skip_dag.py took 0.241 seconds
[2021-02-22 18:09:28,394] {scheduler_job.py:182} INFO - Started process (PID=104) to work on /home/airflow/.local/lib/python3.8/site-packages/airflow/example_dags/example_skip_dag.py
[2021-02-22 18:09:28,404] {scheduler_job.py:633} INFO - Processing file /home/airflow/.local/lib/python3.8/site-packages/airflow/example_dags/example_skip_dag.py for tasks to queue
[2021-02-22 18:09:28,407] {logging_mixin.py:104} INFO - [2021-02-22 18:09:28,407] {dagbag.py:448} INFO - Filling up the DagBag from /home/airflow/.local/lib/python3.8/site-packages/airflow/example_dags/example_skip_dag.py
[2021-02-22 18:09:28,424] {scheduler_job.py:643} INFO - DAG(s) dict_keys(['example_skip_dag']) retrieved from /home/airflow/.local/lib/python3.8/site-packages/airflow/example_dags/example_skip_dag.py
[2021-02-22 18:09:28,463] {logging_mixin.py:104} INFO - [2021-02-22 18:09:28,463] {dag.py:1818} INFO - Sync 1 DAGs
[2021-02-22 18:09:28,496] {logging_mixin.py:104} INFO - [2021-02-22 18:09:28,496] {dag.py:2273} INFO - Setting next_dagrun for example_skip_dag to 2021-02-20 00:00:00+00:00
[2021-02-22 18:09:28,523] {scheduler_job.py:190} INFO - Processing /home/airflow/.local/lib/python3.8/site-packages/airflow/example_dags/example_skip_dag.py took 0.135 seconds
[2021-02-22 18:12:27,191] {scheduler_job.py:182} INFO - Started process (PID=30) to work on /home/airflow/.local/lib/python3.8/site-packages/airflow/example_dags/example_skip_dag.py
[2021-02-22 18:12:27,194] {scheduler_job.py:633} INFO - Processing file /home/airflow/.local/lib/python3.8/site-packages/airflow/example_dags/example_skip_dag.py for tasks to queue
[2021-02-22 18:12:27,196] {logging_mixin.py:104} INFO - [2021-02-22 18:12:27,196] {dagbag.py:448} INFO - Filling up the DagBag from /home/airflow/.local/lib/python3.8/site-packages/airflow/example_dags/example_skip_dag.py
[2021-02-22 18:12:27,209] {scheduler_job.py:643} INFO - DAG(s) dict_keys(['example_skip_dag']) retrieved from /home/airflow/.local/lib/python3.8/site-packages/airflow/example_dags/example_skip_dag.py
[2021-02-22 18:12:27,263] {logging_mixin.py:104} INFO - [2021-02-22 18:12:27,262] {dag.py:1818} INFO - Sync 1 DAGs
[2021-02-22 18:12:27,284] {logging_mixin.py:104} INFO - [2021-02-22 18:12:27,284] {dag.py:2273} INFO - Setting next_dagrun for example_skip_dag to 2021-02-20 00:00:00+00:00
[2021-02-22 18:12:27,340] {scheduler_job.py:190} INFO - Processing /home/airflow/.local/lib/python3.8/site-packages/airflow/example_dags/example_skip_dag.py took 0.157 seconds
[2021-02-22 18:12:57,426] {scheduler_job.py:182} INFO - Started process (PID=59) to work on /home/airflow/.local/lib/python3.8/site-packages/airflow/example_dags/example_skip_dag.py
[2021-02-22 18:12:57,428] {scheduler_job.py:633} INFO - Processing file /home/airflow/.local/lib/python3.8/site-packages/airflow/example_dags/example_skip_dag.py for tasks to queue
[2021-02-22 18:12:57,429] {logging_mixin.py:104} INFO - [2021-02-22 18:12:57,429] {dagbag.py:448} INFO - Filling up the DagBag from /home/airflow/.local/lib/python3.8/site-packages/airflow/example_dags/example_skip_dag.py
[2021-02-22 18:12:57,445] {scheduler_job.py:643} INFO - DAG(s) dict_keys(['example_skip_dag']) retrieved from /home/airflow/.local/lib/python3.8/site-packages/airflow/example_dags/example_skip_dag.py
[2021-02-22 18:12:57,474] {logging_mixin.py:104} INFO - [2021-02-22 18:12:57,474] {dag.py:1818} INFO - Sync 1 DAGs
[2021-02-22 18:12:57,497] {logging_mixin.py:104} INFO - [2021-02-22 18:12:57,497] {dag.py:2273} INFO - Setting next_dagrun for example_skip_dag to 2021-02-20 00:00:00+00:00
[2021-02-22 18:12:57,519] {scheduler_job.py:190} INFO - Processing /home/airflow/.local/lib/python3.8/site-packages/airflow/example_dags/example_skip_dag.py took 0.098 seconds
[2021-02-22 18:13:35,039] {scheduler_job.py:182} INFO - Started process (PID=86) to work on /home/airflow/.local/lib/python3.8/site-packages/airflow/example_dags/example_skip_dag.py
[2021-02-22 18:13:35,041] {scheduler_job.py:633} INFO - Processing file /home/airflow/.local/lib/python3.8/site-packages/airflow/example_dags/example_skip_dag.py for tasks to queue
[2021-02-22 18:13:35,043] {logging_mixin.py:104} INFO - [2021-02-22 18:13:35,042] {dagbag.py:448} INFO - Filling up the DagBag from /home/airflow/.local/lib/python3.8/site-packages/airflow/example_dags/example_skip_dag.py
[2021-02-22 18:13:35,058] {scheduler_job.py:643} INFO - DAG(s) dict_keys(['example_skip_dag']) retrieved from /home/airflow/.local/lib/python3.8/site-packages/airflow/example_dags/example_skip_dag.py
[2021-02-22 18:13:35,077] {logging_mixin.py:104} INFO - [2021-02-22 18:13:35,077] {dag.py:1818} INFO - Sync 1 DAGs
[2021-02-22 18:13:35,089] {logging_mixin.py:104} INFO - [2021-02-22 18:13:35,089] {dag.py:2273} INFO - Setting next_dagrun for example_skip_dag to 2021-02-20 00:00:00+00:00
[2021-02-22 18:13:35,119] {scheduler_job.py:190} INFO - Processing /home/airflow/.local/lib/python3.8/site-packages/airflow/example_dags/example_skip_dag.py took 0.084 seconds
[2021-02-22 18:14:08,067] {scheduler_job.py:182} INFO - Started process (PID=114) to work on /home/airflow/.local/lib/python3.8/site-packages/airflow/example_dags/example_skip_dag.py
[2021-02-22 18:14:08,070] {scheduler_job.py:633} INFO - Processing file /home/airflow/.local/lib/python3.8/site-packages/airflow/example_dags/example_skip_dag.py for tasks to queue
[2021-02-22 18:14:08,072] {logging_mixin.py:104} INFO - [2021-02-22 18:14:08,072] {dagbag.py:448} INFO - Filling up the DagBag from /home/airflow/.local/lib/python3.8/site-packages/airflow/example_dags/example_skip_dag.py
[2021-02-22 18:14:08,086] {scheduler_job.py:643} INFO - DAG(s) dict_keys(['example_skip_dag']) retrieved from /home/airflow/.local/lib/python3.8/site-packages/airflow/example_dags/example_skip_dag.py
[2021-02-22 18:14:08,117] {logging_mixin.py:104} INFO - [2021-02-22 18:14:08,117] {dag.py:1818} INFO - Sync 1 DAGs
[2021-02-22 18:14:08,139] {logging_mixin.py:104} INFO - [2021-02-22 18:14:08,139] {dag.py:2273} INFO - Setting next_dagrun for example_skip_dag to 2021-02-20 00:00:00+00:00
[2021-02-22 18:14:08,238] {scheduler_job.py:190} INFO - Processing /home/airflow/.local/lib/python3.8/site-packages/airflow/example_dags/example_skip_dag.py took 0.175 seconds
[2021-02-22 18:17:44,576] {scheduler_job.py:182} INFO - Started process (PID=28) to work on /home/airflow/.local/lib/python3.8/site-packages/airflow/example_dags/example_skip_dag.py
[2021-02-22 18:17:44,588] {scheduler_job.py:633} INFO - Processing file /home/airflow/.local/lib/python3.8/site-packages/airflow/example_dags/example_skip_dag.py for tasks to queue
[2021-02-22 18:17:44,596] {logging_mixin.py:104} INFO - [2021-02-22 18:17:44,596] {dagbag.py:448} INFO - Filling up the DagBag from /home/airflow/.local/lib/python3.8/site-packages/airflow/example_dags/example_skip_dag.py
[2021-02-22 18:17:44,613] {scheduler_job.py:643} INFO - DAG(s) dict_keys(['example_skip_dag']) retrieved from /home/airflow/.local/lib/python3.8/site-packages/airflow/example_dags/example_skip_dag.py
[2021-02-22 18:17:44,662] {logging_mixin.py:104} INFO - [2021-02-22 18:17:44,662] {dag.py:1818} INFO - Sync 1 DAGs
[2021-02-22 18:17:44,678] {logging_mixin.py:104} INFO - [2021-02-22 18:17:44,678] {dag.py:2273} INFO - Setting next_dagrun for example_skip_dag to 2021-02-20 00:00:00+00:00
[2021-02-22 18:17:44,808] {scheduler_job.py:190} INFO - Processing /home/airflow/.local/lib/python3.8/site-packages/airflow/example_dags/example_skip_dag.py took 0.240 seconds
