[2021-02-22 17:52:54,321] {scheduler_job.py:182} INFO - Started process (PID=38) to work on /home/airflow/.local/lib/python3.8/site-packages/airflow/example_dags/example_latest_only_with_trigger.py
[2021-02-22 17:52:54,324] {scheduler_job.py:633} INFO - Processing file /home/airflow/.local/lib/python3.8/site-packages/airflow/example_dags/example_latest_only_with_trigger.py for tasks to queue
[2021-02-22 17:52:54,326] {logging_mixin.py:104} INFO - [2021-02-22 17:52:54,325] {dagbag.py:448} INFO - Filling up the DagBag from /home/airflow/.local/lib/python3.8/site-packages/airflow/example_dags/example_latest_only_with_trigger.py
[2021-02-22 17:52:54,350] {scheduler_job.py:643} INFO - DAG(s) dict_keys(['latest_only_with_trigger']) retrieved from /home/airflow/.local/lib/python3.8/site-packages/airflow/example_dags/example_latest_only_with_trigger.py
[2021-02-22 17:52:54,398] {logging_mixin.py:104} INFO - [2021-02-22 17:52:54,397] {dag.py:1818} INFO - Sync 1 DAGs
[2021-02-22 17:52:54,413] {logging_mixin.py:104} INFO - [2021-02-22 17:52:54,413] {dag.py:1837} INFO - Creating ORM DAG for latest_only_with_trigger
[2021-02-22 17:52:54,424] {logging_mixin.py:104} INFO - [2021-02-22 17:52:54,424] {dag.py:2273} INFO - Setting next_dagrun for latest_only_with_trigger to 2021-02-20 00:00:00+00:00
[2021-02-22 17:52:54,443] {scheduler_job.py:190} INFO - Processing /home/airflow/.local/lib/python3.8/site-packages/airflow/example_dags/example_latest_only_with_trigger.py took 0.129 seconds
[2021-02-22 17:53:34,267] {scheduler_job.py:182} INFO - Started process (PID=66) to work on /home/airflow/.local/lib/python3.8/site-packages/airflow/example_dags/example_latest_only_with_trigger.py
[2021-02-22 17:53:34,269] {scheduler_job.py:633} INFO - Processing file /home/airflow/.local/lib/python3.8/site-packages/airflow/example_dags/example_latest_only_with_trigger.py for tasks to queue
[2021-02-22 17:53:34,271] {logging_mixin.py:104} INFO - [2021-02-22 17:53:34,271] {dagbag.py:448} INFO - Filling up the DagBag from /home/airflow/.local/lib/python3.8/site-packages/airflow/example_dags/example_latest_only_with_trigger.py
[2021-02-22 17:53:34,448] {scheduler_job.py:643} INFO - DAG(s) dict_keys(['latest_only_with_trigger']) retrieved from /home/airflow/.local/lib/python3.8/site-packages/airflow/example_dags/example_latest_only_with_trigger.py
[2021-02-22 17:53:34,669] {logging_mixin.py:104} INFO - [2021-02-22 17:53:34,669] {dag.py:1818} INFO - Sync 1 DAGs
[2021-02-22 17:53:34,680] {logging_mixin.py:104} INFO - [2021-02-22 17:53:34,680] {dag.py:2273} INFO - Setting next_dagrun for latest_only_with_trigger to 2021-02-20 00:00:00+00:00
[2021-02-22 17:53:34,806] {scheduler_job.py:190} INFO - Processing /home/airflow/.local/lib/python3.8/site-packages/airflow/example_dags/example_latest_only_with_trigger.py took 0.541 seconds
[2021-02-22 17:54:20,804] {scheduler_job.py:182} INFO - Started process (PID=33) to work on /home/airflow/.local/lib/python3.8/site-packages/airflow/example_dags/example_latest_only_with_trigger.py
[2021-02-22 17:54:20,815] {scheduler_job.py:633} INFO - Processing file /home/airflow/.local/lib/python3.8/site-packages/airflow/example_dags/example_latest_only_with_trigger.py for tasks to queue
[2021-02-22 17:54:20,821] {logging_mixin.py:104} INFO - [2021-02-22 17:54:20,820] {dagbag.py:448} INFO - Filling up the DagBag from /home/airflow/.local/lib/python3.8/site-packages/airflow/example_dags/example_latest_only_with_trigger.py
[2021-02-22 17:54:20,870] {scheduler_job.py:643} INFO - DAG(s) dict_keys(['latest_only_with_trigger']) retrieved from /home/airflow/.local/lib/python3.8/site-packages/airflow/example_dags/example_latest_only_with_trigger.py
[2021-02-22 17:54:20,946] {logging_mixin.py:104} INFO - [2021-02-22 17:54:20,946] {dag.py:1818} INFO - Sync 1 DAGs
[2021-02-22 17:54:20,965] {logging_mixin.py:104} INFO - [2021-02-22 17:54:20,965] {dag.py:2273} INFO - Setting next_dagrun for latest_only_with_trigger to 2021-02-20 00:00:00+00:00
[2021-02-22 17:54:21,019] {scheduler_job.py:190} INFO - Processing /home/airflow/.local/lib/python3.8/site-packages/airflow/example_dags/example_latest_only_with_trigger.py took 0.219 seconds
[2021-02-22 17:54:52,371] {scheduler_job.py:182} INFO - Started process (PID=65) to work on /home/airflow/.local/lib/python3.8/site-packages/airflow/example_dags/example_latest_only_with_trigger.py
[2021-02-22 17:54:52,374] {scheduler_job.py:633} INFO - Processing file /home/airflow/.local/lib/python3.8/site-packages/airflow/example_dags/example_latest_only_with_trigger.py for tasks to queue
[2021-02-22 17:54:52,376] {logging_mixin.py:104} INFO - [2021-02-22 17:54:52,375] {dagbag.py:448} INFO - Filling up the DagBag from /home/airflow/.local/lib/python3.8/site-packages/airflow/example_dags/example_latest_only_with_trigger.py
[2021-02-22 17:54:52,413] {scheduler_job.py:643} INFO - DAG(s) dict_keys(['latest_only_with_trigger']) retrieved from /home/airflow/.local/lib/python3.8/site-packages/airflow/example_dags/example_latest_only_with_trigger.py
[2021-02-22 17:54:52,461] {logging_mixin.py:104} INFO - [2021-02-22 17:54:52,461] {dag.py:1818} INFO - Sync 1 DAGs
[2021-02-22 17:54:52,484] {logging_mixin.py:104} INFO - [2021-02-22 17:54:52,484] {dag.py:2273} INFO - Setting next_dagrun for latest_only_with_trigger to 2021-02-20 00:00:00+00:00
[2021-02-22 17:54:52,508] {scheduler_job.py:190} INFO - Processing /home/airflow/.local/lib/python3.8/site-packages/airflow/example_dags/example_latest_only_with_trigger.py took 0.142 seconds
[2021-02-22 17:55:27,011] {scheduler_job.py:182} INFO - Started process (PID=89) to work on /home/airflow/.local/lib/python3.8/site-packages/airflow/example_dags/example_latest_only_with_trigger.py
[2021-02-22 17:55:27,013] {scheduler_job.py:633} INFO - Processing file /home/airflow/.local/lib/python3.8/site-packages/airflow/example_dags/example_latest_only_with_trigger.py for tasks to queue
[2021-02-22 17:55:27,014] {logging_mixin.py:104} INFO - [2021-02-22 17:55:27,014] {dagbag.py:448} INFO - Filling up the DagBag from /home/airflow/.local/lib/python3.8/site-packages/airflow/example_dags/example_latest_only_with_trigger.py
[2021-02-22 17:55:27,064] {scheduler_job.py:643} INFO - DAG(s) dict_keys(['latest_only_with_trigger']) retrieved from /home/airflow/.local/lib/python3.8/site-packages/airflow/example_dags/example_latest_only_with_trigger.py
[2021-02-22 17:55:27,155] {logging_mixin.py:104} INFO - [2021-02-22 17:55:27,155] {dag.py:1818} INFO - Sync 1 DAGs
[2021-02-22 17:55:27,188] {logging_mixin.py:104} INFO - [2021-02-22 17:55:27,187] {dag.py:2273} INFO - Setting next_dagrun for latest_only_with_trigger to 2021-02-20 00:00:00+00:00
[2021-02-22 17:55:27,221] {scheduler_job.py:190} INFO - Processing /home/airflow/.local/lib/python3.8/site-packages/airflow/example_dags/example_latest_only_with_trigger.py took 0.215 seconds
[2021-02-22 17:55:59,246] {scheduler_job.py:182} INFO - Started process (PID=117) to work on /home/airflow/.local/lib/python3.8/site-packages/airflow/example_dags/example_latest_only_with_trigger.py
[2021-02-22 17:55:59,249] {scheduler_job.py:633} INFO - Processing file /home/airflow/.local/lib/python3.8/site-packages/airflow/example_dags/example_latest_only_with_trigger.py for tasks to queue
[2021-02-22 17:55:59,257] {logging_mixin.py:104} INFO - [2021-02-22 17:55:59,256] {dagbag.py:448} INFO - Filling up the DagBag from /home/airflow/.local/lib/python3.8/site-packages/airflow/example_dags/example_latest_only_with_trigger.py
[2021-02-22 17:55:59,279] {scheduler_job.py:643} INFO - DAG(s) dict_keys(['latest_only_with_trigger']) retrieved from /home/airflow/.local/lib/python3.8/site-packages/airflow/example_dags/example_latest_only_with_trigger.py
[2021-02-22 17:55:59,317] {logging_mixin.py:104} INFO - [2021-02-22 17:55:59,317] {dag.py:1818} INFO - Sync 1 DAGs
[2021-02-22 17:55:59,340] {logging_mixin.py:104} INFO - [2021-02-22 17:55:59,340] {dag.py:2273} INFO - Setting next_dagrun for latest_only_with_trigger to 2021-02-20 00:00:00+00:00
[2021-02-22 17:55:59,363] {scheduler_job.py:190} INFO - Processing /home/airflow/.local/lib/python3.8/site-packages/airflow/example_dags/example_latest_only_with_trigger.py took 0.123 seconds
[2021-02-22 18:03:23,780] {scheduler_job.py:182} INFO - Started process (PID=38) to work on /home/airflow/.local/lib/python3.8/site-packages/airflow/example_dags/example_latest_only_with_trigger.py
[2021-02-22 18:03:23,782] {scheduler_job.py:633} INFO - Processing file /home/airflow/.local/lib/python3.8/site-packages/airflow/example_dags/example_latest_only_with_trigger.py for tasks to queue
[2021-02-22 18:03:23,783] {logging_mixin.py:104} INFO - [2021-02-22 18:03:23,783] {dagbag.py:448} INFO - Filling up the DagBag from /home/airflow/.local/lib/python3.8/site-packages/airflow/example_dags/example_latest_only_with_trigger.py
[2021-02-22 18:03:23,796] {scheduler_job.py:643} INFO - DAG(s) dict_keys(['latest_only_with_trigger']) retrieved from /home/airflow/.local/lib/python3.8/site-packages/airflow/example_dags/example_latest_only_with_trigger.py
[2021-02-22 18:03:23,842] {logging_mixin.py:104} INFO - [2021-02-22 18:03:23,842] {dag.py:1818} INFO - Sync 1 DAGs
[2021-02-22 18:03:23,884] {logging_mixin.py:104} INFO - [2021-02-22 18:03:23,883] {dag.py:2273} INFO - Setting next_dagrun for latest_only_with_trigger to 2021-02-20 00:00:00+00:00
[2021-02-22 18:03:23,944] {scheduler_job.py:190} INFO - Processing /home/airflow/.local/lib/python3.8/site-packages/airflow/example_dags/example_latest_only_with_trigger.py took 0.167 seconds
[2021-02-22 18:03:54,329] {scheduler_job.py:182} INFO - Started process (PID=66) to work on /home/airflow/.local/lib/python3.8/site-packages/airflow/example_dags/example_latest_only_with_trigger.py
[2021-02-22 18:03:54,332] {scheduler_job.py:633} INFO - Processing file /home/airflow/.local/lib/python3.8/site-packages/airflow/example_dags/example_latest_only_with_trigger.py for tasks to queue
[2021-02-22 18:03:54,351] {logging_mixin.py:104} INFO - [2021-02-22 18:03:54,351] {dagbag.py:448} INFO - Filling up the DagBag from /home/airflow/.local/lib/python3.8/site-packages/airflow/example_dags/example_latest_only_with_trigger.py
[2021-02-22 18:03:54,364] {scheduler_job.py:643} INFO - DAG(s) dict_keys(['latest_only_with_trigger']) retrieved from /home/airflow/.local/lib/python3.8/site-packages/airflow/example_dags/example_latest_only_with_trigger.py
[2021-02-22 18:03:54,400] {logging_mixin.py:104} INFO - [2021-02-22 18:03:54,400] {dag.py:1818} INFO - Sync 1 DAGs
[2021-02-22 18:03:54,417] {logging_mixin.py:104} INFO - [2021-02-22 18:03:54,417] {dag.py:2273} INFO - Setting next_dagrun for latest_only_with_trigger to 2021-02-20 00:00:00+00:00
[2021-02-22 18:03:54,430] {scheduler_job.py:190} INFO - Processing /home/airflow/.local/lib/python3.8/site-packages/airflow/example_dags/example_latest_only_with_trigger.py took 0.110 seconds
[2021-02-22 18:04:32,135] {scheduler_job.py:182} INFO - Started process (PID=94) to work on /home/airflow/.local/lib/python3.8/site-packages/airflow/example_dags/example_latest_only_with_trigger.py
[2021-02-22 18:04:32,138] {scheduler_job.py:633} INFO - Processing file /home/airflow/.local/lib/python3.8/site-packages/airflow/example_dags/example_latest_only_with_trigger.py for tasks to queue
[2021-02-22 18:04:32,139] {logging_mixin.py:104} INFO - [2021-02-22 18:04:32,139] {dagbag.py:448} INFO - Filling up the DagBag from /home/airflow/.local/lib/python3.8/site-packages/airflow/example_dags/example_latest_only_with_trigger.py
[2021-02-22 18:04:32,168] {scheduler_job.py:643} INFO - DAG(s) dict_keys(['latest_only_with_trigger']) retrieved from /home/airflow/.local/lib/python3.8/site-packages/airflow/example_dags/example_latest_only_with_trigger.py
[2021-02-22 18:04:32,207] {logging_mixin.py:104} INFO - [2021-02-22 18:04:32,207] {dag.py:1818} INFO - Sync 1 DAGs
[2021-02-22 18:04:32,223] {logging_mixin.py:104} INFO - [2021-02-22 18:04:32,223] {dag.py:2273} INFO - Setting next_dagrun for latest_only_with_trigger to 2021-02-20 00:00:00+00:00
[2021-02-22 18:04:32,238] {scheduler_job.py:190} INFO - Processing /home/airflow/.local/lib/python3.8/site-packages/airflow/example_dags/example_latest_only_with_trigger.py took 0.109 seconds
[2021-02-22 18:05:02,939] {scheduler_job.py:182} INFO - Started process (PID=124) to work on /home/airflow/.local/lib/python3.8/site-packages/airflow/example_dags/example_latest_only_with_trigger.py
[2021-02-22 18:05:02,943] {scheduler_job.py:633} INFO - Processing file /home/airflow/.local/lib/python3.8/site-packages/airflow/example_dags/example_latest_only_with_trigger.py for tasks to queue
[2021-02-22 18:05:02,945] {logging_mixin.py:104} INFO - [2021-02-22 18:05:02,945] {dagbag.py:448} INFO - Filling up the DagBag from /home/airflow/.local/lib/python3.8/site-packages/airflow/example_dags/example_latest_only_with_trigger.py
[2021-02-22 18:05:02,959] {scheduler_job.py:643} INFO - DAG(s) dict_keys(['latest_only_with_trigger']) retrieved from /home/airflow/.local/lib/python3.8/site-packages/airflow/example_dags/example_latest_only_with_trigger.py
[2021-02-22 18:05:02,991] {logging_mixin.py:104} INFO - [2021-02-22 18:05:02,991] {dag.py:1818} INFO - Sync 1 DAGs
[2021-02-22 18:05:03,016] {logging_mixin.py:104} INFO - [2021-02-22 18:05:03,016] {dag.py:2273} INFO - Setting next_dagrun for latest_only_with_trigger to 2021-02-20 00:00:00+00:00
[2021-02-22 18:05:03,052] {scheduler_job.py:190} INFO - Processing /home/airflow/.local/lib/python3.8/site-packages/airflow/example_dags/example_latest_only_with_trigger.py took 0.122 seconds
[2021-02-22 18:05:45,347] {scheduler_job.py:182} INFO - Started process (PID=27) to work on /home/airflow/.local/lib/python3.8/site-packages/airflow/example_dags/example_latest_only_with_trigger.py
[2021-02-22 18:05:45,351] {scheduler_job.py:633} INFO - Processing file /home/airflow/.local/lib/python3.8/site-packages/airflow/example_dags/example_latest_only_with_trigger.py for tasks to queue
[2021-02-22 18:05:45,353] {logging_mixin.py:104} INFO - [2021-02-22 18:05:45,352] {dagbag.py:448} INFO - Filling up the DagBag from /home/airflow/.local/lib/python3.8/site-packages/airflow/example_dags/example_latest_only_with_trigger.py
[2021-02-22 18:05:45,375] {scheduler_job.py:643} INFO - DAG(s) dict_keys(['latest_only_with_trigger']) retrieved from /home/airflow/.local/lib/python3.8/site-packages/airflow/example_dags/example_latest_only_with_trigger.py
[2021-02-22 18:05:45,429] {logging_mixin.py:104} INFO - [2021-02-22 18:05:45,429] {dag.py:1818} INFO - Sync 1 DAGs
[2021-02-22 18:05:45,460] {logging_mixin.py:104} INFO - [2021-02-22 18:05:45,460] {dag.py:2273} INFO - Setting next_dagrun for latest_only_with_trigger to 2021-02-20 00:00:00+00:00
[2021-02-22 18:05:45,489] {scheduler_job.py:190} INFO - Processing /home/airflow/.local/lib/python3.8/site-packages/airflow/example_dags/example_latest_only_with_trigger.py took 0.149 seconds
[2021-02-22 18:06:26,445] {scheduler_job.py:182} INFO - Started process (PID=72) to work on /home/airflow/.local/lib/python3.8/site-packages/airflow/example_dags/example_latest_only_with_trigger.py
[2021-02-22 18:06:26,459] {scheduler_job.py:633} INFO - Processing file /home/airflow/.local/lib/python3.8/site-packages/airflow/example_dags/example_latest_only_with_trigger.py for tasks to queue
[2021-02-22 18:06:26,462] {logging_mixin.py:104} INFO - [2021-02-22 18:06:26,462] {dagbag.py:448} INFO - Filling up the DagBag from /home/airflow/.local/lib/python3.8/site-packages/airflow/example_dags/example_latest_only_with_trigger.py
[2021-02-22 18:06:26,547] {scheduler_job.py:643} INFO - DAG(s) dict_keys(['latest_only_with_trigger']) retrieved from /home/airflow/.local/lib/python3.8/site-packages/airflow/example_dags/example_latest_only_with_trigger.py
[2021-02-22 18:06:26,672] {logging_mixin.py:104} INFO - [2021-02-22 18:06:26,672] {dag.py:1818} INFO - Sync 1 DAGs
[2021-02-22 18:06:26,693] {logging_mixin.py:104} INFO - [2021-02-22 18:06:26,693] {dag.py:2273} INFO - Setting next_dagrun for latest_only_with_trigger to 2021-02-20 00:00:00+00:00
[2021-02-22 18:06:26,713] {scheduler_job.py:190} INFO - Processing /home/airflow/.local/lib/python3.8/site-packages/airflow/example_dags/example_latest_only_with_trigger.py took 0.274 seconds
[2021-02-22 18:07:03,159] {scheduler_job.py:182} INFO - Started process (PID=100) to work on /home/airflow/.local/lib/python3.8/site-packages/airflow/example_dags/example_latest_only_with_trigger.py
[2021-02-22 18:07:03,160] {scheduler_job.py:633} INFO - Processing file /home/airflow/.local/lib/python3.8/site-packages/airflow/example_dags/example_latest_only_with_trigger.py for tasks to queue
[2021-02-22 18:07:03,162] {logging_mixin.py:104} INFO - [2021-02-22 18:07:03,161] {dagbag.py:448} INFO - Filling up the DagBag from /home/airflow/.local/lib/python3.8/site-packages/airflow/example_dags/example_latest_only_with_trigger.py
[2021-02-22 18:07:03,201] {scheduler_job.py:643} INFO - DAG(s) dict_keys(['latest_only_with_trigger']) retrieved from /home/airflow/.local/lib/python3.8/site-packages/airflow/example_dags/example_latest_only_with_trigger.py
[2021-02-22 18:07:03,232] {logging_mixin.py:104} INFO - [2021-02-22 18:07:03,232] {dag.py:1818} INFO - Sync 1 DAGs
[2021-02-22 18:07:03,251] {logging_mixin.py:104} INFO - [2021-02-22 18:07:03,251] {dag.py:2273} INFO - Setting next_dagrun for latest_only_with_trigger to 2021-02-20 00:00:00+00:00
[2021-02-22 18:07:03,380] {scheduler_job.py:190} INFO - Processing /home/airflow/.local/lib/python3.8/site-packages/airflow/example_dags/example_latest_only_with_trigger.py took 0.225 seconds
[2021-02-22 18:08:17,998] {scheduler_job.py:182} INFO - Started process (PID=31) to work on /home/airflow/.local/lib/python3.8/site-packages/airflow/example_dags/example_latest_only_with_trigger.py
[2021-02-22 18:08:18,001] {scheduler_job.py:633} INFO - Processing file /home/airflow/.local/lib/python3.8/site-packages/airflow/example_dags/example_latest_only_with_trigger.py for tasks to queue
[2021-02-22 18:08:18,002] {logging_mixin.py:104} INFO - [2021-02-22 18:08:18,002] {dagbag.py:448} INFO - Filling up the DagBag from /home/airflow/.local/lib/python3.8/site-packages/airflow/example_dags/example_latest_only_with_trigger.py
[2021-02-22 18:08:18,017] {scheduler_job.py:643} INFO - DAG(s) dict_keys(['latest_only_with_trigger']) retrieved from /home/airflow/.local/lib/python3.8/site-packages/airflow/example_dags/example_latest_only_with_trigger.py
[2021-02-22 18:08:18,074] {logging_mixin.py:104} INFO - [2021-02-22 18:08:18,074] {dag.py:1818} INFO - Sync 1 DAGs
[2021-02-22 18:08:18,107] {logging_mixin.py:104} INFO - [2021-02-22 18:08:18,107] {dag.py:2273} INFO - Setting next_dagrun for latest_only_with_trigger to 2021-02-20 00:00:00+00:00
[2021-02-22 18:08:18,149] {scheduler_job.py:190} INFO - Processing /home/airflow/.local/lib/python3.8/site-packages/airflow/example_dags/example_latest_only_with_trigger.py took 0.155 seconds
[2021-02-22 18:08:53,255] {scheduler_job.py:182} INFO - Started process (PID=59) to work on /home/airflow/.local/lib/python3.8/site-packages/airflow/example_dags/example_latest_only_with_trigger.py
[2021-02-22 18:08:53,321] {scheduler_job.py:633} INFO - Processing file /home/airflow/.local/lib/python3.8/site-packages/airflow/example_dags/example_latest_only_with_trigger.py for tasks to queue
[2021-02-22 18:08:53,323] {logging_mixin.py:104} INFO - [2021-02-22 18:08:53,323] {dagbag.py:448} INFO - Filling up the DagBag from /home/airflow/.local/lib/python3.8/site-packages/airflow/example_dags/example_latest_only_with_trigger.py
[2021-02-22 18:08:53,503] {scheduler_job.py:643} INFO - DAG(s) dict_keys(['latest_only_with_trigger']) retrieved from /home/airflow/.local/lib/python3.8/site-packages/airflow/example_dags/example_latest_only_with_trigger.py
[2021-02-22 18:08:53,596] {logging_mixin.py:104} INFO - [2021-02-22 18:08:53,596] {dag.py:1818} INFO - Sync 1 DAGs
[2021-02-22 18:08:53,673] {logging_mixin.py:104} INFO - [2021-02-22 18:08:53,673] {dag.py:2273} INFO - Setting next_dagrun for latest_only_with_trigger to 2021-02-20 00:00:00+00:00
[2021-02-22 18:08:53,776] {scheduler_job.py:190} INFO - Processing /home/airflow/.local/lib/python3.8/site-packages/airflow/example_dags/example_latest_only_with_trigger.py took 0.525 seconds
[2021-02-22 18:09:24,053] {scheduler_job.py:182} INFO - Started process (PID=88) to work on /home/airflow/.local/lib/python3.8/site-packages/airflow/example_dags/example_latest_only_with_trigger.py
[2021-02-22 18:09:24,055] {scheduler_job.py:633} INFO - Processing file /home/airflow/.local/lib/python3.8/site-packages/airflow/example_dags/example_latest_only_with_trigger.py for tasks to queue
[2021-02-22 18:09:24,058] {logging_mixin.py:104} INFO - [2021-02-22 18:09:24,057] {dagbag.py:448} INFO - Filling up the DagBag from /home/airflow/.local/lib/python3.8/site-packages/airflow/example_dags/example_latest_only_with_trigger.py
[2021-02-22 18:09:24,079] {scheduler_job.py:643} INFO - DAG(s) dict_keys(['latest_only_with_trigger']) retrieved from /home/airflow/.local/lib/python3.8/site-packages/airflow/example_dags/example_latest_only_with_trigger.py
[2021-02-22 18:09:24,127] {logging_mixin.py:104} INFO - [2021-02-22 18:09:24,126] {dag.py:1818} INFO - Sync 1 DAGs
[2021-02-22 18:09:24,158] {logging_mixin.py:104} INFO - [2021-02-22 18:09:24,158] {dag.py:2273} INFO - Setting next_dagrun for latest_only_with_trigger to 2021-02-20 00:00:00+00:00
[2021-02-22 18:09:24,177] {scheduler_job.py:190} INFO - Processing /home/airflow/.local/lib/python3.8/site-packages/airflow/example_dags/example_latest_only_with_trigger.py took 0.129 seconds
[2021-02-22 18:10:04,325] {scheduler_job.py:182} INFO - Started process (PID=115) to work on /home/airflow/.local/lib/python3.8/site-packages/airflow/example_dags/example_latest_only_with_trigger.py
[2021-02-22 18:10:04,327] {scheduler_job.py:633} INFO - Processing file /home/airflow/.local/lib/python3.8/site-packages/airflow/example_dags/example_latest_only_with_trigger.py for tasks to queue
[2021-02-22 18:10:04,331] {logging_mixin.py:104} INFO - [2021-02-22 18:10:04,331] {dagbag.py:448} INFO - Filling up the DagBag from /home/airflow/.local/lib/python3.8/site-packages/airflow/example_dags/example_latest_only_with_trigger.py
[2021-02-22 18:10:04,388] {scheduler_job.py:643} INFO - DAG(s) dict_keys(['latest_only_with_trigger']) retrieved from /home/airflow/.local/lib/python3.8/site-packages/airflow/example_dags/example_latest_only_with_trigger.py
[2021-02-22 18:10:04,432] {logging_mixin.py:104} INFO - [2021-02-22 18:10:04,432] {dag.py:1818} INFO - Sync 1 DAGs
[2021-02-22 18:10:04,453] {logging_mixin.py:104} INFO - [2021-02-22 18:10:04,453] {dag.py:2273} INFO - Setting next_dagrun for latest_only_with_trigger to 2021-02-20 00:00:00+00:00
[2021-02-22 18:10:04,470] {scheduler_job.py:190} INFO - Processing /home/airflow/.local/lib/python3.8/site-packages/airflow/example_dags/example_latest_only_with_trigger.py took 0.150 seconds
[2021-02-22 18:12:25,892] {scheduler_job.py:182} INFO - Started process (PID=22) to work on /home/airflow/.local/lib/python3.8/site-packages/airflow/example_dags/example_latest_only_with_trigger.py
[2021-02-22 18:12:25,894] {scheduler_job.py:633} INFO - Processing file /home/airflow/.local/lib/python3.8/site-packages/airflow/example_dags/example_latest_only_with_trigger.py for tasks to queue
[2021-02-22 18:12:25,896] {logging_mixin.py:104} INFO - [2021-02-22 18:12:25,896] {dagbag.py:448} INFO - Filling up the DagBag from /home/airflow/.local/lib/python3.8/site-packages/airflow/example_dags/example_latest_only_with_trigger.py
[2021-02-22 18:12:25,924] {scheduler_job.py:643} INFO - DAG(s) dict_keys(['latest_only_with_trigger']) retrieved from /home/airflow/.local/lib/python3.8/site-packages/airflow/example_dags/example_latest_only_with_trigger.py
[2021-02-22 18:12:25,983] {logging_mixin.py:104} INFO - [2021-02-22 18:12:25,982] {dag.py:1818} INFO - Sync 1 DAGs
[2021-02-22 18:12:26,029] {logging_mixin.py:104} INFO - [2021-02-22 18:12:26,028] {dag.py:2273} INFO - Setting next_dagrun for latest_only_with_trigger to 2021-02-20 00:00:00+00:00
[2021-02-22 18:12:26,047] {scheduler_job.py:190} INFO - Processing /home/airflow/.local/lib/python3.8/site-packages/airflow/example_dags/example_latest_only_with_trigger.py took 0.159 seconds
[2021-02-22 18:12:56,568] {scheduler_job.py:182} INFO - Started process (PID=50) to work on /home/airflow/.local/lib/python3.8/site-packages/airflow/example_dags/example_latest_only_with_trigger.py
[2021-02-22 18:12:56,571] {scheduler_job.py:633} INFO - Processing file /home/airflow/.local/lib/python3.8/site-packages/airflow/example_dags/example_latest_only_with_trigger.py for tasks to queue
[2021-02-22 18:12:56,575] {logging_mixin.py:104} INFO - [2021-02-22 18:12:56,574] {dagbag.py:448} INFO - Filling up the DagBag from /home/airflow/.local/lib/python3.8/site-packages/airflow/example_dags/example_latest_only_with_trigger.py
[2021-02-22 18:12:56,600] {scheduler_job.py:643} INFO - DAG(s) dict_keys(['latest_only_with_trigger']) retrieved from /home/airflow/.local/lib/python3.8/site-packages/airflow/example_dags/example_latest_only_with_trigger.py
[2021-02-22 18:12:56,640] {logging_mixin.py:104} INFO - [2021-02-22 18:12:56,640] {dag.py:1818} INFO - Sync 1 DAGs
[2021-02-22 18:12:56,668] {logging_mixin.py:104} INFO - [2021-02-22 18:12:56,668] {dag.py:2273} INFO - Setting next_dagrun for latest_only_with_trigger to 2021-02-20 00:00:00+00:00
[2021-02-22 18:12:56,694] {scheduler_job.py:190} INFO - Processing /home/airflow/.local/lib/python3.8/site-packages/airflow/example_dags/example_latest_only_with_trigger.py took 0.132 seconds
[2021-02-22 18:13:33,236] {scheduler_job.py:182} INFO - Started process (PID=78) to work on /home/airflow/.local/lib/python3.8/site-packages/airflow/example_dags/example_latest_only_with_trigger.py
[2021-02-22 18:13:33,241] {scheduler_job.py:633} INFO - Processing file /home/airflow/.local/lib/python3.8/site-packages/airflow/example_dags/example_latest_only_with_trigger.py for tasks to queue
[2021-02-22 18:13:33,246] {logging_mixin.py:104} INFO - [2021-02-22 18:13:33,246] {dagbag.py:448} INFO - Filling up the DagBag from /home/airflow/.local/lib/python3.8/site-packages/airflow/example_dags/example_latest_only_with_trigger.py
[2021-02-22 18:13:33,337] {scheduler_job.py:643} INFO - DAG(s) dict_keys(['latest_only_with_trigger']) retrieved from /home/airflow/.local/lib/python3.8/site-packages/airflow/example_dags/example_latest_only_with_trigger.py
[2021-02-22 18:13:33,403] {logging_mixin.py:104} INFO - [2021-02-22 18:13:33,403] {dag.py:1818} INFO - Sync 1 DAGs
[2021-02-22 18:13:33,433] {logging_mixin.py:104} INFO - [2021-02-22 18:13:33,433] {dag.py:2273} INFO - Setting next_dagrun for latest_only_with_trigger to 2021-02-20 00:00:00+00:00
[2021-02-22 18:13:33,451] {scheduler_job.py:190} INFO - Processing /home/airflow/.local/lib/python3.8/site-packages/airflow/example_dags/example_latest_only_with_trigger.py took 0.234 seconds
[2021-02-22 18:14:07,220] {scheduler_job.py:182} INFO - Started process (PID=106) to work on /home/airflow/.local/lib/python3.8/site-packages/airflow/example_dags/example_latest_only_with_trigger.py
[2021-02-22 18:14:07,224] {scheduler_job.py:633} INFO - Processing file /home/airflow/.local/lib/python3.8/site-packages/airflow/example_dags/example_latest_only_with_trigger.py for tasks to queue
[2021-02-22 18:14:07,227] {logging_mixin.py:104} INFO - [2021-02-22 18:14:07,227] {dagbag.py:448} INFO - Filling up the DagBag from /home/airflow/.local/lib/python3.8/site-packages/airflow/example_dags/example_latest_only_with_trigger.py
[2021-02-22 18:14:07,268] {scheduler_job.py:643} INFO - DAG(s) dict_keys(['latest_only_with_trigger']) retrieved from /home/airflow/.local/lib/python3.8/site-packages/airflow/example_dags/example_latest_only_with_trigger.py
[2021-02-22 18:14:07,344] {logging_mixin.py:104} INFO - [2021-02-22 18:14:07,344] {dag.py:1818} INFO - Sync 1 DAGs
[2021-02-22 18:14:07,385] {logging_mixin.py:104} INFO - [2021-02-22 18:14:07,384] {dag.py:2273} INFO - Setting next_dagrun for latest_only_with_trigger to 2021-02-20 00:00:00+00:00
[2021-02-22 18:14:07,413] {scheduler_job.py:190} INFO - Processing /home/airflow/.local/lib/python3.8/site-packages/airflow/example_dags/example_latest_only_with_trigger.py took 0.208 seconds
[2021-02-22 18:14:53,596] {scheduler_job.py:182} INFO - Started process (PID=134) to work on /home/airflow/.local/lib/python3.8/site-packages/airflow/example_dags/example_latest_only_with_trigger.py
[2021-02-22 18:14:53,601] {scheduler_job.py:633} INFO - Processing file /home/airflow/.local/lib/python3.8/site-packages/airflow/example_dags/example_latest_only_with_trigger.py for tasks to queue
[2021-02-22 18:14:53,603] {logging_mixin.py:104} INFO - [2021-02-22 18:14:53,603] {dagbag.py:448} INFO - Filling up the DagBag from /home/airflow/.local/lib/python3.8/site-packages/airflow/example_dags/example_latest_only_with_trigger.py
[2021-02-22 18:14:53,653] {scheduler_job.py:643} INFO - DAG(s) dict_keys(['latest_only_with_trigger']) retrieved from /home/airflow/.local/lib/python3.8/site-packages/airflow/example_dags/example_latest_only_with_trigger.py
[2021-02-22 18:14:53,718] {logging_mixin.py:104} INFO - [2021-02-22 18:14:53,718] {dag.py:1818} INFO - Sync 1 DAGs
[2021-02-22 18:14:53,744] {logging_mixin.py:104} INFO - [2021-02-22 18:14:53,744] {dag.py:2273} INFO - Setting next_dagrun for latest_only_with_trigger to 2021-02-20 00:00:00+00:00
[2021-02-22 18:14:53,908] {scheduler_job.py:190} INFO - Processing /home/airflow/.local/lib/python3.8/site-packages/airflow/example_dags/example_latest_only_with_trigger.py took 0.319 seconds
[2021-02-22 18:17:46,170] {scheduler_job.py:182} INFO - Started process (PID=40) to work on /home/airflow/.local/lib/python3.8/site-packages/airflow/example_dags/example_latest_only_with_trigger.py
[2021-02-22 18:17:46,172] {scheduler_job.py:633} INFO - Processing file /home/airflow/.local/lib/python3.8/site-packages/airflow/example_dags/example_latest_only_with_trigger.py for tasks to queue
[2021-02-22 18:17:46,174] {logging_mixin.py:104} INFO - [2021-02-22 18:17:46,174] {dagbag.py:448} INFO - Filling up the DagBag from /home/airflow/.local/lib/python3.8/site-packages/airflow/example_dags/example_latest_only_with_trigger.py
[2021-02-22 18:17:46,196] {scheduler_job.py:643} INFO - DAG(s) dict_keys(['latest_only_with_trigger']) retrieved from /home/airflow/.local/lib/python3.8/site-packages/airflow/example_dags/example_latest_only_with_trigger.py
[2021-02-22 18:17:46,247] {logging_mixin.py:104} INFO - [2021-02-22 18:17:46,247] {dag.py:1818} INFO - Sync 1 DAGs
[2021-02-22 18:17:46,265] {logging_mixin.py:104} INFO - [2021-02-22 18:17:46,265] {dag.py:2273} INFO - Setting next_dagrun for latest_only_with_trigger to 2021-02-20 00:00:00+00:00
[2021-02-22 18:17:46,308] {scheduler_job.py:190} INFO - Processing /home/airflow/.local/lib/python3.8/site-packages/airflow/example_dags/example_latest_only_with_trigger.py took 0.143 seconds
