[2021-02-22 17:52:54,642] {scheduler_job.py:182} INFO - Started process (PID=40) to work on /home/airflow/.local/lib/python3.8/site-packages/airflow/example_dags/example_short_circuit_operator.py
[2021-02-22 17:52:54,645] {scheduler_job.py:633} INFO - Processing file /home/airflow/.local/lib/python3.8/site-packages/airflow/example_dags/example_short_circuit_operator.py for tasks to queue
[2021-02-22 17:52:54,647] {logging_mixin.py:104} INFO - [2021-02-22 17:52:54,646] {dagbag.py:448} INFO - Filling up the DagBag from /home/airflow/.local/lib/python3.8/site-packages/airflow/example_dags/example_short_circuit_operator.py
[2021-02-22 17:52:54,664] {scheduler_job.py:643} INFO - DAG(s) dict_keys(['example_short_circuit_operator']) retrieved from /home/airflow/.local/lib/python3.8/site-packages/airflow/example_dags/example_short_circuit_operator.py
[2021-02-22 17:52:54,691] {logging_mixin.py:104} INFO - [2021-02-22 17:52:54,691] {dag.py:1818} INFO - Sync 1 DAGs
[2021-02-22 17:52:54,703] {logging_mixin.py:104} INFO - [2021-02-22 17:52:54,703] {dag.py:1837} INFO - Creating ORM DAG for example_short_circuit_operator
[2021-02-22 17:52:54,715] {logging_mixin.py:104} INFO - [2021-02-22 17:52:54,715] {dag.py:2273} INFO - Setting next_dagrun for example_short_circuit_operator to 2021-02-20 00:00:00+00:00
[2021-02-22 17:52:54,739] {scheduler_job.py:190} INFO - Processing /home/airflow/.local/lib/python3.8/site-packages/airflow/example_dags/example_short_circuit_operator.py took 0.103 seconds
[2021-02-22 17:53:34,825] {scheduler_job.py:182} INFO - Started process (PID=68) to work on /home/airflow/.local/lib/python3.8/site-packages/airflow/example_dags/example_short_circuit_operator.py
[2021-02-22 17:53:34,827] {scheduler_job.py:633} INFO - Processing file /home/airflow/.local/lib/python3.8/site-packages/airflow/example_dags/example_short_circuit_operator.py for tasks to queue
[2021-02-22 17:53:34,828] {logging_mixin.py:104} INFO - [2021-02-22 17:53:34,828] {dagbag.py:448} INFO - Filling up the DagBag from /home/airflow/.local/lib/python3.8/site-packages/airflow/example_dags/example_short_circuit_operator.py
[2021-02-22 17:53:35,012] {scheduler_job.py:643} INFO - DAG(s) dict_keys(['example_short_circuit_operator']) retrieved from /home/airflow/.local/lib/python3.8/site-packages/airflow/example_dags/example_short_circuit_operator.py
[2021-02-22 17:53:35,187] {logging_mixin.py:104} INFO - [2021-02-22 17:53:35,186] {dag.py:1818} INFO - Sync 1 DAGs
[2021-02-22 17:53:35,202] {logging_mixin.py:104} INFO - [2021-02-22 17:53:35,201] {dag.py:2273} INFO - Setting next_dagrun for example_short_circuit_operator to 2021-02-20 00:00:00+00:00
[2021-02-22 17:53:35,347] {scheduler_job.py:190} INFO - Processing /home/airflow/.local/lib/python3.8/site-packages/airflow/example_dags/example_short_circuit_operator.py took 0.525 seconds
[2021-02-22 17:54:19,462] {scheduler_job.py:182} INFO - Started process (PID=21) to work on /home/airflow/.local/lib/python3.8/site-packages/airflow/example_dags/example_short_circuit_operator.py
[2021-02-22 17:54:19,465] {scheduler_job.py:633} INFO - Processing file /home/airflow/.local/lib/python3.8/site-packages/airflow/example_dags/example_short_circuit_operator.py for tasks to queue
[2021-02-22 17:54:19,472] {logging_mixin.py:104} INFO - [2021-02-22 17:54:19,471] {dagbag.py:448} INFO - Filling up the DagBag from /home/airflow/.local/lib/python3.8/site-packages/airflow/example_dags/example_short_circuit_operator.py
[2021-02-22 17:54:19,519] {scheduler_job.py:643} INFO - DAG(s) dict_keys(['example_short_circuit_operator']) retrieved from /home/airflow/.local/lib/python3.8/site-packages/airflow/example_dags/example_short_circuit_operator.py
[2021-02-22 17:54:19,576] {logging_mixin.py:104} INFO - [2021-02-22 17:54:19,576] {dag.py:1818} INFO - Sync 1 DAGs
[2021-02-22 17:54:19,610] {logging_mixin.py:104} INFO - [2021-02-22 17:54:19,610] {dag.py:2273} INFO - Setting next_dagrun for example_short_circuit_operator to 2021-02-20 00:00:00+00:00
[2021-02-22 17:54:19,639] {scheduler_job.py:190} INFO - Processing /home/airflow/.local/lib/python3.8/site-packages/airflow/example_dags/example_short_circuit_operator.py took 0.185 seconds
[2021-02-22 17:54:50,294] {scheduler_job.py:182} INFO - Started process (PID=49) to work on /home/airflow/.local/lib/python3.8/site-packages/airflow/example_dags/example_short_circuit_operator.py
[2021-02-22 17:54:50,312] {scheduler_job.py:633} INFO - Processing file /home/airflow/.local/lib/python3.8/site-packages/airflow/example_dags/example_short_circuit_operator.py for tasks to queue
[2021-02-22 17:54:50,320] {logging_mixin.py:104} INFO - [2021-02-22 17:54:50,320] {dagbag.py:448} INFO - Filling up the DagBag from /home/airflow/.local/lib/python3.8/site-packages/airflow/example_dags/example_short_circuit_operator.py
[2021-02-22 17:54:50,491] {scheduler_job.py:643} INFO - DAG(s) dict_keys(['example_short_circuit_operator']) retrieved from /home/airflow/.local/lib/python3.8/site-packages/airflow/example_dags/example_short_circuit_operator.py
[2021-02-22 17:54:50,568] {logging_mixin.py:104} INFO - [2021-02-22 17:54:50,568] {dag.py:1818} INFO - Sync 1 DAGs
[2021-02-22 17:54:50,635] {logging_mixin.py:104} INFO - [2021-02-22 17:54:50,634] {dag.py:2273} INFO - Setting next_dagrun for example_short_circuit_operator to 2021-02-20 00:00:00+00:00
[2021-02-22 17:54:50,668] {scheduler_job.py:190} INFO - Processing /home/airflow/.local/lib/python3.8/site-packages/airflow/example_dags/example_short_circuit_operator.py took 0.423 seconds
[2021-02-22 17:55:22,606] {scheduler_job.py:182} INFO - Started process (PID=77) to work on /home/airflow/.local/lib/python3.8/site-packages/airflow/example_dags/example_short_circuit_operator.py
[2021-02-22 17:55:22,608] {scheduler_job.py:633} INFO - Processing file /home/airflow/.local/lib/python3.8/site-packages/airflow/example_dags/example_short_circuit_operator.py for tasks to queue
[2021-02-22 17:55:22,609] {logging_mixin.py:104} INFO - [2021-02-22 17:55:22,609] {dagbag.py:448} INFO - Filling up the DagBag from /home/airflow/.local/lib/python3.8/site-packages/airflow/example_dags/example_short_circuit_operator.py
[2021-02-22 17:55:24,287] {scheduler_job.py:643} INFO - DAG(s) dict_keys(['example_short_circuit_operator']) retrieved from /home/airflow/.local/lib/python3.8/site-packages/airflow/example_dags/example_short_circuit_operator.py
[2021-02-22 17:55:24,618] {logging_mixin.py:104} INFO - [2021-02-22 17:55:24,618] {dag.py:1818} INFO - Sync 1 DAGs
[2021-02-22 17:55:24,650] {logging_mixin.py:104} INFO - [2021-02-22 17:55:24,650] {dag.py:2273} INFO - Setting next_dagrun for example_short_circuit_operator to 2021-02-20 00:00:00+00:00
[2021-02-22 17:55:24,685] {scheduler_job.py:190} INFO - Processing /home/airflow/.local/lib/python3.8/site-packages/airflow/example_dags/example_short_circuit_operator.py took 2.084 seconds
[2021-02-22 17:55:57,664] {scheduler_job.py:182} INFO - Started process (PID=105) to work on /home/airflow/.local/lib/python3.8/site-packages/airflow/example_dags/example_short_circuit_operator.py
[2021-02-22 17:55:57,678] {scheduler_job.py:633} INFO - Processing file /home/airflow/.local/lib/python3.8/site-packages/airflow/example_dags/example_short_circuit_operator.py for tasks to queue
[2021-02-22 17:55:57,684] {logging_mixin.py:104} INFO - [2021-02-22 17:55:57,684] {dagbag.py:448} INFO - Filling up the DagBag from /home/airflow/.local/lib/python3.8/site-packages/airflow/example_dags/example_short_circuit_operator.py
[2021-02-22 17:55:58,035] {scheduler_job.py:643} INFO - DAG(s) dict_keys(['example_short_circuit_operator']) retrieved from /home/airflow/.local/lib/python3.8/site-packages/airflow/example_dags/example_short_circuit_operator.py
[2021-02-22 17:55:58,130] {logging_mixin.py:104} INFO - [2021-02-22 17:55:58,130] {dag.py:1818} INFO - Sync 1 DAGs
[2021-02-22 17:55:58,237] {logging_mixin.py:104} INFO - [2021-02-22 17:55:58,236] {dag.py:2273} INFO - Setting next_dagrun for example_short_circuit_operator to 2021-02-20 00:00:00+00:00
[2021-02-22 17:55:58,291] {scheduler_job.py:190} INFO - Processing /home/airflow/.local/lib/python3.8/site-packages/airflow/example_dags/example_short_circuit_operator.py took 0.634 seconds
[2021-02-22 17:56:29,289] {scheduler_job.py:182} INFO - Started process (PID=133) to work on /home/airflow/.local/lib/python3.8/site-packages/airflow/example_dags/example_short_circuit_operator.py
[2021-02-22 17:56:29,322] {scheduler_job.py:633} INFO - Processing file /home/airflow/.local/lib/python3.8/site-packages/airflow/example_dags/example_short_circuit_operator.py for tasks to queue
[2021-02-22 17:56:29,330] {logging_mixin.py:104} INFO - [2021-02-22 17:56:29,330] {dagbag.py:448} INFO - Filling up the DagBag from /home/airflow/.local/lib/python3.8/site-packages/airflow/example_dags/example_short_circuit_operator.py
[2021-02-22 17:56:29,495] {scheduler_job.py:643} INFO - DAG(s) dict_keys(['example_short_circuit_operator']) retrieved from /home/airflow/.local/lib/python3.8/site-packages/airflow/example_dags/example_short_circuit_operator.py
[2021-02-22 17:56:29,626] {logging_mixin.py:104} INFO - [2021-02-22 17:56:29,626] {dag.py:1818} INFO - Sync 1 DAGs
[2021-02-22 17:56:29,709] {logging_mixin.py:104} INFO - [2021-02-22 17:56:29,709] {dag.py:2273} INFO - Setting next_dagrun for example_short_circuit_operator to 2021-02-20 00:00:00+00:00
[2021-02-22 18:03:23,461] {scheduler_job.py:182} INFO - Started process (PID=36) to work on /home/airflow/.local/lib/python3.8/site-packages/airflow/example_dags/example_short_circuit_operator.py
[2021-02-22 18:03:23,466] {scheduler_job.py:633} INFO - Processing file /home/airflow/.local/lib/python3.8/site-packages/airflow/example_dags/example_short_circuit_operator.py for tasks to queue
[2021-02-22 18:03:23,483] {logging_mixin.py:104} INFO - [2021-02-22 18:03:23,483] {dagbag.py:448} INFO - Filling up the DagBag from /home/airflow/.local/lib/python3.8/site-packages/airflow/example_dags/example_short_circuit_operator.py
[2021-02-22 18:03:23,586] {scheduler_job.py:643} INFO - DAG(s) dict_keys(['example_short_circuit_operator']) retrieved from /home/airflow/.local/lib/python3.8/site-packages/airflow/example_dags/example_short_circuit_operator.py
[2021-02-22 18:03:23,667] {logging_mixin.py:104} INFO - [2021-02-22 18:03:23,666] {dag.py:1818} INFO - Sync 1 DAGs
[2021-02-22 18:03:23,708] {logging_mixin.py:104} INFO - [2021-02-22 18:03:23,708] {dag.py:2273} INFO - Setting next_dagrun for example_short_circuit_operator to 2021-02-20 00:00:00+00:00
[2021-02-22 18:03:23,733] {scheduler_job.py:190} INFO - Processing /home/airflow/.local/lib/python3.8/site-packages/airflow/example_dags/example_short_circuit_operator.py took 0.283 seconds
[2021-02-22 18:03:54,094] {scheduler_job.py:182} INFO - Started process (PID=63) to work on /home/airflow/.local/lib/python3.8/site-packages/airflow/example_dags/example_short_circuit_operator.py
[2021-02-22 18:03:54,096] {scheduler_job.py:633} INFO - Processing file /home/airflow/.local/lib/python3.8/site-packages/airflow/example_dags/example_short_circuit_operator.py for tasks to queue
[2021-02-22 18:03:54,098] {logging_mixin.py:104} INFO - [2021-02-22 18:03:54,098] {dagbag.py:448} INFO - Filling up the DagBag from /home/airflow/.local/lib/python3.8/site-packages/airflow/example_dags/example_short_circuit_operator.py
[2021-02-22 18:03:54,116] {scheduler_job.py:643} INFO - DAG(s) dict_keys(['example_short_circuit_operator']) retrieved from /home/airflow/.local/lib/python3.8/site-packages/airflow/example_dags/example_short_circuit_operator.py
[2021-02-22 18:03:54,145] {logging_mixin.py:104} INFO - [2021-02-22 18:03:54,145] {dag.py:1818} INFO - Sync 1 DAGs
[2021-02-22 18:03:54,164] {logging_mixin.py:104} INFO - [2021-02-22 18:03:54,164] {dag.py:2273} INFO - Setting next_dagrun for example_short_circuit_operator to 2021-02-20 00:00:00+00:00
[2021-02-22 18:03:54,179] {scheduler_job.py:190} INFO - Processing /home/airflow/.local/lib/python3.8/site-packages/airflow/example_dags/example_short_circuit_operator.py took 0.089 seconds
[2021-02-22 18:04:32,015] {scheduler_job.py:182} INFO - Started process (PID=92) to work on /home/airflow/.local/lib/python3.8/site-packages/airflow/example_dags/example_short_circuit_operator.py
[2021-02-22 18:04:32,017] {scheduler_job.py:633} INFO - Processing file /home/airflow/.local/lib/python3.8/site-packages/airflow/example_dags/example_short_circuit_operator.py for tasks to queue
[2021-02-22 18:04:32,018] {logging_mixin.py:104} INFO - [2021-02-22 18:04:32,018] {dagbag.py:448} INFO - Filling up the DagBag from /home/airflow/.local/lib/python3.8/site-packages/airflow/example_dags/example_short_circuit_operator.py
[2021-02-22 18:04:32,049] {scheduler_job.py:643} INFO - DAG(s) dict_keys(['example_short_circuit_operator']) retrieved from /home/airflow/.local/lib/python3.8/site-packages/airflow/example_dags/example_short_circuit_operator.py
[2021-02-22 18:04:32,079] {logging_mixin.py:104} INFO - [2021-02-22 18:04:32,079] {dag.py:1818} INFO - Sync 1 DAGs
[2021-02-22 18:04:32,093] {logging_mixin.py:104} INFO - [2021-02-22 18:04:32,093] {dag.py:2273} INFO - Setting next_dagrun for example_short_circuit_operator to 2021-02-20 00:00:00+00:00
[2021-02-22 18:04:32,108] {scheduler_job.py:190} INFO - Processing /home/airflow/.local/lib/python3.8/site-packages/airflow/example_dags/example_short_circuit_operator.py took 0.096 seconds
[2021-02-22 18:05:02,617] {scheduler_job.py:182} INFO - Started process (PID=120) to work on /home/airflow/.local/lib/python3.8/site-packages/airflow/example_dags/example_short_circuit_operator.py
[2021-02-22 18:05:02,619] {scheduler_job.py:633} INFO - Processing file /home/airflow/.local/lib/python3.8/site-packages/airflow/example_dags/example_short_circuit_operator.py for tasks to queue
[2021-02-22 18:05:02,621] {logging_mixin.py:104} INFO - [2021-02-22 18:05:02,621] {dagbag.py:448} INFO - Filling up the DagBag from /home/airflow/.local/lib/python3.8/site-packages/airflow/example_dags/example_short_circuit_operator.py
[2021-02-22 18:05:02,638] {scheduler_job.py:643} INFO - DAG(s) dict_keys(['example_short_circuit_operator']) retrieved from /home/airflow/.local/lib/python3.8/site-packages/airflow/example_dags/example_short_circuit_operator.py
[2021-02-22 18:05:02,665] {logging_mixin.py:104} INFO - [2021-02-22 18:05:02,665] {dag.py:1818} INFO - Sync 1 DAGs
[2021-02-22 18:05:02,694] {logging_mixin.py:104} INFO - [2021-02-22 18:05:02,693] {dag.py:2273} INFO - Setting next_dagrun for example_short_circuit_operator to 2021-02-20 00:00:00+00:00
[2021-02-22 18:05:02,717] {scheduler_job.py:190} INFO - Processing /home/airflow/.local/lib/python3.8/site-packages/airflow/example_dags/example_short_circuit_operator.py took 0.104 seconds
[2021-02-22 18:05:47,705] {scheduler_job.py:182} INFO - Started process (PID=46) to work on /home/airflow/.local/lib/python3.8/site-packages/airflow/example_dags/example_short_circuit_operator.py
[2021-02-22 18:05:47,709] {scheduler_job.py:633} INFO - Processing file /home/airflow/.local/lib/python3.8/site-packages/airflow/example_dags/example_short_circuit_operator.py for tasks to queue
[2021-02-22 18:05:47,712] {logging_mixin.py:104} INFO - [2021-02-22 18:05:47,712] {dagbag.py:448} INFO - Filling up the DagBag from /home/airflow/.local/lib/python3.8/site-packages/airflow/example_dags/example_short_circuit_operator.py
[2021-02-22 18:05:47,730] {scheduler_job.py:643} INFO - DAG(s) dict_keys(['example_short_circuit_operator']) retrieved from /home/airflow/.local/lib/python3.8/site-packages/airflow/example_dags/example_short_circuit_operator.py
[2021-02-22 18:05:47,836] {logging_mixin.py:104} INFO - [2021-02-22 18:05:47,836] {dag.py:1818} INFO - Sync 1 DAGs
[2021-02-22 18:05:47,877] {logging_mixin.py:104} INFO - [2021-02-22 18:05:47,877] {dag.py:2273} INFO - Setting next_dagrun for example_short_circuit_operator to 2021-02-20 00:00:00+00:00
[2021-02-22 18:05:47,920] {scheduler_job.py:190} INFO - Processing /home/airflow/.local/lib/python3.8/site-packages/airflow/example_dags/example_short_circuit_operator.py took 0.220 seconds
[2021-02-22 18:06:26,847] {scheduler_job.py:182} INFO - Started process (PID=75) to work on /home/airflow/.local/lib/python3.8/site-packages/airflow/example_dags/example_short_circuit_operator.py
[2021-02-22 18:06:26,855] {scheduler_job.py:633} INFO - Processing file /home/airflow/.local/lib/python3.8/site-packages/airflow/example_dags/example_short_circuit_operator.py for tasks to queue
[2021-02-22 18:06:26,858] {logging_mixin.py:104} INFO - [2021-02-22 18:06:26,857] {dagbag.py:448} INFO - Filling up the DagBag from /home/airflow/.local/lib/python3.8/site-packages/airflow/example_dags/example_short_circuit_operator.py
[2021-02-22 18:06:26,912] {scheduler_job.py:643} INFO - DAG(s) dict_keys(['example_short_circuit_operator']) retrieved from /home/airflow/.local/lib/python3.8/site-packages/airflow/example_dags/example_short_circuit_operator.py
[2021-02-22 18:06:26,946] {logging_mixin.py:104} INFO - [2021-02-22 18:06:26,946] {dag.py:1818} INFO - Sync 1 DAGs
[2021-02-22 18:06:26,967] {logging_mixin.py:104} INFO - [2021-02-22 18:06:26,967] {dag.py:2273} INFO - Setting next_dagrun for example_short_circuit_operator to 2021-02-20 00:00:00+00:00
[2021-02-22 18:06:26,984] {scheduler_job.py:190} INFO - Processing /home/airflow/.local/lib/python3.8/site-packages/airflow/example_dags/example_short_circuit_operator.py took 0.142 seconds
[2021-02-22 18:07:03,462] {scheduler_job.py:182} INFO - Started process (PID=103) to work on /home/airflow/.local/lib/python3.8/site-packages/airflow/example_dags/example_short_circuit_operator.py
[2021-02-22 18:07:03,466] {scheduler_job.py:633} INFO - Processing file /home/airflow/.local/lib/python3.8/site-packages/airflow/example_dags/example_short_circuit_operator.py for tasks to queue
[2021-02-22 18:07:03,468] {logging_mixin.py:104} INFO - [2021-02-22 18:07:03,468] {dagbag.py:448} INFO - Filling up the DagBag from /home/airflow/.local/lib/python3.8/site-packages/airflow/example_dags/example_short_circuit_operator.py
[2021-02-22 18:07:03,518] {scheduler_job.py:643} INFO - DAG(s) dict_keys(['example_short_circuit_operator']) retrieved from /home/airflow/.local/lib/python3.8/site-packages/airflow/example_dags/example_short_circuit_operator.py
[2021-02-22 18:07:03,563] {logging_mixin.py:104} INFO - [2021-02-22 18:07:03,563] {dag.py:1818} INFO - Sync 1 DAGs
[2021-02-22 18:07:03,641] {logging_mixin.py:104} INFO - [2021-02-22 18:07:03,640] {dag.py:2273} INFO - Setting next_dagrun for example_short_circuit_operator to 2021-02-20 00:00:00+00:00
[2021-02-22 18:07:03,692] {scheduler_job.py:190} INFO - Processing /home/airflow/.local/lib/python3.8/site-packages/airflow/example_dags/example_short_circuit_operator.py took 0.235 seconds
[2021-02-22 18:08:17,622] {scheduler_job.py:182} INFO - Started process (PID=27) to work on /home/airflow/.local/lib/python3.8/site-packages/airflow/example_dags/example_short_circuit_operator.py
[2021-02-22 18:08:17,623] {scheduler_job.py:633} INFO - Processing file /home/airflow/.local/lib/python3.8/site-packages/airflow/example_dags/example_short_circuit_operator.py for tasks to queue
[2021-02-22 18:08:17,624] {logging_mixin.py:104} INFO - [2021-02-22 18:08:17,624] {dagbag.py:448} INFO - Filling up the DagBag from /home/airflow/.local/lib/python3.8/site-packages/airflow/example_dags/example_short_circuit_operator.py
[2021-02-22 18:08:17,643] {scheduler_job.py:643} INFO - DAG(s) dict_keys(['example_short_circuit_operator']) retrieved from /home/airflow/.local/lib/python3.8/site-packages/airflow/example_dags/example_short_circuit_operator.py
[2021-02-22 18:08:17,678] {logging_mixin.py:104} INFO - [2021-02-22 18:08:17,678] {dag.py:1818} INFO - Sync 1 DAGs
[2021-02-22 18:08:17,709] {logging_mixin.py:104} INFO - [2021-02-22 18:08:17,709] {dag.py:2273} INFO - Setting next_dagrun for example_short_circuit_operator to 2021-02-20 00:00:00+00:00
[2021-02-22 18:08:17,741] {scheduler_job.py:190} INFO - Processing /home/airflow/.local/lib/python3.8/site-packages/airflow/example_dags/example_short_circuit_operator.py took 0.123 seconds
[2021-02-22 18:08:52,667] {scheduler_job.py:182} INFO - Started process (PID=55) to work on /home/airflow/.local/lib/python3.8/site-packages/airflow/example_dags/example_short_circuit_operator.py
[2021-02-22 18:08:52,696] {scheduler_job.py:633} INFO - Processing file /home/airflow/.local/lib/python3.8/site-packages/airflow/example_dags/example_short_circuit_operator.py for tasks to queue
[2021-02-22 18:08:52,697] {logging_mixin.py:104} INFO - [2021-02-22 18:08:52,697] {dagbag.py:448} INFO - Filling up the DagBag from /home/airflow/.local/lib/python3.8/site-packages/airflow/example_dags/example_short_circuit_operator.py
[2021-02-22 18:08:52,726] {scheduler_job.py:643} INFO - DAG(s) dict_keys(['example_short_circuit_operator']) retrieved from /home/airflow/.local/lib/python3.8/site-packages/airflow/example_dags/example_short_circuit_operator.py
[2021-02-22 18:08:52,750] {logging_mixin.py:104} INFO - [2021-02-22 18:08:52,750] {dag.py:1818} INFO - Sync 1 DAGs
[2021-02-22 18:08:52,794] {logging_mixin.py:104} INFO - [2021-02-22 18:08:52,794] {dag.py:2273} INFO - Setting next_dagrun for example_short_circuit_operator to 2021-02-20 00:00:00+00:00
[2021-02-22 18:08:52,826] {scheduler_job.py:190} INFO - Processing /home/airflow/.local/lib/python3.8/site-packages/airflow/example_dags/example_short_circuit_operator.py took 0.165 seconds
[2021-02-22 18:09:23,273] {scheduler_job.py:182} INFO - Started process (PID=79) to work on /home/airflow/.local/lib/python3.8/site-packages/airflow/example_dags/example_short_circuit_operator.py
[2021-02-22 18:09:23,278] {scheduler_job.py:633} INFO - Processing file /home/airflow/.local/lib/python3.8/site-packages/airflow/example_dags/example_short_circuit_operator.py for tasks to queue
[2021-02-22 18:09:23,283] {logging_mixin.py:104} INFO - [2021-02-22 18:09:23,283] {dagbag.py:448} INFO - Filling up the DagBag from /home/airflow/.local/lib/python3.8/site-packages/airflow/example_dags/example_short_circuit_operator.py
[2021-02-22 18:09:23,339] {scheduler_job.py:643} INFO - DAG(s) dict_keys(['example_short_circuit_operator']) retrieved from /home/airflow/.local/lib/python3.8/site-packages/airflow/example_dags/example_short_circuit_operator.py
[2021-02-22 18:09:23,386] {logging_mixin.py:104} INFO - [2021-02-22 18:09:23,385] {dag.py:1818} INFO - Sync 1 DAGs
[2021-02-22 18:09:23,412] {logging_mixin.py:104} INFO - [2021-02-22 18:09:23,412] {dag.py:2273} INFO - Setting next_dagrun for example_short_circuit_operator to 2021-02-20 00:00:00+00:00
[2021-02-22 18:09:23,448] {scheduler_job.py:190} INFO - Processing /home/airflow/.local/lib/python3.8/site-packages/airflow/example_dags/example_short_circuit_operator.py took 0.180 seconds
[2021-02-22 18:10:03,953] {scheduler_job.py:182} INFO - Started process (PID=111) to work on /home/airflow/.local/lib/python3.8/site-packages/airflow/example_dags/example_short_circuit_operator.py
[2021-02-22 18:10:03,956] {scheduler_job.py:633} INFO - Processing file /home/airflow/.local/lib/python3.8/site-packages/airflow/example_dags/example_short_circuit_operator.py for tasks to queue
[2021-02-22 18:10:03,958] {logging_mixin.py:104} INFO - [2021-02-22 18:10:03,957] {dagbag.py:448} INFO - Filling up the DagBag from /home/airflow/.local/lib/python3.8/site-packages/airflow/example_dags/example_short_circuit_operator.py
[2021-02-22 18:10:04,024] {scheduler_job.py:643} INFO - DAG(s) dict_keys(['example_short_circuit_operator']) retrieved from /home/airflow/.local/lib/python3.8/site-packages/airflow/example_dags/example_short_circuit_operator.py
[2021-02-22 18:10:04,113] {logging_mixin.py:104} INFO - [2021-02-22 18:10:04,113] {dag.py:1818} INFO - Sync 1 DAGs
[2021-02-22 18:10:04,150] {logging_mixin.py:104} INFO - [2021-02-22 18:10:04,149] {dag.py:2273} INFO - Setting next_dagrun for example_short_circuit_operator to 2021-02-20 00:00:00+00:00
[2021-02-22 18:10:04,205] {scheduler_job.py:190} INFO - Processing /home/airflow/.local/lib/python3.8/site-packages/airflow/example_dags/example_short_circuit_operator.py took 0.259 seconds
[2021-02-22 18:12:27,334] {scheduler_job.py:182} INFO - Started process (PID=32) to work on /home/airflow/.local/lib/python3.8/site-packages/airflow/example_dags/example_short_circuit_operator.py
[2021-02-22 18:12:27,337] {scheduler_job.py:633} INFO - Processing file /home/airflow/.local/lib/python3.8/site-packages/airflow/example_dags/example_short_circuit_operator.py for tasks to queue
[2021-02-22 18:12:27,340] {logging_mixin.py:104} INFO - [2021-02-22 18:12:27,340] {dagbag.py:448} INFO - Filling up the DagBag from /home/airflow/.local/lib/python3.8/site-packages/airflow/example_dags/example_short_circuit_operator.py
[2021-02-22 18:12:27,367] {scheduler_job.py:643} INFO - DAG(s) dict_keys(['example_short_circuit_operator']) retrieved from /home/airflow/.local/lib/python3.8/site-packages/airflow/example_dags/example_short_circuit_operator.py
[2021-02-22 18:12:27,407] {logging_mixin.py:104} INFO - [2021-02-22 18:12:27,407] {dag.py:1818} INFO - Sync 1 DAGs
[2021-02-22 18:12:27,452] {logging_mixin.py:104} INFO - [2021-02-22 18:12:27,451] {dag.py:2273} INFO - Setting next_dagrun for example_short_circuit_operator to 2021-02-20 00:00:00+00:00
[2021-02-22 18:12:27,492] {scheduler_job.py:190} INFO - Processing /home/airflow/.local/lib/python3.8/site-packages/airflow/example_dags/example_short_circuit_operator.py took 0.164 seconds
[2021-02-22 18:12:57,544] {scheduler_job.py:182} INFO - Started process (PID=60) to work on /home/airflow/.local/lib/python3.8/site-packages/airflow/example_dags/example_short_circuit_operator.py
[2021-02-22 18:12:57,546] {scheduler_job.py:633} INFO - Processing file /home/airflow/.local/lib/python3.8/site-packages/airflow/example_dags/example_short_circuit_operator.py for tasks to queue
[2021-02-22 18:12:57,547] {logging_mixin.py:104} INFO - [2021-02-22 18:12:57,547] {dagbag.py:448} INFO - Filling up the DagBag from /home/airflow/.local/lib/python3.8/site-packages/airflow/example_dags/example_short_circuit_operator.py
[2021-02-22 18:12:57,576] {scheduler_job.py:643} INFO - DAG(s) dict_keys(['example_short_circuit_operator']) retrieved from /home/airflow/.local/lib/python3.8/site-packages/airflow/example_dags/example_short_circuit_operator.py
[2021-02-22 18:12:57,602] {logging_mixin.py:104} INFO - [2021-02-22 18:12:57,602] {dag.py:1818} INFO - Sync 1 DAGs
[2021-02-22 18:12:57,620] {logging_mixin.py:104} INFO - [2021-02-22 18:12:57,620] {dag.py:2273} INFO - Setting next_dagrun for example_short_circuit_operator to 2021-02-20 00:00:00+00:00
[2021-02-22 18:12:57,633] {scheduler_job.py:190} INFO - Processing /home/airflow/.local/lib/python3.8/site-packages/airflow/example_dags/example_short_circuit_operator.py took 0.093 seconds
[2021-02-22 18:13:35,270] {scheduler_job.py:182} INFO - Started process (PID=88) to work on /home/airflow/.local/lib/python3.8/site-packages/airflow/example_dags/example_short_circuit_operator.py
[2021-02-22 18:13:35,316] {scheduler_job.py:633} INFO - Processing file /home/airflow/.local/lib/python3.8/site-packages/airflow/example_dags/example_short_circuit_operator.py for tasks to queue
[2021-02-22 18:13:35,318] {logging_mixin.py:104} INFO - [2021-02-22 18:13:35,318] {dagbag.py:448} INFO - Filling up the DagBag from /home/airflow/.local/lib/python3.8/site-packages/airflow/example_dags/example_short_circuit_operator.py
[2021-02-22 18:13:35,381] {scheduler_job.py:643} INFO - DAG(s) dict_keys(['example_short_circuit_operator']) retrieved from /home/airflow/.local/lib/python3.8/site-packages/airflow/example_dags/example_short_circuit_operator.py
[2021-02-22 18:13:35,402] {logging_mixin.py:104} INFO - [2021-02-22 18:13:35,402] {dag.py:1818} INFO - Sync 1 DAGs
[2021-02-22 18:13:35,416] {logging_mixin.py:104} INFO - [2021-02-22 18:13:35,416] {dag.py:2273} INFO - Setting next_dagrun for example_short_circuit_operator to 2021-02-20 00:00:00+00:00
[2021-02-22 18:13:35,435] {scheduler_job.py:190} INFO - Processing /home/airflow/.local/lib/python3.8/site-packages/airflow/example_dags/example_short_circuit_operator.py took 0.170 seconds
[2021-02-22 18:14:08,271] {scheduler_job.py:182} INFO - Started process (PID=116) to work on /home/airflow/.local/lib/python3.8/site-packages/airflow/example_dags/example_short_circuit_operator.py
[2021-02-22 18:14:08,273] {scheduler_job.py:633} INFO - Processing file /home/airflow/.local/lib/python3.8/site-packages/airflow/example_dags/example_short_circuit_operator.py for tasks to queue
[2021-02-22 18:14:08,275] {logging_mixin.py:104} INFO - [2021-02-22 18:14:08,275] {dagbag.py:448} INFO - Filling up the DagBag from /home/airflow/.local/lib/python3.8/site-packages/airflow/example_dags/example_short_circuit_operator.py
[2021-02-22 18:14:08,293] {scheduler_job.py:643} INFO - DAG(s) dict_keys(['example_short_circuit_operator']) retrieved from /home/airflow/.local/lib/python3.8/site-packages/airflow/example_dags/example_short_circuit_operator.py
[2021-02-22 18:14:08,329] {logging_mixin.py:104} INFO - [2021-02-22 18:14:08,329] {dag.py:1818} INFO - Sync 1 DAGs
[2021-02-22 18:14:08,343] {logging_mixin.py:104} INFO - [2021-02-22 18:14:08,343] {dag.py:2273} INFO - Setting next_dagrun for example_short_circuit_operator to 2021-02-20 00:00:00+00:00
[2021-02-22 18:14:08,362] {scheduler_job.py:190} INFO - Processing /home/airflow/.local/lib/python3.8/site-packages/airflow/example_dags/example_short_circuit_operator.py took 0.095 seconds
[2021-02-22 18:17:46,581] {scheduler_job.py:182} INFO - Started process (PID=44) to work on /home/airflow/.local/lib/python3.8/site-packages/airflow/example_dags/example_short_circuit_operator.py
[2021-02-22 18:17:46,583] {scheduler_job.py:633} INFO - Processing file /home/airflow/.local/lib/python3.8/site-packages/airflow/example_dags/example_short_circuit_operator.py for tasks to queue
[2021-02-22 18:17:46,584] {logging_mixin.py:104} INFO - [2021-02-22 18:17:46,584] {dagbag.py:448} INFO - Filling up the DagBag from /home/airflow/.local/lib/python3.8/site-packages/airflow/example_dags/example_short_circuit_operator.py
[2021-02-22 18:17:46,600] {scheduler_job.py:643} INFO - DAG(s) dict_keys(['example_short_circuit_operator']) retrieved from /home/airflow/.local/lib/python3.8/site-packages/airflow/example_dags/example_short_circuit_operator.py
[2021-02-22 18:17:46,638] {logging_mixin.py:104} INFO - [2021-02-22 18:17:46,638] {dag.py:1818} INFO - Sync 1 DAGs
[2021-02-22 18:17:46,654] {logging_mixin.py:104} INFO - [2021-02-22 18:17:46,653] {dag.py:2273} INFO - Setting next_dagrun for example_short_circuit_operator to 2021-02-20 00:00:00+00:00
[2021-02-22 18:17:46,672] {scheduler_job.py:190} INFO - Processing /home/airflow/.local/lib/python3.8/site-packages/airflow/example_dags/example_short_circuit_operator.py took 0.099 seconds
