[2021-02-22 17:52:52,524] {scheduler_job.py:182} INFO - Started process (PID=22) to work on /home/airflow/.local/lib/python3.8/site-packages/airflow/example_dags/example_trigger_target_dag.py
[2021-02-22 17:52:52,534] {scheduler_job.py:633} INFO - Processing file /home/airflow/.local/lib/python3.8/site-packages/airflow/example_dags/example_trigger_target_dag.py for tasks to queue
[2021-02-22 17:52:52,536] {logging_mixin.py:104} INFO - [2021-02-22 17:52:52,536] {dagbag.py:448} INFO - Filling up the DagBag from /home/airflow/.local/lib/python3.8/site-packages/airflow/example_dags/example_trigger_target_dag.py
[2021-02-22 17:52:52,604] {scheduler_job.py:643} INFO - DAG(s) dict_keys(['example_trigger_target_dag']) retrieved from /home/airflow/.local/lib/python3.8/site-packages/airflow/example_dags/example_trigger_target_dag.py
[2021-02-22 17:52:52,663] {logging_mixin.py:104} INFO - [2021-02-22 17:52:52,663] {dag.py:1818} INFO - Sync 1 DAGs
[2021-02-22 17:52:52,678] {logging_mixin.py:104} INFO - [2021-02-22 17:52:52,678] {dag.py:1837} INFO - Creating ORM DAG for example_trigger_target_dag
[2021-02-22 17:52:52,711] {logging_mixin.py:104} INFO - [2021-02-22 17:52:52,710] {dag.py:2273} INFO - Setting next_dagrun for example_trigger_target_dag to None
[2021-02-22 17:52:52,734] {scheduler_job.py:190} INFO - Processing /home/airflow/.local/lib/python3.8/site-packages/airflow/example_dags/example_trigger_target_dag.py took 0.214 seconds
[2021-02-22 17:53:24,156] {scheduler_job.py:182} INFO - Started process (PID=50) to work on /home/airflow/.local/lib/python3.8/site-packages/airflow/example_dags/example_trigger_target_dag.py
[2021-02-22 17:53:24,162] {scheduler_job.py:633} INFO - Processing file /home/airflow/.local/lib/python3.8/site-packages/airflow/example_dags/example_trigger_target_dag.py for tasks to queue
[2021-02-22 17:53:24,168] {logging_mixin.py:104} INFO - [2021-02-22 17:53:24,168] {dagbag.py:448} INFO - Filling up the DagBag from /home/airflow/.local/lib/python3.8/site-packages/airflow/example_dags/example_trigger_target_dag.py
[2021-02-22 17:53:29,012] {scheduler_job.py:643} INFO - DAG(s) dict_keys(['example_trigger_target_dag']) retrieved from /home/airflow/.local/lib/python3.8/site-packages/airflow/example_dags/example_trigger_target_dag.py
[2021-02-22 17:53:29,447] {logging_mixin.py:104} INFO - [2021-02-22 17:53:29,447] {dag.py:1818} INFO - Sync 1 DAGs
[2021-02-22 17:53:29,558] {logging_mixin.py:104} INFO - [2021-02-22 17:53:29,558] {dag.py:2273} INFO - Setting next_dagrun for example_trigger_target_dag to None
[2021-02-22 17:53:29,819] {scheduler_job.py:190} INFO - Processing /home/airflow/.local/lib/python3.8/site-packages/airflow/example_dags/example_trigger_target_dag.py took 5.727 seconds
[2021-02-22 17:54:19,926] {scheduler_job.py:182} INFO - Started process (PID=26) to work on /home/airflow/.local/lib/python3.8/site-packages/airflow/example_dags/example_trigger_target_dag.py
[2021-02-22 17:54:19,931] {scheduler_job.py:633} INFO - Processing file /home/airflow/.local/lib/python3.8/site-packages/airflow/example_dags/example_trigger_target_dag.py for tasks to queue
[2021-02-22 17:54:19,933] {logging_mixin.py:104} INFO - [2021-02-22 17:54:19,933] {dagbag.py:448} INFO - Filling up the DagBag from /home/airflow/.local/lib/python3.8/site-packages/airflow/example_dags/example_trigger_target_dag.py
[2021-02-22 17:54:19,973] {scheduler_job.py:643} INFO - DAG(s) dict_keys(['example_trigger_target_dag']) retrieved from /home/airflow/.local/lib/python3.8/site-packages/airflow/example_dags/example_trigger_target_dag.py
[2021-02-22 17:54:20,023] {logging_mixin.py:104} INFO - [2021-02-22 17:54:20,023] {dag.py:1818} INFO - Sync 1 DAGs
[2021-02-22 17:54:20,082] {logging_mixin.py:104} INFO - [2021-02-22 17:54:20,082] {dag.py:2273} INFO - Setting next_dagrun for example_trigger_target_dag to None
[2021-02-22 17:54:20,118] {scheduler_job.py:190} INFO - Processing /home/airflow/.local/lib/python3.8/site-packages/airflow/example_dags/example_trigger_target_dag.py took 0.200 seconds
[2021-02-22 17:54:51,040] {scheduler_job.py:182} INFO - Started process (PID=54) to work on /home/airflow/.local/lib/python3.8/site-packages/airflow/example_dags/example_trigger_target_dag.py
[2021-02-22 17:54:51,043] {scheduler_job.py:633} INFO - Processing file /home/airflow/.local/lib/python3.8/site-packages/airflow/example_dags/example_trigger_target_dag.py for tasks to queue
[2021-02-22 17:54:51,045] {logging_mixin.py:104} INFO - [2021-02-22 17:54:51,044] {dagbag.py:448} INFO - Filling up the DagBag from /home/airflow/.local/lib/python3.8/site-packages/airflow/example_dags/example_trigger_target_dag.py
[2021-02-22 17:54:51,068] {scheduler_job.py:643} INFO - DAG(s) dict_keys(['example_trigger_target_dag']) retrieved from /home/airflow/.local/lib/python3.8/site-packages/airflow/example_dags/example_trigger_target_dag.py
[2021-02-22 17:54:51,102] {logging_mixin.py:104} INFO - [2021-02-22 17:54:51,102] {dag.py:1818} INFO - Sync 1 DAGs
[2021-02-22 17:54:51,119] {logging_mixin.py:104} INFO - [2021-02-22 17:54:51,119] {dag.py:2273} INFO - Setting next_dagrun for example_trigger_target_dag to None
[2021-02-22 17:54:51,128] {scheduler_job.py:190} INFO - Processing /home/airflow/.local/lib/python3.8/site-packages/airflow/example_dags/example_trigger_target_dag.py took 0.093 seconds
[2021-02-22 17:55:25,228] {scheduler_job.py:182} INFO - Started process (PID=82) to work on /home/airflow/.local/lib/python3.8/site-packages/airflow/example_dags/example_trigger_target_dag.py
[2021-02-22 17:55:25,230] {scheduler_job.py:633} INFO - Processing file /home/airflow/.local/lib/python3.8/site-packages/airflow/example_dags/example_trigger_target_dag.py for tasks to queue
[2021-02-22 17:55:25,232] {logging_mixin.py:104} INFO - [2021-02-22 17:55:25,232] {dagbag.py:448} INFO - Filling up the DagBag from /home/airflow/.local/lib/python3.8/site-packages/airflow/example_dags/example_trigger_target_dag.py
[2021-02-22 17:55:25,851] {scheduler_job.py:643} INFO - DAG(s) dict_keys(['example_trigger_target_dag']) retrieved from /home/airflow/.local/lib/python3.8/site-packages/airflow/example_dags/example_trigger_target_dag.py
[2021-02-22 17:55:25,872] {logging_mixin.py:104} INFO - [2021-02-22 17:55:25,872] {dag.py:1818} INFO - Sync 1 DAGs
[2021-02-22 17:55:25,887] {logging_mixin.py:104} INFO - [2021-02-22 17:55:25,886] {dag.py:2273} INFO - Setting next_dagrun for example_trigger_target_dag to None
[2021-02-22 17:55:26,186] {scheduler_job.py:190} INFO - Processing /home/airflow/.local/lib/python3.8/site-packages/airflow/example_dags/example_trigger_target_dag.py took 0.965 seconds
[2021-02-22 17:55:58,644] {scheduler_job.py:182} INFO - Started process (PID=111) to work on /home/airflow/.local/lib/python3.8/site-packages/airflow/example_dags/example_trigger_target_dag.py
[2021-02-22 17:55:58,654] {scheduler_job.py:633} INFO - Processing file /home/airflow/.local/lib/python3.8/site-packages/airflow/example_dags/example_trigger_target_dag.py for tasks to queue
[2021-02-22 17:55:58,661] {logging_mixin.py:104} INFO - [2021-02-22 17:55:58,661] {dagbag.py:448} INFO - Filling up the DagBag from /home/airflow/.local/lib/python3.8/site-packages/airflow/example_dags/example_trigger_target_dag.py
[2021-02-22 17:55:58,680] {scheduler_job.py:643} INFO - DAG(s) dict_keys(['example_trigger_target_dag']) retrieved from /home/airflow/.local/lib/python3.8/site-packages/airflow/example_dags/example_trigger_target_dag.py
[2021-02-22 17:55:58,731] {logging_mixin.py:104} INFO - [2021-02-22 17:55:58,731] {dag.py:1818} INFO - Sync 1 DAGs
[2021-02-22 17:55:58,765] {logging_mixin.py:104} INFO - [2021-02-22 17:55:58,765] {dag.py:2273} INFO - Setting next_dagrun for example_trigger_target_dag to None
[2021-02-22 17:55:58,789] {scheduler_job.py:190} INFO - Processing /home/airflow/.local/lib/python3.8/site-packages/airflow/example_dags/example_trigger_target_dag.py took 0.150 seconds
[2021-02-22 18:03:22,704] {scheduler_job.py:182} INFO - Started process (PID=30) to work on /home/airflow/.local/lib/python3.8/site-packages/airflow/example_dags/example_trigger_target_dag.py
[2021-02-22 18:03:22,707] {scheduler_job.py:633} INFO - Processing file /home/airflow/.local/lib/python3.8/site-packages/airflow/example_dags/example_trigger_target_dag.py for tasks to queue
[2021-02-22 18:03:22,712] {logging_mixin.py:104} INFO - [2021-02-22 18:03:22,711] {dagbag.py:448} INFO - Filling up the DagBag from /home/airflow/.local/lib/python3.8/site-packages/airflow/example_dags/example_trigger_target_dag.py
[2021-02-22 18:03:22,741] {scheduler_job.py:643} INFO - DAG(s) dict_keys(['example_trigger_target_dag']) retrieved from /home/airflow/.local/lib/python3.8/site-packages/airflow/example_dags/example_trigger_target_dag.py
[2021-02-22 18:03:22,821] {logging_mixin.py:104} INFO - [2021-02-22 18:03:22,821] {dag.py:1818} INFO - Sync 1 DAGs
[2021-02-22 18:03:22,890] {logging_mixin.py:104} INFO - [2021-02-22 18:03:22,890] {dag.py:2273} INFO - Setting next_dagrun for example_trigger_target_dag to None
[2021-02-22 18:03:22,925] {scheduler_job.py:190} INFO - Processing /home/airflow/.local/lib/python3.8/site-packages/airflow/example_dags/example_trigger_target_dag.py took 0.225 seconds
[2021-02-22 18:03:53,817] {scheduler_job.py:182} INFO - Started process (PID=60) to work on /home/airflow/.local/lib/python3.8/site-packages/airflow/example_dags/example_trigger_target_dag.py
[2021-02-22 18:03:53,820] {scheduler_job.py:633} INFO - Processing file /home/airflow/.local/lib/python3.8/site-packages/airflow/example_dags/example_trigger_target_dag.py for tasks to queue
[2021-02-22 18:03:53,821] {logging_mixin.py:104} INFO - [2021-02-22 18:03:53,821] {dagbag.py:448} INFO - Filling up the DagBag from /home/airflow/.local/lib/python3.8/site-packages/airflow/example_dags/example_trigger_target_dag.py
[2021-02-22 18:03:53,849] {scheduler_job.py:643} INFO - DAG(s) dict_keys(['example_trigger_target_dag']) retrieved from /home/airflow/.local/lib/python3.8/site-packages/airflow/example_dags/example_trigger_target_dag.py
[2021-02-22 18:03:53,870] {logging_mixin.py:104} INFO - [2021-02-22 18:03:53,870] {dag.py:1818} INFO - Sync 1 DAGs
[2021-02-22 18:03:53,909] {logging_mixin.py:104} INFO - [2021-02-22 18:03:53,909] {dag.py:2273} INFO - Setting next_dagrun for example_trigger_target_dag to None
[2021-02-22 18:03:53,923] {scheduler_job.py:190} INFO - Processing /home/airflow/.local/lib/python3.8/site-packages/airflow/example_dags/example_trigger_target_dag.py took 0.118 seconds
[2021-02-22 18:04:31,502] {scheduler_job.py:182} INFO - Started process (PID=87) to work on /home/airflow/.local/lib/python3.8/site-packages/airflow/example_dags/example_trigger_target_dag.py
[2021-02-22 18:04:31,505] {scheduler_job.py:633} INFO - Processing file /home/airflow/.local/lib/python3.8/site-packages/airflow/example_dags/example_trigger_target_dag.py for tasks to queue
[2021-02-22 18:04:31,507] {logging_mixin.py:104} INFO - [2021-02-22 18:04:31,506] {dagbag.py:448} INFO - Filling up the DagBag from /home/airflow/.local/lib/python3.8/site-packages/airflow/example_dags/example_trigger_target_dag.py
[2021-02-22 18:04:31,568] {scheduler_job.py:643} INFO - DAG(s) dict_keys(['example_trigger_target_dag']) retrieved from /home/airflow/.local/lib/python3.8/site-packages/airflow/example_dags/example_trigger_target_dag.py
[2021-02-22 18:04:31,605] {logging_mixin.py:104} INFO - [2021-02-22 18:04:31,605] {dag.py:1818} INFO - Sync 1 DAGs
[2021-02-22 18:04:31,629] {logging_mixin.py:104} INFO - [2021-02-22 18:04:31,628] {dag.py:2273} INFO - Setting next_dagrun for example_trigger_target_dag to None
[2021-02-22 18:04:31,703] {scheduler_job.py:190} INFO - Processing /home/airflow/.local/lib/python3.8/site-packages/airflow/example_dags/example_trigger_target_dag.py took 0.206 seconds
[2021-02-22 18:05:01,859] {scheduler_job.py:182} INFO - Started process (PID=111) to work on /home/airflow/.local/lib/python3.8/site-packages/airflow/example_dags/example_trigger_target_dag.py
[2021-02-22 18:05:01,861] {scheduler_job.py:633} INFO - Processing file /home/airflow/.local/lib/python3.8/site-packages/airflow/example_dags/example_trigger_target_dag.py for tasks to queue
[2021-02-22 18:05:01,864] {logging_mixin.py:104} INFO - [2021-02-22 18:05:01,864] {dagbag.py:448} INFO - Filling up the DagBag from /home/airflow/.local/lib/python3.8/site-packages/airflow/example_dags/example_trigger_target_dag.py
[2021-02-22 18:05:01,884] {scheduler_job.py:643} INFO - DAG(s) dict_keys(['example_trigger_target_dag']) retrieved from /home/airflow/.local/lib/python3.8/site-packages/airflow/example_dags/example_trigger_target_dag.py
[2021-02-22 18:05:01,913] {logging_mixin.py:104} INFO - [2021-02-22 18:05:01,913] {dag.py:1818} INFO - Sync 1 DAGs
[2021-02-22 18:05:01,940] {logging_mixin.py:104} INFO - [2021-02-22 18:05:01,940] {dag.py:2273} INFO - Setting next_dagrun for example_trigger_target_dag to None
[2021-02-22 18:05:01,975] {scheduler_job.py:190} INFO - Processing /home/airflow/.local/lib/python3.8/site-packages/airflow/example_dags/example_trigger_target_dag.py took 0.121 seconds
[2021-02-22 18:05:46,561] {scheduler_job.py:182} INFO - Started process (PID=37) to work on /home/airflow/.local/lib/python3.8/site-packages/airflow/example_dags/example_trigger_target_dag.py
[2021-02-22 18:05:46,563] {scheduler_job.py:633} INFO - Processing file /home/airflow/.local/lib/python3.8/site-packages/airflow/example_dags/example_trigger_target_dag.py for tasks to queue
[2021-02-22 18:05:46,565] {logging_mixin.py:104} INFO - [2021-02-22 18:05:46,565] {dagbag.py:448} INFO - Filling up the DagBag from /home/airflow/.local/lib/python3.8/site-packages/airflow/example_dags/example_trigger_target_dag.py
[2021-02-22 18:05:46,591] {scheduler_job.py:643} INFO - DAG(s) dict_keys(['example_trigger_target_dag']) retrieved from /home/airflow/.local/lib/python3.8/site-packages/airflow/example_dags/example_trigger_target_dag.py
[2021-02-22 18:05:46,657] {logging_mixin.py:104} INFO - [2021-02-22 18:05:46,657] {dag.py:1818} INFO - Sync 1 DAGs
[2021-02-22 18:05:46,684] {logging_mixin.py:104} INFO - [2021-02-22 18:05:46,684] {dag.py:2273} INFO - Setting next_dagrun for example_trigger_target_dag to None
[2021-02-22 18:05:46,731] {scheduler_job.py:190} INFO - Processing /home/airflow/.local/lib/python3.8/site-packages/airflow/example_dags/example_trigger_target_dag.py took 0.178 seconds
[2021-02-22 18:06:24,736] {scheduler_job.py:182} INFO - Started process (PID=64) to work on /home/airflow/.local/lib/python3.8/site-packages/airflow/example_dags/example_trigger_target_dag.py
[2021-02-22 18:06:24,743] {scheduler_job.py:633} INFO - Processing file /home/airflow/.local/lib/python3.8/site-packages/airflow/example_dags/example_trigger_target_dag.py for tasks to queue
[2021-02-22 18:06:24,745] {logging_mixin.py:104} INFO - [2021-02-22 18:06:24,745] {dagbag.py:448} INFO - Filling up the DagBag from /home/airflow/.local/lib/python3.8/site-packages/airflow/example_dags/example_trigger_target_dag.py
[2021-02-22 18:06:24,782] {scheduler_job.py:643} INFO - DAG(s) dict_keys(['example_trigger_target_dag']) retrieved from /home/airflow/.local/lib/python3.8/site-packages/airflow/example_dags/example_trigger_target_dag.py
[2021-02-22 18:06:24,812] {logging_mixin.py:104} INFO - [2021-02-22 18:06:24,812] {dag.py:1818} INFO - Sync 1 DAGs
[2021-02-22 18:06:24,836] {logging_mixin.py:104} INFO - [2021-02-22 18:06:24,836] {dag.py:2273} INFO - Setting next_dagrun for example_trigger_target_dag to None
[2021-02-22 18:06:24,887] {scheduler_job.py:190} INFO - Processing /home/airflow/.local/lib/python3.8/site-packages/airflow/example_dags/example_trigger_target_dag.py took 0.155 seconds
[2021-02-22 18:07:02,337] {scheduler_job.py:182} INFO - Started process (PID=92) to work on /home/airflow/.local/lib/python3.8/site-packages/airflow/example_dags/example_trigger_target_dag.py
[2021-02-22 18:07:02,339] {scheduler_job.py:633} INFO - Processing file /home/airflow/.local/lib/python3.8/site-packages/airflow/example_dags/example_trigger_target_dag.py for tasks to queue
[2021-02-22 18:07:02,340] {logging_mixin.py:104} INFO - [2021-02-22 18:07:02,340] {dagbag.py:448} INFO - Filling up the DagBag from /home/airflow/.local/lib/python3.8/site-packages/airflow/example_dags/example_trigger_target_dag.py
[2021-02-22 18:07:02,378] {scheduler_job.py:643} INFO - DAG(s) dict_keys(['example_trigger_target_dag']) retrieved from /home/airflow/.local/lib/python3.8/site-packages/airflow/example_dags/example_trigger_target_dag.py
[2021-02-22 18:07:02,404] {logging_mixin.py:104} INFO - [2021-02-22 18:07:02,404] {dag.py:1818} INFO - Sync 1 DAGs
[2021-02-22 18:07:02,421] {logging_mixin.py:104} INFO - [2021-02-22 18:07:02,421] {dag.py:2273} INFO - Setting next_dagrun for example_trigger_target_dag to None
[2021-02-22 18:07:02,447] {scheduler_job.py:190} INFO - Processing /home/airflow/.local/lib/python3.8/site-packages/airflow/example_dags/example_trigger_target_dag.py took 0.114 seconds
[2021-02-22 18:08:19,465] {scheduler_job.py:182} INFO - Started process (PID=40) to work on /home/airflow/.local/lib/python3.8/site-packages/airflow/example_dags/example_trigger_target_dag.py
[2021-02-22 18:08:19,479] {scheduler_job.py:633} INFO - Processing file /home/airflow/.local/lib/python3.8/site-packages/airflow/example_dags/example_trigger_target_dag.py for tasks to queue
[2021-02-22 18:08:19,506] {logging_mixin.py:104} INFO - [2021-02-22 18:08:19,506] {dagbag.py:448} INFO - Filling up the DagBag from /home/airflow/.local/lib/python3.8/site-packages/airflow/example_dags/example_trigger_target_dag.py
[2021-02-22 18:08:19,547] {scheduler_job.py:643} INFO - DAG(s) dict_keys(['example_trigger_target_dag']) retrieved from /home/airflow/.local/lib/python3.8/site-packages/airflow/example_dags/example_trigger_target_dag.py
[2021-02-22 18:08:19,608] {logging_mixin.py:104} INFO - [2021-02-22 18:08:19,607] {dag.py:1818} INFO - Sync 1 DAGs
[2021-02-22 18:08:19,644] {logging_mixin.py:104} INFO - [2021-02-22 18:08:19,644] {dag.py:2273} INFO - Setting next_dagrun for example_trigger_target_dag to None
[2021-02-22 18:08:19,691] {scheduler_job.py:190} INFO - Processing /home/airflow/.local/lib/python3.8/site-packages/airflow/example_dags/example_trigger_target_dag.py took 0.233 seconds
[2021-02-22 18:08:55,162] {scheduler_job.py:182} INFO - Started process (PID=68) to work on /home/airflow/.local/lib/python3.8/site-packages/airflow/example_dags/example_trigger_target_dag.py
[2021-02-22 18:08:55,169] {scheduler_job.py:633} INFO - Processing file /home/airflow/.local/lib/python3.8/site-packages/airflow/example_dags/example_trigger_target_dag.py for tasks to queue
[2021-02-22 18:08:55,171] {logging_mixin.py:104} INFO - [2021-02-22 18:08:55,171] {dagbag.py:448} INFO - Filling up the DagBag from /home/airflow/.local/lib/python3.8/site-packages/airflow/example_dags/example_trigger_target_dag.py
[2021-02-22 18:08:55,220] {scheduler_job.py:643} INFO - DAG(s) dict_keys(['example_trigger_target_dag']) retrieved from /home/airflow/.local/lib/python3.8/site-packages/airflow/example_dags/example_trigger_target_dag.py
[2021-02-22 18:08:55,276] {logging_mixin.py:104} INFO - [2021-02-22 18:08:55,276] {dag.py:1818} INFO - Sync 1 DAGs
[2021-02-22 18:08:55,306] {logging_mixin.py:104} INFO - [2021-02-22 18:08:55,306] {dag.py:2273} INFO - Setting next_dagrun for example_trigger_target_dag to None
[2021-02-22 18:08:55,328] {scheduler_job.py:190} INFO - Processing /home/airflow/.local/lib/python3.8/site-packages/airflow/example_dags/example_trigger_target_dag.py took 0.174 seconds
[2021-02-22 18:09:25,653] {scheduler_job.py:182} INFO - Started process (PID=95) to work on /home/airflow/.local/lib/python3.8/site-packages/airflow/example_dags/example_trigger_target_dag.py
[2021-02-22 18:09:25,660] {scheduler_job.py:633} INFO - Processing file /home/airflow/.local/lib/python3.8/site-packages/airflow/example_dags/example_trigger_target_dag.py for tasks to queue
[2021-02-22 18:09:25,664] {logging_mixin.py:104} INFO - [2021-02-22 18:09:25,664] {dagbag.py:448} INFO - Filling up the DagBag from /home/airflow/.local/lib/python3.8/site-packages/airflow/example_dags/example_trigger_target_dag.py
[2021-02-22 18:09:25,709] {scheduler_job.py:643} INFO - DAG(s) dict_keys(['example_trigger_target_dag']) retrieved from /home/airflow/.local/lib/python3.8/site-packages/airflow/example_dags/example_trigger_target_dag.py
[2021-02-22 18:09:25,767] {logging_mixin.py:104} INFO - [2021-02-22 18:09:25,767] {dag.py:1818} INFO - Sync 1 DAGs
[2021-02-22 18:09:25,789] {logging_mixin.py:104} INFO - [2021-02-22 18:09:25,789] {dag.py:2273} INFO - Setting next_dagrun for example_trigger_target_dag to None
[2021-02-22 18:09:25,809] {scheduler_job.py:190} INFO - Processing /home/airflow/.local/lib/python3.8/site-packages/airflow/example_dags/example_trigger_target_dag.py took 0.159 seconds
[2021-02-22 18:12:26,137] {scheduler_job.py:182} INFO - Started process (PID=24) to work on /home/airflow/.local/lib/python3.8/site-packages/airflow/example_dags/example_trigger_target_dag.py
[2021-02-22 18:12:26,140] {scheduler_job.py:633} INFO - Processing file /home/airflow/.local/lib/python3.8/site-packages/airflow/example_dags/example_trigger_target_dag.py for tasks to queue
[2021-02-22 18:12:26,148] {logging_mixin.py:104} INFO - [2021-02-22 18:12:26,148] {dagbag.py:448} INFO - Filling up the DagBag from /home/airflow/.local/lib/python3.8/site-packages/airflow/example_dags/example_trigger_target_dag.py
[2021-02-22 18:12:26,190] {scheduler_job.py:643} INFO - DAG(s) dict_keys(['example_trigger_target_dag']) retrieved from /home/airflow/.local/lib/python3.8/site-packages/airflow/example_dags/example_trigger_target_dag.py
[2021-02-22 18:12:26,278] {logging_mixin.py:104} INFO - [2021-02-22 18:12:26,277] {dag.py:1818} INFO - Sync 1 DAGs
[2021-02-22 18:12:26,347] {logging_mixin.py:104} INFO - [2021-02-22 18:12:26,346] {dag.py:2273} INFO - Setting next_dagrun for example_trigger_target_dag to None
[2021-02-22 18:12:26,385] {scheduler_job.py:190} INFO - Processing /home/airflow/.local/lib/python3.8/site-packages/airflow/example_dags/example_trigger_target_dag.py took 0.266 seconds
[2021-02-22 18:12:56,583] {scheduler_job.py:182} INFO - Started process (PID=51) to work on /home/airflow/.local/lib/python3.8/site-packages/airflow/example_dags/example_trigger_target_dag.py
[2021-02-22 18:12:56,585] {scheduler_job.py:633} INFO - Processing file /home/airflow/.local/lib/python3.8/site-packages/airflow/example_dags/example_trigger_target_dag.py for tasks to queue
[2021-02-22 18:12:56,587] {logging_mixin.py:104} INFO - [2021-02-22 18:12:56,587] {dagbag.py:448} INFO - Filling up the DagBag from /home/airflow/.local/lib/python3.8/site-packages/airflow/example_dags/example_trigger_target_dag.py
[2021-02-22 18:12:56,613] {scheduler_job.py:643} INFO - DAG(s) dict_keys(['example_trigger_target_dag']) retrieved from /home/airflow/.local/lib/python3.8/site-packages/airflow/example_dags/example_trigger_target_dag.py
[2021-02-22 18:12:56,648] {logging_mixin.py:104} INFO - [2021-02-22 18:12:56,647] {dag.py:1818} INFO - Sync 1 DAGs
[2021-02-22 18:12:56,689] {logging_mixin.py:104} INFO - [2021-02-22 18:12:56,689] {dag.py:2273} INFO - Setting next_dagrun for example_trigger_target_dag to None
[2021-02-22 18:12:56,717] {scheduler_job.py:190} INFO - Processing /home/airflow/.local/lib/python3.8/site-packages/airflow/example_dags/example_trigger_target_dag.py took 0.139 seconds
[2021-02-22 18:13:33,520] {scheduler_job.py:182} INFO - Started process (PID=79) to work on /home/airflow/.local/lib/python3.8/site-packages/airflow/example_dags/example_trigger_target_dag.py
[2021-02-22 18:13:33,522] {scheduler_job.py:633} INFO - Processing file /home/airflow/.local/lib/python3.8/site-packages/airflow/example_dags/example_trigger_target_dag.py for tasks to queue
[2021-02-22 18:13:33,523] {logging_mixin.py:104} INFO - [2021-02-22 18:13:33,523] {dagbag.py:448} INFO - Filling up the DagBag from /home/airflow/.local/lib/python3.8/site-packages/airflow/example_dags/example_trigger_target_dag.py
[2021-02-22 18:13:33,705] {scheduler_job.py:643} INFO - DAG(s) dict_keys(['example_trigger_target_dag']) retrieved from /home/airflow/.local/lib/python3.8/site-packages/airflow/example_dags/example_trigger_target_dag.py
[2021-02-22 18:13:33,744] {logging_mixin.py:104} INFO - [2021-02-22 18:13:33,744] {dag.py:1818} INFO - Sync 1 DAGs
[2021-02-22 18:13:33,756] {logging_mixin.py:104} INFO - [2021-02-22 18:13:33,756] {dag.py:2273} INFO - Setting next_dagrun for example_trigger_target_dag to None
[2021-02-22 18:13:33,794] {scheduler_job.py:190} INFO - Processing /home/airflow/.local/lib/python3.8/site-packages/airflow/example_dags/example_trigger_target_dag.py took 0.277 seconds
[2021-02-22 18:14:07,239] {scheduler_job.py:182} INFO - Started process (PID=107) to work on /home/airflow/.local/lib/python3.8/site-packages/airflow/example_dags/example_trigger_target_dag.py
[2021-02-22 18:14:07,245] {scheduler_job.py:633} INFO - Processing file /home/airflow/.local/lib/python3.8/site-packages/airflow/example_dags/example_trigger_target_dag.py for tasks to queue
[2021-02-22 18:14:07,249] {logging_mixin.py:104} INFO - [2021-02-22 18:14:07,249] {dagbag.py:448} INFO - Filling up the DagBag from /home/airflow/.local/lib/python3.8/site-packages/airflow/example_dags/example_trigger_target_dag.py
[2021-02-22 18:14:07,294] {scheduler_job.py:643} INFO - DAG(s) dict_keys(['example_trigger_target_dag']) retrieved from /home/airflow/.local/lib/python3.8/site-packages/airflow/example_dags/example_trigger_target_dag.py
[2021-02-22 18:14:07,358] {logging_mixin.py:104} INFO - [2021-02-22 18:14:07,358] {dag.py:1818} INFO - Sync 1 DAGs
[2021-02-22 18:14:07,387] {logging_mixin.py:104} INFO - [2021-02-22 18:14:07,387] {dag.py:2273} INFO - Setting next_dagrun for example_trigger_target_dag to None
[2021-02-22 18:14:07,403] {scheduler_job.py:190} INFO - Processing /home/airflow/.local/lib/python3.8/site-packages/airflow/example_dags/example_trigger_target_dag.py took 0.172 seconds
[2021-02-22 18:14:53,940] {scheduler_job.py:182} INFO - Started process (PID=135) to work on /home/airflow/.local/lib/python3.8/site-packages/airflow/example_dags/example_trigger_target_dag.py
[2021-02-22 18:14:53,944] {scheduler_job.py:633} INFO - Processing file /home/airflow/.local/lib/python3.8/site-packages/airflow/example_dags/example_trigger_target_dag.py for tasks to queue
[2021-02-22 18:14:53,945] {logging_mixin.py:104} INFO - [2021-02-22 18:14:53,945] {dagbag.py:448} INFO - Filling up the DagBag from /home/airflow/.local/lib/python3.8/site-packages/airflow/example_dags/example_trigger_target_dag.py
[2021-02-22 18:14:54,692] {scheduler_job.py:643} INFO - DAG(s) dict_keys(['example_trigger_target_dag']) retrieved from /home/airflow/.local/lib/python3.8/site-packages/airflow/example_dags/example_trigger_target_dag.py
[2021-02-22 18:14:54,722] {logging_mixin.py:104} INFO - [2021-02-22 18:14:54,722] {dag.py:1818} INFO - Sync 1 DAGs
[2021-02-22 18:14:54,743] {logging_mixin.py:104} INFO - [2021-02-22 18:14:54,743] {dag.py:2273} INFO - Setting next_dagrun for example_trigger_target_dag to None
[2021-02-22 18:14:54,949] {scheduler_job.py:190} INFO - Processing /home/airflow/.local/lib/python3.8/site-packages/airflow/example_dags/example_trigger_target_dag.py took 1.015 seconds
[2021-02-22 18:17:43,885] {scheduler_job.py:182} INFO - Started process (PID=23) to work on /home/airflow/.local/lib/python3.8/site-packages/airflow/example_dags/example_trigger_target_dag.py
[2021-02-22 18:17:43,887] {scheduler_job.py:633} INFO - Processing file /home/airflow/.local/lib/python3.8/site-packages/airflow/example_dags/example_trigger_target_dag.py for tasks to queue
[2021-02-22 18:17:43,889] {logging_mixin.py:104} INFO - [2021-02-22 18:17:43,889] {dagbag.py:448} INFO - Filling up the DagBag from /home/airflow/.local/lib/python3.8/site-packages/airflow/example_dags/example_trigger_target_dag.py
[2021-02-22 18:17:43,943] {scheduler_job.py:643} INFO - DAG(s) dict_keys(['example_trigger_target_dag']) retrieved from /home/airflow/.local/lib/python3.8/site-packages/airflow/example_dags/example_trigger_target_dag.py
[2021-02-22 18:17:43,985] {logging_mixin.py:104} INFO - [2021-02-22 18:17:43,985] {dag.py:1818} INFO - Sync 1 DAGs
[2021-02-22 18:17:44,069] {logging_mixin.py:104} INFO - [2021-02-22 18:17:44,068] {dag.py:2273} INFO - Setting next_dagrun for example_trigger_target_dag to None
[2021-02-22 18:17:44,090] {scheduler_job.py:190} INFO - Processing /home/airflow/.local/lib/python3.8/site-packages/airflow/example_dags/example_trigger_target_dag.py took 0.209 seconds
