[2021-02-22 17:52:54,302] {scheduler_job.py:182} INFO - Started process (PID=37) to work on /home/airflow/.local/lib/python3.8/site-packages/airflow/example_dags/example_branch_python_dop_operator_3.py
[2021-02-22 17:52:54,304] {scheduler_job.py:633} INFO - Processing file /home/airflow/.local/lib/python3.8/site-packages/airflow/example_dags/example_branch_python_dop_operator_3.py for tasks to queue
[2021-02-22 17:52:54,306] {logging_mixin.py:104} INFO - [2021-02-22 17:52:54,306] {dagbag.py:448} INFO - Filling up the DagBag from /home/airflow/.local/lib/python3.8/site-packages/airflow/example_dags/example_branch_python_dop_operator_3.py
[2021-02-22 17:52:54,332] {scheduler_job.py:643} INFO - DAG(s) dict_keys(['example_branch_dop_operator_v3']) retrieved from /home/airflow/.local/lib/python3.8/site-packages/airflow/example_dags/example_branch_python_dop_operator_3.py
[2021-02-22 17:52:54,363] {logging_mixin.py:104} INFO - [2021-02-22 17:52:54,363] {dag.py:1818} INFO - Sync 1 DAGs
[2021-02-22 17:52:54,377] {logging_mixin.py:104} INFO - [2021-02-22 17:52:54,376] {dag.py:1837} INFO - Creating ORM DAG for example_branch_dop_operator_v3
[2021-02-22 17:52:54,409] {logging_mixin.py:104} INFO - [2021-02-22 17:52:54,409] {dag.py:2273} INFO - Setting next_dagrun for example_branch_dop_operator_v3 to 2021-02-20 00:00:00+00:00
[2021-02-22 17:52:54,429] {scheduler_job.py:190} INFO - Processing /home/airflow/.local/lib/python3.8/site-packages/airflow/example_dags/example_branch_python_dop_operator_3.py took 0.132 seconds
[2021-02-22 17:53:33,724] {scheduler_job.py:182} INFO - Started process (PID=65) to work on /home/airflow/.local/lib/python3.8/site-packages/airflow/example_dags/example_branch_python_dop_operator_3.py
[2021-02-22 17:53:33,726] {scheduler_job.py:633} INFO - Processing file /home/airflow/.local/lib/python3.8/site-packages/airflow/example_dags/example_branch_python_dop_operator_3.py for tasks to queue
[2021-02-22 17:53:33,727] {logging_mixin.py:104} INFO - [2021-02-22 17:53:33,727] {dagbag.py:448} INFO - Filling up the DagBag from /home/airflow/.local/lib/python3.8/site-packages/airflow/example_dags/example_branch_python_dop_operator_3.py
[2021-02-22 17:53:33,838] {scheduler_job.py:643} INFO - DAG(s) dict_keys(['example_branch_dop_operator_v3']) retrieved from /home/airflow/.local/lib/python3.8/site-packages/airflow/example_dags/example_branch_python_dop_operator_3.py
[2021-02-22 17:53:33,859] {logging_mixin.py:104} INFO - [2021-02-22 17:53:33,859] {dag.py:1818} INFO - Sync 1 DAGs
[2021-02-22 17:53:33,891] {logging_mixin.py:104} INFO - [2021-02-22 17:53:33,891] {dag.py:2273} INFO - Setting next_dagrun for example_branch_dop_operator_v3 to 2021-02-20 00:00:00+00:00
[2021-02-22 17:53:34,249] {scheduler_job.py:190} INFO - Processing /home/airflow/.local/lib/python3.8/site-packages/airflow/example_dags/example_branch_python_dop_operator_3.py took 0.527 seconds
[2021-02-22 17:54:20,347] {scheduler_job.py:182} INFO - Started process (PID=30) to work on /home/airflow/.local/lib/python3.8/site-packages/airflow/example_dags/example_branch_python_dop_operator_3.py
[2021-02-22 17:54:20,354] {scheduler_job.py:633} INFO - Processing file /home/airflow/.local/lib/python3.8/site-packages/airflow/example_dags/example_branch_python_dop_operator_3.py for tasks to queue
[2021-02-22 17:54:20,359] {logging_mixin.py:104} INFO - [2021-02-22 17:54:20,359] {dagbag.py:448} INFO - Filling up the DagBag from /home/airflow/.local/lib/python3.8/site-packages/airflow/example_dags/example_branch_python_dop_operator_3.py
[2021-02-22 17:54:20,405] {scheduler_job.py:643} INFO - DAG(s) dict_keys(['example_branch_dop_operator_v3']) retrieved from /home/airflow/.local/lib/python3.8/site-packages/airflow/example_dags/example_branch_python_dop_operator_3.py
[2021-02-22 17:54:20,478] {logging_mixin.py:104} INFO - [2021-02-22 17:54:20,478] {dag.py:1818} INFO - Sync 1 DAGs
[2021-02-22 17:54:20,580] {logging_mixin.py:104} INFO - [2021-02-22 17:54:20,580] {dag.py:2273} INFO - Setting next_dagrun for example_branch_dop_operator_v3 to 2021-02-20 00:00:00+00:00
[2021-02-22 17:54:20,608] {scheduler_job.py:190} INFO - Processing /home/airflow/.local/lib/python3.8/site-packages/airflow/example_dags/example_branch_python_dop_operator_3.py took 0.280 seconds
[2021-02-22 17:54:51,371] {scheduler_job.py:182} INFO - Started process (PID=58) to work on /home/airflow/.local/lib/python3.8/site-packages/airflow/example_dags/example_branch_python_dop_operator_3.py
[2021-02-22 17:54:51,373] {scheduler_job.py:633} INFO - Processing file /home/airflow/.local/lib/python3.8/site-packages/airflow/example_dags/example_branch_python_dop_operator_3.py for tasks to queue
[2021-02-22 17:54:51,375] {logging_mixin.py:104} INFO - [2021-02-22 17:54:51,375] {dagbag.py:448} INFO - Filling up the DagBag from /home/airflow/.local/lib/python3.8/site-packages/airflow/example_dags/example_branch_python_dop_operator_3.py
[2021-02-22 17:54:51,448] {scheduler_job.py:643} INFO - DAG(s) dict_keys(['example_branch_dop_operator_v3']) retrieved from /home/airflow/.local/lib/python3.8/site-packages/airflow/example_dags/example_branch_python_dop_operator_3.py
[2021-02-22 17:54:51,497] {logging_mixin.py:104} INFO - [2021-02-22 17:54:51,497] {dag.py:1818} INFO - Sync 1 DAGs
[2021-02-22 17:54:51,557] {logging_mixin.py:104} INFO - [2021-02-22 17:54:51,557] {dag.py:2273} INFO - Setting next_dagrun for example_branch_dop_operator_v3 to 2021-02-20 00:00:00+00:00
[2021-02-22 17:54:51,574] {scheduler_job.py:190} INFO - Processing /home/airflow/.local/lib/python3.8/site-packages/airflow/example_dags/example_branch_python_dop_operator_3.py took 0.209 seconds
[2021-02-22 17:55:26,514] {scheduler_job.py:182} INFO - Started process (PID=86) to work on /home/airflow/.local/lib/python3.8/site-packages/airflow/example_dags/example_branch_python_dop_operator_3.py
[2021-02-22 17:55:26,516] {scheduler_job.py:633} INFO - Processing file /home/airflow/.local/lib/python3.8/site-packages/airflow/example_dags/example_branch_python_dop_operator_3.py for tasks to queue
[2021-02-22 17:55:26,521] {logging_mixin.py:104} INFO - [2021-02-22 17:55:26,521] {dagbag.py:448} INFO - Filling up the DagBag from /home/airflow/.local/lib/python3.8/site-packages/airflow/example_dags/example_branch_python_dop_operator_3.py
[2021-02-22 17:55:26,662] {scheduler_job.py:643} INFO - DAG(s) dict_keys(['example_branch_dop_operator_v3']) retrieved from /home/airflow/.local/lib/python3.8/site-packages/airflow/example_dags/example_branch_python_dop_operator_3.py
[2021-02-22 17:55:26,701] {logging_mixin.py:104} INFO - [2021-02-22 17:55:26,701] {dag.py:1818} INFO - Sync 1 DAGs
[2021-02-22 17:55:26,749] {logging_mixin.py:104} INFO - [2021-02-22 17:55:26,749] {dag.py:2273} INFO - Setting next_dagrun for example_branch_dop_operator_v3 to 2021-02-20 00:00:00+00:00
[2021-02-22 17:55:26,806] {scheduler_job.py:190} INFO - Processing /home/airflow/.local/lib/python3.8/site-packages/airflow/example_dags/example_branch_python_dop_operator_3.py took 0.296 seconds
[2021-02-22 17:55:59,007] {scheduler_job.py:182} INFO - Started process (PID=114) to work on /home/airflow/.local/lib/python3.8/site-packages/airflow/example_dags/example_branch_python_dop_operator_3.py
[2021-02-22 17:55:59,009] {scheduler_job.py:633} INFO - Processing file /home/airflow/.local/lib/python3.8/site-packages/airflow/example_dags/example_branch_python_dop_operator_3.py for tasks to queue
[2021-02-22 17:55:59,011] {logging_mixin.py:104} INFO - [2021-02-22 17:55:59,010] {dagbag.py:448} INFO - Filling up the DagBag from /home/airflow/.local/lib/python3.8/site-packages/airflow/example_dags/example_branch_python_dop_operator_3.py
[2021-02-22 17:55:59,066] {scheduler_job.py:643} INFO - DAG(s) dict_keys(['example_branch_dop_operator_v3']) retrieved from /home/airflow/.local/lib/python3.8/site-packages/airflow/example_dags/example_branch_python_dop_operator_3.py
[2021-02-22 17:55:59,111] {logging_mixin.py:104} INFO - [2021-02-22 17:55:59,111] {dag.py:1818} INFO - Sync 1 DAGs
[2021-02-22 17:55:59,180] {logging_mixin.py:104} INFO - [2021-02-22 17:55:59,180] {dag.py:2273} INFO - Setting next_dagrun for example_branch_dop_operator_v3 to 2021-02-20 00:00:00+00:00
[2021-02-22 17:55:59,205] {scheduler_job.py:190} INFO - Processing /home/airflow/.local/lib/python3.8/site-packages/airflow/example_dags/example_branch_python_dop_operator_3.py took 0.202 seconds
[2021-02-22 18:03:25,377] {scheduler_job.py:182} INFO - Started process (PID=48) to work on /home/airflow/.local/lib/python3.8/site-packages/airflow/example_dags/example_branch_python_dop_operator_3.py
[2021-02-22 18:03:25,379] {scheduler_job.py:633} INFO - Processing file /home/airflow/.local/lib/python3.8/site-packages/airflow/example_dags/example_branch_python_dop_operator_3.py for tasks to queue
[2021-02-22 18:03:25,381] {logging_mixin.py:104} INFO - [2021-02-22 18:03:25,381] {dagbag.py:448} INFO - Filling up the DagBag from /home/airflow/.local/lib/python3.8/site-packages/airflow/example_dags/example_branch_python_dop_operator_3.py
[2021-02-22 18:03:25,451] {scheduler_job.py:643} INFO - DAG(s) dict_keys(['example_branch_dop_operator_v3']) retrieved from /home/airflow/.local/lib/python3.8/site-packages/airflow/example_dags/example_branch_python_dop_operator_3.py
[2021-02-22 18:03:25,538] {logging_mixin.py:104} INFO - [2021-02-22 18:03:25,538] {dag.py:1818} INFO - Sync 1 DAGs
[2021-02-22 18:03:25,591] {logging_mixin.py:104} INFO - [2021-02-22 18:03:25,591] {dag.py:2273} INFO - Setting next_dagrun for example_branch_dop_operator_v3 to 2021-02-20 00:00:00+00:00
[2021-02-22 18:03:25,634] {scheduler_job.py:190} INFO - Processing /home/airflow/.local/lib/python3.8/site-packages/airflow/example_dags/example_branch_python_dop_operator_3.py took 0.262 seconds
[2021-02-22 18:03:57,172] {scheduler_job.py:182} INFO - Started process (PID=76) to work on /home/airflow/.local/lib/python3.8/site-packages/airflow/example_dags/example_branch_python_dop_operator_3.py
[2021-02-22 18:03:57,174] {scheduler_job.py:633} INFO - Processing file /home/airflow/.local/lib/python3.8/site-packages/airflow/example_dags/example_branch_python_dop_operator_3.py for tasks to queue
[2021-02-22 18:03:57,176] {logging_mixin.py:104} INFO - [2021-02-22 18:03:57,176] {dagbag.py:448} INFO - Filling up the DagBag from /home/airflow/.local/lib/python3.8/site-packages/airflow/example_dags/example_branch_python_dop_operator_3.py
[2021-02-22 18:03:57,296] {scheduler_job.py:643} INFO - DAG(s) dict_keys(['example_branch_dop_operator_v3']) retrieved from /home/airflow/.local/lib/python3.8/site-packages/airflow/example_dags/example_branch_python_dop_operator_3.py
[2021-02-22 18:03:57,436] {logging_mixin.py:104} INFO - [2021-02-22 18:03:57,436] {dag.py:1818} INFO - Sync 1 DAGs
[2021-02-22 18:03:57,537] {logging_mixin.py:104} INFO - [2021-02-22 18:03:57,537] {dag.py:2273} INFO - Setting next_dagrun for example_branch_dop_operator_v3 to 2021-02-20 00:00:00+00:00
[2021-02-22 18:03:57,626] {scheduler_job.py:190} INFO - Processing /home/airflow/.local/lib/python3.8/site-packages/airflow/example_dags/example_branch_python_dop_operator_3.py took 0.457 seconds
[2021-02-22 18:04:33,294] {scheduler_job.py:182} INFO - Started process (PID=104) to work on /home/airflow/.local/lib/python3.8/site-packages/airflow/example_dags/example_branch_python_dop_operator_3.py
[2021-02-22 18:04:33,296] {scheduler_job.py:633} INFO - Processing file /home/airflow/.local/lib/python3.8/site-packages/airflow/example_dags/example_branch_python_dop_operator_3.py for tasks to queue
[2021-02-22 18:04:33,298] {logging_mixin.py:104} INFO - [2021-02-22 18:04:33,298] {dagbag.py:448} INFO - Filling up the DagBag from /home/airflow/.local/lib/python3.8/site-packages/airflow/example_dags/example_branch_python_dop_operator_3.py
[2021-02-22 18:04:33,328] {scheduler_job.py:643} INFO - DAG(s) dict_keys(['example_branch_dop_operator_v3']) retrieved from /home/airflow/.local/lib/python3.8/site-packages/airflow/example_dags/example_branch_python_dop_operator_3.py
[2021-02-22 18:04:33,356] {logging_mixin.py:104} INFO - [2021-02-22 18:04:33,356] {dag.py:1818} INFO - Sync 1 DAGs
[2021-02-22 18:04:33,386] {logging_mixin.py:104} INFO - [2021-02-22 18:04:33,385] {dag.py:2273} INFO - Setting next_dagrun for example_branch_dop_operator_v3 to 2021-02-20 00:00:00+00:00
[2021-02-22 18:04:33,402] {scheduler_job.py:190} INFO - Processing /home/airflow/.local/lib/python3.8/site-packages/airflow/example_dags/example_branch_python_dop_operator_3.py took 0.114 seconds
[2021-02-22 18:05:45,453] {scheduler_job.py:182} INFO - Started process (PID=28) to work on /home/airflow/.local/lib/python3.8/site-packages/airflow/example_dags/example_branch_python_dop_operator_3.py
[2021-02-22 18:05:45,456] {scheduler_job.py:633} INFO - Processing file /home/airflow/.local/lib/python3.8/site-packages/airflow/example_dags/example_branch_python_dop_operator_3.py for tasks to queue
[2021-02-22 18:05:45,457] {logging_mixin.py:104} INFO - [2021-02-22 18:05:45,457] {dagbag.py:448} INFO - Filling up the DagBag from /home/airflow/.local/lib/python3.8/site-packages/airflow/example_dags/example_branch_python_dop_operator_3.py
[2021-02-22 18:05:45,480] {scheduler_job.py:643} INFO - DAG(s) dict_keys(['example_branch_dop_operator_v3']) retrieved from /home/airflow/.local/lib/python3.8/site-packages/airflow/example_dags/example_branch_python_dop_operator_3.py
[2021-02-22 18:05:45,541] {logging_mixin.py:104} INFO - [2021-02-22 18:05:45,541] {dag.py:1818} INFO - Sync 1 DAGs
[2021-02-22 18:05:45,634] {logging_mixin.py:104} INFO - [2021-02-22 18:05:45,634] {dag.py:2273} INFO - Setting next_dagrun for example_branch_dop_operator_v3 to 2021-02-20 00:00:00+00:00
[2021-02-22 18:05:45,666] {scheduler_job.py:190} INFO - Processing /home/airflow/.local/lib/python3.8/site-packages/airflow/example_dags/example_branch_python_dop_operator_3.py took 0.228 seconds
[2021-02-22 18:06:23,385] {scheduler_job.py:182} INFO - Started process (PID=55) to work on /home/airflow/.local/lib/python3.8/site-packages/airflow/example_dags/example_branch_python_dop_operator_3.py
[2021-02-22 18:06:23,414] {scheduler_job.py:633} INFO - Processing file /home/airflow/.local/lib/python3.8/site-packages/airflow/example_dags/example_branch_python_dop_operator_3.py for tasks to queue
[2021-02-22 18:06:23,444] {logging_mixin.py:104} INFO - [2021-02-22 18:06:23,444] {dagbag.py:448} INFO - Filling up the DagBag from /home/airflow/.local/lib/python3.8/site-packages/airflow/example_dags/example_branch_python_dop_operator_3.py
[2021-02-22 18:06:23,482] {scheduler_job.py:643} INFO - DAG(s) dict_keys(['example_branch_dop_operator_v3']) retrieved from /home/airflow/.local/lib/python3.8/site-packages/airflow/example_dags/example_branch_python_dop_operator_3.py
[2021-02-22 18:06:23,533] {logging_mixin.py:104} INFO - [2021-02-22 18:06:23,533] {dag.py:1818} INFO - Sync 1 DAGs
[2021-02-22 18:06:23,628] {logging_mixin.py:104} INFO - [2021-02-22 18:06:23,628] {dag.py:2273} INFO - Setting next_dagrun for example_branch_dop_operator_v3 to 2021-02-20 00:00:00+00:00
[2021-02-22 18:06:23,668] {scheduler_job.py:190} INFO - Processing /home/airflow/.local/lib/python3.8/site-packages/airflow/example_dags/example_branch_python_dop_operator_3.py took 0.286 seconds
[2021-02-22 18:07:01,183] {scheduler_job.py:182} INFO - Started process (PID=83) to work on /home/airflow/.local/lib/python3.8/site-packages/airflow/example_dags/example_branch_python_dop_operator_3.py
[2021-02-22 18:07:01,185] {scheduler_job.py:633} INFO - Processing file /home/airflow/.local/lib/python3.8/site-packages/airflow/example_dags/example_branch_python_dop_operator_3.py for tasks to queue
[2021-02-22 18:07:01,186] {logging_mixin.py:104} INFO - [2021-02-22 18:07:01,186] {dagbag.py:448} INFO - Filling up the DagBag from /home/airflow/.local/lib/python3.8/site-packages/airflow/example_dags/example_branch_python_dop_operator_3.py
[2021-02-22 18:07:01,258] {scheduler_job.py:643} INFO - DAG(s) dict_keys(['example_branch_dop_operator_v3']) retrieved from /home/airflow/.local/lib/python3.8/site-packages/airflow/example_dags/example_branch_python_dop_operator_3.py
[2021-02-22 18:07:01,280] {logging_mixin.py:104} INFO - [2021-02-22 18:07:01,279] {dag.py:1818} INFO - Sync 1 DAGs
[2021-02-22 18:07:01,306] {logging_mixin.py:104} INFO - [2021-02-22 18:07:01,306] {dag.py:2273} INFO - Setting next_dagrun for example_branch_dop_operator_v3 to 2021-02-20 00:00:00+00:00
[2021-02-22 18:07:01,323] {scheduler_job.py:190} INFO - Processing /home/airflow/.local/lib/python3.8/site-packages/airflow/example_dags/example_branch_python_dop_operator_3.py took 0.146 seconds
[2021-02-22 18:08:17,155] {scheduler_job.py:182} INFO - Started process (PID=22) to work on /home/airflow/.local/lib/python3.8/site-packages/airflow/example_dags/example_branch_python_dop_operator_3.py
[2021-02-22 18:08:17,157] {scheduler_job.py:633} INFO - Processing file /home/airflow/.local/lib/python3.8/site-packages/airflow/example_dags/example_branch_python_dop_operator_3.py for tasks to queue
[2021-02-22 18:08:17,159] {logging_mixin.py:104} INFO - [2021-02-22 18:08:17,159] {dagbag.py:448} INFO - Filling up the DagBag from /home/airflow/.local/lib/python3.8/site-packages/airflow/example_dags/example_branch_python_dop_operator_3.py
[2021-02-22 18:08:17,176] {scheduler_job.py:643} INFO - DAG(s) dict_keys(['example_branch_dop_operator_v3']) retrieved from /home/airflow/.local/lib/python3.8/site-packages/airflow/example_dags/example_branch_python_dop_operator_3.py
[2021-02-22 18:08:17,218] {logging_mixin.py:104} INFO - [2021-02-22 18:08:17,218] {dag.py:1818} INFO - Sync 1 DAGs
[2021-02-22 18:08:17,323] {logging_mixin.py:104} INFO - [2021-02-22 18:08:17,323] {dag.py:2273} INFO - Setting next_dagrun for example_branch_dop_operator_v3 to 2021-02-20 00:00:00+00:00
[2021-02-22 18:08:17,341] {scheduler_job.py:190} INFO - Processing /home/airflow/.local/lib/python3.8/site-packages/airflow/example_dags/example_branch_python_dop_operator_3.py took 0.193 seconds
[2021-02-22 18:08:49,082] {scheduler_job.py:182} INFO - Started process (PID=50) to work on /home/airflow/.local/lib/python3.8/site-packages/airflow/example_dags/example_branch_python_dop_operator_3.py
[2021-02-22 18:08:49,248] {scheduler_job.py:633} INFO - Processing file /home/airflow/.local/lib/python3.8/site-packages/airflow/example_dags/example_branch_python_dop_operator_3.py for tasks to queue
[2021-02-22 18:08:49,447] {logging_mixin.py:104} INFO - [2021-02-22 18:08:49,392] {dagbag.py:448} INFO - Filling up the DagBag from /home/airflow/.local/lib/python3.8/site-packages/airflow/example_dags/example_branch_python_dop_operator_3.py
[2021-02-22 18:08:51,089] {scheduler_job.py:643} INFO - DAG(s) dict_keys(['example_branch_dop_operator_v3']) retrieved from /home/airflow/.local/lib/python3.8/site-packages/airflow/example_dags/example_branch_python_dop_operator_3.py
[2021-02-22 18:08:51,537] {logging_mixin.py:104} INFO - [2021-02-22 18:08:51,535] {dag.py:1818} INFO - Sync 1 DAGs
[2021-02-22 18:08:51,809] {logging_mixin.py:104} INFO - [2021-02-22 18:08:51,808] {dag.py:2273} INFO - Setting next_dagrun for example_branch_dop_operator_v3 to 2021-02-20 00:00:00+00:00
[2021-02-22 18:08:51,844] {scheduler_job.py:190} INFO - Processing /home/airflow/.local/lib/python3.8/site-packages/airflow/example_dags/example_branch_python_dop_operator_3.py took 3.162 seconds
[2021-02-22 18:09:22,725] {scheduler_job.py:182} INFO - Started process (PID=78) to work on /home/airflow/.local/lib/python3.8/site-packages/airflow/example_dags/example_branch_python_dop_operator_3.py
[2021-02-22 18:09:22,727] {scheduler_job.py:633} INFO - Processing file /home/airflow/.local/lib/python3.8/site-packages/airflow/example_dags/example_branch_python_dop_operator_3.py for tasks to queue
[2021-02-22 18:09:22,735] {logging_mixin.py:104} INFO - [2021-02-22 18:09:22,734] {dagbag.py:448} INFO - Filling up the DagBag from /home/airflow/.local/lib/python3.8/site-packages/airflow/example_dags/example_branch_python_dop_operator_3.py
[2021-02-22 18:09:23,042] {scheduler_job.py:643} INFO - DAG(s) dict_keys(['example_branch_dop_operator_v3']) retrieved from /home/airflow/.local/lib/python3.8/site-packages/airflow/example_dags/example_branch_python_dop_operator_3.py
[2021-02-22 18:09:23,156] {logging_mixin.py:104} INFO - [2021-02-22 18:09:23,155] {dag.py:1818} INFO - Sync 1 DAGs
[2021-02-22 18:09:23,293] {logging_mixin.py:104} INFO - [2021-02-22 18:09:23,293] {dag.py:2273} INFO - Setting next_dagrun for example_branch_dop_operator_v3 to 2021-02-20 00:00:00+00:00
[2021-02-22 18:09:23,329] {scheduler_job.py:190} INFO - Processing /home/airflow/.local/lib/python3.8/site-packages/airflow/example_dags/example_branch_python_dop_operator_3.py took 0.608 seconds
[2021-02-22 18:09:59,318] {scheduler_job.py:182} INFO - Started process (PID=106) to work on /home/airflow/.local/lib/python3.8/site-packages/airflow/example_dags/example_branch_python_dop_operator_3.py
[2021-02-22 18:09:59,325] {scheduler_job.py:633} INFO - Processing file /home/airflow/.local/lib/python3.8/site-packages/airflow/example_dags/example_branch_python_dop_operator_3.py for tasks to queue
[2021-02-22 18:09:59,328] {logging_mixin.py:104} INFO - [2021-02-22 18:09:59,328] {dagbag.py:448} INFO - Filling up the DagBag from /home/airflow/.local/lib/python3.8/site-packages/airflow/example_dags/example_branch_python_dop_operator_3.py
[2021-02-22 18:09:59,510] {scheduler_job.py:643} INFO - DAG(s) dict_keys(['example_branch_dop_operator_v3']) retrieved from /home/airflow/.local/lib/python3.8/site-packages/airflow/example_dags/example_branch_python_dop_operator_3.py
[2021-02-22 18:10:02,932] {logging_mixin.py:104} INFO - [2021-02-22 18:10:02,932] {dag.py:1818} INFO - Sync 1 DAGs
[2021-02-22 18:10:02,977] {logging_mixin.py:104} INFO - [2021-02-22 18:10:02,977] {dag.py:2273} INFO - Setting next_dagrun for example_branch_dop_operator_v3 to 2021-02-20 00:00:00+00:00
[2021-02-22 18:10:03,036] {scheduler_job.py:190} INFO - Processing /home/airflow/.local/lib/python3.8/site-packages/airflow/example_dags/example_branch_python_dop_operator_3.py took 3.722 seconds
[2021-02-22 18:12:28,613] {scheduler_job.py:182} INFO - Started process (PID=44) to work on /home/airflow/.local/lib/python3.8/site-packages/airflow/example_dags/example_branch_python_dop_operator_3.py
[2021-02-22 18:12:28,616] {scheduler_job.py:633} INFO - Processing file /home/airflow/.local/lib/python3.8/site-packages/airflow/example_dags/example_branch_python_dop_operator_3.py for tasks to queue
[2021-02-22 18:12:28,619] {logging_mixin.py:104} INFO - [2021-02-22 18:12:28,618] {dagbag.py:448} INFO - Filling up the DagBag from /home/airflow/.local/lib/python3.8/site-packages/airflow/example_dags/example_branch_python_dop_operator_3.py
[2021-02-22 18:12:28,675] {scheduler_job.py:643} INFO - DAG(s) dict_keys(['example_branch_dop_operator_v3']) retrieved from /home/airflow/.local/lib/python3.8/site-packages/airflow/example_dags/example_branch_python_dop_operator_3.py
[2021-02-22 18:12:28,723] {logging_mixin.py:104} INFO - [2021-02-22 18:12:28,723] {dag.py:1818} INFO - Sync 1 DAGs
[2021-02-22 18:12:28,804] {logging_mixin.py:104} INFO - [2021-02-22 18:12:28,803] {dag.py:2273} INFO - Setting next_dagrun for example_branch_dop_operator_v3 to 2021-02-20 00:00:00+00:00
[2021-02-22 18:12:28,828] {scheduler_job.py:190} INFO - Processing /home/airflow/.local/lib/python3.8/site-packages/airflow/example_dags/example_branch_python_dop_operator_3.py took 0.223 seconds
[2021-02-22 18:12:58,913] {scheduler_job.py:182} INFO - Started process (PID=72) to work on /home/airflow/.local/lib/python3.8/site-packages/airflow/example_dags/example_branch_python_dop_operator_3.py
[2021-02-22 18:12:58,938] {scheduler_job.py:633} INFO - Processing file /home/airflow/.local/lib/python3.8/site-packages/airflow/example_dags/example_branch_python_dop_operator_3.py for tasks to queue
[2021-02-22 18:12:58,940] {logging_mixin.py:104} INFO - [2021-02-22 18:12:58,940] {dagbag.py:448} INFO - Filling up the DagBag from /home/airflow/.local/lib/python3.8/site-packages/airflow/example_dags/example_branch_python_dop_operator_3.py
[2021-02-22 18:12:58,979] {scheduler_job.py:643} INFO - DAG(s) dict_keys(['example_branch_dop_operator_v3']) retrieved from /home/airflow/.local/lib/python3.8/site-packages/airflow/example_dags/example_branch_python_dop_operator_3.py
[2021-02-22 18:12:59,024] {logging_mixin.py:104} INFO - [2021-02-22 18:12:59,024] {dag.py:1818} INFO - Sync 1 DAGs
[2021-02-22 18:12:59,078] {logging_mixin.py:104} INFO - [2021-02-22 18:12:59,078] {dag.py:2273} INFO - Setting next_dagrun for example_branch_dop_operator_v3 to 2021-02-20 00:00:00+00:00
[2021-02-22 18:12:59,093] {scheduler_job.py:190} INFO - Processing /home/airflow/.local/lib/python3.8/site-packages/airflow/example_dags/example_branch_python_dop_operator_3.py took 0.185 seconds
[2021-02-22 18:13:36,362] {scheduler_job.py:182} INFO - Started process (PID=100) to work on /home/airflow/.local/lib/python3.8/site-packages/airflow/example_dags/example_branch_python_dop_operator_3.py
[2021-02-22 18:13:36,370] {scheduler_job.py:633} INFO - Processing file /home/airflow/.local/lib/python3.8/site-packages/airflow/example_dags/example_branch_python_dop_operator_3.py for tasks to queue
[2021-02-22 18:13:36,374] {logging_mixin.py:104} INFO - [2021-02-22 18:13:36,374] {dagbag.py:448} INFO - Filling up the DagBag from /home/airflow/.local/lib/python3.8/site-packages/airflow/example_dags/example_branch_python_dop_operator_3.py
[2021-02-22 18:13:36,410] {scheduler_job.py:643} INFO - DAG(s) dict_keys(['example_branch_dop_operator_v3']) retrieved from /home/airflow/.local/lib/python3.8/site-packages/airflow/example_dags/example_branch_python_dop_operator_3.py
[2021-02-22 18:13:36,443] {logging_mixin.py:104} INFO - [2021-02-22 18:13:36,442] {dag.py:1818} INFO - Sync 1 DAGs
[2021-02-22 18:13:36,512] {logging_mixin.py:104} INFO - [2021-02-22 18:13:36,512] {dag.py:2273} INFO - Setting next_dagrun for example_branch_dop_operator_v3 to 2021-02-20 00:00:00+00:00
[2021-02-22 18:13:36,529] {scheduler_job.py:190} INFO - Processing /home/airflow/.local/lib/python3.8/site-packages/airflow/example_dags/example_branch_python_dop_operator_3.py took 0.172 seconds
[2021-02-22 18:14:09,481] {scheduler_job.py:182} INFO - Started process (PID=128) to work on /home/airflow/.local/lib/python3.8/site-packages/airflow/example_dags/example_branch_python_dop_operator_3.py
[2021-02-22 18:14:09,483] {scheduler_job.py:633} INFO - Processing file /home/airflow/.local/lib/python3.8/site-packages/airflow/example_dags/example_branch_python_dop_operator_3.py for tasks to queue
[2021-02-22 18:14:09,485] {logging_mixin.py:104} INFO - [2021-02-22 18:14:09,484] {dagbag.py:448} INFO - Filling up the DagBag from /home/airflow/.local/lib/python3.8/site-packages/airflow/example_dags/example_branch_python_dop_operator_3.py
[2021-02-22 18:14:09,528] {scheduler_job.py:643} INFO - DAG(s) dict_keys(['example_branch_dop_operator_v3']) retrieved from /home/airflow/.local/lib/python3.8/site-packages/airflow/example_dags/example_branch_python_dop_operator_3.py
[2021-02-22 18:14:09,556] {logging_mixin.py:104} INFO - [2021-02-22 18:14:09,556] {dag.py:1818} INFO - Sync 1 DAGs
[2021-02-22 18:14:09,607] {logging_mixin.py:104} INFO - [2021-02-22 18:14:09,607] {dag.py:2273} INFO - Setting next_dagrun for example_branch_dop_operator_v3 to 2021-02-20 00:00:00+00:00
[2021-02-22 18:14:09,623] {scheduler_job.py:190} INFO - Processing /home/airflow/.local/lib/python3.8/site-packages/airflow/example_dags/example_branch_python_dop_operator_3.py took 0.147 seconds
[2021-02-22 18:17:44,248] {scheduler_job.py:182} INFO - Started process (PID=25) to work on /home/airflow/.local/lib/python3.8/site-packages/airflow/example_dags/example_branch_python_dop_operator_3.py
[2021-02-22 18:17:44,250] {scheduler_job.py:633} INFO - Processing file /home/airflow/.local/lib/python3.8/site-packages/airflow/example_dags/example_branch_python_dop_operator_3.py for tasks to queue
[2021-02-22 18:17:44,252] {logging_mixin.py:104} INFO - [2021-02-22 18:17:44,252] {dagbag.py:448} INFO - Filling up the DagBag from /home/airflow/.local/lib/python3.8/site-packages/airflow/example_dags/example_branch_python_dop_operator_3.py
[2021-02-22 18:17:44,271] {scheduler_job.py:643} INFO - DAG(s) dict_keys(['example_branch_dop_operator_v3']) retrieved from /home/airflow/.local/lib/python3.8/site-packages/airflow/example_dags/example_branch_python_dop_operator_3.py
[2021-02-22 18:17:44,307] {logging_mixin.py:104} INFO - [2021-02-22 18:17:44,307] {dag.py:1818} INFO - Sync 1 DAGs
[2021-02-22 18:17:44,354] {logging_mixin.py:104} INFO - [2021-02-22 18:17:44,353] {dag.py:2273} INFO - Setting next_dagrun for example_branch_dop_operator_v3 to 2021-02-20 00:00:00+00:00
[2021-02-22 18:17:44,377] {scheduler_job.py:190} INFO - Processing /home/airflow/.local/lib/python3.8/site-packages/airflow/example_dags/example_branch_python_dop_operator_3.py took 0.134 seconds
