[2021-02-22 17:52:53,030] {scheduler_job.py:182} INFO - Started process (PID=26) to work on /home/airflow/.local/lib/python3.8/site-packages/airflow/example_dags/example_bash_operator.py
[2021-02-22 17:52:53,035] {scheduler_job.py:633} INFO - Processing file /home/airflow/.local/lib/python3.8/site-packages/airflow/example_dags/example_bash_operator.py for tasks to queue
[2021-02-22 17:52:53,040] {logging_mixin.py:104} INFO - [2021-02-22 17:52:53,040] {dagbag.py:448} INFO - Filling up the DagBag from /home/airflow/.local/lib/python3.8/site-packages/airflow/example_dags/example_bash_operator.py
[2021-02-22 17:52:53,076] {scheduler_job.py:643} INFO - DAG(s) dict_keys(['example_bash_operator']) retrieved from /home/airflow/.local/lib/python3.8/site-packages/airflow/example_dags/example_bash_operator.py
[2021-02-22 17:52:53,122] {logging_mixin.py:104} INFO - [2021-02-22 17:52:53,122] {dag.py:1818} INFO - Sync 1 DAGs
[2021-02-22 17:52:53,134] {logging_mixin.py:104} INFO - [2021-02-22 17:52:53,134] {dag.py:1837} INFO - Creating ORM DAG for example_bash_operator
[2021-02-22 17:52:53,155] {logging_mixin.py:104} INFO - [2021-02-22 17:52:53,154] {dag.py:2273} INFO - Setting next_dagrun for example_bash_operator to 2021-02-20 00:00:00+00:00
[2021-02-22 17:52:53,169] {scheduler_job.py:190} INFO - Processing /home/airflow/.local/lib/python3.8/site-packages/airflow/example_dags/example_bash_operator.py took 0.143 seconds
[2021-02-22 17:53:30,956] {scheduler_job.py:182} INFO - Started process (PID=55) to work on /home/airflow/.local/lib/python3.8/site-packages/airflow/example_dags/example_bash_operator.py
[2021-02-22 17:53:30,958] {scheduler_job.py:633} INFO - Processing file /home/airflow/.local/lib/python3.8/site-packages/airflow/example_dags/example_bash_operator.py for tasks to queue
[2021-02-22 17:53:30,960] {logging_mixin.py:104} INFO - [2021-02-22 17:53:30,960] {dagbag.py:448} INFO - Filling up the DagBag from /home/airflow/.local/lib/python3.8/site-packages/airflow/example_dags/example_bash_operator.py
[2021-02-22 17:53:31,497] {scheduler_job.py:643} INFO - DAG(s) dict_keys(['example_bash_operator']) retrieved from /home/airflow/.local/lib/python3.8/site-packages/airflow/example_dags/example_bash_operator.py
[2021-02-22 17:53:31,524] {logging_mixin.py:104} INFO - [2021-02-22 17:53:31,524] {dag.py:1818} INFO - Sync 1 DAGs
[2021-02-22 17:53:31,609] {logging_mixin.py:104} INFO - [2021-02-22 17:53:31,609] {dag.py:2273} INFO - Setting next_dagrun for example_bash_operator to 2021-02-20 00:00:00+00:00
[2021-02-22 17:53:31,772] {scheduler_job.py:190} INFO - Processing /home/airflow/.local/lib/python3.8/site-packages/airflow/example_dags/example_bash_operator.py took 0.820 seconds
[2021-02-22 17:54:22,494] {scheduler_job.py:182} INFO - Started process (PID=47) to work on /home/airflow/.local/lib/python3.8/site-packages/airflow/example_dags/example_bash_operator.py
[2021-02-22 17:54:22,496] {scheduler_job.py:633} INFO - Processing file /home/airflow/.local/lib/python3.8/site-packages/airflow/example_dags/example_bash_operator.py for tasks to queue
[2021-02-22 17:54:22,497] {logging_mixin.py:104} INFO - [2021-02-22 17:54:22,497] {dagbag.py:448} INFO - Filling up the DagBag from /home/airflow/.local/lib/python3.8/site-packages/airflow/example_dags/example_bash_operator.py
[2021-02-22 17:54:22,509] {scheduler_job.py:643} INFO - DAG(s) dict_keys(['example_bash_operator']) retrieved from /home/airflow/.local/lib/python3.8/site-packages/airflow/example_dags/example_bash_operator.py
[2021-02-22 17:54:22,545] {logging_mixin.py:104} INFO - [2021-02-22 17:54:22,545] {dag.py:1818} INFO - Sync 1 DAGs
[2021-02-22 17:54:22,589] {logging_mixin.py:104} INFO - [2021-02-22 17:54:22,589] {dag.py:2273} INFO - Setting next_dagrun for example_bash_operator to 2021-02-20 00:00:00+00:00
[2021-02-22 17:54:22,625] {scheduler_job.py:190} INFO - Processing /home/airflow/.local/lib/python3.8/site-packages/airflow/example_dags/example_bash_operator.py took 0.134 seconds
[2021-02-22 17:54:53,171] {scheduler_job.py:182} INFO - Started process (PID=75) to work on /home/airflow/.local/lib/python3.8/site-packages/airflow/example_dags/example_bash_operator.py
[2021-02-22 17:54:53,173] {scheduler_job.py:633} INFO - Processing file /home/airflow/.local/lib/python3.8/site-packages/airflow/example_dags/example_bash_operator.py for tasks to queue
[2021-02-22 17:54:53,176] {logging_mixin.py:104} INFO - [2021-02-22 17:54:53,176] {dagbag.py:448} INFO - Filling up the DagBag from /home/airflow/.local/lib/python3.8/site-packages/airflow/example_dags/example_bash_operator.py
[2021-02-22 17:54:53,214] {scheduler_job.py:643} INFO - DAG(s) dict_keys(['example_bash_operator']) retrieved from /home/airflow/.local/lib/python3.8/site-packages/airflow/example_dags/example_bash_operator.py
[2021-02-22 17:54:53,246] {logging_mixin.py:104} INFO - [2021-02-22 17:54:53,246] {dag.py:1818} INFO - Sync 1 DAGs
[2021-02-22 17:54:53,290] {logging_mixin.py:104} INFO - [2021-02-22 17:54:53,290] {dag.py:2273} INFO - Setting next_dagrun for example_bash_operator to 2021-02-20 00:00:00+00:00
[2021-02-22 17:54:53,307] {scheduler_job.py:190} INFO - Processing /home/airflow/.local/lib/python3.8/site-packages/airflow/example_dags/example_bash_operator.py took 0.139 seconds
[2021-02-22 17:55:29,277] {scheduler_job.py:182} INFO - Started process (PID=103) to work on /home/airflow/.local/lib/python3.8/site-packages/airflow/example_dags/example_bash_operator.py
[2021-02-22 17:55:29,281] {scheduler_job.py:633} INFO - Processing file /home/airflow/.local/lib/python3.8/site-packages/airflow/example_dags/example_bash_operator.py for tasks to queue
[2021-02-22 17:55:29,285] {logging_mixin.py:104} INFO - [2021-02-22 17:55:29,284] {dagbag.py:448} INFO - Filling up the DagBag from /home/airflow/.local/lib/python3.8/site-packages/airflow/example_dags/example_bash_operator.py
[2021-02-22 17:55:29,356] {scheduler_job.py:643} INFO - DAG(s) dict_keys(['example_bash_operator']) retrieved from /home/airflow/.local/lib/python3.8/site-packages/airflow/example_dags/example_bash_operator.py
[2021-02-22 17:55:29,447] {logging_mixin.py:104} INFO - [2021-02-22 17:55:29,447] {dag.py:1818} INFO - Sync 1 DAGs
[2021-02-22 17:55:29,482] {logging_mixin.py:104} INFO - [2021-02-22 17:55:29,482] {dag.py:2273} INFO - Setting next_dagrun for example_bash_operator to 2021-02-20 00:00:00+00:00
[2021-02-22 17:55:29,525] {scheduler_job.py:190} INFO - Processing /home/airflow/.local/lib/python3.8/site-packages/airflow/example_dags/example_bash_operator.py took 0.253 seconds
[2021-02-22 17:56:00,214] {scheduler_job.py:182} INFO - Started process (PID=129) to work on /home/airflow/.local/lib/python3.8/site-packages/airflow/example_dags/example_bash_operator.py
[2021-02-22 17:56:00,216] {scheduler_job.py:633} INFO - Processing file /home/airflow/.local/lib/python3.8/site-packages/airflow/example_dags/example_bash_operator.py for tasks to queue
[2021-02-22 17:56:00,217] {logging_mixin.py:104} INFO - [2021-02-22 17:56:00,217] {dagbag.py:448} INFO - Filling up the DagBag from /home/airflow/.local/lib/python3.8/site-packages/airflow/example_dags/example_bash_operator.py
[2021-02-22 17:56:00,260] {scheduler_job.py:643} INFO - DAG(s) dict_keys(['example_bash_operator']) retrieved from /home/airflow/.local/lib/python3.8/site-packages/airflow/example_dags/example_bash_operator.py
[2021-02-22 17:56:00,288] {logging_mixin.py:104} INFO - [2021-02-22 17:56:00,288] {dag.py:1818} INFO - Sync 1 DAGs
[2021-02-22 17:56:00,321] {logging_mixin.py:104} INFO - [2021-02-22 17:56:00,321] {dag.py:2273} INFO - Setting next_dagrun for example_bash_operator to 2021-02-20 00:00:00+00:00
[2021-02-22 17:56:00,384] {scheduler_job.py:190} INFO - Processing /home/airflow/.local/lib/python3.8/site-packages/airflow/example_dags/example_bash_operator.py took 0.173 seconds
[2021-02-22 18:03:24,544] {scheduler_job.py:182} INFO - Started process (PID=44) to work on /home/airflow/.local/lib/python3.8/site-packages/airflow/example_dags/example_bash_operator.py
[2021-02-22 18:03:24,546] {scheduler_job.py:633} INFO - Processing file /home/airflow/.local/lib/python3.8/site-packages/airflow/example_dags/example_bash_operator.py for tasks to queue
[2021-02-22 18:03:24,549] {logging_mixin.py:104} INFO - [2021-02-22 18:03:24,549] {dagbag.py:448} INFO - Filling up the DagBag from /home/airflow/.local/lib/python3.8/site-packages/airflow/example_dags/example_bash_operator.py
[2021-02-22 18:03:24,616] {scheduler_job.py:643} INFO - DAG(s) dict_keys(['example_bash_operator']) retrieved from /home/airflow/.local/lib/python3.8/site-packages/airflow/example_dags/example_bash_operator.py
[2021-02-22 18:03:24,694] {logging_mixin.py:104} INFO - [2021-02-22 18:03:24,694] {dag.py:1818} INFO - Sync 1 DAGs
[2021-02-22 18:03:24,732] {logging_mixin.py:104} INFO - [2021-02-22 18:03:24,732] {dag.py:2273} INFO - Setting next_dagrun for example_bash_operator to 2021-02-20 00:00:00+00:00
[2021-02-22 18:03:24,750] {scheduler_job.py:190} INFO - Processing /home/airflow/.local/lib/python3.8/site-packages/airflow/example_dags/example_bash_operator.py took 0.213 seconds
[2021-02-22 18:03:55,759] {scheduler_job.py:182} INFO - Started process (PID=72) to work on /home/airflow/.local/lib/python3.8/site-packages/airflow/example_dags/example_bash_operator.py
[2021-02-22 18:03:55,761] {scheduler_job.py:633} INFO - Processing file /home/airflow/.local/lib/python3.8/site-packages/airflow/example_dags/example_bash_operator.py for tasks to queue
[2021-02-22 18:03:55,764] {logging_mixin.py:104} INFO - [2021-02-22 18:03:55,764] {dagbag.py:448} INFO - Filling up the DagBag from /home/airflow/.local/lib/python3.8/site-packages/airflow/example_dags/example_bash_operator.py
[2021-02-22 18:03:56,108] {scheduler_job.py:643} INFO - DAG(s) dict_keys(['example_bash_operator']) retrieved from /home/airflow/.local/lib/python3.8/site-packages/airflow/example_dags/example_bash_operator.py
[2021-02-22 18:03:56,665] {logging_mixin.py:104} INFO - [2021-02-22 18:03:56,665] {dag.py:1818} INFO - Sync 1 DAGs
[2021-02-22 18:03:56,841] {logging_mixin.py:104} INFO - [2021-02-22 18:03:56,841] {dag.py:2273} INFO - Setting next_dagrun for example_bash_operator to 2021-02-20 00:00:00+00:00
[2021-02-22 18:03:56,878] {scheduler_job.py:190} INFO - Processing /home/airflow/.local/lib/python3.8/site-packages/airflow/example_dags/example_bash_operator.py took 1.122 seconds
[2021-02-22 18:04:32,776] {scheduler_job.py:182} INFO - Started process (PID=100) to work on /home/airflow/.local/lib/python3.8/site-packages/airflow/example_dags/example_bash_operator.py
[2021-02-22 18:04:32,778] {scheduler_job.py:633} INFO - Processing file /home/airflow/.local/lib/python3.8/site-packages/airflow/example_dags/example_bash_operator.py for tasks to queue
[2021-02-22 18:04:32,779] {logging_mixin.py:104} INFO - [2021-02-22 18:04:32,779] {dagbag.py:448} INFO - Filling up the DagBag from /home/airflow/.local/lib/python3.8/site-packages/airflow/example_dags/example_bash_operator.py
[2021-02-22 18:04:32,820] {scheduler_job.py:643} INFO - DAG(s) dict_keys(['example_bash_operator']) retrieved from /home/airflow/.local/lib/python3.8/site-packages/airflow/example_dags/example_bash_operator.py
[2021-02-22 18:04:32,861] {logging_mixin.py:104} INFO - [2021-02-22 18:04:32,861] {dag.py:1818} INFO - Sync 1 DAGs
[2021-02-22 18:04:32,892] {logging_mixin.py:104} INFO - [2021-02-22 18:04:32,892] {dag.py:2273} INFO - Setting next_dagrun for example_bash_operator to 2021-02-20 00:00:00+00:00
[2021-02-22 18:04:32,944] {scheduler_job.py:190} INFO - Processing /home/airflow/.local/lib/python3.8/site-packages/airflow/example_dags/example_bash_operator.py took 0.172 seconds
[2021-02-22 18:05:03,516] {scheduler_job.py:182} INFO - Started process (PID=128) to work on /home/airflow/.local/lib/python3.8/site-packages/airflow/example_dags/example_bash_operator.py
[2021-02-22 18:05:03,521] {scheduler_job.py:633} INFO - Processing file /home/airflow/.local/lib/python3.8/site-packages/airflow/example_dags/example_bash_operator.py for tasks to queue
[2021-02-22 18:05:03,528] {logging_mixin.py:104} INFO - [2021-02-22 18:05:03,528] {dagbag.py:448} INFO - Filling up the DagBag from /home/airflow/.local/lib/python3.8/site-packages/airflow/example_dags/example_bash_operator.py
[2021-02-22 18:05:03,553] {scheduler_job.py:643} INFO - DAG(s) dict_keys(['example_bash_operator']) retrieved from /home/airflow/.local/lib/python3.8/site-packages/airflow/example_dags/example_bash_operator.py
[2021-02-22 18:05:03,590] {logging_mixin.py:104} INFO - [2021-02-22 18:05:03,590] {dag.py:1818} INFO - Sync 1 DAGs
[2021-02-22 18:05:03,632] {logging_mixin.py:104} INFO - [2021-02-22 18:05:03,631] {dag.py:2273} INFO - Setting next_dagrun for example_bash_operator to 2021-02-20 00:00:00+00:00
[2021-02-22 18:05:03,650] {scheduler_job.py:190} INFO - Processing /home/airflow/.local/lib/python3.8/site-packages/airflow/example_dags/example_bash_operator.py took 0.145 seconds
[2021-02-22 18:05:47,884] {scheduler_job.py:182} INFO - Started process (PID=47) to work on /home/airflow/.local/lib/python3.8/site-packages/airflow/example_dags/example_bash_operator.py
[2021-02-22 18:05:47,888] {scheduler_job.py:633} INFO - Processing file /home/airflow/.local/lib/python3.8/site-packages/airflow/example_dags/example_bash_operator.py for tasks to queue
[2021-02-22 18:05:47,889] {logging_mixin.py:104} INFO - [2021-02-22 18:05:47,889] {dagbag.py:448} INFO - Filling up the DagBag from /home/airflow/.local/lib/python3.8/site-packages/airflow/example_dags/example_bash_operator.py
[2021-02-22 18:05:47,904] {scheduler_job.py:643} INFO - DAG(s) dict_keys(['example_bash_operator']) retrieved from /home/airflow/.local/lib/python3.8/site-packages/airflow/example_dags/example_bash_operator.py
[2021-02-22 18:05:47,969] {logging_mixin.py:104} INFO - [2021-02-22 18:05:47,969] {dag.py:1818} INFO - Sync 1 DAGs
[2021-02-22 18:05:48,015] {logging_mixin.py:104} INFO - [2021-02-22 18:05:48,015] {dag.py:2273} INFO - Setting next_dagrun for example_bash_operator to 2021-02-20 00:00:00+00:00
[2021-02-22 18:05:48,066] {scheduler_job.py:190} INFO - Processing /home/airflow/.local/lib/python3.8/site-packages/airflow/example_dags/example_bash_operator.py took 0.195 seconds
[2021-02-22 18:06:26,741] {scheduler_job.py:182} INFO - Started process (PID=74) to work on /home/airflow/.local/lib/python3.8/site-packages/airflow/example_dags/example_bash_operator.py
[2021-02-22 18:06:26,744] {scheduler_job.py:633} INFO - Processing file /home/airflow/.local/lib/python3.8/site-packages/airflow/example_dags/example_bash_operator.py for tasks to queue
[2021-02-22 18:06:26,746] {logging_mixin.py:104} INFO - [2021-02-22 18:06:26,746] {dagbag.py:448} INFO - Filling up the DagBag from /home/airflow/.local/lib/python3.8/site-packages/airflow/example_dags/example_bash_operator.py
[2021-02-22 18:06:26,790] {scheduler_job.py:643} INFO - DAG(s) dict_keys(['example_bash_operator']) retrieved from /home/airflow/.local/lib/python3.8/site-packages/airflow/example_dags/example_bash_operator.py
[2021-02-22 18:06:26,818] {logging_mixin.py:104} INFO - [2021-02-22 18:06:26,818] {dag.py:1818} INFO - Sync 1 DAGs
[2021-02-22 18:06:26,864] {logging_mixin.py:104} INFO - [2021-02-22 18:06:26,863] {dag.py:2273} INFO - Setting next_dagrun for example_bash_operator to 2021-02-20 00:00:00+00:00
[2021-02-22 18:06:26,887] {scheduler_job.py:190} INFO - Processing /home/airflow/.local/lib/python3.8/site-packages/airflow/example_dags/example_bash_operator.py took 0.150 seconds
[2021-02-22 18:07:03,405] {scheduler_job.py:182} INFO - Started process (PID=102) to work on /home/airflow/.local/lib/python3.8/site-packages/airflow/example_dags/example_bash_operator.py
[2021-02-22 18:07:03,406] {scheduler_job.py:633} INFO - Processing file /home/airflow/.local/lib/python3.8/site-packages/airflow/example_dags/example_bash_operator.py for tasks to queue
[2021-02-22 18:07:03,408] {logging_mixin.py:104} INFO - [2021-02-22 18:07:03,408] {dagbag.py:448} INFO - Filling up the DagBag from /home/airflow/.local/lib/python3.8/site-packages/airflow/example_dags/example_bash_operator.py
[2021-02-22 18:07:03,449] {scheduler_job.py:643} INFO - DAG(s) dict_keys(['example_bash_operator']) retrieved from /home/airflow/.local/lib/python3.8/site-packages/airflow/example_dags/example_bash_operator.py
[2021-02-22 18:07:03,481] {logging_mixin.py:104} INFO - [2021-02-22 18:07:03,481] {dag.py:1818} INFO - Sync 1 DAGs
[2021-02-22 18:07:03,506] {logging_mixin.py:104} INFO - [2021-02-22 18:07:03,506] {dag.py:2273} INFO - Setting next_dagrun for example_bash_operator to 2021-02-20 00:00:00+00:00
[2021-02-22 18:07:03,620] {scheduler_job.py:190} INFO - Processing /home/airflow/.local/lib/python3.8/site-packages/airflow/example_dags/example_bash_operator.py took 0.219 seconds
[2021-02-22 18:08:18,198] {scheduler_job.py:182} INFO - Started process (PID=32) to work on /home/airflow/.local/lib/python3.8/site-packages/airflow/example_dags/example_bash_operator.py
[2021-02-22 18:08:18,201] {scheduler_job.py:633} INFO - Processing file /home/airflow/.local/lib/python3.8/site-packages/airflow/example_dags/example_bash_operator.py for tasks to queue
[2021-02-22 18:08:18,209] {logging_mixin.py:104} INFO - [2021-02-22 18:08:18,208] {dagbag.py:448} INFO - Filling up the DagBag from /home/airflow/.local/lib/python3.8/site-packages/airflow/example_dags/example_bash_operator.py
[2021-02-22 18:08:18,254] {scheduler_job.py:643} INFO - DAG(s) dict_keys(['example_bash_operator']) retrieved from /home/airflow/.local/lib/python3.8/site-packages/airflow/example_dags/example_bash_operator.py
[2021-02-22 18:08:18,298] {logging_mixin.py:104} INFO - [2021-02-22 18:08:18,297] {dag.py:1818} INFO - Sync 1 DAGs
[2021-02-22 18:08:18,350] {logging_mixin.py:104} INFO - [2021-02-22 18:08:18,350] {dag.py:2273} INFO - Setting next_dagrun for example_bash_operator to 2021-02-20 00:00:00+00:00
[2021-02-22 18:08:18,409] {scheduler_job.py:190} INFO - Processing /home/airflow/.local/lib/python3.8/site-packages/airflow/example_dags/example_bash_operator.py took 0.219 seconds
[2021-02-22 18:08:53,540] {scheduler_job.py:182} INFO - Started process (PID=60) to work on /home/airflow/.local/lib/python3.8/site-packages/airflow/example_dags/example_bash_operator.py
[2021-02-22 18:08:53,554] {scheduler_job.py:633} INFO - Processing file /home/airflow/.local/lib/python3.8/site-packages/airflow/example_dags/example_bash_operator.py for tasks to queue
[2021-02-22 18:08:53,556] {logging_mixin.py:104} INFO - [2021-02-22 18:08:53,556] {dagbag.py:448} INFO - Filling up the DagBag from /home/airflow/.local/lib/python3.8/site-packages/airflow/example_dags/example_bash_operator.py
[2021-02-22 18:08:53,669] {scheduler_job.py:643} INFO - DAG(s) dict_keys(['example_bash_operator']) retrieved from /home/airflow/.local/lib/python3.8/site-packages/airflow/example_dags/example_bash_operator.py
[2021-02-22 18:08:53,701] {logging_mixin.py:104} INFO - [2021-02-22 18:08:53,701] {dag.py:1818} INFO - Sync 1 DAGs
[2021-02-22 18:08:53,722] {logging_mixin.py:104} INFO - [2021-02-22 18:08:53,722] {dag.py:2273} INFO - Setting next_dagrun for example_bash_operator to 2021-02-20 00:00:00+00:00
[2021-02-22 18:08:53,832] {scheduler_job.py:190} INFO - Processing /home/airflow/.local/lib/python3.8/site-packages/airflow/example_dags/example_bash_operator.py took 0.299 seconds
[2021-02-22 18:09:24,048] {scheduler_job.py:182} INFO - Started process (PID=87) to work on /home/airflow/.local/lib/python3.8/site-packages/airflow/example_dags/example_bash_operator.py
[2021-02-22 18:09:24,050] {scheduler_job.py:633} INFO - Processing file /home/airflow/.local/lib/python3.8/site-packages/airflow/example_dags/example_bash_operator.py for tasks to queue
[2021-02-22 18:09:24,065] {logging_mixin.py:104} INFO - [2021-02-22 18:09:24,065] {dagbag.py:448} INFO - Filling up the DagBag from /home/airflow/.local/lib/python3.8/site-packages/airflow/example_dags/example_bash_operator.py
[2021-02-22 18:09:24,086] {scheduler_job.py:643} INFO - DAG(s) dict_keys(['example_bash_operator']) retrieved from /home/airflow/.local/lib/python3.8/site-packages/airflow/example_dags/example_bash_operator.py
[2021-02-22 18:09:24,118] {logging_mixin.py:104} INFO - [2021-02-22 18:09:24,118] {dag.py:1818} INFO - Sync 1 DAGs
[2021-02-22 18:09:24,181] {logging_mixin.py:104} INFO - [2021-02-22 18:09:24,180] {dag.py:2273} INFO - Setting next_dagrun for example_bash_operator to 2021-02-20 00:00:00+00:00
[2021-02-22 18:09:24,217] {scheduler_job.py:190} INFO - Processing /home/airflow/.local/lib/python3.8/site-packages/airflow/example_dags/example_bash_operator.py took 0.174 seconds
[2021-02-22 18:10:04,452] {scheduler_job.py:182} INFO - Started process (PID=116) to work on /home/airflow/.local/lib/python3.8/site-packages/airflow/example_dags/example_bash_operator.py
[2021-02-22 18:10:04,455] {scheduler_job.py:633} INFO - Processing file /home/airflow/.local/lib/python3.8/site-packages/airflow/example_dags/example_bash_operator.py for tasks to queue
[2021-02-22 18:10:04,456] {logging_mixin.py:104} INFO - [2021-02-22 18:10:04,456] {dagbag.py:448} INFO - Filling up the DagBag from /home/airflow/.local/lib/python3.8/site-packages/airflow/example_dags/example_bash_operator.py
[2021-02-22 18:10:04,510] {scheduler_job.py:643} INFO - DAG(s) dict_keys(['example_bash_operator']) retrieved from /home/airflow/.local/lib/python3.8/site-packages/airflow/example_dags/example_bash_operator.py
[2021-02-22 18:10:04,557] {logging_mixin.py:104} INFO - [2021-02-22 18:10:04,557] {dag.py:1818} INFO - Sync 1 DAGs
[2021-02-22 18:10:04,601] {logging_mixin.py:104} INFO - [2021-02-22 18:10:04,601] {dag.py:2273} INFO - Setting next_dagrun for example_bash_operator to 2021-02-20 00:00:00+00:00
[2021-02-22 18:10:04,635] {scheduler_job.py:190} INFO - Processing /home/airflow/.local/lib/python3.8/site-packages/airflow/example_dags/example_bash_operator.py took 0.190 seconds
[2021-02-22 18:12:25,543] {scheduler_job.py:182} INFO - Started process (PID=20) to work on /home/airflow/.local/lib/python3.8/site-packages/airflow/example_dags/example_bash_operator.py
[2021-02-22 18:12:25,547] {scheduler_job.py:633} INFO - Processing file /home/airflow/.local/lib/python3.8/site-packages/airflow/example_dags/example_bash_operator.py for tasks to queue
[2021-02-22 18:12:25,548] {logging_mixin.py:104} INFO - [2021-02-22 18:12:25,548] {dagbag.py:448} INFO - Filling up the DagBag from /home/airflow/.local/lib/python3.8/site-packages/airflow/example_dags/example_bash_operator.py
[2021-02-22 18:12:25,595] {scheduler_job.py:643} INFO - DAG(s) dict_keys(['example_bash_operator']) retrieved from /home/airflow/.local/lib/python3.8/site-packages/airflow/example_dags/example_bash_operator.py
[2021-02-22 18:12:25,688] {logging_mixin.py:104} INFO - [2021-02-22 18:12:25,688] {dag.py:1818} INFO - Sync 1 DAGs
[2021-02-22 18:12:25,818] {logging_mixin.py:104} INFO - [2021-02-22 18:12:25,818] {dag.py:2273} INFO - Setting next_dagrun for example_bash_operator to 2021-02-20 00:00:00+00:00
[2021-02-22 18:12:25,849] {scheduler_job.py:190} INFO - Processing /home/airflow/.local/lib/python3.8/site-packages/airflow/example_dags/example_bash_operator.py took 0.311 seconds
[2021-02-22 18:12:56,225] {scheduler_job.py:182} INFO - Started process (PID=48) to work on /home/airflow/.local/lib/python3.8/site-packages/airflow/example_dags/example_bash_operator.py
[2021-02-22 18:12:56,229] {scheduler_job.py:633} INFO - Processing file /home/airflow/.local/lib/python3.8/site-packages/airflow/example_dags/example_bash_operator.py for tasks to queue
[2021-02-22 18:12:56,232] {logging_mixin.py:104} INFO - [2021-02-22 18:12:56,232] {dagbag.py:448} INFO - Filling up the DagBag from /home/airflow/.local/lib/python3.8/site-packages/airflow/example_dags/example_bash_operator.py
[2021-02-22 18:12:56,337] {scheduler_job.py:643} INFO - DAG(s) dict_keys(['example_bash_operator']) retrieved from /home/airflow/.local/lib/python3.8/site-packages/airflow/example_dags/example_bash_operator.py
[2021-02-22 18:12:56,422] {logging_mixin.py:104} INFO - [2021-02-22 18:12:56,421] {dag.py:1818} INFO - Sync 1 DAGs
[2021-02-22 18:12:56,497] {logging_mixin.py:104} INFO - [2021-02-22 18:12:56,497] {dag.py:2273} INFO - Setting next_dagrun for example_bash_operator to 2021-02-20 00:00:00+00:00
[2021-02-22 18:12:56,534] {scheduler_job.py:190} INFO - Processing /home/airflow/.local/lib/python3.8/site-packages/airflow/example_dags/example_bash_operator.py took 0.340 seconds
[2021-02-22 18:13:26,901] {scheduler_job.py:182} INFO - Started process (PID=76) to work on /home/airflow/.local/lib/python3.8/site-packages/airflow/example_dags/example_bash_operator.py
[2021-02-22 18:13:26,990] {scheduler_job.py:633} INFO - Processing file /home/airflow/.local/lib/python3.8/site-packages/airflow/example_dags/example_bash_operator.py for tasks to queue
[2021-02-22 18:13:26,993] {logging_mixin.py:104} INFO - [2021-02-22 18:13:26,993] {dagbag.py:448} INFO - Filling up the DagBag from /home/airflow/.local/lib/python3.8/site-packages/airflow/example_dags/example_bash_operator.py
[2021-02-22 18:13:28,727] {scheduler_job.py:643} INFO - DAG(s) dict_keys(['example_bash_operator']) retrieved from /home/airflow/.local/lib/python3.8/site-packages/airflow/example_dags/example_bash_operator.py
[2021-02-22 18:13:32,233] {logging_mixin.py:104} INFO - [2021-02-22 18:13:32,232] {dag.py:1818} INFO - Sync 1 DAGs
[2021-02-22 18:13:32,871] {logging_mixin.py:104} INFO - [2021-02-22 18:13:32,871] {dag.py:2273} INFO - Setting next_dagrun for example_bash_operator to 2021-02-20 00:00:00+00:00
[2021-02-22 18:13:33,030] {scheduler_job.py:190} INFO - Processing /home/airflow/.local/lib/python3.8/site-packages/airflow/example_dags/example_bash_operator.py took 6.197 seconds
[2021-02-22 18:14:03,956] {scheduler_job.py:182} INFO - Started process (PID=104) to work on /home/airflow/.local/lib/python3.8/site-packages/airflow/example_dags/example_bash_operator.py
[2021-02-22 18:14:03,966] {scheduler_job.py:633} INFO - Processing file /home/airflow/.local/lib/python3.8/site-packages/airflow/example_dags/example_bash_operator.py for tasks to queue
[2021-02-22 18:14:03,970] {logging_mixin.py:104} INFO - [2021-02-22 18:14:03,970] {dagbag.py:448} INFO - Filling up the DagBag from /home/airflow/.local/lib/python3.8/site-packages/airflow/example_dags/example_bash_operator.py
[2021-02-22 18:14:04,342] {scheduler_job.py:643} INFO - DAG(s) dict_keys(['example_bash_operator']) retrieved from /home/airflow/.local/lib/python3.8/site-packages/airflow/example_dags/example_bash_operator.py
[2021-02-22 18:14:07,073] {logging_mixin.py:104} INFO - [2021-02-22 18:14:07,071] {dag.py:1818} INFO - Sync 1 DAGs
[2021-02-22 18:14:07,137] {logging_mixin.py:104} INFO - [2021-02-22 18:14:07,137] {dag.py:2273} INFO - Setting next_dagrun for example_bash_operator to 2021-02-20 00:00:00+00:00
[2021-02-22 18:14:07,162] {scheduler_job.py:190} INFO - Processing /home/airflow/.local/lib/python3.8/site-packages/airflow/example_dags/example_bash_operator.py took 3.234 seconds
[2021-02-22 18:14:43,462] {scheduler_job.py:182} INFO - Started process (PID=132) to work on /home/airflow/.local/lib/python3.8/site-packages/airflow/example_dags/example_bash_operator.py
[2021-02-22 18:14:43,507] {scheduler_job.py:633} INFO - Processing file /home/airflow/.local/lib/python3.8/site-packages/airflow/example_dags/example_bash_operator.py for tasks to queue
[2021-02-22 18:14:43,518] {logging_mixin.py:104} INFO - [2021-02-22 18:14:43,518] {dagbag.py:448} INFO - Filling up the DagBag from /home/airflow/.local/lib/python3.8/site-packages/airflow/example_dags/example_bash_operator.py
[2021-02-22 18:14:49,058] {scheduler_job.py:643} INFO - DAG(s) dict_keys(['example_bash_operator']) retrieved from /home/airflow/.local/lib/python3.8/site-packages/airflow/example_dags/example_bash_operator.py
[2021-02-22 18:14:53,436] {logging_mixin.py:104} INFO - [2021-02-22 18:14:53,436] {dag.py:1818} INFO - Sync 1 DAGs
[2021-02-22 18:14:53,477] {logging_mixin.py:104} INFO - [2021-02-22 18:14:53,476] {dag.py:2273} INFO - Setting next_dagrun for example_bash_operator to 2021-02-20 00:00:00+00:00
[2021-02-22 18:14:53,523] {scheduler_job.py:190} INFO - Processing /home/airflow/.local/lib/python3.8/site-packages/airflow/example_dags/example_bash_operator.py took 10.121 seconds
[2021-02-22 18:17:46,351] {scheduler_job.py:182} INFO - Started process (PID=42) to work on /home/airflow/.local/lib/python3.8/site-packages/airflow/example_dags/example_bash_operator.py
[2021-02-22 18:17:46,353] {scheduler_job.py:633} INFO - Processing file /home/airflow/.local/lib/python3.8/site-packages/airflow/example_dags/example_bash_operator.py for tasks to queue
[2021-02-22 18:17:46,364] {logging_mixin.py:104} INFO - [2021-02-22 18:17:46,364] {dagbag.py:448} INFO - Filling up the DagBag from /home/airflow/.local/lib/python3.8/site-packages/airflow/example_dags/example_bash_operator.py
[2021-02-22 18:17:46,422] {scheduler_job.py:643} INFO - DAG(s) dict_keys(['example_bash_operator']) retrieved from /home/airflow/.local/lib/python3.8/site-packages/airflow/example_dags/example_bash_operator.py
[2021-02-22 18:17:46,475] {logging_mixin.py:104} INFO - [2021-02-22 18:17:46,475] {dag.py:1818} INFO - Sync 1 DAGs
[2021-02-22 18:17:46,499] {logging_mixin.py:104} INFO - [2021-02-22 18:17:46,499] {dag.py:2273} INFO - Setting next_dagrun for example_bash_operator to 2021-02-20 00:00:00+00:00
[2021-02-22 18:17:46,531] {scheduler_job.py:190} INFO - Processing /home/airflow/.local/lib/python3.8/site-packages/airflow/example_dags/example_bash_operator.py took 0.188 seconds
