[2021-02-22 17:52:53,743] {scheduler_job.py:182} INFO - Started process (PID=32) to work on /home/airflow/.local/lib/python3.8/site-packages/airflow/example_dags/example_trigger_controller_dag.py
[2021-02-22 17:52:53,746] {scheduler_job.py:633} INFO - Processing file /home/airflow/.local/lib/python3.8/site-packages/airflow/example_dags/example_trigger_controller_dag.py for tasks to queue
[2021-02-22 17:52:53,747] {logging_mixin.py:104} INFO - [2021-02-22 17:52:53,747] {dagbag.py:448} INFO - Filling up the DagBag from /home/airflow/.local/lib/python3.8/site-packages/airflow/example_dags/example_trigger_controller_dag.py
[2021-02-22 17:52:53,764] {scheduler_job.py:643} INFO - DAG(s) dict_keys(['example_trigger_controller_dag']) retrieved from /home/airflow/.local/lib/python3.8/site-packages/airflow/example_dags/example_trigger_controller_dag.py
[2021-02-22 17:52:53,823] {logging_mixin.py:104} INFO - [2021-02-22 17:52:53,823] {dag.py:1818} INFO - Sync 1 DAGs
[2021-02-22 17:52:53,835] {logging_mixin.py:104} INFO - [2021-02-22 17:52:53,835] {dag.py:1837} INFO - Creating ORM DAG for example_trigger_controller_dag
[2021-02-22 17:52:53,842] {logging_mixin.py:104} INFO - [2021-02-22 17:52:53,842] {dag.py:2273} INFO - Setting next_dagrun for example_trigger_controller_dag to 2021-02-20 00:00:00+00:00
[2021-02-22 17:52:53,870] {scheduler_job.py:190} INFO - Processing /home/airflow/.local/lib/python3.8/site-packages/airflow/example_dags/example_trigger_controller_dag.py took 0.131 seconds
[2021-02-22 17:53:32,621] {scheduler_job.py:182} INFO - Started process (PID=60) to work on /home/airflow/.local/lib/python3.8/site-packages/airflow/example_dags/example_trigger_controller_dag.py
[2021-02-22 17:53:32,624] {scheduler_job.py:633} INFO - Processing file /home/airflow/.local/lib/python3.8/site-packages/airflow/example_dags/example_trigger_controller_dag.py for tasks to queue
[2021-02-22 17:53:32,627] {logging_mixin.py:104} INFO - [2021-02-22 17:53:32,627] {dagbag.py:448} INFO - Filling up the DagBag from /home/airflow/.local/lib/python3.8/site-packages/airflow/example_dags/example_trigger_controller_dag.py
[2021-02-22 17:53:32,953] {scheduler_job.py:643} INFO - DAG(s) dict_keys(['example_trigger_controller_dag']) retrieved from /home/airflow/.local/lib/python3.8/site-packages/airflow/example_dags/example_trigger_controller_dag.py
[2021-02-22 17:53:32,970] {logging_mixin.py:104} INFO - [2021-02-22 17:53:32,970] {dag.py:1818} INFO - Sync 1 DAGs
[2021-02-22 17:53:32,982] {logging_mixin.py:104} INFO - [2021-02-22 17:53:32,982] {dag.py:2273} INFO - Setting next_dagrun for example_trigger_controller_dag to 2021-02-20 00:00:00+00:00
[2021-02-22 17:53:33,175] {scheduler_job.py:190} INFO - Processing /home/airflow/.local/lib/python3.8/site-packages/airflow/example_dags/example_trigger_controller_dag.py took 0.560 seconds
[2021-02-22 17:54:19,477] {scheduler_job.py:182} INFO - Started process (PID=22) to work on /home/airflow/.local/lib/python3.8/site-packages/airflow/example_dags/example_trigger_controller_dag.py
[2021-02-22 17:54:19,489] {scheduler_job.py:633} INFO - Processing file /home/airflow/.local/lib/python3.8/site-packages/airflow/example_dags/example_trigger_controller_dag.py for tasks to queue
[2021-02-22 17:54:19,491] {logging_mixin.py:104} INFO - [2021-02-22 17:54:19,491] {dagbag.py:448} INFO - Filling up the DagBag from /home/airflow/.local/lib/python3.8/site-packages/airflow/example_dags/example_trigger_controller_dag.py
[2021-02-22 17:54:19,526] {scheduler_job.py:643} INFO - DAG(s) dict_keys(['example_trigger_controller_dag']) retrieved from /home/airflow/.local/lib/python3.8/site-packages/airflow/example_dags/example_trigger_controller_dag.py
[2021-02-22 17:54:19,584] {logging_mixin.py:104} INFO - [2021-02-22 17:54:19,584] {dag.py:1818} INFO - Sync 1 DAGs
[2021-02-22 17:54:19,611] {logging_mixin.py:104} INFO - [2021-02-22 17:54:19,611] {dag.py:2273} INFO - Setting next_dagrun for example_trigger_controller_dag to 2021-02-20 00:00:00+00:00
[2021-02-22 17:54:19,638] {scheduler_job.py:190} INFO - Processing /home/airflow/.local/lib/python3.8/site-packages/airflow/example_dags/example_trigger_controller_dag.py took 0.164 seconds
[2021-02-22 17:54:50,297] {scheduler_job.py:182} INFO - Started process (PID=50) to work on /home/airflow/.local/lib/python3.8/site-packages/airflow/example_dags/example_trigger_controller_dag.py
[2021-02-22 17:54:50,312] {scheduler_job.py:633} INFO - Processing file /home/airflow/.local/lib/python3.8/site-packages/airflow/example_dags/example_trigger_controller_dag.py for tasks to queue
[2021-02-22 17:54:50,320] {logging_mixin.py:104} INFO - [2021-02-22 17:54:50,320] {dagbag.py:448} INFO - Filling up the DagBag from /home/airflow/.local/lib/python3.8/site-packages/airflow/example_dags/example_trigger_controller_dag.py
[2021-02-22 17:54:50,491] {scheduler_job.py:643} INFO - DAG(s) dict_keys(['example_trigger_controller_dag']) retrieved from /home/airflow/.local/lib/python3.8/site-packages/airflow/example_dags/example_trigger_controller_dag.py
[2021-02-22 17:54:50,568] {logging_mixin.py:104} INFO - [2021-02-22 17:54:50,568] {dag.py:1818} INFO - Sync 1 DAGs
[2021-02-22 17:54:50,636] {logging_mixin.py:104} INFO - [2021-02-22 17:54:50,635] {dag.py:2273} INFO - Setting next_dagrun for example_trigger_controller_dag to 2021-02-20 00:00:00+00:00
[2021-02-22 17:54:50,668] {scheduler_job.py:190} INFO - Processing /home/airflow/.local/lib/python3.8/site-packages/airflow/example_dags/example_trigger_controller_dag.py took 0.423 seconds
[2021-02-22 17:55:22,578] {scheduler_job.py:182} INFO - Started process (PID=78) to work on /home/airflow/.local/lib/python3.8/site-packages/airflow/example_dags/example_trigger_controller_dag.py
[2021-02-22 17:55:22,580] {scheduler_job.py:633} INFO - Processing file /home/airflow/.local/lib/python3.8/site-packages/airflow/example_dags/example_trigger_controller_dag.py for tasks to queue
[2021-02-22 17:55:22,582] {logging_mixin.py:104} INFO - [2021-02-22 17:55:22,582] {dagbag.py:448} INFO - Filling up the DagBag from /home/airflow/.local/lib/python3.8/site-packages/airflow/example_dags/example_trigger_controller_dag.py
[2021-02-22 17:55:24,287] {scheduler_job.py:643} INFO - DAG(s) dict_keys(['example_trigger_controller_dag']) retrieved from /home/airflow/.local/lib/python3.8/site-packages/airflow/example_dags/example_trigger_controller_dag.py
[2021-02-22 17:55:24,619] {logging_mixin.py:104} INFO - [2021-02-22 17:55:24,619] {dag.py:1818} INFO - Sync 1 DAGs
[2021-02-22 17:55:24,664] {logging_mixin.py:104} INFO - [2021-02-22 17:55:24,664] {dag.py:2273} INFO - Setting next_dagrun for example_trigger_controller_dag to 2021-02-20 00:00:00+00:00
[2021-02-22 17:55:24,694] {scheduler_job.py:190} INFO - Processing /home/airflow/.local/lib/python3.8/site-packages/airflow/example_dags/example_trigger_controller_dag.py took 2.119 seconds
[2021-02-22 17:55:58,105] {scheduler_job.py:182} INFO - Started process (PID=107) to work on /home/airflow/.local/lib/python3.8/site-packages/airflow/example_dags/example_trigger_controller_dag.py
[2021-02-22 17:55:58,113] {scheduler_job.py:633} INFO - Processing file /home/airflow/.local/lib/python3.8/site-packages/airflow/example_dags/example_trigger_controller_dag.py for tasks to queue
[2021-02-22 17:55:58,120] {logging_mixin.py:104} INFO - [2021-02-22 17:55:58,119] {dagbag.py:448} INFO - Filling up the DagBag from /home/airflow/.local/lib/python3.8/site-packages/airflow/example_dags/example_trigger_controller_dag.py
[2021-02-22 17:55:58,143] {scheduler_job.py:643} INFO - DAG(s) dict_keys(['example_trigger_controller_dag']) retrieved from /home/airflow/.local/lib/python3.8/site-packages/airflow/example_dags/example_trigger_controller_dag.py
[2021-02-22 17:55:58,285] {logging_mixin.py:104} INFO - [2021-02-22 17:55:58,284] {dag.py:1818} INFO - Sync 1 DAGs
[2021-02-22 17:55:58,331] {logging_mixin.py:104} INFO - [2021-02-22 17:55:58,330] {dag.py:2273} INFO - Setting next_dagrun for example_trigger_controller_dag to 2021-02-20 00:00:00+00:00
[2021-02-22 17:55:58,360] {scheduler_job.py:190} INFO - Processing /home/airflow/.local/lib/python3.8/site-packages/airflow/example_dags/example_trigger_controller_dag.py took 0.268 seconds
[2021-02-22 17:56:29,289] {scheduler_job.py:182} INFO - Started process (PID=134) to work on /home/airflow/.local/lib/python3.8/site-packages/airflow/example_dags/example_trigger_controller_dag.py
[2021-02-22 17:56:29,322] {scheduler_job.py:633} INFO - Processing file /home/airflow/.local/lib/python3.8/site-packages/airflow/example_dags/example_trigger_controller_dag.py for tasks to queue
[2021-02-22 17:56:29,326] {logging_mixin.py:104} INFO - [2021-02-22 17:56:29,326] {dagbag.py:448} INFO - Filling up the DagBag from /home/airflow/.local/lib/python3.8/site-packages/airflow/example_dags/example_trigger_controller_dag.py
[2021-02-22 17:56:29,430] {scheduler_job.py:643} INFO - DAG(s) dict_keys(['example_trigger_controller_dag']) retrieved from /home/airflow/.local/lib/python3.8/site-packages/airflow/example_dags/example_trigger_controller_dag.py
[2021-02-22 17:56:29,613] {logging_mixin.py:104} INFO - [2021-02-22 17:56:29,613] {dag.py:1818} INFO - Sync 1 DAGs
[2021-02-22 17:56:29,699] {logging_mixin.py:104} INFO - [2021-02-22 17:56:29,698] {dag.py:2273} INFO - Setting next_dagrun for example_trigger_controller_dag to 2021-02-20 00:00:00+00:00
[2021-02-22 17:56:32,370] {logging_mixin.py:104} INFO - [2021-02-22 17:56:32,370] {process_utils.py:206} INFO - Waiting up to 5 seconds for processes to exit...
[2021-02-22 18:03:24,678] {scheduler_job.py:182} INFO - Started process (PID=45) to work on /home/airflow/.local/lib/python3.8/site-packages/airflow/example_dags/example_trigger_controller_dag.py
[2021-02-22 18:03:24,682] {scheduler_job.py:633} INFO - Processing file /home/airflow/.local/lib/python3.8/site-packages/airflow/example_dags/example_trigger_controller_dag.py for tasks to queue
[2021-02-22 18:03:24,685] {logging_mixin.py:104} INFO - [2021-02-22 18:03:24,685] {dagbag.py:448} INFO - Filling up the DagBag from /home/airflow/.local/lib/python3.8/site-packages/airflow/example_dags/example_trigger_controller_dag.py
[2021-02-22 18:03:24,738] {scheduler_job.py:643} INFO - DAG(s) dict_keys(['example_trigger_controller_dag']) retrieved from /home/airflow/.local/lib/python3.8/site-packages/airflow/example_dags/example_trigger_controller_dag.py
[2021-02-22 18:03:24,816] {logging_mixin.py:104} INFO - [2021-02-22 18:03:24,815] {dag.py:1818} INFO - Sync 1 DAGs
[2021-02-22 18:03:24,946] {logging_mixin.py:104} INFO - [2021-02-22 18:03:24,946] {dag.py:2273} INFO - Setting next_dagrun for example_trigger_controller_dag to 2021-02-20 00:00:00+00:00
[2021-02-22 18:03:25,301] {scheduler_job.py:190} INFO - Processing /home/airflow/.local/lib/python3.8/site-packages/airflow/example_dags/example_trigger_controller_dag.py took 0.630 seconds
[2021-02-22 18:03:55,771] {scheduler_job.py:182} INFO - Started process (PID=73) to work on /home/airflow/.local/lib/python3.8/site-packages/airflow/example_dags/example_trigger_controller_dag.py
[2021-02-22 18:03:55,774] {scheduler_job.py:633} INFO - Processing file /home/airflow/.local/lib/python3.8/site-packages/airflow/example_dags/example_trigger_controller_dag.py for tasks to queue
[2021-02-22 18:03:55,775] {logging_mixin.py:104} INFO - [2021-02-22 18:03:55,775] {dagbag.py:448} INFO - Filling up the DagBag from /home/airflow/.local/lib/python3.8/site-packages/airflow/example_dags/example_trigger_controller_dag.py
[2021-02-22 18:03:56,105] {scheduler_job.py:643} INFO - DAG(s) dict_keys(['example_trigger_controller_dag']) retrieved from /home/airflow/.local/lib/python3.8/site-packages/airflow/example_dags/example_trigger_controller_dag.py
[2021-02-22 18:03:56,664] {logging_mixin.py:104} INFO - [2021-02-22 18:03:56,663] {dag.py:1818} INFO - Sync 1 DAGs
[2021-02-22 18:03:56,813] {logging_mixin.py:104} INFO - [2021-02-22 18:03:56,813] {dag.py:2273} INFO - Setting next_dagrun for example_trigger_controller_dag to 2021-02-20 00:00:00+00:00
[2021-02-22 18:03:56,833] {scheduler_job.py:190} INFO - Processing /home/airflow/.local/lib/python3.8/site-packages/airflow/example_dags/example_trigger_controller_dag.py took 1.067 seconds
[2021-02-22 18:04:32,980] {scheduler_job.py:182} INFO - Started process (PID=101) to work on /home/airflow/.local/lib/python3.8/site-packages/airflow/example_dags/example_trigger_controller_dag.py
[2021-02-22 18:04:32,982] {scheduler_job.py:633} INFO - Processing file /home/airflow/.local/lib/python3.8/site-packages/airflow/example_dags/example_trigger_controller_dag.py for tasks to queue
[2021-02-22 18:04:32,984] {logging_mixin.py:104} INFO - [2021-02-22 18:04:32,984] {dagbag.py:448} INFO - Filling up the DagBag from /home/airflow/.local/lib/python3.8/site-packages/airflow/example_dags/example_trigger_controller_dag.py
[2021-02-22 18:04:33,037] {scheduler_job.py:643} INFO - DAG(s) dict_keys(['example_trigger_controller_dag']) retrieved from /home/airflow/.local/lib/python3.8/site-packages/airflow/example_dags/example_trigger_controller_dag.py
[2021-02-22 18:04:33,062] {logging_mixin.py:104} INFO - [2021-02-22 18:04:33,062] {dag.py:1818} INFO - Sync 1 DAGs
[2021-02-22 18:04:33,086] {logging_mixin.py:104} INFO - [2021-02-22 18:04:33,086] {dag.py:2273} INFO - Setting next_dagrun for example_trigger_controller_dag to 2021-02-20 00:00:00+00:00
[2021-02-22 18:04:33,100] {scheduler_job.py:190} INFO - Processing /home/airflow/.local/lib/python3.8/site-packages/airflow/example_dags/example_trigger_controller_dag.py took 0.124 seconds
[2021-02-22 18:05:03,633] {scheduler_job.py:182} INFO - Started process (PID=129) to work on /home/airflow/.local/lib/python3.8/site-packages/airflow/example_dags/example_trigger_controller_dag.py
[2021-02-22 18:05:03,636] {scheduler_job.py:633} INFO - Processing file /home/airflow/.local/lib/python3.8/site-packages/airflow/example_dags/example_trigger_controller_dag.py for tasks to queue
[2021-02-22 18:05:03,637] {logging_mixin.py:104} INFO - [2021-02-22 18:05:03,637] {dagbag.py:448} INFO - Filling up the DagBag from /home/airflow/.local/lib/python3.8/site-packages/airflow/example_dags/example_trigger_controller_dag.py
[2021-02-22 18:05:03,654] {scheduler_job.py:643} INFO - DAG(s) dict_keys(['example_trigger_controller_dag']) retrieved from /home/airflow/.local/lib/python3.8/site-packages/airflow/example_dags/example_trigger_controller_dag.py
[2021-02-22 18:05:03,683] {logging_mixin.py:104} INFO - [2021-02-22 18:05:03,683] {dag.py:1818} INFO - Sync 1 DAGs
[2021-02-22 18:05:03,717] {logging_mixin.py:104} INFO - [2021-02-22 18:05:03,717] {dag.py:2273} INFO - Setting next_dagrun for example_trigger_controller_dag to 2021-02-20 00:00:00+00:00
[2021-02-22 18:05:03,739] {scheduler_job.py:190} INFO - Processing /home/airflow/.local/lib/python3.8/site-packages/airflow/example_dags/example_trigger_controller_dag.py took 0.111 seconds
[2021-02-22 18:05:46,392] {scheduler_job.py:182} INFO - Started process (PID=35) to work on /home/airflow/.local/lib/python3.8/site-packages/airflow/example_dags/example_trigger_controller_dag.py
[2021-02-22 18:05:46,396] {scheduler_job.py:633} INFO - Processing file /home/airflow/.local/lib/python3.8/site-packages/airflow/example_dags/example_trigger_controller_dag.py for tasks to queue
[2021-02-22 18:05:46,398] {logging_mixin.py:104} INFO - [2021-02-22 18:05:46,398] {dagbag.py:448} INFO - Filling up the DagBag from /home/airflow/.local/lib/python3.8/site-packages/airflow/example_dags/example_trigger_controller_dag.py
[2021-02-22 18:05:46,416] {scheduler_job.py:643} INFO - DAG(s) dict_keys(['example_trigger_controller_dag']) retrieved from /home/airflow/.local/lib/python3.8/site-packages/airflow/example_dags/example_trigger_controller_dag.py
[2021-02-22 18:05:46,454] {logging_mixin.py:104} INFO - [2021-02-22 18:05:46,454] {dag.py:1818} INFO - Sync 1 DAGs
[2021-02-22 18:05:46,483] {logging_mixin.py:104} INFO - [2021-02-22 18:05:46,482] {dag.py:2273} INFO - Setting next_dagrun for example_trigger_controller_dag to 2021-02-20 00:00:00+00:00
[2021-02-22 18:05:46,510] {scheduler_job.py:190} INFO - Processing /home/airflow/.local/lib/python3.8/site-packages/airflow/example_dags/example_trigger_controller_dag.py took 0.122 seconds
[2021-02-22 18:06:24,182] {scheduler_job.py:182} INFO - Started process (PID=62) to work on /home/airflow/.local/lib/python3.8/site-packages/airflow/example_dags/example_trigger_controller_dag.py
[2021-02-22 18:06:24,212] {scheduler_job.py:633} INFO - Processing file /home/airflow/.local/lib/python3.8/site-packages/airflow/example_dags/example_trigger_controller_dag.py for tasks to queue
[2021-02-22 18:06:24,213] {logging_mixin.py:104} INFO - [2021-02-22 18:06:24,213] {dagbag.py:448} INFO - Filling up the DagBag from /home/airflow/.local/lib/python3.8/site-packages/airflow/example_dags/example_trigger_controller_dag.py
[2021-02-22 18:06:24,294] {scheduler_job.py:643} INFO - DAG(s) dict_keys(['example_trigger_controller_dag']) retrieved from /home/airflow/.local/lib/python3.8/site-packages/airflow/example_dags/example_trigger_controller_dag.py
[2021-02-22 18:06:24,475] {logging_mixin.py:104} INFO - [2021-02-22 18:06:24,475] {dag.py:1818} INFO - Sync 1 DAGs
[2021-02-22 18:06:24,489] {logging_mixin.py:104} INFO - [2021-02-22 18:06:24,489] {dag.py:2273} INFO - Setting next_dagrun for example_trigger_controller_dag to 2021-02-20 00:00:00+00:00
[2021-02-22 18:06:24,544] {scheduler_job.py:190} INFO - Processing /home/airflow/.local/lib/python3.8/site-packages/airflow/example_dags/example_trigger_controller_dag.py took 0.365 seconds
[2021-02-22 18:07:02,119] {scheduler_job.py:182} INFO - Started process (PID=91) to work on /home/airflow/.local/lib/python3.8/site-packages/airflow/example_dags/example_trigger_controller_dag.py
[2021-02-22 18:07:02,121] {scheduler_job.py:633} INFO - Processing file /home/airflow/.local/lib/python3.8/site-packages/airflow/example_dags/example_trigger_controller_dag.py for tasks to queue
[2021-02-22 18:07:02,123] {logging_mixin.py:104} INFO - [2021-02-22 18:07:02,123] {dagbag.py:448} INFO - Filling up the DagBag from /home/airflow/.local/lib/python3.8/site-packages/airflow/example_dags/example_trigger_controller_dag.py
[2021-02-22 18:07:02,154] {scheduler_job.py:643} INFO - DAG(s) dict_keys(['example_trigger_controller_dag']) retrieved from /home/airflow/.local/lib/python3.8/site-packages/airflow/example_dags/example_trigger_controller_dag.py
[2021-02-22 18:07:02,174] {logging_mixin.py:104} INFO - [2021-02-22 18:07:02,174] {dag.py:1818} INFO - Sync 1 DAGs
[2021-02-22 18:07:02,186] {logging_mixin.py:104} INFO - [2021-02-22 18:07:02,186] {dag.py:2273} INFO - Setting next_dagrun for example_trigger_controller_dag to 2021-02-20 00:00:00+00:00
[2021-02-22 18:07:02,344] {scheduler_job.py:190} INFO - Processing /home/airflow/.local/lib/python3.8/site-packages/airflow/example_dags/example_trigger_controller_dag.py took 0.229 seconds
[2021-02-22 18:08:18,749] {scheduler_job.py:182} INFO - Started process (PID=37) to work on /home/airflow/.local/lib/python3.8/site-packages/airflow/example_dags/example_trigger_controller_dag.py
[2021-02-22 18:08:18,761] {scheduler_job.py:633} INFO - Processing file /home/airflow/.local/lib/python3.8/site-packages/airflow/example_dags/example_trigger_controller_dag.py for tasks to queue
[2021-02-22 18:08:18,763] {logging_mixin.py:104} INFO - [2021-02-22 18:08:18,763] {dagbag.py:448} INFO - Filling up the DagBag from /home/airflow/.local/lib/python3.8/site-packages/airflow/example_dags/example_trigger_controller_dag.py
[2021-02-22 18:08:18,780] {scheduler_job.py:643} INFO - DAG(s) dict_keys(['example_trigger_controller_dag']) retrieved from /home/airflow/.local/lib/python3.8/site-packages/airflow/example_dags/example_trigger_controller_dag.py
[2021-02-22 18:08:18,822] {logging_mixin.py:104} INFO - [2021-02-22 18:08:18,822] {dag.py:1818} INFO - Sync 1 DAGs
[2021-02-22 18:08:18,862] {logging_mixin.py:104} INFO - [2021-02-22 18:08:18,861] {dag.py:2273} INFO - Setting next_dagrun for example_trigger_controller_dag to 2021-02-20 00:00:00+00:00
[2021-02-22 18:08:18,920] {scheduler_job.py:190} INFO - Processing /home/airflow/.local/lib/python3.8/site-packages/airflow/example_dags/example_trigger_controller_dag.py took 0.175 seconds
[2021-02-22 18:08:54,900] {scheduler_job.py:182} INFO - Started process (PID=65) to work on /home/airflow/.local/lib/python3.8/site-packages/airflow/example_dags/example_trigger_controller_dag.py
[2021-02-22 18:08:54,915] {scheduler_job.py:633} INFO - Processing file /home/airflow/.local/lib/python3.8/site-packages/airflow/example_dags/example_trigger_controller_dag.py for tasks to queue
[2021-02-22 18:08:54,916] {logging_mixin.py:104} INFO - [2021-02-22 18:08:54,916] {dagbag.py:448} INFO - Filling up the DagBag from /home/airflow/.local/lib/python3.8/site-packages/airflow/example_dags/example_trigger_controller_dag.py
[2021-02-22 18:08:54,956] {scheduler_job.py:643} INFO - DAG(s) dict_keys(['example_trigger_controller_dag']) retrieved from /home/airflow/.local/lib/python3.8/site-packages/airflow/example_dags/example_trigger_controller_dag.py
[2021-02-22 18:08:54,987] {logging_mixin.py:104} INFO - [2021-02-22 18:08:54,987] {dag.py:1818} INFO - Sync 1 DAGs
[2021-02-22 18:08:55,007] {logging_mixin.py:104} INFO - [2021-02-22 18:08:55,007] {dag.py:2273} INFO - Setting next_dagrun for example_trigger_controller_dag to 2021-02-20 00:00:00+00:00
[2021-02-22 18:08:55,031] {scheduler_job.py:190} INFO - Processing /home/airflow/.local/lib/python3.8/site-packages/airflow/example_dags/example_trigger_controller_dag.py took 0.136 seconds
[2021-02-22 18:09:25,511] {scheduler_job.py:182} INFO - Started process (PID=92) to work on /home/airflow/.local/lib/python3.8/site-packages/airflow/example_dags/example_trigger_controller_dag.py
[2021-02-22 18:09:25,513] {scheduler_job.py:633} INFO - Processing file /home/airflow/.local/lib/python3.8/site-packages/airflow/example_dags/example_trigger_controller_dag.py for tasks to queue
[2021-02-22 18:09:25,514] {logging_mixin.py:104} INFO - [2021-02-22 18:09:25,514] {dagbag.py:448} INFO - Filling up the DagBag from /home/airflow/.local/lib/python3.8/site-packages/airflow/example_dags/example_trigger_controller_dag.py
[2021-02-22 18:09:25,526] {scheduler_job.py:643} INFO - DAG(s) dict_keys(['example_trigger_controller_dag']) retrieved from /home/airflow/.local/lib/python3.8/site-packages/airflow/example_dags/example_trigger_controller_dag.py
[2021-02-22 18:09:25,548] {logging_mixin.py:104} INFO - [2021-02-22 18:09:25,548] {dag.py:1818} INFO - Sync 1 DAGs
[2021-02-22 18:09:25,561] {logging_mixin.py:104} INFO - [2021-02-22 18:09:25,561] {dag.py:2273} INFO - Setting next_dagrun for example_trigger_controller_dag to 2021-02-20 00:00:00+00:00
[2021-02-22 18:09:25,570] {scheduler_job.py:190} INFO - Processing /home/airflow/.local/lib/python3.8/site-packages/airflow/example_dags/example_trigger_controller_dag.py took 0.064 seconds
[2021-02-22 18:12:28,060] {scheduler_job.py:182} INFO - Started process (PID=39) to work on /home/airflow/.local/lib/python3.8/site-packages/airflow/example_dags/example_trigger_controller_dag.py
[2021-02-22 18:12:28,069] {scheduler_job.py:633} INFO - Processing file /home/airflow/.local/lib/python3.8/site-packages/airflow/example_dags/example_trigger_controller_dag.py for tasks to queue
[2021-02-22 18:12:28,084] {logging_mixin.py:104} INFO - [2021-02-22 18:12:28,084] {dagbag.py:448} INFO - Filling up the DagBag from /home/airflow/.local/lib/python3.8/site-packages/airflow/example_dags/example_trigger_controller_dag.py
[2021-02-22 18:12:28,117] {scheduler_job.py:643} INFO - DAG(s) dict_keys(['example_trigger_controller_dag']) retrieved from /home/airflow/.local/lib/python3.8/site-packages/airflow/example_dags/example_trigger_controller_dag.py
[2021-02-22 18:12:28,162] {logging_mixin.py:104} INFO - [2021-02-22 18:12:28,162] {dag.py:1818} INFO - Sync 1 DAGs
[2021-02-22 18:12:28,182] {logging_mixin.py:104} INFO - [2021-02-22 18:12:28,182] {dag.py:2273} INFO - Setting next_dagrun for example_trigger_controller_dag to 2021-02-20 00:00:00+00:00
[2021-02-22 18:12:28,221] {scheduler_job.py:190} INFO - Processing /home/airflow/.local/lib/python3.8/site-packages/airflow/example_dags/example_trigger_controller_dag.py took 0.164 seconds
[2021-02-22 18:12:58,391] {scheduler_job.py:182} INFO - Started process (PID=67) to work on /home/airflow/.local/lib/python3.8/site-packages/airflow/example_dags/example_trigger_controller_dag.py
[2021-02-22 18:12:58,396] {scheduler_job.py:633} INFO - Processing file /home/airflow/.local/lib/python3.8/site-packages/airflow/example_dags/example_trigger_controller_dag.py for tasks to queue
[2021-02-22 18:12:58,400] {logging_mixin.py:104} INFO - [2021-02-22 18:12:58,400] {dagbag.py:448} INFO - Filling up the DagBag from /home/airflow/.local/lib/python3.8/site-packages/airflow/example_dags/example_trigger_controller_dag.py
[2021-02-22 18:12:58,474] {scheduler_job.py:643} INFO - DAG(s) dict_keys(['example_trigger_controller_dag']) retrieved from /home/airflow/.local/lib/python3.8/site-packages/airflow/example_dags/example_trigger_controller_dag.py
[2021-02-22 18:12:58,520] {logging_mixin.py:104} INFO - [2021-02-22 18:12:58,520] {dag.py:1818} INFO - Sync 1 DAGs
[2021-02-22 18:12:58,545] {logging_mixin.py:104} INFO - [2021-02-22 18:12:58,545] {dag.py:2273} INFO - Setting next_dagrun for example_trigger_controller_dag to 2021-02-20 00:00:00+00:00
[2021-02-22 18:12:58,560] {scheduler_job.py:190} INFO - Processing /home/airflow/.local/lib/python3.8/site-packages/airflow/example_dags/example_trigger_controller_dag.py took 0.174 seconds
[2021-02-22 18:13:35,865] {scheduler_job.py:182} INFO - Started process (PID=95) to work on /home/airflow/.local/lib/python3.8/site-packages/airflow/example_dags/example_trigger_controller_dag.py
[2021-02-22 18:13:35,867] {scheduler_job.py:633} INFO - Processing file /home/airflow/.local/lib/python3.8/site-packages/airflow/example_dags/example_trigger_controller_dag.py for tasks to queue
[2021-02-22 18:13:35,869] {logging_mixin.py:104} INFO - [2021-02-22 18:13:35,868] {dagbag.py:448} INFO - Filling up the DagBag from /home/airflow/.local/lib/python3.8/site-packages/airflow/example_dags/example_trigger_controller_dag.py
[2021-02-22 18:13:35,893] {scheduler_job.py:643} INFO - DAG(s) dict_keys(['example_trigger_controller_dag']) retrieved from /home/airflow/.local/lib/python3.8/site-packages/airflow/example_dags/example_trigger_controller_dag.py
[2021-02-22 18:13:35,923] {logging_mixin.py:104} INFO - [2021-02-22 18:13:35,922] {dag.py:1818} INFO - Sync 1 DAGs
[2021-02-22 18:13:35,947] {logging_mixin.py:104} INFO - [2021-02-22 18:13:35,947] {dag.py:2273} INFO - Setting next_dagrun for example_trigger_controller_dag to 2021-02-20 00:00:00+00:00
[2021-02-22 18:13:35,986] {scheduler_job.py:190} INFO - Processing /home/airflow/.local/lib/python3.8/site-packages/airflow/example_dags/example_trigger_controller_dag.py took 0.124 seconds
[2021-02-22 18:14:08,888] {scheduler_job.py:182} INFO - Started process (PID=123) to work on /home/airflow/.local/lib/python3.8/site-packages/airflow/example_dags/example_trigger_controller_dag.py
[2021-02-22 18:14:08,891] {scheduler_job.py:633} INFO - Processing file /home/airflow/.local/lib/python3.8/site-packages/airflow/example_dags/example_trigger_controller_dag.py for tasks to queue
[2021-02-22 18:14:08,894] {logging_mixin.py:104} INFO - [2021-02-22 18:14:08,894] {dagbag.py:448} INFO - Filling up the DagBag from /home/airflow/.local/lib/python3.8/site-packages/airflow/example_dags/example_trigger_controller_dag.py
[2021-02-22 18:14:08,925] {scheduler_job.py:643} INFO - DAG(s) dict_keys(['example_trigger_controller_dag']) retrieved from /home/airflow/.local/lib/python3.8/site-packages/airflow/example_dags/example_trigger_controller_dag.py
[2021-02-22 18:14:09,000] {logging_mixin.py:104} INFO - [2021-02-22 18:14:09,000] {dag.py:1818} INFO - Sync 1 DAGs
[2021-02-22 18:14:09,017] {logging_mixin.py:104} INFO - [2021-02-22 18:14:09,017] {dag.py:2273} INFO - Setting next_dagrun for example_trigger_controller_dag to 2021-02-20 00:00:00+00:00
[2021-02-22 18:14:09,072] {scheduler_job.py:190} INFO - Processing /home/airflow/.local/lib/python3.8/site-packages/airflow/example_dags/example_trigger_controller_dag.py took 0.191 seconds
[2021-02-22 18:17:46,522] {scheduler_job.py:182} INFO - Started process (PID=43) to work on /home/airflow/.local/lib/python3.8/site-packages/airflow/example_dags/example_trigger_controller_dag.py
[2021-02-22 18:17:46,523] {scheduler_job.py:633} INFO - Processing file /home/airflow/.local/lib/python3.8/site-packages/airflow/example_dags/example_trigger_controller_dag.py for tasks to queue
[2021-02-22 18:17:46,525] {logging_mixin.py:104} INFO - [2021-02-22 18:17:46,525] {dagbag.py:448} INFO - Filling up the DagBag from /home/airflow/.local/lib/python3.8/site-packages/airflow/example_dags/example_trigger_controller_dag.py
[2021-02-22 18:17:46,579] {scheduler_job.py:643} INFO - DAG(s) dict_keys(['example_trigger_controller_dag']) retrieved from /home/airflow/.local/lib/python3.8/site-packages/airflow/example_dags/example_trigger_controller_dag.py
[2021-02-22 18:17:46,604] {logging_mixin.py:104} INFO - [2021-02-22 18:17:46,604] {dag.py:1818} INFO - Sync 1 DAGs
[2021-02-22 18:17:46,619] {logging_mixin.py:104} INFO - [2021-02-22 18:17:46,618] {dag.py:2273} INFO - Setting next_dagrun for example_trigger_controller_dag to 2021-02-20 00:00:00+00:00
[2021-02-22 18:17:46,653] {scheduler_job.py:190} INFO - Processing /home/airflow/.local/lib/python3.8/site-packages/airflow/example_dags/example_trigger_controller_dag.py took 0.135 seconds
