[2021-02-22 17:52:55,576] {scheduler_job.py:182} INFO - Started process (PID=48) to work on /home/airflow/.local/lib/python3.8/site-packages/airflow/example_dags/example_xcom.py
[2021-02-22 17:52:55,579] {scheduler_job.py:633} INFO - Processing file /home/airflow/.local/lib/python3.8/site-packages/airflow/example_dags/example_xcom.py for tasks to queue
[2021-02-22 17:52:55,583] {logging_mixin.py:104} INFO - [2021-02-22 17:52:55,583] {dagbag.py:448} INFO - Filling up the DagBag from /home/airflow/.local/lib/python3.8/site-packages/airflow/example_dags/example_xcom.py
[2021-02-22 17:52:55,634] {scheduler_job.py:643} INFO - DAG(s) dict_keys(['example_xcom']) retrieved from /home/airflow/.local/lib/python3.8/site-packages/airflow/example_dags/example_xcom.py
[2021-02-22 17:52:55,674] {logging_mixin.py:104} INFO - [2021-02-22 17:52:55,674] {dag.py:1818} INFO - Sync 1 DAGs
[2021-02-22 17:52:55,688] {logging_mixin.py:104} INFO - [2021-02-22 17:52:55,688] {dag.py:1837} INFO - Creating ORM DAG for example_xcom
[2021-02-22 17:52:55,698] {logging_mixin.py:104} INFO - [2021-02-22 17:52:55,698] {dag.py:2273} INFO - Setting next_dagrun for example_xcom to 2021-02-20 00:00:00+00:00
[2021-02-22 17:52:55,744] {scheduler_job.py:190} INFO - Processing /home/airflow/.local/lib/python3.8/site-packages/airflow/example_dags/example_xcom.py took 0.171 seconds
[2021-02-22 17:53:37,614] {scheduler_job.py:182} INFO - Started process (PID=76) to work on /home/airflow/.local/lib/python3.8/site-packages/airflow/example_dags/example_xcom.py
[2021-02-22 17:53:37,616] {scheduler_job.py:633} INFO - Processing file /home/airflow/.local/lib/python3.8/site-packages/airflow/example_dags/example_xcom.py for tasks to queue
[2021-02-22 17:53:37,617] {logging_mixin.py:104} INFO - [2021-02-22 17:53:37,617] {dagbag.py:448} INFO - Filling up the DagBag from /home/airflow/.local/lib/python3.8/site-packages/airflow/example_dags/example_xcom.py
[2021-02-22 17:53:37,739] {scheduler_job.py:643} INFO - DAG(s) dict_keys(['example_xcom']) retrieved from /home/airflow/.local/lib/python3.8/site-packages/airflow/example_dags/example_xcom.py
[2021-02-22 17:53:37,762] {logging_mixin.py:104} INFO - [2021-02-22 17:53:37,761] {dag.py:1818} INFO - Sync 1 DAGs
[2021-02-22 17:53:37,775] {logging_mixin.py:104} INFO - [2021-02-22 17:53:37,774] {dag.py:2273} INFO - Setting next_dagrun for example_xcom to 2021-02-20 00:00:00+00:00
[2021-02-22 17:53:37,868] {scheduler_job.py:190} INFO - Processing /home/airflow/.local/lib/python3.8/site-packages/airflow/example_dags/example_xcom.py took 0.258 seconds
[2021-02-22 17:54:21,627] {scheduler_job.py:182} INFO - Started process (PID=40) to work on /home/airflow/.local/lib/python3.8/site-packages/airflow/example_dags/example_xcom.py
[2021-02-22 17:54:21,638] {scheduler_job.py:633} INFO - Processing file /home/airflow/.local/lib/python3.8/site-packages/airflow/example_dags/example_xcom.py for tasks to queue
[2021-02-22 17:54:21,640] {logging_mixin.py:104} INFO - [2021-02-22 17:54:21,639] {dagbag.py:448} INFO - Filling up the DagBag from /home/airflow/.local/lib/python3.8/site-packages/airflow/example_dags/example_xcom.py
[2021-02-22 17:54:21,665] {scheduler_job.py:643} INFO - DAG(s) dict_keys(['example_xcom']) retrieved from /home/airflow/.local/lib/python3.8/site-packages/airflow/example_dags/example_xcom.py
[2021-02-22 17:54:21,718] {logging_mixin.py:104} INFO - [2021-02-22 17:54:21,718] {dag.py:1818} INFO - Sync 1 DAGs
[2021-02-22 17:54:21,749] {logging_mixin.py:104} INFO - [2021-02-22 17:54:21,748] {dag.py:2273} INFO - Setting next_dagrun for example_xcom to 2021-02-20 00:00:00+00:00
[2021-02-22 17:54:21,778] {scheduler_job.py:190} INFO - Processing /home/airflow/.local/lib/python3.8/site-packages/airflow/example_dags/example_xcom.py took 0.169 seconds
[2021-02-22 17:54:52,713] {scheduler_job.py:182} INFO - Started process (PID=68) to work on /home/airflow/.local/lib/python3.8/site-packages/airflow/example_dags/example_xcom.py
[2021-02-22 17:54:52,715] {scheduler_job.py:633} INFO - Processing file /home/airflow/.local/lib/python3.8/site-packages/airflow/example_dags/example_xcom.py for tasks to queue
[2021-02-22 17:54:52,717] {logging_mixin.py:104} INFO - [2021-02-22 17:54:52,717] {dagbag.py:448} INFO - Filling up the DagBag from /home/airflow/.local/lib/python3.8/site-packages/airflow/example_dags/example_xcom.py
[2021-02-22 17:54:52,732] {scheduler_job.py:643} INFO - DAG(s) dict_keys(['example_xcom']) retrieved from /home/airflow/.local/lib/python3.8/site-packages/airflow/example_dags/example_xcom.py
[2021-02-22 17:54:52,758] {logging_mixin.py:104} INFO - [2021-02-22 17:54:52,758] {dag.py:1818} INFO - Sync 1 DAGs
[2021-02-22 17:54:52,775] {logging_mixin.py:104} INFO - [2021-02-22 17:54:52,775] {dag.py:2273} INFO - Setting next_dagrun for example_xcom to 2021-02-20 00:00:00+00:00
[2021-02-22 17:54:52,797] {scheduler_job.py:190} INFO - Processing /home/airflow/.local/lib/python3.8/site-packages/airflow/example_dags/example_xcom.py took 0.088 seconds
[2021-02-22 17:55:27,945] {scheduler_job.py:182} INFO - Started process (PID=96) to work on /home/airflow/.local/lib/python3.8/site-packages/airflow/example_dags/example_xcom.py
[2021-02-22 17:55:27,947] {scheduler_job.py:633} INFO - Processing file /home/airflow/.local/lib/python3.8/site-packages/airflow/example_dags/example_xcom.py for tasks to queue
[2021-02-22 17:55:27,949] {logging_mixin.py:104} INFO - [2021-02-22 17:55:27,949] {dagbag.py:448} INFO - Filling up the DagBag from /home/airflow/.local/lib/python3.8/site-packages/airflow/example_dags/example_xcom.py
[2021-02-22 17:55:27,987] {scheduler_job.py:643} INFO - DAG(s) dict_keys(['example_xcom']) retrieved from /home/airflow/.local/lib/python3.8/site-packages/airflow/example_dags/example_xcom.py
[2021-02-22 17:55:28,020] {logging_mixin.py:104} INFO - [2021-02-22 17:55:28,020] {dag.py:1818} INFO - Sync 1 DAGs
[2021-02-22 17:55:28,041] {logging_mixin.py:104} INFO - [2021-02-22 17:55:28,041] {dag.py:2273} INFO - Setting next_dagrun for example_xcom to 2021-02-20 00:00:00+00:00
[2021-02-22 17:55:28,077] {scheduler_job.py:190} INFO - Processing /home/airflow/.local/lib/python3.8/site-packages/airflow/example_dags/example_xcom.py took 0.136 seconds
[2021-02-22 17:55:59,732] {scheduler_job.py:182} INFO - Started process (PID=124) to work on /home/airflow/.local/lib/python3.8/site-packages/airflow/example_dags/example_xcom.py
[2021-02-22 17:55:59,735] {scheduler_job.py:633} INFO - Processing file /home/airflow/.local/lib/python3.8/site-packages/airflow/example_dags/example_xcom.py for tasks to queue
[2021-02-22 17:55:59,737] {logging_mixin.py:104} INFO - [2021-02-22 17:55:59,736] {dagbag.py:448} INFO - Filling up the DagBag from /home/airflow/.local/lib/python3.8/site-packages/airflow/example_dags/example_xcom.py
[2021-02-22 17:55:59,771] {scheduler_job.py:643} INFO - DAG(s) dict_keys(['example_xcom']) retrieved from /home/airflow/.local/lib/python3.8/site-packages/airflow/example_dags/example_xcom.py
[2021-02-22 17:55:59,795] {logging_mixin.py:104} INFO - [2021-02-22 17:55:59,795] {dag.py:1818} INFO - Sync 1 DAGs
[2021-02-22 17:55:59,809] {logging_mixin.py:104} INFO - [2021-02-22 17:55:59,809] {dag.py:2273} INFO - Setting next_dagrun for example_xcom to 2021-02-20 00:00:00+00:00
[2021-02-22 17:55:59,826] {scheduler_job.py:190} INFO - Processing /home/airflow/.local/lib/python3.8/site-packages/airflow/example_dags/example_xcom.py took 0.098 seconds
[2021-02-22 18:03:24,849] {scheduler_job.py:182} INFO - Started process (PID=46) to work on /home/airflow/.local/lib/python3.8/site-packages/airflow/example_dags/example_xcom.py
[2021-02-22 18:03:24,890] {scheduler_job.py:633} INFO - Processing file /home/airflow/.local/lib/python3.8/site-packages/airflow/example_dags/example_xcom.py for tasks to queue
[2021-02-22 18:03:24,900] {logging_mixin.py:104} INFO - [2021-02-22 18:03:24,900] {dagbag.py:448} INFO - Filling up the DagBag from /home/airflow/.local/lib/python3.8/site-packages/airflow/example_dags/example_xcom.py
[2021-02-22 18:03:24,968] {scheduler_job.py:643} INFO - DAG(s) dict_keys(['example_xcom']) retrieved from /home/airflow/.local/lib/python3.8/site-packages/airflow/example_dags/example_xcom.py
[2021-02-22 18:03:25,021] {logging_mixin.py:104} INFO - [2021-02-22 18:03:25,021] {dag.py:1818} INFO - Sync 1 DAGs
[2021-02-22 18:03:25,042] {logging_mixin.py:104} INFO - [2021-02-22 18:03:25,042] {dag.py:2273} INFO - Setting next_dagrun for example_xcom to 2021-02-20 00:00:00+00:00
[2021-02-22 18:03:25,345] {scheduler_job.py:190} INFO - Processing /home/airflow/.local/lib/python3.8/site-packages/airflow/example_dags/example_xcom.py took 0.528 seconds
[2021-02-22 18:03:56,857] {scheduler_job.py:182} INFO - Started process (PID=74) to work on /home/airflow/.local/lib/python3.8/site-packages/airflow/example_dags/example_xcom.py
[2021-02-22 18:03:56,859] {scheduler_job.py:633} INFO - Processing file /home/airflow/.local/lib/python3.8/site-packages/airflow/example_dags/example_xcom.py for tasks to queue
[2021-02-22 18:03:56,860] {logging_mixin.py:104} INFO - [2021-02-22 18:03:56,860] {dagbag.py:448} INFO - Filling up the DagBag from /home/airflow/.local/lib/python3.8/site-packages/airflow/example_dags/example_xcom.py
[2021-02-22 18:03:56,959] {scheduler_job.py:643} INFO - DAG(s) dict_keys(['example_xcom']) retrieved from /home/airflow/.local/lib/python3.8/site-packages/airflow/example_dags/example_xcom.py
[2021-02-22 18:03:56,987] {logging_mixin.py:104} INFO - [2021-02-22 18:03:56,987] {dag.py:1818} INFO - Sync 1 DAGs
[2021-02-22 18:03:57,006] {logging_mixin.py:104} INFO - [2021-02-22 18:03:57,006] {dag.py:2273} INFO - Setting next_dagrun for example_xcom to 2021-02-20 00:00:00+00:00
[2021-02-22 18:03:57,150] {scheduler_job.py:190} INFO - Processing /home/airflow/.local/lib/python3.8/site-packages/airflow/example_dags/example_xcom.py took 0.297 seconds
[2021-02-22 18:04:33,125] {scheduler_job.py:182} INFO - Started process (PID=102) to work on /home/airflow/.local/lib/python3.8/site-packages/airflow/example_dags/example_xcom.py
[2021-02-22 18:04:33,127] {scheduler_job.py:633} INFO - Processing file /home/airflow/.local/lib/python3.8/site-packages/airflow/example_dags/example_xcom.py for tasks to queue
[2021-02-22 18:04:33,129] {logging_mixin.py:104} INFO - [2021-02-22 18:04:33,129] {dagbag.py:448} INFO - Filling up the DagBag from /home/airflow/.local/lib/python3.8/site-packages/airflow/example_dags/example_xcom.py
[2021-02-22 18:04:33,165] {scheduler_job.py:643} INFO - DAG(s) dict_keys(['example_xcom']) retrieved from /home/airflow/.local/lib/python3.8/site-packages/airflow/example_dags/example_xcom.py
[2021-02-22 18:04:33,196] {logging_mixin.py:104} INFO - [2021-02-22 18:04:33,195] {dag.py:1818} INFO - Sync 1 DAGs
[2021-02-22 18:04:33,220] {logging_mixin.py:104} INFO - [2021-02-22 18:04:33,220] {dag.py:2273} INFO - Setting next_dagrun for example_xcom to 2021-02-20 00:00:00+00:00
[2021-02-22 18:04:33,265] {scheduler_job.py:190} INFO - Processing /home/airflow/.local/lib/python3.8/site-packages/airflow/example_dags/example_xcom.py took 0.145 seconds
[2021-02-22 18:05:03,684] {scheduler_job.py:182} INFO - Started process (PID=130) to work on /home/airflow/.local/lib/python3.8/site-packages/airflow/example_dags/example_xcom.py
[2021-02-22 18:05:03,686] {scheduler_job.py:633} INFO - Processing file /home/airflow/.local/lib/python3.8/site-packages/airflow/example_dags/example_xcom.py for tasks to queue
[2021-02-22 18:05:03,688] {logging_mixin.py:104} INFO - [2021-02-22 18:05:03,688] {dagbag.py:448} INFO - Filling up the DagBag from /home/airflow/.local/lib/python3.8/site-packages/airflow/example_dags/example_xcom.py
[2021-02-22 18:05:03,704] {scheduler_job.py:643} INFO - DAG(s) dict_keys(['example_xcom']) retrieved from /home/airflow/.local/lib/python3.8/site-packages/airflow/example_dags/example_xcom.py
[2021-02-22 18:05:03,755] {logging_mixin.py:104} INFO - [2021-02-22 18:05:03,755] {dag.py:1818} INFO - Sync 1 DAGs
[2021-02-22 18:05:03,781] {logging_mixin.py:104} INFO - [2021-02-22 18:05:03,780] {dag.py:2273} INFO - Setting next_dagrun for example_xcom to 2021-02-20 00:00:00+00:00
[2021-02-22 18:05:03,804] {scheduler_job.py:190} INFO - Processing /home/airflow/.local/lib/python3.8/site-packages/airflow/example_dags/example_xcom.py took 0.124 seconds
[2021-02-22 18:05:44,667] {scheduler_job.py:182} INFO - Started process (PID=21) to work on /home/airflow/.local/lib/python3.8/site-packages/airflow/example_dags/example_xcom.py
[2021-02-22 18:05:44,669] {scheduler_job.py:633} INFO - Processing file /home/airflow/.local/lib/python3.8/site-packages/airflow/example_dags/example_xcom.py for tasks to queue
[2021-02-22 18:05:44,673] {logging_mixin.py:104} INFO - [2021-02-22 18:05:44,673] {dagbag.py:448} INFO - Filling up the DagBag from /home/airflow/.local/lib/python3.8/site-packages/airflow/example_dags/example_xcom.py
[2021-02-22 18:05:44,691] {scheduler_job.py:643} INFO - DAG(s) dict_keys(['example_xcom']) retrieved from /home/airflow/.local/lib/python3.8/site-packages/airflow/example_dags/example_xcom.py
[2021-02-22 18:05:44,728] {logging_mixin.py:104} INFO - [2021-02-22 18:05:44,728] {dag.py:1818} INFO - Sync 1 DAGs
[2021-02-22 18:05:44,817] {logging_mixin.py:104} INFO - [2021-02-22 18:05:44,817] {dag.py:2273} INFO - Setting next_dagrun for example_xcom to 2021-02-20 00:00:00+00:00
[2021-02-22 18:05:44,925] {scheduler_job.py:190} INFO - Processing /home/airflow/.local/lib/python3.8/site-packages/airflow/example_dags/example_xcom.py took 0.265 seconds
[2021-02-22 18:06:17,925] {scheduler_job.py:182} INFO - Started process (PID=49) to work on /home/airflow/.local/lib/python3.8/site-packages/airflow/example_dags/example_xcom.py
[2021-02-22 18:06:17,987] {scheduler_job.py:633} INFO - Processing file /home/airflow/.local/lib/python3.8/site-packages/airflow/example_dags/example_xcom.py for tasks to queue
[2021-02-22 18:06:18,206] {logging_mixin.py:104} INFO - [2021-02-22 18:06:18,149] {dagbag.py:448} INFO - Filling up the DagBag from /home/airflow/.local/lib/python3.8/site-packages/airflow/example_dags/example_xcom.py
[2021-02-22 18:06:19,952] {scheduler_job.py:643} INFO - DAG(s) dict_keys(['example_xcom']) retrieved from /home/airflow/.local/lib/python3.8/site-packages/airflow/example_dags/example_xcom.py
[2021-02-22 18:06:20,908] {logging_mixin.py:104} INFO - [2021-02-22 18:06:20,908] {dag.py:1818} INFO - Sync 1 DAGs
[2021-02-22 18:06:21,411] {logging_mixin.py:104} INFO - [2021-02-22 18:06:21,411] {dag.py:2273} INFO - Setting next_dagrun for example_xcom to 2021-02-20 00:00:00+00:00
[2021-02-22 18:06:21,613] {scheduler_job.py:190} INFO - Processing /home/airflow/.local/lib/python3.8/site-packages/airflow/example_dags/example_xcom.py took 4.340 seconds
[2021-02-22 18:06:53,030] {scheduler_job.py:182} INFO - Started process (PID=77) to work on /home/airflow/.local/lib/python3.8/site-packages/airflow/example_dags/example_xcom.py
[2021-02-22 18:06:53,197] {scheduler_job.py:633} INFO - Processing file /home/airflow/.local/lib/python3.8/site-packages/airflow/example_dags/example_xcom.py for tasks to queue
[2021-02-22 18:06:53,349] {logging_mixin.py:104} INFO - [2021-02-22 18:06:53,310] {dagbag.py:448} INFO - Filling up the DagBag from /home/airflow/.local/lib/python3.8/site-packages/airflow/example_dags/example_xcom.py
[2021-02-22 18:06:55,247] {scheduler_job.py:643} INFO - DAG(s) dict_keys(['example_xcom']) retrieved from /home/airflow/.local/lib/python3.8/site-packages/airflow/example_dags/example_xcom.py
[2021-02-22 18:06:59,546] {logging_mixin.py:104} INFO - [2021-02-22 18:06:59,545] {dag.py:1818} INFO - Sync 1 DAGs
[2021-02-22 18:06:59,690] {logging_mixin.py:104} INFO - [2021-02-22 18:06:59,690] {dag.py:2273} INFO - Setting next_dagrun for example_xcom to 2021-02-20 00:00:00+00:00
[2021-02-22 18:06:59,814] {scheduler_job.py:190} INFO - Processing /home/airflow/.local/lib/python3.8/site-packages/airflow/example_dags/example_xcom.py took 7.011 seconds
[2021-02-22 18:08:17,821] {scheduler_job.py:182} INFO - Started process (PID=30) to work on /home/airflow/.local/lib/python3.8/site-packages/airflow/example_dags/example_xcom.py
[2021-02-22 18:08:17,826] {scheduler_job.py:633} INFO - Processing file /home/airflow/.local/lib/python3.8/site-packages/airflow/example_dags/example_xcom.py for tasks to queue
[2021-02-22 18:08:17,830] {logging_mixin.py:104} INFO - [2021-02-22 18:08:17,830] {dagbag.py:448} INFO - Filling up the DagBag from /home/airflow/.local/lib/python3.8/site-packages/airflow/example_dags/example_xcom.py
[2021-02-22 18:08:17,850] {scheduler_job.py:643} INFO - DAG(s) dict_keys(['example_xcom']) retrieved from /home/airflow/.local/lib/python3.8/site-packages/airflow/example_dags/example_xcom.py
[2021-02-22 18:08:17,893] {logging_mixin.py:104} INFO - [2021-02-22 18:08:17,893] {dag.py:1818} INFO - Sync 1 DAGs
[2021-02-22 18:08:17,922] {logging_mixin.py:104} INFO - [2021-02-22 18:08:17,922] {dag.py:2273} INFO - Setting next_dagrun for example_xcom to 2021-02-20 00:00:00+00:00
[2021-02-22 18:08:17,936] {scheduler_job.py:190} INFO - Processing /home/airflow/.local/lib/python3.8/site-packages/airflow/example_dags/example_xcom.py took 0.123 seconds
[2021-02-22 18:08:52,965] {scheduler_job.py:182} INFO - Started process (PID=58) to work on /home/airflow/.local/lib/python3.8/site-packages/airflow/example_dags/example_xcom.py
[2021-02-22 18:08:52,968] {scheduler_job.py:633} INFO - Processing file /home/airflow/.local/lib/python3.8/site-packages/airflow/example_dags/example_xcom.py for tasks to queue
[2021-02-22 18:08:52,970] {logging_mixin.py:104} INFO - [2021-02-22 18:08:52,970] {dagbag.py:448} INFO - Filling up the DagBag from /home/airflow/.local/lib/python3.8/site-packages/airflow/example_dags/example_xcom.py
[2021-02-22 18:08:53,047] {scheduler_job.py:643} INFO - DAG(s) dict_keys(['example_xcom']) retrieved from /home/airflow/.local/lib/python3.8/site-packages/airflow/example_dags/example_xcom.py
[2021-02-22 18:08:53,167] {logging_mixin.py:104} INFO - [2021-02-22 18:08:53,167] {dag.py:1818} INFO - Sync 1 DAGs
[2021-02-22 18:08:53,202] {logging_mixin.py:104} INFO - [2021-02-22 18:08:53,202] {dag.py:2273} INFO - Setting next_dagrun for example_xcom to 2021-02-20 00:00:00+00:00
[2021-02-22 18:08:53,235] {scheduler_job.py:190} INFO - Processing /home/airflow/.local/lib/python3.8/site-packages/airflow/example_dags/example_xcom.py took 0.277 seconds
[2021-02-22 18:09:23,928] {scheduler_job.py:182} INFO - Started process (PID=86) to work on /home/airflow/.local/lib/python3.8/site-packages/airflow/example_dags/example_xcom.py
[2021-02-22 18:09:23,930] {scheduler_job.py:633} INFO - Processing file /home/airflow/.local/lib/python3.8/site-packages/airflow/example_dags/example_xcom.py for tasks to queue
[2021-02-22 18:09:23,933] {logging_mixin.py:104} INFO - [2021-02-22 18:09:23,932] {dagbag.py:448} INFO - Filling up the DagBag from /home/airflow/.local/lib/python3.8/site-packages/airflow/example_dags/example_xcom.py
[2021-02-22 18:09:23,952] {scheduler_job.py:643} INFO - DAG(s) dict_keys(['example_xcom']) retrieved from /home/airflow/.local/lib/python3.8/site-packages/airflow/example_dags/example_xcom.py
[2021-02-22 18:09:23,984] {logging_mixin.py:104} INFO - [2021-02-22 18:09:23,984] {dag.py:1818} INFO - Sync 1 DAGs
[2021-02-22 18:09:24,005] {logging_mixin.py:104} INFO - [2021-02-22 18:09:24,005] {dag.py:2273} INFO - Setting next_dagrun for example_xcom to 2021-02-20 00:00:00+00:00
[2021-02-22 18:09:24,019] {scheduler_job.py:190} INFO - Processing /home/airflow/.local/lib/python3.8/site-packages/airflow/example_dags/example_xcom.py took 0.096 seconds
[2021-02-22 18:10:04,242] {scheduler_job.py:182} INFO - Started process (PID=114) to work on /home/airflow/.local/lib/python3.8/site-packages/airflow/example_dags/example_xcom.py
[2021-02-22 18:10:04,245] {scheduler_job.py:633} INFO - Processing file /home/airflow/.local/lib/python3.8/site-packages/airflow/example_dags/example_xcom.py for tasks to queue
[2021-02-22 18:10:04,246] {logging_mixin.py:104} INFO - [2021-02-22 18:10:04,246] {dagbag.py:448} INFO - Filling up the DagBag from /home/airflow/.local/lib/python3.8/site-packages/airflow/example_dags/example_xcom.py
[2021-02-22 18:10:04,322] {scheduler_job.py:643} INFO - DAG(s) dict_keys(['example_xcom']) retrieved from /home/airflow/.local/lib/python3.8/site-packages/airflow/example_dags/example_xcom.py
[2021-02-22 18:10:04,352] {logging_mixin.py:104} INFO - [2021-02-22 18:10:04,352] {dag.py:1818} INFO - Sync 1 DAGs
[2021-02-22 18:10:04,384] {logging_mixin.py:104} INFO - [2021-02-22 18:10:04,384] {dag.py:2273} INFO - Setting next_dagrun for example_xcom to 2021-02-20 00:00:00+00:00
[2021-02-22 18:10:04,415] {scheduler_job.py:190} INFO - Processing /home/airflow/.local/lib/python3.8/site-packages/airflow/example_dags/example_xcom.py took 0.178 seconds
[2021-02-22 18:12:27,194] {scheduler_job.py:182} INFO - Started process (PID=31) to work on /home/airflow/.local/lib/python3.8/site-packages/airflow/example_dags/example_xcom.py
[2021-02-22 18:12:27,198] {scheduler_job.py:633} INFO - Processing file /home/airflow/.local/lib/python3.8/site-packages/airflow/example_dags/example_xcom.py for tasks to queue
[2021-02-22 18:12:27,199] {logging_mixin.py:104} INFO - [2021-02-22 18:12:27,199] {dagbag.py:448} INFO - Filling up the DagBag from /home/airflow/.local/lib/python3.8/site-packages/airflow/example_dags/example_xcom.py
[2021-02-22 18:12:27,213] {scheduler_job.py:643} INFO - DAG(s) dict_keys(['example_xcom']) retrieved from /home/airflow/.local/lib/python3.8/site-packages/airflow/example_dags/example_xcom.py
[2021-02-22 18:12:27,261] {logging_mixin.py:104} INFO - [2021-02-22 18:12:27,260] {dag.py:1818} INFO - Sync 1 DAGs
[2021-02-22 18:12:27,279] {logging_mixin.py:104} INFO - [2021-02-22 18:12:27,279] {dag.py:2273} INFO - Setting next_dagrun for example_xcom to 2021-02-20 00:00:00+00:00
[2021-02-22 18:12:27,304] {scheduler_job.py:190} INFO - Processing /home/airflow/.local/lib/python3.8/site-packages/airflow/example_dags/example_xcom.py took 0.115 seconds
[2021-02-22 18:12:57,378] {scheduler_job.py:182} INFO - Started process (PID=58) to work on /home/airflow/.local/lib/python3.8/site-packages/airflow/example_dags/example_xcom.py
[2021-02-22 18:12:57,383] {scheduler_job.py:633} INFO - Processing file /home/airflow/.local/lib/python3.8/site-packages/airflow/example_dags/example_xcom.py for tasks to queue
[2021-02-22 18:12:57,385] {logging_mixin.py:104} INFO - [2021-02-22 18:12:57,384] {dagbag.py:448} INFO - Filling up the DagBag from /home/airflow/.local/lib/python3.8/site-packages/airflow/example_dags/example_xcom.py
[2021-02-22 18:12:57,398] {scheduler_job.py:643} INFO - DAG(s) dict_keys(['example_xcom']) retrieved from /home/airflow/.local/lib/python3.8/site-packages/airflow/example_dags/example_xcom.py
[2021-02-22 18:12:57,439] {logging_mixin.py:104} INFO - [2021-02-22 18:12:57,439] {dag.py:1818} INFO - Sync 1 DAGs
[2021-02-22 18:12:57,459] {logging_mixin.py:104} INFO - [2021-02-22 18:12:57,459] {dag.py:2273} INFO - Setting next_dagrun for example_xcom to 2021-02-20 00:00:00+00:00
[2021-02-22 18:12:57,472] {scheduler_job.py:190} INFO - Processing /home/airflow/.local/lib/python3.8/site-packages/airflow/example_dags/example_xcom.py took 0.101 seconds
[2021-02-22 18:13:35,154] {scheduler_job.py:182} INFO - Started process (PID=87) to work on /home/airflow/.local/lib/python3.8/site-packages/airflow/example_dags/example_xcom.py
[2021-02-22 18:13:35,155] {scheduler_job.py:633} INFO - Processing file /home/airflow/.local/lib/python3.8/site-packages/airflow/example_dags/example_xcom.py for tasks to queue
[2021-02-22 18:13:35,164] {logging_mixin.py:104} INFO - [2021-02-22 18:13:35,164] {dagbag.py:448} INFO - Filling up the DagBag from /home/airflow/.local/lib/python3.8/site-packages/airflow/example_dags/example_xcom.py
[2021-02-22 18:13:35,182] {scheduler_job.py:643} INFO - DAG(s) dict_keys(['example_xcom']) retrieved from /home/airflow/.local/lib/python3.8/site-packages/airflow/example_dags/example_xcom.py
[2021-02-22 18:13:35,210] {logging_mixin.py:104} INFO - [2021-02-22 18:13:35,210] {dag.py:1818} INFO - Sync 1 DAGs
[2021-02-22 18:13:35,226] {logging_mixin.py:104} INFO - [2021-02-22 18:13:35,226] {dag.py:2273} INFO - Setting next_dagrun for example_xcom to 2021-02-20 00:00:00+00:00
[2021-02-22 18:13:35,265] {scheduler_job.py:190} INFO - Processing /home/airflow/.local/lib/python3.8/site-packages/airflow/example_dags/example_xcom.py took 0.114 seconds
[2021-02-22 18:14:08,262] {scheduler_job.py:182} INFO - Started process (PID=115) to work on /home/airflow/.local/lib/python3.8/site-packages/airflow/example_dags/example_xcom.py
[2021-02-22 18:14:08,264] {scheduler_job.py:633} INFO - Processing file /home/airflow/.local/lib/python3.8/site-packages/airflow/example_dags/example_xcom.py for tasks to queue
[2021-02-22 18:14:08,266] {logging_mixin.py:104} INFO - [2021-02-22 18:14:08,265] {dagbag.py:448} INFO - Filling up the DagBag from /home/airflow/.local/lib/python3.8/site-packages/airflow/example_dags/example_xcom.py
[2021-02-22 18:14:08,282] {scheduler_job.py:643} INFO - DAG(s) dict_keys(['example_xcom']) retrieved from /home/airflow/.local/lib/python3.8/site-packages/airflow/example_dags/example_xcom.py
[2021-02-22 18:14:08,310] {logging_mixin.py:104} INFO - [2021-02-22 18:14:08,310] {dag.py:1818} INFO - Sync 1 DAGs
[2021-02-22 18:14:08,326] {logging_mixin.py:104} INFO - [2021-02-22 18:14:08,326] {dag.py:2273} INFO - Setting next_dagrun for example_xcom to 2021-02-20 00:00:00+00:00
[2021-02-22 18:14:08,364] {scheduler_job.py:190} INFO - Processing /home/airflow/.local/lib/python3.8/site-packages/airflow/example_dags/example_xcom.py took 0.105 seconds
[2021-02-22 18:17:44,247] {scheduler_job.py:182} INFO - Started process (PID=26) to work on /home/airflow/.local/lib/python3.8/site-packages/airflow/example_dags/example_xcom.py
[2021-02-22 18:17:44,250] {scheduler_job.py:633} INFO - Processing file /home/airflow/.local/lib/python3.8/site-packages/airflow/example_dags/example_xcom.py for tasks to queue
[2021-02-22 18:17:44,252] {logging_mixin.py:104} INFO - [2021-02-22 18:17:44,252] {dagbag.py:448} INFO - Filling up the DagBag from /home/airflow/.local/lib/python3.8/site-packages/airflow/example_dags/example_xcom.py
[2021-02-22 18:17:44,277] {scheduler_job.py:643} INFO - DAG(s) dict_keys(['example_xcom']) retrieved from /home/airflow/.local/lib/python3.8/site-packages/airflow/example_dags/example_xcom.py
[2021-02-22 18:17:44,319] {logging_mixin.py:104} INFO - [2021-02-22 18:17:44,319] {dag.py:1818} INFO - Sync 1 DAGs
[2021-02-22 18:17:44,348] {logging_mixin.py:104} INFO - [2021-02-22 18:17:44,348] {dag.py:2273} INFO - Setting next_dagrun for example_xcom to 2021-02-20 00:00:00+00:00
[2021-02-22 18:17:44,372] {scheduler_job.py:190} INFO - Processing /home/airflow/.local/lib/python3.8/site-packages/airflow/example_dags/example_xcom.py took 0.128 seconds
