[2021-02-22 17:52:53,212] {scheduler_job.py:182} INFO - Started process (PID=28) to work on /home/airflow/.local/lib/python3.8/site-packages/airflow/example_dags/example_branch_operator.py
[2021-02-22 17:52:53,215] {scheduler_job.py:633} INFO - Processing file /home/airflow/.local/lib/python3.8/site-packages/airflow/example_dags/example_branch_operator.py for tasks to queue
[2021-02-22 17:52:53,218] {logging_mixin.py:104} INFO - [2021-02-22 17:52:53,218] {dagbag.py:448} INFO - Filling up the DagBag from /home/airflow/.local/lib/python3.8/site-packages/airflow/example_dags/example_branch_operator.py
[2021-02-22 17:52:53,258] {scheduler_job.py:643} INFO - DAG(s) dict_keys(['example_branch_operator']) retrieved from /home/airflow/.local/lib/python3.8/site-packages/airflow/example_dags/example_branch_operator.py
[2021-02-22 17:52:53,358] {logging_mixin.py:104} INFO - [2021-02-22 17:52:53,358] {dag.py:1818} INFO - Sync 1 DAGs
[2021-02-22 17:52:53,393] {logging_mixin.py:104} INFO - [2021-02-22 17:52:53,393] {dag.py:1837} INFO - Creating ORM DAG for example_branch_operator
[2021-02-22 17:52:53,462] {logging_mixin.py:104} INFO - [2021-02-22 17:52:53,462] {dag.py:2273} INFO - Setting next_dagrun for example_branch_operator to 2021-02-20 00:00:00+00:00
[2021-02-22 17:52:53,533] {scheduler_job.py:190} INFO - Processing /home/airflow/.local/lib/python3.8/site-packages/airflow/example_dags/example_branch_operator.py took 0.331 seconds
[2021-02-22 17:53:31,295] {scheduler_job.py:182} INFO - Started process (PID=56) to work on /home/airflow/.local/lib/python3.8/site-packages/airflow/example_dags/example_branch_operator.py
[2021-02-22 17:53:31,296] {scheduler_job.py:633} INFO - Processing file /home/airflow/.local/lib/python3.8/site-packages/airflow/example_dags/example_branch_operator.py for tasks to queue
[2021-02-22 17:53:31,298] {logging_mixin.py:104} INFO - [2021-02-22 17:53:31,298] {dagbag.py:448} INFO - Filling up the DagBag from /home/airflow/.local/lib/python3.8/site-packages/airflow/example_dags/example_branch_operator.py
[2021-02-22 17:53:31,512] {scheduler_job.py:643} INFO - DAG(s) dict_keys(['example_branch_operator']) retrieved from /home/airflow/.local/lib/python3.8/site-packages/airflow/example_dags/example_branch_operator.py
[2021-02-22 17:53:31,534] {logging_mixin.py:104} INFO - [2021-02-22 17:53:31,533] {dag.py:1818} INFO - Sync 1 DAGs
[2021-02-22 17:53:31,608] {logging_mixin.py:104} INFO - [2021-02-22 17:53:31,608] {dag.py:2273} INFO - Setting next_dagrun for example_branch_operator to 2021-02-20 00:00:00+00:00
[2021-02-22 17:53:31,699] {scheduler_job.py:190} INFO - Processing /home/airflow/.local/lib/python3.8/site-packages/airflow/example_dags/example_branch_operator.py took 0.408 seconds
[2021-02-22 17:54:20,789] {scheduler_job.py:182} INFO - Started process (PID=32) to work on /home/airflow/.local/lib/python3.8/site-packages/airflow/example_dags/example_branch_operator.py
[2021-02-22 17:54:20,794] {scheduler_job.py:633} INFO - Processing file /home/airflow/.local/lib/python3.8/site-packages/airflow/example_dags/example_branch_operator.py for tasks to queue
[2021-02-22 17:54:20,798] {logging_mixin.py:104} INFO - [2021-02-22 17:54:20,798] {dagbag.py:448} INFO - Filling up the DagBag from /home/airflow/.local/lib/python3.8/site-packages/airflow/example_dags/example_branch_operator.py
[2021-02-22 17:54:20,839] {scheduler_job.py:643} INFO - DAG(s) dict_keys(['example_branch_operator']) retrieved from /home/airflow/.local/lib/python3.8/site-packages/airflow/example_dags/example_branch_operator.py
[2021-02-22 17:54:20,928] {logging_mixin.py:104} INFO - [2021-02-22 17:54:20,927] {dag.py:1818} INFO - Sync 1 DAGs
[2021-02-22 17:54:20,968] {logging_mixin.py:104} INFO - [2021-02-22 17:54:20,968] {dag.py:2273} INFO - Setting next_dagrun for example_branch_operator to 2021-02-20 00:00:00+00:00
[2021-02-22 17:54:20,992] {scheduler_job.py:190} INFO - Processing /home/airflow/.local/lib/python3.8/site-packages/airflow/example_dags/example_branch_operator.py took 0.206 seconds
[2021-02-22 17:54:51,504] {scheduler_job.py:182} INFO - Started process (PID=60) to work on /home/airflow/.local/lib/python3.8/site-packages/airflow/example_dags/example_branch_operator.py
[2021-02-22 17:54:51,506] {scheduler_job.py:633} INFO - Processing file /home/airflow/.local/lib/python3.8/site-packages/airflow/example_dags/example_branch_operator.py for tasks to queue
[2021-02-22 17:54:51,508] {logging_mixin.py:104} INFO - [2021-02-22 17:54:51,508] {dagbag.py:448} INFO - Filling up the DagBag from /home/airflow/.local/lib/python3.8/site-packages/airflow/example_dags/example_branch_operator.py
[2021-02-22 17:54:51,535] {scheduler_job.py:643} INFO - DAG(s) dict_keys(['example_branch_operator']) retrieved from /home/airflow/.local/lib/python3.8/site-packages/airflow/example_dags/example_branch_operator.py
[2021-02-22 17:54:51,563] {logging_mixin.py:104} INFO - [2021-02-22 17:54:51,563] {dag.py:1818} INFO - Sync 1 DAGs
[2021-02-22 17:54:51,597] {logging_mixin.py:104} INFO - [2021-02-22 17:54:51,596] {dag.py:2273} INFO - Setting next_dagrun for example_branch_operator to 2021-02-20 00:00:00+00:00
[2021-02-22 17:54:51,680] {scheduler_job.py:190} INFO - Processing /home/airflow/.local/lib/python3.8/site-packages/airflow/example_dags/example_branch_operator.py took 0.181 seconds
[2021-02-22 17:55:26,829] {scheduler_job.py:182} INFO - Started process (PID=88) to work on /home/airflow/.local/lib/python3.8/site-packages/airflow/example_dags/example_branch_operator.py
[2021-02-22 17:55:26,831] {scheduler_job.py:633} INFO - Processing file /home/airflow/.local/lib/python3.8/site-packages/airflow/example_dags/example_branch_operator.py for tasks to queue
[2021-02-22 17:55:26,832] {logging_mixin.py:104} INFO - [2021-02-22 17:55:26,832] {dagbag.py:448} INFO - Filling up the DagBag from /home/airflow/.local/lib/python3.8/site-packages/airflow/example_dags/example_branch_operator.py
[2021-02-22 17:55:26,962] {scheduler_job.py:643} INFO - DAG(s) dict_keys(['example_branch_operator']) retrieved from /home/airflow/.local/lib/python3.8/site-packages/airflow/example_dags/example_branch_operator.py
[2021-02-22 17:55:27,080] {logging_mixin.py:104} INFO - [2021-02-22 17:55:27,080] {dag.py:1818} INFO - Sync 1 DAGs
[2021-02-22 17:55:27,147] {logging_mixin.py:104} INFO - [2021-02-22 17:55:27,146] {dag.py:2273} INFO - Setting next_dagrun for example_branch_operator to 2021-02-20 00:00:00+00:00
[2021-02-22 17:55:27,164] {scheduler_job.py:190} INFO - Processing /home/airflow/.local/lib/python3.8/site-packages/airflow/example_dags/example_branch_operator.py took 0.338 seconds
[2021-02-22 17:55:59,161] {scheduler_job.py:182} INFO - Started process (PID=116) to work on /home/airflow/.local/lib/python3.8/site-packages/airflow/example_dags/example_branch_operator.py
[2021-02-22 17:55:59,164] {scheduler_job.py:633} INFO - Processing file /home/airflow/.local/lib/python3.8/site-packages/airflow/example_dags/example_branch_operator.py for tasks to queue
[2021-02-22 17:55:59,166] {logging_mixin.py:104} INFO - [2021-02-22 17:55:59,166] {dagbag.py:448} INFO - Filling up the DagBag from /home/airflow/.local/lib/python3.8/site-packages/airflow/example_dags/example_branch_operator.py
[2021-02-22 17:55:59,193] {scheduler_job.py:643} INFO - DAG(s) dict_keys(['example_branch_operator']) retrieved from /home/airflow/.local/lib/python3.8/site-packages/airflow/example_dags/example_branch_operator.py
[2021-02-22 17:55:59,249] {logging_mixin.py:104} INFO - [2021-02-22 17:55:59,249] {dag.py:1818} INFO - Sync 1 DAGs
[2021-02-22 17:55:59,296] {logging_mixin.py:104} INFO - [2021-02-22 17:55:59,296] {dag.py:2273} INFO - Setting next_dagrun for example_branch_operator to 2021-02-20 00:00:00+00:00
[2021-02-22 17:55:59,318] {scheduler_job.py:190} INFO - Processing /home/airflow/.local/lib/python3.8/site-packages/airflow/example_dags/example_branch_operator.py took 0.163 seconds
[2021-02-22 18:03:22,315] {scheduler_job.py:182} INFO - Started process (PID=28) to work on /home/airflow/.local/lib/python3.8/site-packages/airflow/example_dags/example_branch_operator.py
[2021-02-22 18:03:22,317] {scheduler_job.py:633} INFO - Processing file /home/airflow/.local/lib/python3.8/site-packages/airflow/example_dags/example_branch_operator.py for tasks to queue
[2021-02-22 18:03:22,322] {logging_mixin.py:104} INFO - [2021-02-22 18:03:22,322] {dagbag.py:448} INFO - Filling up the DagBag from /home/airflow/.local/lib/python3.8/site-packages/airflow/example_dags/example_branch_operator.py
[2021-02-22 18:03:22,336] {scheduler_job.py:643} INFO - DAG(s) dict_keys(['example_branch_operator']) retrieved from /home/airflow/.local/lib/python3.8/site-packages/airflow/example_dags/example_branch_operator.py
[2021-02-22 18:03:22,357] {logging_mixin.py:104} INFO - [2021-02-22 18:03:22,357] {dag.py:1818} INFO - Sync 1 DAGs
[2021-02-22 18:03:22,377] {logging_mixin.py:104} INFO - [2021-02-22 18:03:22,377] {dag.py:2273} INFO - Setting next_dagrun for example_branch_operator to 2021-02-20 00:00:00+00:00
[2021-02-22 18:03:22,419] {scheduler_job.py:190} INFO - Processing /home/airflow/.local/lib/python3.8/site-packages/airflow/example_dags/example_branch_operator.py took 0.108 seconds
[2021-02-22 18:03:52,850] {scheduler_job.py:182} INFO - Started process (PID=52) to work on /home/airflow/.local/lib/python3.8/site-packages/airflow/example_dags/example_branch_operator.py
[2021-02-22 18:03:52,851] {scheduler_job.py:633} INFO - Processing file /home/airflow/.local/lib/python3.8/site-packages/airflow/example_dags/example_branch_operator.py for tasks to queue
[2021-02-22 18:03:52,853] {logging_mixin.py:104} INFO - [2021-02-22 18:03:52,853] {dagbag.py:448} INFO - Filling up the DagBag from /home/airflow/.local/lib/python3.8/site-packages/airflow/example_dags/example_branch_operator.py
[2021-02-22 18:03:53,060] {scheduler_job.py:643} INFO - DAG(s) dict_keys(['example_branch_operator']) retrieved from /home/airflow/.local/lib/python3.8/site-packages/airflow/example_dags/example_branch_operator.py
[2021-02-22 18:03:53,107] {logging_mixin.py:104} INFO - [2021-02-22 18:03:53,107] {dag.py:1818} INFO - Sync 1 DAGs
[2021-02-22 18:03:53,234] {logging_mixin.py:104} INFO - [2021-02-22 18:03:53,234] {dag.py:2273} INFO - Setting next_dagrun for example_branch_operator to 2021-02-20 00:00:00+00:00
[2021-02-22 18:03:53,313] {scheduler_job.py:190} INFO - Processing /home/airflow/.local/lib/python3.8/site-packages/airflow/example_dags/example_branch_operator.py took 0.467 seconds
[2021-02-22 18:04:31,070] {scheduler_job.py:182} INFO - Started process (PID=83) to work on /home/airflow/.local/lib/python3.8/site-packages/airflow/example_dags/example_branch_operator.py
[2021-02-22 18:04:31,083] {scheduler_job.py:633} INFO - Processing file /home/airflow/.local/lib/python3.8/site-packages/airflow/example_dags/example_branch_operator.py for tasks to queue
[2021-02-22 18:04:31,085] {logging_mixin.py:104} INFO - [2021-02-22 18:04:31,085] {dagbag.py:448} INFO - Filling up the DagBag from /home/airflow/.local/lib/python3.8/site-packages/airflow/example_dags/example_branch_operator.py
[2021-02-22 18:04:31,166] {scheduler_job.py:643} INFO - DAG(s) dict_keys(['example_branch_operator']) retrieved from /home/airflow/.local/lib/python3.8/site-packages/airflow/example_dags/example_branch_operator.py
[2021-02-22 18:04:31,196] {logging_mixin.py:104} INFO - [2021-02-22 18:04:31,196] {dag.py:1818} INFO - Sync 1 DAGs
[2021-02-22 18:04:31,233] {logging_mixin.py:104} INFO - [2021-02-22 18:04:31,233] {dag.py:2273} INFO - Setting next_dagrun for example_branch_operator to 2021-02-20 00:00:00+00:00
[2021-02-22 18:04:31,253] {scheduler_job.py:190} INFO - Processing /home/airflow/.local/lib/python3.8/site-packages/airflow/example_dags/example_branch_operator.py took 0.187 seconds
[2021-02-22 18:05:01,734] {scheduler_job.py:182} INFO - Started process (PID=109) to work on /home/airflow/.local/lib/python3.8/site-packages/airflow/example_dags/example_branch_operator.py
[2021-02-22 18:05:01,737] {scheduler_job.py:633} INFO - Processing file /home/airflow/.local/lib/python3.8/site-packages/airflow/example_dags/example_branch_operator.py for tasks to queue
[2021-02-22 18:05:01,739] {logging_mixin.py:104} INFO - [2021-02-22 18:05:01,738] {dagbag.py:448} INFO - Filling up the DagBag from /home/airflow/.local/lib/python3.8/site-packages/airflow/example_dags/example_branch_operator.py
[2021-02-22 18:05:01,761] {scheduler_job.py:643} INFO - DAG(s) dict_keys(['example_branch_operator']) retrieved from /home/airflow/.local/lib/python3.8/site-packages/airflow/example_dags/example_branch_operator.py
[2021-02-22 18:05:01,796] {logging_mixin.py:104} INFO - [2021-02-22 18:05:01,796] {dag.py:1818} INFO - Sync 1 DAGs
[2021-02-22 18:05:01,821] {logging_mixin.py:104} INFO - [2021-02-22 18:05:01,821] {dag.py:2273} INFO - Setting next_dagrun for example_branch_operator to 2021-02-20 00:00:00+00:00
[2021-02-22 18:05:01,834] {scheduler_job.py:190} INFO - Processing /home/airflow/.local/lib/python3.8/site-packages/airflow/example_dags/example_branch_operator.py took 0.105 seconds
[2021-02-22 18:05:45,218] {scheduler_job.py:182} INFO - Started process (PID=26) to work on /home/airflow/.local/lib/python3.8/site-packages/airflow/example_dags/example_branch_operator.py
[2021-02-22 18:05:45,223] {scheduler_job.py:633} INFO - Processing file /home/airflow/.local/lib/python3.8/site-packages/airflow/example_dags/example_branch_operator.py for tasks to queue
[2021-02-22 18:05:45,227] {logging_mixin.py:104} INFO - [2021-02-22 18:05:45,226] {dagbag.py:448} INFO - Filling up the DagBag from /home/airflow/.local/lib/python3.8/site-packages/airflow/example_dags/example_branch_operator.py
[2021-02-22 18:05:45,251] {scheduler_job.py:643} INFO - DAG(s) dict_keys(['example_branch_operator']) retrieved from /home/airflow/.local/lib/python3.8/site-packages/airflow/example_dags/example_branch_operator.py
[2021-02-22 18:05:45,297] {logging_mixin.py:104} INFO - [2021-02-22 18:05:45,297] {dag.py:1818} INFO - Sync 1 DAGs
[2021-02-22 18:05:45,362] {logging_mixin.py:104} INFO - [2021-02-22 18:05:45,362] {dag.py:2273} INFO - Setting next_dagrun for example_branch_operator to 2021-02-20 00:00:00+00:00
[2021-02-22 18:05:45,397] {scheduler_job.py:190} INFO - Processing /home/airflow/.local/lib/python3.8/site-packages/airflow/example_dags/example_branch_operator.py took 0.195 seconds
[2021-02-22 18:06:23,151] {scheduler_job.py:182} INFO - Started process (PID=54) to work on /home/airflow/.local/lib/python3.8/site-packages/airflow/example_dags/example_branch_operator.py
[2021-02-22 18:06:23,170] {scheduler_job.py:633} INFO - Processing file /home/airflow/.local/lib/python3.8/site-packages/airflow/example_dags/example_branch_operator.py for tasks to queue
[2021-02-22 18:06:23,175] {logging_mixin.py:104} INFO - [2021-02-22 18:06:23,175] {dagbag.py:448} INFO - Filling up the DagBag from /home/airflow/.local/lib/python3.8/site-packages/airflow/example_dags/example_branch_operator.py
[2021-02-22 18:06:23,213] {scheduler_job.py:643} INFO - DAG(s) dict_keys(['example_branch_operator']) retrieved from /home/airflow/.local/lib/python3.8/site-packages/airflow/example_dags/example_branch_operator.py
[2021-02-22 18:06:23,306] {logging_mixin.py:104} INFO - [2021-02-22 18:06:23,306] {dag.py:1818} INFO - Sync 1 DAGs
[2021-02-22 18:06:23,344] {logging_mixin.py:104} INFO - [2021-02-22 18:06:23,344] {dag.py:2273} INFO - Setting next_dagrun for example_branch_operator to 2021-02-20 00:00:00+00:00
[2021-02-22 18:06:23,364] {scheduler_job.py:190} INFO - Processing /home/airflow/.local/lib/python3.8/site-packages/airflow/example_dags/example_branch_operator.py took 0.218 seconds
[2021-02-22 18:07:01,035] {scheduler_job.py:182} INFO - Started process (PID=82) to work on /home/airflow/.local/lib/python3.8/site-packages/airflow/example_dags/example_branch_operator.py
[2021-02-22 18:07:01,036] {scheduler_job.py:633} INFO - Processing file /home/airflow/.local/lib/python3.8/site-packages/airflow/example_dags/example_branch_operator.py for tasks to queue
[2021-02-22 18:07:01,039] {logging_mixin.py:104} INFO - [2021-02-22 18:07:01,039] {dagbag.py:448} INFO - Filling up the DagBag from /home/airflow/.local/lib/python3.8/site-packages/airflow/example_dags/example_branch_operator.py
[2021-02-22 18:07:01,073] {scheduler_job.py:643} INFO - DAG(s) dict_keys(['example_branch_operator']) retrieved from /home/airflow/.local/lib/python3.8/site-packages/airflow/example_dags/example_branch_operator.py
[2021-02-22 18:07:01,098] {logging_mixin.py:104} INFO - [2021-02-22 18:07:01,098] {dag.py:1818} INFO - Sync 1 DAGs
[2021-02-22 18:07:01,127] {logging_mixin.py:104} INFO - [2021-02-22 18:07:01,127] {dag.py:2273} INFO - Setting next_dagrun for example_branch_operator to 2021-02-20 00:00:00+00:00
[2021-02-22 18:07:01,153] {scheduler_job.py:190} INFO - Processing /home/airflow/.local/lib/python3.8/site-packages/airflow/example_dags/example_branch_operator.py took 0.122 seconds
[2021-02-22 18:08:19,518] {scheduler_job.py:182} INFO - Started process (PID=41) to work on /home/airflow/.local/lib/python3.8/site-packages/airflow/example_dags/example_branch_operator.py
[2021-02-22 18:08:19,533] {scheduler_job.py:633} INFO - Processing file /home/airflow/.local/lib/python3.8/site-packages/airflow/example_dags/example_branch_operator.py for tasks to queue
[2021-02-22 18:08:19,534] {logging_mixin.py:104} INFO - [2021-02-22 18:08:19,534] {dagbag.py:448} INFO - Filling up the DagBag from /home/airflow/.local/lib/python3.8/site-packages/airflow/example_dags/example_branch_operator.py
[2021-02-22 18:08:19,597] {scheduler_job.py:643} INFO - DAG(s) dict_keys(['example_branch_operator']) retrieved from /home/airflow/.local/lib/python3.8/site-packages/airflow/example_dags/example_branch_operator.py
[2021-02-22 18:08:19,662] {logging_mixin.py:104} INFO - [2021-02-22 18:08:19,662] {dag.py:1818} INFO - Sync 1 DAGs
[2021-02-22 18:08:19,744] {logging_mixin.py:104} INFO - [2021-02-22 18:08:19,743] {dag.py:2273} INFO - Setting next_dagrun for example_branch_operator to 2021-02-20 00:00:00+00:00
[2021-02-22 18:08:19,798] {scheduler_job.py:190} INFO - Processing /home/airflow/.local/lib/python3.8/site-packages/airflow/example_dags/example_branch_operator.py took 0.318 seconds
[2021-02-22 18:08:55,370] {scheduler_job.py:182} INFO - Started process (PID=69) to work on /home/airflow/.local/lib/python3.8/site-packages/airflow/example_dags/example_branch_operator.py
[2021-02-22 18:08:55,388] {scheduler_job.py:633} INFO - Processing file /home/airflow/.local/lib/python3.8/site-packages/airflow/example_dags/example_branch_operator.py for tasks to queue
[2021-02-22 18:08:55,395] {logging_mixin.py:104} INFO - [2021-02-22 18:08:55,395] {dagbag.py:448} INFO - Filling up the DagBag from /home/airflow/.local/lib/python3.8/site-packages/airflow/example_dags/example_branch_operator.py
[2021-02-22 18:08:55,466] {scheduler_job.py:643} INFO - DAG(s) dict_keys(['example_branch_operator']) retrieved from /home/airflow/.local/lib/python3.8/site-packages/airflow/example_dags/example_branch_operator.py
[2021-02-22 18:08:55,499] {logging_mixin.py:104} INFO - [2021-02-22 18:08:55,499] {dag.py:1818} INFO - Sync 1 DAGs
[2021-02-22 18:08:55,564] {logging_mixin.py:104} INFO - [2021-02-22 18:08:55,564] {dag.py:2273} INFO - Setting next_dagrun for example_branch_operator to 2021-02-20 00:00:00+00:00
[2021-02-22 18:08:55,611] {scheduler_job.py:190} INFO - Processing /home/airflow/.local/lib/python3.8/site-packages/airflow/example_dags/example_branch_operator.py took 0.249 seconds
[2021-02-22 18:09:25,750] {scheduler_job.py:182} INFO - Started process (PID=96) to work on /home/airflow/.local/lib/python3.8/site-packages/airflow/example_dags/example_branch_operator.py
[2021-02-22 18:09:25,753] {scheduler_job.py:633} INFO - Processing file /home/airflow/.local/lib/python3.8/site-packages/airflow/example_dags/example_branch_operator.py for tasks to queue
[2021-02-22 18:09:25,754] {logging_mixin.py:104} INFO - [2021-02-22 18:09:25,754] {dagbag.py:448} INFO - Filling up the DagBag from /home/airflow/.local/lib/python3.8/site-packages/airflow/example_dags/example_branch_operator.py
[2021-02-22 18:09:25,794] {scheduler_job.py:643} INFO - DAG(s) dict_keys(['example_branch_operator']) retrieved from /home/airflow/.local/lib/python3.8/site-packages/airflow/example_dags/example_branch_operator.py
[2021-02-22 18:09:25,835] {logging_mixin.py:104} INFO - [2021-02-22 18:09:25,834] {dag.py:1818} INFO - Sync 1 DAGs
[2021-02-22 18:09:25,855] {logging_mixin.py:104} INFO - [2021-02-22 18:09:25,855] {dag.py:2273} INFO - Setting next_dagrun for example_branch_operator to 2021-02-20 00:00:00+00:00
[2021-02-22 18:09:25,884] {scheduler_job.py:190} INFO - Processing /home/airflow/.local/lib/python3.8/site-packages/airflow/example_dags/example_branch_operator.py took 0.141 seconds
[2021-02-22 18:12:28,439] {scheduler_job.py:182} INFO - Started process (PID=42) to work on /home/airflow/.local/lib/python3.8/site-packages/airflow/example_dags/example_branch_operator.py
[2021-02-22 18:12:28,442] {scheduler_job.py:633} INFO - Processing file /home/airflow/.local/lib/python3.8/site-packages/airflow/example_dags/example_branch_operator.py for tasks to queue
[2021-02-22 18:12:28,444] {logging_mixin.py:104} INFO - [2021-02-22 18:12:28,444] {dagbag.py:448} INFO - Filling up the DagBag from /home/airflow/.local/lib/python3.8/site-packages/airflow/example_dags/example_branch_operator.py
[2021-02-22 18:12:28,468] {scheduler_job.py:643} INFO - DAG(s) dict_keys(['example_branch_operator']) retrieved from /home/airflow/.local/lib/python3.8/site-packages/airflow/example_dags/example_branch_operator.py
[2021-02-22 18:12:28,514] {logging_mixin.py:104} INFO - [2021-02-22 18:12:28,514] {dag.py:1818} INFO - Sync 1 DAGs
[2021-02-22 18:12:28,542] {logging_mixin.py:104} INFO - [2021-02-22 18:12:28,542] {dag.py:2273} INFO - Setting next_dagrun for example_branch_operator to 2021-02-20 00:00:00+00:00
[2021-02-22 18:12:28,579] {scheduler_job.py:190} INFO - Processing /home/airflow/.local/lib/python3.8/site-packages/airflow/example_dags/example_branch_operator.py took 0.144 seconds
[2021-02-22 18:12:58,781] {scheduler_job.py:182} INFO - Started process (PID=71) to work on /home/airflow/.local/lib/python3.8/site-packages/airflow/example_dags/example_branch_operator.py
[2021-02-22 18:12:58,787] {scheduler_job.py:633} INFO - Processing file /home/airflow/.local/lib/python3.8/site-packages/airflow/example_dags/example_branch_operator.py for tasks to queue
[2021-02-22 18:12:58,790] {logging_mixin.py:104} INFO - [2021-02-22 18:12:58,789] {dagbag.py:448} INFO - Filling up the DagBag from /home/airflow/.local/lib/python3.8/site-packages/airflow/example_dags/example_branch_operator.py
[2021-02-22 18:12:58,818] {scheduler_job.py:643} INFO - DAG(s) dict_keys(['example_branch_operator']) retrieved from /home/airflow/.local/lib/python3.8/site-packages/airflow/example_dags/example_branch_operator.py
[2021-02-22 18:12:58,855] {logging_mixin.py:104} INFO - [2021-02-22 18:12:58,855] {dag.py:1818} INFO - Sync 1 DAGs
[2021-02-22 18:12:58,887] {logging_mixin.py:104} INFO - [2021-02-22 18:12:58,886] {dag.py:2273} INFO - Setting next_dagrun for example_branch_operator to 2021-02-20 00:00:00+00:00
[2021-02-22 18:12:58,923] {scheduler_job.py:190} INFO - Processing /home/airflow/.local/lib/python3.8/site-packages/airflow/example_dags/example_branch_operator.py took 0.148 seconds
[2021-02-22 18:13:36,141] {scheduler_job.py:182} INFO - Started process (PID=98) to work on /home/airflow/.local/lib/python3.8/site-packages/airflow/example_dags/example_branch_operator.py
[2021-02-22 18:13:36,145] {scheduler_job.py:633} INFO - Processing file /home/airflow/.local/lib/python3.8/site-packages/airflow/example_dags/example_branch_operator.py for tasks to queue
[2021-02-22 18:13:36,151] {logging_mixin.py:104} INFO - [2021-02-22 18:13:36,151] {dagbag.py:448} INFO - Filling up the DagBag from /home/airflow/.local/lib/python3.8/site-packages/airflow/example_dags/example_branch_operator.py
[2021-02-22 18:13:36,182] {scheduler_job.py:643} INFO - DAG(s) dict_keys(['example_branch_operator']) retrieved from /home/airflow/.local/lib/python3.8/site-packages/airflow/example_dags/example_branch_operator.py
[2021-02-22 18:13:36,226] {logging_mixin.py:104} INFO - [2021-02-22 18:13:36,226] {dag.py:1818} INFO - Sync 1 DAGs
[2021-02-22 18:13:36,265] {logging_mixin.py:104} INFO - [2021-02-22 18:13:36,265] {dag.py:2273} INFO - Setting next_dagrun for example_branch_operator to 2021-02-20 00:00:00+00:00
[2021-02-22 18:13:36,287] {scheduler_job.py:190} INFO - Processing /home/airflow/.local/lib/python3.8/site-packages/airflow/example_dags/example_branch_operator.py took 0.152 seconds
[2021-02-22 18:14:09,256] {scheduler_job.py:182} INFO - Started process (PID=126) to work on /home/airflow/.local/lib/python3.8/site-packages/airflow/example_dags/example_branch_operator.py
[2021-02-22 18:14:09,257] {scheduler_job.py:633} INFO - Processing file /home/airflow/.local/lib/python3.8/site-packages/airflow/example_dags/example_branch_operator.py for tasks to queue
[2021-02-22 18:14:09,259] {logging_mixin.py:104} INFO - [2021-02-22 18:14:09,259] {dagbag.py:448} INFO - Filling up the DagBag from /home/airflow/.local/lib/python3.8/site-packages/airflow/example_dags/example_branch_operator.py
[2021-02-22 18:14:09,306] {scheduler_job.py:643} INFO - DAG(s) dict_keys(['example_branch_operator']) retrieved from /home/airflow/.local/lib/python3.8/site-packages/airflow/example_dags/example_branch_operator.py
[2021-02-22 18:14:09,337] {logging_mixin.py:104} INFO - [2021-02-22 18:14:09,337] {dag.py:1818} INFO - Sync 1 DAGs
[2021-02-22 18:14:09,363] {logging_mixin.py:104} INFO - [2021-02-22 18:14:09,363] {dag.py:2273} INFO - Setting next_dagrun for example_branch_operator to 2021-02-20 00:00:00+00:00
[2021-02-22 18:14:09,454] {scheduler_job.py:190} INFO - Processing /home/airflow/.local/lib/python3.8/site-packages/airflow/example_dags/example_branch_operator.py took 0.203 seconds
[2021-02-22 18:17:45,579] {scheduler_job.py:182} INFO - Started process (PID=35) to work on /home/airflow/.local/lib/python3.8/site-packages/airflow/example_dags/example_branch_operator.py
[2021-02-22 18:17:45,582] {scheduler_job.py:633} INFO - Processing file /home/airflow/.local/lib/python3.8/site-packages/airflow/example_dags/example_branch_operator.py for tasks to queue
[2021-02-22 18:17:45,589] {logging_mixin.py:104} INFO - [2021-02-22 18:17:45,589] {dagbag.py:448} INFO - Filling up the DagBag from /home/airflow/.local/lib/python3.8/site-packages/airflow/example_dags/example_branch_operator.py
[2021-02-22 18:17:45,632] {scheduler_job.py:643} INFO - DAG(s) dict_keys(['example_branch_operator']) retrieved from /home/airflow/.local/lib/python3.8/site-packages/airflow/example_dags/example_branch_operator.py
[2021-02-22 18:17:45,688] {logging_mixin.py:104} INFO - [2021-02-22 18:17:45,688] {dag.py:1818} INFO - Sync 1 DAGs
[2021-02-22 18:17:45,732] {logging_mixin.py:104} INFO - [2021-02-22 18:17:45,732] {dag.py:2273} INFO - Setting next_dagrun for example_branch_operator to 2021-02-20 00:00:00+00:00
[2021-02-22 18:17:45,766] {scheduler_job.py:190} INFO - Processing /home/airflow/.local/lib/python3.8/site-packages/airflow/example_dags/example_branch_operator.py took 0.192 seconds
