[2021-02-22 17:52:53,958] {scheduler_job.py:182} INFO - Started process (PID=34) to work on /home/airflow/.local/lib/python3.8/site-packages/airflow/example_dags/example_python_operator.py
[2021-02-22 17:52:53,969] {scheduler_job.py:633} INFO - Processing file /home/airflow/.local/lib/python3.8/site-packages/airflow/example_dags/example_python_operator.py for tasks to queue
[2021-02-22 17:52:53,974] {logging_mixin.py:104} INFO - [2021-02-22 17:52:53,973] {dagbag.py:448} INFO - Filling up the DagBag from /home/airflow/.local/lib/python3.8/site-packages/airflow/example_dags/example_python_operator.py
[2021-02-22 17:52:53,999] {scheduler_job.py:643} INFO - DAG(s) dict_keys(['example_python_operator']) retrieved from /home/airflow/.local/lib/python3.8/site-packages/airflow/example_dags/example_python_operator.py
[2021-02-22 17:52:54,059] {logging_mixin.py:104} INFO - [2021-02-22 17:52:54,059] {dag.py:1818} INFO - Sync 1 DAGs
[2021-02-22 17:52:54,073] {logging_mixin.py:104} INFO - [2021-02-22 17:52:54,073] {dag.py:1837} INFO - Creating ORM DAG for example_python_operator
[2021-02-22 17:52:54,082] {logging_mixin.py:104} INFO - [2021-02-22 17:52:54,081] {dag.py:2273} INFO - Setting next_dagrun for example_python_operator to None
[2021-02-22 17:52:54,108] {scheduler_job.py:190} INFO - Processing /home/airflow/.local/lib/python3.8/site-packages/airflow/example_dags/example_python_operator.py took 0.180 seconds
[2021-02-22 17:53:33,081] {scheduler_job.py:182} INFO - Started process (PID=62) to work on /home/airflow/.local/lib/python3.8/site-packages/airflow/example_dags/example_python_operator.py
[2021-02-22 17:53:33,083] {scheduler_job.py:633} INFO - Processing file /home/airflow/.local/lib/python3.8/site-packages/airflow/example_dags/example_python_operator.py for tasks to queue
[2021-02-22 17:53:33,084] {logging_mixin.py:104} INFO - [2021-02-22 17:53:33,084] {dagbag.py:448} INFO - Filling up the DagBag from /home/airflow/.local/lib/python3.8/site-packages/airflow/example_dags/example_python_operator.py
[2021-02-22 17:53:33,234] {scheduler_job.py:643} INFO - DAG(s) dict_keys(['example_python_operator']) retrieved from /home/airflow/.local/lib/python3.8/site-packages/airflow/example_dags/example_python_operator.py
[2021-02-22 17:53:33,254] {logging_mixin.py:104} INFO - [2021-02-22 17:53:33,254] {dag.py:1818} INFO - Sync 1 DAGs
[2021-02-22 17:53:33,265] {logging_mixin.py:104} INFO - [2021-02-22 17:53:33,265] {dag.py:2273} INFO - Setting next_dagrun for example_python_operator to None
[2021-02-22 17:53:33,416] {scheduler_job.py:190} INFO - Processing /home/airflow/.local/lib/python3.8/site-packages/airflow/example_dags/example_python_operator.py took 0.338 seconds
[2021-02-22 17:54:19,802] {scheduler_job.py:182} INFO - Started process (PID=25) to work on /home/airflow/.local/lib/python3.8/site-packages/airflow/example_dags/example_python_operator.py
[2021-02-22 17:54:19,804] {scheduler_job.py:633} INFO - Processing file /home/airflow/.local/lib/python3.8/site-packages/airflow/example_dags/example_python_operator.py for tasks to queue
[2021-02-22 17:54:19,806] {logging_mixin.py:104} INFO - [2021-02-22 17:54:19,806] {dagbag.py:448} INFO - Filling up the DagBag from /home/airflow/.local/lib/python3.8/site-packages/airflow/example_dags/example_python_operator.py
[2021-02-22 17:54:19,831] {scheduler_job.py:643} INFO - DAG(s) dict_keys(['example_python_operator']) retrieved from /home/airflow/.local/lib/python3.8/site-packages/airflow/example_dags/example_python_operator.py
[2021-02-22 17:54:19,929] {logging_mixin.py:104} INFO - [2021-02-22 17:54:19,928] {dag.py:1818} INFO - Sync 1 DAGs
[2021-02-22 17:54:19,965] {logging_mixin.py:104} INFO - [2021-02-22 17:54:19,965] {dag.py:2273} INFO - Setting next_dagrun for example_python_operator to None
[2021-02-22 17:54:19,998] {scheduler_job.py:190} INFO - Processing /home/airflow/.local/lib/python3.8/site-packages/airflow/example_dags/example_python_operator.py took 0.208 seconds
[2021-02-22 17:54:51,041] {scheduler_job.py:182} INFO - Started process (PID=53) to work on /home/airflow/.local/lib/python3.8/site-packages/airflow/example_dags/example_python_operator.py
[2021-02-22 17:54:51,044] {scheduler_job.py:633} INFO - Processing file /home/airflow/.local/lib/python3.8/site-packages/airflow/example_dags/example_python_operator.py for tasks to queue
[2021-02-22 17:54:51,046] {logging_mixin.py:104} INFO - [2021-02-22 17:54:51,046] {dagbag.py:448} INFO - Filling up the DagBag from /home/airflow/.local/lib/python3.8/site-packages/airflow/example_dags/example_python_operator.py
[2021-02-22 17:54:51,070] {scheduler_job.py:643} INFO - DAG(s) dict_keys(['example_python_operator']) retrieved from /home/airflow/.local/lib/python3.8/site-packages/airflow/example_dags/example_python_operator.py
[2021-02-22 17:54:51,105] {logging_mixin.py:104} INFO - [2021-02-22 17:54:51,105] {dag.py:1818} INFO - Sync 1 DAGs
[2021-02-22 17:54:51,122] {logging_mixin.py:104} INFO - [2021-02-22 17:54:51,122] {dag.py:2273} INFO - Setting next_dagrun for example_python_operator to None
[2021-02-22 17:54:51,132] {scheduler_job.py:190} INFO - Processing /home/airflow/.local/lib/python3.8/site-packages/airflow/example_dags/example_python_operator.py took 0.095 seconds
[2021-02-22 17:55:24,722] {scheduler_job.py:182} INFO - Started process (PID=79) to work on /home/airflow/.local/lib/python3.8/site-packages/airflow/example_dags/example_python_operator.py
[2021-02-22 17:55:24,724] {scheduler_job.py:633} INFO - Processing file /home/airflow/.local/lib/python3.8/site-packages/airflow/example_dags/example_python_operator.py for tasks to queue
[2021-02-22 17:55:24,725] {logging_mixin.py:104} INFO - [2021-02-22 17:55:24,725] {dagbag.py:448} INFO - Filling up the DagBag from /home/airflow/.local/lib/python3.8/site-packages/airflow/example_dags/example_python_operator.py
[2021-02-22 17:55:24,887] {scheduler_job.py:643} INFO - DAG(s) dict_keys(['example_python_operator']) retrieved from /home/airflow/.local/lib/python3.8/site-packages/airflow/example_dags/example_python_operator.py
[2021-02-22 17:55:25,034] {logging_mixin.py:104} INFO - [2021-02-22 17:55:25,034] {dag.py:1818} INFO - Sync 1 DAGs
[2021-02-22 17:55:25,049] {logging_mixin.py:104} INFO - [2021-02-22 17:55:25,049] {dag.py:2273} INFO - Setting next_dagrun for example_python_operator to None
[2021-02-22 17:55:25,202] {scheduler_job.py:190} INFO - Processing /home/airflow/.local/lib/python3.8/site-packages/airflow/example_dags/example_python_operator.py took 0.485 seconds
[2021-02-22 17:55:58,340] {scheduler_job.py:182} INFO - Started process (PID=108) to work on /home/airflow/.local/lib/python3.8/site-packages/airflow/example_dags/example_python_operator.py
[2021-02-22 17:55:58,350] {scheduler_job.py:633} INFO - Processing file /home/airflow/.local/lib/python3.8/site-packages/airflow/example_dags/example_python_operator.py for tasks to queue
[2021-02-22 17:55:58,354] {logging_mixin.py:104} INFO - [2021-02-22 17:55:58,353] {dagbag.py:448} INFO - Filling up the DagBag from /home/airflow/.local/lib/python3.8/site-packages/airflow/example_dags/example_python_operator.py
[2021-02-22 17:55:58,383] {scheduler_job.py:643} INFO - DAG(s) dict_keys(['example_python_operator']) retrieved from /home/airflow/.local/lib/python3.8/site-packages/airflow/example_dags/example_python_operator.py
[2021-02-22 17:55:58,515] {logging_mixin.py:104} INFO - [2021-02-22 17:55:58,515] {dag.py:1818} INFO - Sync 1 DAGs
[2021-02-22 17:55:58,557] {logging_mixin.py:104} INFO - [2021-02-22 17:55:58,557] {dag.py:2273} INFO - Setting next_dagrun for example_python_operator to None
[2021-02-22 17:55:58,576] {scheduler_job.py:190} INFO - Processing /home/airflow/.local/lib/python3.8/site-packages/airflow/example_dags/example_python_operator.py took 0.249 seconds
[2021-02-22 18:03:21,877] {scheduler_job.py:182} INFO - Started process (PID=26) to work on /home/airflow/.local/lib/python3.8/site-packages/airflow/example_dags/example_python_operator.py
[2021-02-22 18:03:21,880] {scheduler_job.py:633} INFO - Processing file /home/airflow/.local/lib/python3.8/site-packages/airflow/example_dags/example_python_operator.py for tasks to queue
[2021-02-22 18:03:21,882] {logging_mixin.py:104} INFO - [2021-02-22 18:03:21,882] {dagbag.py:448} INFO - Filling up the DagBag from /home/airflow/.local/lib/python3.8/site-packages/airflow/example_dags/example_python_operator.py
[2021-02-22 18:03:21,900] {scheduler_job.py:643} INFO - DAG(s) dict_keys(['example_python_operator']) retrieved from /home/airflow/.local/lib/python3.8/site-packages/airflow/example_dags/example_python_operator.py
[2021-02-22 18:03:21,954] {logging_mixin.py:104} INFO - [2021-02-22 18:03:21,954] {dag.py:1818} INFO - Sync 1 DAGs
[2021-02-22 18:03:21,973] {logging_mixin.py:104} INFO - [2021-02-22 18:03:21,973] {dag.py:2273} INFO - Setting next_dagrun for example_python_operator to None
[2021-02-22 18:03:22,284] {scheduler_job.py:190} INFO - Processing /home/airflow/.local/lib/python3.8/site-packages/airflow/example_dags/example_python_operator.py took 0.412 seconds
[2021-02-22 18:03:53,577] {scheduler_job.py:182} INFO - Started process (PID=58) to work on /home/airflow/.local/lib/python3.8/site-packages/airflow/example_dags/example_python_operator.py
[2021-02-22 18:03:53,579] {scheduler_job.py:633} INFO - Processing file /home/airflow/.local/lib/python3.8/site-packages/airflow/example_dags/example_python_operator.py for tasks to queue
[2021-02-22 18:03:53,582] {logging_mixin.py:104} INFO - [2021-02-22 18:03:53,581] {dagbag.py:448} INFO - Filling up the DagBag from /home/airflow/.local/lib/python3.8/site-packages/airflow/example_dags/example_python_operator.py
[2021-02-22 18:03:53,653] {scheduler_job.py:643} INFO - DAG(s) dict_keys(['example_python_operator']) retrieved from /home/airflow/.local/lib/python3.8/site-packages/airflow/example_dags/example_python_operator.py
[2021-02-22 18:03:53,701] {logging_mixin.py:104} INFO - [2021-02-22 18:03:53,701] {dag.py:1818} INFO - Sync 1 DAGs
[2021-02-22 18:03:53,724] {logging_mixin.py:104} INFO - [2021-02-22 18:03:53,724] {dag.py:2273} INFO - Setting next_dagrun for example_python_operator to None
[2021-02-22 18:03:53,768] {scheduler_job.py:190} INFO - Processing /home/airflow/.local/lib/python3.8/site-packages/airflow/example_dags/example_python_operator.py took 0.196 seconds
[2021-02-22 18:04:24,919] {scheduler_job.py:182} INFO - Started process (PID=80) to work on /home/airflow/.local/lib/python3.8/site-packages/airflow/example_dags/example_python_operator.py
[2021-02-22 18:04:24,930] {scheduler_job.py:633} INFO - Processing file /home/airflow/.local/lib/python3.8/site-packages/airflow/example_dags/example_python_operator.py for tasks to queue
[2021-02-22 18:04:24,936] {logging_mixin.py:104} INFO - [2021-02-22 18:04:24,936] {dagbag.py:448} INFO - Filling up the DagBag from /home/airflow/.local/lib/python3.8/site-packages/airflow/example_dags/example_python_operator.py
[2021-02-22 18:04:26,232] {scheduler_job.py:643} INFO - DAG(s) dict_keys(['example_python_operator']) retrieved from /home/airflow/.local/lib/python3.8/site-packages/airflow/example_dags/example_python_operator.py
[2021-02-22 18:04:28,647] {logging_mixin.py:104} INFO - [2021-02-22 18:04:28,448] {dag.py:1818} INFO - Sync 1 DAGs
[2021-02-22 18:04:30,176] {logging_mixin.py:104} INFO - [2021-02-22 18:04:30,176] {dag.py:2273} INFO - Setting next_dagrun for example_python_operator to None
[2021-02-22 18:04:30,328] {scheduler_job.py:190} INFO - Processing /home/airflow/.local/lib/python3.8/site-packages/airflow/example_dags/example_python_operator.py took 5.429 seconds
[2021-02-22 18:05:00,565] {scheduler_job.py:182} INFO - Started process (PID=108) to work on /home/airflow/.local/lib/python3.8/site-packages/airflow/example_dags/example_python_operator.py
[2021-02-22 18:05:00,570] {scheduler_job.py:633} INFO - Processing file /home/airflow/.local/lib/python3.8/site-packages/airflow/example_dags/example_python_operator.py for tasks to queue
[2021-02-22 18:05:00,573] {logging_mixin.py:104} INFO - [2021-02-22 18:05:00,572] {dagbag.py:448} INFO - Filling up the DagBag from /home/airflow/.local/lib/python3.8/site-packages/airflow/example_dags/example_python_operator.py
[2021-02-22 18:05:00,606] {scheduler_job.py:643} INFO - DAG(s) dict_keys(['example_python_operator']) retrieved from /home/airflow/.local/lib/python3.8/site-packages/airflow/example_dags/example_python_operator.py
[2021-02-22 18:05:00,647] {logging_mixin.py:104} INFO - [2021-02-22 18:05:00,647] {dag.py:1818} INFO - Sync 1 DAGs
[2021-02-22 18:05:00,669] {logging_mixin.py:104} INFO - [2021-02-22 18:05:00,669] {dag.py:2273} INFO - Setting next_dagrun for example_python_operator to None
[2021-02-22 18:05:00,691] {scheduler_job.py:190} INFO - Processing /home/airflow/.local/lib/python3.8/site-packages/airflow/example_dags/example_python_operator.py took 0.129 seconds
[2021-02-22 18:05:45,686] {scheduler_job.py:182} INFO - Started process (PID=30) to work on /home/airflow/.local/lib/python3.8/site-packages/airflow/example_dags/example_python_operator.py
[2021-02-22 18:05:45,692] {scheduler_job.py:633} INFO - Processing file /home/airflow/.local/lib/python3.8/site-packages/airflow/example_dags/example_python_operator.py for tasks to queue
[2021-02-22 18:05:45,694] {logging_mixin.py:104} INFO - [2021-02-22 18:05:45,694] {dagbag.py:448} INFO - Filling up the DagBag from /home/airflow/.local/lib/python3.8/site-packages/airflow/example_dags/example_python_operator.py
[2021-02-22 18:05:45,714] {scheduler_job.py:643} INFO - DAG(s) dict_keys(['example_python_operator']) retrieved from /home/airflow/.local/lib/python3.8/site-packages/airflow/example_dags/example_python_operator.py
[2021-02-22 18:05:45,795] {logging_mixin.py:104} INFO - [2021-02-22 18:05:45,793] {dag.py:1818} INFO - Sync 1 DAGs
[2021-02-22 18:05:45,817] {logging_mixin.py:104} INFO - [2021-02-22 18:05:45,817] {dag.py:2273} INFO - Setting next_dagrun for example_python_operator to None
[2021-02-22 18:05:45,841] {scheduler_job.py:190} INFO - Processing /home/airflow/.local/lib/python3.8/site-packages/airflow/example_dags/example_python_operator.py took 0.165 seconds
[2021-02-22 18:06:23,689] {scheduler_job.py:182} INFO - Started process (PID=57) to work on /home/airflow/.local/lib/python3.8/site-packages/airflow/example_dags/example_python_operator.py
[2021-02-22 18:06:23,733] {scheduler_job.py:633} INFO - Processing file /home/airflow/.local/lib/python3.8/site-packages/airflow/example_dags/example_python_operator.py for tasks to queue
[2021-02-22 18:06:23,735] {logging_mixin.py:104} INFO - [2021-02-22 18:06:23,735] {dagbag.py:448} INFO - Filling up the DagBag from /home/airflow/.local/lib/python3.8/site-packages/airflow/example_dags/example_python_operator.py
[2021-02-22 18:06:23,802] {scheduler_job.py:643} INFO - DAG(s) dict_keys(['example_python_operator']) retrieved from /home/airflow/.local/lib/python3.8/site-packages/airflow/example_dags/example_python_operator.py
[2021-02-22 18:06:23,845] {logging_mixin.py:104} INFO - [2021-02-22 18:06:23,845] {dag.py:1818} INFO - Sync 1 DAGs
[2021-02-22 18:06:23,862] {logging_mixin.py:104} INFO - [2021-02-22 18:06:23,862] {dag.py:2273} INFO - Setting next_dagrun for example_python_operator to None
[2021-02-22 18:06:23,877] {scheduler_job.py:190} INFO - Processing /home/airflow/.local/lib/python3.8/site-packages/airflow/example_dags/example_python_operator.py took 0.192 seconds
[2021-02-22 18:07:01,349] {scheduler_job.py:182} INFO - Started process (PID=85) to work on /home/airflow/.local/lib/python3.8/site-packages/airflow/example_dags/example_python_operator.py
[2021-02-22 18:07:01,351] {scheduler_job.py:633} INFO - Processing file /home/airflow/.local/lib/python3.8/site-packages/airflow/example_dags/example_python_operator.py for tasks to queue
[2021-02-22 18:07:01,352] {logging_mixin.py:104} INFO - [2021-02-22 18:07:01,352] {dagbag.py:448} INFO - Filling up the DagBag from /home/airflow/.local/lib/python3.8/site-packages/airflow/example_dags/example_python_operator.py
[2021-02-22 18:07:01,388] {scheduler_job.py:643} INFO - DAG(s) dict_keys(['example_python_operator']) retrieved from /home/airflow/.local/lib/python3.8/site-packages/airflow/example_dags/example_python_operator.py
[2021-02-22 18:07:01,423] {logging_mixin.py:104} INFO - [2021-02-22 18:07:01,423] {dag.py:1818} INFO - Sync 1 DAGs
[2021-02-22 18:07:01,439] {logging_mixin.py:104} INFO - [2021-02-22 18:07:01,438] {dag.py:2273} INFO - Setting next_dagrun for example_python_operator to None
[2021-02-22 18:07:01,456] {scheduler_job.py:190} INFO - Processing /home/airflow/.local/lib/python3.8/site-packages/airflow/example_dags/example_python_operator.py took 0.112 seconds
[2021-02-22 18:08:17,575] {scheduler_job.py:182} INFO - Started process (PID=26) to work on /home/airflow/.local/lib/python3.8/site-packages/airflow/example_dags/example_python_operator.py
[2021-02-22 18:08:17,577] {scheduler_job.py:633} INFO - Processing file /home/airflow/.local/lib/python3.8/site-packages/airflow/example_dags/example_python_operator.py for tasks to queue
[2021-02-22 18:08:17,578] {logging_mixin.py:104} INFO - [2021-02-22 18:08:17,578] {dagbag.py:448} INFO - Filling up the DagBag from /home/airflow/.local/lib/python3.8/site-packages/airflow/example_dags/example_python_operator.py
[2021-02-22 18:08:17,622] {scheduler_job.py:643} INFO - DAG(s) dict_keys(['example_python_operator']) retrieved from /home/airflow/.local/lib/python3.8/site-packages/airflow/example_dags/example_python_operator.py
[2021-02-22 18:08:17,659] {logging_mixin.py:104} INFO - [2021-02-22 18:08:17,659] {dag.py:1818} INFO - Sync 1 DAGs
[2021-02-22 18:08:17,676] {logging_mixin.py:104} INFO - [2021-02-22 18:08:17,676] {dag.py:2273} INFO - Setting next_dagrun for example_python_operator to None
[2021-02-22 18:08:17,697] {scheduler_job.py:190} INFO - Processing /home/airflow/.local/lib/python3.8/site-packages/airflow/example_dags/example_python_operator.py took 0.124 seconds
[2021-02-22 18:08:52,655] {scheduler_job.py:182} INFO - Started process (PID=54) to work on /home/airflow/.local/lib/python3.8/site-packages/airflow/example_dags/example_python_operator.py
[2021-02-22 18:08:52,684] {scheduler_job.py:633} INFO - Processing file /home/airflow/.local/lib/python3.8/site-packages/airflow/example_dags/example_python_operator.py for tasks to queue
[2021-02-22 18:08:52,686] {logging_mixin.py:104} INFO - [2021-02-22 18:08:52,685] {dagbag.py:448} INFO - Filling up the DagBag from /home/airflow/.local/lib/python3.8/site-packages/airflow/example_dags/example_python_operator.py
[2021-02-22 18:08:52,754] {scheduler_job.py:643} INFO - DAG(s) dict_keys(['example_python_operator']) retrieved from /home/airflow/.local/lib/python3.8/site-packages/airflow/example_dags/example_python_operator.py
[2021-02-22 18:08:52,789] {logging_mixin.py:104} INFO - [2021-02-22 18:08:52,789] {dag.py:1818} INFO - Sync 1 DAGs
[2021-02-22 18:08:52,806] {logging_mixin.py:104} INFO - [2021-02-22 18:08:52,805] {dag.py:2273} INFO - Setting next_dagrun for example_python_operator to None
[2021-02-22 18:08:52,825] {scheduler_job.py:190} INFO - Processing /home/airflow/.local/lib/python3.8/site-packages/airflow/example_dags/example_python_operator.py took 0.172 seconds
[2021-02-22 18:09:23,728] {scheduler_job.py:182} INFO - Started process (PID=84) to work on /home/airflow/.local/lib/python3.8/site-packages/airflow/example_dags/example_python_operator.py
[2021-02-22 18:09:23,731] {scheduler_job.py:633} INFO - Processing file /home/airflow/.local/lib/python3.8/site-packages/airflow/example_dags/example_python_operator.py for tasks to queue
[2021-02-22 18:09:23,733] {logging_mixin.py:104} INFO - [2021-02-22 18:09:23,732] {dagbag.py:448} INFO - Filling up the DagBag from /home/airflow/.local/lib/python3.8/site-packages/airflow/example_dags/example_python_operator.py
[2021-02-22 18:09:23,792] {scheduler_job.py:643} INFO - DAG(s) dict_keys(['example_python_operator']) retrieved from /home/airflow/.local/lib/python3.8/site-packages/airflow/example_dags/example_python_operator.py
[2021-02-22 18:09:23,838] {logging_mixin.py:104} INFO - [2021-02-22 18:09:23,838] {dag.py:1818} INFO - Sync 1 DAGs
[2021-02-22 18:09:23,868] {logging_mixin.py:104} INFO - [2021-02-22 18:09:23,868] {dag.py:2273} INFO - Setting next_dagrun for example_python_operator to None
[2021-02-22 18:09:23,891] {scheduler_job.py:190} INFO - Processing /home/airflow/.local/lib/python3.8/site-packages/airflow/example_dags/example_python_operator.py took 0.168 seconds
[2021-02-22 18:10:03,764] {scheduler_job.py:182} INFO - Started process (PID=110) to work on /home/airflow/.local/lib/python3.8/site-packages/airflow/example_dags/example_python_operator.py
[2021-02-22 18:10:03,768] {scheduler_job.py:633} INFO - Processing file /home/airflow/.local/lib/python3.8/site-packages/airflow/example_dags/example_python_operator.py for tasks to queue
[2021-02-22 18:10:03,769] {logging_mixin.py:104} INFO - [2021-02-22 18:10:03,769] {dagbag.py:448} INFO - Filling up the DagBag from /home/airflow/.local/lib/python3.8/site-packages/airflow/example_dags/example_python_operator.py
[2021-02-22 18:10:03,814] {scheduler_job.py:643} INFO - DAG(s) dict_keys(['example_python_operator']) retrieved from /home/airflow/.local/lib/python3.8/site-packages/airflow/example_dags/example_python_operator.py
[2021-02-22 18:10:03,851] {logging_mixin.py:104} INFO - [2021-02-22 18:10:03,851] {dag.py:1818} INFO - Sync 1 DAGs
[2021-02-22 18:10:03,875] {logging_mixin.py:104} INFO - [2021-02-22 18:10:03,875] {dag.py:2273} INFO - Setting next_dagrun for example_python_operator to None
[2021-02-22 18:10:03,918] {scheduler_job.py:190} INFO - Processing /home/airflow/.local/lib/python3.8/site-packages/airflow/example_dags/example_python_operator.py took 0.161 seconds
[2021-02-22 18:12:27,663] {scheduler_job.py:182} INFO - Started process (PID=35) to work on /home/airflow/.local/lib/python3.8/site-packages/airflow/example_dags/example_python_operator.py
[2021-02-22 18:12:27,680] {scheduler_job.py:633} INFO - Processing file /home/airflow/.local/lib/python3.8/site-packages/airflow/example_dags/example_python_operator.py for tasks to queue
[2021-02-22 18:12:27,682] {logging_mixin.py:104} INFO - [2021-02-22 18:12:27,682] {dagbag.py:448} INFO - Filling up the DagBag from /home/airflow/.local/lib/python3.8/site-packages/airflow/example_dags/example_python_operator.py
[2021-02-22 18:12:27,730] {scheduler_job.py:643} INFO - DAG(s) dict_keys(['example_python_operator']) retrieved from /home/airflow/.local/lib/python3.8/site-packages/airflow/example_dags/example_python_operator.py
[2021-02-22 18:12:27,781] {logging_mixin.py:104} INFO - [2021-02-22 18:12:27,781] {dag.py:1818} INFO - Sync 1 DAGs
[2021-02-22 18:12:27,828] {logging_mixin.py:104} INFO - [2021-02-22 18:12:27,828] {dag.py:2273} INFO - Setting next_dagrun for example_python_operator to None
[2021-02-22 18:12:27,859] {scheduler_job.py:190} INFO - Processing /home/airflow/.local/lib/python3.8/site-packages/airflow/example_dags/example_python_operator.py took 0.200 seconds
[2021-02-22 18:12:57,945] {scheduler_job.py:182} INFO - Started process (PID=62) to work on /home/airflow/.local/lib/python3.8/site-packages/airflow/example_dags/example_python_operator.py
[2021-02-22 18:12:57,951] {scheduler_job.py:633} INFO - Processing file /home/airflow/.local/lib/python3.8/site-packages/airflow/example_dags/example_python_operator.py for tasks to queue
[2021-02-22 18:12:57,952] {logging_mixin.py:104} INFO - [2021-02-22 18:12:57,952] {dagbag.py:448} INFO - Filling up the DagBag from /home/airflow/.local/lib/python3.8/site-packages/airflow/example_dags/example_python_operator.py
[2021-02-22 18:12:57,973] {scheduler_job.py:643} INFO - DAG(s) dict_keys(['example_python_operator']) retrieved from /home/airflow/.local/lib/python3.8/site-packages/airflow/example_dags/example_python_operator.py
[2021-02-22 18:12:58,025] {logging_mixin.py:104} INFO - [2021-02-22 18:12:58,024] {dag.py:1818} INFO - Sync 1 DAGs
[2021-02-22 18:12:58,063] {logging_mixin.py:104} INFO - [2021-02-22 18:12:58,063] {dag.py:2273} INFO - Setting next_dagrun for example_python_operator to None
[2021-02-22 18:12:58,104] {scheduler_job.py:190} INFO - Processing /home/airflow/.local/lib/python3.8/site-packages/airflow/example_dags/example_python_operator.py took 0.163 seconds
[2021-02-22 18:13:35,604] {scheduler_job.py:182} INFO - Started process (PID=91) to work on /home/airflow/.local/lib/python3.8/site-packages/airflow/example_dags/example_python_operator.py
[2021-02-22 18:13:35,629] {scheduler_job.py:633} INFO - Processing file /home/airflow/.local/lib/python3.8/site-packages/airflow/example_dags/example_python_operator.py for tasks to queue
[2021-02-22 18:13:35,631] {logging_mixin.py:104} INFO - [2021-02-22 18:13:35,631] {dagbag.py:448} INFO - Filling up the DagBag from /home/airflow/.local/lib/python3.8/site-packages/airflow/example_dags/example_python_operator.py
[2021-02-22 18:13:35,660] {scheduler_job.py:643} INFO - DAG(s) dict_keys(['example_python_operator']) retrieved from /home/airflow/.local/lib/python3.8/site-packages/airflow/example_dags/example_python_operator.py
[2021-02-22 18:13:35,715] {logging_mixin.py:104} INFO - [2021-02-22 18:13:35,715] {dag.py:1818} INFO - Sync 1 DAGs
[2021-02-22 18:13:35,729] {logging_mixin.py:104} INFO - [2021-02-22 18:13:35,729] {dag.py:2273} INFO - Setting next_dagrun for example_python_operator to None
[2021-02-22 18:13:35,759] {scheduler_job.py:190} INFO - Processing /home/airflow/.local/lib/python3.8/site-packages/airflow/example_dags/example_python_operator.py took 0.159 seconds
[2021-02-22 18:14:08,551] {scheduler_job.py:182} INFO - Started process (PID=119) to work on /home/airflow/.local/lib/python3.8/site-packages/airflow/example_dags/example_python_operator.py
[2021-02-22 18:14:08,553] {scheduler_job.py:633} INFO - Processing file /home/airflow/.local/lib/python3.8/site-packages/airflow/example_dags/example_python_operator.py for tasks to queue
[2021-02-22 18:14:08,557] {logging_mixin.py:104} INFO - [2021-02-22 18:14:08,557] {dagbag.py:448} INFO - Filling up the DagBag from /home/airflow/.local/lib/python3.8/site-packages/airflow/example_dags/example_python_operator.py
[2021-02-22 18:14:08,572] {scheduler_job.py:643} INFO - DAG(s) dict_keys(['example_python_operator']) retrieved from /home/airflow/.local/lib/python3.8/site-packages/airflow/example_dags/example_python_operator.py
[2021-02-22 18:14:08,603] {logging_mixin.py:104} INFO - [2021-02-22 18:14:08,603] {dag.py:1818} INFO - Sync 1 DAGs
[2021-02-22 18:14:08,619] {logging_mixin.py:104} INFO - [2021-02-22 18:14:08,619] {dag.py:2273} INFO - Setting next_dagrun for example_python_operator to None
[2021-02-22 18:14:08,631] {scheduler_job.py:190} INFO - Processing /home/airflow/.local/lib/python3.8/site-packages/airflow/example_dags/example_python_operator.py took 0.084 seconds
[2021-02-22 18:17:45,820] {scheduler_job.py:182} INFO - Started process (PID=38) to work on /home/airflow/.local/lib/python3.8/site-packages/airflow/example_dags/example_python_operator.py
[2021-02-22 18:17:45,822] {scheduler_job.py:633} INFO - Processing file /home/airflow/.local/lib/python3.8/site-packages/airflow/example_dags/example_python_operator.py for tasks to queue
[2021-02-22 18:17:45,824] {logging_mixin.py:104} INFO - [2021-02-22 18:17:45,824] {dagbag.py:448} INFO - Filling up the DagBag from /home/airflow/.local/lib/python3.8/site-packages/airflow/example_dags/example_python_operator.py
[2021-02-22 18:17:45,864] {scheduler_job.py:643} INFO - DAG(s) dict_keys(['example_python_operator']) retrieved from /home/airflow/.local/lib/python3.8/site-packages/airflow/example_dags/example_python_operator.py
[2021-02-22 18:17:45,967] {logging_mixin.py:104} INFO - [2021-02-22 18:17:45,967] {dag.py:1818} INFO - Sync 1 DAGs
[2021-02-22 18:17:45,991] {logging_mixin.py:104} INFO - [2021-02-22 18:17:45,991] {dag.py:2273} INFO - Setting next_dagrun for example_python_operator to None
[2021-02-22 18:17:46,114] {scheduler_job.py:190} INFO - Processing /home/airflow/.local/lib/python3.8/site-packages/airflow/example_dags/example_python_operator.py took 0.306 seconds
