[2021-02-22 17:52:52,768] {scheduler_job.py:182} INFO - Started process (PID=24) to work on /home/airflow/.local/lib/python3.8/site-packages/airflow/example_dags/tutorial_etl_dag.py
[2021-02-22 17:52:52,771] {scheduler_job.py:633} INFO - Processing file /home/airflow/.local/lib/python3.8/site-packages/airflow/example_dags/tutorial_etl_dag.py for tasks to queue
[2021-02-22 17:52:52,773] {logging_mixin.py:104} INFO - [2021-02-22 17:52:52,773] {dagbag.py:448} INFO - Filling up the DagBag from /home/airflow/.local/lib/python3.8/site-packages/airflow/example_dags/tutorial_etl_dag.py
[2021-02-22 17:52:52,791] {scheduler_job.py:643} INFO - DAG(s) dict_keys(['tutorial_etl_dag']) retrieved from /home/airflow/.local/lib/python3.8/site-packages/airflow/example_dags/tutorial_etl_dag.py
[2021-02-22 17:52:52,846] {logging_mixin.py:104} INFO - [2021-02-22 17:52:52,846] {dag.py:1818} INFO - Sync 1 DAGs
[2021-02-22 17:52:52,862] {logging_mixin.py:104} INFO - [2021-02-22 17:52:52,862] {dag.py:1837} INFO - Creating ORM DAG for tutorial_etl_dag
[2021-02-22 17:52:52,913] {logging_mixin.py:104} INFO - [2021-02-22 17:52:52,913] {dag.py:2273} INFO - Setting next_dagrun for tutorial_etl_dag to None
[2021-02-22 17:52:52,963] {scheduler_job.py:190} INFO - Processing /home/airflow/.local/lib/python3.8/site-packages/airflow/example_dags/tutorial_etl_dag.py took 0.200 seconds
[2021-02-22 17:53:30,158] {scheduler_job.py:182} INFO - Started process (PID=52) to work on /home/airflow/.local/lib/python3.8/site-packages/airflow/example_dags/tutorial_etl_dag.py
[2021-02-22 17:53:30,160] {scheduler_job.py:633} INFO - Processing file /home/airflow/.local/lib/python3.8/site-packages/airflow/example_dags/tutorial_etl_dag.py for tasks to queue
[2021-02-22 17:53:30,161] {logging_mixin.py:104} INFO - [2021-02-22 17:53:30,161] {dagbag.py:448} INFO - Filling up the DagBag from /home/airflow/.local/lib/python3.8/site-packages/airflow/example_dags/tutorial_etl_dag.py
[2021-02-22 17:53:30,575] {scheduler_job.py:643} INFO - DAG(s) dict_keys(['tutorial_etl_dag']) retrieved from /home/airflow/.local/lib/python3.8/site-packages/airflow/example_dags/tutorial_etl_dag.py
[2021-02-22 17:53:30,594] {logging_mixin.py:104} INFO - [2021-02-22 17:53:30,593] {dag.py:1818} INFO - Sync 1 DAGs
[2021-02-22 17:53:30,606] {logging_mixin.py:104} INFO - [2021-02-22 17:53:30,606] {dag.py:2273} INFO - Setting next_dagrun for tutorial_etl_dag to None
[2021-02-22 17:53:30,743] {scheduler_job.py:190} INFO - Processing /home/airflow/.local/lib/python3.8/site-packages/airflow/example_dags/tutorial_etl_dag.py took 0.606 seconds
[2021-02-22 17:54:20,654] {scheduler_job.py:182} INFO - Started process (PID=31) to work on /home/airflow/.local/lib/python3.8/site-packages/airflow/example_dags/tutorial_etl_dag.py
[2021-02-22 17:54:20,658] {scheduler_job.py:633} INFO - Processing file /home/airflow/.local/lib/python3.8/site-packages/airflow/example_dags/tutorial_etl_dag.py for tasks to queue
[2021-02-22 17:54:20,662] {logging_mixin.py:104} INFO - [2021-02-22 17:54:20,662] {dagbag.py:448} INFO - Filling up the DagBag from /home/airflow/.local/lib/python3.8/site-packages/airflow/example_dags/tutorial_etl_dag.py
[2021-02-22 17:54:20,672] {scheduler_job.py:643} INFO - DAG(s) dict_keys(['tutorial_etl_dag']) retrieved from /home/airflow/.local/lib/python3.8/site-packages/airflow/example_dags/tutorial_etl_dag.py
[2021-02-22 17:54:20,702] {logging_mixin.py:104} INFO - [2021-02-22 17:54:20,702] {dag.py:1818} INFO - Sync 1 DAGs
[2021-02-22 17:54:20,739] {logging_mixin.py:104} INFO - [2021-02-22 17:54:20,739] {dag.py:2273} INFO - Setting next_dagrun for tutorial_etl_dag to None
[2021-02-22 17:54:20,757] {scheduler_job.py:190} INFO - Processing /home/airflow/.local/lib/python3.8/site-packages/airflow/example_dags/tutorial_etl_dag.py took 0.107 seconds
[2021-02-22 17:54:51,389] {scheduler_job.py:182} INFO - Started process (PID=59) to work on /home/airflow/.local/lib/python3.8/site-packages/airflow/example_dags/tutorial_etl_dag.py
[2021-02-22 17:54:51,391] {scheduler_job.py:633} INFO - Processing file /home/airflow/.local/lib/python3.8/site-packages/airflow/example_dags/tutorial_etl_dag.py for tasks to queue
[2021-02-22 17:54:51,393] {logging_mixin.py:104} INFO - [2021-02-22 17:54:51,393] {dagbag.py:448} INFO - Filling up the DagBag from /home/airflow/.local/lib/python3.8/site-packages/airflow/example_dags/tutorial_etl_dag.py
[2021-02-22 17:54:51,423] {scheduler_job.py:643} INFO - DAG(s) dict_keys(['tutorial_etl_dag']) retrieved from /home/airflow/.local/lib/python3.8/site-packages/airflow/example_dags/tutorial_etl_dag.py
[2021-02-22 17:54:51,453] {logging_mixin.py:104} INFO - [2021-02-22 17:54:51,453] {dag.py:1818} INFO - Sync 1 DAGs
[2021-02-22 17:54:51,468] {logging_mixin.py:104} INFO - [2021-02-22 17:54:51,468] {dag.py:2273} INFO - Setting next_dagrun for tutorial_etl_dag to None
[2021-02-22 17:54:51,478] {scheduler_job.py:190} INFO - Processing /home/airflow/.local/lib/python3.8/site-packages/airflow/example_dags/tutorial_etl_dag.py took 0.093 seconds
[2021-02-22 17:55:26,701] {scheduler_job.py:182} INFO - Started process (PID=87) to work on /home/airflow/.local/lib/python3.8/site-packages/airflow/example_dags/tutorial_etl_dag.py
[2021-02-22 17:55:26,703] {scheduler_job.py:633} INFO - Processing file /home/airflow/.local/lib/python3.8/site-packages/airflow/example_dags/tutorial_etl_dag.py for tasks to queue
[2021-02-22 17:55:26,706] {logging_mixin.py:104} INFO - [2021-02-22 17:55:26,705] {dagbag.py:448} INFO - Filling up the DagBag from /home/airflow/.local/lib/python3.8/site-packages/airflow/example_dags/tutorial_etl_dag.py
[2021-02-22 17:55:26,825] {scheduler_job.py:643} INFO - DAG(s) dict_keys(['tutorial_etl_dag']) retrieved from /home/airflow/.local/lib/python3.8/site-packages/airflow/example_dags/tutorial_etl_dag.py
[2021-02-22 17:55:26,945] {logging_mixin.py:104} INFO - [2021-02-22 17:55:26,945] {dag.py:1818} INFO - Sync 1 DAGs
[2021-02-22 17:55:26,962] {logging_mixin.py:104} INFO - [2021-02-22 17:55:26,962] {dag.py:2273} INFO - Setting next_dagrun for tutorial_etl_dag to None
[2021-02-22 17:55:26,985] {scheduler_job.py:190} INFO - Processing /home/airflow/.local/lib/python3.8/site-packages/airflow/example_dags/tutorial_etl_dag.py took 0.288 seconds
[2021-02-22 17:55:59,011] {scheduler_job.py:182} INFO - Started process (PID=115) to work on /home/airflow/.local/lib/python3.8/site-packages/airflow/example_dags/tutorial_etl_dag.py
[2021-02-22 17:55:59,014] {scheduler_job.py:633} INFO - Processing file /home/airflow/.local/lib/python3.8/site-packages/airflow/example_dags/tutorial_etl_dag.py for tasks to queue
[2021-02-22 17:55:59,016] {logging_mixin.py:104} INFO - [2021-02-22 17:55:59,015] {dagbag.py:448} INFO - Filling up the DagBag from /home/airflow/.local/lib/python3.8/site-packages/airflow/example_dags/tutorial_etl_dag.py
[2021-02-22 17:55:59,033] {scheduler_job.py:643} INFO - DAG(s) dict_keys(['tutorial_etl_dag']) retrieved from /home/airflow/.local/lib/python3.8/site-packages/airflow/example_dags/tutorial_etl_dag.py
[2021-02-22 17:55:59,066] {logging_mixin.py:104} INFO - [2021-02-22 17:55:59,066] {dag.py:1818} INFO - Sync 1 DAGs
[2021-02-22 17:55:59,085] {logging_mixin.py:104} INFO - [2021-02-22 17:55:59,085] {dag.py:2273} INFO - Setting next_dagrun for tutorial_etl_dag to None
[2021-02-22 17:55:59,123] {scheduler_job.py:190} INFO - Processing /home/airflow/.local/lib/python3.8/site-packages/airflow/example_dags/tutorial_etl_dag.py took 0.117 seconds
[2021-02-22 18:03:24,364] {scheduler_job.py:182} INFO - Started process (PID=43) to work on /home/airflow/.local/lib/python3.8/site-packages/airflow/example_dags/tutorial_etl_dag.py
[2021-02-22 18:03:24,371] {scheduler_job.py:633} INFO - Processing file /home/airflow/.local/lib/python3.8/site-packages/airflow/example_dags/tutorial_etl_dag.py for tasks to queue
[2021-02-22 18:03:24,374] {logging_mixin.py:104} INFO - [2021-02-22 18:03:24,373] {dagbag.py:448} INFO - Filling up the DagBag from /home/airflow/.local/lib/python3.8/site-packages/airflow/example_dags/tutorial_etl_dag.py
[2021-02-22 18:03:24,415] {scheduler_job.py:643} INFO - DAG(s) dict_keys(['tutorial_etl_dag']) retrieved from /home/airflow/.local/lib/python3.8/site-packages/airflow/example_dags/tutorial_etl_dag.py
[2021-02-22 18:03:24,483] {logging_mixin.py:104} INFO - [2021-02-22 18:03:24,483] {dag.py:1818} INFO - Sync 1 DAGs
[2021-02-22 18:03:24,505] {logging_mixin.py:104} INFO - [2021-02-22 18:03:24,505] {dag.py:2273} INFO - Setting next_dagrun for tutorial_etl_dag to None
[2021-02-22 18:03:24,551] {scheduler_job.py:190} INFO - Processing /home/airflow/.local/lib/python3.8/site-packages/airflow/example_dags/tutorial_etl_dag.py took 0.195 seconds
[2021-02-22 18:03:54,643] {scheduler_job.py:182} INFO - Started process (PID=71) to work on /home/airflow/.local/lib/python3.8/site-packages/airflow/example_dags/tutorial_etl_dag.py
[2021-02-22 18:03:54,645] {scheduler_job.py:633} INFO - Processing file /home/airflow/.local/lib/python3.8/site-packages/airflow/example_dags/tutorial_etl_dag.py for tasks to queue
[2021-02-22 18:03:54,647] {logging_mixin.py:104} INFO - [2021-02-22 18:03:54,647] {dagbag.py:448} INFO - Filling up the DagBag from /home/airflow/.local/lib/python3.8/site-packages/airflow/example_dags/tutorial_etl_dag.py
[2021-02-22 18:03:54,662] {scheduler_job.py:643} INFO - DAG(s) dict_keys(['tutorial_etl_dag']) retrieved from /home/airflow/.local/lib/python3.8/site-packages/airflow/example_dags/tutorial_etl_dag.py
[2021-02-22 18:03:54,684] {logging_mixin.py:104} INFO - [2021-02-22 18:03:54,684] {dag.py:1818} INFO - Sync 1 DAGs
[2021-02-22 18:03:54,701] {logging_mixin.py:104} INFO - [2021-02-22 18:03:54,701] {dag.py:2273} INFO - Setting next_dagrun for tutorial_etl_dag to None
[2021-02-22 18:03:54,731] {scheduler_job.py:190} INFO - Processing /home/airflow/.local/lib/python3.8/site-packages/airflow/example_dags/tutorial_etl_dag.py took 0.093 seconds
[2021-02-22 18:04:32,775] {scheduler_job.py:182} INFO - Started process (PID=99) to work on /home/airflow/.local/lib/python3.8/site-packages/airflow/example_dags/tutorial_etl_dag.py
[2021-02-22 18:04:32,777] {scheduler_job.py:633} INFO - Processing file /home/airflow/.local/lib/python3.8/site-packages/airflow/example_dags/tutorial_etl_dag.py for tasks to queue
[2021-02-22 18:04:32,779] {logging_mixin.py:104} INFO - [2021-02-22 18:04:32,779] {dagbag.py:448} INFO - Filling up the DagBag from /home/airflow/.local/lib/python3.8/site-packages/airflow/example_dags/tutorial_etl_dag.py
[2021-02-22 18:04:32,818] {scheduler_job.py:643} INFO - DAG(s) dict_keys(['tutorial_etl_dag']) retrieved from /home/airflow/.local/lib/python3.8/site-packages/airflow/example_dags/tutorial_etl_dag.py
[2021-02-22 18:04:32,854] {logging_mixin.py:104} INFO - [2021-02-22 18:04:32,854] {dag.py:1818} INFO - Sync 1 DAGs
[2021-02-22 18:04:32,871] {logging_mixin.py:104} INFO - [2021-02-22 18:04:32,871] {dag.py:2273} INFO - Setting next_dagrun for tutorial_etl_dag to None
[2021-02-22 18:04:32,900] {scheduler_job.py:190} INFO - Processing /home/airflow/.local/lib/python3.8/site-packages/airflow/example_dags/tutorial_etl_dag.py took 0.128 seconds
[2021-02-22 18:05:03,515] {scheduler_job.py:182} INFO - Started process (PID=127) to work on /home/airflow/.local/lib/python3.8/site-packages/airflow/example_dags/tutorial_etl_dag.py
[2021-02-22 18:05:03,518] {scheduler_job.py:633} INFO - Processing file /home/airflow/.local/lib/python3.8/site-packages/airflow/example_dags/tutorial_etl_dag.py for tasks to queue
[2021-02-22 18:05:03,520] {logging_mixin.py:104} INFO - [2021-02-22 18:05:03,520] {dagbag.py:448} INFO - Filling up the DagBag from /home/airflow/.local/lib/python3.8/site-packages/airflow/example_dags/tutorial_etl_dag.py
[2021-02-22 18:05:03,538] {scheduler_job.py:643} INFO - DAG(s) dict_keys(['tutorial_etl_dag']) retrieved from /home/airflow/.local/lib/python3.8/site-packages/airflow/example_dags/tutorial_etl_dag.py
[2021-02-22 18:05:03,566] {logging_mixin.py:104} INFO - [2021-02-22 18:05:03,566] {dag.py:1818} INFO - Sync 1 DAGs
[2021-02-22 18:05:03,586] {logging_mixin.py:104} INFO - [2021-02-22 18:05:03,585] {dag.py:2273} INFO - Setting next_dagrun for tutorial_etl_dag to None
[2021-02-22 18:05:03,599] {scheduler_job.py:190} INFO - Processing /home/airflow/.local/lib/python3.8/site-packages/airflow/example_dags/tutorial_etl_dag.py took 0.095 seconds
[2021-02-22 18:05:47,607] {scheduler_job.py:182} INFO - Started process (PID=45) to work on /home/airflow/.local/lib/python3.8/site-packages/airflow/example_dags/tutorial_etl_dag.py
[2021-02-22 18:05:47,609] {scheduler_job.py:633} INFO - Processing file /home/airflow/.local/lib/python3.8/site-packages/airflow/example_dags/tutorial_etl_dag.py for tasks to queue
[2021-02-22 18:05:47,611] {logging_mixin.py:104} INFO - [2021-02-22 18:05:47,610] {dagbag.py:448} INFO - Filling up the DagBag from /home/airflow/.local/lib/python3.8/site-packages/airflow/example_dags/tutorial_etl_dag.py
[2021-02-22 18:05:47,627] {scheduler_job.py:643} INFO - DAG(s) dict_keys(['tutorial_etl_dag']) retrieved from /home/airflow/.local/lib/python3.8/site-packages/airflow/example_dags/tutorial_etl_dag.py
[2021-02-22 18:05:47,659] {logging_mixin.py:104} INFO - [2021-02-22 18:05:47,658] {dag.py:1818} INFO - Sync 1 DAGs
[2021-02-22 18:05:47,685] {logging_mixin.py:104} INFO - [2021-02-22 18:05:47,685] {dag.py:2273} INFO - Setting next_dagrun for tutorial_etl_dag to None
[2021-02-22 18:05:47,720] {scheduler_job.py:190} INFO - Processing /home/airflow/.local/lib/python3.8/site-packages/airflow/example_dags/tutorial_etl_dag.py took 0.116 seconds
[2021-02-22 18:06:26,647] {scheduler_job.py:182} INFO - Started process (PID=73) to work on /home/airflow/.local/lib/python3.8/site-packages/airflow/example_dags/tutorial_etl_dag.py
[2021-02-22 18:06:26,655] {scheduler_job.py:633} INFO - Processing file /home/airflow/.local/lib/python3.8/site-packages/airflow/example_dags/tutorial_etl_dag.py for tasks to queue
[2021-02-22 18:06:26,668] {logging_mixin.py:104} INFO - [2021-02-22 18:06:26,667] {dagbag.py:448} INFO - Filling up the DagBag from /home/airflow/.local/lib/python3.8/site-packages/airflow/example_dags/tutorial_etl_dag.py
[2021-02-22 18:06:26,730] {scheduler_job.py:643} INFO - DAG(s) dict_keys(['tutorial_etl_dag']) retrieved from /home/airflow/.local/lib/python3.8/site-packages/airflow/example_dags/tutorial_etl_dag.py
[2021-02-22 18:06:26,764] {logging_mixin.py:104} INFO - [2021-02-22 18:06:26,764] {dag.py:1818} INFO - Sync 1 DAGs
[2021-02-22 18:06:26,785] {logging_mixin.py:104} INFO - [2021-02-22 18:06:26,785] {dag.py:2273} INFO - Setting next_dagrun for tutorial_etl_dag to None
[2021-02-22 18:06:26,818] {scheduler_job.py:190} INFO - Processing /home/airflow/.local/lib/python3.8/site-packages/airflow/example_dags/tutorial_etl_dag.py took 0.175 seconds
[2021-02-22 18:07:03,195] {scheduler_job.py:182} INFO - Started process (PID=101) to work on /home/airflow/.local/lib/python3.8/site-packages/airflow/example_dags/tutorial_etl_dag.py
[2021-02-22 18:07:03,197] {scheduler_job.py:633} INFO - Processing file /home/airflow/.local/lib/python3.8/site-packages/airflow/example_dags/tutorial_etl_dag.py for tasks to queue
[2021-02-22 18:07:03,198] {logging_mixin.py:104} INFO - [2021-02-22 18:07:03,198] {dagbag.py:448} INFO - Filling up the DagBag from /home/airflow/.local/lib/python3.8/site-packages/airflow/example_dags/tutorial_etl_dag.py
[2021-02-22 18:07:03,291] {scheduler_job.py:643} INFO - DAG(s) dict_keys(['tutorial_etl_dag']) retrieved from /home/airflow/.local/lib/python3.8/site-packages/airflow/example_dags/tutorial_etl_dag.py
[2021-02-22 18:07:03,312] {logging_mixin.py:104} INFO - [2021-02-22 18:07:03,312] {dag.py:1818} INFO - Sync 1 DAGs
[2021-02-22 18:07:03,325] {logging_mixin.py:104} INFO - [2021-02-22 18:07:03,325] {dag.py:2273} INFO - Setting next_dagrun for tutorial_etl_dag to None
[2021-02-22 18:07:03,431] {scheduler_job.py:190} INFO - Processing /home/airflow/.local/lib/python3.8/site-packages/airflow/example_dags/tutorial_etl_dag.py took 0.241 seconds
[2021-02-22 18:08:19,891] {scheduler_job.py:182} INFO - Started process (PID=43) to work on /home/airflow/.local/lib/python3.8/site-packages/airflow/example_dags/tutorial_etl_dag.py
[2021-02-22 18:08:19,896] {scheduler_job.py:633} INFO - Processing file /home/airflow/.local/lib/python3.8/site-packages/airflow/example_dags/tutorial_etl_dag.py for tasks to queue
[2021-02-22 18:08:19,899] {logging_mixin.py:104} INFO - [2021-02-22 18:08:19,899] {dagbag.py:448} INFO - Filling up the DagBag from /home/airflow/.local/lib/python3.8/site-packages/airflow/example_dags/tutorial_etl_dag.py
[2021-02-22 18:08:19,941] {scheduler_job.py:643} INFO - DAG(s) dict_keys(['tutorial_etl_dag']) retrieved from /home/airflow/.local/lib/python3.8/site-packages/airflow/example_dags/tutorial_etl_dag.py
[2021-02-22 18:08:20,034] {logging_mixin.py:104} INFO - [2021-02-22 18:08:20,034] {dag.py:1818} INFO - Sync 1 DAGs
[2021-02-22 18:08:20,101] {logging_mixin.py:104} INFO - [2021-02-22 18:08:20,101] {dag.py:2273} INFO - Setting next_dagrun for tutorial_etl_dag to None
[2021-02-22 18:08:20,129] {scheduler_job.py:190} INFO - Processing /home/airflow/.local/lib/python3.8/site-packages/airflow/example_dags/tutorial_etl_dag.py took 0.246 seconds
[2021-02-22 18:08:55,875] {scheduler_job.py:182} INFO - Started process (PID=71) to work on /home/airflow/.local/lib/python3.8/site-packages/airflow/example_dags/tutorial_etl_dag.py
[2021-02-22 18:08:55,877] {scheduler_job.py:633} INFO - Processing file /home/airflow/.local/lib/python3.8/site-packages/airflow/example_dags/tutorial_etl_dag.py for tasks to queue
[2021-02-22 18:08:55,879] {logging_mixin.py:104} INFO - [2021-02-22 18:08:55,878] {dagbag.py:448} INFO - Filling up the DagBag from /home/airflow/.local/lib/python3.8/site-packages/airflow/example_dags/tutorial_etl_dag.py
[2021-02-22 18:08:55,994] {scheduler_job.py:643} INFO - DAG(s) dict_keys(['tutorial_etl_dag']) retrieved from /home/airflow/.local/lib/python3.8/site-packages/airflow/example_dags/tutorial_etl_dag.py
[2021-02-22 18:08:56,015] {logging_mixin.py:104} INFO - [2021-02-22 18:08:56,015] {dag.py:1818} INFO - Sync 1 DAGs
[2021-02-22 18:08:56,031] {logging_mixin.py:104} INFO - [2021-02-22 18:08:56,031] {dag.py:2273} INFO - Setting next_dagrun for tutorial_etl_dag to None
[2021-02-22 18:08:56,111] {scheduler_job.py:190} INFO - Processing /home/airflow/.local/lib/python3.8/site-packages/airflow/example_dags/tutorial_etl_dag.py took 0.240 seconds
[2021-02-22 18:09:26,922] {scheduler_job.py:182} INFO - Started process (PID=99) to work on /home/airflow/.local/lib/python3.8/site-packages/airflow/example_dags/tutorial_etl_dag.py
[2021-02-22 18:09:26,925] {scheduler_job.py:633} INFO - Processing file /home/airflow/.local/lib/python3.8/site-packages/airflow/example_dags/tutorial_etl_dag.py for tasks to queue
[2021-02-22 18:09:26,926] {logging_mixin.py:104} INFO - [2021-02-22 18:09:26,926] {dagbag.py:448} INFO - Filling up the DagBag from /home/airflow/.local/lib/python3.8/site-packages/airflow/example_dags/tutorial_etl_dag.py
[2021-02-22 18:09:26,953] {scheduler_job.py:643} INFO - DAG(s) dict_keys(['tutorial_etl_dag']) retrieved from /home/airflow/.local/lib/python3.8/site-packages/airflow/example_dags/tutorial_etl_dag.py
[2021-02-22 18:09:26,987] {logging_mixin.py:104} INFO - [2021-02-22 18:09:26,987] {dag.py:1818} INFO - Sync 1 DAGs
[2021-02-22 18:09:27,008] {logging_mixin.py:104} INFO - [2021-02-22 18:09:27,008] {dag.py:2273} INFO - Setting next_dagrun for tutorial_etl_dag to None
[2021-02-22 18:09:27,020] {scheduler_job.py:190} INFO - Processing /home/airflow/.local/lib/python3.8/site-packages/airflow/example_dags/tutorial_etl_dag.py took 0.103 seconds
[2021-02-22 18:12:28,470] {scheduler_job.py:182} INFO - Started process (PID=43) to work on /home/airflow/.local/lib/python3.8/site-packages/airflow/example_dags/tutorial_etl_dag.py
[2021-02-22 18:12:28,475] {scheduler_job.py:633} INFO - Processing file /home/airflow/.local/lib/python3.8/site-packages/airflow/example_dags/tutorial_etl_dag.py for tasks to queue
[2021-02-22 18:12:28,478] {logging_mixin.py:104} INFO - [2021-02-22 18:12:28,478] {dagbag.py:448} INFO - Filling up the DagBag from /home/airflow/.local/lib/python3.8/site-packages/airflow/example_dags/tutorial_etl_dag.py
[2021-02-22 18:12:28,504] {scheduler_job.py:643} INFO - DAG(s) dict_keys(['tutorial_etl_dag']) retrieved from /home/airflow/.local/lib/python3.8/site-packages/airflow/example_dags/tutorial_etl_dag.py
[2021-02-22 18:12:28,527] {logging_mixin.py:104} INFO - [2021-02-22 18:12:28,527] {dag.py:1818} INFO - Sync 1 DAGs
[2021-02-22 18:12:28,547] {logging_mixin.py:104} INFO - [2021-02-22 18:12:28,547] {dag.py:2273} INFO - Setting next_dagrun for tutorial_etl_dag to None
[2021-02-22 18:12:28,560] {scheduler_job.py:190} INFO - Processing /home/airflow/.local/lib/python3.8/site-packages/airflow/example_dags/tutorial_etl_dag.py took 0.102 seconds
[2021-02-22 18:12:58,651] {scheduler_job.py:182} INFO - Started process (PID=70) to work on /home/airflow/.local/lib/python3.8/site-packages/airflow/example_dags/tutorial_etl_dag.py
[2021-02-22 18:12:58,655] {scheduler_job.py:633} INFO - Processing file /home/airflow/.local/lib/python3.8/site-packages/airflow/example_dags/tutorial_etl_dag.py for tasks to queue
[2021-02-22 18:12:58,657] {logging_mixin.py:104} INFO - [2021-02-22 18:12:58,657] {dagbag.py:448} INFO - Filling up the DagBag from /home/airflow/.local/lib/python3.8/site-packages/airflow/example_dags/tutorial_etl_dag.py
[2021-02-22 18:12:58,751] {scheduler_job.py:643} INFO - DAG(s) dict_keys(['tutorial_etl_dag']) retrieved from /home/airflow/.local/lib/python3.8/site-packages/airflow/example_dags/tutorial_etl_dag.py
[2021-02-22 18:12:58,808] {logging_mixin.py:104} INFO - [2021-02-22 18:12:58,808] {dag.py:1818} INFO - Sync 1 DAGs
[2021-02-22 18:12:58,832] {logging_mixin.py:104} INFO - [2021-02-22 18:12:58,832] {dag.py:2273} INFO - Setting next_dagrun for tutorial_etl_dag to None
[2021-02-22 18:12:58,888] {scheduler_job.py:190} INFO - Processing /home/airflow/.local/lib/python3.8/site-packages/airflow/example_dags/tutorial_etl_dag.py took 0.241 seconds
[2021-02-22 18:13:36,153] {scheduler_job.py:182} INFO - Started process (PID=99) to work on /home/airflow/.local/lib/python3.8/site-packages/airflow/example_dags/tutorial_etl_dag.py
[2021-02-22 18:13:36,155] {scheduler_job.py:633} INFO - Processing file /home/airflow/.local/lib/python3.8/site-packages/airflow/example_dags/tutorial_etl_dag.py for tasks to queue
[2021-02-22 18:13:36,157] {logging_mixin.py:104} INFO - [2021-02-22 18:13:36,157] {dagbag.py:448} INFO - Filling up the DagBag from /home/airflow/.local/lib/python3.8/site-packages/airflow/example_dags/tutorial_etl_dag.py
[2021-02-22 18:13:36,176] {scheduler_job.py:643} INFO - DAG(s) dict_keys(['tutorial_etl_dag']) retrieved from /home/airflow/.local/lib/python3.8/site-packages/airflow/example_dags/tutorial_etl_dag.py
[2021-02-22 18:13:36,212] {logging_mixin.py:104} INFO - [2021-02-22 18:13:36,212] {dag.py:1818} INFO - Sync 1 DAGs
[2021-02-22 18:13:36,248] {logging_mixin.py:104} INFO - [2021-02-22 18:13:36,247] {dag.py:2273} INFO - Setting next_dagrun for tutorial_etl_dag to None
[2021-02-22 18:13:36,287] {scheduler_job.py:190} INFO - Processing /home/airflow/.local/lib/python3.8/site-packages/airflow/example_dags/tutorial_etl_dag.py took 0.145 seconds
[2021-02-22 18:14:09,258] {scheduler_job.py:182} INFO - Started process (PID=127) to work on /home/airflow/.local/lib/python3.8/site-packages/airflow/example_dags/tutorial_etl_dag.py
[2021-02-22 18:14:09,260] {scheduler_job.py:633} INFO - Processing file /home/airflow/.local/lib/python3.8/site-packages/airflow/example_dags/tutorial_etl_dag.py for tasks to queue
[2021-02-22 18:14:09,261] {logging_mixin.py:104} INFO - [2021-02-22 18:14:09,261] {dagbag.py:448} INFO - Filling up the DagBag from /home/airflow/.local/lib/python3.8/site-packages/airflow/example_dags/tutorial_etl_dag.py
[2021-02-22 18:14:09,302] {scheduler_job.py:643} INFO - DAG(s) dict_keys(['tutorial_etl_dag']) retrieved from /home/airflow/.local/lib/python3.8/site-packages/airflow/example_dags/tutorial_etl_dag.py
[2021-02-22 18:14:09,333] {logging_mixin.py:104} INFO - [2021-02-22 18:14:09,333] {dag.py:1818} INFO - Sync 1 DAGs
[2021-02-22 18:14:09,349] {logging_mixin.py:104} INFO - [2021-02-22 18:14:09,349] {dag.py:2273} INFO - Setting next_dagrun for tutorial_etl_dag to None
[2021-02-22 18:14:09,451] {scheduler_job.py:190} INFO - Processing /home/airflow/.local/lib/python3.8/site-packages/airflow/example_dags/tutorial_etl_dag.py took 0.197 seconds
[2021-02-22 18:17:44,404] {scheduler_job.py:182} INFO - Started process (PID=27) to work on /home/airflow/.local/lib/python3.8/site-packages/airflow/example_dags/tutorial_etl_dag.py
[2021-02-22 18:17:44,407] {scheduler_job.py:633} INFO - Processing file /home/airflow/.local/lib/python3.8/site-packages/airflow/example_dags/tutorial_etl_dag.py for tasks to queue
[2021-02-22 18:17:44,408] {logging_mixin.py:104} INFO - [2021-02-22 18:17:44,408] {dagbag.py:448} INFO - Filling up the DagBag from /home/airflow/.local/lib/python3.8/site-packages/airflow/example_dags/tutorial_etl_dag.py
[2021-02-22 18:17:44,425] {scheduler_job.py:643} INFO - DAG(s) dict_keys(['tutorial_etl_dag']) retrieved from /home/airflow/.local/lib/python3.8/site-packages/airflow/example_dags/tutorial_etl_dag.py
[2021-02-22 18:17:44,458] {logging_mixin.py:104} INFO - [2021-02-22 18:17:44,458] {dag.py:1818} INFO - Sync 1 DAGs
[2021-02-22 18:17:44,476] {logging_mixin.py:104} INFO - [2021-02-22 18:17:44,475] {dag.py:2273} INFO - Setting next_dagrun for tutorial_etl_dag to None
[2021-02-22 18:17:44,543] {scheduler_job.py:190} INFO - Processing /home/airflow/.local/lib/python3.8/site-packages/airflow/example_dags/tutorial_etl_dag.py took 0.143 seconds
