[2021-03-09 09:44:59,239] {taskinstance.py:851} INFO - Dependencies all met for <TaskInstance: extract_standings.get_standings 2021-02-19T00:00:00+00:00 [queued]>
[2021-03-09 09:44:59,243] {taskinstance.py:851} INFO - Dependencies all met for <TaskInstance: extract_standings.get_standings 2021-02-19T00:00:00+00:00 [queued]>
[2021-03-09 09:44:59,244] {taskinstance.py:1042} INFO - 
--------------------------------------------------------------------------------
[2021-03-09 09:44:59,244] {taskinstance.py:1043} INFO - Starting attempt 1 of 3
[2021-03-09 09:44:59,244] {taskinstance.py:1044} INFO - 
--------------------------------------------------------------------------------
[2021-03-09 09:44:59,250] {taskinstance.py:1063} INFO - Executing <Task(PythonOperator): get_standings> on 2021-02-19T00:00:00+00:00
[2021-03-09 09:44:59,253] {standard_task_runner.py:52} INFO - Started process 25252 to run task
[2021-03-09 09:44:59,262] {standard_task_runner.py:76} INFO - Running: ['airflow', 'tasks', 'run', 'extract_standings', 'get_standings', '2021-02-19T00:00:00+00:00', '--job-id', '101', '--pool', 'default_pool', '--raw', '--subdir', 'DAGS_FOLDER/standings_dag.py', '--cfg-path', '/var/folders/n1/tvvct6mn75xbwwwl4s02tfdc0000gn/T/tmpy0vv95dj', '--error-file', '/var/folders/n1/tvvct6mn75xbwwwl4s02tfdc0000gn/T/tmp9rqscjvm']
[2021-03-09 09:44:59,265] {standard_task_runner.py:77} INFO - Job 101: Subtask get_standings
[2021-03-09 09:44:59,303] {logging_mixin.py:104} INFO - Running <TaskInstance: extract_standings.get_standings 2021-02-19T00:00:00+00:00 [running]> on host 25.1.168.192.in-addr.arpa
[2021-03-09 09:44:59,333] {taskinstance.py:1255} INFO - Exporting the following env vars:
AIRFLOW_CTX_DAG_OWNER=AWTY
AIRFLOW_CTX_DAG_ID=extract_standings
AIRFLOW_CTX_TASK_ID=get_standings
AIRFLOW_CTX_EXECUTION_DATE=2021-02-19T00:00:00+00:00
AIRFLOW_CTX_DAG_RUN_ID=scheduled__2021-02-19T00:00:00+00:00
[2021-03-09 09:44:59,650] {logging_mixin.py:104} INFO - Extracted standings from NBA-API
[2021-03-09 09:44:59,651] {python.py:118} INFO - Done. Returned value was: Populated json_file...
[2021-03-09 09:44:59,661] {taskinstance.py:1159} INFO - Marking task as SUCCESS. dag_id=extract_standings, task_id=get_standings, execution_date=20210219T000000, start_date=20210309T154459, end_date=20210309T154459
[2021-03-09 09:44:59,675] {taskinstance.py:1220} INFO - 1 downstream tasks scheduled from follow-on schedule check
[2021-03-09 09:44:59,698] {local_task_job.py:146} INFO - Task exited with return code 0
