[2021-03-09 14:15:17,458] {taskinstance.py:851} INFO - Dependencies all met for <TaskInstance: extract_standings.load_standings 2021-03-09T20:15:12.897482+00:00 [queued]>
[2021-03-09 14:15:17,467] {taskinstance.py:851} INFO - Dependencies all met for <TaskInstance: extract_standings.load_standings 2021-03-09T20:15:12.897482+00:00 [queued]>
[2021-03-09 14:15:17,467] {taskinstance.py:1042} INFO - 
--------------------------------------------------------------------------------
[2021-03-09 14:15:17,467] {taskinstance.py:1043} INFO - Starting attempt 1 of 3
[2021-03-09 14:15:17,467] {taskinstance.py:1044} INFO - 
--------------------------------------------------------------------------------
[2021-03-09 14:15:17,473] {taskinstance.py:1063} INFO - Executing <Task(BashOperator): load_standings> on 2021-03-09T20:15:12.897482+00:00
[2021-03-09 14:15:17,476] {standard_task_runner.py:52} INFO - Started process 31562 to run task
[2021-03-09 14:15:17,483] {standard_task_runner.py:76} INFO - Running: ['airflow', 'tasks', 'run', 'extract_standings', 'load_standings', '2021-03-09T20:15:12.897482+00:00', '--job-id', '153', '--pool', 'default_pool', '--raw', '--subdir', 'DAGS_FOLDER/standings_dag.py', '--cfg-path', '/var/folders/n1/tvvct6mn75xbwwwl4s02tfdc0000gn/T/tmp8z6d2z1o', '--error-file', '/var/folders/n1/tvvct6mn75xbwwwl4s02tfdc0000gn/T/tmpk5_w4yyy']
[2021-03-09 14:15:17,485] {standard_task_runner.py:77} INFO - Job 153: Subtask load_standings
[2021-03-09 14:15:17,522] {logging_mixin.py:104} INFO - Running <TaskInstance: extract_standings.load_standings 2021-03-09T20:15:12.897482+00:00 [running]> on host 25.1.168.192.in-addr.arpa
[2021-03-09 14:15:17,547] {taskinstance.py:1255} INFO - Exporting the following env vars:
AIRFLOW_CTX_DAG_OWNER=AWTY
AIRFLOW_CTX_DAG_ID=extract_standings
AIRFLOW_CTX_TASK_ID=load_standings
AIRFLOW_CTX_EXECUTION_DATE=2021-03-09T20:15:12.897482+00:00
AIRFLOW_CTX_DAG_RUN_ID=manual__2021-03-09T20:15:12.897482+00:00
[2021-03-09 14:15:17,548] {bash.py:135} INFO - Tmp dir root location: 
 /var/folders/n1/tvvct6mn75xbwwwl4s02tfdc0000gn/T
[2021-03-09 14:15:17,548] {bash.py:158} INFO - Running command: curl --header "Content-Type: application/json" --request POST --data @./sampleData.json http://127.0.0.1:4321/db/update
[2021-03-09 14:15:17,555] {bash.py:169} INFO - Output:
[2021-03-09 14:15:17,575] {bash.py:173} INFO - Warning: Couldn't read data from file "./sampleData.json", this makes an empty
[2021-03-09 14:15:17,576] {bash.py:173} INFO - Warning: POST.
[2021-03-09 14:15:17,576] {bash.py:173} INFO -   % Total    % Received % Xferd  Average Speed   Time    Time     Time  Current
[2021-03-09 14:15:17,576] {bash.py:173} INFO -                                  Dload  Upload   Total   Spent    Left  Speed
[2021-03-09 14:15:17,580] {bash.py:173} INFO -   0     0    0     0    0     0      0      0 --:--:-- --:--:-- --:--:--     0100   192  100   192    0     0  48000      0 --:--:-- --:--:-- --:--:-- 48000
[2021-03-09 14:15:17,581] {bash.py:173} INFO - <!DOCTYPE HTML PUBLIC "-//W3C//DTD HTML 3.2 Final//EN">
[2021-03-09 14:15:17,581] {bash.py:173} INFO - <title>400 Bad Request</title>
[2021-03-09 14:15:17,581] {bash.py:173} INFO - <h1>Bad Request</h1>
[2021-03-09 14:15:17,582] {bash.py:173} INFO - <p>The browser (or proxy) sent a request that this server could not understand.</p>
[2021-03-09 14:15:17,582] {bash.py:177} INFO - Command exited with return code 0
[2021-03-09 14:15:17,593] {taskinstance.py:1159} INFO - Marking task as SUCCESS. dag_id=extract_standings, task_id=load_standings, execution_date=20210309T201512, start_date=20210309T201517, end_date=20210309T201517
[2021-03-09 14:15:17,603] {taskinstance.py:1220} INFO - 0 downstream tasks scheduled from follow-on schedule check
[2021-03-09 14:15:17,619] {local_task_job.py:146} INFO - Task exited with return code 0
