[2021-02-23 20:33:15,066] {scheduler_job.py:182} INFO - Started process (PID=31) to work on /home/airflow/.local/lib/python3.8/site-packages/airflow/example_dags/example_trigger_controller_dag.py
[2021-02-23 20:33:15,068] {scheduler_job.py:633} INFO - Processing file /home/airflow/.local/lib/python3.8/site-packages/airflow/example_dags/example_trigger_controller_dag.py for tasks to queue
[2021-02-23 20:33:15,069] {logging_mixin.py:104} INFO - [2021-02-23 20:33:15,069] {dagbag.py:448} INFO - Filling up the DagBag from /home/airflow/.local/lib/python3.8/site-packages/airflow/example_dags/example_trigger_controller_dag.py
[2021-02-23 20:33:15,153] {scheduler_job.py:643} INFO - DAG(s) dict_keys(['example_trigger_controller_dag']) retrieved from /home/airflow/.local/lib/python3.8/site-packages/airflow/example_dags/example_trigger_controller_dag.py
[2021-02-23 20:33:15,180] {logging_mixin.py:104} INFO - [2021-02-23 20:33:15,180] {dag.py:1818} INFO - Sync 1 DAGs
[2021-02-23 20:33:15,208] {logging_mixin.py:104} INFO - [2021-02-23 20:33:15,208] {dag.py:2273} INFO - Setting next_dagrun for example_trigger_controller_dag to 2021-02-21 00:00:00+00:00
[2021-02-23 20:33:15,250] {scheduler_job.py:190} INFO - Processing /home/airflow/.local/lib/python3.8/site-packages/airflow/example_dags/example_trigger_controller_dag.py took 0.188 seconds
[2021-02-23 20:34:07,264] {scheduler_job.py:182} INFO - Started process (PID=59) to work on /home/airflow/.local/lib/python3.8/site-packages/airflow/example_dags/example_trigger_controller_dag.py
[2021-02-23 20:34:07,279] {scheduler_job.py:633} INFO - Processing file /home/airflow/.local/lib/python3.8/site-packages/airflow/example_dags/example_trigger_controller_dag.py for tasks to queue
[2021-02-23 20:34:07,289] {logging_mixin.py:104} INFO - [2021-02-23 20:34:07,288] {dagbag.py:448} INFO - Filling up the DagBag from /home/airflow/.local/lib/python3.8/site-packages/airflow/example_dags/example_trigger_controller_dag.py
[2021-02-23 20:34:07,936] {scheduler_job.py:643} INFO - DAG(s) dict_keys(['example_trigger_controller_dag']) retrieved from /home/airflow/.local/lib/python3.8/site-packages/airflow/example_dags/example_trigger_controller_dag.py
[2021-02-23 20:34:10,387] {logging_mixin.py:104} INFO - [2021-02-23 20:34:10,387] {dag.py:1818} INFO - Sync 1 DAGs
[2021-02-23 20:34:10,419] {logging_mixin.py:104} INFO - [2021-02-23 20:34:10,419] {dag.py:2273} INFO - Setting next_dagrun for example_trigger_controller_dag to 2021-02-21 00:00:00+00:00
[2021-02-23 20:34:10,446] {scheduler_job.py:190} INFO - Processing /home/airflow/.local/lib/python3.8/site-packages/airflow/example_dags/example_trigger_controller_dag.py took 3.310 seconds
[2021-02-23 20:34:42,894] {scheduler_job.py:182} INFO - Started process (PID=90) to work on /home/airflow/.local/lib/python3.8/site-packages/airflow/example_dags/example_trigger_controller_dag.py
[2021-02-23 20:34:42,900] {scheduler_job.py:633} INFO - Processing file /home/airflow/.local/lib/python3.8/site-packages/airflow/example_dags/example_trigger_controller_dag.py for tasks to queue
[2021-02-23 20:34:42,920] {logging_mixin.py:104} INFO - [2021-02-23 20:34:42,919] {dagbag.py:448} INFO - Filling up the DagBag from /home/airflow/.local/lib/python3.8/site-packages/airflow/example_dags/example_trigger_controller_dag.py
[2021-02-23 20:34:42,938] {scheduler_job.py:643} INFO - DAG(s) dict_keys(['example_trigger_controller_dag']) retrieved from /home/airflow/.local/lib/python3.8/site-packages/airflow/example_dags/example_trigger_controller_dag.py
[2021-02-23 20:34:43,005] {logging_mixin.py:104} INFO - [2021-02-23 20:34:43,005] {dag.py:1818} INFO - Sync 1 DAGs
[2021-02-23 20:34:43,042] {logging_mixin.py:104} INFO - [2021-02-23 20:34:43,042] {dag.py:2273} INFO - Setting next_dagrun for example_trigger_controller_dag to 2021-02-21 00:00:00+00:00
[2021-02-23 20:34:43,070] {scheduler_job.py:190} INFO - Processing /home/airflow/.local/lib/python3.8/site-packages/airflow/example_dags/example_trigger_controller_dag.py took 0.189 seconds
[2021-02-23 20:35:18,452] {scheduler_job.py:182} INFO - Started process (PID=115) to work on /home/airflow/.local/lib/python3.8/site-packages/airflow/example_dags/example_trigger_controller_dag.py
[2021-02-23 20:35:18,455] {scheduler_job.py:633} INFO - Processing file /home/airflow/.local/lib/python3.8/site-packages/airflow/example_dags/example_trigger_controller_dag.py for tasks to queue
[2021-02-23 20:35:18,461] {logging_mixin.py:104} INFO - [2021-02-23 20:35:18,461] {dagbag.py:448} INFO - Filling up the DagBag from /home/airflow/.local/lib/python3.8/site-packages/airflow/example_dags/example_trigger_controller_dag.py
[2021-02-23 20:35:18,484] {scheduler_job.py:643} INFO - DAG(s) dict_keys(['example_trigger_controller_dag']) retrieved from /home/airflow/.local/lib/python3.8/site-packages/airflow/example_dags/example_trigger_controller_dag.py
[2021-02-23 20:35:18,522] {logging_mixin.py:104} INFO - [2021-02-23 20:35:18,522] {dag.py:1818} INFO - Sync 1 DAGs
[2021-02-23 20:35:18,535] {logging_mixin.py:104} INFO - [2021-02-23 20:35:18,535] {dag.py:2273} INFO - Setting next_dagrun for example_trigger_controller_dag to 2021-02-21 00:00:00+00:00
[2021-02-23 20:35:18,554] {scheduler_job.py:190} INFO - Processing /home/airflow/.local/lib/python3.8/site-packages/airflow/example_dags/example_trigger_controller_dag.py took 0.110 seconds
