[2021-02-23 20:33:17,178] {scheduler_job.py:182} INFO - Started process (PID=46) to work on /home/airflow/.local/lib/python3.8/site-packages/airflow/example_dags/example_dag_decorator.py
[2021-02-23 20:33:17,180] {scheduler_job.py:633} INFO - Processing file /home/airflow/.local/lib/python3.8/site-packages/airflow/example_dags/example_dag_decorator.py for tasks to queue
[2021-02-23 20:33:17,182] {logging_mixin.py:104} INFO - [2021-02-23 20:33:17,181] {dagbag.py:448} INFO - Filling up the DagBag from /home/airflow/.local/lib/python3.8/site-packages/airflow/example_dags/example_dag_decorator.py
[2021-02-23 20:33:17,371] {scheduler_job.py:643} INFO - DAG(s) dict_keys(['example_dag_decorator']) retrieved from /home/airflow/.local/lib/python3.8/site-packages/airflow/example_dags/example_dag_decorator.py
[2021-02-23 20:33:17,514] {logging_mixin.py:104} INFO - [2021-02-23 20:33:17,514] {dag.py:1818} INFO - Sync 1 DAGs
[2021-02-23 20:33:17,552] {logging_mixin.py:104} INFO - [2021-02-23 20:33:17,552] {dag.py:2273} INFO - Setting next_dagrun for example_dag_decorator to None
[2021-02-23 20:33:17,653] {scheduler_job.py:190} INFO - Processing /home/airflow/.local/lib/python3.8/site-packages/airflow/example_dags/example_dag_decorator.py took 0.479 seconds
[2021-02-23 20:34:15,467] {scheduler_job.py:182} INFO - Started process (PID=74) to work on /home/airflow/.local/lib/python3.8/site-packages/airflow/example_dags/example_dag_decorator.py
[2021-02-23 20:34:15,470] {scheduler_job.py:633} INFO - Processing file /home/airflow/.local/lib/python3.8/site-packages/airflow/example_dags/example_dag_decorator.py for tasks to queue
[2021-02-23 20:34:15,471] {logging_mixin.py:104} INFO - [2021-02-23 20:34:15,471] {dagbag.py:448} INFO - Filling up the DagBag from /home/airflow/.local/lib/python3.8/site-packages/airflow/example_dags/example_dag_decorator.py
[2021-02-23 20:34:15,827] {scheduler_job.py:643} INFO - DAG(s) dict_keys(['example_dag_decorator']) retrieved from /home/airflow/.local/lib/python3.8/site-packages/airflow/example_dags/example_dag_decorator.py
[2021-02-23 20:34:15,927] {logging_mixin.py:104} INFO - [2021-02-23 20:34:15,927] {dag.py:1818} INFO - Sync 1 DAGs
[2021-02-23 20:34:15,947] {logging_mixin.py:104} INFO - [2021-02-23 20:34:15,947] {dag.py:2273} INFO - Setting next_dagrun for example_dag_decorator to None
[2021-02-23 20:34:16,024] {scheduler_job.py:190} INFO - Processing /home/airflow/.local/lib/python3.8/site-packages/airflow/example_dags/example_dag_decorator.py took 0.561 seconds
[2021-02-23 20:34:46,832] {scheduler_job.py:182} INFO - Started process (PID=103) to work on /home/airflow/.local/lib/python3.8/site-packages/airflow/example_dags/example_dag_decorator.py
[2021-02-23 20:34:46,834] {scheduler_job.py:633} INFO - Processing file /home/airflow/.local/lib/python3.8/site-packages/airflow/example_dags/example_dag_decorator.py for tasks to queue
[2021-02-23 20:34:46,835] {logging_mixin.py:104} INFO - [2021-02-23 20:34:46,835] {dagbag.py:448} INFO - Filling up the DagBag from /home/airflow/.local/lib/python3.8/site-packages/airflow/example_dags/example_dag_decorator.py
[2021-02-23 20:34:46,855] {scheduler_job.py:643} INFO - DAG(s) dict_keys(['example_dag_decorator']) retrieved from /home/airflow/.local/lib/python3.8/site-packages/airflow/example_dags/example_dag_decorator.py
[2021-02-23 20:34:46,881] {logging_mixin.py:104} INFO - [2021-02-23 20:34:46,881] {dag.py:1818} INFO - Sync 1 DAGs
[2021-02-23 20:34:46,894] {logging_mixin.py:104} INFO - [2021-02-23 20:34:46,894] {dag.py:2273} INFO - Setting next_dagrun for example_dag_decorator to None
[2021-02-23 20:34:46,906] {scheduler_job.py:190} INFO - Processing /home/airflow/.local/lib/python3.8/site-packages/airflow/example_dags/example_dag_decorator.py took 0.078 seconds
[2021-02-23 20:35:19,692] {scheduler_job.py:182} INFO - Started process (PID=130) to work on /home/airflow/.local/lib/python3.8/site-packages/airflow/example_dags/example_dag_decorator.py
[2021-02-23 20:35:19,694] {scheduler_job.py:633} INFO - Processing file /home/airflow/.local/lib/python3.8/site-packages/airflow/example_dags/example_dag_decorator.py for tasks to queue
[2021-02-23 20:35:19,696] {logging_mixin.py:104} INFO - [2021-02-23 20:35:19,696] {dagbag.py:448} INFO - Filling up the DagBag from /home/airflow/.local/lib/python3.8/site-packages/airflow/example_dags/example_dag_decorator.py
[2021-02-23 20:35:19,720] {scheduler_job.py:643} INFO - DAG(s) dict_keys(['example_dag_decorator']) retrieved from /home/airflow/.local/lib/python3.8/site-packages/airflow/example_dags/example_dag_decorator.py
[2021-02-23 20:35:19,745] {logging_mixin.py:104} INFO - [2021-02-23 20:35:19,745] {dag.py:1818} INFO - Sync 1 DAGs
[2021-02-23 20:35:19,766] {logging_mixin.py:104} INFO - [2021-02-23 20:35:19,766] {dag.py:2273} INFO - Setting next_dagrun for example_dag_decorator to None
[2021-02-23 20:35:19,785] {scheduler_job.py:190} INFO - Processing /home/airflow/.local/lib/python3.8/site-packages/airflow/example_dags/example_dag_decorator.py took 0.097 seconds
