[2021-02-23 20:33:15,171] {scheduler_job.py:182} INFO - Started process (PID=32) to work on /home/airflow/.local/lib/python3.8/site-packages/airflow/example_dags/example_external_task_marker_dag.py
[2021-02-23 20:33:15,175] {scheduler_job.py:633} INFO - Processing file /home/airflow/.local/lib/python3.8/site-packages/airflow/example_dags/example_external_task_marker_dag.py for tasks to queue
[2021-02-23 20:33:15,176] {logging_mixin.py:104} INFO - [2021-02-23 20:33:15,176] {dagbag.py:448} INFO - Filling up the DagBag from /home/airflow/.local/lib/python3.8/site-packages/airflow/example_dags/example_external_task_marker_dag.py
[2021-02-23 20:33:15,203] {scheduler_job.py:643} INFO - DAG(s) dict_keys(['example_external_task_marker_parent', 'example_external_task_marker_child']) retrieved from /home/airflow/.local/lib/python3.8/site-packages/airflow/example_dags/example_external_task_marker_dag.py
[2021-02-23 20:33:15,313] {logging_mixin.py:104} INFO - [2021-02-23 20:33:15,313] {dag.py:1818} INFO - Sync 2 DAGs
[2021-02-23 20:33:15,334] {logging_mixin.py:104} INFO - [2021-02-23 20:33:15,334] {dag.py:2273} INFO - Setting next_dagrun for example_external_task_marker_child to None
[2021-02-23 20:33:15,338] {logging_mixin.py:104} INFO - [2021-02-23 20:33:15,338] {dag.py:2273} INFO - Setting next_dagrun for example_external_task_marker_parent to None
[2021-02-23 20:33:15,382] {scheduler_job.py:190} INFO - Processing /home/airflow/.local/lib/python3.8/site-packages/airflow/example_dags/example_external_task_marker_dag.py took 0.218 seconds
[2021-02-23 20:34:10,091] {scheduler_job.py:182} INFO - Started process (PID=60) to work on /home/airflow/.local/lib/python3.8/site-packages/airflow/example_dags/example_external_task_marker_dag.py
[2021-02-23 20:34:10,094] {scheduler_job.py:633} INFO - Processing file /home/airflow/.local/lib/python3.8/site-packages/airflow/example_dags/example_external_task_marker_dag.py for tasks to queue
[2021-02-23 20:34:10,101] {logging_mixin.py:104} INFO - [2021-02-23 20:34:10,100] {dagbag.py:448} INFO - Filling up the DagBag from /home/airflow/.local/lib/python3.8/site-packages/airflow/example_dags/example_external_task_marker_dag.py
[2021-02-23 20:34:10,454] {scheduler_job.py:643} INFO - DAG(s) dict_keys(['example_external_task_marker_parent', 'example_external_task_marker_child']) retrieved from /home/airflow/.local/lib/python3.8/site-packages/airflow/example_dags/example_external_task_marker_dag.py
[2021-02-23 20:34:10,548] {logging_mixin.py:104} INFO - [2021-02-23 20:34:10,548] {dag.py:1818} INFO - Sync 2 DAGs
[2021-02-23 20:34:10,601] {logging_mixin.py:104} INFO - [2021-02-23 20:34:10,600] {dag.py:2273} INFO - Setting next_dagrun for example_external_task_marker_child to None
[2021-02-23 20:34:10,604] {logging_mixin.py:104} INFO - [2021-02-23 20:34:10,604] {dag.py:2273} INFO - Setting next_dagrun for example_external_task_marker_parent to None
[2021-02-23 20:34:10,617] {scheduler_job.py:190} INFO - Processing /home/airflow/.local/lib/python3.8/site-packages/airflow/example_dags/example_external_task_marker_dag.py took 0.534 seconds
[2021-02-23 20:34:42,726] {scheduler_job.py:182} INFO - Started process (PID=88) to work on /home/airflow/.local/lib/python3.8/site-packages/airflow/example_dags/example_external_task_marker_dag.py
[2021-02-23 20:34:42,728] {scheduler_job.py:633} INFO - Processing file /home/airflow/.local/lib/python3.8/site-packages/airflow/example_dags/example_external_task_marker_dag.py for tasks to queue
[2021-02-23 20:34:42,734] {logging_mixin.py:104} INFO - [2021-02-23 20:34:42,734] {dagbag.py:448} INFO - Filling up the DagBag from /home/airflow/.local/lib/python3.8/site-packages/airflow/example_dags/example_external_task_marker_dag.py
[2021-02-23 20:34:42,772] {scheduler_job.py:643} INFO - DAG(s) dict_keys(['example_external_task_marker_parent', 'example_external_task_marker_child']) retrieved from /home/airflow/.local/lib/python3.8/site-packages/airflow/example_dags/example_external_task_marker_dag.py
[2021-02-23 20:34:42,819] {logging_mixin.py:104} INFO - [2021-02-23 20:34:42,819] {dag.py:1818} INFO - Sync 2 DAGs
[2021-02-23 20:34:42,838] {logging_mixin.py:104} INFO - [2021-02-23 20:34:42,838] {dag.py:2273} INFO - Setting next_dagrun for example_external_task_marker_child to None
[2021-02-23 20:34:42,840] {logging_mixin.py:104} INFO - [2021-02-23 20:34:42,840] {dag.py:2273} INFO - Setting next_dagrun for example_external_task_marker_parent to None
[2021-02-23 20:34:42,856] {scheduler_job.py:190} INFO - Processing /home/airflow/.local/lib/python3.8/site-packages/airflow/example_dags/example_external_task_marker_dag.py took 0.134 seconds
[2021-02-23 20:35:18,563] {scheduler_job.py:182} INFO - Started process (PID=116) to work on /home/airflow/.local/lib/python3.8/site-packages/airflow/example_dags/example_external_task_marker_dag.py
[2021-02-23 20:35:18,567] {scheduler_job.py:633} INFO - Processing file /home/airflow/.local/lib/python3.8/site-packages/airflow/example_dags/example_external_task_marker_dag.py for tasks to queue
[2021-02-23 20:35:18,571] {logging_mixin.py:104} INFO - [2021-02-23 20:35:18,571] {dagbag.py:448} INFO - Filling up the DagBag from /home/airflow/.local/lib/python3.8/site-packages/airflow/example_dags/example_external_task_marker_dag.py
[2021-02-23 20:35:18,590] {scheduler_job.py:643} INFO - DAG(s) dict_keys(['example_external_task_marker_parent', 'example_external_task_marker_child']) retrieved from /home/airflow/.local/lib/python3.8/site-packages/airflow/example_dags/example_external_task_marker_dag.py
[2021-02-23 20:35:18,632] {logging_mixin.py:104} INFO - [2021-02-23 20:35:18,631] {dag.py:1818} INFO - Sync 2 DAGs
[2021-02-23 20:35:18,656] {logging_mixin.py:104} INFO - [2021-02-23 20:35:18,656] {dag.py:2273} INFO - Setting next_dagrun for example_external_task_marker_child to None
[2021-02-23 20:35:18,659] {logging_mixin.py:104} INFO - [2021-02-23 20:35:18,659] {dag.py:2273} INFO - Setting next_dagrun for example_external_task_marker_parent to None
[2021-02-23 20:35:18,695] {scheduler_job.py:190} INFO - Processing /home/airflow/.local/lib/python3.8/site-packages/airflow/example_dags/example_external_task_marker_dag.py took 0.140 seconds
