[2021-02-23 20:33:15,764] {scheduler_job.py:182} INFO - Started process (PID=37) to work on /home/airflow/.local/lib/python3.8/site-packages/airflow/example_dags/example_branch_operator.py
[2021-02-23 20:33:15,766] {scheduler_job.py:633} INFO - Processing file /home/airflow/.local/lib/python3.8/site-packages/airflow/example_dags/example_branch_operator.py for tasks to queue
[2021-02-23 20:33:15,767] {logging_mixin.py:104} INFO - [2021-02-23 20:33:15,767] {dagbag.py:448} INFO - Filling up the DagBag from /home/airflow/.local/lib/python3.8/site-packages/airflow/example_dags/example_branch_operator.py
[2021-02-23 20:33:15,794] {scheduler_job.py:643} INFO - DAG(s) dict_keys(['example_branch_operator']) retrieved from /home/airflow/.local/lib/python3.8/site-packages/airflow/example_dags/example_branch_operator.py
[2021-02-23 20:33:15,822] {logging_mixin.py:104} INFO - [2021-02-23 20:33:15,822] {dag.py:1818} INFO - Sync 1 DAGs
[2021-02-23 20:33:15,841] {logging_mixin.py:104} INFO - [2021-02-23 20:33:15,841] {dag.py:2273} INFO - Setting next_dagrun for example_branch_operator to 2021-02-21 00:00:00+00:00
[2021-02-23 20:33:15,891] {scheduler_job.py:190} INFO - Processing /home/airflow/.local/lib/python3.8/site-packages/airflow/example_dags/example_branch_operator.py took 0.131 seconds
[2021-02-23 20:34:12,547] {scheduler_job.py:182} INFO - Started process (PID=65) to work on /home/airflow/.local/lib/python3.8/site-packages/airflow/example_dags/example_branch_operator.py
[2021-02-23 20:34:12,703] {scheduler_job.py:633} INFO - Processing file /home/airflow/.local/lib/python3.8/site-packages/airflow/example_dags/example_branch_operator.py for tasks to queue
[2021-02-23 20:34:12,704] {logging_mixin.py:104} INFO - [2021-02-23 20:34:12,704] {dagbag.py:448} INFO - Filling up the DagBag from /home/airflow/.local/lib/python3.8/site-packages/airflow/example_dags/example_branch_operator.py
[2021-02-23 20:34:12,850] {scheduler_job.py:643} INFO - DAG(s) dict_keys(['example_branch_operator']) retrieved from /home/airflow/.local/lib/python3.8/site-packages/airflow/example_dags/example_branch_operator.py
[2021-02-23 20:34:13,091] {logging_mixin.py:104} INFO - [2021-02-23 20:34:13,091] {dag.py:1818} INFO - Sync 1 DAGs
[2021-02-23 20:34:13,227] {logging_mixin.py:104} INFO - [2021-02-23 20:34:13,227] {dag.py:2273} INFO - Setting next_dagrun for example_branch_operator to 2021-02-21 00:00:00+00:00
[2021-02-23 20:34:13,399] {scheduler_job.py:190} INFO - Processing /home/airflow/.local/lib/python3.8/site-packages/airflow/example_dags/example_branch_operator.py took 0.869 seconds
[2021-02-23 20:34:44,414] {scheduler_job.py:182} INFO - Started process (PID=97) to work on /home/airflow/.local/lib/python3.8/site-packages/airflow/example_dags/example_branch_operator.py
[2021-02-23 20:34:44,417] {scheduler_job.py:633} INFO - Processing file /home/airflow/.local/lib/python3.8/site-packages/airflow/example_dags/example_branch_operator.py for tasks to queue
[2021-02-23 20:34:44,421] {logging_mixin.py:104} INFO - [2021-02-23 20:34:44,420] {dagbag.py:448} INFO - Filling up the DagBag from /home/airflow/.local/lib/python3.8/site-packages/airflow/example_dags/example_branch_operator.py
[2021-02-23 20:34:44,470] {scheduler_job.py:643} INFO - DAG(s) dict_keys(['example_branch_operator']) retrieved from /home/airflow/.local/lib/python3.8/site-packages/airflow/example_dags/example_branch_operator.py
[2021-02-23 20:34:44,524] {logging_mixin.py:104} INFO - [2021-02-23 20:34:44,524] {dag.py:1818} INFO - Sync 1 DAGs
[2021-02-23 20:34:44,568] {logging_mixin.py:104} INFO - [2021-02-23 20:34:44,568] {dag.py:2273} INFO - Setting next_dagrun for example_branch_operator to 2021-02-21 00:00:00+00:00
[2021-02-23 20:34:44,603] {scheduler_job.py:190} INFO - Processing /home/airflow/.local/lib/python3.8/site-packages/airflow/example_dags/example_branch_operator.py took 0.204 seconds
[2021-02-23 20:35:18,989] {scheduler_job.py:182} INFO - Started process (PID=121) to work on /home/airflow/.local/lib/python3.8/site-packages/airflow/example_dags/example_branch_operator.py
[2021-02-23 20:35:18,992] {scheduler_job.py:633} INFO - Processing file /home/airflow/.local/lib/python3.8/site-packages/airflow/example_dags/example_branch_operator.py for tasks to queue
[2021-02-23 20:35:18,995] {logging_mixin.py:104} INFO - [2021-02-23 20:35:18,995] {dagbag.py:448} INFO - Filling up the DagBag from /home/airflow/.local/lib/python3.8/site-packages/airflow/example_dags/example_branch_operator.py
[2021-02-23 20:35:19,023] {scheduler_job.py:643} INFO - DAG(s) dict_keys(['example_branch_operator']) retrieved from /home/airflow/.local/lib/python3.8/site-packages/airflow/example_dags/example_branch_operator.py
[2021-02-23 20:35:19,057] {logging_mixin.py:104} INFO - [2021-02-23 20:35:19,057] {dag.py:1818} INFO - Sync 1 DAGs
[2021-02-23 20:35:19,086] {logging_mixin.py:104} INFO - [2021-02-23 20:35:19,086] {dag.py:2273} INFO - Setting next_dagrun for example_branch_operator to 2021-02-21 00:00:00+00:00
[2021-02-23 20:35:19,097] {scheduler_job.py:190} INFO - Processing /home/airflow/.local/lib/python3.8/site-packages/airflow/example_dags/example_branch_operator.py took 0.112 seconds
