[2021-02-23 20:33:12,361] {scheduler_job.py:182} INFO - Started process (PID=20) to work on /home/airflow/.local/lib/python3.8/site-packages/airflow/example_dags/example_skip_dag.py
[2021-02-23 20:33:12,370] {scheduler_job.py:633} INFO - Processing file /home/airflow/.local/lib/python3.8/site-packages/airflow/example_dags/example_skip_dag.py for tasks to queue
[2021-02-23 20:33:12,402] {logging_mixin.py:104} INFO - [2021-02-23 20:33:12,401] {dagbag.py:448} INFO - Filling up the DagBag from /home/airflow/.local/lib/python3.8/site-packages/airflow/example_dags/example_skip_dag.py
[2021-02-23 20:33:12,489] {scheduler_job.py:643} INFO - DAG(s) dict_keys(['example_skip_dag']) retrieved from /home/airflow/.local/lib/python3.8/site-packages/airflow/example_dags/example_skip_dag.py
[2021-02-23 20:33:12,509] {logging_mixin.py:104} INFO - [2021-02-23 20:33:12,509] {dag.py:1818} INFO - Sync 1 DAGs
[2021-02-23 20:33:12,556] {logging_mixin.py:104} INFO - [2021-02-23 20:33:12,556] {dag.py:2273} INFO - Setting next_dagrun for example_skip_dag to 2021-02-21 00:00:00+00:00
[2021-02-23 20:33:12,610] {scheduler_job.py:190} INFO - Processing /home/airflow/.local/lib/python3.8/site-packages/airflow/example_dags/example_skip_dag.py took 0.259 seconds
[2021-02-23 20:33:45,210] {scheduler_job.py:182} INFO - Started process (PID=48) to work on /home/airflow/.local/lib/python3.8/site-packages/airflow/example_dags/example_skip_dag.py
[2021-02-23 20:33:45,286] {scheduler_job.py:633} INFO - Processing file /home/airflow/.local/lib/python3.8/site-packages/airflow/example_dags/example_skip_dag.py for tasks to queue
[2021-02-23 20:33:45,644] {logging_mixin.py:104} INFO - [2021-02-23 20:33:45,579] {dagbag.py:448} INFO - Filling up the DagBag from /home/airflow/.local/lib/python3.8/site-packages/airflow/example_dags/example_skip_dag.py
[2021-02-23 20:33:48,005] {scheduler_job.py:643} INFO - DAG(s) dict_keys(['example_skip_dag']) retrieved from /home/airflow/.local/lib/python3.8/site-packages/airflow/example_dags/example_skip_dag.py
[2021-02-23 20:33:49,539] {logging_mixin.py:104} INFO - [2021-02-23 20:33:49,510] {dag.py:1818} INFO - Sync 1 DAGs
[2021-02-23 20:33:51,297] {logging_mixin.py:104} INFO - [2021-02-23 20:33:51,294] {dag.py:2273} INFO - Setting next_dagrun for example_skip_dag to 2021-02-21 00:00:00+00:00
[2021-02-23 20:33:52,305] {scheduler_job.py:190} INFO - Processing /home/airflow/.local/lib/python3.8/site-packages/airflow/example_dags/example_skip_dag.py took 7.627 seconds
[2021-02-23 20:34:22,807] {scheduler_job.py:182} INFO - Started process (PID=76) to work on /home/airflow/.local/lib/python3.8/site-packages/airflow/example_dags/example_skip_dag.py
[2021-02-23 20:34:22,812] {scheduler_job.py:633} INFO - Processing file /home/airflow/.local/lib/python3.8/site-packages/airflow/example_dags/example_skip_dag.py for tasks to queue
[2021-02-23 20:34:22,813] {logging_mixin.py:104} INFO - [2021-02-23 20:34:22,813] {dagbag.py:448} INFO - Filling up the DagBag from /home/airflow/.local/lib/python3.8/site-packages/airflow/example_dags/example_skip_dag.py
[2021-02-23 20:34:22,855] {scheduler_job.py:643} INFO - DAG(s) dict_keys(['example_skip_dag']) retrieved from /home/airflow/.local/lib/python3.8/site-packages/airflow/example_dags/example_skip_dag.py
[2021-02-23 20:34:22,897] {logging_mixin.py:104} INFO - [2021-02-23 20:34:22,897] {dag.py:1818} INFO - Sync 1 DAGs
[2021-02-23 20:34:22,910] {logging_mixin.py:104} INFO - [2021-02-23 20:34:22,910] {dag.py:2273} INFO - Setting next_dagrun for example_skip_dag to 2021-02-21 00:00:00+00:00
[2021-02-23 20:34:22,942] {scheduler_job.py:190} INFO - Processing /home/airflow/.local/lib/python3.8/site-packages/airflow/example_dags/example_skip_dag.py took 0.138 seconds
[2021-02-23 20:34:53,117] {scheduler_job.py:182} INFO - Started process (PID=105) to work on /home/airflow/.local/lib/python3.8/site-packages/airflow/example_dags/example_skip_dag.py
[2021-02-23 20:34:53,119] {scheduler_job.py:633} INFO - Processing file /home/airflow/.local/lib/python3.8/site-packages/airflow/example_dags/example_skip_dag.py for tasks to queue
[2021-02-23 20:34:53,121] {logging_mixin.py:104} INFO - [2021-02-23 20:34:53,121] {dagbag.py:448} INFO - Filling up the DagBag from /home/airflow/.local/lib/python3.8/site-packages/airflow/example_dags/example_skip_dag.py
[2021-02-23 20:34:53,143] {scheduler_job.py:643} INFO - DAG(s) dict_keys(['example_skip_dag']) retrieved from /home/airflow/.local/lib/python3.8/site-packages/airflow/example_dags/example_skip_dag.py
[2021-02-23 20:34:53,191] {logging_mixin.py:104} INFO - [2021-02-23 20:34:53,191] {dag.py:1818} INFO - Sync 1 DAGs
[2021-02-23 20:34:53,215] {logging_mixin.py:104} INFO - [2021-02-23 20:34:53,215] {dag.py:2273} INFO - Setting next_dagrun for example_skip_dag to 2021-02-21 00:00:00+00:00
[2021-02-23 20:34:53,225] {scheduler_job.py:190} INFO - Processing /home/airflow/.local/lib/python3.8/site-packages/airflow/example_dags/example_skip_dag.py took 0.113 seconds
[2021-02-23 20:35:23,840] {scheduler_job.py:182} INFO - Started process (PID=132) to work on /home/airflow/.local/lib/python3.8/site-packages/airflow/example_dags/example_skip_dag.py
[2021-02-23 20:35:23,843] {scheduler_job.py:633} INFO - Processing file /home/airflow/.local/lib/python3.8/site-packages/airflow/example_dags/example_skip_dag.py for tasks to queue
[2021-02-23 20:35:23,845] {logging_mixin.py:104} INFO - [2021-02-23 20:35:23,845] {dagbag.py:448} INFO - Filling up the DagBag from /home/airflow/.local/lib/python3.8/site-packages/airflow/example_dags/example_skip_dag.py
[2021-02-23 20:35:23,869] {scheduler_job.py:643} INFO - DAG(s) dict_keys(['example_skip_dag']) retrieved from /home/airflow/.local/lib/python3.8/site-packages/airflow/example_dags/example_skip_dag.py
[2021-02-23 20:35:23,901] {logging_mixin.py:104} INFO - [2021-02-23 20:35:23,901] {dag.py:1818} INFO - Sync 1 DAGs
[2021-02-23 20:35:23,918] {logging_mixin.py:104} INFO - [2021-02-23 20:35:23,918] {dag.py:2273} INFO - Setting next_dagrun for example_skip_dag to 2021-02-21 00:00:00+00:00
[2021-02-23 20:35:23,933] {scheduler_job.py:190} INFO - Processing /home/airflow/.local/lib/python3.8/site-packages/airflow/example_dags/example_skip_dag.py took 0.098 seconds
