[2021-02-23 20:33:13,687] {scheduler_job.py:182} INFO - Started process (PID=27) to work on /home/airflow/.local/lib/python3.8/site-packages/airflow/example_dags/example_latest_only_with_trigger.py
[2021-02-23 20:33:13,707] {scheduler_job.py:633} INFO - Processing file /home/airflow/.local/lib/python3.8/site-packages/airflow/example_dags/example_latest_only_with_trigger.py for tasks to queue
[2021-02-23 20:33:13,709] {logging_mixin.py:104} INFO - [2021-02-23 20:33:13,709] {dagbag.py:448} INFO - Filling up the DagBag from /home/airflow/.local/lib/python3.8/site-packages/airflow/example_dags/example_latest_only_with_trigger.py
[2021-02-23 20:33:14,040] {scheduler_job.py:643} INFO - DAG(s) dict_keys(['latest_only_with_trigger']) retrieved from /home/airflow/.local/lib/python3.8/site-packages/airflow/example_dags/example_latest_only_with_trigger.py
[2021-02-23 20:33:14,273] {logging_mixin.py:104} INFO - [2021-02-23 20:33:14,273] {dag.py:1818} INFO - Sync 1 DAGs
[2021-02-23 20:33:14,288] {logging_mixin.py:104} INFO - [2021-02-23 20:33:14,288] {dag.py:2273} INFO - Setting next_dagrun for latest_only_with_trigger to 2021-02-21 00:00:00+00:00
[2021-02-23 20:33:14,499] {scheduler_job.py:190} INFO - Processing /home/airflow/.local/lib/python3.8/site-packages/airflow/example_dags/example_latest_only_with_trigger.py took 0.816 seconds
[2021-02-23 20:34:00,084] {scheduler_job.py:182} INFO - Started process (PID=56) to work on /home/airflow/.local/lib/python3.8/site-packages/airflow/example_dags/example_latest_only_with_trigger.py
[2021-02-23 20:34:00,096] {scheduler_job.py:633} INFO - Processing file /home/airflow/.local/lib/python3.8/site-packages/airflow/example_dags/example_latest_only_with_trigger.py for tasks to queue
[2021-02-23 20:34:00,098] {logging_mixin.py:104} INFO - [2021-02-23 20:34:00,098] {dagbag.py:448} INFO - Filling up the DagBag from /home/airflow/.local/lib/python3.8/site-packages/airflow/example_dags/example_latest_only_with_trigger.py
[2021-02-23 20:34:00,433] {scheduler_job.py:643} INFO - DAG(s) dict_keys(['latest_only_with_trigger']) retrieved from /home/airflow/.local/lib/python3.8/site-packages/airflow/example_dags/example_latest_only_with_trigger.py
[2021-02-23 20:34:01,221] {logging_mixin.py:104} INFO - [2021-02-23 20:34:01,221] {dag.py:1818} INFO - Sync 1 DAGs
[2021-02-23 20:34:01,622] {logging_mixin.py:104} INFO - [2021-02-23 20:34:01,614] {dag.py:2273} INFO - Setting next_dagrun for latest_only_with_trigger to 2021-02-21 00:00:00+00:00
[2021-02-23 20:34:01,966] {scheduler_job.py:190} INFO - Processing /home/airflow/.local/lib/python3.8/site-packages/airflow/example_dags/example_latest_only_with_trigger.py took 1.900 seconds
[2021-02-23 20:34:32,410] {scheduler_job.py:182} INFO - Started process (PID=84) to work on /home/airflow/.local/lib/python3.8/site-packages/airflow/example_dags/example_latest_only_with_trigger.py
[2021-02-23 20:34:32,415] {scheduler_job.py:633} INFO - Processing file /home/airflow/.local/lib/python3.8/site-packages/airflow/example_dags/example_latest_only_with_trigger.py for tasks to queue
[2021-02-23 20:34:32,417] {logging_mixin.py:104} INFO - [2021-02-23 20:34:32,416] {dagbag.py:448} INFO - Filling up the DagBag from /home/airflow/.local/lib/python3.8/site-packages/airflow/example_dags/example_latest_only_with_trigger.py
[2021-02-23 20:34:32,461] {scheduler_job.py:643} INFO - DAG(s) dict_keys(['latest_only_with_trigger']) retrieved from /home/airflow/.local/lib/python3.8/site-packages/airflow/example_dags/example_latest_only_with_trigger.py
[2021-02-23 20:34:32,490] {logging_mixin.py:104} INFO - [2021-02-23 20:34:32,489] {dag.py:1818} INFO - Sync 1 DAGs
[2021-02-23 20:34:32,505] {logging_mixin.py:104} INFO - [2021-02-23 20:34:32,505] {dag.py:2273} INFO - Setting next_dagrun for latest_only_with_trigger to 2021-02-21 00:00:00+00:00
[2021-02-23 20:34:32,519] {scheduler_job.py:190} INFO - Processing /home/airflow/.local/lib/python3.8/site-packages/airflow/example_dags/example_latest_only_with_trigger.py took 0.115 seconds
[2021-02-23 20:35:18,225] {scheduler_job.py:182} INFO - Started process (PID=112) to work on /home/airflow/.local/lib/python3.8/site-packages/airflow/example_dags/example_latest_only_with_trigger.py
[2021-02-23 20:35:18,232] {scheduler_job.py:633} INFO - Processing file /home/airflow/.local/lib/python3.8/site-packages/airflow/example_dags/example_latest_only_with_trigger.py for tasks to queue
[2021-02-23 20:35:18,245] {logging_mixin.py:104} INFO - [2021-02-23 20:35:18,244] {dagbag.py:448} INFO - Filling up the DagBag from /home/airflow/.local/lib/python3.8/site-packages/airflow/example_dags/example_latest_only_with_trigger.py
[2021-02-23 20:35:18,275] {scheduler_job.py:643} INFO - DAG(s) dict_keys(['latest_only_with_trigger']) retrieved from /home/airflow/.local/lib/python3.8/site-packages/airflow/example_dags/example_latest_only_with_trigger.py
[2021-02-23 20:35:18,349] {logging_mixin.py:104} INFO - [2021-02-23 20:35:18,348] {dag.py:1818} INFO - Sync 1 DAGs
[2021-02-23 20:35:18,370] {logging_mixin.py:104} INFO - [2021-02-23 20:35:18,370] {dag.py:2273} INFO - Setting next_dagrun for latest_only_with_trigger to 2021-02-21 00:00:00+00:00
[2021-02-23 20:35:18,407] {scheduler_job.py:190} INFO - Processing /home/airflow/.local/lib/python3.8/site-packages/airflow/example_dags/example_latest_only_with_trigger.py took 0.192 seconds
