[2021-02-23 20:33:15,275] {scheduler_job.py:182} INFO - Started process (PID=33) to work on /home/airflow/.local/lib/python3.8/site-packages/airflow/example_dags/example_task_group.py
[2021-02-23 20:33:15,277] {scheduler_job.py:633} INFO - Processing file /home/airflow/.local/lib/python3.8/site-packages/airflow/example_dags/example_task_group.py for tasks to queue
[2021-02-23 20:33:15,278] {logging_mixin.py:104} INFO - [2021-02-23 20:33:15,278] {dagbag.py:448} INFO - Filling up the DagBag from /home/airflow/.local/lib/python3.8/site-packages/airflow/example_dags/example_task_group.py
[2021-02-23 20:33:15,334] {scheduler_job.py:643} INFO - DAG(s) dict_keys(['example_task_group']) retrieved from /home/airflow/.local/lib/python3.8/site-packages/airflow/example_dags/example_task_group.py
[2021-02-23 20:33:15,403] {logging_mixin.py:104} INFO - [2021-02-23 20:33:15,403] {dag.py:1818} INFO - Sync 1 DAGs
[2021-02-23 20:33:15,439] {logging_mixin.py:104} INFO - [2021-02-23 20:33:15,439] {dag.py:2273} INFO - Setting next_dagrun for example_task_group to 2021-02-21 00:00:00+00:00
[2021-02-23 20:33:15,464] {scheduler_job.py:190} INFO - Processing /home/airflow/.local/lib/python3.8/site-packages/airflow/example_dags/example_task_group.py took 0.191 seconds
[2021-02-23 20:34:10,513] {scheduler_job.py:182} INFO - Started process (PID=61) to work on /home/airflow/.local/lib/python3.8/site-packages/airflow/example_dags/example_task_group.py
[2021-02-23 20:34:10,517] {scheduler_job.py:633} INFO - Processing file /home/airflow/.local/lib/python3.8/site-packages/airflow/example_dags/example_task_group.py for tasks to queue
[2021-02-23 20:34:10,521] {logging_mixin.py:104} INFO - [2021-02-23 20:34:10,521] {dagbag.py:448} INFO - Filling up the DagBag from /home/airflow/.local/lib/python3.8/site-packages/airflow/example_dags/example_task_group.py
[2021-02-23 20:34:10,584] {scheduler_job.py:643} INFO - DAG(s) dict_keys(['example_task_group']) retrieved from /home/airflow/.local/lib/python3.8/site-packages/airflow/example_dags/example_task_group.py
[2021-02-23 20:34:10,719] {logging_mixin.py:104} INFO - [2021-02-23 20:34:10,719] {dag.py:1818} INFO - Sync 1 DAGs
[2021-02-23 20:34:10,754] {logging_mixin.py:104} INFO - [2021-02-23 20:34:10,754] {dag.py:2273} INFO - Setting next_dagrun for example_task_group to 2021-02-21 00:00:00+00:00
[2021-02-23 20:34:10,795] {scheduler_job.py:190} INFO - Processing /home/airflow/.local/lib/python3.8/site-packages/airflow/example_dags/example_task_group.py took 0.289 seconds
[2021-02-23 20:34:42,516] {scheduler_job.py:182} INFO - Started process (PID=87) to work on /home/airflow/.local/lib/python3.8/site-packages/airflow/example_dags/example_task_group.py
[2021-02-23 20:34:42,527] {scheduler_job.py:633} INFO - Processing file /home/airflow/.local/lib/python3.8/site-packages/airflow/example_dags/example_task_group.py for tasks to queue
[2021-02-23 20:34:42,535] {logging_mixin.py:104} INFO - [2021-02-23 20:34:42,534] {dagbag.py:448} INFO - Filling up the DagBag from /home/airflow/.local/lib/python3.8/site-packages/airflow/example_dags/example_task_group.py
[2021-02-23 20:34:42,568] {scheduler_job.py:643} INFO - DAG(s) dict_keys(['example_task_group']) retrieved from /home/airflow/.local/lib/python3.8/site-packages/airflow/example_dags/example_task_group.py
[2021-02-23 20:34:42,671] {logging_mixin.py:104} INFO - [2021-02-23 20:34:42,671] {dag.py:1818} INFO - Sync 1 DAGs
[2021-02-23 20:34:42,691] {logging_mixin.py:104} INFO - [2021-02-23 20:34:42,691] {dag.py:2273} INFO - Setting next_dagrun for example_task_group to 2021-02-21 00:00:00+00:00
[2021-02-23 20:34:42,731] {scheduler_job.py:190} INFO - Processing /home/airflow/.local/lib/python3.8/site-packages/airflow/example_dags/example_task_group.py took 0.232 seconds
[2021-02-23 20:35:18,595] {scheduler_job.py:182} INFO - Started process (PID=117) to work on /home/airflow/.local/lib/python3.8/site-packages/airflow/example_dags/example_task_group.py
[2021-02-23 20:35:18,597] {scheduler_job.py:633} INFO - Processing file /home/airflow/.local/lib/python3.8/site-packages/airflow/example_dags/example_task_group.py for tasks to queue
[2021-02-23 20:35:18,600] {logging_mixin.py:104} INFO - [2021-02-23 20:35:18,600] {dagbag.py:448} INFO - Filling up the DagBag from /home/airflow/.local/lib/python3.8/site-packages/airflow/example_dags/example_task_group.py
[2021-02-23 20:35:18,623] {scheduler_job.py:643} INFO - DAG(s) dict_keys(['example_task_group']) retrieved from /home/airflow/.local/lib/python3.8/site-packages/airflow/example_dags/example_task_group.py
[2021-02-23 20:35:18,683] {logging_mixin.py:104} INFO - [2021-02-23 20:35:18,683] {dag.py:1818} INFO - Sync 1 DAGs
[2021-02-23 20:35:18,721] {logging_mixin.py:104} INFO - [2021-02-23 20:35:18,721] {dag.py:2273} INFO - Setting next_dagrun for example_task_group to 2021-02-21 00:00:00+00:00
[2021-02-23 20:35:18,751] {scheduler_job.py:190} INFO - Processing /home/airflow/.local/lib/python3.8/site-packages/airflow/example_dags/example_task_group.py took 0.160 seconds
