[2021-02-23 20:33:13,769] {scheduler_job.py:182} INFO - Started process (PID=28) to work on /home/airflow/.local/lib/python3.8/site-packages/airflow/example_dags/example_trigger_target_dag.py
[2021-02-23 20:33:13,775] {scheduler_job.py:633} INFO - Processing file /home/airflow/.local/lib/python3.8/site-packages/airflow/example_dags/example_trigger_target_dag.py for tasks to queue
[2021-02-23 20:33:13,793] {logging_mixin.py:104} INFO - [2021-02-23 20:33:13,793] {dagbag.py:448} INFO - Filling up the DagBag from /home/airflow/.local/lib/python3.8/site-packages/airflow/example_dags/example_trigger_target_dag.py
[2021-02-23 20:33:13,911] {scheduler_job.py:643} INFO - DAG(s) dict_keys(['example_trigger_target_dag']) retrieved from /home/airflow/.local/lib/python3.8/site-packages/airflow/example_dags/example_trigger_target_dag.py
[2021-02-23 20:33:14,268] {logging_mixin.py:104} INFO - [2021-02-23 20:33:14,268] {dag.py:1818} INFO - Sync 1 DAGs
[2021-02-23 20:33:14,284] {logging_mixin.py:104} INFO - [2021-02-23 20:33:14,284] {dag.py:2273} INFO - Setting next_dagrun for example_trigger_target_dag to None
[2021-02-23 20:33:14,503] {scheduler_job.py:190} INFO - Processing /home/airflow/.local/lib/python3.8/site-packages/airflow/example_dags/example_trigger_target_dag.py took 0.738 seconds
[2021-02-23 20:33:58,459] {scheduler_job.py:182} INFO - Started process (PID=55) to work on /home/airflow/.local/lib/python3.8/site-packages/airflow/example_dags/example_trigger_target_dag.py
[2021-02-23 20:33:58,473] {scheduler_job.py:633} INFO - Processing file /home/airflow/.local/lib/python3.8/site-packages/airflow/example_dags/example_trigger_target_dag.py for tasks to queue
[2021-02-23 20:33:58,480] {logging_mixin.py:104} INFO - [2021-02-23 20:33:58,480] {dagbag.py:448} INFO - Filling up the DagBag from /home/airflow/.local/lib/python3.8/site-packages/airflow/example_dags/example_trigger_target_dag.py
[2021-02-23 20:33:58,720] {scheduler_job.py:643} INFO - DAG(s) dict_keys(['example_trigger_target_dag']) retrieved from /home/airflow/.local/lib/python3.8/site-packages/airflow/example_dags/example_trigger_target_dag.py
[2021-02-23 20:34:00,195] {logging_mixin.py:104} INFO - [2021-02-23 20:34:00,182] {dag.py:1818} INFO - Sync 1 DAGs
[2021-02-23 20:34:00,586] {logging_mixin.py:104} INFO - [2021-02-23 20:34:00,578] {dag.py:2273} INFO - Setting next_dagrun for example_trigger_target_dag to None
[2021-02-23 20:34:00,884] {scheduler_job.py:190} INFO - Processing /home/airflow/.local/lib/python3.8/site-packages/airflow/example_dags/example_trigger_target_dag.py took 2.443 seconds
[2021-02-23 20:34:31,259] {scheduler_job.py:182} INFO - Started process (PID=83) to work on /home/airflow/.local/lib/python3.8/site-packages/airflow/example_dags/example_trigger_target_dag.py
[2021-02-23 20:34:31,262] {scheduler_job.py:633} INFO - Processing file /home/airflow/.local/lib/python3.8/site-packages/airflow/example_dags/example_trigger_target_dag.py for tasks to queue
[2021-02-23 20:34:31,265] {logging_mixin.py:104} INFO - [2021-02-23 20:34:31,264] {dagbag.py:448} INFO - Filling up the DagBag from /home/airflow/.local/lib/python3.8/site-packages/airflow/example_dags/example_trigger_target_dag.py
[2021-02-23 20:34:31,292] {scheduler_job.py:643} INFO - DAG(s) dict_keys(['example_trigger_target_dag']) retrieved from /home/airflow/.local/lib/python3.8/site-packages/airflow/example_dags/example_trigger_target_dag.py
[2021-02-23 20:34:31,366] {logging_mixin.py:104} INFO - [2021-02-23 20:34:31,365] {dag.py:1818} INFO - Sync 1 DAGs
[2021-02-23 20:34:31,419] {logging_mixin.py:104} INFO - [2021-02-23 20:34:31,419] {dag.py:2273} INFO - Setting next_dagrun for example_trigger_target_dag to None
[2021-02-23 20:34:31,444] {scheduler_job.py:190} INFO - Processing /home/airflow/.local/lib/python3.8/site-packages/airflow/example_dags/example_trigger_target_dag.py took 0.190 seconds
[2021-02-23 20:35:05,445] {scheduler_job.py:182} INFO - Started process (PID=111) to work on /home/airflow/.local/lib/python3.8/site-packages/airflow/example_dags/example_trigger_target_dag.py
[2021-02-23 20:35:05,456] {scheduler_job.py:633} INFO - Processing file /home/airflow/.local/lib/python3.8/site-packages/airflow/example_dags/example_trigger_target_dag.py for tasks to queue
[2021-02-23 20:35:05,461] {logging_mixin.py:104} INFO - [2021-02-23 20:35:05,460] {dagbag.py:448} INFO - Filling up the DagBag from /home/airflow/.local/lib/python3.8/site-packages/airflow/example_dags/example_trigger_target_dag.py
[2021-02-23 20:35:13,130] {scheduler_job.py:643} INFO - DAG(s) dict_keys(['example_trigger_target_dag']) retrieved from /home/airflow/.local/lib/python3.8/site-packages/airflow/example_dags/example_trigger_target_dag.py
[2021-02-23 20:35:18,146] {logging_mixin.py:104} INFO - [2021-02-23 20:35:18,146] {dag.py:1818} INFO - Sync 1 DAGs
[2021-02-23 20:35:18,175] {logging_mixin.py:104} INFO - [2021-02-23 20:35:18,175] {dag.py:2273} INFO - Setting next_dagrun for example_trigger_target_dag to None
[2021-02-23 20:35:18,200] {scheduler_job.py:190} INFO - Processing /home/airflow/.local/lib/python3.8/site-packages/airflow/example_dags/example_trigger_target_dag.py took 12.969 seconds
