[2021-02-23 20:33:16,604] {scheduler_job.py:182} INFO - Started process (PID=43) to work on /home/airflow/.local/lib/python3.8/site-packages/airflow/example_dags/example_xcom.py
[2021-02-23 20:33:16,606] {scheduler_job.py:633} INFO - Processing file /home/airflow/.local/lib/python3.8/site-packages/airflow/example_dags/example_xcom.py for tasks to queue
[2021-02-23 20:33:16,607] {logging_mixin.py:104} INFO - [2021-02-23 20:33:16,607] {dagbag.py:448} INFO - Filling up the DagBag from /home/airflow/.local/lib/python3.8/site-packages/airflow/example_dags/example_xcom.py
[2021-02-23 20:33:16,623] {scheduler_job.py:643} INFO - DAG(s) dict_keys(['example_xcom']) retrieved from /home/airflow/.local/lib/python3.8/site-packages/airflow/example_dags/example_xcom.py
[2021-02-23 20:33:16,667] {logging_mixin.py:104} INFO - [2021-02-23 20:33:16,667] {dag.py:1818} INFO - Sync 1 DAGs
[2021-02-23 20:33:16,684] {logging_mixin.py:104} INFO - [2021-02-23 20:33:16,684] {dag.py:2273} INFO - Setting next_dagrun for example_xcom to 2021-02-21 00:00:00+00:00
[2021-02-23 20:33:16,721] {scheduler_job.py:190} INFO - Processing /home/airflow/.local/lib/python3.8/site-packages/airflow/example_dags/example_xcom.py took 0.121 seconds
[2021-02-23 20:34:14,225] {scheduler_job.py:182} INFO - Started process (PID=71) to work on /home/airflow/.local/lib/python3.8/site-packages/airflow/example_dags/example_xcom.py
[2021-02-23 20:34:14,347] {scheduler_job.py:633} INFO - Processing file /home/airflow/.local/lib/python3.8/site-packages/airflow/example_dags/example_xcom.py for tasks to queue
[2021-02-23 20:34:14,381] {logging_mixin.py:104} INFO - [2021-02-23 20:34:14,381] {dagbag.py:448} INFO - Filling up the DagBag from /home/airflow/.local/lib/python3.8/site-packages/airflow/example_dags/example_xcom.py
[2021-02-23 20:34:14,414] {scheduler_job.py:643} INFO - DAG(s) dict_keys(['example_xcom']) retrieved from /home/airflow/.local/lib/python3.8/site-packages/airflow/example_dags/example_xcom.py
[2021-02-23 20:34:14,485] {logging_mixin.py:104} INFO - [2021-02-23 20:34:14,485] {dag.py:1818} INFO - Sync 1 DAGs
[2021-02-23 20:34:14,561] {logging_mixin.py:104} INFO - [2021-02-23 20:34:14,561] {dag.py:2273} INFO - Setting next_dagrun for example_xcom to 2021-02-21 00:00:00+00:00
[2021-02-23 20:34:14,590] {scheduler_job.py:190} INFO - Processing /home/airflow/.local/lib/python3.8/site-packages/airflow/example_dags/example_xcom.py took 0.367 seconds
[2021-02-23 20:34:45,580] {scheduler_job.py:182} INFO - Started process (PID=99) to work on /home/airflow/.local/lib/python3.8/site-packages/airflow/example_dags/example_xcom.py
[2021-02-23 20:34:45,582] {scheduler_job.py:633} INFO - Processing file /home/airflow/.local/lib/python3.8/site-packages/airflow/example_dags/example_xcom.py for tasks to queue
[2021-02-23 20:34:45,583] {logging_mixin.py:104} INFO - [2021-02-23 20:34:45,583] {dagbag.py:448} INFO - Filling up the DagBag from /home/airflow/.local/lib/python3.8/site-packages/airflow/example_dags/example_xcom.py
[2021-02-23 20:34:45,608] {scheduler_job.py:643} INFO - DAG(s) dict_keys(['example_xcom']) retrieved from /home/airflow/.local/lib/python3.8/site-packages/airflow/example_dags/example_xcom.py
[2021-02-23 20:34:45,635] {logging_mixin.py:104} INFO - [2021-02-23 20:34:45,635] {dag.py:1818} INFO - Sync 1 DAGs
[2021-02-23 20:34:45,651] {logging_mixin.py:104} INFO - [2021-02-23 20:34:45,651] {dag.py:2273} INFO - Setting next_dagrun for example_xcom to 2021-02-21 00:00:00+00:00
[2021-02-23 20:34:45,661] {scheduler_job.py:190} INFO - Processing /home/airflow/.local/lib/python3.8/site-packages/airflow/example_dags/example_xcom.py took 0.085 seconds
[2021-02-23 20:35:19,389] {scheduler_job.py:182} INFO - Started process (PID=127) to work on /home/airflow/.local/lib/python3.8/site-packages/airflow/example_dags/example_xcom.py
[2021-02-23 20:35:19,394] {scheduler_job.py:633} INFO - Processing file /home/airflow/.local/lib/python3.8/site-packages/airflow/example_dags/example_xcom.py for tasks to queue
[2021-02-23 20:35:19,397] {logging_mixin.py:104} INFO - [2021-02-23 20:35:19,397] {dagbag.py:448} INFO - Filling up the DagBag from /home/airflow/.local/lib/python3.8/site-packages/airflow/example_dags/example_xcom.py
[2021-02-23 20:35:19,421] {scheduler_job.py:643} INFO - DAG(s) dict_keys(['example_xcom']) retrieved from /home/airflow/.local/lib/python3.8/site-packages/airflow/example_dags/example_xcom.py
[2021-02-23 20:35:19,467] {logging_mixin.py:104} INFO - [2021-02-23 20:35:19,467] {dag.py:1818} INFO - Sync 1 DAGs
[2021-02-23 20:35:19,497] {logging_mixin.py:104} INFO - [2021-02-23 20:35:19,497] {dag.py:2273} INFO - Setting next_dagrun for example_xcom to 2021-02-21 00:00:00+00:00
[2021-02-23 20:35:19,516] {scheduler_job.py:190} INFO - Processing /home/airflow/.local/lib/python3.8/site-packages/airflow/example_dags/example_xcom.py took 0.134 seconds
