[2021-02-23 20:33:15,919] {scheduler_job.py:182} INFO - Started process (PID=39) to work on /home/airflow/.local/lib/python3.8/site-packages/airflow/example_dags/example_bash_operator.py
[2021-02-23 20:33:15,921] {scheduler_job.py:633} INFO - Processing file /home/airflow/.local/lib/python3.8/site-packages/airflow/example_dags/example_bash_operator.py for tasks to queue
[2021-02-23 20:33:15,923] {logging_mixin.py:104} INFO - [2021-02-23 20:33:15,923] {dagbag.py:448} INFO - Filling up the DagBag from /home/airflow/.local/lib/python3.8/site-packages/airflow/example_dags/example_bash_operator.py
[2021-02-23 20:33:15,947] {scheduler_job.py:643} INFO - DAG(s) dict_keys(['example_bash_operator']) retrieved from /home/airflow/.local/lib/python3.8/site-packages/airflow/example_dags/example_bash_operator.py
[2021-02-23 20:33:15,979] {logging_mixin.py:104} INFO - [2021-02-23 20:33:15,979] {dag.py:1818} INFO - Sync 1 DAGs
[2021-02-23 20:33:16,000] {logging_mixin.py:104} INFO - [2021-02-23 20:33:16,000] {dag.py:2273} INFO - Setting next_dagrun for example_bash_operator to 2021-02-21 00:00:00+00:00
[2021-02-23 20:33:16,071] {scheduler_job.py:190} INFO - Processing /home/airflow/.local/lib/python3.8/site-packages/airflow/example_dags/example_bash_operator.py took 0.157 seconds
[2021-02-23 20:34:13,193] {scheduler_job.py:182} INFO - Started process (PID=67) to work on /home/airflow/.local/lib/python3.8/site-packages/airflow/example_dags/example_bash_operator.py
[2021-02-23 20:34:13,268] {scheduler_job.py:633} INFO - Processing file /home/airflow/.local/lib/python3.8/site-packages/airflow/example_dags/example_bash_operator.py for tasks to queue
[2021-02-23 20:34:13,311] {logging_mixin.py:104} INFO - [2021-02-23 20:34:13,311] {dagbag.py:448} INFO - Filling up the DagBag from /home/airflow/.local/lib/python3.8/site-packages/airflow/example_dags/example_bash_operator.py
[2021-02-23 20:34:13,415] {scheduler_job.py:643} INFO - DAG(s) dict_keys(['example_bash_operator']) retrieved from /home/airflow/.local/lib/python3.8/site-packages/airflow/example_dags/example_bash_operator.py
[2021-02-23 20:34:13,529] {logging_mixin.py:104} INFO - [2021-02-23 20:34:13,529] {dag.py:1818} INFO - Sync 1 DAGs
[2021-02-23 20:34:13,624] {logging_mixin.py:104} INFO - [2021-02-23 20:34:13,624] {dag.py:2273} INFO - Setting next_dagrun for example_bash_operator to 2021-02-21 00:00:00+00:00
[2021-02-23 20:34:13,661] {scheduler_job.py:190} INFO - Processing /home/airflow/.local/lib/python3.8/site-packages/airflow/example_dags/example_bash_operator.py took 0.471 seconds
[2021-02-23 20:34:44,248] {scheduler_job.py:182} INFO - Started process (PID=94) to work on /home/airflow/.local/lib/python3.8/site-packages/airflow/example_dags/example_bash_operator.py
[2021-02-23 20:34:44,251] {scheduler_job.py:633} INFO - Processing file /home/airflow/.local/lib/python3.8/site-packages/airflow/example_dags/example_bash_operator.py for tasks to queue
[2021-02-23 20:34:44,265] {logging_mixin.py:104} INFO - [2021-02-23 20:34:44,265] {dagbag.py:448} INFO - Filling up the DagBag from /home/airflow/.local/lib/python3.8/site-packages/airflow/example_dags/example_bash_operator.py
[2021-02-23 20:34:44,287] {scheduler_job.py:643} INFO - DAG(s) dict_keys(['example_bash_operator']) retrieved from /home/airflow/.local/lib/python3.8/site-packages/airflow/example_dags/example_bash_operator.py
[2021-02-23 20:34:44,317] {logging_mixin.py:104} INFO - [2021-02-23 20:34:44,316] {dag.py:1818} INFO - Sync 1 DAGs
[2021-02-23 20:34:44,349] {logging_mixin.py:104} INFO - [2021-02-23 20:34:44,348] {dag.py:2273} INFO - Setting next_dagrun for example_bash_operator to 2021-02-21 00:00:00+00:00
[2021-02-23 20:34:44,371] {scheduler_job.py:190} INFO - Processing /home/airflow/.local/lib/python3.8/site-packages/airflow/example_dags/example_bash_operator.py took 0.128 seconds
[2021-02-23 20:35:19,079] {scheduler_job.py:182} INFO - Started process (PID=123) to work on /home/airflow/.local/lib/python3.8/site-packages/airflow/example_dags/example_bash_operator.py
[2021-02-23 20:35:19,080] {scheduler_job.py:633} INFO - Processing file /home/airflow/.local/lib/python3.8/site-packages/airflow/example_dags/example_bash_operator.py for tasks to queue
[2021-02-23 20:35:19,082] {logging_mixin.py:104} INFO - [2021-02-23 20:35:19,082] {dagbag.py:448} INFO - Filling up the DagBag from /home/airflow/.local/lib/python3.8/site-packages/airflow/example_dags/example_bash_operator.py
[2021-02-23 20:35:19,101] {scheduler_job.py:643} INFO - DAG(s) dict_keys(['example_bash_operator']) retrieved from /home/airflow/.local/lib/python3.8/site-packages/airflow/example_dags/example_bash_operator.py
[2021-02-23 20:35:19,143] {logging_mixin.py:104} INFO - [2021-02-23 20:35:19,143] {dag.py:1818} INFO - Sync 1 DAGs
[2021-02-23 20:35:19,177] {logging_mixin.py:104} INFO - [2021-02-23 20:35:19,177] {dag.py:2273} INFO - Setting next_dagrun for example_bash_operator to 2021-02-21 00:00:00+00:00
[2021-02-23 20:35:19,210] {scheduler_job.py:190} INFO - Processing /home/airflow/.local/lib/python3.8/site-packages/airflow/example_dags/example_bash_operator.py took 0.137 seconds
