[2021-02-23 20:33:12,760] {scheduler_job.py:182} INFO - Started process (PID=23) to work on /home/airflow/.local/lib/python3.8/site-packages/airflow/example_dags/example_python_operator.py
[2021-02-23 20:33:12,766] {scheduler_job.py:633} INFO - Processing file /home/airflow/.local/lib/python3.8/site-packages/airflow/example_dags/example_python_operator.py for tasks to queue
[2021-02-23 20:33:12,772] {logging_mixin.py:104} INFO - [2021-02-23 20:33:12,772] {dagbag.py:448} INFO - Filling up the DagBag from /home/airflow/.local/lib/python3.8/site-packages/airflow/example_dags/example_python_operator.py
[2021-02-23 20:33:12,821] {scheduler_job.py:643} INFO - DAG(s) dict_keys(['example_python_operator']) retrieved from /home/airflow/.local/lib/python3.8/site-packages/airflow/example_dags/example_python_operator.py
[2021-02-23 20:33:12,952] {logging_mixin.py:104} INFO - [2021-02-23 20:33:12,952] {dag.py:1818} INFO - Sync 1 DAGs
[2021-02-23 20:33:12,967] {logging_mixin.py:104} INFO - [2021-02-23 20:33:12,967] {dag.py:2273} INFO - Setting next_dagrun for example_python_operator to None
[2021-02-23 20:33:13,011] {scheduler_job.py:190} INFO - Processing /home/airflow/.local/lib/python3.8/site-packages/airflow/example_dags/example_python_operator.py took 0.255 seconds
[2021-02-23 20:33:57,486] {scheduler_job.py:182} INFO - Started process (PID=53) to work on /home/airflow/.local/lib/python3.8/site-packages/airflow/example_dags/example_python_operator.py
[2021-02-23 20:33:57,499] {scheduler_job.py:633} INFO - Processing file /home/airflow/.local/lib/python3.8/site-packages/airflow/example_dags/example_python_operator.py for tasks to queue
[2021-02-23 20:33:57,501] {logging_mixin.py:104} INFO - [2021-02-23 20:33:57,501] {dagbag.py:448} INFO - Filling up the DagBag from /home/airflow/.local/lib/python3.8/site-packages/airflow/example_dags/example_python_operator.py
[2021-02-23 20:33:57,702] {scheduler_job.py:643} INFO - DAG(s) dict_keys(['example_python_operator']) retrieved from /home/airflow/.local/lib/python3.8/site-packages/airflow/example_dags/example_python_operator.py
[2021-02-23 20:33:58,102] {logging_mixin.py:104} INFO - [2021-02-23 20:33:58,102] {dag.py:1818} INFO - Sync 1 DAGs
[2021-02-23 20:33:58,160] {logging_mixin.py:104} INFO - [2021-02-23 20:33:58,157] {dag.py:2273} INFO - Setting next_dagrun for example_python_operator to None
[2021-02-23 20:33:58,369] {scheduler_job.py:190} INFO - Processing /home/airflow/.local/lib/python3.8/site-packages/airflow/example_dags/example_python_operator.py took 0.934 seconds
[2021-02-23 20:34:29,151] {scheduler_job.py:182} INFO - Started process (PID=81) to work on /home/airflow/.local/lib/python3.8/site-packages/airflow/example_dags/example_python_operator.py
[2021-02-23 20:34:29,153] {scheduler_job.py:633} INFO - Processing file /home/airflow/.local/lib/python3.8/site-packages/airflow/example_dags/example_python_operator.py for tasks to queue
[2021-02-23 20:34:29,156] {logging_mixin.py:104} INFO - [2021-02-23 20:34:29,156] {dagbag.py:448} INFO - Filling up the DagBag from /home/airflow/.local/lib/python3.8/site-packages/airflow/example_dags/example_python_operator.py
[2021-02-23 20:34:29,170] {scheduler_job.py:643} INFO - DAG(s) dict_keys(['example_python_operator']) retrieved from /home/airflow/.local/lib/python3.8/site-packages/airflow/example_dags/example_python_operator.py
[2021-02-23 20:34:29,194] {logging_mixin.py:104} INFO - [2021-02-23 20:34:29,194] {dag.py:1818} INFO - Sync 1 DAGs
[2021-02-23 20:34:29,208] {logging_mixin.py:104} INFO - [2021-02-23 20:34:29,208] {dag.py:2273} INFO - Setting next_dagrun for example_python_operator to None
[2021-02-23 20:34:29,225] {scheduler_job.py:190} INFO - Processing /home/airflow/.local/lib/python3.8/site-packages/airflow/example_dags/example_python_operator.py took 0.078 seconds
[2021-02-23 20:34:59,613] {scheduler_job.py:182} INFO - Started process (PID=109) to work on /home/airflow/.local/lib/python3.8/site-packages/airflow/example_dags/example_python_operator.py
[2021-02-23 20:34:59,616] {scheduler_job.py:633} INFO - Processing file /home/airflow/.local/lib/python3.8/site-packages/airflow/example_dags/example_python_operator.py for tasks to queue
[2021-02-23 20:34:59,618] {logging_mixin.py:104} INFO - [2021-02-23 20:34:59,618] {dagbag.py:448} INFO - Filling up the DagBag from /home/airflow/.local/lib/python3.8/site-packages/airflow/example_dags/example_python_operator.py
[2021-02-23 20:34:59,651] {scheduler_job.py:643} INFO - DAG(s) dict_keys(['example_python_operator']) retrieved from /home/airflow/.local/lib/python3.8/site-packages/airflow/example_dags/example_python_operator.py
[2021-02-23 20:34:59,736] {logging_mixin.py:104} INFO - [2021-02-23 20:34:59,735] {dag.py:1818} INFO - Sync 1 DAGs
[2021-02-23 20:34:59,758] {logging_mixin.py:104} INFO - [2021-02-23 20:34:59,758] {dag.py:2273} INFO - Setting next_dagrun for example_python_operator to None
[2021-02-23 20:34:59,798] {scheduler_job.py:190} INFO - Processing /home/airflow/.local/lib/python3.8/site-packages/airflow/example_dags/example_python_operator.py took 0.191 seconds
[2021-02-23 20:35:30,129] {scheduler_job.py:182} INFO - Started process (PID=137) to work on /home/airflow/.local/lib/python3.8/site-packages/airflow/example_dags/example_python_operator.py
[2021-02-23 20:35:30,133] {scheduler_job.py:633} INFO - Processing file /home/airflow/.local/lib/python3.8/site-packages/airflow/example_dags/example_python_operator.py for tasks to queue
[2021-02-23 20:35:30,136] {logging_mixin.py:104} INFO - [2021-02-23 20:35:30,135] {dagbag.py:448} INFO - Filling up the DagBag from /home/airflow/.local/lib/python3.8/site-packages/airflow/example_dags/example_python_operator.py
[2021-02-23 20:35:30,155] {scheduler_job.py:643} INFO - DAG(s) dict_keys(['example_python_operator']) retrieved from /home/airflow/.local/lib/python3.8/site-packages/airflow/example_dags/example_python_operator.py
[2021-02-23 20:35:30,200] {logging_mixin.py:104} INFO - [2021-02-23 20:35:30,200] {dag.py:1818} INFO - Sync 1 DAGs
[2021-02-23 20:35:30,213] {logging_mixin.py:104} INFO - [2021-02-23 20:35:30,213] {dag.py:2273} INFO - Setting next_dagrun for example_python_operator to None
[2021-02-23 20:35:30,236] {scheduler_job.py:190} INFO - Processing /home/airflow/.local/lib/python3.8/site-packages/airflow/example_dags/example_python_operator.py took 0.111 seconds
