[2021-02-23 20:33:16,094] {scheduler_job.py:182} INFO - Started process (PID=41) to work on /home/airflow/.local/lib/python3.8/site-packages/airflow/example_dags/example_complex.py
[2021-02-23 20:33:16,096] {scheduler_job.py:633} INFO - Processing file /home/airflow/.local/lib/python3.8/site-packages/airflow/example_dags/example_complex.py for tasks to queue
[2021-02-23 20:33:16,097] {logging_mixin.py:104} INFO - [2021-02-23 20:33:16,097] {dagbag.py:448} INFO - Filling up the DagBag from /home/airflow/.local/lib/python3.8/site-packages/airflow/example_dags/example_complex.py
[2021-02-23 20:33:16,161] {scheduler_job.py:643} INFO - DAG(s) dict_keys(['example_complex']) retrieved from /home/airflow/.local/lib/python3.8/site-packages/airflow/example_dags/example_complex.py
[2021-02-23 20:33:16,201] {logging_mixin.py:104} INFO - [2021-02-23 20:33:16,201] {dag.py:1818} INFO - Sync 1 DAGs
[2021-02-23 20:33:16,216] {logging_mixin.py:104} INFO - [2021-02-23 20:33:16,216] {dag.py:2273} INFO - Setting next_dagrun for example_complex to None
[2021-02-23 20:33:16,272] {scheduler_job.py:190} INFO - Processing /home/airflow/.local/lib/python3.8/site-packages/airflow/example_dags/example_complex.py took 0.181 seconds
[2021-02-23 20:34:13,692] {scheduler_job.py:182} INFO - Started process (PID=69) to work on /home/airflow/.local/lib/python3.8/site-packages/airflow/example_dags/example_complex.py
[2021-02-23 20:34:13,716] {scheduler_job.py:633} INFO - Processing file /home/airflow/.local/lib/python3.8/site-packages/airflow/example_dags/example_complex.py for tasks to queue
[2021-02-23 20:34:13,718] {logging_mixin.py:104} INFO - [2021-02-23 20:34:13,718] {dagbag.py:448} INFO - Filling up the DagBag from /home/airflow/.local/lib/python3.8/site-packages/airflow/example_dags/example_complex.py
[2021-02-23 20:34:13,948] {scheduler_job.py:643} INFO - DAG(s) dict_keys(['example_complex']) retrieved from /home/airflow/.local/lib/python3.8/site-packages/airflow/example_dags/example_complex.py
[2021-02-23 20:34:14,021] {logging_mixin.py:104} INFO - [2021-02-23 20:34:14,021] {dag.py:1818} INFO - Sync 1 DAGs
[2021-02-23 20:34:14,100] {logging_mixin.py:104} INFO - [2021-02-23 20:34:14,100] {dag.py:2273} INFO - Setting next_dagrun for example_complex to None
[2021-02-23 20:34:14,201] {scheduler_job.py:190} INFO - Processing /home/airflow/.local/lib/python3.8/site-packages/airflow/example_dags/example_complex.py took 0.513 seconds
[2021-02-23 20:34:44,380] {scheduler_job.py:182} INFO - Started process (PID=96) to work on /home/airflow/.local/lib/python3.8/site-packages/airflow/example_dags/example_complex.py
[2021-02-23 20:34:44,387] {scheduler_job.py:633} INFO - Processing file /home/airflow/.local/lib/python3.8/site-packages/airflow/example_dags/example_complex.py for tasks to queue
[2021-02-23 20:34:44,388] {logging_mixin.py:104} INFO - [2021-02-23 20:34:44,388] {dagbag.py:448} INFO - Filling up the DagBag from /home/airflow/.local/lib/python3.8/site-packages/airflow/example_dags/example_complex.py
[2021-02-23 20:34:44,426] {scheduler_job.py:643} INFO - DAG(s) dict_keys(['example_complex']) retrieved from /home/airflow/.local/lib/python3.8/site-packages/airflow/example_dags/example_complex.py
[2021-02-23 20:34:44,471] {logging_mixin.py:104} INFO - [2021-02-23 20:34:44,471] {dag.py:1818} INFO - Sync 1 DAGs
[2021-02-23 20:34:44,511] {logging_mixin.py:104} INFO - [2021-02-23 20:34:44,511] {dag.py:2273} INFO - Setting next_dagrun for example_complex to None
[2021-02-23 20:34:44,533] {scheduler_job.py:190} INFO - Processing /home/airflow/.local/lib/python3.8/site-packages/airflow/example_dags/example_complex.py took 0.157 seconds
[2021-02-23 20:35:19,241] {scheduler_job.py:182} INFO - Started process (PID=125) to work on /home/airflow/.local/lib/python3.8/site-packages/airflow/example_dags/example_complex.py
[2021-02-23 20:35:19,243] {scheduler_job.py:633} INFO - Processing file /home/airflow/.local/lib/python3.8/site-packages/airflow/example_dags/example_complex.py for tasks to queue
[2021-02-23 20:35:19,245] {logging_mixin.py:104} INFO - [2021-02-23 20:35:19,245] {dagbag.py:448} INFO - Filling up the DagBag from /home/airflow/.local/lib/python3.8/site-packages/airflow/example_dags/example_complex.py
[2021-02-23 20:35:19,275] {scheduler_job.py:643} INFO - DAG(s) dict_keys(['example_complex']) retrieved from /home/airflow/.local/lib/python3.8/site-packages/airflow/example_dags/example_complex.py
[2021-02-23 20:35:19,307] {logging_mixin.py:104} INFO - [2021-02-23 20:35:19,307] {dag.py:1818} INFO - Sync 1 DAGs
[2021-02-23 20:35:19,327] {logging_mixin.py:104} INFO - [2021-02-23 20:35:19,327] {dag.py:2273} INFO - Setting next_dagrun for example_complex to None
[2021-02-23 20:35:19,354] {scheduler_job.py:190} INFO - Processing /home/airflow/.local/lib/python3.8/site-packages/airflow/example_dags/example_complex.py took 0.118 seconds
