[2021-02-23 20:33:12,659] {scheduler_job.py:182} INFO - Started process (PID=22) to work on /home/airflow/.local/lib/python3.8/site-packages/airflow/example_dags/example_kubernetes_executor_config.py
[2021-02-23 20:33:12,665] {scheduler_job.py:633} INFO - Processing file /home/airflow/.local/lib/python3.8/site-packages/airflow/example_dags/example_kubernetes_executor_config.py for tasks to queue
[2021-02-23 20:33:12,666] {logging_mixin.py:104} INFO - [2021-02-23 20:33:12,666] {dagbag.py:448} INFO - Filling up the DagBag from /home/airflow/.local/lib/python3.8/site-packages/airflow/example_dags/example_kubernetes_executor_config.py
[2021-02-23 20:33:12,740] {scheduler_job.py:643} INFO - DAG(s) dict_keys(['example_kubernetes_executor_config']) retrieved from /home/airflow/.local/lib/python3.8/site-packages/airflow/example_dags/example_kubernetes_executor_config.py
[2021-02-23 20:33:12,871] {logging_mixin.py:104} INFO - [2021-02-23 20:33:12,871] {dag.py:1818} INFO - Sync 1 DAGs
[2021-02-23 20:33:12,923] {logging_mixin.py:104} INFO - [2021-02-23 20:33:12,923] {dag.py:2273} INFO - Setting next_dagrun for example_kubernetes_executor_config to None
[2021-02-23 20:33:12,986] {scheduler_job.py:190} INFO - Processing /home/airflow/.local/lib/python3.8/site-packages/airflow/example_dags/example_kubernetes_executor_config.py took 0.331 seconds
[2021-02-23 20:33:54,660] {scheduler_job.py:182} INFO - Started process (PID=52) to work on /home/airflow/.local/lib/python3.8/site-packages/airflow/example_dags/example_kubernetes_executor_config.py
[2021-02-23 20:33:54,676] {scheduler_job.py:633} INFO - Processing file /home/airflow/.local/lib/python3.8/site-packages/airflow/example_dags/example_kubernetes_executor_config.py for tasks to queue
[2021-02-23 20:33:54,682] {logging_mixin.py:104} INFO - [2021-02-23 20:33:54,682] {dagbag.py:448} INFO - Filling up the DagBag from /home/airflow/.local/lib/python3.8/site-packages/airflow/example_dags/example_kubernetes_executor_config.py
[2021-02-23 20:33:55,061] {scheduler_job.py:643} INFO - DAG(s) dict_keys(['example_kubernetes_executor_config']) retrieved from /home/airflow/.local/lib/python3.8/site-packages/airflow/example_dags/example_kubernetes_executor_config.py
[2021-02-23 20:33:57,656] {logging_mixin.py:104} INFO - [2021-02-23 20:33:57,655] {dag.py:1818} INFO - Sync 1 DAGs
[2021-02-23 20:33:57,750] {logging_mixin.py:104} INFO - [2021-02-23 20:33:57,748] {dag.py:2273} INFO - Setting next_dagrun for example_kubernetes_executor_config to None
[2021-02-23 20:33:57,948] {scheduler_job.py:190} INFO - Processing /home/airflow/.local/lib/python3.8/site-packages/airflow/example_dags/example_kubernetes_executor_config.py took 3.332 seconds
[2021-02-23 20:34:28,043] {scheduler_job.py:182} INFO - Started process (PID=80) to work on /home/airflow/.local/lib/python3.8/site-packages/airflow/example_dags/example_kubernetes_executor_config.py
[2021-02-23 20:34:28,045] {scheduler_job.py:633} INFO - Processing file /home/airflow/.local/lib/python3.8/site-packages/airflow/example_dags/example_kubernetes_executor_config.py for tasks to queue
[2021-02-23 20:34:28,047] {logging_mixin.py:104} INFO - [2021-02-23 20:34:28,047] {dagbag.py:448} INFO - Filling up the DagBag from /home/airflow/.local/lib/python3.8/site-packages/airflow/example_dags/example_kubernetes_executor_config.py
[2021-02-23 20:34:28,100] {scheduler_job.py:643} INFO - DAG(s) dict_keys(['example_kubernetes_executor_config']) retrieved from /home/airflow/.local/lib/python3.8/site-packages/airflow/example_dags/example_kubernetes_executor_config.py
[2021-02-23 20:34:28,177] {logging_mixin.py:104} INFO - [2021-02-23 20:34:28,177] {dag.py:1818} INFO - Sync 1 DAGs
[2021-02-23 20:34:28,193] {logging_mixin.py:104} INFO - [2021-02-23 20:34:28,193] {dag.py:2273} INFO - Setting next_dagrun for example_kubernetes_executor_config to None
[2021-02-23 20:34:28,206] {scheduler_job.py:190} INFO - Processing /home/airflow/.local/lib/python3.8/site-packages/airflow/example_dags/example_kubernetes_executor_config.py took 0.170 seconds
[2021-02-23 20:34:58,327] {scheduler_job.py:182} INFO - Started process (PID=107) to work on /home/airflow/.local/lib/python3.8/site-packages/airflow/example_dags/example_kubernetes_executor_config.py
[2021-02-23 20:34:58,341] {scheduler_job.py:633} INFO - Processing file /home/airflow/.local/lib/python3.8/site-packages/airflow/example_dags/example_kubernetes_executor_config.py for tasks to queue
[2021-02-23 20:34:58,347] {logging_mixin.py:104} INFO - [2021-02-23 20:34:58,347] {dagbag.py:448} INFO - Filling up the DagBag from /home/airflow/.local/lib/python3.8/site-packages/airflow/example_dags/example_kubernetes_executor_config.py
[2021-02-23 20:34:58,453] {scheduler_job.py:643} INFO - DAG(s) dict_keys(['example_kubernetes_executor_config']) retrieved from /home/airflow/.local/lib/python3.8/site-packages/airflow/example_dags/example_kubernetes_executor_config.py
[2021-02-23 20:34:58,567] {logging_mixin.py:104} INFO - [2021-02-23 20:34:58,567] {dag.py:1818} INFO - Sync 1 DAGs
[2021-02-23 20:34:58,610] {logging_mixin.py:104} INFO - [2021-02-23 20:34:58,610] {dag.py:2273} INFO - Setting next_dagrun for example_kubernetes_executor_config to None
[2021-02-23 20:34:58,630] {scheduler_job.py:190} INFO - Processing /home/airflow/.local/lib/python3.8/site-packages/airflow/example_dags/example_kubernetes_executor_config.py took 0.311 seconds
[2021-02-23 20:35:29,007] {scheduler_job.py:182} INFO - Started process (PID=135) to work on /home/airflow/.local/lib/python3.8/site-packages/airflow/example_dags/example_kubernetes_executor_config.py
[2021-02-23 20:35:29,010] {scheduler_job.py:633} INFO - Processing file /home/airflow/.local/lib/python3.8/site-packages/airflow/example_dags/example_kubernetes_executor_config.py for tasks to queue
[2021-02-23 20:35:29,012] {logging_mixin.py:104} INFO - [2021-02-23 20:35:29,011] {dagbag.py:448} INFO - Filling up the DagBag from /home/airflow/.local/lib/python3.8/site-packages/airflow/example_dags/example_kubernetes_executor_config.py
[2021-02-23 20:35:29,037] {scheduler_job.py:643} INFO - DAG(s) dict_keys(['example_kubernetes_executor_config']) retrieved from /home/airflow/.local/lib/python3.8/site-packages/airflow/example_dags/example_kubernetes_executor_config.py
[2021-02-23 20:35:29,071] {logging_mixin.py:104} INFO - [2021-02-23 20:35:29,071] {dag.py:1818} INFO - Sync 1 DAGs
[2021-02-23 20:35:29,086] {logging_mixin.py:104} INFO - [2021-02-23 20:35:29,086] {dag.py:2273} INFO - Setting next_dagrun for example_kubernetes_executor_config to None
[2021-02-23 20:35:29,101] {scheduler_job.py:190} INFO - Processing /home/airflow/.local/lib/python3.8/site-packages/airflow/example_dags/example_kubernetes_executor_config.py took 0.101 seconds
