[2021-02-23 20:33:16,894] {scheduler_job.py:182} INFO - Started process (PID=45) to work on /home/airflow/.local/lib/python3.8/site-packages/airflow/example_dags/tutorial.py
[2021-02-23 20:33:16,897] {scheduler_job.py:633} INFO - Processing file /home/airflow/.local/lib/python3.8/site-packages/airflow/example_dags/tutorial.py for tasks to queue
[2021-02-23 20:33:16,899] {logging_mixin.py:104} INFO - [2021-02-23 20:33:16,899] {dagbag.py:448} INFO - Filling up the DagBag from /home/airflow/.local/lib/python3.8/site-packages/airflow/example_dags/tutorial.py
[2021-02-23 20:33:16,972] {scheduler_job.py:643} INFO - DAG(s) dict_keys(['tutorial']) retrieved from /home/airflow/.local/lib/python3.8/site-packages/airflow/example_dags/tutorial.py
[2021-02-23 20:33:17,021] {logging_mixin.py:104} INFO - [2021-02-23 20:33:17,021] {dag.py:1818} INFO - Sync 1 DAGs
[2021-02-23 20:33:17,034] {logging_mixin.py:104} INFO - [2021-02-23 20:33:17,034] {dag.py:2273} INFO - Setting next_dagrun for tutorial to 2021-02-21 00:00:00+00:00
[2021-02-23 20:33:17,079] {scheduler_job.py:190} INFO - Processing /home/airflow/.local/lib/python3.8/site-packages/airflow/example_dags/tutorial.py took 0.195 seconds
[2021-02-23 20:34:14,864] {scheduler_job.py:182} INFO - Started process (PID=73) to work on /home/airflow/.local/lib/python3.8/site-packages/airflow/example_dags/tutorial.py
[2021-02-23 20:34:14,969] {scheduler_job.py:633} INFO - Processing file /home/airflow/.local/lib/python3.8/site-packages/airflow/example_dags/tutorial.py for tasks to queue
[2021-02-23 20:34:15,103] {logging_mixin.py:104} INFO - [2021-02-23 20:34:15,103] {dagbag.py:448} INFO - Filling up the DagBag from /home/airflow/.local/lib/python3.8/site-packages/airflow/example_dags/tutorial.py
[2021-02-23 20:34:15,251] {scheduler_job.py:643} INFO - DAG(s) dict_keys(['tutorial']) retrieved from /home/airflow/.local/lib/python3.8/site-packages/airflow/example_dags/tutorial.py
[2021-02-23 20:34:15,280] {logging_mixin.py:104} INFO - [2021-02-23 20:34:15,280] {dag.py:1818} INFO - Sync 1 DAGs
[2021-02-23 20:34:15,317] {logging_mixin.py:104} INFO - [2021-02-23 20:34:15,317] {dag.py:2273} INFO - Setting next_dagrun for tutorial to 2021-02-21 00:00:00+00:00
[2021-02-23 20:34:15,336] {scheduler_job.py:190} INFO - Processing /home/airflow/.local/lib/python3.8/site-packages/airflow/example_dags/tutorial.py took 0.478 seconds
[2021-02-23 20:34:45,704] {scheduler_job.py:182} INFO - Started process (PID=100) to work on /home/airflow/.local/lib/python3.8/site-packages/airflow/example_dags/tutorial.py
[2021-02-23 20:34:45,705] {scheduler_job.py:633} INFO - Processing file /home/airflow/.local/lib/python3.8/site-packages/airflow/example_dags/tutorial.py for tasks to queue
[2021-02-23 20:34:45,706] {logging_mixin.py:104} INFO - [2021-02-23 20:34:45,706] {dagbag.py:448} INFO - Filling up the DagBag from /home/airflow/.local/lib/python3.8/site-packages/airflow/example_dags/tutorial.py
[2021-02-23 20:34:45,718] {scheduler_job.py:643} INFO - DAG(s) dict_keys(['tutorial']) retrieved from /home/airflow/.local/lib/python3.8/site-packages/airflow/example_dags/tutorial.py
[2021-02-23 20:34:45,738] {logging_mixin.py:104} INFO - [2021-02-23 20:34:45,738] {dag.py:1818} INFO - Sync 1 DAGs
[2021-02-23 20:34:45,751] {logging_mixin.py:104} INFO - [2021-02-23 20:34:45,751] {dag.py:2273} INFO - Setting next_dagrun for tutorial to 2021-02-21 00:00:00+00:00
[2021-02-23 20:34:45,760] {scheduler_job.py:190} INFO - Processing /home/airflow/.local/lib/python3.8/site-packages/airflow/example_dags/tutorial.py took 0.059 seconds
[2021-02-23 20:35:19,560] {scheduler_job.py:182} INFO - Started process (PID=129) to work on /home/airflow/.local/lib/python3.8/site-packages/airflow/example_dags/tutorial.py
[2021-02-23 20:35:19,564] {scheduler_job.py:633} INFO - Processing file /home/airflow/.local/lib/python3.8/site-packages/airflow/example_dags/tutorial.py for tasks to queue
[2021-02-23 20:35:19,567] {logging_mixin.py:104} INFO - [2021-02-23 20:35:19,567] {dagbag.py:448} INFO - Filling up the DagBag from /home/airflow/.local/lib/python3.8/site-packages/airflow/example_dags/tutorial.py
[2021-02-23 20:35:19,591] {scheduler_job.py:643} INFO - DAG(s) dict_keys(['tutorial']) retrieved from /home/airflow/.local/lib/python3.8/site-packages/airflow/example_dags/tutorial.py
[2021-02-23 20:35:19,632] {logging_mixin.py:104} INFO - [2021-02-23 20:35:19,632] {dag.py:1818} INFO - Sync 1 DAGs
[2021-02-23 20:35:19,651] {logging_mixin.py:104} INFO - [2021-02-23 20:35:19,650] {dag.py:2273} INFO - Setting next_dagrun for tutorial to 2021-02-21 00:00:00+00:00
[2021-02-23 20:35:19,668] {scheduler_job.py:190} INFO - Processing /home/airflow/.local/lib/python3.8/site-packages/airflow/example_dags/tutorial.py took 0.113 seconds
