[2021-02-23 20:33:12,357] {scheduler_job.py:182} INFO - Started process (PID=21) to work on /home/airflow/.local/lib/python3.8/site-packages/airflow/example_dags/tutorial_taskflow_api_etl.py
[2021-02-23 20:33:12,371] {scheduler_job.py:633} INFO - Processing file /home/airflow/.local/lib/python3.8/site-packages/airflow/example_dags/tutorial_taskflow_api_etl.py for tasks to queue
[2021-02-23 20:33:12,416] {logging_mixin.py:104} INFO - [2021-02-23 20:33:12,416] {dagbag.py:448} INFO - Filling up the DagBag from /home/airflow/.local/lib/python3.8/site-packages/airflow/example_dags/tutorial_taskflow_api_etl.py
[2021-02-23 20:33:12,486] {scheduler_job.py:643} INFO - DAG(s) dict_keys(['tutorial_taskflow_api_etl']) retrieved from /home/airflow/.local/lib/python3.8/site-packages/airflow/example_dags/tutorial_taskflow_api_etl.py
[2021-02-23 20:33:12,539] {logging_mixin.py:104} INFO - [2021-02-23 20:33:12,539] {dag.py:1818} INFO - Sync 1 DAGs
[2021-02-23 20:33:12,607] {logging_mixin.py:104} INFO - [2021-02-23 20:33:12,607] {dag.py:2273} INFO - Setting next_dagrun for tutorial_taskflow_api_etl to None
[2021-02-23 20:33:12,677] {scheduler_job.py:190} INFO - Processing /home/airflow/.local/lib/python3.8/site-packages/airflow/example_dags/tutorial_taskflow_api_etl.py took 0.324 seconds
[2021-02-23 20:33:45,209] {scheduler_job.py:182} INFO - Started process (PID=49) to work on /home/airflow/.local/lib/python3.8/site-packages/airflow/example_dags/tutorial_taskflow_api_etl.py
[2021-02-23 20:33:45,278] {scheduler_job.py:633} INFO - Processing file /home/airflow/.local/lib/python3.8/site-packages/airflow/example_dags/tutorial_taskflow_api_etl.py for tasks to queue
[2021-02-23 20:33:45,644] {logging_mixin.py:104} INFO - [2021-02-23 20:33:45,579] {dagbag.py:448} INFO - Filling up the DagBag from /home/airflow/.local/lib/python3.8/site-packages/airflow/example_dags/tutorial_taskflow_api_etl.py
[2021-02-23 20:33:48,006] {scheduler_job.py:643} INFO - DAG(s) dict_keys(['tutorial_taskflow_api_etl']) retrieved from /home/airflow/.local/lib/python3.8/site-packages/airflow/example_dags/tutorial_taskflow_api_etl.py
[2021-02-23 20:33:50,083] {logging_mixin.py:104} INFO - [2021-02-23 20:33:50,083] {dag.py:1818} INFO - Sync 1 DAGs
[2021-02-23 20:33:51,297] {logging_mixin.py:104} INFO - [2021-02-23 20:33:51,297] {dag.py:2273} INFO - Setting next_dagrun for tutorial_taskflow_api_etl to None
[2021-02-23 20:33:52,313] {scheduler_job.py:190} INFO - Processing /home/airflow/.local/lib/python3.8/site-packages/airflow/example_dags/tutorial_taskflow_api_etl.py took 7.640 seconds
[2021-02-23 20:34:22,806] {scheduler_job.py:182} INFO - Started process (PID=77) to work on /home/airflow/.local/lib/python3.8/site-packages/airflow/example_dags/tutorial_taskflow_api_etl.py
[2021-02-23 20:34:22,808] {scheduler_job.py:633} INFO - Processing file /home/airflow/.local/lib/python3.8/site-packages/airflow/example_dags/tutorial_taskflow_api_etl.py for tasks to queue
[2021-02-23 20:34:22,812] {logging_mixin.py:104} INFO - [2021-02-23 20:34:22,811] {dagbag.py:448} INFO - Filling up the DagBag from /home/airflow/.local/lib/python3.8/site-packages/airflow/example_dags/tutorial_taskflow_api_etl.py
[2021-02-23 20:34:22,835] {scheduler_job.py:643} INFO - DAG(s) dict_keys(['tutorial_taskflow_api_etl']) retrieved from /home/airflow/.local/lib/python3.8/site-packages/airflow/example_dags/tutorial_taskflow_api_etl.py
[2021-02-23 20:34:22,873] {logging_mixin.py:104} INFO - [2021-02-23 20:34:22,873] {dag.py:1818} INFO - Sync 1 DAGs
[2021-02-23 20:34:22,897] {logging_mixin.py:104} INFO - [2021-02-23 20:34:22,897] {dag.py:2273} INFO - Setting next_dagrun for tutorial_taskflow_api_etl to None
[2021-02-23 20:34:22,912] {scheduler_job.py:190} INFO - Processing /home/airflow/.local/lib/python3.8/site-packages/airflow/example_dags/tutorial_taskflow_api_etl.py took 0.109 seconds
[2021-02-23 20:34:52,955] {scheduler_job.py:182} INFO - Started process (PID=104) to work on /home/airflow/.local/lib/python3.8/site-packages/airflow/example_dags/tutorial_taskflow_api_etl.py
[2021-02-23 20:34:52,961] {scheduler_job.py:633} INFO - Processing file /home/airflow/.local/lib/python3.8/site-packages/airflow/example_dags/tutorial_taskflow_api_etl.py for tasks to queue
[2021-02-23 20:34:52,968] {logging_mixin.py:104} INFO - [2021-02-23 20:34:52,967] {dagbag.py:448} INFO - Filling up the DagBag from /home/airflow/.local/lib/python3.8/site-packages/airflow/example_dags/tutorial_taskflow_api_etl.py
[2021-02-23 20:34:52,991] {scheduler_job.py:643} INFO - DAG(s) dict_keys(['tutorial_taskflow_api_etl']) retrieved from /home/airflow/.local/lib/python3.8/site-packages/airflow/example_dags/tutorial_taskflow_api_etl.py
[2021-02-23 20:34:53,029] {logging_mixin.py:104} INFO - [2021-02-23 20:34:53,029] {dag.py:1818} INFO - Sync 1 DAGs
[2021-02-23 20:34:53,052] {logging_mixin.py:104} INFO - [2021-02-23 20:34:53,052] {dag.py:2273} INFO - Setting next_dagrun for tutorial_taskflow_api_etl to None
[2021-02-23 20:34:53,080] {scheduler_job.py:190} INFO - Processing /home/airflow/.local/lib/python3.8/site-packages/airflow/example_dags/tutorial_taskflow_api_etl.py took 0.130 seconds
[2021-02-23 20:35:23,864] {scheduler_job.py:182} INFO - Started process (PID=133) to work on /home/airflow/.local/lib/python3.8/site-packages/airflow/example_dags/tutorial_taskflow_api_etl.py
[2021-02-23 20:35:23,867] {scheduler_job.py:633} INFO - Processing file /home/airflow/.local/lib/python3.8/site-packages/airflow/example_dags/tutorial_taskflow_api_etl.py for tasks to queue
[2021-02-23 20:35:23,869] {logging_mixin.py:104} INFO - [2021-02-23 20:35:23,869] {dagbag.py:448} INFO - Filling up the DagBag from /home/airflow/.local/lib/python3.8/site-packages/airflow/example_dags/tutorial_taskflow_api_etl.py
[2021-02-23 20:35:23,886] {scheduler_job.py:643} INFO - DAG(s) dict_keys(['tutorial_taskflow_api_etl']) retrieved from /home/airflow/.local/lib/python3.8/site-packages/airflow/example_dags/tutorial_taskflow_api_etl.py
[2021-02-23 20:35:23,924] {logging_mixin.py:104} INFO - [2021-02-23 20:35:23,924] {dag.py:1818} INFO - Sync 1 DAGs
[2021-02-23 20:35:23,950] {logging_mixin.py:104} INFO - [2021-02-23 20:35:23,950] {dag.py:2273} INFO - Setting next_dagrun for tutorial_taskflow_api_etl to None
[2021-02-23 20:35:23,968] {scheduler_job.py:190} INFO - Processing /home/airflow/.local/lib/python3.8/site-packages/airflow/example_dags/tutorial_taskflow_api_etl.py took 0.107 seconds
