[2021-02-23 20:33:13,055] {scheduler_job.py:182} INFO - Started process (PID=24) to work on /home/airflow/.local/lib/python3.8/site-packages/airflow/example_dags/tutorial_etl_dag.py
[2021-02-23 20:33:13,060] {scheduler_job.py:633} INFO - Processing file /home/airflow/.local/lib/python3.8/site-packages/airflow/example_dags/tutorial_etl_dag.py for tasks to queue
[2021-02-23 20:33:13,070] {logging_mixin.py:104} INFO - [2021-02-23 20:33:13,070] {dagbag.py:448} INFO - Filling up the DagBag from /home/airflow/.local/lib/python3.8/site-packages/airflow/example_dags/tutorial_etl_dag.py
[2021-02-23 20:33:13,115] {scheduler_job.py:643} INFO - DAG(s) dict_keys(['tutorial_etl_dag']) retrieved from /home/airflow/.local/lib/python3.8/site-packages/airflow/example_dags/tutorial_etl_dag.py
[2021-02-23 20:33:13,159] {logging_mixin.py:104} INFO - [2021-02-23 20:33:13,159] {dag.py:1818} INFO - Sync 1 DAGs
[2021-02-23 20:33:13,182] {logging_mixin.py:104} INFO - [2021-02-23 20:33:13,181] {dag.py:2273} INFO - Setting next_dagrun for tutorial_etl_dag to None
[2021-02-23 20:33:13,210] {scheduler_job.py:190} INFO - Processing /home/airflow/.local/lib/python3.8/site-packages/airflow/example_dags/tutorial_etl_dag.py took 0.168 seconds
[2021-02-23 20:33:58,066] {scheduler_job.py:182} INFO - Started process (PID=54) to work on /home/airflow/.local/lib/python3.8/site-packages/airflow/example_dags/tutorial_etl_dag.py
[2021-02-23 20:33:58,072] {scheduler_job.py:633} INFO - Processing file /home/airflow/.local/lib/python3.8/site-packages/airflow/example_dags/tutorial_etl_dag.py for tasks to queue
[2021-02-23 20:33:58,084] {logging_mixin.py:104} INFO - [2021-02-23 20:33:58,083] {dagbag.py:448} INFO - Filling up the DagBag from /home/airflow/.local/lib/python3.8/site-packages/airflow/example_dags/tutorial_etl_dag.py
[2021-02-23 20:33:58,351] {scheduler_job.py:643} INFO - DAG(s) dict_keys(['tutorial_etl_dag']) retrieved from /home/airflow/.local/lib/python3.8/site-packages/airflow/example_dags/tutorial_etl_dag.py
[2021-02-23 20:33:58,829] {logging_mixin.py:104} INFO - [2021-02-23 20:33:58,817] {dag.py:1818} INFO - Sync 1 DAGs
[2021-02-23 20:33:59,414] {logging_mixin.py:104} INFO - [2021-02-23 20:33:59,374] {dag.py:2273} INFO - Setting next_dagrun for tutorial_etl_dag to None
[2021-02-23 20:33:59,951] {scheduler_job.py:190} INFO - Processing /home/airflow/.local/lib/python3.8/site-packages/airflow/example_dags/tutorial_etl_dag.py took 1.900 seconds
[2021-02-23 20:34:30,247] {scheduler_job.py:182} INFO - Started process (PID=82) to work on /home/airflow/.local/lib/python3.8/site-packages/airflow/example_dags/tutorial_etl_dag.py
[2021-02-23 20:34:30,249] {scheduler_job.py:633} INFO - Processing file /home/airflow/.local/lib/python3.8/site-packages/airflow/example_dags/tutorial_etl_dag.py for tasks to queue
[2021-02-23 20:34:30,251] {logging_mixin.py:104} INFO - [2021-02-23 20:34:30,251] {dagbag.py:448} INFO - Filling up the DagBag from /home/airflow/.local/lib/python3.8/site-packages/airflow/example_dags/tutorial_etl_dag.py
[2021-02-23 20:34:30,317] {scheduler_job.py:643} INFO - DAG(s) dict_keys(['tutorial_etl_dag']) retrieved from /home/airflow/.local/lib/python3.8/site-packages/airflow/example_dags/tutorial_etl_dag.py
[2021-02-23 20:34:30,344] {logging_mixin.py:104} INFO - [2021-02-23 20:34:30,343] {dag.py:1818} INFO - Sync 1 DAGs
[2021-02-23 20:34:30,358] {logging_mixin.py:104} INFO - [2021-02-23 20:34:30,358] {dag.py:2273} INFO - Setting next_dagrun for tutorial_etl_dag to None
[2021-02-23 20:34:30,368] {scheduler_job.py:190} INFO - Processing /home/airflow/.local/lib/python3.8/site-packages/airflow/example_dags/tutorial_etl_dag.py took 0.136 seconds
[2021-02-23 20:35:00,894] {scheduler_job.py:182} INFO - Started process (PID=110) to work on /home/airflow/.local/lib/python3.8/site-packages/airflow/example_dags/tutorial_etl_dag.py
[2021-02-23 20:35:00,907] {scheduler_job.py:633} INFO - Processing file /home/airflow/.local/lib/python3.8/site-packages/airflow/example_dags/tutorial_etl_dag.py for tasks to queue
[2021-02-23 20:35:00,919] {logging_mixin.py:104} INFO - [2021-02-23 20:35:00,917] {dagbag.py:448} INFO - Filling up the DagBag from /home/airflow/.local/lib/python3.8/site-packages/airflow/example_dags/tutorial_etl_dag.py
[2021-02-23 20:35:01,181] {scheduler_job.py:643} INFO - DAG(s) dict_keys(['tutorial_etl_dag']) retrieved from /home/airflow/.local/lib/python3.8/site-packages/airflow/example_dags/tutorial_etl_dag.py
[2021-02-23 20:35:13,709] {logging_mixin.py:104} INFO - [2021-02-23 20:35:13,682] {dag.py:1818} INFO - Sync 1 DAGs
[2021-02-23 20:35:18,139] {logging_mixin.py:104} INFO - [2021-02-23 20:35:18,136] {dag.py:2273} INFO - Setting next_dagrun for tutorial_etl_dag to None
[2021-02-23 20:35:18,165] {scheduler_job.py:190} INFO - Processing /home/airflow/.local/lib/python3.8/site-packages/airflow/example_dags/tutorial_etl_dag.py took 17.324 seconds
