[2021-03-09 11:34:53,588] {taskinstance.py:851} INFO - Dependencies all met for <TaskInstance: extract_standings.get_standings 2021-03-09T17:34:49.014505+00:00 [queued]>
[2021-03-09 11:34:53,593] {taskinstance.py:851} INFO - Dependencies all met for <TaskInstance: extract_standings.get_standings 2021-03-09T17:34:49.014505+00:00 [queued]>
[2021-03-09 11:34:53,593] {taskinstance.py:1042} INFO - 
--------------------------------------------------------------------------------
[2021-03-09 11:34:53,593] {taskinstance.py:1043} INFO - Starting attempt 1 of 3
[2021-03-09 11:34:53,593] {taskinstance.py:1044} INFO - 
--------------------------------------------------------------------------------
[2021-03-09 11:34:53,598] {taskinstance.py:1063} INFO - Executing <Task(PythonOperator): get_standings> on 2021-03-09T17:34:49.014505+00:00
[2021-03-09 11:34:53,601] {standard_task_runner.py:52} INFO - Started process 27685 to run task
[2021-03-09 11:34:53,607] {standard_task_runner.py:76} INFO - Running: ['airflow', 'tasks', 'run', 'extract_standings', 'get_standings', '2021-03-09T17:34:49.014505+00:00', '--job-id', '142', '--pool', 'default_pool', '--raw', '--subdir', 'DAGS_FOLDER/standings_dag.py', '--cfg-path', '/var/folders/n1/tvvct6mn75xbwwwl4s02tfdc0000gn/T/tmpuq9lfz1_', '--error-file', '/var/folders/n1/tvvct6mn75xbwwwl4s02tfdc0000gn/T/tmpm_z3myc2']
[2021-03-09 11:34:53,610] {standard_task_runner.py:77} INFO - Job 142: Subtask get_standings
[2021-03-09 11:34:53,642] {logging_mixin.py:104} INFO - Running <TaskInstance: extract_standings.get_standings 2021-03-09T17:34:49.014505+00:00 [running]> on host 25.1.168.192.in-addr.arpa
[2021-03-09 11:34:53,666] {taskinstance.py:1255} INFO - Exporting the following env vars:
AIRFLOW_CTX_DAG_OWNER=AWTY
AIRFLOW_CTX_DAG_ID=extract_standings
AIRFLOW_CTX_TASK_ID=get_standings
AIRFLOW_CTX_EXECUTION_DATE=2021-03-09T17:34:49.014505+00:00
AIRFLOW_CTX_DAG_RUN_ID=manual__2021-03-09T17:34:49.014505+00:00
[2021-03-09 11:34:54,167] {logging_mixin.py:104} INFO - Extracted standings from NBA-API
[2021-03-09 11:34:54,173] {python.py:118} INFO - Done. Returned value was: Populated json_file...
[2021-03-09 11:34:54,187] {taskinstance.py:1159} INFO - Marking task as SUCCESS. dag_id=extract_standings, task_id=get_standings, execution_date=20210309T173449, start_date=20210309T173453, end_date=20210309T173454
[2021-03-09 11:34:54,208] {taskinstance.py:1220} INFO - 1 downstream tasks scheduled from follow-on schedule check
[2021-03-09 11:34:54,220] {local_task_job.py:146} INFO - Task exited with return code 0
