[2021-03-11 14:15:30,348] {taskinstance.py:851} INFO - Dependencies all met for <TaskInstance: extract_standings.get_standings 2021-03-11T20:15:27.195758+00:00 [queued]>
[2021-03-11 14:15:30,355] {taskinstance.py:851} INFO - Dependencies all met for <TaskInstance: extract_standings.get_standings 2021-03-11T20:15:27.195758+00:00 [queued]>
[2021-03-11 14:15:30,355] {taskinstance.py:1042} INFO - 
--------------------------------------------------------------------------------
[2021-03-11 14:15:30,355] {taskinstance.py:1043} INFO - Starting attempt 1 of 3
[2021-03-11 14:15:30,355] {taskinstance.py:1044} INFO - 
--------------------------------------------------------------------------------
[2021-03-11 14:15:30,360] {taskinstance.py:1063} INFO - Executing <Task(PythonOperator): get_standings> on 2021-03-11T20:15:27.195758+00:00
[2021-03-11 14:15:30,362] {standard_task_runner.py:52} INFO - Started process 58680 to run task
[2021-03-11 14:15:30,372] {standard_task_runner.py:76} INFO - Running: ['airflow', 'tasks', 'run', 'extract_standings', 'get_standings', '2021-03-11T20:15:27.195758+00:00', '--job-id', '175', '--pool', 'default_pool', '--raw', '--subdir', 'DAGS_FOLDER/standings_dag.py', '--cfg-path', '/var/folders/n1/tvvct6mn75xbwwwl4s02tfdc0000gn/T/tmpfde5i4no', '--error-file', '/var/folders/n1/tvvct6mn75xbwwwl4s02tfdc0000gn/T/tmpa89k852u']
[2021-03-11 14:15:30,373] {standard_task_runner.py:77} INFO - Job 175: Subtask get_standings
[2021-03-11 14:15:30,408] {logging_mixin.py:104} INFO - Running <TaskInstance: extract_standings.get_standings 2021-03-11T20:15:27.195758+00:00 [running]> on host 25.1.168.192.in-addr.arpa
[2021-03-11 14:15:30,440] {taskinstance.py:1255} INFO - Exporting the following env vars:
AIRFLOW_CTX_DAG_OWNER=AWTY
AIRFLOW_CTX_DAG_ID=extract_standings
AIRFLOW_CTX_TASK_ID=get_standings
AIRFLOW_CTX_EXECUTION_DATE=2021-03-11T20:15:27.195758+00:00
AIRFLOW_CTX_DAG_RUN_ID=manual__2021-03-11T20:15:27.195758+00:00
[2021-03-11 14:15:31,082] {logging_mixin.py:104} INFO - Extracted standings from NBA-API
[2021-03-11 14:15:31,086] {python.py:118} INFO - Done. Returned value was: Populated json_file...
[2021-03-11 14:15:31,102] {taskinstance.py:1159} INFO - Marking task as SUCCESS. dag_id=extract_standings, task_id=get_standings, execution_date=20210311T201527, start_date=20210311T201530, end_date=20210311T201531
[2021-03-11 14:15:31,125] {taskinstance.py:1220} INFO - 1 downstream tasks scheduled from follow-on schedule check
[2021-03-11 14:15:31,137] {local_task_job.py:146} INFO - Task exited with return code 0
