[2021-03-09 11:19:53,738] {taskinstance.py:851} INFO - Dependencies all met for <TaskInstance: extract_standings.get_standings 2021-03-09T17:19:50.680078+00:00 [queued]>
[2021-03-09 11:19:53,745] {taskinstance.py:851} INFO - Dependencies all met for <TaskInstance: extract_standings.get_standings 2021-03-09T17:19:50.680078+00:00 [queued]>
[2021-03-09 11:19:53,745] {taskinstance.py:1042} INFO - 
--------------------------------------------------------------------------------
[2021-03-09 11:19:53,745] {taskinstance.py:1043} INFO - Starting attempt 1 of 3
[2021-03-09 11:19:53,746] {taskinstance.py:1044} INFO - 
--------------------------------------------------------------------------------
[2021-03-09 11:19:53,753] {taskinstance.py:1063} INFO - Executing <Task(PythonOperator): get_standings> on 2021-03-09T17:19:50.680078+00:00
[2021-03-09 11:19:53,756] {standard_task_runner.py:52} INFO - Started process 27180 to run task
[2021-03-09 11:19:53,764] {standard_task_runner.py:76} INFO - Running: ['airflow', 'tasks', 'run', 'extract_standings', 'get_standings', '2021-03-09T17:19:50.680078+00:00', '--job-id', '138', '--pool', 'default_pool', '--raw', '--subdir', 'DAGS_FOLDER/standings_dag.py', '--cfg-path', '/var/folders/n1/tvvct6mn75xbwwwl4s02tfdc0000gn/T/tmpyh3ydqzb', '--error-file', '/var/folders/n1/tvvct6mn75xbwwwl4s02tfdc0000gn/T/tmpp13cnnde']
[2021-03-09 11:19:53,767] {standard_task_runner.py:77} INFO - Job 138: Subtask get_standings
[2021-03-09 11:19:53,803] {logging_mixin.py:104} INFO - Running <TaskInstance: extract_standings.get_standings 2021-03-09T17:19:50.680078+00:00 [running]> on host 25.1.168.192.in-addr.arpa
[2021-03-09 11:19:53,833] {taskinstance.py:1255} INFO - Exporting the following env vars:
AIRFLOW_CTX_DAG_OWNER=AWTY
AIRFLOW_CTX_DAG_ID=extract_standings
AIRFLOW_CTX_TASK_ID=get_standings
AIRFLOW_CTX_EXECUTION_DATE=2021-03-09T17:19:50.680078+00:00
AIRFLOW_CTX_DAG_RUN_ID=manual__2021-03-09T17:19:50.680078+00:00
[2021-03-09 11:19:54,732] {logging_mixin.py:104} INFO - Extracted standings from NBA-API
[2021-03-09 11:19:54,737] {python.py:118} INFO - Done. Returned value was: Populated json_file...
[2021-03-09 11:19:54,754] {taskinstance.py:1159} INFO - Marking task as SUCCESS. dag_id=extract_standings, task_id=get_standings, execution_date=20210309T171950, start_date=20210309T171953, end_date=20210309T171954
[2021-03-09 11:19:54,777] {taskinstance.py:1220} INFO - 1 downstream tasks scheduled from follow-on schedule check
[2021-03-09 11:19:54,810] {local_task_job.py:146} INFO - Task exited with return code 0
