[2021-03-09 09:38:46,841] {dag_processing.py:590} INFO - Processing files using up to 1 processes at a time 
[2021-03-09 09:38:46,842] {dag_processing.py:591} INFO - Process each file at most once every 30 seconds
[2021-03-09 09:38:46,842] {dag_processing.py:592} INFO - Checking for new files in /Users/garymarmon/PycharmProjects/AWTY-Limitless/DataServerContainer/dags every 300 seconds
[2021-03-09 09:38:46,842] {dag_processing.py:731} INFO - Searching for files in /Users/garymarmon/PycharmProjects/AWTY-Limitless/DataServerContainer/dags
[2021-03-09 09:38:46,843] {dag_processing.py:734} INFO - There are 1 files in /Users/garymarmon/PycharmProjects/AWTY-Limitless/DataServerContainer/dags
[2021-03-09 09:38:46,877] {dag_processing.py:1071} INFO - Finding 'running' jobs without a recent heartbeat
[2021-03-09 09:38:46,877] {dag_processing.py:1075} INFO - Failing jobs without heartbeat after 2021-03-09 15:33:46.877927+00:00
[2021-03-09 09:38:57,074] {dag_processing.py:1071} INFO - Finding 'running' jobs without a recent heartbeat
[2021-03-09 09:38:57,076] {dag_processing.py:1075} INFO - Failing jobs without heartbeat after 2021-03-09 15:33:57.075971+00:00
[2021-03-09 09:39:07,185] {dag_processing.py:1071} INFO - Finding 'running' jobs without a recent heartbeat
[2021-03-09 09:39:07,186] {dag_processing.py:1075} INFO - Failing jobs without heartbeat after 2021-03-09 15:34:07.186437+00:00
[2021-03-09 09:39:16,032] {dag_processing.py:838} INFO - 
================================================================================
DAG File Processing Stats

File Path                                                                                   PID    Runtime      # DAGs    # Errors  Last Runtime    Last Run
------------------------------------------------------------------------------------------  -----  ---------  --------  ----------  --------------  -------------------
/Users/garymarmon/PycharmProjects/AWTY-Limitless/DataServerContainer/dags/standings_dag.py                           1           0  1.40s           2021-03-09T15:38:48
================================================================================
[2021-03-09 09:39:17,301] {dag_processing.py:1071} INFO - Finding 'running' jobs without a recent heartbeat
[2021-03-09 09:39:17,302] {dag_processing.py:1075} INFO - Failing jobs without heartbeat after 2021-03-09 15:34:17.302434+00:00
