[2021-03-09 09:44:45,795] {taskinstance.py:851} INFO - Dependencies all met for <TaskInstance: extract_standings.get_standings 2021-02-16T00:00:00+00:00 [queued]>
[2021-03-09 09:44:45,799] {taskinstance.py:851} INFO - Dependencies all met for <TaskInstance: extract_standings.get_standings 2021-02-16T00:00:00+00:00 [queued]>
[2021-03-09 09:44:45,799] {taskinstance.py:1042} INFO - 
--------------------------------------------------------------------------------
[2021-03-09 09:44:45,799] {taskinstance.py:1043} INFO - Starting attempt 1 of 3
[2021-03-09 09:44:45,799] {taskinstance.py:1044} INFO - 
--------------------------------------------------------------------------------
[2021-03-09 09:44:45,805] {taskinstance.py:1063} INFO - Executing <Task(PythonOperator): get_standings> on 2021-02-16T00:00:00+00:00
[2021-03-09 09:44:45,807] {standard_task_runner.py:52} INFO - Started process 25220 to run task
[2021-03-09 09:44:45,814] {standard_task_runner.py:76} INFO - Running: ['airflow', 'tasks', 'run', 'extract_standings', 'get_standings', '2021-02-16T00:00:00+00:00', '--job-id', '95', '--pool', 'default_pool', '--raw', '--subdir', 'DAGS_FOLDER/standings_dag.py', '--cfg-path', '/var/folders/n1/tvvct6mn75xbwwwl4s02tfdc0000gn/T/tmpikxq_w76', '--error-file', '/var/folders/n1/tvvct6mn75xbwwwl4s02tfdc0000gn/T/tmp45zx_dry']
[2021-03-09 09:44:45,815] {standard_task_runner.py:77} INFO - Job 95: Subtask get_standings
[2021-03-09 09:44:45,849] {logging_mixin.py:104} INFO - Running <TaskInstance: extract_standings.get_standings 2021-02-16T00:00:00+00:00 [running]> on host 25.1.168.192.in-addr.arpa
[2021-03-09 09:44:45,875] {taskinstance.py:1255} INFO - Exporting the following env vars:
AIRFLOW_CTX_DAG_OWNER=AWTY
AIRFLOW_CTX_DAG_ID=extract_standings
AIRFLOW_CTX_TASK_ID=get_standings
AIRFLOW_CTX_EXECUTION_DATE=2021-02-16T00:00:00+00:00
AIRFLOW_CTX_DAG_RUN_ID=scheduled__2021-02-16T00:00:00+00:00
[2021-03-09 09:44:46,228] {logging_mixin.py:104} INFO - Extracted standings from NBA-API
[2021-03-09 09:44:46,231] {python.py:118} INFO - Done. Returned value was: Populated json_file...
[2021-03-09 09:44:46,246] {taskinstance.py:1159} INFO - Marking task as SUCCESS. dag_id=extract_standings, task_id=get_standings, execution_date=20210216T000000, start_date=20210309T154445, end_date=20210309T154446
[2021-03-09 09:44:46,266] {taskinstance.py:1220} INFO - 1 downstream tasks scheduled from follow-on schedule check
[2021-03-09 09:44:46,291] {local_task_job.py:146} INFO - Task exited with return code 0
