[2021-02-22 17:52:52,523] {scheduler_job.py:182} INFO - Started process (PID=23) to work on /home/airflow/.local/lib/python3.8/site-packages/airflow/example_dags/example_kubernetes_executor_config.py
[2021-02-22 17:52:52,533] {scheduler_job.py:633} INFO - Processing file /home/airflow/.local/lib/python3.8/site-packages/airflow/example_dags/example_kubernetes_executor_config.py for tasks to queue
[2021-02-22 17:52:52,544] {logging_mixin.py:104} INFO - [2021-02-22 17:52:52,544] {dagbag.py:448} INFO - Filling up the DagBag from /home/airflow/.local/lib/python3.8/site-packages/airflow/example_dags/example_kubernetes_executor_config.py
[2021-02-22 17:52:52,602] {scheduler_job.py:643} INFO - DAG(s) dict_keys(['example_kubernetes_executor_config']) retrieved from /home/airflow/.local/lib/python3.8/site-packages/airflow/example_dags/example_kubernetes_executor_config.py
[2021-02-22 17:52:52,655] {logging_mixin.py:104} INFO - [2021-02-22 17:52:52,655] {dag.py:1818} INFO - Sync 1 DAGs
[2021-02-22 17:52:52,670] {logging_mixin.py:104} INFO - [2021-02-22 17:52:52,670] {dag.py:1837} INFO - Creating ORM DAG for example_kubernetes_executor_config
[2021-02-22 17:52:52,713] {logging_mixin.py:104} INFO - [2021-02-22 17:52:52,712] {dag.py:2273} INFO - Setting next_dagrun for example_kubernetes_executor_config to None
[2021-02-22 17:52:52,738] {scheduler_job.py:190} INFO - Processing /home/airflow/.local/lib/python3.8/site-packages/airflow/example_dags/example_kubernetes_executor_config.py took 0.218 seconds
[2021-02-22 17:53:24,156] {scheduler_job.py:182} INFO - Started process (PID=51) to work on /home/airflow/.local/lib/python3.8/site-packages/airflow/example_dags/example_kubernetes_executor_config.py
[2021-02-22 17:53:24,161] {scheduler_job.py:633} INFO - Processing file /home/airflow/.local/lib/python3.8/site-packages/airflow/example_dags/example_kubernetes_executor_config.py for tasks to queue
[2021-02-22 17:53:24,169] {logging_mixin.py:104} INFO - [2021-02-22 17:53:24,169] {dagbag.py:448} INFO - Filling up the DagBag from /home/airflow/.local/lib/python3.8/site-packages/airflow/example_dags/example_kubernetes_executor_config.py
[2021-02-22 17:53:25,835] {scheduler_job.py:643} INFO - DAG(s) dict_keys(['example_kubernetes_executor_config']) retrieved from /home/airflow/.local/lib/python3.8/site-packages/airflow/example_dags/example_kubernetes_executor_config.py
[2021-02-22 17:53:29,448] {logging_mixin.py:104} INFO - [2021-02-22 17:53:29,448] {dag.py:1818} INFO - Sync 1 DAGs
[2021-02-22 17:53:29,558] {logging_mixin.py:104} INFO - [2021-02-22 17:53:29,558] {dag.py:2273} INFO - Setting next_dagrun for example_kubernetes_executor_config to None
[2021-02-22 17:53:29,836] {scheduler_job.py:190} INFO - Processing /home/airflow/.local/lib/python3.8/site-packages/airflow/example_dags/example_kubernetes_executor_config.py took 5.748 seconds
[2021-02-22 17:54:21,077] {scheduler_job.py:182} INFO - Started process (PID=35) to work on /home/airflow/.local/lib/python3.8/site-packages/airflow/example_dags/example_kubernetes_executor_config.py
[2021-02-22 17:54:21,080] {scheduler_job.py:633} INFO - Processing file /home/airflow/.local/lib/python3.8/site-packages/airflow/example_dags/example_kubernetes_executor_config.py for tasks to queue
[2021-02-22 17:54:21,082] {logging_mixin.py:104} INFO - [2021-02-22 17:54:21,082] {dagbag.py:448} INFO - Filling up the DagBag from /home/airflow/.local/lib/python3.8/site-packages/airflow/example_dags/example_kubernetes_executor_config.py
[2021-02-22 17:54:21,103] {scheduler_job.py:643} INFO - DAG(s) dict_keys(['example_kubernetes_executor_config']) retrieved from /home/airflow/.local/lib/python3.8/site-packages/airflow/example_dags/example_kubernetes_executor_config.py
[2021-02-22 17:54:21,138] {logging_mixin.py:104} INFO - [2021-02-22 17:54:21,138] {dag.py:1818} INFO - Sync 1 DAGs
[2021-02-22 17:54:21,158] {logging_mixin.py:104} INFO - [2021-02-22 17:54:21,158] {dag.py:2273} INFO - Setting next_dagrun for example_kubernetes_executor_config to None
[2021-02-22 17:54:21,182] {scheduler_job.py:190} INFO - Processing /home/airflow/.local/lib/python3.8/site-packages/airflow/example_dags/example_kubernetes_executor_config.py took 0.114 seconds
[2021-02-22 17:54:51,712] {scheduler_job.py:182} INFO - Started process (PID=62) to work on /home/airflow/.local/lib/python3.8/site-packages/airflow/example_dags/example_kubernetes_executor_config.py
[2021-02-22 17:54:51,715] {scheduler_job.py:633} INFO - Processing file /home/airflow/.local/lib/python3.8/site-packages/airflow/example_dags/example_kubernetes_executor_config.py for tasks to queue
[2021-02-22 17:54:51,719] {logging_mixin.py:104} INFO - [2021-02-22 17:54:51,718] {dagbag.py:448} INFO - Filling up the DagBag from /home/airflow/.local/lib/python3.8/site-packages/airflow/example_dags/example_kubernetes_executor_config.py
[2021-02-22 17:54:51,840] {scheduler_job.py:643} INFO - DAG(s) dict_keys(['example_kubernetes_executor_config']) retrieved from /home/airflow/.local/lib/python3.8/site-packages/airflow/example_dags/example_kubernetes_executor_config.py
[2021-02-22 17:54:51,942] {logging_mixin.py:104} INFO - [2021-02-22 17:54:51,942] {dag.py:1818} INFO - Sync 1 DAGs
[2021-02-22 17:54:51,963] {logging_mixin.py:104} INFO - [2021-02-22 17:54:51,963] {dag.py:2273} INFO - Setting next_dagrun for example_kubernetes_executor_config to None
[2021-02-22 17:54:52,336] {scheduler_job.py:190} INFO - Processing /home/airflow/.local/lib/python3.8/site-packages/airflow/example_dags/example_kubernetes_executor_config.py took 0.630 seconds
[2021-02-22 17:55:27,208] {scheduler_job.py:182} INFO - Started process (PID=90) to work on /home/airflow/.local/lib/python3.8/site-packages/airflow/example_dags/example_kubernetes_executor_config.py
[2021-02-22 17:55:27,214] {scheduler_job.py:633} INFO - Processing file /home/airflow/.local/lib/python3.8/site-packages/airflow/example_dags/example_kubernetes_executor_config.py for tasks to queue
[2021-02-22 17:55:27,236] {logging_mixin.py:104} INFO - [2021-02-22 17:55:27,236] {dagbag.py:448} INFO - Filling up the DagBag from /home/airflow/.local/lib/python3.8/site-packages/airflow/example_dags/example_kubernetes_executor_config.py
[2021-02-22 17:55:27,294] {scheduler_job.py:643} INFO - DAG(s) dict_keys(['example_kubernetes_executor_config']) retrieved from /home/airflow/.local/lib/python3.8/site-packages/airflow/example_dags/example_kubernetes_executor_config.py
[2021-02-22 17:55:27,359] {logging_mixin.py:104} INFO - [2021-02-22 17:55:27,359] {dag.py:1818} INFO - Sync 1 DAGs
[2021-02-22 17:55:27,429] {logging_mixin.py:104} INFO - [2021-02-22 17:55:27,429] {dag.py:2273} INFO - Setting next_dagrun for example_kubernetes_executor_config to None
[2021-02-22 17:55:27,451] {scheduler_job.py:190} INFO - Processing /home/airflow/.local/lib/python3.8/site-packages/airflow/example_dags/example_kubernetes_executor_config.py took 0.246 seconds
[2021-02-22 17:55:59,388] {scheduler_job.py:182} INFO - Started process (PID=119) to work on /home/airflow/.local/lib/python3.8/site-packages/airflow/example_dags/example_kubernetes_executor_config.py
[2021-02-22 17:55:59,391] {scheduler_job.py:633} INFO - Processing file /home/airflow/.local/lib/python3.8/site-packages/airflow/example_dags/example_kubernetes_executor_config.py for tasks to queue
[2021-02-22 17:55:59,393] {logging_mixin.py:104} INFO - [2021-02-22 17:55:59,393] {dagbag.py:448} INFO - Filling up the DagBag from /home/airflow/.local/lib/python3.8/site-packages/airflow/example_dags/example_kubernetes_executor_config.py
[2021-02-22 17:55:59,433] {scheduler_job.py:643} INFO - DAG(s) dict_keys(['example_kubernetes_executor_config']) retrieved from /home/airflow/.local/lib/python3.8/site-packages/airflow/example_dags/example_kubernetes_executor_config.py
[2021-02-22 17:55:59,471] {logging_mixin.py:104} INFO - [2021-02-22 17:55:59,471] {dag.py:1818} INFO - Sync 1 DAGs
[2021-02-22 17:55:59,489] {logging_mixin.py:104} INFO - [2021-02-22 17:55:59,489] {dag.py:2273} INFO - Setting next_dagrun for example_kubernetes_executor_config to None
[2021-02-22 17:55:59,498] {scheduler_job.py:190} INFO - Processing /home/airflow/.local/lib/python3.8/site-packages/airflow/example_dags/example_kubernetes_executor_config.py took 0.115 seconds
[2021-02-22 18:03:23,206] {scheduler_job.py:182} INFO - Started process (PID=34) to work on /home/airflow/.local/lib/python3.8/site-packages/airflow/example_dags/example_kubernetes_executor_config.py
[2021-02-22 18:03:23,210] {scheduler_job.py:633} INFO - Processing file /home/airflow/.local/lib/python3.8/site-packages/airflow/example_dags/example_kubernetes_executor_config.py for tasks to queue
[2021-02-22 18:03:23,214] {logging_mixin.py:104} INFO - [2021-02-22 18:03:23,214] {dagbag.py:448} INFO - Filling up the DagBag from /home/airflow/.local/lib/python3.8/site-packages/airflow/example_dags/example_kubernetes_executor_config.py
[2021-02-22 18:03:23,260] {scheduler_job.py:643} INFO - DAG(s) dict_keys(['example_kubernetes_executor_config']) retrieved from /home/airflow/.local/lib/python3.8/site-packages/airflow/example_dags/example_kubernetes_executor_config.py
[2021-02-22 18:03:23,307] {logging_mixin.py:104} INFO - [2021-02-22 18:03:23,307] {dag.py:1818} INFO - Sync 1 DAGs
[2021-02-22 18:03:23,360] {logging_mixin.py:104} INFO - [2021-02-22 18:03:23,360] {dag.py:2273} INFO - Setting next_dagrun for example_kubernetes_executor_config to None
[2021-02-22 18:03:23,398] {scheduler_job.py:190} INFO - Processing /home/airflow/.local/lib/python3.8/site-packages/airflow/example_dags/example_kubernetes_executor_config.py took 0.212 seconds
[2021-02-22 18:03:54,113] {scheduler_job.py:182} INFO - Started process (PID=64) to work on /home/airflow/.local/lib/python3.8/site-packages/airflow/example_dags/example_kubernetes_executor_config.py
[2021-02-22 18:03:54,116] {scheduler_job.py:633} INFO - Processing file /home/airflow/.local/lib/python3.8/site-packages/airflow/example_dags/example_kubernetes_executor_config.py for tasks to queue
[2021-02-22 18:03:54,117] {logging_mixin.py:104} INFO - [2021-02-22 18:03:54,117] {dagbag.py:448} INFO - Filling up the DagBag from /home/airflow/.local/lib/python3.8/site-packages/airflow/example_dags/example_kubernetes_executor_config.py
[2021-02-22 18:03:54,186] {scheduler_job.py:643} INFO - DAG(s) dict_keys(['example_kubernetes_executor_config']) retrieved from /home/airflow/.local/lib/python3.8/site-packages/airflow/example_dags/example_kubernetes_executor_config.py
[2021-02-22 18:03:54,270] {logging_mixin.py:104} INFO - [2021-02-22 18:03:54,270] {dag.py:1818} INFO - Sync 1 DAGs
[2021-02-22 18:03:54,286] {logging_mixin.py:104} INFO - [2021-02-22 18:03:54,286] {dag.py:2273} INFO - Setting next_dagrun for example_kubernetes_executor_config to None
[2021-02-22 18:03:54,296] {scheduler_job.py:190} INFO - Processing /home/airflow/.local/lib/python3.8/site-packages/airflow/example_dags/example_kubernetes_executor_config.py took 0.188 seconds
[2021-02-22 18:04:31,862] {scheduler_job.py:182} INFO - Started process (PID=90) to work on /home/airflow/.local/lib/python3.8/site-packages/airflow/example_dags/example_kubernetes_executor_config.py
[2021-02-22 18:04:31,864] {scheduler_job.py:633} INFO - Processing file /home/airflow/.local/lib/python3.8/site-packages/airflow/example_dags/example_kubernetes_executor_config.py for tasks to queue
[2021-02-22 18:04:31,866] {logging_mixin.py:104} INFO - [2021-02-22 18:04:31,866] {dagbag.py:448} INFO - Filling up the DagBag from /home/airflow/.local/lib/python3.8/site-packages/airflow/example_dags/example_kubernetes_executor_config.py
[2021-02-22 18:04:31,910] {scheduler_job.py:643} INFO - DAG(s) dict_keys(['example_kubernetes_executor_config']) retrieved from /home/airflow/.local/lib/python3.8/site-packages/airflow/example_dags/example_kubernetes_executor_config.py
[2021-02-22 18:04:32,017] {logging_mixin.py:104} INFO - [2021-02-22 18:04:32,017] {dag.py:1818} INFO - Sync 1 DAGs
[2021-02-22 18:04:32,033] {logging_mixin.py:104} INFO - [2021-02-22 18:04:32,033] {dag.py:2273} INFO - Setting next_dagrun for example_kubernetes_executor_config to None
[2021-02-22 18:04:32,044] {scheduler_job.py:190} INFO - Processing /home/airflow/.local/lib/python3.8/site-packages/airflow/example_dags/example_kubernetes_executor_config.py took 0.186 seconds
[2021-02-22 18:05:02,617] {scheduler_job.py:182} INFO - Started process (PID=121) to work on /home/airflow/.local/lib/python3.8/site-packages/airflow/example_dags/example_kubernetes_executor_config.py
[2021-02-22 18:05:02,620] {scheduler_job.py:633} INFO - Processing file /home/airflow/.local/lib/python3.8/site-packages/airflow/example_dags/example_kubernetes_executor_config.py for tasks to queue
[2021-02-22 18:05:02,621] {logging_mixin.py:104} INFO - [2021-02-22 18:05:02,621] {dagbag.py:448} INFO - Filling up the DagBag from /home/airflow/.local/lib/python3.8/site-packages/airflow/example_dags/example_kubernetes_executor_config.py
[2021-02-22 18:05:02,636] {scheduler_job.py:643} INFO - DAG(s) dict_keys(['example_kubernetes_executor_config']) retrieved from /home/airflow/.local/lib/python3.8/site-packages/airflow/example_dags/example_kubernetes_executor_config.py
[2021-02-22 18:05:02,661] {logging_mixin.py:104} INFO - [2021-02-22 18:05:02,661] {dag.py:1818} INFO - Sync 1 DAGs
[2021-02-22 18:05:02,690] {logging_mixin.py:104} INFO - [2021-02-22 18:05:02,690] {dag.py:2273} INFO - Setting next_dagrun for example_kubernetes_executor_config to None
[2021-02-22 18:05:02,711] {scheduler_job.py:190} INFO - Processing /home/airflow/.local/lib/python3.8/site-packages/airflow/example_dags/example_kubernetes_executor_config.py took 0.098 seconds
[2021-02-22 18:05:44,886] {scheduler_job.py:182} INFO - Started process (PID=23) to work on /home/airflow/.local/lib/python3.8/site-packages/airflow/example_dags/example_kubernetes_executor_config.py
[2021-02-22 18:05:44,892] {scheduler_job.py:633} INFO - Processing file /home/airflow/.local/lib/python3.8/site-packages/airflow/example_dags/example_kubernetes_executor_config.py for tasks to queue
[2021-02-22 18:05:44,894] {logging_mixin.py:104} INFO - [2021-02-22 18:05:44,893] {dagbag.py:448} INFO - Filling up the DagBag from /home/airflow/.local/lib/python3.8/site-packages/airflow/example_dags/example_kubernetes_executor_config.py
[2021-02-22 18:05:44,908] {scheduler_job.py:643} INFO - DAG(s) dict_keys(['example_kubernetes_executor_config']) retrieved from /home/airflow/.local/lib/python3.8/site-packages/airflow/example_dags/example_kubernetes_executor_config.py
[2021-02-22 18:05:44,954] {logging_mixin.py:104} INFO - [2021-02-22 18:05:44,954] {dag.py:1818} INFO - Sync 1 DAGs
[2021-02-22 18:05:45,002] {logging_mixin.py:104} INFO - [2021-02-22 18:05:45,002] {dag.py:2273} INFO - Setting next_dagrun for example_kubernetes_executor_config to None
[2021-02-22 18:05:45,090] {scheduler_job.py:190} INFO - Processing /home/airflow/.local/lib/python3.8/site-packages/airflow/example_dags/example_kubernetes_executor_config.py took 0.208 seconds
[2021-02-22 18:06:21,753] {scheduler_job.py:182} INFO - Started process (PID=52) to work on /home/airflow/.local/lib/python3.8/site-packages/airflow/example_dags/example_kubernetes_executor_config.py
[2021-02-22 18:06:21,757] {scheduler_job.py:633} INFO - Processing file /home/airflow/.local/lib/python3.8/site-packages/airflow/example_dags/example_kubernetes_executor_config.py for tasks to queue
[2021-02-22 18:06:21,758] {logging_mixin.py:104} INFO - [2021-02-22 18:06:21,758] {dagbag.py:448} INFO - Filling up the DagBag from /home/airflow/.local/lib/python3.8/site-packages/airflow/example_dags/example_kubernetes_executor_config.py
[2021-02-22 18:06:22,950] {scheduler_job.py:643} INFO - DAG(s) dict_keys(['example_kubernetes_executor_config']) retrieved from /home/airflow/.local/lib/python3.8/site-packages/airflow/example_dags/example_kubernetes_executor_config.py
[2021-02-22 18:06:23,289] {logging_mixin.py:104} INFO - [2021-02-22 18:06:23,289] {dag.py:1818} INFO - Sync 1 DAGs
[2021-02-22 18:06:23,319] {logging_mixin.py:104} INFO - [2021-02-22 18:06:23,319] {dag.py:2273} INFO - Setting next_dagrun for example_kubernetes_executor_config to None
[2021-02-22 18:06:23,350] {scheduler_job.py:190} INFO - Processing /home/airflow/.local/lib/python3.8/site-packages/airflow/example_dags/example_kubernetes_executor_config.py took 1.601 seconds
[2021-02-22 18:07:00,530] {scheduler_job.py:182} INFO - Started process (PID=80) to work on /home/airflow/.local/lib/python3.8/site-packages/airflow/example_dags/example_kubernetes_executor_config.py
[2021-02-22 18:07:00,532] {scheduler_job.py:633} INFO - Processing file /home/airflow/.local/lib/python3.8/site-packages/airflow/example_dags/example_kubernetes_executor_config.py for tasks to queue
[2021-02-22 18:07:00,536] {logging_mixin.py:104} INFO - [2021-02-22 18:07:00,536] {dagbag.py:448} INFO - Filling up the DagBag from /home/airflow/.local/lib/python3.8/site-packages/airflow/example_dags/example_kubernetes_executor_config.py
[2021-02-22 18:07:00,960] {scheduler_job.py:643} INFO - DAG(s) dict_keys(['example_kubernetes_executor_config']) retrieved from /home/airflow/.local/lib/python3.8/site-packages/airflow/example_dags/example_kubernetes_executor_config.py
[2021-02-22 18:07:01,251] {logging_mixin.py:104} INFO - [2021-02-22 18:07:01,251] {dag.py:1818} INFO - Sync 1 DAGs
[2021-02-22 18:07:01,272] {logging_mixin.py:104} INFO - [2021-02-22 18:07:01,271] {dag.py:2273} INFO - Setting next_dagrun for example_kubernetes_executor_config to None
[2021-02-22 18:07:01,315] {scheduler_job.py:190} INFO - Processing /home/airflow/.local/lib/python3.8/site-packages/airflow/example_dags/example_kubernetes_executor_config.py took 0.789 seconds
[2021-02-22 18:08:19,016] {scheduler_job.py:182} INFO - Started process (PID=39) to work on /home/airflow/.local/lib/python3.8/site-packages/airflow/example_dags/example_kubernetes_executor_config.py
[2021-02-22 18:08:19,030] {scheduler_job.py:633} INFO - Processing file /home/airflow/.local/lib/python3.8/site-packages/airflow/example_dags/example_kubernetes_executor_config.py for tasks to queue
[2021-02-22 18:08:19,038] {logging_mixin.py:104} INFO - [2021-02-22 18:08:19,038] {dagbag.py:448} INFO - Filling up the DagBag from /home/airflow/.local/lib/python3.8/site-packages/airflow/example_dags/example_kubernetes_executor_config.py
[2021-02-22 18:08:19,092] {scheduler_job.py:643} INFO - DAG(s) dict_keys(['example_kubernetes_executor_config']) retrieved from /home/airflow/.local/lib/python3.8/site-packages/airflow/example_dags/example_kubernetes_executor_config.py
[2021-02-22 18:08:19,238] {logging_mixin.py:104} INFO - [2021-02-22 18:08:19,238] {dag.py:1818} INFO - Sync 1 DAGs
[2021-02-22 18:08:19,334] {logging_mixin.py:104} INFO - [2021-02-22 18:08:19,334] {dag.py:2273} INFO - Setting next_dagrun for example_kubernetes_executor_config to None
[2021-02-22 18:08:19,379] {scheduler_job.py:190} INFO - Processing /home/airflow/.local/lib/python3.8/site-packages/airflow/example_dags/example_kubernetes_executor_config.py took 0.368 seconds
[2021-02-22 18:08:55,058] {scheduler_job.py:182} INFO - Started process (PID=67) to work on /home/airflow/.local/lib/python3.8/site-packages/airflow/example_dags/example_kubernetes_executor_config.py
[2021-02-22 18:08:55,103] {scheduler_job.py:633} INFO - Processing file /home/airflow/.local/lib/python3.8/site-packages/airflow/example_dags/example_kubernetes_executor_config.py for tasks to queue
[2021-02-22 18:08:55,109] {logging_mixin.py:104} INFO - [2021-02-22 18:08:55,105] {dagbag.py:448} INFO - Filling up the DagBag from /home/airflow/.local/lib/python3.8/site-packages/airflow/example_dags/example_kubernetes_executor_config.py
[2021-02-22 18:08:55,323] {scheduler_job.py:643} INFO - DAG(s) dict_keys(['example_kubernetes_executor_config']) retrieved from /home/airflow/.local/lib/python3.8/site-packages/airflow/example_dags/example_kubernetes_executor_config.py
[2021-02-22 18:08:56,857] {logging_mixin.py:104} INFO - [2021-02-22 18:08:56,856] {dag.py:1818} INFO - Sync 1 DAGs
[2021-02-22 18:08:56,879] {logging_mixin.py:104} INFO - [2021-02-22 18:08:56,879] {dag.py:2273} INFO - Setting next_dagrun for example_kubernetes_executor_config to None
[2021-02-22 18:08:56,902] {scheduler_job.py:190} INFO - Processing /home/airflow/.local/lib/python3.8/site-packages/airflow/example_dags/example_kubernetes_executor_config.py took 1.850 seconds
[2021-02-22 18:09:27,073] {scheduler_job.py:182} INFO - Started process (PID=101) to work on /home/airflow/.local/lib/python3.8/site-packages/airflow/example_dags/example_kubernetes_executor_config.py
[2021-02-22 18:09:27,078] {scheduler_job.py:633} INFO - Processing file /home/airflow/.local/lib/python3.8/site-packages/airflow/example_dags/example_kubernetes_executor_config.py for tasks to queue
[2021-02-22 18:09:27,079] {logging_mixin.py:104} INFO - [2021-02-22 18:09:27,079] {dagbag.py:448} INFO - Filling up the DagBag from /home/airflow/.local/lib/python3.8/site-packages/airflow/example_dags/example_kubernetes_executor_config.py
[2021-02-22 18:09:27,099] {scheduler_job.py:643} INFO - DAG(s) dict_keys(['example_kubernetes_executor_config']) retrieved from /home/airflow/.local/lib/python3.8/site-packages/airflow/example_dags/example_kubernetes_executor_config.py
[2021-02-22 18:09:27,137] {logging_mixin.py:104} INFO - [2021-02-22 18:09:27,137] {dag.py:1818} INFO - Sync 1 DAGs
[2021-02-22 18:09:27,177] {logging_mixin.py:104} INFO - [2021-02-22 18:09:27,177] {dag.py:2273} INFO - Setting next_dagrun for example_kubernetes_executor_config to None
[2021-02-22 18:09:27,201] {scheduler_job.py:190} INFO - Processing /home/airflow/.local/lib/python3.8/site-packages/airflow/example_dags/example_kubernetes_executor_config.py took 0.136 seconds
[2021-02-22 18:12:26,500] {scheduler_job.py:182} INFO - Started process (PID=25) to work on /home/airflow/.local/lib/python3.8/site-packages/airflow/example_dags/example_kubernetes_executor_config.py
[2021-02-22 18:12:26,513] {scheduler_job.py:633} INFO - Processing file /home/airflow/.local/lib/python3.8/site-packages/airflow/example_dags/example_kubernetes_executor_config.py for tasks to queue
[2021-02-22 18:12:26,514] {logging_mixin.py:104} INFO - [2021-02-22 18:12:26,514] {dagbag.py:448} INFO - Filling up the DagBag from /home/airflow/.local/lib/python3.8/site-packages/airflow/example_dags/example_kubernetes_executor_config.py
[2021-02-22 18:12:26,642] {scheduler_job.py:643} INFO - DAG(s) dict_keys(['example_kubernetes_executor_config']) retrieved from /home/airflow/.local/lib/python3.8/site-packages/airflow/example_dags/example_kubernetes_executor_config.py
[2021-02-22 18:12:26,745] {logging_mixin.py:104} INFO - [2021-02-22 18:12:26,744] {dag.py:1818} INFO - Sync 1 DAGs
[2021-02-22 18:12:26,764] {logging_mixin.py:104} INFO - [2021-02-22 18:12:26,764] {dag.py:2273} INFO - Setting next_dagrun for example_kubernetes_executor_config to None
[2021-02-22 18:12:26,828] {scheduler_job.py:190} INFO - Processing /home/airflow/.local/lib/python3.8/site-packages/airflow/example_dags/example_kubernetes_executor_config.py took 0.345 seconds
[2021-02-22 18:12:56,949] {scheduler_job.py:182} INFO - Started process (PID=54) to work on /home/airflow/.local/lib/python3.8/site-packages/airflow/example_dags/example_kubernetes_executor_config.py
[2021-02-22 18:12:56,952] {scheduler_job.py:633} INFO - Processing file /home/airflow/.local/lib/python3.8/site-packages/airflow/example_dags/example_kubernetes_executor_config.py for tasks to queue
[2021-02-22 18:12:56,955] {logging_mixin.py:104} INFO - [2021-02-22 18:12:56,955] {dagbag.py:448} INFO - Filling up the DagBag from /home/airflow/.local/lib/python3.8/site-packages/airflow/example_dags/example_kubernetes_executor_config.py
[2021-02-22 18:12:56,976] {scheduler_job.py:643} INFO - DAG(s) dict_keys(['example_kubernetes_executor_config']) retrieved from /home/airflow/.local/lib/python3.8/site-packages/airflow/example_dags/example_kubernetes_executor_config.py
[2021-02-22 18:12:57,037] {logging_mixin.py:104} INFO - [2021-02-22 18:12:57,037] {dag.py:1818} INFO - Sync 1 DAGs
[2021-02-22 18:12:57,064] {logging_mixin.py:104} INFO - [2021-02-22 18:12:57,064] {dag.py:2273} INFO - Setting next_dagrun for example_kubernetes_executor_config to None
[2021-02-22 18:12:57,156] {scheduler_job.py:190} INFO - Processing /home/airflow/.local/lib/python3.8/site-packages/airflow/example_dags/example_kubernetes_executor_config.py took 0.212 seconds
[2021-02-22 18:13:33,822] {scheduler_job.py:182} INFO - Started process (PID=81) to work on /home/airflow/.local/lib/python3.8/site-packages/airflow/example_dags/example_kubernetes_executor_config.py
[2021-02-22 18:13:33,824] {scheduler_job.py:633} INFO - Processing file /home/airflow/.local/lib/python3.8/site-packages/airflow/example_dags/example_kubernetes_executor_config.py for tasks to queue
[2021-02-22 18:13:33,827] {logging_mixin.py:104} INFO - [2021-02-22 18:13:33,827] {dagbag.py:448} INFO - Filling up the DagBag from /home/airflow/.local/lib/python3.8/site-packages/airflow/example_dags/example_kubernetes_executor_config.py
[2021-02-22 18:13:34,322] {scheduler_job.py:643} INFO - DAG(s) dict_keys(['example_kubernetes_executor_config']) retrieved from /home/airflow/.local/lib/python3.8/site-packages/airflow/example_dags/example_kubernetes_executor_config.py
[2021-02-22 18:13:34,843] {logging_mixin.py:104} INFO - [2021-02-22 18:13:34,843] {dag.py:1818} INFO - Sync 1 DAGs
[2021-02-22 18:13:34,856] {logging_mixin.py:104} INFO - [2021-02-22 18:13:34,856] {dag.py:2273} INFO - Setting next_dagrun for example_kubernetes_executor_config to None
[2021-02-22 18:13:34,902] {scheduler_job.py:190} INFO - Processing /home/airflow/.local/lib/python3.8/site-packages/airflow/example_dags/example_kubernetes_executor_config.py took 1.084 seconds
[2021-02-22 18:14:07,475] {scheduler_job.py:182} INFO - Started process (PID=109) to work on /home/airflow/.local/lib/python3.8/site-packages/airflow/example_dags/example_kubernetes_executor_config.py
[2021-02-22 18:14:07,478] {scheduler_job.py:633} INFO - Processing file /home/airflow/.local/lib/python3.8/site-packages/airflow/example_dags/example_kubernetes_executor_config.py for tasks to queue
[2021-02-22 18:14:07,482] {logging_mixin.py:104} INFO - [2021-02-22 18:14:07,482] {dagbag.py:448} INFO - Filling up the DagBag from /home/airflow/.local/lib/python3.8/site-packages/airflow/example_dags/example_kubernetes_executor_config.py
[2021-02-22 18:14:07,526] {scheduler_job.py:643} INFO - DAG(s) dict_keys(['example_kubernetes_executor_config']) retrieved from /home/airflow/.local/lib/python3.8/site-packages/airflow/example_dags/example_kubernetes_executor_config.py
[2021-02-22 18:14:07,584] {logging_mixin.py:104} INFO - [2021-02-22 18:14:07,583] {dag.py:1818} INFO - Sync 1 DAGs
[2021-02-22 18:14:07,612] {logging_mixin.py:104} INFO - [2021-02-22 18:14:07,612] {dag.py:2273} INFO - Setting next_dagrun for example_kubernetes_executor_config to None
[2021-02-22 18:14:07,630] {scheduler_job.py:190} INFO - Processing /home/airflow/.local/lib/python3.8/site-packages/airflow/example_dags/example_kubernetes_executor_config.py took 0.160 seconds
[2021-02-22 18:14:54,977] {scheduler_job.py:182} INFO - Started process (PID=137) to work on /home/airflow/.local/lib/python3.8/site-packages/airflow/example_dags/example_kubernetes_executor_config.py
[2021-02-22 18:14:54,980] {scheduler_job.py:633} INFO - Processing file /home/airflow/.local/lib/python3.8/site-packages/airflow/example_dags/example_kubernetes_executor_config.py for tasks to queue
[2021-02-22 18:14:54,981] {logging_mixin.py:104} INFO - [2021-02-22 18:14:54,981] {dagbag.py:448} INFO - Filling up the DagBag from /home/airflow/.local/lib/python3.8/site-packages/airflow/example_dags/example_kubernetes_executor_config.py
[2021-02-22 18:17:46,713] {scheduler_job.py:182} INFO - Started process (PID=46) to work on /home/airflow/.local/lib/python3.8/site-packages/airflow/example_dags/example_kubernetes_executor_config.py
[2021-02-22 18:17:46,722] {scheduler_job.py:633} INFO - Processing file /home/airflow/.local/lib/python3.8/site-packages/airflow/example_dags/example_kubernetes_executor_config.py for tasks to queue
[2021-02-22 18:17:46,724] {logging_mixin.py:104} INFO - [2021-02-22 18:17:46,724] {dagbag.py:448} INFO - Filling up the DagBag from /home/airflow/.local/lib/python3.8/site-packages/airflow/example_dags/example_kubernetes_executor_config.py
[2021-02-22 18:17:46,824] {scheduler_job.py:643} INFO - DAG(s) dict_keys(['example_kubernetes_executor_config']) retrieved from /home/airflow/.local/lib/python3.8/site-packages/airflow/example_dags/example_kubernetes_executor_config.py
[2021-02-22 18:17:46,893] {logging_mixin.py:104} INFO - [2021-02-22 18:17:46,893] {dag.py:1818} INFO - Sync 1 DAGs
[2021-02-22 18:17:46,927] {logging_mixin.py:104} INFO - [2021-02-22 18:17:46,927] {dag.py:2273} INFO - Setting next_dagrun for example_kubernetes_executor_config to None
[2021-02-22 18:17:47,003] {scheduler_job.py:190} INFO - Processing /home/airflow/.local/lib/python3.8/site-packages/airflow/example_dags/example_kubernetes_executor_config.py took 0.294 seconds
