[2021-02-22 17:52:55,323] {scheduler_job.py:182} INFO - Started process (PID=46) to work on /home/airflow/.local/lib/python3.8/site-packages/airflow/example_dags/example_xcomargs.py
[2021-02-22 17:52:55,328] {scheduler_job.py:633} INFO - Processing file /home/airflow/.local/lib/python3.8/site-packages/airflow/example_dags/example_xcomargs.py for tasks to queue
[2021-02-22 17:52:55,331] {logging_mixin.py:104} INFO - [2021-02-22 17:52:55,331] {dagbag.py:448} INFO - Filling up the DagBag from /home/airflow/.local/lib/python3.8/site-packages/airflow/example_dags/example_xcomargs.py
[2021-02-22 17:52:55,389] {scheduler_job.py:643} INFO - DAG(s) dict_keys(['example_xcom_args', 'example_xcom_args_with_operators']) retrieved from /home/airflow/.local/lib/python3.8/site-packages/airflow/example_dags/example_xcomargs.py
[2021-02-22 17:52:55,444] {logging_mixin.py:104} INFO - [2021-02-22 17:52:55,444] {dag.py:1818} INFO - Sync 2 DAGs
[2021-02-22 17:52:55,458] {logging_mixin.py:104} INFO - [2021-02-22 17:52:55,458] {dag.py:1837} INFO - Creating ORM DAG for example_xcom_args
[2021-02-22 17:52:55,460] {logging_mixin.py:104} INFO - [2021-02-22 17:52:55,460] {dag.py:1837} INFO - Creating ORM DAG for example_xcom_args_with_operators
[2021-02-22 17:52:55,475] {logging_mixin.py:104} INFO - [2021-02-22 17:52:55,475] {dag.py:2273} INFO - Setting next_dagrun for example_xcom_args to None
[2021-02-22 17:52:55,477] {logging_mixin.py:104} INFO - [2021-02-22 17:52:55,477] {dag.py:2273} INFO - Setting next_dagrun for example_xcom_args_with_operators to None
[2021-02-22 17:52:55,528] {scheduler_job.py:190} INFO - Processing /home/airflow/.local/lib/python3.8/site-packages/airflow/example_dags/example_xcomargs.py took 0.209 seconds
[2021-02-22 17:53:36,636] {scheduler_job.py:182} INFO - Started process (PID=74) to work on /home/airflow/.local/lib/python3.8/site-packages/airflow/example_dags/example_xcomargs.py
[2021-02-22 17:53:36,638] {scheduler_job.py:633} INFO - Processing file /home/airflow/.local/lib/python3.8/site-packages/airflow/example_dags/example_xcomargs.py for tasks to queue
[2021-02-22 17:53:36,639] {logging_mixin.py:104} INFO - [2021-02-22 17:53:36,639] {dagbag.py:448} INFO - Filling up the DagBag from /home/airflow/.local/lib/python3.8/site-packages/airflow/example_dags/example_xcomargs.py
[2021-02-22 17:53:36,837] {scheduler_job.py:643} INFO - DAG(s) dict_keys(['example_xcom_args', 'example_xcom_args_with_operators']) retrieved from /home/airflow/.local/lib/python3.8/site-packages/airflow/example_dags/example_xcomargs.py
[2021-02-22 17:53:36,864] {logging_mixin.py:104} INFO - [2021-02-22 17:53:36,864] {dag.py:1818} INFO - Sync 2 DAGs
[2021-02-22 17:53:36,881] {logging_mixin.py:104} INFO - [2021-02-22 17:53:36,880] {dag.py:2273} INFO - Setting next_dagrun for example_xcom_args to None
[2021-02-22 17:53:36,883] {logging_mixin.py:104} INFO - [2021-02-22 17:53:36,882] {dag.py:2273} INFO - Setting next_dagrun for example_xcom_args_with_operators to None
[2021-02-22 17:53:37,392] {scheduler_job.py:190} INFO - Processing /home/airflow/.local/lib/python3.8/site-packages/airflow/example_dags/example_xcomargs.py took 0.760 seconds
[2021-02-22 17:54:22,217] {scheduler_job.py:182} INFO - Started process (PID=44) to work on /home/airflow/.local/lib/python3.8/site-packages/airflow/example_dags/example_xcomargs.py
[2021-02-22 17:54:22,219] {scheduler_job.py:633} INFO - Processing file /home/airflow/.local/lib/python3.8/site-packages/airflow/example_dags/example_xcomargs.py for tasks to queue
[2021-02-22 17:54:22,221] {logging_mixin.py:104} INFO - [2021-02-22 17:54:22,220] {dagbag.py:448} INFO - Filling up the DagBag from /home/airflow/.local/lib/python3.8/site-packages/airflow/example_dags/example_xcomargs.py
[2021-02-22 17:54:22,248] {scheduler_job.py:643} INFO - DAG(s) dict_keys(['example_xcom_args', 'example_xcom_args_with_operators']) retrieved from /home/airflow/.local/lib/python3.8/site-packages/airflow/example_dags/example_xcomargs.py
[2021-02-22 17:54:22,281] {logging_mixin.py:104} INFO - [2021-02-22 17:54:22,281] {dag.py:1818} INFO - Sync 2 DAGs
[2021-02-22 17:54:22,300] {logging_mixin.py:104} INFO - [2021-02-22 17:54:22,299] {dag.py:2273} INFO - Setting next_dagrun for example_xcom_args to None
[2021-02-22 17:54:22,301] {logging_mixin.py:104} INFO - [2021-02-22 17:54:22,301] {dag.py:2273} INFO - Setting next_dagrun for example_xcom_args_with_operators to None
[2021-02-22 17:54:22,349] {scheduler_job.py:190} INFO - Processing /home/airflow/.local/lib/python3.8/site-packages/airflow/example_dags/example_xcomargs.py took 0.137 seconds
[2021-02-22 17:54:52,981] {scheduler_job.py:182} INFO - Started process (PID=72) to work on /home/airflow/.local/lib/python3.8/site-packages/airflow/example_dags/example_xcomargs.py
[2021-02-22 17:54:52,983] {scheduler_job.py:633} INFO - Processing file /home/airflow/.local/lib/python3.8/site-packages/airflow/example_dags/example_xcomargs.py for tasks to queue
[2021-02-22 17:54:52,986] {logging_mixin.py:104} INFO - [2021-02-22 17:54:52,986] {dagbag.py:448} INFO - Filling up the DagBag from /home/airflow/.local/lib/python3.8/site-packages/airflow/example_dags/example_xcomargs.py
[2021-02-22 17:54:53,007] {scheduler_job.py:643} INFO - DAG(s) dict_keys(['example_xcom_args', 'example_xcom_args_with_operators']) retrieved from /home/airflow/.local/lib/python3.8/site-packages/airflow/example_dags/example_xcomargs.py
[2021-02-22 17:54:53,057] {logging_mixin.py:104} INFO - [2021-02-22 17:54:53,057] {dag.py:1818} INFO - Sync 2 DAGs
[2021-02-22 17:54:53,073] {logging_mixin.py:104} INFO - [2021-02-22 17:54:53,073] {dag.py:2273} INFO - Setting next_dagrun for example_xcom_args to None
[2021-02-22 17:54:53,075] {logging_mixin.py:104} INFO - [2021-02-22 17:54:53,075] {dag.py:2273} INFO - Setting next_dagrun for example_xcom_args_with_operators to None
[2021-02-22 17:54:53,090] {scheduler_job.py:190} INFO - Processing /home/airflow/.local/lib/python3.8/site-packages/airflow/example_dags/example_xcomargs.py took 0.113 seconds
[2021-02-22 17:55:28,430] {scheduler_job.py:182} INFO - Started process (PID=100) to work on /home/airflow/.local/lib/python3.8/site-packages/airflow/example_dags/example_xcomargs.py
[2021-02-22 17:55:28,433] {scheduler_job.py:633} INFO - Processing file /home/airflow/.local/lib/python3.8/site-packages/airflow/example_dags/example_xcomargs.py for tasks to queue
[2021-02-22 17:55:28,434] {logging_mixin.py:104} INFO - [2021-02-22 17:55:28,434] {dagbag.py:448} INFO - Filling up the DagBag from /home/airflow/.local/lib/python3.8/site-packages/airflow/example_dags/example_xcomargs.py
[2021-02-22 17:55:28,611] {scheduler_job.py:643} INFO - DAG(s) dict_keys(['example_xcom_args', 'example_xcom_args_with_operators']) retrieved from /home/airflow/.local/lib/python3.8/site-packages/airflow/example_dags/example_xcomargs.py
[2021-02-22 17:55:28,677] {logging_mixin.py:104} INFO - [2021-02-22 17:55:28,677] {dag.py:1818} INFO - Sync 2 DAGs
[2021-02-22 17:55:28,711] {logging_mixin.py:104} INFO - [2021-02-22 17:55:28,711] {dag.py:2273} INFO - Setting next_dagrun for example_xcom_args to None
[2021-02-22 17:55:28,714] {logging_mixin.py:104} INFO - [2021-02-22 17:55:28,714] {dag.py:2273} INFO - Setting next_dagrun for example_xcom_args_with_operators to None
[2021-02-22 17:55:28,796] {scheduler_job.py:190} INFO - Processing /home/airflow/.local/lib/python3.8/site-packages/airflow/example_dags/example_xcomargs.py took 0.369 seconds
[2021-02-22 17:56:00,501] {scheduler_job.py:182} INFO - Started process (PID=132) to work on /home/airflow/.local/lib/python3.8/site-packages/airflow/example_dags/example_xcomargs.py
[2021-02-22 17:56:00,504] {scheduler_job.py:633} INFO - Processing file /home/airflow/.local/lib/python3.8/site-packages/airflow/example_dags/example_xcomargs.py for tasks to queue
[2021-02-22 17:56:00,505] {logging_mixin.py:104} INFO - [2021-02-22 17:56:00,505] {dagbag.py:448} INFO - Filling up the DagBag from /home/airflow/.local/lib/python3.8/site-packages/airflow/example_dags/example_xcomargs.py
[2021-02-22 17:56:00,551] {scheduler_job.py:643} INFO - DAG(s) dict_keys(['example_xcom_args', 'example_xcom_args_with_operators']) retrieved from /home/airflow/.local/lib/python3.8/site-packages/airflow/example_dags/example_xcomargs.py
[2021-02-22 17:56:00,583] {logging_mixin.py:104} INFO - [2021-02-22 17:56:00,583] {dag.py:1818} INFO - Sync 2 DAGs
[2021-02-22 17:56:00,597] {logging_mixin.py:104} INFO - [2021-02-22 17:56:00,597] {dag.py:2273} INFO - Setting next_dagrun for example_xcom_args to None
[2021-02-22 17:56:00,599] {logging_mixin.py:104} INFO - [2021-02-22 17:56:00,599] {dag.py:2273} INFO - Setting next_dagrun for example_xcom_args_with_operators to None
[2021-02-22 17:56:00,655] {scheduler_job.py:190} INFO - Processing /home/airflow/.local/lib/python3.8/site-packages/airflow/example_dags/example_xcomargs.py took 0.158 seconds
[2021-02-22 18:03:23,986] {scheduler_job.py:182} INFO - Started process (PID=40) to work on /home/airflow/.local/lib/python3.8/site-packages/airflow/example_dags/example_xcomargs.py
[2021-02-22 18:03:23,990] {scheduler_job.py:633} INFO - Processing file /home/airflow/.local/lib/python3.8/site-packages/airflow/example_dags/example_xcomargs.py for tasks to queue
[2021-02-22 18:03:23,993] {logging_mixin.py:104} INFO - [2021-02-22 18:03:23,992] {dagbag.py:448} INFO - Filling up the DagBag from /home/airflow/.local/lib/python3.8/site-packages/airflow/example_dags/example_xcomargs.py
[2021-02-22 18:03:24,028] {scheduler_job.py:643} INFO - DAG(s) dict_keys(['example_xcom_args', 'example_xcom_args_with_operators']) retrieved from /home/airflow/.local/lib/python3.8/site-packages/airflow/example_dags/example_xcomargs.py
[2021-02-22 18:03:24,087] {logging_mixin.py:104} INFO - [2021-02-22 18:03:24,087] {dag.py:1818} INFO - Sync 2 DAGs
[2021-02-22 18:03:24,112] {logging_mixin.py:104} INFO - [2021-02-22 18:03:24,112] {dag.py:2273} INFO - Setting next_dagrun for example_xcom_args to None
[2021-02-22 18:03:24,115] {logging_mixin.py:104} INFO - [2021-02-22 18:03:24,115] {dag.py:2273} INFO - Setting next_dagrun for example_xcom_args_with_operators to None
[2021-02-22 18:03:24,148] {scheduler_job.py:190} INFO - Processing /home/airflow/.local/lib/python3.8/site-packages/airflow/example_dags/example_xcomargs.py took 0.173 seconds
[2021-02-22 18:03:54,456] {scheduler_job.py:182} INFO - Started process (PID=68) to work on /home/airflow/.local/lib/python3.8/site-packages/airflow/example_dags/example_xcomargs.py
[2021-02-22 18:03:54,459] {scheduler_job.py:633} INFO - Processing file /home/airflow/.local/lib/python3.8/site-packages/airflow/example_dags/example_xcomargs.py for tasks to queue
[2021-02-22 18:03:54,462] {logging_mixin.py:104} INFO - [2021-02-22 18:03:54,461] {dagbag.py:448} INFO - Filling up the DagBag from /home/airflow/.local/lib/python3.8/site-packages/airflow/example_dags/example_xcomargs.py
[2021-02-22 18:03:54,487] {scheduler_job.py:643} INFO - DAG(s) dict_keys(['example_xcom_args', 'example_xcom_args_with_operators']) retrieved from /home/airflow/.local/lib/python3.8/site-packages/airflow/example_dags/example_xcomargs.py
[2021-02-22 18:03:54,528] {logging_mixin.py:104} INFO - [2021-02-22 18:03:54,528] {dag.py:1818} INFO - Sync 2 DAGs
[2021-02-22 18:03:54,546] {logging_mixin.py:104} INFO - [2021-02-22 18:03:54,546] {dag.py:2273} INFO - Setting next_dagrun for example_xcom_args to None
[2021-02-22 18:03:54,547] {logging_mixin.py:104} INFO - [2021-02-22 18:03:54,547] {dag.py:2273} INFO - Setting next_dagrun for example_xcom_args_with_operators to None
[2021-02-22 18:03:54,571] {scheduler_job.py:190} INFO - Processing /home/airflow/.local/lib/python3.8/site-packages/airflow/example_dags/example_xcomargs.py took 0.119 seconds
[2021-02-22 18:04:32,261] {scheduler_job.py:182} INFO - Started process (PID=96) to work on /home/airflow/.local/lib/python3.8/site-packages/airflow/example_dags/example_xcomargs.py
[2021-02-22 18:04:32,262] {scheduler_job.py:633} INFO - Processing file /home/airflow/.local/lib/python3.8/site-packages/airflow/example_dags/example_xcomargs.py for tasks to queue
[2021-02-22 18:04:32,264] {logging_mixin.py:104} INFO - [2021-02-22 18:04:32,264] {dagbag.py:448} INFO - Filling up the DagBag from /home/airflow/.local/lib/python3.8/site-packages/airflow/example_dags/example_xcomargs.py
[2021-02-22 18:04:32,297] {scheduler_job.py:643} INFO - DAG(s) dict_keys(['example_xcom_args', 'example_xcom_args_with_operators']) retrieved from /home/airflow/.local/lib/python3.8/site-packages/airflow/example_dags/example_xcomargs.py
[2021-02-22 18:04:32,350] {logging_mixin.py:104} INFO - [2021-02-22 18:04:32,349] {dag.py:1818} INFO - Sync 2 DAGs
[2021-02-22 18:04:32,368] {logging_mixin.py:104} INFO - [2021-02-22 18:04:32,367] {dag.py:2273} INFO - Setting next_dagrun for example_xcom_args to None
[2021-02-22 18:04:32,369] {logging_mixin.py:104} INFO - [2021-02-22 18:04:32,369] {dag.py:2273} INFO - Setting next_dagrun for example_xcom_args_with_operators to None
[2021-02-22 18:04:32,413] {scheduler_job.py:190} INFO - Processing /home/airflow/.local/lib/python3.8/site-packages/airflow/example_dags/example_xcomargs.py took 0.156 seconds
[2021-02-22 18:05:03,271] {scheduler_job.py:182} INFO - Started process (PID=126) to work on /home/airflow/.local/lib/python3.8/site-packages/airflow/example_dags/example_xcomargs.py
[2021-02-22 18:05:03,277] {scheduler_job.py:633} INFO - Processing file /home/airflow/.local/lib/python3.8/site-packages/airflow/example_dags/example_xcomargs.py for tasks to queue
[2021-02-22 18:05:03,281] {logging_mixin.py:104} INFO - [2021-02-22 18:05:03,281] {dagbag.py:448} INFO - Filling up the DagBag from /home/airflow/.local/lib/python3.8/site-packages/airflow/example_dags/example_xcomargs.py
[2021-02-22 18:05:03,314] {scheduler_job.py:643} INFO - DAG(s) dict_keys(['example_xcom_args', 'example_xcom_args_with_operators']) retrieved from /home/airflow/.local/lib/python3.8/site-packages/airflow/example_dags/example_xcomargs.py
[2021-02-22 18:05:03,377] {logging_mixin.py:104} INFO - [2021-02-22 18:05:03,377] {dag.py:1818} INFO - Sync 2 DAGs
[2021-02-22 18:05:03,402] {logging_mixin.py:104} INFO - [2021-02-22 18:05:03,402] {dag.py:2273} INFO - Setting next_dagrun for example_xcom_args to None
[2021-02-22 18:05:03,414] {logging_mixin.py:104} INFO - [2021-02-22 18:05:03,413] {dag.py:2273} INFO - Setting next_dagrun for example_xcom_args_with_operators to None
[2021-02-22 18:05:03,450] {scheduler_job.py:190} INFO - Processing /home/airflow/.local/lib/python3.8/site-packages/airflow/example_dags/example_xcomargs.py took 0.188 seconds
[2021-02-22 18:05:46,822] {scheduler_job.py:182} INFO - Started process (PID=39) to work on /home/airflow/.local/lib/python3.8/site-packages/airflow/example_dags/example_xcomargs.py
[2021-02-22 18:05:46,834] {scheduler_job.py:633} INFO - Processing file /home/airflow/.local/lib/python3.8/site-packages/airflow/example_dags/example_xcomargs.py for tasks to queue
[2021-02-22 18:05:46,847] {logging_mixin.py:104} INFO - [2021-02-22 18:05:46,847] {dagbag.py:448} INFO - Filling up the DagBag from /home/airflow/.local/lib/python3.8/site-packages/airflow/example_dags/example_xcomargs.py
[2021-02-22 18:05:46,961] {scheduler_job.py:643} INFO - DAG(s) dict_keys(['example_xcom_args', 'example_xcom_args_with_operators']) retrieved from /home/airflow/.local/lib/python3.8/site-packages/airflow/example_dags/example_xcomargs.py
[2021-02-22 18:05:47,031] {logging_mixin.py:104} INFO - [2021-02-22 18:05:47,031] {dag.py:1818} INFO - Sync 2 DAGs
[2021-02-22 18:05:47,102] {logging_mixin.py:104} INFO - [2021-02-22 18:05:47,102] {dag.py:2273} INFO - Setting next_dagrun for example_xcom_args to None
[2021-02-22 18:05:47,104] {logging_mixin.py:104} INFO - [2021-02-22 18:05:47,104] {dag.py:2273} INFO - Setting next_dagrun for example_xcom_args_with_operators to None
[2021-02-22 18:05:47,127] {scheduler_job.py:190} INFO - Processing /home/airflow/.local/lib/python3.8/site-packages/airflow/example_dags/example_xcomargs.py took 0.326 seconds
[2021-02-22 18:06:24,982] {scheduler_job.py:182} INFO - Started process (PID=66) to work on /home/airflow/.local/lib/python3.8/site-packages/airflow/example_dags/example_xcomargs.py
[2021-02-22 18:06:24,991] {scheduler_job.py:633} INFO - Processing file /home/airflow/.local/lib/python3.8/site-packages/airflow/example_dags/example_xcomargs.py for tasks to queue
[2021-02-22 18:06:24,995] {logging_mixin.py:104} INFO - [2021-02-22 18:06:24,995] {dagbag.py:448} INFO - Filling up the DagBag from /home/airflow/.local/lib/python3.8/site-packages/airflow/example_dags/example_xcomargs.py
[2021-02-22 18:06:25,131] {scheduler_job.py:643} INFO - DAG(s) dict_keys(['example_xcom_args', 'example_xcom_args_with_operators']) retrieved from /home/airflow/.local/lib/python3.8/site-packages/airflow/example_dags/example_xcomargs.py
[2021-02-22 18:06:25,432] {logging_mixin.py:104} INFO - [2021-02-22 18:06:25,432] {dag.py:1818} INFO - Sync 2 DAGs
[2021-02-22 18:06:25,455] {logging_mixin.py:104} INFO - [2021-02-22 18:06:25,455] {dag.py:2273} INFO - Setting next_dagrun for example_xcom_args to None
[2021-02-22 18:06:25,457] {logging_mixin.py:104} INFO - [2021-02-22 18:06:25,457] {dag.py:2273} INFO - Setting next_dagrun for example_xcom_args_with_operators to None
[2021-02-22 18:06:25,587] {scheduler_job.py:190} INFO - Processing /home/airflow/.local/lib/python3.8/site-packages/airflow/example_dags/example_xcomargs.py took 0.608 seconds
[2021-02-22 18:07:02,449] {scheduler_job.py:182} INFO - Started process (PID=94) to work on /home/airflow/.local/lib/python3.8/site-packages/airflow/example_dags/example_xcomargs.py
[2021-02-22 18:07:02,451] {scheduler_job.py:633} INFO - Processing file /home/airflow/.local/lib/python3.8/site-packages/airflow/example_dags/example_xcomargs.py for tasks to queue
[2021-02-22 18:07:02,453] {logging_mixin.py:104} INFO - [2021-02-22 18:07:02,453] {dagbag.py:448} INFO - Filling up the DagBag from /home/airflow/.local/lib/python3.8/site-packages/airflow/example_dags/example_xcomargs.py
[2021-02-22 18:07:02,491] {scheduler_job.py:643} INFO - DAG(s) dict_keys(['example_xcom_args', 'example_xcom_args_with_operators']) retrieved from /home/airflow/.local/lib/python3.8/site-packages/airflow/example_dags/example_xcomargs.py
[2021-02-22 18:07:02,539] {logging_mixin.py:104} INFO - [2021-02-22 18:07:02,539] {dag.py:1818} INFO - Sync 2 DAGs
[2021-02-22 18:07:02,558] {logging_mixin.py:104} INFO - [2021-02-22 18:07:02,558] {dag.py:2273} INFO - Setting next_dagrun for example_xcom_args to None
[2021-02-22 18:07:02,560] {logging_mixin.py:104} INFO - [2021-02-22 18:07:02,560] {dag.py:2273} INFO - Setting next_dagrun for example_xcom_args_with_operators to None
[2021-02-22 18:07:02,610] {scheduler_job.py:190} INFO - Processing /home/airflow/.local/lib/python3.8/site-packages/airflow/example_dags/example_xcomargs.py took 0.168 seconds
[2021-02-22 18:08:18,222] {scheduler_job.py:182} INFO - Started process (PID=33) to work on /home/airflow/.local/lib/python3.8/site-packages/airflow/example_dags/example_xcomargs.py
[2021-02-22 18:08:18,225] {scheduler_job.py:633} INFO - Processing file /home/airflow/.local/lib/python3.8/site-packages/airflow/example_dags/example_xcomargs.py for tasks to queue
[2021-02-22 18:08:18,230] {logging_mixin.py:104} INFO - [2021-02-22 18:08:18,230] {dagbag.py:448} INFO - Filling up the DagBag from /home/airflow/.local/lib/python3.8/site-packages/airflow/example_dags/example_xcomargs.py
[2021-02-22 18:08:18,268] {scheduler_job.py:643} INFO - DAG(s) dict_keys(['example_xcom_args', 'example_xcom_args_with_operators']) retrieved from /home/airflow/.local/lib/python3.8/site-packages/airflow/example_dags/example_xcomargs.py
[2021-02-22 18:08:18,341] {logging_mixin.py:104} INFO - [2021-02-22 18:08:18,341] {dag.py:1818} INFO - Sync 2 DAGs
[2021-02-22 18:08:18,383] {logging_mixin.py:104} INFO - [2021-02-22 18:08:18,383] {dag.py:2273} INFO - Setting next_dagrun for example_xcom_args to None
[2021-02-22 18:08:18,390] {logging_mixin.py:104} INFO - [2021-02-22 18:08:18,390] {dag.py:2273} INFO - Setting next_dagrun for example_xcom_args_with_operators to None
[2021-02-22 18:08:18,425] {scheduler_job.py:190} INFO - Processing /home/airflow/.local/lib/python3.8/site-packages/airflow/example_dags/example_xcomargs.py took 0.219 seconds
[2021-02-22 18:08:53,804] {scheduler_job.py:182} INFO - Started process (PID=61) to work on /home/airflow/.local/lib/python3.8/site-packages/airflow/example_dags/example_xcomargs.py
[2021-02-22 18:08:53,829] {scheduler_job.py:633} INFO - Processing file /home/airflow/.local/lib/python3.8/site-packages/airflow/example_dags/example_xcomargs.py for tasks to queue
[2021-02-22 18:08:53,831] {logging_mixin.py:104} INFO - [2021-02-22 18:08:53,831] {dagbag.py:448} INFO - Filling up the DagBag from /home/airflow/.local/lib/python3.8/site-packages/airflow/example_dags/example_xcomargs.py
[2021-02-22 18:08:53,951] {scheduler_job.py:643} INFO - DAG(s) dict_keys(['example_xcom_args', 'example_xcom_args_with_operators']) retrieved from /home/airflow/.local/lib/python3.8/site-packages/airflow/example_dags/example_xcomargs.py
[2021-02-22 18:08:54,338] {logging_mixin.py:104} INFO - [2021-02-22 18:08:54,338] {dag.py:1818} INFO - Sync 2 DAGs
[2021-02-22 18:08:54,377] {logging_mixin.py:104} INFO - [2021-02-22 18:08:54,376] {dag.py:2273} INFO - Setting next_dagrun for example_xcom_args to None
[2021-02-22 18:08:54,382] {logging_mixin.py:104} INFO - [2021-02-22 18:08:54,381] {dag.py:2273} INFO - Setting next_dagrun for example_xcom_args_with_operators to None
[2021-02-22 18:08:54,586] {scheduler_job.py:190} INFO - Processing /home/airflow/.local/lib/python3.8/site-packages/airflow/example_dags/example_xcomargs.py took 0.787 seconds
[2021-02-22 18:09:25,208] {scheduler_job.py:182} INFO - Started process (PID=89) to work on /home/airflow/.local/lib/python3.8/site-packages/airflow/example_dags/example_xcomargs.py
[2021-02-22 18:09:25,210] {scheduler_job.py:633} INFO - Processing file /home/airflow/.local/lib/python3.8/site-packages/airflow/example_dags/example_xcomargs.py for tasks to queue
[2021-02-22 18:09:25,211] {logging_mixin.py:104} INFO - [2021-02-22 18:09:25,211] {dagbag.py:448} INFO - Filling up the DagBag from /home/airflow/.local/lib/python3.8/site-packages/airflow/example_dags/example_xcomargs.py
[2021-02-22 18:09:25,245] {scheduler_job.py:643} INFO - DAG(s) dict_keys(['example_xcom_args', 'example_xcom_args_with_operators']) retrieved from /home/airflow/.local/lib/python3.8/site-packages/airflow/example_dags/example_xcomargs.py
[2021-02-22 18:09:25,283] {logging_mixin.py:104} INFO - [2021-02-22 18:09:25,283] {dag.py:1818} INFO - Sync 2 DAGs
[2021-02-22 18:09:25,303] {logging_mixin.py:104} INFO - [2021-02-22 18:09:25,303] {dag.py:2273} INFO - Setting next_dagrun for example_xcom_args to None
[2021-02-22 18:09:25,304] {logging_mixin.py:104} INFO - [2021-02-22 18:09:25,304] {dag.py:2273} INFO - Setting next_dagrun for example_xcom_args_with_operators to None
[2021-02-22 18:09:25,321] {scheduler_job.py:190} INFO - Processing /home/airflow/.local/lib/python3.8/site-packages/airflow/example_dags/example_xcomargs.py took 0.118 seconds
[2021-02-22 18:10:04,536] {scheduler_job.py:182} INFO - Started process (PID=117) to work on /home/airflow/.local/lib/python3.8/site-packages/airflow/example_dags/example_xcomargs.py
[2021-02-22 18:10:04,544] {scheduler_job.py:633} INFO - Processing file /home/airflow/.local/lib/python3.8/site-packages/airflow/example_dags/example_xcomargs.py for tasks to queue
[2021-02-22 18:10:04,551] {logging_mixin.py:104} INFO - [2021-02-22 18:10:04,551] {dagbag.py:448} INFO - Filling up the DagBag from /home/airflow/.local/lib/python3.8/site-packages/airflow/example_dags/example_xcomargs.py
[2021-02-22 18:10:04,636] {scheduler_job.py:643} INFO - DAG(s) dict_keys(['example_xcom_args', 'example_xcom_args_with_operators']) retrieved from /home/airflow/.local/lib/python3.8/site-packages/airflow/example_dags/example_xcomargs.py
[2021-02-22 18:10:04,700] {logging_mixin.py:104} INFO - [2021-02-22 18:10:04,700] {dag.py:1818} INFO - Sync 2 DAGs
[2021-02-22 18:10:04,724] {logging_mixin.py:104} INFO - [2021-02-22 18:10:04,724] {dag.py:2273} INFO - Setting next_dagrun for example_xcom_args to None
[2021-02-22 18:10:04,727] {logging_mixin.py:104} INFO - [2021-02-22 18:10:04,727] {dag.py:2273} INFO - Setting next_dagrun for example_xcom_args_with_operators to None
[2021-02-22 18:10:04,774] {scheduler_job.py:190} INFO - Processing /home/airflow/.local/lib/python3.8/site-packages/airflow/example_dags/example_xcomargs.py took 0.249 seconds
[2021-02-22 18:12:28,872] {scheduler_job.py:182} INFO - Started process (PID=47) to work on /home/airflow/.local/lib/python3.8/site-packages/airflow/example_dags/example_xcomargs.py
[2021-02-22 18:12:28,877] {scheduler_job.py:633} INFO - Processing file /home/airflow/.local/lib/python3.8/site-packages/airflow/example_dags/example_xcomargs.py for tasks to queue
[2021-02-22 18:12:28,881] {logging_mixin.py:104} INFO - [2021-02-22 18:12:28,881] {dagbag.py:448} INFO - Filling up the DagBag from /home/airflow/.local/lib/python3.8/site-packages/airflow/example_dags/example_xcomargs.py
[2021-02-22 18:12:28,914] {scheduler_job.py:643} INFO - DAG(s) dict_keys(['example_xcom_args', 'example_xcom_args_with_operators']) retrieved from /home/airflow/.local/lib/python3.8/site-packages/airflow/example_dags/example_xcomargs.py
[2021-02-22 18:12:28,984] {logging_mixin.py:104} INFO - [2021-02-22 18:12:28,984] {dag.py:1818} INFO - Sync 2 DAGs
[2021-02-22 18:12:29,031] {logging_mixin.py:104} INFO - [2021-02-22 18:12:29,031] {dag.py:2273} INFO - Setting next_dagrun for example_xcom_args to None
[2021-02-22 18:12:29,042] {logging_mixin.py:104} INFO - [2021-02-22 18:12:29,042] {dag.py:2273} INFO - Setting next_dagrun for example_xcom_args_with_operators to None
[2021-02-22 18:12:29,071] {scheduler_job.py:190} INFO - Processing /home/airflow/.local/lib/python3.8/site-packages/airflow/example_dags/example_xcomargs.py took 0.205 seconds
[2021-02-22 18:12:59,219] {scheduler_job.py:182} INFO - Started process (PID=75) to work on /home/airflow/.local/lib/python3.8/site-packages/airflow/example_dags/example_xcomargs.py
[2021-02-22 18:12:59,228] {scheduler_job.py:633} INFO - Processing file /home/airflow/.local/lib/python3.8/site-packages/airflow/example_dags/example_xcomargs.py for tasks to queue
[2021-02-22 18:12:59,229] {logging_mixin.py:104} INFO - [2021-02-22 18:12:59,229] {dagbag.py:448} INFO - Filling up the DagBag from /home/airflow/.local/lib/python3.8/site-packages/airflow/example_dags/example_xcomargs.py
[2021-02-22 18:12:59,250] {scheduler_job.py:643} INFO - DAG(s) dict_keys(['example_xcom_args', 'example_xcom_args_with_operators']) retrieved from /home/airflow/.local/lib/python3.8/site-packages/airflow/example_dags/example_xcomargs.py
[2021-02-22 18:12:59,278] {logging_mixin.py:104} INFO - [2021-02-22 18:12:59,278] {dag.py:1818} INFO - Sync 2 DAGs
[2021-02-22 18:12:59,293] {logging_mixin.py:104} INFO - [2021-02-22 18:12:59,293] {dag.py:2273} INFO - Setting next_dagrun for example_xcom_args to None
[2021-02-22 18:12:59,294] {logging_mixin.py:104} INFO - [2021-02-22 18:12:59,294] {dag.py:2273} INFO - Setting next_dagrun for example_xcom_args_with_operators to None
[2021-02-22 18:12:59,303] {scheduler_job.py:190} INFO - Processing /home/airflow/.local/lib/python3.8/site-packages/airflow/example_dags/example_xcomargs.py took 0.088 seconds
[2021-02-22 18:13:36,706] {scheduler_job.py:182} INFO - Started process (PID=103) to work on /home/airflow/.local/lib/python3.8/site-packages/airflow/example_dags/example_xcomargs.py
[2021-02-22 18:13:36,707] {scheduler_job.py:633} INFO - Processing file /home/airflow/.local/lib/python3.8/site-packages/airflow/example_dags/example_xcomargs.py for tasks to queue
[2021-02-22 18:13:36,709] {logging_mixin.py:104} INFO - [2021-02-22 18:13:36,709] {dagbag.py:448} INFO - Filling up the DagBag from /home/airflow/.local/lib/python3.8/site-packages/airflow/example_dags/example_xcomargs.py
[2021-02-22 18:13:36,737] {scheduler_job.py:643} INFO - DAG(s) dict_keys(['example_xcom_args', 'example_xcom_args_with_operators']) retrieved from /home/airflow/.local/lib/python3.8/site-packages/airflow/example_dags/example_xcomargs.py
[2021-02-22 18:13:36,772] {logging_mixin.py:104} INFO - [2021-02-22 18:13:36,772] {dag.py:1818} INFO - Sync 2 DAGs
[2021-02-22 18:13:36,787] {logging_mixin.py:104} INFO - [2021-02-22 18:13:36,787] {dag.py:2273} INFO - Setting next_dagrun for example_xcom_args to None
[2021-02-22 18:13:36,788] {logging_mixin.py:104} INFO - [2021-02-22 18:13:36,788] {dag.py:2273} INFO - Setting next_dagrun for example_xcom_args_with_operators to None
[2021-02-22 18:13:36,806] {scheduler_job.py:190} INFO - Processing /home/airflow/.local/lib/python3.8/site-packages/airflow/example_dags/example_xcomargs.py took 0.103 seconds
[2021-02-22 18:14:09,765] {scheduler_job.py:182} INFO - Started process (PID=131) to work on /home/airflow/.local/lib/python3.8/site-packages/airflow/example_dags/example_xcomargs.py
[2021-02-22 18:14:09,766] {scheduler_job.py:633} INFO - Processing file /home/airflow/.local/lib/python3.8/site-packages/airflow/example_dags/example_xcomargs.py for tasks to queue
[2021-02-22 18:14:09,768] {logging_mixin.py:104} INFO - [2021-02-22 18:14:09,768] {dagbag.py:448} INFO - Filling up the DagBag from /home/airflow/.local/lib/python3.8/site-packages/airflow/example_dags/example_xcomargs.py
[2021-02-22 18:14:09,787] {scheduler_job.py:643} INFO - DAG(s) dict_keys(['example_xcom_args', 'example_xcom_args_with_operators']) retrieved from /home/airflow/.local/lib/python3.8/site-packages/airflow/example_dags/example_xcomargs.py
[2021-02-22 18:14:09,835] {logging_mixin.py:104} INFO - [2021-02-22 18:14:09,834] {dag.py:1818} INFO - Sync 2 DAGs
[2021-02-22 18:14:09,859] {logging_mixin.py:104} INFO - [2021-02-22 18:14:09,859] {dag.py:2273} INFO - Setting next_dagrun for example_xcom_args to None
[2021-02-22 18:14:09,871] {logging_mixin.py:104} INFO - [2021-02-22 18:14:09,871] {dag.py:2273} INFO - Setting next_dagrun for example_xcom_args_with_operators to None
[2021-02-22 18:14:09,886] {scheduler_job.py:190} INFO - Processing /home/airflow/.local/lib/python3.8/site-packages/airflow/example_dags/example_xcomargs.py took 0.126 seconds
[2021-02-22 18:17:47,048] {scheduler_job.py:182} INFO - Started process (PID=48) to work on /home/airflow/.local/lib/python3.8/site-packages/airflow/example_dags/example_xcomargs.py
[2021-02-22 18:17:47,050] {scheduler_job.py:633} INFO - Processing file /home/airflow/.local/lib/python3.8/site-packages/airflow/example_dags/example_xcomargs.py for tasks to queue
[2021-02-22 18:17:47,052] {logging_mixin.py:104} INFO - [2021-02-22 18:17:47,052] {dagbag.py:448} INFO - Filling up the DagBag from /home/airflow/.local/lib/python3.8/site-packages/airflow/example_dags/example_xcomargs.py
[2021-02-22 18:17:47,069] {scheduler_job.py:643} INFO - DAG(s) dict_keys(['example_xcom_args', 'example_xcom_args_with_operators']) retrieved from /home/airflow/.local/lib/python3.8/site-packages/airflow/example_dags/example_xcomargs.py
[2021-02-22 18:17:47,110] {logging_mixin.py:104} INFO - [2021-02-22 18:17:47,109] {dag.py:1818} INFO - Sync 2 DAGs
[2021-02-22 18:17:47,135] {logging_mixin.py:104} INFO - [2021-02-22 18:17:47,135] {dag.py:2273} INFO - Setting next_dagrun for example_xcom_args to None
[2021-02-22 18:17:47,137] {logging_mixin.py:104} INFO - [2021-02-22 18:17:47,137] {dag.py:2273} INFO - Setting next_dagrun for example_xcom_args_with_operators to None
[2021-02-22 18:17:47,203] {scheduler_job.py:190} INFO - Processing /home/airflow/.local/lib/python3.8/site-packages/airflow/example_dags/example_xcomargs.py took 0.160 seconds
