[2021-02-22 17:52:54,783] {scheduler_job.py:182} INFO - Started process (PID=42) to work on /home/airflow/.local/lib/python3.8/site-packages/airflow/example_dags/tutorial.py
[2021-02-22 17:52:54,786] {scheduler_job.py:633} INFO - Processing file /home/airflow/.local/lib/python3.8/site-packages/airflow/example_dags/tutorial.py for tasks to queue
[2021-02-22 17:52:54,789] {logging_mixin.py:104} INFO - [2021-02-22 17:52:54,788] {dagbag.py:448} INFO - Filling up the DagBag from /home/airflow/.local/lib/python3.8/site-packages/airflow/example_dags/tutorial.py
[2021-02-22 17:52:54,809] {scheduler_job.py:643} INFO - DAG(s) dict_keys(['tutorial']) retrieved from /home/airflow/.local/lib/python3.8/site-packages/airflow/example_dags/tutorial.py
[2021-02-22 17:52:54,842] {logging_mixin.py:104} INFO - [2021-02-22 17:52:54,842] {dag.py:1818} INFO - Sync 1 DAGs
[2021-02-22 17:52:54,853] {logging_mixin.py:104} INFO - [2021-02-22 17:52:54,853] {dag.py:1837} INFO - Creating ORM DAG for tutorial
[2021-02-22 17:52:54,861] {logging_mixin.py:104} INFO - [2021-02-22 17:52:54,861] {dag.py:2273} INFO - Setting next_dagrun for tutorial to 2021-02-20 00:00:00+00:00
[2021-02-22 17:52:54,879] {scheduler_job.py:190} INFO - Processing /home/airflow/.local/lib/python3.8/site-packages/airflow/example_dags/tutorial.py took 0.102 seconds
[2021-02-22 17:53:35,366] {scheduler_job.py:182} INFO - Started process (PID=70) to work on /home/airflow/.local/lib/python3.8/site-packages/airflow/example_dags/tutorial.py
[2021-02-22 17:53:35,367] {scheduler_job.py:633} INFO - Processing file /home/airflow/.local/lib/python3.8/site-packages/airflow/example_dags/tutorial.py for tasks to queue
[2021-02-22 17:53:35,368] {logging_mixin.py:104} INFO - [2021-02-22 17:53:35,368] {dagbag.py:448} INFO - Filling up the DagBag from /home/airflow/.local/lib/python3.8/site-packages/airflow/example_dags/tutorial.py
[2021-02-22 17:53:35,652] {scheduler_job.py:643} INFO - DAG(s) dict_keys(['tutorial']) retrieved from /home/airflow/.local/lib/python3.8/site-packages/airflow/example_dags/tutorial.py
[2021-02-22 17:53:35,673] {logging_mixin.py:104} INFO - [2021-02-22 17:53:35,673] {dag.py:1818} INFO - Sync 1 DAGs
[2021-02-22 17:53:35,687] {logging_mixin.py:104} INFO - [2021-02-22 17:53:35,687] {dag.py:2273} INFO - Setting next_dagrun for tutorial to 2021-02-20 00:00:00+00:00
[2021-02-22 17:53:35,789] {scheduler_job.py:190} INFO - Processing /home/airflow/.local/lib/python3.8/site-packages/airflow/example_dags/tutorial.py took 0.427 seconds
[2021-02-22 17:54:21,514] {scheduler_job.py:182} INFO - Started process (PID=39) to work on /home/airflow/.local/lib/python3.8/site-packages/airflow/example_dags/tutorial.py
[2021-02-22 17:54:21,518] {scheduler_job.py:633} INFO - Processing file /home/airflow/.local/lib/python3.8/site-packages/airflow/example_dags/tutorial.py for tasks to queue
[2021-02-22 17:54:21,520] {logging_mixin.py:104} INFO - [2021-02-22 17:54:21,520] {dagbag.py:448} INFO - Filling up the DagBag from /home/airflow/.local/lib/python3.8/site-packages/airflow/example_dags/tutorial.py
[2021-02-22 17:54:21,559] {scheduler_job.py:643} INFO - DAG(s) dict_keys(['tutorial']) retrieved from /home/airflow/.local/lib/python3.8/site-packages/airflow/example_dags/tutorial.py
[2021-02-22 17:54:21,632] {logging_mixin.py:104} INFO - [2021-02-22 17:54:21,632] {dag.py:1818} INFO - Sync 1 DAGs
[2021-02-22 17:54:21,659] {logging_mixin.py:104} INFO - [2021-02-22 17:54:21,658] {dag.py:2273} INFO - Setting next_dagrun for tutorial to 2021-02-20 00:00:00+00:00
[2021-02-22 17:54:21,675] {scheduler_job.py:190} INFO - Processing /home/airflow/.local/lib/python3.8/site-packages/airflow/example_dags/tutorial.py took 0.167 seconds
[2021-02-22 17:54:52,560] {scheduler_job.py:182} INFO - Started process (PID=66) to work on /home/airflow/.local/lib/python3.8/site-packages/airflow/example_dags/tutorial.py
[2021-02-22 17:54:52,562] {scheduler_job.py:633} INFO - Processing file /home/airflow/.local/lib/python3.8/site-packages/airflow/example_dags/tutorial.py for tasks to queue
[2021-02-22 17:54:52,564] {logging_mixin.py:104} INFO - [2021-02-22 17:54:52,564] {dagbag.py:448} INFO - Filling up the DagBag from /home/airflow/.local/lib/python3.8/site-packages/airflow/example_dags/tutorial.py
[2021-02-22 17:54:52,622] {scheduler_job.py:643} INFO - DAG(s) dict_keys(['tutorial']) retrieved from /home/airflow/.local/lib/python3.8/site-packages/airflow/example_dags/tutorial.py
[2021-02-22 17:54:52,646] {logging_mixin.py:104} INFO - [2021-02-22 17:54:52,646] {dag.py:1818} INFO - Sync 1 DAGs
[2021-02-22 17:54:52,665] {logging_mixin.py:104} INFO - [2021-02-22 17:54:52,665] {dag.py:2273} INFO - Setting next_dagrun for tutorial to 2021-02-20 00:00:00+00:00
[2021-02-22 17:54:52,680] {scheduler_job.py:190} INFO - Processing /home/airflow/.local/lib/python3.8/site-packages/airflow/example_dags/tutorial.py took 0.125 seconds
[2021-02-22 17:55:27,923] {scheduler_job.py:182} INFO - Started process (PID=95) to work on /home/airflow/.local/lib/python3.8/site-packages/airflow/example_dags/tutorial.py
[2021-02-22 17:55:27,927] {scheduler_job.py:633} INFO - Processing file /home/airflow/.local/lib/python3.8/site-packages/airflow/example_dags/tutorial.py for tasks to queue
[2021-02-22 17:55:27,929] {logging_mixin.py:104} INFO - [2021-02-22 17:55:27,928] {dagbag.py:448} INFO - Filling up the DagBag from /home/airflow/.local/lib/python3.8/site-packages/airflow/example_dags/tutorial.py
[2021-02-22 17:55:27,972] {scheduler_job.py:643} INFO - DAG(s) dict_keys(['tutorial']) retrieved from /home/airflow/.local/lib/python3.8/site-packages/airflow/example_dags/tutorial.py
[2021-02-22 17:55:28,016] {logging_mixin.py:104} INFO - [2021-02-22 17:55:28,016] {dag.py:1818} INFO - Sync 1 DAGs
[2021-02-22 17:55:28,036] {logging_mixin.py:104} INFO - [2021-02-22 17:55:28,036] {dag.py:2273} INFO - Setting next_dagrun for tutorial to 2021-02-20 00:00:00+00:00
[2021-02-22 17:55:28,061] {scheduler_job.py:190} INFO - Processing /home/airflow/.local/lib/python3.8/site-packages/airflow/example_dags/tutorial.py took 0.142 seconds
[2021-02-22 17:55:59,687] {scheduler_job.py:182} INFO - Started process (PID=123) to work on /home/airflow/.local/lib/python3.8/site-packages/airflow/example_dags/tutorial.py
[2021-02-22 17:55:59,689] {scheduler_job.py:633} INFO - Processing file /home/airflow/.local/lib/python3.8/site-packages/airflow/example_dags/tutorial.py for tasks to queue
[2021-02-22 17:55:59,690] {logging_mixin.py:104} INFO - [2021-02-22 17:55:59,690] {dagbag.py:448} INFO - Filling up the DagBag from /home/airflow/.local/lib/python3.8/site-packages/airflow/example_dags/tutorial.py
[2021-02-22 17:55:59,716] {scheduler_job.py:643} INFO - DAG(s) dict_keys(['tutorial']) retrieved from /home/airflow/.local/lib/python3.8/site-packages/airflow/example_dags/tutorial.py
[2021-02-22 17:55:59,753] {logging_mixin.py:104} INFO - [2021-02-22 17:55:59,752] {dag.py:1818} INFO - Sync 1 DAGs
[2021-02-22 17:55:59,770] {logging_mixin.py:104} INFO - [2021-02-22 17:55:59,770] {dag.py:2273} INFO - Setting next_dagrun for tutorial to 2021-02-20 00:00:00+00:00
[2021-02-22 17:55:59,825] {scheduler_job.py:190} INFO - Processing /home/airflow/.local/lib/python3.8/site-packages/airflow/example_dags/tutorial.py took 0.142 seconds
[2021-02-22 18:03:25,347] {scheduler_job.py:182} INFO - Started process (PID=47) to work on /home/airflow/.local/lib/python3.8/site-packages/airflow/example_dags/tutorial.py
[2021-02-22 18:03:25,354] {scheduler_job.py:633} INFO - Processing file /home/airflow/.local/lib/python3.8/site-packages/airflow/example_dags/tutorial.py for tasks to queue
[2021-02-22 18:03:25,357] {logging_mixin.py:104} INFO - [2021-02-22 18:03:25,356] {dagbag.py:448} INFO - Filling up the DagBag from /home/airflow/.local/lib/python3.8/site-packages/airflow/example_dags/tutorial.py
[2021-02-22 18:03:25,458] {scheduler_job.py:643} INFO - DAG(s) dict_keys(['tutorial']) retrieved from /home/airflow/.local/lib/python3.8/site-packages/airflow/example_dags/tutorial.py
[2021-02-22 18:03:25,568] {logging_mixin.py:104} INFO - [2021-02-22 18:03:25,568] {dag.py:1818} INFO - Sync 1 DAGs
[2021-02-22 18:03:25,606] {logging_mixin.py:104} INFO - [2021-02-22 18:03:25,604] {dag.py:2273} INFO - Setting next_dagrun for tutorial to 2021-02-20 00:00:00+00:00
[2021-02-22 18:03:25,633] {scheduler_job.py:190} INFO - Processing /home/airflow/.local/lib/python3.8/site-packages/airflow/example_dags/tutorial.py took 0.291 seconds
[2021-02-22 18:03:56,907] {scheduler_job.py:182} INFO - Started process (PID=75) to work on /home/airflow/.local/lib/python3.8/site-packages/airflow/example_dags/tutorial.py
[2021-02-22 18:03:56,910] {scheduler_job.py:633} INFO - Processing file /home/airflow/.local/lib/python3.8/site-packages/airflow/example_dags/tutorial.py for tasks to queue
[2021-02-22 18:03:56,911] {logging_mixin.py:104} INFO - [2021-02-22 18:03:56,911] {dagbag.py:448} INFO - Filling up the DagBag from /home/airflow/.local/lib/python3.8/site-packages/airflow/example_dags/tutorial.py
[2021-02-22 18:03:57,029] {scheduler_job.py:643} INFO - DAG(s) dict_keys(['tutorial']) retrieved from /home/airflow/.local/lib/python3.8/site-packages/airflow/example_dags/tutorial.py
[2021-02-22 18:03:57,056] {logging_mixin.py:104} INFO - [2021-02-22 18:03:57,055] {dag.py:1818} INFO - Sync 1 DAGs
[2021-02-22 18:03:57,075] {logging_mixin.py:104} INFO - [2021-02-22 18:03:57,075] {dag.py:2273} INFO - Setting next_dagrun for tutorial to 2021-02-20 00:00:00+00:00
[2021-02-22 18:03:57,280] {scheduler_job.py:190} INFO - Processing /home/airflow/.local/lib/python3.8/site-packages/airflow/example_dags/tutorial.py took 0.377 seconds
[2021-02-22 18:04:33,134] {scheduler_job.py:182} INFO - Started process (PID=103) to work on /home/airflow/.local/lib/python3.8/site-packages/airflow/example_dags/tutorial.py
[2021-02-22 18:04:33,138] {scheduler_job.py:633} INFO - Processing file /home/airflow/.local/lib/python3.8/site-packages/airflow/example_dags/tutorial.py for tasks to queue
[2021-02-22 18:04:33,141] {logging_mixin.py:104} INFO - [2021-02-22 18:04:33,140] {dagbag.py:448} INFO - Filling up the DagBag from /home/airflow/.local/lib/python3.8/site-packages/airflow/example_dags/tutorial.py
[2021-02-22 18:04:33,191] {scheduler_job.py:643} INFO - DAG(s) dict_keys(['tutorial']) retrieved from /home/airflow/.local/lib/python3.8/site-packages/airflow/example_dags/tutorial.py
[2021-02-22 18:04:33,236] {logging_mixin.py:104} INFO - [2021-02-22 18:04:33,236] {dag.py:1818} INFO - Sync 1 DAGs
[2021-02-22 18:04:33,266] {logging_mixin.py:104} INFO - [2021-02-22 18:04:33,266] {dag.py:2273} INFO - Setting next_dagrun for tutorial to 2021-02-20 00:00:00+00:00
[2021-02-22 18:04:33,305] {scheduler_job.py:190} INFO - Processing /home/airflow/.local/lib/python3.8/site-packages/airflow/example_dags/tutorial.py took 0.178 seconds
[2021-02-22 18:05:03,770] {scheduler_job.py:182} INFO - Started process (PID=131) to work on /home/airflow/.local/lib/python3.8/site-packages/airflow/example_dags/tutorial.py
[2021-02-22 18:05:03,773] {scheduler_job.py:633} INFO - Processing file /home/airflow/.local/lib/python3.8/site-packages/airflow/example_dags/tutorial.py for tasks to queue
[2021-02-22 18:05:03,776] {logging_mixin.py:104} INFO - [2021-02-22 18:05:03,775] {dagbag.py:448} INFO - Filling up the DagBag from /home/airflow/.local/lib/python3.8/site-packages/airflow/example_dags/tutorial.py
[2021-02-22 18:05:03,796] {scheduler_job.py:643} INFO - DAG(s) dict_keys(['tutorial']) retrieved from /home/airflow/.local/lib/python3.8/site-packages/airflow/example_dags/tutorial.py
[2021-02-22 18:05:04,642] {logging_mixin.py:104} INFO - [2021-02-22 18:05:04,642] {process_utils.py:206} INFO - Waiting up to 5 seconds for processes to exit...
[2021-02-22 18:05:45,700] {scheduler_job.py:182} INFO - Started process (PID=31) to work on /home/airflow/.local/lib/python3.8/site-packages/airflow/example_dags/tutorial.py
[2021-02-22 18:05:45,703] {scheduler_job.py:633} INFO - Processing file /home/airflow/.local/lib/python3.8/site-packages/airflow/example_dags/tutorial.py for tasks to queue
[2021-02-22 18:05:45,704] {logging_mixin.py:104} INFO - [2021-02-22 18:05:45,704] {dagbag.py:448} INFO - Filling up the DagBag from /home/airflow/.local/lib/python3.8/site-packages/airflow/example_dags/tutorial.py
[2021-02-22 18:05:45,721] {scheduler_job.py:643} INFO - DAG(s) dict_keys(['tutorial']) retrieved from /home/airflow/.local/lib/python3.8/site-packages/airflow/example_dags/tutorial.py
[2021-02-22 18:05:45,784] {logging_mixin.py:104} INFO - [2021-02-22 18:05:45,784] {dag.py:1818} INFO - Sync 1 DAGs
[2021-02-22 18:05:45,822] {logging_mixin.py:104} INFO - [2021-02-22 18:05:45,822] {dag.py:2273} INFO - Setting next_dagrun for tutorial to 2021-02-20 00:00:00+00:00
[2021-02-22 18:05:45,894] {scheduler_job.py:190} INFO - Processing /home/airflow/.local/lib/python3.8/site-packages/airflow/example_dags/tutorial.py took 0.199 seconds
[2021-02-22 18:06:23,698] {scheduler_job.py:182} INFO - Started process (PID=58) to work on /home/airflow/.local/lib/python3.8/site-packages/airflow/example_dags/tutorial.py
[2021-02-22 18:06:23,700] {scheduler_job.py:633} INFO - Processing file /home/airflow/.local/lib/python3.8/site-packages/airflow/example_dags/tutorial.py for tasks to queue
[2021-02-22 18:06:23,701] {logging_mixin.py:104} INFO - [2021-02-22 18:06:23,701] {dagbag.py:448} INFO - Filling up the DagBag from /home/airflow/.local/lib/python3.8/site-packages/airflow/example_dags/tutorial.py
[2021-02-22 18:06:23,727] {scheduler_job.py:643} INFO - DAG(s) dict_keys(['tutorial']) retrieved from /home/airflow/.local/lib/python3.8/site-packages/airflow/example_dags/tutorial.py
[2021-02-22 18:06:23,816] {logging_mixin.py:104} INFO - [2021-02-22 18:06:23,816] {dag.py:1818} INFO - Sync 1 DAGs
[2021-02-22 18:06:23,838] {logging_mixin.py:104} INFO - [2021-02-22 18:06:23,838] {dag.py:2273} INFO - Setting next_dagrun for tutorial to 2021-02-20 00:00:00+00:00
[2021-02-22 18:06:23,864] {scheduler_job.py:190} INFO - Processing /home/airflow/.local/lib/python3.8/site-packages/airflow/example_dags/tutorial.py took 0.170 seconds
[2021-02-22 18:07:01,487] {scheduler_job.py:182} INFO - Started process (PID=86) to work on /home/airflow/.local/lib/python3.8/site-packages/airflow/example_dags/tutorial.py
[2021-02-22 18:07:01,489] {scheduler_job.py:633} INFO - Processing file /home/airflow/.local/lib/python3.8/site-packages/airflow/example_dags/tutorial.py for tasks to queue
[2021-02-22 18:07:01,491] {logging_mixin.py:104} INFO - [2021-02-22 18:07:01,490] {dagbag.py:448} INFO - Filling up the DagBag from /home/airflow/.local/lib/python3.8/site-packages/airflow/example_dags/tutorial.py
[2021-02-22 18:07:01,525] {scheduler_job.py:643} INFO - DAG(s) dict_keys(['tutorial']) retrieved from /home/airflow/.local/lib/python3.8/site-packages/airflow/example_dags/tutorial.py
[2021-02-22 18:07:01,588] {logging_mixin.py:104} INFO - [2021-02-22 18:07:01,588] {dag.py:1818} INFO - Sync 1 DAGs
[2021-02-22 18:07:01,630] {logging_mixin.py:104} INFO - [2021-02-22 18:07:01,630] {dag.py:2273} INFO - Setting next_dagrun for tutorial to 2021-02-20 00:00:00+00:00
[2021-02-22 18:07:01,654] {scheduler_job.py:190} INFO - Processing /home/airflow/.local/lib/python3.8/site-packages/airflow/example_dags/tutorial.py took 0.171 seconds
[2021-02-22 18:08:19,773] {scheduler_job.py:182} INFO - Started process (PID=42) to work on /home/airflow/.local/lib/python3.8/site-packages/airflow/example_dags/tutorial.py
[2021-02-22 18:08:19,777] {scheduler_job.py:633} INFO - Processing file /home/airflow/.local/lib/python3.8/site-packages/airflow/example_dags/tutorial.py for tasks to queue
[2021-02-22 18:08:19,779] {logging_mixin.py:104} INFO - [2021-02-22 18:08:19,779] {dagbag.py:448} INFO - Filling up the DagBag from /home/airflow/.local/lib/python3.8/site-packages/airflow/example_dags/tutorial.py
[2021-02-22 18:08:19,819] {scheduler_job.py:643} INFO - DAG(s) dict_keys(['tutorial']) retrieved from /home/airflow/.local/lib/python3.8/site-packages/airflow/example_dags/tutorial.py
[2021-02-22 18:08:19,881] {logging_mixin.py:104} INFO - [2021-02-22 18:08:19,880] {dag.py:1818} INFO - Sync 1 DAGs
[2021-02-22 18:08:19,915] {logging_mixin.py:104} INFO - [2021-02-22 18:08:19,914] {dag.py:2273} INFO - Setting next_dagrun for tutorial to 2021-02-20 00:00:00+00:00
[2021-02-22 18:08:19,974] {scheduler_job.py:190} INFO - Processing /home/airflow/.local/lib/python3.8/site-packages/airflow/example_dags/tutorial.py took 0.206 seconds
[2021-02-22 18:08:55,637] {scheduler_job.py:182} INFO - Started process (PID=70) to work on /home/airflow/.local/lib/python3.8/site-packages/airflow/example_dags/tutorial.py
[2021-02-22 18:08:55,639] {scheduler_job.py:633} INFO - Processing file /home/airflow/.local/lib/python3.8/site-packages/airflow/example_dags/tutorial.py for tasks to queue
[2021-02-22 18:08:55,641] {logging_mixin.py:104} INFO - [2021-02-22 18:08:55,641] {dagbag.py:448} INFO - Filling up the DagBag from /home/airflow/.local/lib/python3.8/site-packages/airflow/example_dags/tutorial.py
[2021-02-22 18:08:55,729] {scheduler_job.py:643} INFO - DAG(s) dict_keys(['tutorial']) retrieved from /home/airflow/.local/lib/python3.8/site-packages/airflow/example_dags/tutorial.py
[2021-02-22 18:08:55,750] {logging_mixin.py:104} INFO - [2021-02-22 18:08:55,750] {dag.py:1818} INFO - Sync 1 DAGs
[2021-02-22 18:08:55,766] {logging_mixin.py:104} INFO - [2021-02-22 18:08:55,766] {dag.py:2273} INFO - Setting next_dagrun for tutorial to 2021-02-20 00:00:00+00:00
[2021-02-22 18:08:55,834] {scheduler_job.py:190} INFO - Processing /home/airflow/.local/lib/python3.8/site-packages/airflow/example_dags/tutorial.py took 0.202 seconds
[2021-02-22 18:09:25,917] {scheduler_job.py:182} INFO - Started process (PID=97) to work on /home/airflow/.local/lib/python3.8/site-packages/airflow/example_dags/tutorial.py
[2021-02-22 18:09:25,919] {scheduler_job.py:633} INFO - Processing file /home/airflow/.local/lib/python3.8/site-packages/airflow/example_dags/tutorial.py for tasks to queue
[2021-02-22 18:09:25,922] {logging_mixin.py:104} INFO - [2021-02-22 18:09:25,921] {dagbag.py:448} INFO - Filling up the DagBag from /home/airflow/.local/lib/python3.8/site-packages/airflow/example_dags/tutorial.py
[2021-02-22 18:09:25,941] {scheduler_job.py:643} INFO - DAG(s) dict_keys(['tutorial']) retrieved from /home/airflow/.local/lib/python3.8/site-packages/airflow/example_dags/tutorial.py
[2021-02-22 18:09:25,971] {logging_mixin.py:104} INFO - [2021-02-22 18:09:25,971] {dag.py:1818} INFO - Sync 1 DAGs
[2021-02-22 18:09:25,989] {logging_mixin.py:104} INFO - [2021-02-22 18:09:25,989] {dag.py:2273} INFO - Setting next_dagrun for tutorial to 2021-02-20 00:00:00+00:00
[2021-02-22 18:09:26,003] {scheduler_job.py:190} INFO - Processing /home/airflow/.local/lib/python3.8/site-packages/airflow/example_dags/tutorial.py took 0.094 seconds
[2021-02-22 18:12:28,834] {scheduler_job.py:182} INFO - Started process (PID=46) to work on /home/airflow/.local/lib/python3.8/site-packages/airflow/example_dags/tutorial.py
[2021-02-22 18:12:28,839] {scheduler_job.py:633} INFO - Processing file /home/airflow/.local/lib/python3.8/site-packages/airflow/example_dags/tutorial.py for tasks to queue
[2021-02-22 18:12:28,843] {logging_mixin.py:104} INFO - [2021-02-22 18:12:28,841] {dagbag.py:448} INFO - Filling up the DagBag from /home/airflow/.local/lib/python3.8/site-packages/airflow/example_dags/tutorial.py
[2021-02-22 18:12:28,882] {scheduler_job.py:643} INFO - DAG(s) dict_keys(['tutorial']) retrieved from /home/airflow/.local/lib/python3.8/site-packages/airflow/example_dags/tutorial.py
[2021-02-22 18:12:28,929] {logging_mixin.py:104} INFO - [2021-02-22 18:12:28,923] {dag.py:1818} INFO - Sync 1 DAGs
[2021-02-22 18:12:28,957] {logging_mixin.py:104} INFO - [2021-02-22 18:12:28,957] {dag.py:2273} INFO - Setting next_dagrun for tutorial to 2021-02-20 00:00:00+00:00
[2021-02-22 18:12:28,979] {scheduler_job.py:190} INFO - Processing /home/airflow/.local/lib/python3.8/site-packages/airflow/example_dags/tutorial.py took 0.155 seconds
[2021-02-22 18:12:59,119] {scheduler_job.py:182} INFO - Started process (PID=74) to work on /home/airflow/.local/lib/python3.8/site-packages/airflow/example_dags/tutorial.py
[2021-02-22 18:12:59,133] {scheduler_job.py:633} INFO - Processing file /home/airflow/.local/lib/python3.8/site-packages/airflow/example_dags/tutorial.py for tasks to queue
[2021-02-22 18:12:59,135] {logging_mixin.py:104} INFO - [2021-02-22 18:12:59,135] {dagbag.py:448} INFO - Filling up the DagBag from /home/airflow/.local/lib/python3.8/site-packages/airflow/example_dags/tutorial.py
[2021-02-22 18:12:59,147] {scheduler_job.py:643} INFO - DAG(s) dict_keys(['tutorial']) retrieved from /home/airflow/.local/lib/python3.8/site-packages/airflow/example_dags/tutorial.py
[2021-02-22 18:12:59,169] {logging_mixin.py:104} INFO - [2021-02-22 18:12:59,169] {dag.py:1818} INFO - Sync 1 DAGs
[2021-02-22 18:12:59,183] {logging_mixin.py:104} INFO - [2021-02-22 18:12:59,183] {dag.py:2273} INFO - Setting next_dagrun for tutorial to 2021-02-20 00:00:00+00:00
[2021-02-22 18:12:59,194] {scheduler_job.py:190} INFO - Processing /home/airflow/.local/lib/python3.8/site-packages/airflow/example_dags/tutorial.py took 0.079 seconds
[2021-02-22 18:13:36,567] {scheduler_job.py:182} INFO - Started process (PID=102) to work on /home/airflow/.local/lib/python3.8/site-packages/airflow/example_dags/tutorial.py
[2021-02-22 18:13:36,581] {scheduler_job.py:633} INFO - Processing file /home/airflow/.local/lib/python3.8/site-packages/airflow/example_dags/tutorial.py for tasks to queue
[2021-02-22 18:13:36,583] {logging_mixin.py:104} INFO - [2021-02-22 18:13:36,583] {dagbag.py:448} INFO - Filling up the DagBag from /home/airflow/.local/lib/python3.8/site-packages/airflow/example_dags/tutorial.py
[2021-02-22 18:13:36,613] {scheduler_job.py:643} INFO - DAG(s) dict_keys(['tutorial']) retrieved from /home/airflow/.local/lib/python3.8/site-packages/airflow/example_dags/tutorial.py
[2021-02-22 18:13:36,646] {logging_mixin.py:104} INFO - [2021-02-22 18:13:36,646] {dag.py:1818} INFO - Sync 1 DAGs
[2021-02-22 18:13:36,663] {logging_mixin.py:104} INFO - [2021-02-22 18:13:36,663] {dag.py:2273} INFO - Setting next_dagrun for tutorial to 2021-02-20 00:00:00+00:00
[2021-02-22 18:13:36,683] {scheduler_job.py:190} INFO - Processing /home/airflow/.local/lib/python3.8/site-packages/airflow/example_dags/tutorial.py took 0.124 seconds
[2021-02-22 18:14:09,677] {scheduler_job.py:182} INFO - Started process (PID=130) to work on /home/airflow/.local/lib/python3.8/site-packages/airflow/example_dags/tutorial.py
[2021-02-22 18:14:09,680] {scheduler_job.py:633} INFO - Processing file /home/airflow/.local/lib/python3.8/site-packages/airflow/example_dags/tutorial.py for tasks to queue
[2021-02-22 18:14:09,681] {logging_mixin.py:104} INFO - [2021-02-22 18:14:09,681] {dagbag.py:448} INFO - Filling up the DagBag from /home/airflow/.local/lib/python3.8/site-packages/airflow/example_dags/tutorial.py
[2021-02-22 18:14:09,699] {scheduler_job.py:643} INFO - DAG(s) dict_keys(['tutorial']) retrieved from /home/airflow/.local/lib/python3.8/site-packages/airflow/example_dags/tutorial.py
[2021-02-22 18:14:09,733] {logging_mixin.py:104} INFO - [2021-02-22 18:14:09,733] {dag.py:1818} INFO - Sync 1 DAGs
[2021-02-22 18:14:09,759] {logging_mixin.py:104} INFO - [2021-02-22 18:14:09,758] {dag.py:2273} INFO - Setting next_dagrun for tutorial to 2021-02-20 00:00:00+00:00
[2021-02-22 18:14:09,777] {scheduler_job.py:190} INFO - Processing /home/airflow/.local/lib/python3.8/site-packages/airflow/example_dags/tutorial.py took 0.108 seconds
[2021-02-22 18:17:46,701] {scheduler_job.py:182} INFO - Started process (PID=45) to work on /home/airflow/.local/lib/python3.8/site-packages/airflow/example_dags/tutorial.py
[2021-02-22 18:17:46,704] {scheduler_job.py:633} INFO - Processing file /home/airflow/.local/lib/python3.8/site-packages/airflow/example_dags/tutorial.py for tasks to queue
[2021-02-22 18:17:46,706] {logging_mixin.py:104} INFO - [2021-02-22 18:17:46,706] {dagbag.py:448} INFO - Filling up the DagBag from /home/airflow/.local/lib/python3.8/site-packages/airflow/example_dags/tutorial.py
[2021-02-22 18:17:46,732] {scheduler_job.py:643} INFO - DAG(s) dict_keys(['tutorial']) retrieved from /home/airflow/.local/lib/python3.8/site-packages/airflow/example_dags/tutorial.py
[2021-02-22 18:17:46,817] {logging_mixin.py:104} INFO - [2021-02-22 18:17:46,817] {dag.py:1818} INFO - Sync 1 DAGs
[2021-02-22 18:17:46,837] {logging_mixin.py:104} INFO - [2021-02-22 18:17:46,837] {dag.py:2273} INFO - Setting next_dagrun for tutorial to 2021-02-20 00:00:00+00:00
[2021-02-22 18:17:46,894] {scheduler_job.py:190} INFO - Processing /home/airflow/.local/lib/python3.8/site-packages/airflow/example_dags/tutorial.py took 0.201 seconds
