[2021-03-08 12:14:36,562] {scheduler_job.py:182} INFO - Started process (PID=2505) to work on /Users/garymarmon/PycharmProjects/AWTY-Limitless/DataServerContainer/env/lib/python3.8/site-packages/airflow/example_dags/example_complex.py
[2021-03-08 12:14:36,563] {scheduler_job.py:629} INFO - Processing file /Users/garymarmon/PycharmProjects/AWTY-Limitless/DataServerContainer/env/lib/python3.8/site-packages/airflow/example_dags/example_complex.py for tasks to queue
[2021-03-08 12:14:36,563] {logging_mixin.py:104} INFO - [2021-03-08 12:14:36,563] {dagbag.py:448} INFO - Filling up the DagBag from /Users/garymarmon/PycharmProjects/AWTY-Limitless/DataServerContainer/env/lib/python3.8/site-packages/airflow/example_dags/example_complex.py
[2021-03-08 12:14:36,577] {scheduler_job.py:639} INFO - DAG(s) dict_keys(['example_complex']) retrieved from /Users/garymarmon/PycharmProjects/AWTY-Limitless/DataServerContainer/env/lib/python3.8/site-packages/airflow/example_dags/example_complex.py
[2021-03-08 12:14:36,618] {logging_mixin.py:104} INFO - [2021-03-08 12:14:36,618] {dag.py:1818} INFO - Sync 1 DAGs
[2021-03-08 12:14:36,625] {logging_mixin.py:104} INFO - [2021-03-08 12:14:36,625] {dag.py:2273} INFO - Setting next_dagrun for example_complex to None
[2021-03-08 12:14:36,635] {scheduler_job.py:190} INFO - Processing /Users/garymarmon/PycharmProjects/AWTY-Limitless/DataServerContainer/env/lib/python3.8/site-packages/airflow/example_dags/example_complex.py took 0.074 seconds
[2021-03-08 12:15:34,949] {scheduler_job.py:182} INFO - Started process (PID=2578) to work on /Users/garymarmon/PycharmProjects/AWTY-Limitless/DataServerContainer/env/lib/python3.8/site-packages/airflow/example_dags/example_complex.py
[2021-03-08 12:15:34,949] {scheduler_job.py:629} INFO - Processing file /Users/garymarmon/PycharmProjects/AWTY-Limitless/DataServerContainer/env/lib/python3.8/site-packages/airflow/example_dags/example_complex.py for tasks to queue
[2021-03-08 12:15:34,950] {logging_mixin.py:104} INFO - [2021-03-08 12:15:34,950] {dagbag.py:448} INFO - Filling up the DagBag from /Users/garymarmon/PycharmProjects/AWTY-Limitless/DataServerContainer/env/lib/python3.8/site-packages/airflow/example_dags/example_complex.py
[2021-03-08 12:15:34,964] {scheduler_job.py:639} INFO - DAG(s) dict_keys(['example_complex']) retrieved from /Users/garymarmon/PycharmProjects/AWTY-Limitless/DataServerContainer/env/lib/python3.8/site-packages/airflow/example_dags/example_complex.py
[2021-03-08 12:15:35,010] {logging_mixin.py:104} INFO - [2021-03-08 12:15:35,010] {dag.py:1818} INFO - Sync 1 DAGs
[2021-03-08 12:15:35,018] {logging_mixin.py:104} INFO - [2021-03-08 12:15:35,018] {dag.py:2273} INFO - Setting next_dagrun for example_complex to None
[2021-03-08 12:15:35,029] {scheduler_job.py:190} INFO - Processing /Users/garymarmon/PycharmProjects/AWTY-Limitless/DataServerContainer/env/lib/python3.8/site-packages/airflow/example_dags/example_complex.py took 0.081 seconds
[2021-03-08 12:16:35,262] {scheduler_job.py:182} INFO - Started process (PID=2650) to work on /Users/garymarmon/PycharmProjects/AWTY-Limitless/DataServerContainer/env/lib/python3.8/site-packages/airflow/example_dags/example_complex.py
[2021-03-08 12:16:35,263] {scheduler_job.py:629} INFO - Processing file /Users/garymarmon/PycharmProjects/AWTY-Limitless/DataServerContainer/env/lib/python3.8/site-packages/airflow/example_dags/example_complex.py for tasks to queue
[2021-03-08 12:16:35,263] {logging_mixin.py:104} INFO - [2021-03-08 12:16:35,263] {dagbag.py:448} INFO - Filling up the DagBag from /Users/garymarmon/PycharmProjects/AWTY-Limitless/DataServerContainer/env/lib/python3.8/site-packages/airflow/example_dags/example_complex.py
[2021-03-08 12:16:35,281] {scheduler_job.py:639} INFO - DAG(s) dict_keys(['example_complex']) retrieved from /Users/garymarmon/PycharmProjects/AWTY-Limitless/DataServerContainer/env/lib/python3.8/site-packages/airflow/example_dags/example_complex.py
[2021-03-08 12:16:35,325] {logging_mixin.py:104} INFO - [2021-03-08 12:16:35,325] {dag.py:1818} INFO - Sync 1 DAGs
[2021-03-08 12:16:35,334] {logging_mixin.py:104} INFO - [2021-03-08 12:16:35,334] {dag.py:2273} INFO - Setting next_dagrun for example_complex to None
[2021-03-08 12:16:35,345] {scheduler_job.py:190} INFO - Processing /Users/garymarmon/PycharmProjects/AWTY-Limitless/DataServerContainer/env/lib/python3.8/site-packages/airflow/example_dags/example_complex.py took 0.083 seconds
