[2021-03-08 12:10:38,129] {scheduler_job.py:182} INFO - Started process (PID=2271) to work on /Users/garymarmon/PycharmProjects/AWTY-Limitless/DataServerContainer/env/lib/python3.8/site-packages/airflow/example_dags/example_xcom.py
[2021-03-08 12:10:38,129] {scheduler_job.py:629} INFO - Processing file /Users/garymarmon/PycharmProjects/AWTY-Limitless/DataServerContainer/env/lib/python3.8/site-packages/airflow/example_dags/example_xcom.py for tasks to queue
[2021-03-08 12:10:38,130] {logging_mixin.py:104} INFO - [2021-03-08 12:10:38,130] {dagbag.py:448} INFO - Filling up the DagBag from /Users/garymarmon/PycharmProjects/AWTY-Limitless/DataServerContainer/env/lib/python3.8/site-packages/airflow/example_dags/example_xcom.py
[2021-03-08 12:10:38,138] {scheduler_job.py:639} INFO - DAG(s) dict_keys(['example_xcom']) retrieved from /Users/garymarmon/PycharmProjects/AWTY-Limitless/DataServerContainer/env/lib/python3.8/site-packages/airflow/example_dags/example_xcom.py
[2021-03-08 12:10:38,174] {logging_mixin.py:104} INFO - [2021-03-08 12:10:38,174] {dag.py:1818} INFO - Sync 1 DAGs
[2021-03-08 12:10:38,182] {logging_mixin.py:104} INFO - [2021-03-08 12:10:38,182] {dag.py:2273} INFO - Setting next_dagrun for example_xcom to 2021-03-06 00:00:00+00:00
[2021-03-08 12:10:38,188] {scheduler_job.py:190} INFO - Processing /Users/garymarmon/PycharmProjects/AWTY-Limitless/DataServerContainer/env/lib/python3.8/site-packages/airflow/example_dags/example_xcom.py took 0.060 seconds
[2021-03-08 12:14:22,764] {scheduler_job.py:182} INFO - Started process (PID=2487) to work on /Users/garymarmon/PycharmProjects/AWTY-Limitless/DataServerContainer/env/lib/python3.8/site-packages/airflow/example_dags/example_xcom.py
[2021-03-08 12:14:22,765] {scheduler_job.py:629} INFO - Processing file /Users/garymarmon/PycharmProjects/AWTY-Limitless/DataServerContainer/env/lib/python3.8/site-packages/airflow/example_dags/example_xcom.py for tasks to queue
[2021-03-08 12:14:22,765] {logging_mixin.py:104} INFO - [2021-03-08 12:14:22,765] {dagbag.py:448} INFO - Filling up the DagBag from /Users/garymarmon/PycharmProjects/AWTY-Limitless/DataServerContainer/env/lib/python3.8/site-packages/airflow/example_dags/example_xcom.py
[2021-03-08 12:14:22,776] {scheduler_job.py:639} INFO - DAG(s) dict_keys(['example_xcom']) retrieved from /Users/garymarmon/PycharmProjects/AWTY-Limitless/DataServerContainer/env/lib/python3.8/site-packages/airflow/example_dags/example_xcom.py
[2021-03-08 12:14:22,819] {logging_mixin.py:104} INFO - [2021-03-08 12:14:22,819] {dag.py:1818} INFO - Sync 1 DAGs
[2021-03-08 12:14:22,830] {logging_mixin.py:104} INFO - [2021-03-08 12:14:22,830] {dag.py:2273} INFO - Setting next_dagrun for example_xcom to 2021-03-06 00:00:00+00:00
[2021-03-08 12:14:22,840] {scheduler_job.py:190} INFO - Processing /Users/garymarmon/PycharmProjects/AWTY-Limitless/DataServerContainer/env/lib/python3.8/site-packages/airflow/example_dags/example_xcom.py took 0.076 seconds
[2021-03-08 12:15:22,136] {scheduler_job.py:182} INFO - Started process (PID=2561) to work on /Users/garymarmon/PycharmProjects/AWTY-Limitless/DataServerContainer/env/lib/python3.8/site-packages/airflow/example_dags/example_xcom.py
[2021-03-08 12:15:22,137] {scheduler_job.py:629} INFO - Processing file /Users/garymarmon/PycharmProjects/AWTY-Limitless/DataServerContainer/env/lib/python3.8/site-packages/airflow/example_dags/example_xcom.py for tasks to queue
[2021-03-08 12:15:22,137] {logging_mixin.py:104} INFO - [2021-03-08 12:15:22,137] {dagbag.py:448} INFO - Filling up the DagBag from /Users/garymarmon/PycharmProjects/AWTY-Limitless/DataServerContainer/env/lib/python3.8/site-packages/airflow/example_dags/example_xcom.py
[2021-03-08 12:15:22,145] {scheduler_job.py:639} INFO - DAG(s) dict_keys(['example_xcom']) retrieved from /Users/garymarmon/PycharmProjects/AWTY-Limitless/DataServerContainer/env/lib/python3.8/site-packages/airflow/example_dags/example_xcom.py
[2021-03-08 12:15:22,182] {logging_mixin.py:104} INFO - [2021-03-08 12:15:22,181] {dag.py:1818} INFO - Sync 1 DAGs
[2021-03-08 12:15:22,190] {logging_mixin.py:104} INFO - [2021-03-08 12:15:22,190] {dag.py:2273} INFO - Setting next_dagrun for example_xcom to 2021-03-06 00:00:00+00:00
[2021-03-08 12:15:22,196] {scheduler_job.py:190} INFO - Processing /Users/garymarmon/PycharmProjects/AWTY-Limitless/DataServerContainer/env/lib/python3.8/site-packages/airflow/example_dags/example_xcom.py took 0.061 seconds
[2021-03-08 12:16:22,370] {scheduler_job.py:182} INFO - Started process (PID=2634) to work on /Users/garymarmon/PycharmProjects/AWTY-Limitless/DataServerContainer/env/lib/python3.8/site-packages/airflow/example_dags/example_xcom.py
[2021-03-08 12:16:22,371] {scheduler_job.py:629} INFO - Processing file /Users/garymarmon/PycharmProjects/AWTY-Limitless/DataServerContainer/env/lib/python3.8/site-packages/airflow/example_dags/example_xcom.py for tasks to queue
[2021-03-08 12:16:22,371] {logging_mixin.py:104} INFO - [2021-03-08 12:16:22,371] {dagbag.py:448} INFO - Filling up the DagBag from /Users/garymarmon/PycharmProjects/AWTY-Limitless/DataServerContainer/env/lib/python3.8/site-packages/airflow/example_dags/example_xcom.py
[2021-03-08 12:16:22,379] {scheduler_job.py:639} INFO - DAG(s) dict_keys(['example_xcom']) retrieved from /Users/garymarmon/PycharmProjects/AWTY-Limitless/DataServerContainer/env/lib/python3.8/site-packages/airflow/example_dags/example_xcom.py
[2021-03-08 12:16:22,422] {logging_mixin.py:104} INFO - [2021-03-08 12:16:22,422] {dag.py:1818} INFO - Sync 1 DAGs
[2021-03-08 12:16:22,432] {logging_mixin.py:104} INFO - [2021-03-08 12:16:22,432] {dag.py:2273} INFO - Setting next_dagrun for example_xcom to 2021-03-06 00:00:00+00:00
[2021-03-08 12:16:22,439] {scheduler_job.py:190} INFO - Processing /Users/garymarmon/PycharmProjects/AWTY-Limitless/DataServerContainer/env/lib/python3.8/site-packages/airflow/example_dags/example_xcom.py took 0.069 seconds
[2021-03-08 12:17:24,331] {scheduler_job.py:182} INFO - Started process (PID=2713) to work on /Users/garymarmon/PycharmProjects/AWTY-Limitless/DataServerContainer/env/lib/python3.8/site-packages/airflow/example_dags/example_xcom.py
[2021-03-08 12:17:24,332] {scheduler_job.py:629} INFO - Processing file /Users/garymarmon/PycharmProjects/AWTY-Limitless/DataServerContainer/env/lib/python3.8/site-packages/airflow/example_dags/example_xcom.py for tasks to queue
[2021-03-08 12:17:24,332] {logging_mixin.py:104} INFO - [2021-03-08 12:17:24,332] {dagbag.py:448} INFO - Filling up the DagBag from /Users/garymarmon/PycharmProjects/AWTY-Limitless/DataServerContainer/env/lib/python3.8/site-packages/airflow/example_dags/example_xcom.py
[2021-03-08 12:17:24,341] {scheduler_job.py:639} INFO - DAG(s) dict_keys(['example_xcom']) retrieved from /Users/garymarmon/PycharmProjects/AWTY-Limitless/DataServerContainer/env/lib/python3.8/site-packages/airflow/example_dags/example_xcom.py
[2021-03-08 12:17:24,382] {logging_mixin.py:104} INFO - [2021-03-08 12:17:24,382] {dag.py:1818} INFO - Sync 1 DAGs
[2021-03-08 12:17:24,392] {logging_mixin.py:104} INFO - [2021-03-08 12:17:24,392] {dag.py:2273} INFO - Setting next_dagrun for example_xcom to 2021-03-06 00:00:00+00:00
[2021-03-08 12:17:24,399] {scheduler_job.py:190} INFO - Processing /Users/garymarmon/PycharmProjects/AWTY-Limitless/DataServerContainer/env/lib/python3.8/site-packages/airflow/example_dags/example_xcom.py took 0.068 seconds
[2021-03-08 12:18:54,213] {scheduler_job.py:182} INFO - Started process (PID=2829) to work on /Users/garymarmon/PycharmProjects/AWTY-Limitless/DataServerContainer/env/lib/python3.8/site-packages/airflow/example_dags/example_xcom.py
[2021-03-08 12:18:54,214] {scheduler_job.py:629} INFO - Processing file /Users/garymarmon/PycharmProjects/AWTY-Limitless/DataServerContainer/env/lib/python3.8/site-packages/airflow/example_dags/example_xcom.py for tasks to queue
[2021-03-08 12:18:54,214] {logging_mixin.py:104} INFO - [2021-03-08 12:18:54,214] {dagbag.py:448} INFO - Filling up the DagBag from /Users/garymarmon/PycharmProjects/AWTY-Limitless/DataServerContainer/env/lib/python3.8/site-packages/airflow/example_dags/example_xcom.py
[2021-03-08 12:18:54,225] {scheduler_job.py:639} INFO - DAG(s) dict_keys(['example_xcom']) retrieved from /Users/garymarmon/PycharmProjects/AWTY-Limitless/DataServerContainer/env/lib/python3.8/site-packages/airflow/example_dags/example_xcom.py
[2021-03-08 12:18:54,276] {logging_mixin.py:104} INFO - [2021-03-08 12:18:54,275] {dag.py:1818} INFO - Sync 1 DAGs
[2021-03-08 12:18:54,289] {logging_mixin.py:104} INFO - [2021-03-08 12:18:54,289] {dag.py:2273} INFO - Setting next_dagrun for example_xcom to 2021-03-06 00:00:00+00:00
[2021-03-08 12:18:54,297] {scheduler_job.py:190} INFO - Processing /Users/garymarmon/PycharmProjects/AWTY-Limitless/DataServerContainer/env/lib/python3.8/site-packages/airflow/example_dags/example_xcom.py took 0.085 seconds
[2021-03-08 12:20:30,353] {scheduler_job.py:182} INFO - Started process (PID=2941) to work on /Users/garymarmon/PycharmProjects/AWTY-Limitless/DataServerContainer/env/lib/python3.8/site-packages/airflow/example_dags/example_xcom.py
[2021-03-08 12:20:30,354] {scheduler_job.py:629} INFO - Processing file /Users/garymarmon/PycharmProjects/AWTY-Limitless/DataServerContainer/env/lib/python3.8/site-packages/airflow/example_dags/example_xcom.py for tasks to queue
[2021-03-08 12:20:30,354] {logging_mixin.py:104} INFO - [2021-03-08 12:20:30,354] {dagbag.py:448} INFO - Filling up the DagBag from /Users/garymarmon/PycharmProjects/AWTY-Limitless/DataServerContainer/env/lib/python3.8/site-packages/airflow/example_dags/example_xcom.py
[2021-03-08 12:20:30,363] {scheduler_job.py:639} INFO - DAG(s) dict_keys(['example_xcom']) retrieved from /Users/garymarmon/PycharmProjects/AWTY-Limitless/DataServerContainer/env/lib/python3.8/site-packages/airflow/example_dags/example_xcom.py
[2021-03-08 12:20:30,401] {logging_mixin.py:104} INFO - [2021-03-08 12:20:30,400] {dag.py:1818} INFO - Sync 1 DAGs
[2021-03-08 12:20:30,409] {logging_mixin.py:104} INFO - [2021-03-08 12:20:30,408] {dag.py:2273} INFO - Setting next_dagrun for example_xcom to 2021-03-06 00:00:00+00:00
[2021-03-08 12:20:30,414] {scheduler_job.py:190} INFO - Processing /Users/garymarmon/PycharmProjects/AWTY-Limitless/DataServerContainer/env/lib/python3.8/site-packages/airflow/example_dags/example_xcom.py took 0.062 seconds
[2021-03-08 12:21:39,593] {scheduler_job.py:182} INFO - Started process (PID=3032) to work on /Users/garymarmon/PycharmProjects/AWTY-Limitless/DataServerContainer/env/lib/python3.8/site-packages/airflow/example_dags/example_xcom.py
[2021-03-08 12:21:39,594] {scheduler_job.py:629} INFO - Processing file /Users/garymarmon/PycharmProjects/AWTY-Limitless/DataServerContainer/env/lib/python3.8/site-packages/airflow/example_dags/example_xcom.py for tasks to queue
[2021-03-08 12:21:39,595] {logging_mixin.py:104} INFO - [2021-03-08 12:21:39,594] {dagbag.py:448} INFO - Filling up the DagBag from /Users/garymarmon/PycharmProjects/AWTY-Limitless/DataServerContainer/env/lib/python3.8/site-packages/airflow/example_dags/example_xcom.py
[2021-03-08 12:21:39,602] {scheduler_job.py:639} INFO - DAG(s) dict_keys(['example_xcom']) retrieved from /Users/garymarmon/PycharmProjects/AWTY-Limitless/DataServerContainer/env/lib/python3.8/site-packages/airflow/example_dags/example_xcom.py
[2021-03-08 12:21:39,639] {logging_mixin.py:104} INFO - [2021-03-08 12:21:39,639] {dag.py:1818} INFO - Sync 1 DAGs
[2021-03-08 12:21:39,648] {logging_mixin.py:104} INFO - [2021-03-08 12:21:39,648] {dag.py:2273} INFO - Setting next_dagrun for example_xcom to 2021-03-06 00:00:00+00:00
[2021-03-08 12:21:39,654] {scheduler_job.py:190} INFO - Processing /Users/garymarmon/PycharmProjects/AWTY-Limitless/DataServerContainer/env/lib/python3.8/site-packages/airflow/example_dags/example_xcom.py took 0.061 seconds
[2021-03-08 12:22:48,497] {scheduler_job.py:182} INFO - Started process (PID=3121) to work on /Users/garymarmon/PycharmProjects/AWTY-Limitless/DataServerContainer/env/lib/python3.8/site-packages/airflow/example_dags/example_xcom.py
[2021-03-08 12:22:48,498] {scheduler_job.py:629} INFO - Processing file /Users/garymarmon/PycharmProjects/AWTY-Limitless/DataServerContainer/env/lib/python3.8/site-packages/airflow/example_dags/example_xcom.py for tasks to queue
[2021-03-08 12:22:48,498] {logging_mixin.py:104} INFO - [2021-03-08 12:22:48,498] {dagbag.py:448} INFO - Filling up the DagBag from /Users/garymarmon/PycharmProjects/AWTY-Limitless/DataServerContainer/env/lib/python3.8/site-packages/airflow/example_dags/example_xcom.py
[2021-03-08 12:22:48,506] {scheduler_job.py:639} INFO - DAG(s) dict_keys(['example_xcom']) retrieved from /Users/garymarmon/PycharmProjects/AWTY-Limitless/DataServerContainer/env/lib/python3.8/site-packages/airflow/example_dags/example_xcom.py
[2021-03-08 12:22:48,545] {logging_mixin.py:104} INFO - [2021-03-08 12:22:48,545] {dag.py:1818} INFO - Sync 1 DAGs
[2021-03-08 12:22:48,556] {logging_mixin.py:104} INFO - [2021-03-08 12:22:48,556] {dag.py:2273} INFO - Setting next_dagrun for example_xcom to 2021-03-06 00:00:00+00:00
[2021-03-08 12:22:48,563] {scheduler_job.py:190} INFO - Processing /Users/garymarmon/PycharmProjects/AWTY-Limitless/DataServerContainer/env/lib/python3.8/site-packages/airflow/example_dags/example_xcom.py took 0.067 seconds
[2021-03-08 12:23:48,401] {scheduler_job.py:182} INFO - Started process (PID=3190) to work on /Users/garymarmon/PycharmProjects/AWTY-Limitless/DataServerContainer/env/lib/python3.8/site-packages/airflow/example_dags/example_xcom.py
[2021-03-08 12:23:48,402] {scheduler_job.py:629} INFO - Processing file /Users/garymarmon/PycharmProjects/AWTY-Limitless/DataServerContainer/env/lib/python3.8/site-packages/airflow/example_dags/example_xcom.py for tasks to queue
[2021-03-08 12:23:48,403] {logging_mixin.py:104} INFO - [2021-03-08 12:23:48,403] {dagbag.py:448} INFO - Filling up the DagBag from /Users/garymarmon/PycharmProjects/AWTY-Limitless/DataServerContainer/env/lib/python3.8/site-packages/airflow/example_dags/example_xcom.py
[2021-03-08 12:23:48,412] {scheduler_job.py:639} INFO - DAG(s) dict_keys(['example_xcom']) retrieved from /Users/garymarmon/PycharmProjects/AWTY-Limitless/DataServerContainer/env/lib/python3.8/site-packages/airflow/example_dags/example_xcom.py
[2021-03-08 12:23:48,455] {logging_mixin.py:104} INFO - [2021-03-08 12:23:48,455] {dag.py:1818} INFO - Sync 1 DAGs
[2021-03-08 12:23:48,464] {logging_mixin.py:104} INFO - [2021-03-08 12:23:48,464] {dag.py:2273} INFO - Setting next_dagrun for example_xcom to 2021-03-06 00:00:00+00:00
[2021-03-08 12:23:48,471] {scheduler_job.py:190} INFO - Processing /Users/garymarmon/PycharmProjects/AWTY-Limitless/DataServerContainer/env/lib/python3.8/site-packages/airflow/example_dags/example_xcom.py took 0.071 seconds
[2021-03-08 12:24:48,440] {scheduler_job.py:182} INFO - Started process (PID=3263) to work on /Users/garymarmon/PycharmProjects/AWTY-Limitless/DataServerContainer/env/lib/python3.8/site-packages/airflow/example_dags/example_xcom.py
[2021-03-08 12:24:48,441] {scheduler_job.py:629} INFO - Processing file /Users/garymarmon/PycharmProjects/AWTY-Limitless/DataServerContainer/env/lib/python3.8/site-packages/airflow/example_dags/example_xcom.py for tasks to queue
[2021-03-08 12:24:48,441] {logging_mixin.py:104} INFO - [2021-03-08 12:24:48,441] {dagbag.py:448} INFO - Filling up the DagBag from /Users/garymarmon/PycharmProjects/AWTY-Limitless/DataServerContainer/env/lib/python3.8/site-packages/airflow/example_dags/example_xcom.py
[2021-03-08 12:24:48,450] {scheduler_job.py:639} INFO - DAG(s) dict_keys(['example_xcom']) retrieved from /Users/garymarmon/PycharmProjects/AWTY-Limitless/DataServerContainer/env/lib/python3.8/site-packages/airflow/example_dags/example_xcom.py
[2021-03-08 12:24:48,489] {logging_mixin.py:104} INFO - [2021-03-08 12:24:48,489] {dag.py:1818} INFO - Sync 1 DAGs
[2021-03-08 12:24:48,498] {logging_mixin.py:104} INFO - [2021-03-08 12:24:48,498] {dag.py:2273} INFO - Setting next_dagrun for example_xcom to 2021-03-06 00:00:00+00:00
[2021-03-08 12:24:48,505] {scheduler_job.py:190} INFO - Processing /Users/garymarmon/PycharmProjects/AWTY-Limitless/DataServerContainer/env/lib/python3.8/site-packages/airflow/example_dags/example_xcom.py took 0.066 seconds
[2021-03-08 12:26:32,502] {scheduler_job.py:182} INFO - Started process (PID=3563) to work on /Users/garymarmon/PycharmProjects/AWTY-Limitless/DataServerContainer/env/lib/python3.8/site-packages/airflow/example_dags/example_xcom.py
[2021-03-08 12:26:32,503] {scheduler_job.py:629} INFO - Processing file /Users/garymarmon/PycharmProjects/AWTY-Limitless/DataServerContainer/env/lib/python3.8/site-packages/airflow/example_dags/example_xcom.py for tasks to queue
[2021-03-08 12:26:32,503] {logging_mixin.py:104} INFO - [2021-03-08 12:26:32,503] {dagbag.py:448} INFO - Filling up the DagBag from /Users/garymarmon/PycharmProjects/AWTY-Limitless/DataServerContainer/env/lib/python3.8/site-packages/airflow/example_dags/example_xcom.py
[2021-03-08 12:26:32,515] {scheduler_job.py:639} INFO - DAG(s) dict_keys(['example_xcom']) retrieved from /Users/garymarmon/PycharmProjects/AWTY-Limitless/DataServerContainer/env/lib/python3.8/site-packages/airflow/example_dags/example_xcom.py
[2021-03-08 12:26:32,574] {logging_mixin.py:104} INFO - [2021-03-08 12:26:32,573] {dag.py:1818} INFO - Sync 1 DAGs
[2021-03-08 12:26:32,591] {logging_mixin.py:104} INFO - [2021-03-08 12:26:32,591] {dag.py:2273} INFO - Setting next_dagrun for example_xcom to 2021-03-06 00:00:00+00:00
[2021-03-08 12:26:32,601] {scheduler_job.py:190} INFO - Processing /Users/garymarmon/PycharmProjects/AWTY-Limitless/DataServerContainer/env/lib/python3.8/site-packages/airflow/example_dags/example_xcom.py took 0.101 seconds
[2021-03-08 12:27:38,244] {scheduler_job.py:182} INFO - Started process (PID=3652) to work on /Users/garymarmon/PycharmProjects/AWTY-Limitless/DataServerContainer/env/lib/python3.8/site-packages/airflow/example_dags/example_xcom.py
[2021-03-08 12:27:38,245] {scheduler_job.py:629} INFO - Processing file /Users/garymarmon/PycharmProjects/AWTY-Limitless/DataServerContainer/env/lib/python3.8/site-packages/airflow/example_dags/example_xcom.py for tasks to queue
[2021-03-08 12:27:38,245] {logging_mixin.py:104} INFO - [2021-03-08 12:27:38,245] {dagbag.py:448} INFO - Filling up the DagBag from /Users/garymarmon/PycharmProjects/AWTY-Limitless/DataServerContainer/env/lib/python3.8/site-packages/airflow/example_dags/example_xcom.py
[2021-03-08 12:27:38,254] {scheduler_job.py:639} INFO - DAG(s) dict_keys(['example_xcom']) retrieved from /Users/garymarmon/PycharmProjects/AWTY-Limitless/DataServerContainer/env/lib/python3.8/site-packages/airflow/example_dags/example_xcom.py
[2021-03-08 12:27:38,290] {logging_mixin.py:104} INFO - [2021-03-08 12:27:38,290] {dag.py:1818} INFO - Sync 1 DAGs
[2021-03-08 12:27:38,298] {logging_mixin.py:104} INFO - [2021-03-08 12:27:38,298] {dag.py:2273} INFO - Setting next_dagrun for example_xcom to 2021-03-06 00:00:00+00:00
[2021-03-08 12:27:38,305] {scheduler_job.py:190} INFO - Processing /Users/garymarmon/PycharmProjects/AWTY-Limitless/DataServerContainer/env/lib/python3.8/site-packages/airflow/example_dags/example_xcom.py took 0.062 seconds
[2021-03-08 12:28:36,539] {scheduler_job.py:182} INFO - Started process (PID=3730) to work on /Users/garymarmon/PycharmProjects/AWTY-Limitless/DataServerContainer/env/lib/python3.8/site-packages/airflow/example_dags/example_xcom.py
[2021-03-08 12:28:36,539] {scheduler_job.py:629} INFO - Processing file /Users/garymarmon/PycharmProjects/AWTY-Limitless/DataServerContainer/env/lib/python3.8/site-packages/airflow/example_dags/example_xcom.py for tasks to queue
[2021-03-08 12:28:36,541] {logging_mixin.py:104} INFO - [2021-03-08 12:28:36,541] {dagbag.py:448} INFO - Filling up the DagBag from /Users/garymarmon/PycharmProjects/AWTY-Limitless/DataServerContainer/env/lib/python3.8/site-packages/airflow/example_dags/example_xcom.py
[2021-03-08 12:28:36,548] {scheduler_job.py:639} INFO - DAG(s) dict_keys(['example_xcom']) retrieved from /Users/garymarmon/PycharmProjects/AWTY-Limitless/DataServerContainer/env/lib/python3.8/site-packages/airflow/example_dags/example_xcom.py
[2021-03-08 12:28:36,580] {logging_mixin.py:104} INFO - [2021-03-08 12:28:36,580] {dag.py:1818} INFO - Sync 1 DAGs
[2021-03-08 12:28:36,589] {logging_mixin.py:104} INFO - [2021-03-08 12:28:36,589] {dag.py:2273} INFO - Setting next_dagrun for example_xcom to 2021-03-06 00:00:00+00:00
[2021-03-08 12:28:36,595] {scheduler_job.py:190} INFO - Processing /Users/garymarmon/PycharmProjects/AWTY-Limitless/DataServerContainer/env/lib/python3.8/site-packages/airflow/example_dags/example_xcom.py took 0.056 seconds
[2021-03-08 12:29:35,096] {scheduler_job.py:182} INFO - Started process (PID=3800) to work on /Users/garymarmon/PycharmProjects/AWTY-Limitless/DataServerContainer/env/lib/python3.8/site-packages/airflow/example_dags/example_xcom.py
[2021-03-08 12:29:35,096] {scheduler_job.py:629} INFO - Processing file /Users/garymarmon/PycharmProjects/AWTY-Limitless/DataServerContainer/env/lib/python3.8/site-packages/airflow/example_dags/example_xcom.py for tasks to queue
[2021-03-08 12:29:35,097] {logging_mixin.py:104} INFO - [2021-03-08 12:29:35,097] {dagbag.py:448} INFO - Filling up the DagBag from /Users/garymarmon/PycharmProjects/AWTY-Limitless/DataServerContainer/env/lib/python3.8/site-packages/airflow/example_dags/example_xcom.py
[2021-03-08 12:29:35,103] {scheduler_job.py:639} INFO - DAG(s) dict_keys(['example_xcom']) retrieved from /Users/garymarmon/PycharmProjects/AWTY-Limitless/DataServerContainer/env/lib/python3.8/site-packages/airflow/example_dags/example_xcom.py
[2021-03-08 12:29:35,133] {logging_mixin.py:104} INFO - [2021-03-08 12:29:35,133] {dag.py:1818} INFO - Sync 1 DAGs
[2021-03-08 12:29:35,140] {logging_mixin.py:104} INFO - [2021-03-08 12:29:35,140] {dag.py:2273} INFO - Setting next_dagrun for example_xcom to 2021-03-06 00:00:00+00:00
[2021-03-08 12:29:35,146] {scheduler_job.py:190} INFO - Processing /Users/garymarmon/PycharmProjects/AWTY-Limitless/DataServerContainer/env/lib/python3.8/site-packages/airflow/example_dags/example_xcom.py took 0.050 seconds
[2021-03-08 12:30:41,597] {scheduler_job.py:182} INFO - Started process (PID=3870) to work on /Users/garymarmon/PycharmProjects/AWTY-Limitless/DataServerContainer/env/lib/python3.8/site-packages/airflow/example_dags/example_xcom.py
[2021-03-08 12:30:41,598] {scheduler_job.py:629} INFO - Processing file /Users/garymarmon/PycharmProjects/AWTY-Limitless/DataServerContainer/env/lib/python3.8/site-packages/airflow/example_dags/example_xcom.py for tasks to queue
[2021-03-08 12:30:41,598] {logging_mixin.py:104} INFO - [2021-03-08 12:30:41,598] {dagbag.py:448} INFO - Filling up the DagBag from /Users/garymarmon/PycharmProjects/AWTY-Limitless/DataServerContainer/env/lib/python3.8/site-packages/airflow/example_dags/example_xcom.py
[2021-03-08 12:30:41,609] {scheduler_job.py:639} INFO - DAG(s) dict_keys(['example_xcom']) retrieved from /Users/garymarmon/PycharmProjects/AWTY-Limitless/DataServerContainer/env/lib/python3.8/site-packages/airflow/example_dags/example_xcom.py
[2021-03-08 12:30:41,666] {logging_mixin.py:104} INFO - [2021-03-08 12:30:41,665] {dag.py:1818} INFO - Sync 1 DAGs
[2021-03-08 12:30:41,679] {logging_mixin.py:104} INFO - [2021-03-08 12:30:41,679] {dag.py:2273} INFO - Setting next_dagrun for example_xcom to 2021-03-06 00:00:00+00:00
[2021-03-08 12:30:41,688] {scheduler_job.py:190} INFO - Processing /Users/garymarmon/PycharmProjects/AWTY-Limitless/DataServerContainer/env/lib/python3.8/site-packages/airflow/example_dags/example_xcom.py took 0.093 seconds
[2021-03-08 12:31:59,078] {scheduler_job.py:182} INFO - Started process (PID=3958) to work on /Users/garymarmon/PycharmProjects/AWTY-Limitless/DataServerContainer/env/lib/python3.8/site-packages/airflow/example_dags/example_xcom.py
[2021-03-08 12:31:59,078] {scheduler_job.py:629} INFO - Processing file /Users/garymarmon/PycharmProjects/AWTY-Limitless/DataServerContainer/env/lib/python3.8/site-packages/airflow/example_dags/example_xcom.py for tasks to queue
[2021-03-08 12:31:59,079] {logging_mixin.py:104} INFO - [2021-03-08 12:31:59,079] {dagbag.py:448} INFO - Filling up the DagBag from /Users/garymarmon/PycharmProjects/AWTY-Limitless/DataServerContainer/env/lib/python3.8/site-packages/airflow/example_dags/example_xcom.py
[2021-03-08 12:31:59,086] {scheduler_job.py:639} INFO - DAG(s) dict_keys(['example_xcom']) retrieved from /Users/garymarmon/PycharmProjects/AWTY-Limitless/DataServerContainer/env/lib/python3.8/site-packages/airflow/example_dags/example_xcom.py
[2021-03-08 12:31:59,118] {logging_mixin.py:104} INFO - [2021-03-08 12:31:59,117] {dag.py:1818} INFO - Sync 1 DAGs
[2021-03-08 12:31:59,125] {logging_mixin.py:104} INFO - [2021-03-08 12:31:59,125] {dag.py:2273} INFO - Setting next_dagrun for example_xcom to 2021-03-06 00:00:00+00:00
[2021-03-08 12:31:59,131] {scheduler_job.py:190} INFO - Processing /Users/garymarmon/PycharmProjects/AWTY-Limitless/DataServerContainer/env/lib/python3.8/site-packages/airflow/example_dags/example_xcom.py took 0.054 seconds
[2021-03-08 12:33:07,476] {scheduler_job.py:182} INFO - Started process (PID=4039) to work on /Users/garymarmon/PycharmProjects/AWTY-Limitless/DataServerContainer/env/lib/python3.8/site-packages/airflow/example_dags/example_xcom.py
[2021-03-08 12:33:07,477] {scheduler_job.py:629} INFO - Processing file /Users/garymarmon/PycharmProjects/AWTY-Limitless/DataServerContainer/env/lib/python3.8/site-packages/airflow/example_dags/example_xcom.py for tasks to queue
[2021-03-08 12:33:07,477] {logging_mixin.py:104} INFO - [2021-03-08 12:33:07,477] {dagbag.py:448} INFO - Filling up the DagBag from /Users/garymarmon/PycharmProjects/AWTY-Limitless/DataServerContainer/env/lib/python3.8/site-packages/airflow/example_dags/example_xcom.py
[2021-03-08 12:33:07,486] {scheduler_job.py:639} INFO - DAG(s) dict_keys(['example_xcom']) retrieved from /Users/garymarmon/PycharmProjects/AWTY-Limitless/DataServerContainer/env/lib/python3.8/site-packages/airflow/example_dags/example_xcom.py
[2021-03-08 12:33:07,519] {logging_mixin.py:104} INFO - [2021-03-08 12:33:07,519] {dag.py:1818} INFO - Sync 1 DAGs
[2021-03-08 12:33:07,527] {logging_mixin.py:104} INFO - [2021-03-08 12:33:07,527] {dag.py:2273} INFO - Setting next_dagrun for example_xcom to 2021-03-06 00:00:00+00:00
[2021-03-08 12:33:07,533] {scheduler_job.py:190} INFO - Processing /Users/garymarmon/PycharmProjects/AWTY-Limitless/DataServerContainer/env/lib/python3.8/site-packages/airflow/example_dags/example_xcom.py took 0.058 seconds
[2021-03-08 12:34:10,745] {scheduler_job.py:182} INFO - Started process (PID=4111) to work on /Users/garymarmon/PycharmProjects/AWTY-Limitless/DataServerContainer/env/lib/python3.8/site-packages/airflow/example_dags/example_xcom.py
[2021-03-08 12:34:10,746] {scheduler_job.py:629} INFO - Processing file /Users/garymarmon/PycharmProjects/AWTY-Limitless/DataServerContainer/env/lib/python3.8/site-packages/airflow/example_dags/example_xcom.py for tasks to queue
[2021-03-08 12:34:10,748] {logging_mixin.py:104} INFO - [2021-03-08 12:34:10,748] {dagbag.py:448} INFO - Filling up the DagBag from /Users/garymarmon/PycharmProjects/AWTY-Limitless/DataServerContainer/env/lib/python3.8/site-packages/airflow/example_dags/example_xcom.py
[2021-03-08 12:34:10,762] {scheduler_job.py:639} INFO - DAG(s) dict_keys(['example_xcom']) retrieved from /Users/garymarmon/PycharmProjects/AWTY-Limitless/DataServerContainer/env/lib/python3.8/site-packages/airflow/example_dags/example_xcom.py
[2021-03-08 12:34:10,832] {logging_mixin.py:104} INFO - [2021-03-08 12:34:10,831] {dag.py:1818} INFO - Sync 1 DAGs
[2021-03-08 12:34:10,849] {logging_mixin.py:104} INFO - [2021-03-08 12:34:10,849] {dag.py:2273} INFO - Setting next_dagrun for example_xcom to 2021-03-06 00:00:00+00:00
[2021-03-08 12:34:10,863] {scheduler_job.py:190} INFO - Processing /Users/garymarmon/PycharmProjects/AWTY-Limitless/DataServerContainer/env/lib/python3.8/site-packages/airflow/example_dags/example_xcom.py took 0.119 seconds
[2021-03-08 12:35:23,086] {scheduler_job.py:182} INFO - Started process (PID=4193) to work on /Users/garymarmon/PycharmProjects/AWTY-Limitless/DataServerContainer/env/lib/python3.8/site-packages/airflow/example_dags/example_xcom.py
[2021-03-08 12:35:23,087] {scheduler_job.py:629} INFO - Processing file /Users/garymarmon/PycharmProjects/AWTY-Limitless/DataServerContainer/env/lib/python3.8/site-packages/airflow/example_dags/example_xcom.py for tasks to queue
[2021-03-08 12:35:23,088] {logging_mixin.py:104} INFO - [2021-03-08 12:35:23,088] {dagbag.py:448} INFO - Filling up the DagBag from /Users/garymarmon/PycharmProjects/AWTY-Limitless/DataServerContainer/env/lib/python3.8/site-packages/airflow/example_dags/example_xcom.py
[2021-03-08 12:35:23,101] {scheduler_job.py:639} INFO - DAG(s) dict_keys(['example_xcom']) retrieved from /Users/garymarmon/PycharmProjects/AWTY-Limitless/DataServerContainer/env/lib/python3.8/site-packages/airflow/example_dags/example_xcom.py
[2021-03-08 12:35:23,169] {logging_mixin.py:104} INFO - [2021-03-08 12:35:23,169] {dag.py:1818} INFO - Sync 1 DAGs
[2021-03-08 12:35:23,184] {logging_mixin.py:104} INFO - [2021-03-08 12:35:23,184] {dag.py:2273} INFO - Setting next_dagrun for example_xcom to 2021-03-06 00:00:00+00:00
[2021-03-08 12:35:23,198] {scheduler_job.py:190} INFO - Processing /Users/garymarmon/PycharmProjects/AWTY-Limitless/DataServerContainer/env/lib/python3.8/site-packages/airflow/example_dags/example_xcom.py took 0.113 seconds
[2021-03-08 12:36:29,978] {scheduler_job.py:182} INFO - Started process (PID=4276) to work on /Users/garymarmon/PycharmProjects/AWTY-Limitless/DataServerContainer/env/lib/python3.8/site-packages/airflow/example_dags/example_xcom.py
[2021-03-08 12:36:29,978] {scheduler_job.py:629} INFO - Processing file /Users/garymarmon/PycharmProjects/AWTY-Limitless/DataServerContainer/env/lib/python3.8/site-packages/airflow/example_dags/example_xcom.py for tasks to queue
[2021-03-08 12:36:29,979] {logging_mixin.py:104} INFO - [2021-03-08 12:36:29,978] {dagbag.py:448} INFO - Filling up the DagBag from /Users/garymarmon/PycharmProjects/AWTY-Limitless/DataServerContainer/env/lib/python3.8/site-packages/airflow/example_dags/example_xcom.py
[2021-03-08 12:36:29,986] {scheduler_job.py:639} INFO - DAG(s) dict_keys(['example_xcom']) retrieved from /Users/garymarmon/PycharmProjects/AWTY-Limitless/DataServerContainer/env/lib/python3.8/site-packages/airflow/example_dags/example_xcom.py
[2021-03-08 12:36:30,019] {logging_mixin.py:104} INFO - [2021-03-08 12:36:30,019] {dag.py:1818} INFO - Sync 1 DAGs
[2021-03-08 12:36:30,026] {logging_mixin.py:104} INFO - [2021-03-08 12:36:30,026] {dag.py:2273} INFO - Setting next_dagrun for example_xcom to 2021-03-06 00:00:00+00:00
[2021-03-08 12:36:30,031] {scheduler_job.py:190} INFO - Processing /Users/garymarmon/PycharmProjects/AWTY-Limitless/DataServerContainer/env/lib/python3.8/site-packages/airflow/example_dags/example_xcom.py took 0.055 seconds
