[2021-03-08 12:13:53,864] {scheduler_job.py:182} INFO - Started process (PID=2450) to work on /Users/garymarmon/PycharmProjects/AWTY-Limitless/DataServerContainer/env/lib/python3.8/site-packages/airflow/example_dags/example_bash_operator.py
[2021-03-08 12:13:53,865] {scheduler_job.py:629} INFO - Processing file /Users/garymarmon/PycharmProjects/AWTY-Limitless/DataServerContainer/env/lib/python3.8/site-packages/airflow/example_dags/example_bash_operator.py for tasks to queue
[2021-03-08 12:13:53,866] {logging_mixin.py:104} INFO - [2021-03-08 12:13:53,866] {dagbag.py:448} INFO - Filling up the DagBag from /Users/garymarmon/PycharmProjects/AWTY-Limitless/DataServerContainer/env/lib/python3.8/site-packages/airflow/example_dags/example_bash_operator.py
[2021-03-08 12:13:53,882] {scheduler_job.py:639} INFO - DAG(s) dict_keys(['example_bash_operator']) retrieved from /Users/garymarmon/PycharmProjects/AWTY-Limitless/DataServerContainer/env/lib/python3.8/site-packages/airflow/example_dags/example_bash_operator.py
[2021-03-08 12:13:53,965] {logging_mixin.py:104} INFO - [2021-03-08 12:13:53,965] {dag.py:1818} INFO - Sync 1 DAGs
[2021-03-08 12:13:53,999] {logging_mixin.py:104} INFO - [2021-03-08 12:13:53,998] {dag.py:2273} INFO - Setting next_dagrun for example_bash_operator to 2021-03-06 00:00:00+00:00
[2021-03-08 12:13:54,011] {scheduler_job.py:190} INFO - Processing /Users/garymarmon/PycharmProjects/AWTY-Limitless/DataServerContainer/env/lib/python3.8/site-packages/airflow/example_dags/example_bash_operator.py took 0.149 seconds
[2021-03-08 12:14:57,583] {scheduler_job.py:182} INFO - Started process (PID=2531) to work on /Users/garymarmon/PycharmProjects/AWTY-Limitless/DataServerContainer/env/lib/python3.8/site-packages/airflow/example_dags/example_bash_operator.py
[2021-03-08 12:14:57,584] {scheduler_job.py:629} INFO - Processing file /Users/garymarmon/PycharmProjects/AWTY-Limitless/DataServerContainer/env/lib/python3.8/site-packages/airflow/example_dags/example_bash_operator.py for tasks to queue
[2021-03-08 12:14:57,584] {logging_mixin.py:104} INFO - [2021-03-08 12:14:57,584] {dagbag.py:448} INFO - Filling up the DagBag from /Users/garymarmon/PycharmProjects/AWTY-Limitless/DataServerContainer/env/lib/python3.8/site-packages/airflow/example_dags/example_bash_operator.py
[2021-03-08 12:14:57,593] {scheduler_job.py:639} INFO - DAG(s) dict_keys(['example_bash_operator']) retrieved from /Users/garymarmon/PycharmProjects/AWTY-Limitless/DataServerContainer/env/lib/python3.8/site-packages/airflow/example_dags/example_bash_operator.py
[2021-03-08 12:14:57,631] {logging_mixin.py:104} INFO - [2021-03-08 12:14:57,631] {dag.py:1818} INFO - Sync 1 DAGs
[2021-03-08 12:14:57,648] {logging_mixin.py:104} INFO - [2021-03-08 12:14:57,648] {dag.py:2273} INFO - Setting next_dagrun for example_bash_operator to 2021-03-06 00:00:00+00:00
[2021-03-08 12:14:57,655] {scheduler_job.py:190} INFO - Processing /Users/garymarmon/PycharmProjects/AWTY-Limitless/DataServerContainer/env/lib/python3.8/site-packages/airflow/example_dags/example_bash_operator.py took 0.072 seconds
[2021-03-08 12:15:57,610] {scheduler_job.py:182} INFO - Started process (PID=2602) to work on /Users/garymarmon/PycharmProjects/AWTY-Limitless/DataServerContainer/env/lib/python3.8/site-packages/airflow/example_dags/example_bash_operator.py
[2021-03-08 12:15:57,611] {scheduler_job.py:629} INFO - Processing file /Users/garymarmon/PycharmProjects/AWTY-Limitless/DataServerContainer/env/lib/python3.8/site-packages/airflow/example_dags/example_bash_operator.py for tasks to queue
[2021-03-08 12:15:57,611] {logging_mixin.py:104} INFO - [2021-03-08 12:15:57,611] {dagbag.py:448} INFO - Filling up the DagBag from /Users/garymarmon/PycharmProjects/AWTY-Limitless/DataServerContainer/env/lib/python3.8/site-packages/airflow/example_dags/example_bash_operator.py
[2021-03-08 12:15:57,620] {scheduler_job.py:639} INFO - DAG(s) dict_keys(['example_bash_operator']) retrieved from /Users/garymarmon/PycharmProjects/AWTY-Limitless/DataServerContainer/env/lib/python3.8/site-packages/airflow/example_dags/example_bash_operator.py
[2021-03-08 12:15:57,657] {logging_mixin.py:104} INFO - [2021-03-08 12:15:57,657] {dag.py:1818} INFO - Sync 1 DAGs
[2021-03-08 12:15:57,671] {logging_mixin.py:104} INFO - [2021-03-08 12:15:57,670] {dag.py:2273} INFO - Setting next_dagrun for example_bash_operator to 2021-03-06 00:00:00+00:00
[2021-03-08 12:15:57,677] {scheduler_job.py:190} INFO - Processing /Users/garymarmon/PycharmProjects/AWTY-Limitless/DataServerContainer/env/lib/python3.8/site-packages/airflow/example_dags/example_bash_operator.py took 0.067 seconds
[2021-03-08 12:16:58,005] {scheduler_job.py:182} INFO - Started process (PID=2675) to work on /Users/garymarmon/PycharmProjects/AWTY-Limitless/DataServerContainer/env/lib/python3.8/site-packages/airflow/example_dags/example_bash_operator.py
[2021-03-08 12:16:58,006] {scheduler_job.py:629} INFO - Processing file /Users/garymarmon/PycharmProjects/AWTY-Limitless/DataServerContainer/env/lib/python3.8/site-packages/airflow/example_dags/example_bash_operator.py for tasks to queue
[2021-03-08 12:16:58,006] {logging_mixin.py:104} INFO - [2021-03-08 12:16:58,006] {dagbag.py:448} INFO - Filling up the DagBag from /Users/garymarmon/PycharmProjects/AWTY-Limitless/DataServerContainer/env/lib/python3.8/site-packages/airflow/example_dags/example_bash_operator.py
[2021-03-08 12:16:58,016] {scheduler_job.py:639} INFO - DAG(s) dict_keys(['example_bash_operator']) retrieved from /Users/garymarmon/PycharmProjects/AWTY-Limitless/DataServerContainer/env/lib/python3.8/site-packages/airflow/example_dags/example_bash_operator.py
[2021-03-08 12:16:58,051] {logging_mixin.py:104} INFO - [2021-03-08 12:16:58,050] {dag.py:1818} INFO - Sync 1 DAGs
[2021-03-08 12:16:58,064] {logging_mixin.py:104} INFO - [2021-03-08 12:16:58,064] {dag.py:2273} INFO - Setting next_dagrun for example_bash_operator to 2021-03-06 00:00:00+00:00
[2021-03-08 12:16:58,070] {scheduler_job.py:190} INFO - Processing /Users/garymarmon/PycharmProjects/AWTY-Limitless/DataServerContainer/env/lib/python3.8/site-packages/airflow/example_dags/example_bash_operator.py took 0.066 seconds
[2021-03-08 12:18:11,181] {scheduler_job.py:182} INFO - Started process (PID=2778) to work on /Users/garymarmon/PycharmProjects/AWTY-Limitless/DataServerContainer/env/lib/python3.8/site-packages/airflow/example_dags/example_bash_operator.py
[2021-03-08 12:18:11,181] {scheduler_job.py:629} INFO - Processing file /Users/garymarmon/PycharmProjects/AWTY-Limitless/DataServerContainer/env/lib/python3.8/site-packages/airflow/example_dags/example_bash_operator.py for tasks to queue
[2021-03-08 12:18:11,182] {logging_mixin.py:104} INFO - [2021-03-08 12:18:11,182] {dagbag.py:448} INFO - Filling up the DagBag from /Users/garymarmon/PycharmProjects/AWTY-Limitless/DataServerContainer/env/lib/python3.8/site-packages/airflow/example_dags/example_bash_operator.py
[2021-03-08 12:18:11,192] {scheduler_job.py:639} INFO - DAG(s) dict_keys(['example_bash_operator']) retrieved from /Users/garymarmon/PycharmProjects/AWTY-Limitless/DataServerContainer/env/lib/python3.8/site-packages/airflow/example_dags/example_bash_operator.py
[2021-03-08 12:18:11,233] {logging_mixin.py:104} INFO - [2021-03-08 12:18:11,233] {dag.py:1818} INFO - Sync 1 DAGs
[2021-03-08 12:18:11,249] {logging_mixin.py:104} INFO - [2021-03-08 12:18:11,249] {dag.py:2273} INFO - Setting next_dagrun for example_bash_operator to 2021-03-06 00:00:00+00:00
[2021-03-08 12:18:11,256] {scheduler_job.py:190} INFO - Processing /Users/garymarmon/PycharmProjects/AWTY-Limitless/DataServerContainer/env/lib/python3.8/site-packages/airflow/example_dags/example_bash_operator.py took 0.077 seconds
[2021-03-08 12:19:39,272] {scheduler_job.py:182} INFO - Started process (PID=2883) to work on /Users/garymarmon/PycharmProjects/AWTY-Limitless/DataServerContainer/env/lib/python3.8/site-packages/airflow/example_dags/example_bash_operator.py
[2021-03-08 12:19:39,273] {scheduler_job.py:629} INFO - Processing file /Users/garymarmon/PycharmProjects/AWTY-Limitless/DataServerContainer/env/lib/python3.8/site-packages/airflow/example_dags/example_bash_operator.py for tasks to queue
[2021-03-08 12:19:39,274] {logging_mixin.py:104} INFO - [2021-03-08 12:19:39,274] {dagbag.py:448} INFO - Filling up the DagBag from /Users/garymarmon/PycharmProjects/AWTY-Limitless/DataServerContainer/env/lib/python3.8/site-packages/airflow/example_dags/example_bash_operator.py
[2021-03-08 12:19:39,291] {scheduler_job.py:639} INFO - DAG(s) dict_keys(['example_bash_operator']) retrieved from /Users/garymarmon/PycharmProjects/AWTY-Limitless/DataServerContainer/env/lib/python3.8/site-packages/airflow/example_dags/example_bash_operator.py
[2021-03-08 12:19:39,364] {logging_mixin.py:104} INFO - [2021-03-08 12:19:39,363] {dag.py:1818} INFO - Sync 1 DAGs
[2021-03-08 12:19:39,391] {logging_mixin.py:104} INFO - [2021-03-08 12:19:39,391] {dag.py:2273} INFO - Setting next_dagrun for example_bash_operator to 2021-03-06 00:00:00+00:00
[2021-03-08 12:19:39,402] {scheduler_job.py:190} INFO - Processing /Users/garymarmon/PycharmProjects/AWTY-Limitless/DataServerContainer/env/lib/python3.8/site-packages/airflow/example_dags/example_bash_operator.py took 0.132 seconds
[2021-03-08 12:20:55,776] {scheduler_job.py:182} INFO - Started process (PID=2973) to work on /Users/garymarmon/PycharmProjects/AWTY-Limitless/DataServerContainer/env/lib/python3.8/site-packages/airflow/example_dags/example_bash_operator.py
[2021-03-08 12:20:55,776] {scheduler_job.py:629} INFO - Processing file /Users/garymarmon/PycharmProjects/AWTY-Limitless/DataServerContainer/env/lib/python3.8/site-packages/airflow/example_dags/example_bash_operator.py for tasks to queue
[2021-03-08 12:20:55,777] {logging_mixin.py:104} INFO - [2021-03-08 12:20:55,777] {dagbag.py:448} INFO - Filling up the DagBag from /Users/garymarmon/PycharmProjects/AWTY-Limitless/DataServerContainer/env/lib/python3.8/site-packages/airflow/example_dags/example_bash_operator.py
[2021-03-08 12:20:55,785] {scheduler_job.py:639} INFO - DAG(s) dict_keys(['example_bash_operator']) retrieved from /Users/garymarmon/PycharmProjects/AWTY-Limitless/DataServerContainer/env/lib/python3.8/site-packages/airflow/example_dags/example_bash_operator.py
[2021-03-08 12:20:55,819] {logging_mixin.py:104} INFO - [2021-03-08 12:20:55,819] {dag.py:1818} INFO - Sync 1 DAGs
[2021-03-08 12:20:55,834] {logging_mixin.py:104} INFO - [2021-03-08 12:20:55,834] {dag.py:2273} INFO - Setting next_dagrun for example_bash_operator to 2021-03-06 00:00:00+00:00
[2021-03-08 12:20:55,840] {scheduler_job.py:190} INFO - Processing /Users/garymarmon/PycharmProjects/AWTY-Limitless/DataServerContainer/env/lib/python3.8/site-packages/airflow/example_dags/example_bash_operator.py took 0.065 seconds
[2021-03-08 12:22:09,756] {scheduler_job.py:182} INFO - Started process (PID=3072) to work on /Users/garymarmon/PycharmProjects/AWTY-Limitless/DataServerContainer/env/lib/python3.8/site-packages/airflow/example_dags/example_bash_operator.py
[2021-03-08 12:22:09,757] {scheduler_job.py:629} INFO - Processing file /Users/garymarmon/PycharmProjects/AWTY-Limitless/DataServerContainer/env/lib/python3.8/site-packages/airflow/example_dags/example_bash_operator.py for tasks to queue
[2021-03-08 12:22:09,757] {logging_mixin.py:104} INFO - [2021-03-08 12:22:09,757] {dagbag.py:448} INFO - Filling up the DagBag from /Users/garymarmon/PycharmProjects/AWTY-Limitless/DataServerContainer/env/lib/python3.8/site-packages/airflow/example_dags/example_bash_operator.py
[2021-03-08 12:22:09,766] {scheduler_job.py:639} INFO - DAG(s) dict_keys(['example_bash_operator']) retrieved from /Users/garymarmon/PycharmProjects/AWTY-Limitless/DataServerContainer/env/lib/python3.8/site-packages/airflow/example_dags/example_bash_operator.py
[2021-03-08 12:22:09,804] {logging_mixin.py:104} INFO - [2021-03-08 12:22:09,803] {dag.py:1818} INFO - Sync 1 DAGs
[2021-03-08 12:22:09,818] {logging_mixin.py:104} INFO - [2021-03-08 12:22:09,818] {dag.py:2273} INFO - Setting next_dagrun for example_bash_operator to 2021-03-06 00:00:00+00:00
[2021-03-08 12:22:09,825] {scheduler_job.py:190} INFO - Processing /Users/garymarmon/PycharmProjects/AWTY-Limitless/DataServerContainer/env/lib/python3.8/site-packages/airflow/example_dags/example_bash_operator.py took 0.070 seconds
[2021-03-08 12:23:18,788] {scheduler_job.py:182} INFO - Started process (PID=3155) to work on /Users/garymarmon/PycharmProjects/AWTY-Limitless/DataServerContainer/env/lib/python3.8/site-packages/airflow/example_dags/example_bash_operator.py
[2021-03-08 12:23:18,788] {scheduler_job.py:629} INFO - Processing file /Users/garymarmon/PycharmProjects/AWTY-Limitless/DataServerContainer/env/lib/python3.8/site-packages/airflow/example_dags/example_bash_operator.py for tasks to queue
[2021-03-08 12:23:18,789] {logging_mixin.py:104} INFO - [2021-03-08 12:23:18,789] {dagbag.py:448} INFO - Filling up the DagBag from /Users/garymarmon/PycharmProjects/AWTY-Limitless/DataServerContainer/env/lib/python3.8/site-packages/airflow/example_dags/example_bash_operator.py
[2021-03-08 12:23:18,796] {scheduler_job.py:639} INFO - DAG(s) dict_keys(['example_bash_operator']) retrieved from /Users/garymarmon/PycharmProjects/AWTY-Limitless/DataServerContainer/env/lib/python3.8/site-packages/airflow/example_dags/example_bash_operator.py
[2021-03-08 12:23:18,830] {logging_mixin.py:104} INFO - [2021-03-08 12:23:18,830] {dag.py:1818} INFO - Sync 1 DAGs
[2021-03-08 12:23:18,846] {logging_mixin.py:104} INFO - [2021-03-08 12:23:18,846] {dag.py:2273} INFO - Setting next_dagrun for example_bash_operator to 2021-03-06 00:00:00+00:00
[2021-03-08 12:23:18,854] {scheduler_job.py:190} INFO - Processing /Users/garymarmon/PycharmProjects/AWTY-Limitless/DataServerContainer/env/lib/python3.8/site-packages/airflow/example_dags/example_bash_operator.py took 0.067 seconds
[2021-03-08 12:24:18,838] {scheduler_job.py:182} INFO - Started process (PID=3228) to work on /Users/garymarmon/PycharmProjects/AWTY-Limitless/DataServerContainer/env/lib/python3.8/site-packages/airflow/example_dags/example_bash_operator.py
[2021-03-08 12:24:18,838] {scheduler_job.py:629} INFO - Processing file /Users/garymarmon/PycharmProjects/AWTY-Limitless/DataServerContainer/env/lib/python3.8/site-packages/airflow/example_dags/example_bash_operator.py for tasks to queue
[2021-03-08 12:24:18,839] {logging_mixin.py:104} INFO - [2021-03-08 12:24:18,839] {dagbag.py:448} INFO - Filling up the DagBag from /Users/garymarmon/PycharmProjects/AWTY-Limitless/DataServerContainer/env/lib/python3.8/site-packages/airflow/example_dags/example_bash_operator.py
[2021-03-08 12:24:18,848] {scheduler_job.py:639} INFO - DAG(s) dict_keys(['example_bash_operator']) retrieved from /Users/garymarmon/PycharmProjects/AWTY-Limitless/DataServerContainer/env/lib/python3.8/site-packages/airflow/example_dags/example_bash_operator.py
[2021-03-08 12:24:18,884] {logging_mixin.py:104} INFO - [2021-03-08 12:24:18,884] {dag.py:1818} INFO - Sync 1 DAGs
[2021-03-08 12:24:18,896] {logging_mixin.py:104} INFO - [2021-03-08 12:24:18,896] {dag.py:2273} INFO - Setting next_dagrun for example_bash_operator to 2021-03-06 00:00:00+00:00
[2021-03-08 12:24:18,902] {scheduler_job.py:190} INFO - Processing /Users/garymarmon/PycharmProjects/AWTY-Limitless/DataServerContainer/env/lib/python3.8/site-packages/airflow/example_dags/example_bash_operator.py took 0.065 seconds
[2021-03-08 12:25:34,398] {scheduler_job.py:182} INFO - Started process (PID=3365) to work on /Users/garymarmon/PycharmProjects/AWTY-Limitless/DataServerContainer/env/lib/python3.8/site-packages/airflow/example_dags/example_bash_operator.py
[2021-03-08 12:25:34,399] {scheduler_job.py:629} INFO - Processing file /Users/garymarmon/PycharmProjects/AWTY-Limitless/DataServerContainer/env/lib/python3.8/site-packages/airflow/example_dags/example_bash_operator.py for tasks to queue
[2021-03-08 12:25:34,399] {logging_mixin.py:104} INFO - [2021-03-08 12:25:34,399] {dagbag.py:448} INFO - Filling up the DagBag from /Users/garymarmon/PycharmProjects/AWTY-Limitless/DataServerContainer/env/lib/python3.8/site-packages/airflow/example_dags/example_bash_operator.py
[2021-03-08 12:25:34,408] {scheduler_job.py:639} INFO - DAG(s) dict_keys(['example_bash_operator']) retrieved from /Users/garymarmon/PycharmProjects/AWTY-Limitless/DataServerContainer/env/lib/python3.8/site-packages/airflow/example_dags/example_bash_operator.py
[2021-03-08 12:25:34,449] {logging_mixin.py:104} INFO - [2021-03-08 12:25:34,449] {dag.py:1818} INFO - Sync 1 DAGs
[2021-03-08 12:25:34,464] {logging_mixin.py:104} INFO - [2021-03-08 12:25:34,464] {dag.py:2273} INFO - Setting next_dagrun for example_bash_operator to 2021-03-06 00:00:00+00:00
[2021-03-08 12:25:34,471] {scheduler_job.py:190} INFO - Processing /Users/garymarmon/PycharmProjects/AWTY-Limitless/DataServerContainer/env/lib/python3.8/site-packages/airflow/example_dags/example_bash_operator.py took 0.074 seconds
[2021-03-08 12:27:04,380] {scheduler_job.py:182} INFO - Started process (PID=3608) to work on /Users/garymarmon/PycharmProjects/AWTY-Limitless/DataServerContainer/env/lib/python3.8/site-packages/airflow/example_dags/example_bash_operator.py
[2021-03-08 12:27:04,380] {scheduler_job.py:629} INFO - Processing file /Users/garymarmon/PycharmProjects/AWTY-Limitless/DataServerContainer/env/lib/python3.8/site-packages/airflow/example_dags/example_bash_operator.py for tasks to queue
[2021-03-08 12:27:04,381] {logging_mixin.py:104} INFO - [2021-03-08 12:27:04,381] {dagbag.py:448} INFO - Filling up the DagBag from /Users/garymarmon/PycharmProjects/AWTY-Limitless/DataServerContainer/env/lib/python3.8/site-packages/airflow/example_dags/example_bash_operator.py
[2021-03-08 12:27:04,390] {scheduler_job.py:639} INFO - DAG(s) dict_keys(['example_bash_operator']) retrieved from /Users/garymarmon/PycharmProjects/AWTY-Limitless/DataServerContainer/env/lib/python3.8/site-packages/airflow/example_dags/example_bash_operator.py
[2021-03-08 12:27:04,426] {logging_mixin.py:104} INFO - [2021-03-08 12:27:04,425] {dag.py:1818} INFO - Sync 1 DAGs
[2021-03-08 12:27:04,439] {logging_mixin.py:104} INFO - [2021-03-08 12:27:04,439] {dag.py:2273} INFO - Setting next_dagrun for example_bash_operator to 2021-03-06 00:00:00+00:00
[2021-03-08 12:27:04,445] {scheduler_job.py:190} INFO - Processing /Users/garymarmon/PycharmProjects/AWTY-Limitless/DataServerContainer/env/lib/python3.8/site-packages/airflow/example_dags/example_bash_operator.py took 0.066 seconds
[2021-03-08 12:28:06,260] {scheduler_job.py:182} INFO - Started process (PID=3690) to work on /Users/garymarmon/PycharmProjects/AWTY-Limitless/DataServerContainer/env/lib/python3.8/site-packages/airflow/example_dags/example_bash_operator.py
[2021-03-08 12:28:06,261] {scheduler_job.py:629} INFO - Processing file /Users/garymarmon/PycharmProjects/AWTY-Limitless/DataServerContainer/env/lib/python3.8/site-packages/airflow/example_dags/example_bash_operator.py for tasks to queue
[2021-03-08 12:28:06,261] {logging_mixin.py:104} INFO - [2021-03-08 12:28:06,261] {dagbag.py:448} INFO - Filling up the DagBag from /Users/garymarmon/PycharmProjects/AWTY-Limitless/DataServerContainer/env/lib/python3.8/site-packages/airflow/example_dags/example_bash_operator.py
[2021-03-08 12:28:06,269] {scheduler_job.py:639} INFO - DAG(s) dict_keys(['example_bash_operator']) retrieved from /Users/garymarmon/PycharmProjects/AWTY-Limitless/DataServerContainer/env/lib/python3.8/site-packages/airflow/example_dags/example_bash_operator.py
[2021-03-08 12:28:06,303] {logging_mixin.py:104} INFO - [2021-03-08 12:28:06,303] {dag.py:1818} INFO - Sync 1 DAGs
[2021-03-08 12:28:06,317] {logging_mixin.py:104} INFO - [2021-03-08 12:28:06,317] {dag.py:2273} INFO - Setting next_dagrun for example_bash_operator to 2021-03-06 00:00:00+00:00
[2021-03-08 12:28:06,323] {scheduler_job.py:190} INFO - Processing /Users/garymarmon/PycharmProjects/AWTY-Limitless/DataServerContainer/env/lib/python3.8/site-packages/airflow/example_dags/example_bash_operator.py took 0.063 seconds
[2021-03-08 12:29:03,223] {scheduler_job.py:182} INFO - Started process (PID=3759) to work on /Users/garymarmon/PycharmProjects/AWTY-Limitless/DataServerContainer/env/lib/python3.8/site-packages/airflow/example_dags/example_bash_operator.py
[2021-03-08 12:29:03,224] {scheduler_job.py:629} INFO - Processing file /Users/garymarmon/PycharmProjects/AWTY-Limitless/DataServerContainer/env/lib/python3.8/site-packages/airflow/example_dags/example_bash_operator.py for tasks to queue
[2021-03-08 12:29:03,224] {logging_mixin.py:104} INFO - [2021-03-08 12:29:03,224] {dagbag.py:448} INFO - Filling up the DagBag from /Users/garymarmon/PycharmProjects/AWTY-Limitless/DataServerContainer/env/lib/python3.8/site-packages/airflow/example_dags/example_bash_operator.py
[2021-03-08 12:29:03,234] {scheduler_job.py:639} INFO - DAG(s) dict_keys(['example_bash_operator']) retrieved from /Users/garymarmon/PycharmProjects/AWTY-Limitless/DataServerContainer/env/lib/python3.8/site-packages/airflow/example_dags/example_bash_operator.py
[2021-03-08 12:29:03,272] {logging_mixin.py:104} INFO - [2021-03-08 12:29:03,272] {dag.py:1818} INFO - Sync 1 DAGs
[2021-03-08 12:29:03,285] {logging_mixin.py:104} INFO - [2021-03-08 12:29:03,285] {dag.py:2273} INFO - Setting next_dagrun for example_bash_operator to 2021-03-06 00:00:00+00:00
[2021-03-08 12:29:03,291] {scheduler_job.py:190} INFO - Processing /Users/garymarmon/PycharmProjects/AWTY-Limitless/DataServerContainer/env/lib/python3.8/site-packages/airflow/example_dags/example_bash_operator.py took 0.069 seconds
[2021-03-08 12:30:01,579] {scheduler_job.py:182} INFO - Started process (PID=3828) to work on /Users/garymarmon/PycharmProjects/AWTY-Limitless/DataServerContainer/env/lib/python3.8/site-packages/airflow/example_dags/example_bash_operator.py
[2021-03-08 12:30:01,580] {scheduler_job.py:629} INFO - Processing file /Users/garymarmon/PycharmProjects/AWTY-Limitless/DataServerContainer/env/lib/python3.8/site-packages/airflow/example_dags/example_bash_operator.py for tasks to queue
[2021-03-08 12:30:01,580] {logging_mixin.py:104} INFO - [2021-03-08 12:30:01,580] {dagbag.py:448} INFO - Filling up the DagBag from /Users/garymarmon/PycharmProjects/AWTY-Limitless/DataServerContainer/env/lib/python3.8/site-packages/airflow/example_dags/example_bash_operator.py
[2021-03-08 12:30:01,590] {scheduler_job.py:639} INFO - DAG(s) dict_keys(['example_bash_operator']) retrieved from /Users/garymarmon/PycharmProjects/AWTY-Limitless/DataServerContainer/env/lib/python3.8/site-packages/airflow/example_dags/example_bash_operator.py
[2021-03-08 12:30:01,632] {logging_mixin.py:104} INFO - [2021-03-08 12:30:01,631] {dag.py:1818} INFO - Sync 1 DAGs
[2021-03-08 12:30:01,647] {logging_mixin.py:104} INFO - [2021-03-08 12:30:01,647] {dag.py:2273} INFO - Setting next_dagrun for example_bash_operator to 2021-03-06 00:00:00+00:00
[2021-03-08 12:30:01,653] {scheduler_job.py:190} INFO - Processing /Users/garymarmon/PycharmProjects/AWTY-Limitless/DataServerContainer/env/lib/python3.8/site-packages/airflow/example_dags/example_bash_operator.py took 0.075 seconds
[2021-03-08 12:31:18,517] {scheduler_job.py:182} INFO - Started process (PID=3912) to work on /Users/garymarmon/PycharmProjects/AWTY-Limitless/DataServerContainer/env/lib/python3.8/site-packages/airflow/example_dags/example_bash_operator.py
[2021-03-08 12:31:18,517] {scheduler_job.py:629} INFO - Processing file /Users/garymarmon/PycharmProjects/AWTY-Limitless/DataServerContainer/env/lib/python3.8/site-packages/airflow/example_dags/example_bash_operator.py for tasks to queue
[2021-03-08 12:31:18,518] {logging_mixin.py:104} INFO - [2021-03-08 12:31:18,517] {dagbag.py:448} INFO - Filling up the DagBag from /Users/garymarmon/PycharmProjects/AWTY-Limitless/DataServerContainer/env/lib/python3.8/site-packages/airflow/example_dags/example_bash_operator.py
[2021-03-08 12:31:18,527] {scheduler_job.py:639} INFO - DAG(s) dict_keys(['example_bash_operator']) retrieved from /Users/garymarmon/PycharmProjects/AWTY-Limitless/DataServerContainer/env/lib/python3.8/site-packages/airflow/example_dags/example_bash_operator.py
[2021-03-08 12:31:18,571] {logging_mixin.py:104} INFO - [2021-03-08 12:31:18,571] {dag.py:1818} INFO - Sync 1 DAGs
[2021-03-08 12:31:18,591] {logging_mixin.py:104} INFO - [2021-03-08 12:31:18,591] {dag.py:2273} INFO - Setting next_dagrun for example_bash_operator to 2021-03-06 00:00:00+00:00
[2021-03-08 12:31:18,600] {scheduler_job.py:190} INFO - Processing /Users/garymarmon/PycharmProjects/AWTY-Limitless/DataServerContainer/env/lib/python3.8/site-packages/airflow/example_dags/example_bash_operator.py took 0.084 seconds
[2021-03-08 12:32:30,983] {scheduler_job.py:182} INFO - Started process (PID=3993) to work on /Users/garymarmon/PycharmProjects/AWTY-Limitless/DataServerContainer/env/lib/python3.8/site-packages/airflow/example_dags/example_bash_operator.py
[2021-03-08 12:32:30,984] {scheduler_job.py:629} INFO - Processing file /Users/garymarmon/PycharmProjects/AWTY-Limitless/DataServerContainer/env/lib/python3.8/site-packages/airflow/example_dags/example_bash_operator.py for tasks to queue
[2021-03-08 12:32:30,985] {logging_mixin.py:104} INFO - [2021-03-08 12:32:30,984] {dagbag.py:448} INFO - Filling up the DagBag from /Users/garymarmon/PycharmProjects/AWTY-Limitless/DataServerContainer/env/lib/python3.8/site-packages/airflow/example_dags/example_bash_operator.py
[2021-03-08 12:32:30,993] {scheduler_job.py:639} INFO - DAG(s) dict_keys(['example_bash_operator']) retrieved from /Users/garymarmon/PycharmProjects/AWTY-Limitless/DataServerContainer/env/lib/python3.8/site-packages/airflow/example_dags/example_bash_operator.py
[2021-03-08 12:32:31,029] {logging_mixin.py:104} INFO - [2021-03-08 12:32:31,029] {dag.py:1818} INFO - Sync 1 DAGs
[2021-03-08 12:32:31,042] {logging_mixin.py:104} INFO - [2021-03-08 12:32:31,042] {dag.py:2273} INFO - Setting next_dagrun for example_bash_operator to 2021-03-06 00:00:00+00:00
[2021-03-08 12:32:31,048] {scheduler_job.py:190} INFO - Processing /Users/garymarmon/PycharmProjects/AWTY-Limitless/DataServerContainer/env/lib/python3.8/site-packages/airflow/example_dags/example_bash_operator.py took 0.066 seconds
[2021-03-08 12:33:37,258] {scheduler_job.py:182} INFO - Started process (PID=4073) to work on /Users/garymarmon/PycharmProjects/AWTY-Limitless/DataServerContainer/env/lib/python3.8/site-packages/airflow/example_dags/example_bash_operator.py
[2021-03-08 12:33:37,258] {scheduler_job.py:629} INFO - Processing file /Users/garymarmon/PycharmProjects/AWTY-Limitless/DataServerContainer/env/lib/python3.8/site-packages/airflow/example_dags/example_bash_operator.py for tasks to queue
[2021-03-08 12:33:37,260] {logging_mixin.py:104} INFO - [2021-03-08 12:33:37,260] {dagbag.py:448} INFO - Filling up the DagBag from /Users/garymarmon/PycharmProjects/AWTY-Limitless/DataServerContainer/env/lib/python3.8/site-packages/airflow/example_dags/example_bash_operator.py
[2021-03-08 12:33:37,268] {scheduler_job.py:639} INFO - DAG(s) dict_keys(['example_bash_operator']) retrieved from /Users/garymarmon/PycharmProjects/AWTY-Limitless/DataServerContainer/env/lib/python3.8/site-packages/airflow/example_dags/example_bash_operator.py
[2021-03-08 12:33:37,302] {logging_mixin.py:104} INFO - [2021-03-08 12:33:37,302] {dag.py:1818} INFO - Sync 1 DAGs
[2021-03-08 12:33:37,314] {logging_mixin.py:104} INFO - [2021-03-08 12:33:37,314] {dag.py:2273} INFO - Setting next_dagrun for example_bash_operator to 2021-03-06 00:00:00+00:00
[2021-03-08 12:33:37,320] {scheduler_job.py:190} INFO - Processing /Users/garymarmon/PycharmProjects/AWTY-Limitless/DataServerContainer/env/lib/python3.8/site-packages/airflow/example_dags/example_bash_operator.py took 0.063 seconds
[2021-03-08 12:34:43,561] {scheduler_job.py:182} INFO - Started process (PID=4152) to work on /Users/garymarmon/PycharmProjects/AWTY-Limitless/DataServerContainer/env/lib/python3.8/site-packages/airflow/example_dags/example_bash_operator.py
[2021-03-08 12:34:43,562] {scheduler_job.py:629} INFO - Processing file /Users/garymarmon/PycharmProjects/AWTY-Limitless/DataServerContainer/env/lib/python3.8/site-packages/airflow/example_dags/example_bash_operator.py for tasks to queue
[2021-03-08 12:34:43,562] {logging_mixin.py:104} INFO - [2021-03-08 12:34:43,562] {dagbag.py:448} INFO - Filling up the DagBag from /Users/garymarmon/PycharmProjects/AWTY-Limitless/DataServerContainer/env/lib/python3.8/site-packages/airflow/example_dags/example_bash_operator.py
[2021-03-08 12:34:43,571] {scheduler_job.py:639} INFO - DAG(s) dict_keys(['example_bash_operator']) retrieved from /Users/garymarmon/PycharmProjects/AWTY-Limitless/DataServerContainer/env/lib/python3.8/site-packages/airflow/example_dags/example_bash_operator.py
[2021-03-08 12:34:43,607] {logging_mixin.py:104} INFO - [2021-03-08 12:34:43,607] {dag.py:1818} INFO - Sync 1 DAGs
[2021-03-08 12:34:43,621] {logging_mixin.py:104} INFO - [2021-03-08 12:34:43,621] {dag.py:2273} INFO - Setting next_dagrun for example_bash_operator to 2021-03-06 00:00:00+00:00
[2021-03-08 12:34:43,628] {scheduler_job.py:190} INFO - Processing /Users/garymarmon/PycharmProjects/AWTY-Limitless/DataServerContainer/env/lib/python3.8/site-packages/airflow/example_dags/example_bash_operator.py took 0.067 seconds
[2021-03-08 12:35:53,003] {scheduler_job.py:182} INFO - Started process (PID=4229) to work on /Users/garymarmon/PycharmProjects/AWTY-Limitless/DataServerContainer/env/lib/python3.8/site-packages/airflow/example_dags/example_bash_operator.py
[2021-03-08 12:35:53,003] {scheduler_job.py:629} INFO - Processing file /Users/garymarmon/PycharmProjects/AWTY-Limitless/DataServerContainer/env/lib/python3.8/site-packages/airflow/example_dags/example_bash_operator.py for tasks to queue
[2021-03-08 12:35:53,004] {logging_mixin.py:104} INFO - [2021-03-08 12:35:53,004] {dagbag.py:448} INFO - Filling up the DagBag from /Users/garymarmon/PycharmProjects/AWTY-Limitless/DataServerContainer/env/lib/python3.8/site-packages/airflow/example_dags/example_bash_operator.py
[2021-03-08 12:35:53,015] {scheduler_job.py:639} INFO - DAG(s) dict_keys(['example_bash_operator']) retrieved from /Users/garymarmon/PycharmProjects/AWTY-Limitless/DataServerContainer/env/lib/python3.8/site-packages/airflow/example_dags/example_bash_operator.py
[2021-03-08 12:35:53,054] {logging_mixin.py:104} INFO - [2021-03-08 12:35:53,054] {dag.py:1818} INFO - Sync 1 DAGs
[2021-03-08 12:35:53,072] {logging_mixin.py:104} INFO - [2021-03-08 12:35:53,072] {dag.py:2273} INFO - Setting next_dagrun for example_bash_operator to 2021-03-06 00:00:00+00:00
[2021-03-08 12:35:53,079] {scheduler_job.py:190} INFO - Processing /Users/garymarmon/PycharmProjects/AWTY-Limitless/DataServerContainer/env/lib/python3.8/site-packages/airflow/example_dags/example_bash_operator.py took 0.077 seconds
[2021-03-08 12:37:03,121] {scheduler_job.py:182} INFO - Started process (PID=4319) to work on /Users/garymarmon/PycharmProjects/AWTY-Limitless/DataServerContainer/env/lib/python3.8/site-packages/airflow/example_dags/example_bash_operator.py
[2021-03-08 12:37:03,121] {scheduler_job.py:629} INFO - Processing file /Users/garymarmon/PycharmProjects/AWTY-Limitless/DataServerContainer/env/lib/python3.8/site-packages/airflow/example_dags/example_bash_operator.py for tasks to queue
[2021-03-08 12:37:03,122] {logging_mixin.py:104} INFO - [2021-03-08 12:37:03,121] {dagbag.py:448} INFO - Filling up the DagBag from /Users/garymarmon/PycharmProjects/AWTY-Limitless/DataServerContainer/env/lib/python3.8/site-packages/airflow/example_dags/example_bash_operator.py
[2021-03-08 12:37:03,138] {scheduler_job.py:639} INFO - DAG(s) dict_keys(['example_bash_operator']) retrieved from /Users/garymarmon/PycharmProjects/AWTY-Limitless/DataServerContainer/env/lib/python3.8/site-packages/airflow/example_dags/example_bash_operator.py
[2021-03-08 12:37:03,213] {logging_mixin.py:104} INFO - [2021-03-08 12:37:03,212] {dag.py:1818} INFO - Sync 1 DAGs
[2021-03-08 12:37:03,245] {logging_mixin.py:104} INFO - [2021-03-08 12:37:03,244] {dag.py:2273} INFO - Setting next_dagrun for example_bash_operator to 2021-03-06 00:00:00+00:00
[2021-03-08 12:37:03,257] {scheduler_job.py:190} INFO - Processing /Users/garymarmon/PycharmProjects/AWTY-Limitless/DataServerContainer/env/lib/python3.8/site-packages/airflow/example_dags/example_bash_operator.py took 0.137 seconds
