[2021-03-08 12:10:58,738] {scheduler_job.py:182} INFO - Started process (PID=2312) to work on /Users/garymarmon/PycharmProjects/AWTY-Limitless/DataServerContainer/env/lib/python3.8/site-packages/airflow/example_dags/example_python_operator.py
[2021-03-08 12:10:58,739] {scheduler_job.py:629} INFO - Processing file /Users/garymarmon/PycharmProjects/AWTY-Limitless/DataServerContainer/env/lib/python3.8/site-packages/airflow/example_dags/example_python_operator.py for tasks to queue
[2021-03-08 12:10:58,740] {logging_mixin.py:104} INFO - [2021-03-08 12:10:58,739] {dagbag.py:448} INFO - Filling up the DagBag from /Users/garymarmon/PycharmProjects/AWTY-Limitless/DataServerContainer/env/lib/python3.8/site-packages/airflow/example_dags/example_python_operator.py
[2021-03-08 12:10:58,752] {scheduler_job.py:639} INFO - DAG(s) dict_keys(['example_python_operator']) retrieved from /Users/garymarmon/PycharmProjects/AWTY-Limitless/DataServerContainer/env/lib/python3.8/site-packages/airflow/example_dags/example_python_operator.py
[2021-03-08 12:10:58,817] {logging_mixin.py:104} INFO - [2021-03-08 12:10:58,817] {dag.py:1818} INFO - Sync 1 DAGs
[2021-03-08 12:10:58,830] {logging_mixin.py:104} INFO - [2021-03-08 12:10:58,830] {dag.py:2273} INFO - Setting next_dagrun for example_python_operator to None
[2021-03-08 12:10:58,846] {scheduler_job.py:190} INFO - Processing /Users/garymarmon/PycharmProjects/AWTY-Limitless/DataServerContainer/env/lib/python3.8/site-packages/airflow/example_dags/example_python_operator.py took 0.110 seconds
[2021-03-08 12:14:38,982] {scheduler_job.py:182} INFO - Started process (PID=2509) to work on /Users/garymarmon/PycharmProjects/AWTY-Limitless/DataServerContainer/env/lib/python3.8/site-packages/airflow/example_dags/example_python_operator.py
[2021-03-08 12:14:38,982] {scheduler_job.py:629} INFO - Processing file /Users/garymarmon/PycharmProjects/AWTY-Limitless/DataServerContainer/env/lib/python3.8/site-packages/airflow/example_dags/example_python_operator.py for tasks to queue
[2021-03-08 12:14:38,983] {logging_mixin.py:104} INFO - [2021-03-08 12:14:38,983] {dagbag.py:448} INFO - Filling up the DagBag from /Users/garymarmon/PycharmProjects/AWTY-Limitless/DataServerContainer/env/lib/python3.8/site-packages/airflow/example_dags/example_python_operator.py
[2021-03-08 12:14:38,991] {scheduler_job.py:639} INFO - DAG(s) dict_keys(['example_python_operator']) retrieved from /Users/garymarmon/PycharmProjects/AWTY-Limitless/DataServerContainer/env/lib/python3.8/site-packages/airflow/example_dags/example_python_operator.py
[2021-03-08 12:14:39,031] {logging_mixin.py:104} INFO - [2021-03-08 12:14:39,031] {dag.py:1818} INFO - Sync 1 DAGs
[2021-03-08 12:14:39,040] {logging_mixin.py:104} INFO - [2021-03-08 12:14:39,040] {dag.py:2273} INFO - Setting next_dagrun for example_python_operator to None
[2021-03-08 12:14:39,049] {scheduler_job.py:190} INFO - Processing /Users/garymarmon/PycharmProjects/AWTY-Limitless/DataServerContainer/env/lib/python3.8/site-packages/airflow/example_dags/example_python_operator.py took 0.068 seconds
[2021-03-08 12:15:15,717] {scheduler_job.py:182} INFO - Started process (PID=2553) to work on /Users/garymarmon/PycharmProjects/AWTY-Limitless/DataServerContainer/env/lib/python3.8/site-packages/airflow/example_dags/example_python_operator.py
[2021-03-08 12:15:15,718] {scheduler_job.py:629} INFO - Processing file /Users/garymarmon/PycharmProjects/AWTY-Limitless/DataServerContainer/env/lib/python3.8/site-packages/airflow/example_dags/example_python_operator.py for tasks to queue
[2021-03-08 12:15:15,719] {logging_mixin.py:104} INFO - [2021-03-08 12:15:15,719] {dagbag.py:448} INFO - Filling up the DagBag from /Users/garymarmon/PycharmProjects/AWTY-Limitless/DataServerContainer/env/lib/python3.8/site-packages/airflow/example_dags/example_python_operator.py
[2021-03-08 12:15:15,726] {scheduler_job.py:639} INFO - DAG(s) dict_keys(['example_python_operator']) retrieved from /Users/garymarmon/PycharmProjects/AWTY-Limitless/DataServerContainer/env/lib/python3.8/site-packages/airflow/example_dags/example_python_operator.py
[2021-03-08 12:15:15,762] {logging_mixin.py:104} INFO - [2021-03-08 12:15:15,762] {dag.py:1818} INFO - Sync 1 DAGs
[2021-03-08 12:15:15,769] {logging_mixin.py:104} INFO - [2021-03-08 12:15:15,769] {dag.py:2273} INFO - Setting next_dagrun for example_python_operator to None
[2021-03-08 12:15:15,777] {scheduler_job.py:190} INFO - Processing /Users/garymarmon/PycharmProjects/AWTY-Limitless/DataServerContainer/env/lib/python3.8/site-packages/airflow/example_dags/example_python_operator.py took 0.060 seconds
[2021-03-08 12:16:15,676] {scheduler_job.py:182} INFO - Started process (PID=2624) to work on /Users/garymarmon/PycharmProjects/AWTY-Limitless/DataServerContainer/env/lib/python3.8/site-packages/airflow/example_dags/example_python_operator.py
[2021-03-08 12:16:15,677] {scheduler_job.py:629} INFO - Processing file /Users/garymarmon/PycharmProjects/AWTY-Limitless/DataServerContainer/env/lib/python3.8/site-packages/airflow/example_dags/example_python_operator.py for tasks to queue
[2021-03-08 12:16:15,677] {logging_mixin.py:104} INFO - [2021-03-08 12:16:15,677] {dagbag.py:448} INFO - Filling up the DagBag from /Users/garymarmon/PycharmProjects/AWTY-Limitless/DataServerContainer/env/lib/python3.8/site-packages/airflow/example_dags/example_python_operator.py
[2021-03-08 12:16:15,686] {scheduler_job.py:639} INFO - DAG(s) dict_keys(['example_python_operator']) retrieved from /Users/garymarmon/PycharmProjects/AWTY-Limitless/DataServerContainer/env/lib/python3.8/site-packages/airflow/example_dags/example_python_operator.py
[2021-03-08 12:16:15,724] {logging_mixin.py:104} INFO - [2021-03-08 12:16:15,724] {dag.py:1818} INFO - Sync 1 DAGs
[2021-03-08 12:16:15,732] {logging_mixin.py:104} INFO - [2021-03-08 12:16:15,732] {dag.py:2273} INFO - Setting next_dagrun for example_python_operator to None
[2021-03-08 12:16:15,742] {scheduler_job.py:190} INFO - Processing /Users/garymarmon/PycharmProjects/AWTY-Limitless/DataServerContainer/env/lib/python3.8/site-packages/airflow/example_dags/example_python_operator.py took 0.067 seconds
[2021-03-08 12:17:17,502] {scheduler_job.py:182} INFO - Started process (PID=2705) to work on /Users/garymarmon/PycharmProjects/AWTY-Limitless/DataServerContainer/env/lib/python3.8/site-packages/airflow/example_dags/example_python_operator.py
[2021-03-08 12:17:17,502] {scheduler_job.py:629} INFO - Processing file /Users/garymarmon/PycharmProjects/AWTY-Limitless/DataServerContainer/env/lib/python3.8/site-packages/airflow/example_dags/example_python_operator.py for tasks to queue
[2021-03-08 12:17:17,503] {logging_mixin.py:104} INFO - [2021-03-08 12:17:17,503] {dagbag.py:448} INFO - Filling up the DagBag from /Users/garymarmon/PycharmProjects/AWTY-Limitless/DataServerContainer/env/lib/python3.8/site-packages/airflow/example_dags/example_python_operator.py
[2021-03-08 12:17:17,511] {scheduler_job.py:639} INFO - DAG(s) dict_keys(['example_python_operator']) retrieved from /Users/garymarmon/PycharmProjects/AWTY-Limitless/DataServerContainer/env/lib/python3.8/site-packages/airflow/example_dags/example_python_operator.py
[2021-03-08 12:17:17,550] {logging_mixin.py:104} INFO - [2021-03-08 12:17:17,549] {dag.py:1818} INFO - Sync 1 DAGs
[2021-03-08 12:17:17,559] {logging_mixin.py:104} INFO - [2021-03-08 12:17:17,559] {dag.py:2273} INFO - Setting next_dagrun for example_python_operator to None
[2021-03-08 12:17:17,570] {scheduler_job.py:190} INFO - Processing /Users/garymarmon/PycharmProjects/AWTY-Limitless/DataServerContainer/env/lib/python3.8/site-packages/airflow/example_dags/example_python_operator.py took 0.069 seconds
[2021-03-08 12:18:29,747] {scheduler_job.py:182} INFO - Started process (PID=2796) to work on /Users/garymarmon/PycharmProjects/AWTY-Limitless/DataServerContainer/env/lib/python3.8/site-packages/airflow/example_dags/example_python_operator.py
[2021-03-08 12:18:29,748] {scheduler_job.py:629} INFO - Processing file /Users/garymarmon/PycharmProjects/AWTY-Limitless/DataServerContainer/env/lib/python3.8/site-packages/airflow/example_dags/example_python_operator.py for tasks to queue
[2021-03-08 12:18:29,748] {logging_mixin.py:104} INFO - [2021-03-08 12:18:29,748] {dagbag.py:448} INFO - Filling up the DagBag from /Users/garymarmon/PycharmProjects/AWTY-Limitless/DataServerContainer/env/lib/python3.8/site-packages/airflow/example_dags/example_python_operator.py
[2021-03-08 12:18:29,757] {scheduler_job.py:639} INFO - DAG(s) dict_keys(['example_python_operator']) retrieved from /Users/garymarmon/PycharmProjects/AWTY-Limitless/DataServerContainer/env/lib/python3.8/site-packages/airflow/example_dags/example_python_operator.py
[2021-03-08 12:18:29,795] {logging_mixin.py:104} INFO - [2021-03-08 12:18:29,795] {dag.py:1818} INFO - Sync 1 DAGs
[2021-03-08 12:18:29,803] {logging_mixin.py:104} INFO - [2021-03-08 12:18:29,803] {dag.py:2273} INFO - Setting next_dagrun for example_python_operator to None
[2021-03-08 12:18:29,812] {scheduler_job.py:190} INFO - Processing /Users/garymarmon/PycharmProjects/AWTY-Limitless/DataServerContainer/env/lib/python3.8/site-packages/airflow/example_dags/example_python_operator.py took 0.066 seconds
[2021-03-08 12:20:06,739] {scheduler_job.py:182} INFO - Started process (PID=2913) to work on /Users/garymarmon/PycharmProjects/AWTY-Limitless/DataServerContainer/env/lib/python3.8/site-packages/airflow/example_dags/example_python_operator.py
[2021-03-08 12:20:06,740] {scheduler_job.py:629} INFO - Processing file /Users/garymarmon/PycharmProjects/AWTY-Limitless/DataServerContainer/env/lib/python3.8/site-packages/airflow/example_dags/example_python_operator.py for tasks to queue
[2021-03-08 12:20:06,740] {logging_mixin.py:104} INFO - [2021-03-08 12:20:06,740] {dagbag.py:448} INFO - Filling up the DagBag from /Users/garymarmon/PycharmProjects/AWTY-Limitless/DataServerContainer/env/lib/python3.8/site-packages/airflow/example_dags/example_python_operator.py
[2021-03-08 12:20:06,752] {scheduler_job.py:639} INFO - DAG(s) dict_keys(['example_python_operator']) retrieved from /Users/garymarmon/PycharmProjects/AWTY-Limitless/DataServerContainer/env/lib/python3.8/site-packages/airflow/example_dags/example_python_operator.py
[2021-03-08 12:20:06,807] {logging_mixin.py:104} INFO - [2021-03-08 12:20:06,807] {dag.py:1818} INFO - Sync 1 DAGs
[2021-03-08 12:20:06,817] {logging_mixin.py:104} INFO - [2021-03-08 12:20:06,817] {dag.py:2273} INFO - Setting next_dagrun for example_python_operator to None
[2021-03-08 12:20:06,831] {scheduler_job.py:190} INFO - Processing /Users/garymarmon/PycharmProjects/AWTY-Limitless/DataServerContainer/env/lib/python3.8/site-packages/airflow/example_dags/example_python_operator.py took 0.093 seconds
[2021-03-08 12:21:15,876] {scheduler_job.py:182} INFO - Started process (PID=3001) to work on /Users/garymarmon/PycharmProjects/AWTY-Limitless/DataServerContainer/env/lib/python3.8/site-packages/airflow/example_dags/example_python_operator.py
[2021-03-08 12:21:15,876] {scheduler_job.py:629} INFO - Processing file /Users/garymarmon/PycharmProjects/AWTY-Limitless/DataServerContainer/env/lib/python3.8/site-packages/airflow/example_dags/example_python_operator.py for tasks to queue
[2021-03-08 12:21:15,877] {logging_mixin.py:104} INFO - [2021-03-08 12:21:15,877] {dagbag.py:448} INFO - Filling up the DagBag from /Users/garymarmon/PycharmProjects/AWTY-Limitless/DataServerContainer/env/lib/python3.8/site-packages/airflow/example_dags/example_python_operator.py
[2021-03-08 12:21:15,888] {scheduler_job.py:639} INFO - DAG(s) dict_keys(['example_python_operator']) retrieved from /Users/garymarmon/PycharmProjects/AWTY-Limitless/DataServerContainer/env/lib/python3.8/site-packages/airflow/example_dags/example_python_operator.py
[2021-03-08 12:21:15,927] {logging_mixin.py:104} INFO - [2021-03-08 12:21:15,927] {dag.py:1818} INFO - Sync 1 DAGs
[2021-03-08 12:21:15,937] {logging_mixin.py:104} INFO - [2021-03-08 12:21:15,937] {dag.py:2273} INFO - Setting next_dagrun for example_python_operator to None
[2021-03-08 12:21:15,945] {scheduler_job.py:190} INFO - Processing /Users/garymarmon/PycharmProjects/AWTY-Limitless/DataServerContainer/env/lib/python3.8/site-packages/airflow/example_dags/example_python_operator.py took 0.070 seconds
[2021-03-08 12:22:28,791] {scheduler_job.py:182} INFO - Started process (PID=3095) to work on /Users/garymarmon/PycharmProjects/AWTY-Limitless/DataServerContainer/env/lib/python3.8/site-packages/airflow/example_dags/example_python_operator.py
[2021-03-08 12:22:28,791] {scheduler_job.py:629} INFO - Processing file /Users/garymarmon/PycharmProjects/AWTY-Limitless/DataServerContainer/env/lib/python3.8/site-packages/airflow/example_dags/example_python_operator.py for tasks to queue
[2021-03-08 12:22:28,792] {logging_mixin.py:104} INFO - [2021-03-08 12:22:28,792] {dagbag.py:448} INFO - Filling up the DagBag from /Users/garymarmon/PycharmProjects/AWTY-Limitless/DataServerContainer/env/lib/python3.8/site-packages/airflow/example_dags/example_python_operator.py
[2021-03-08 12:22:28,801] {scheduler_job.py:639} INFO - DAG(s) dict_keys(['example_python_operator']) retrieved from /Users/garymarmon/PycharmProjects/AWTY-Limitless/DataServerContainer/env/lib/python3.8/site-packages/airflow/example_dags/example_python_operator.py
[2021-03-08 12:22:28,840] {logging_mixin.py:104} INFO - [2021-03-08 12:22:28,840] {dag.py:1818} INFO - Sync 1 DAGs
[2021-03-08 12:22:28,847] {logging_mixin.py:104} INFO - [2021-03-08 12:22:28,847] {dag.py:2273} INFO - Setting next_dagrun for example_python_operator to None
[2021-03-08 12:22:28,856] {scheduler_job.py:190} INFO - Processing /Users/garymarmon/PycharmProjects/AWTY-Limitless/DataServerContainer/env/lib/python3.8/site-packages/airflow/example_dags/example_python_operator.py took 0.066 seconds
[2021-03-08 12:23:35,441] {scheduler_job.py:182} INFO - Started process (PID=3174) to work on /Users/garymarmon/PycharmProjects/AWTY-Limitless/DataServerContainer/env/lib/python3.8/site-packages/airflow/example_dags/example_python_operator.py
[2021-03-08 12:23:35,441] {scheduler_job.py:629} INFO - Processing file /Users/garymarmon/PycharmProjects/AWTY-Limitless/DataServerContainer/env/lib/python3.8/site-packages/airflow/example_dags/example_python_operator.py for tasks to queue
[2021-03-08 12:23:35,443] {logging_mixin.py:104} INFO - [2021-03-08 12:23:35,443] {dagbag.py:448} INFO - Filling up the DagBag from /Users/garymarmon/PycharmProjects/AWTY-Limitless/DataServerContainer/env/lib/python3.8/site-packages/airflow/example_dags/example_python_operator.py
[2021-03-08 12:23:35,451] {scheduler_job.py:639} INFO - DAG(s) dict_keys(['example_python_operator']) retrieved from /Users/garymarmon/PycharmProjects/AWTY-Limitless/DataServerContainer/env/lib/python3.8/site-packages/airflow/example_dags/example_python_operator.py
[2021-03-08 12:23:35,487] {logging_mixin.py:104} INFO - [2021-03-08 12:23:35,487] {dag.py:1818} INFO - Sync 1 DAGs
[2021-03-08 12:23:35,494] {logging_mixin.py:104} INFO - [2021-03-08 12:23:35,494] {dag.py:2273} INFO - Setting next_dagrun for example_python_operator to None
[2021-03-08 12:23:35,503] {scheduler_job.py:190} INFO - Processing /Users/garymarmon/PycharmProjects/AWTY-Limitless/DataServerContainer/env/lib/python3.8/site-packages/airflow/example_dags/example_python_operator.py took 0.062 seconds
[2021-03-08 12:24:34,923] {scheduler_job.py:182} INFO - Started process (PID=3246) to work on /Users/garymarmon/PycharmProjects/AWTY-Limitless/DataServerContainer/env/lib/python3.8/site-packages/airflow/example_dags/example_python_operator.py
[2021-03-08 12:24:34,924] {scheduler_job.py:629} INFO - Processing file /Users/garymarmon/PycharmProjects/AWTY-Limitless/DataServerContainer/env/lib/python3.8/site-packages/airflow/example_dags/example_python_operator.py for tasks to queue
[2021-03-08 12:24:34,924] {logging_mixin.py:104} INFO - [2021-03-08 12:24:34,924] {dagbag.py:448} INFO - Filling up the DagBag from /Users/garymarmon/PycharmProjects/AWTY-Limitless/DataServerContainer/env/lib/python3.8/site-packages/airflow/example_dags/example_python_operator.py
[2021-03-08 12:24:34,934] {scheduler_job.py:639} INFO - DAG(s) dict_keys(['example_python_operator']) retrieved from /Users/garymarmon/PycharmProjects/AWTY-Limitless/DataServerContainer/env/lib/python3.8/site-packages/airflow/example_dags/example_python_operator.py
[2021-03-08 12:24:34,976] {logging_mixin.py:104} INFO - [2021-03-08 12:24:34,976] {dag.py:1818} INFO - Sync 1 DAGs
[2021-03-08 12:24:34,984] {logging_mixin.py:104} INFO - [2021-03-08 12:24:34,984] {dag.py:2273} INFO - Setting next_dagrun for example_python_operator to None
[2021-03-08 12:24:34,993] {scheduler_job.py:190} INFO - Processing /Users/garymarmon/PycharmProjects/AWTY-Limitless/DataServerContainer/env/lib/python3.8/site-packages/airflow/example_dags/example_python_operator.py took 0.071 seconds
[2021-03-08 12:26:00,301] {scheduler_job.py:182} INFO - Started process (PID=3427) to work on /Users/garymarmon/PycharmProjects/AWTY-Limitless/DataServerContainer/env/lib/python3.8/site-packages/airflow/example_dags/example_python_operator.py
[2021-03-08 12:26:00,302] {scheduler_job.py:629} INFO - Processing file /Users/garymarmon/PycharmProjects/AWTY-Limitless/DataServerContainer/env/lib/python3.8/site-packages/airflow/example_dags/example_python_operator.py for tasks to queue
[2021-03-08 12:26:00,303] {logging_mixin.py:104} INFO - [2021-03-08 12:26:00,303] {dagbag.py:448} INFO - Filling up the DagBag from /Users/garymarmon/PycharmProjects/AWTY-Limitless/DataServerContainer/env/lib/python3.8/site-packages/airflow/example_dags/example_python_operator.py
[2021-03-08 12:26:00,315] {scheduler_job.py:639} INFO - DAG(s) dict_keys(['example_python_operator']) retrieved from /Users/garymarmon/PycharmProjects/AWTY-Limitless/DataServerContainer/env/lib/python3.8/site-packages/airflow/example_dags/example_python_operator.py
[2021-03-08 12:26:00,367] {logging_mixin.py:104} INFO - [2021-03-08 12:26:00,367] {dag.py:1818} INFO - Sync 1 DAGs
[2021-03-08 12:26:00,376] {logging_mixin.py:104} INFO - [2021-03-08 12:26:00,376] {dag.py:2273} INFO - Setting next_dagrun for example_python_operator to None
[2021-03-08 12:26:00,386] {scheduler_job.py:190} INFO - Processing /Users/garymarmon/PycharmProjects/AWTY-Limitless/DataServerContainer/env/lib/python3.8/site-packages/airflow/example_dags/example_python_operator.py took 0.086 seconds
[2021-03-08 12:27:25,525] {scheduler_job.py:182} INFO - Started process (PID=3638) to work on /Users/garymarmon/PycharmProjects/AWTY-Limitless/DataServerContainer/env/lib/python3.8/site-packages/airflow/example_dags/example_python_operator.py
[2021-03-08 12:27:25,525] {scheduler_job.py:629} INFO - Processing file /Users/garymarmon/PycharmProjects/AWTY-Limitless/DataServerContainer/env/lib/python3.8/site-packages/airflow/example_dags/example_python_operator.py for tasks to queue
[2021-03-08 12:27:25,526] {logging_mixin.py:104} INFO - [2021-03-08 12:27:25,525] {dagbag.py:448} INFO - Filling up the DagBag from /Users/garymarmon/PycharmProjects/AWTY-Limitless/DataServerContainer/env/lib/python3.8/site-packages/airflow/example_dags/example_python_operator.py
[2021-03-08 12:27:25,533] {scheduler_job.py:639} INFO - DAG(s) dict_keys(['example_python_operator']) retrieved from /Users/garymarmon/PycharmProjects/AWTY-Limitless/DataServerContainer/env/lib/python3.8/site-packages/airflow/example_dags/example_python_operator.py
[2021-03-08 12:27:25,570] {logging_mixin.py:104} INFO - [2021-03-08 12:27:25,570] {dag.py:1818} INFO - Sync 1 DAGs
[2021-03-08 12:27:25,578] {logging_mixin.py:104} INFO - [2021-03-08 12:27:25,577] {dag.py:2273} INFO - Setting next_dagrun for example_python_operator to None
[2021-03-08 12:27:25,585] {scheduler_job.py:190} INFO - Processing /Users/garymarmon/PycharmProjects/AWTY-Limitless/DataServerContainer/env/lib/python3.8/site-packages/airflow/example_dags/example_python_operator.py took 0.062 seconds
[2021-03-08 12:28:23,951] {scheduler_job.py:182} INFO - Started process (PID=3714) to work on /Users/garymarmon/PycharmProjects/AWTY-Limitless/DataServerContainer/env/lib/python3.8/site-packages/airflow/example_dags/example_python_operator.py
[2021-03-08 12:28:23,951] {scheduler_job.py:629} INFO - Processing file /Users/garymarmon/PycharmProjects/AWTY-Limitless/DataServerContainer/env/lib/python3.8/site-packages/airflow/example_dags/example_python_operator.py for tasks to queue
[2021-03-08 12:28:23,952] {logging_mixin.py:104} INFO - [2021-03-08 12:28:23,952] {dagbag.py:448} INFO - Filling up the DagBag from /Users/garymarmon/PycharmProjects/AWTY-Limitless/DataServerContainer/env/lib/python3.8/site-packages/airflow/example_dags/example_python_operator.py
[2021-03-08 12:28:23,960] {scheduler_job.py:639} INFO - DAG(s) dict_keys(['example_python_operator']) retrieved from /Users/garymarmon/PycharmProjects/AWTY-Limitless/DataServerContainer/env/lib/python3.8/site-packages/airflow/example_dags/example_python_operator.py
[2021-03-08 12:28:23,995] {logging_mixin.py:104} INFO - [2021-03-08 12:28:23,995] {dag.py:1818} INFO - Sync 1 DAGs
[2021-03-08 12:28:24,003] {logging_mixin.py:104} INFO - [2021-03-08 12:28:24,003] {dag.py:2273} INFO - Setting next_dagrun for example_python_operator to None
[2021-03-08 12:28:24,023] {scheduler_job.py:190} INFO - Processing /Users/garymarmon/PycharmProjects/AWTY-Limitless/DataServerContainer/env/lib/python3.8/site-packages/airflow/example_dags/example_python_operator.py took 0.073 seconds
[2021-03-08 12:29:28,650] {scheduler_job.py:182} INFO - Started process (PID=3792) to work on /Users/garymarmon/PycharmProjects/AWTY-Limitless/DataServerContainer/env/lib/python3.8/site-packages/airflow/example_dags/example_python_operator.py
[2021-03-08 12:29:28,651] {scheduler_job.py:629} INFO - Processing file /Users/garymarmon/PycharmProjects/AWTY-Limitless/DataServerContainer/env/lib/python3.8/site-packages/airflow/example_dags/example_python_operator.py for tasks to queue
[2021-03-08 12:29:28,651] {logging_mixin.py:104} INFO - [2021-03-08 12:29:28,651] {dagbag.py:448} INFO - Filling up the DagBag from /Users/garymarmon/PycharmProjects/AWTY-Limitless/DataServerContainer/env/lib/python3.8/site-packages/airflow/example_dags/example_python_operator.py
[2021-03-08 12:29:28,660] {scheduler_job.py:639} INFO - DAG(s) dict_keys(['example_python_operator']) retrieved from /Users/garymarmon/PycharmProjects/AWTY-Limitless/DataServerContainer/env/lib/python3.8/site-packages/airflow/example_dags/example_python_operator.py
[2021-03-08 12:29:28,706] {logging_mixin.py:104} INFO - [2021-03-08 12:29:28,706] {dag.py:1818} INFO - Sync 1 DAGs
[2021-03-08 12:29:28,716] {logging_mixin.py:104} INFO - [2021-03-08 12:29:28,715] {dag.py:2273} INFO - Setting next_dagrun for example_python_operator to None
[2021-03-08 12:29:28,725] {scheduler_job.py:190} INFO - Processing /Users/garymarmon/PycharmProjects/AWTY-Limitless/DataServerContainer/env/lib/python3.8/site-packages/airflow/example_dags/example_python_operator.py took 0.077 seconds
[2021-03-08 12:30:34,737] {scheduler_job.py:182} INFO - Started process (PID=3862) to work on /Users/garymarmon/PycharmProjects/AWTY-Limitless/DataServerContainer/env/lib/python3.8/site-packages/airflow/example_dags/example_python_operator.py
[2021-03-08 12:30:34,737] {scheduler_job.py:629} INFO - Processing file /Users/garymarmon/PycharmProjects/AWTY-Limitless/DataServerContainer/env/lib/python3.8/site-packages/airflow/example_dags/example_python_operator.py for tasks to queue
[2021-03-08 12:30:34,738] {logging_mixin.py:104} INFO - [2021-03-08 12:30:34,738] {dagbag.py:448} INFO - Filling up the DagBag from /Users/garymarmon/PycharmProjects/AWTY-Limitless/DataServerContainer/env/lib/python3.8/site-packages/airflow/example_dags/example_python_operator.py
[2021-03-08 12:30:34,748] {scheduler_job.py:639} INFO - DAG(s) dict_keys(['example_python_operator']) retrieved from /Users/garymarmon/PycharmProjects/AWTY-Limitless/DataServerContainer/env/lib/python3.8/site-packages/airflow/example_dags/example_python_operator.py
[2021-03-08 12:30:34,798] {logging_mixin.py:104} INFO - [2021-03-08 12:30:34,797] {dag.py:1818} INFO - Sync 1 DAGs
[2021-03-08 12:30:34,807] {logging_mixin.py:104} INFO - [2021-03-08 12:30:34,807] {dag.py:2273} INFO - Setting next_dagrun for example_python_operator to None
[2021-03-08 12:30:34,817] {scheduler_job.py:190} INFO - Processing /Users/garymarmon/PycharmProjects/AWTY-Limitless/DataServerContainer/env/lib/python3.8/site-packages/airflow/example_dags/example_python_operator.py took 0.082 seconds
[2021-03-08 12:31:50,404] {scheduler_job.py:182} INFO - Started process (PID=3948) to work on /Users/garymarmon/PycharmProjects/AWTY-Limitless/DataServerContainer/env/lib/python3.8/site-packages/airflow/example_dags/example_python_operator.py
[2021-03-08 12:31:50,404] {scheduler_job.py:629} INFO - Processing file /Users/garymarmon/PycharmProjects/AWTY-Limitless/DataServerContainer/env/lib/python3.8/site-packages/airflow/example_dags/example_python_operator.py for tasks to queue
[2021-03-08 12:31:50,405] {logging_mixin.py:104} INFO - [2021-03-08 12:31:50,405] {dagbag.py:448} INFO - Filling up the DagBag from /Users/garymarmon/PycharmProjects/AWTY-Limitless/DataServerContainer/env/lib/python3.8/site-packages/airflow/example_dags/example_python_operator.py
[2021-03-08 12:31:50,412] {scheduler_job.py:639} INFO - DAG(s) dict_keys(['example_python_operator']) retrieved from /Users/garymarmon/PycharmProjects/AWTY-Limitless/DataServerContainer/env/lib/python3.8/site-packages/airflow/example_dags/example_python_operator.py
[2021-03-08 12:31:50,450] {logging_mixin.py:104} INFO - [2021-03-08 12:31:50,450] {dag.py:1818} INFO - Sync 1 DAGs
[2021-03-08 12:31:50,458] {logging_mixin.py:104} INFO - [2021-03-08 12:31:50,457] {dag.py:2273} INFO - Setting next_dagrun for example_python_operator to None
[2021-03-08 12:31:50,468] {scheduler_job.py:190} INFO - Processing /Users/garymarmon/PycharmProjects/AWTY-Limitless/DataServerContainer/env/lib/python3.8/site-packages/airflow/example_dags/example_python_operator.py took 0.065 seconds
[2021-03-08 12:33:00,891] {scheduler_job.py:182} INFO - Started process (PID=4031) to work on /Users/garymarmon/PycharmProjects/AWTY-Limitless/DataServerContainer/env/lib/python3.8/site-packages/airflow/example_dags/example_python_operator.py
[2021-03-08 12:33:00,891] {scheduler_job.py:629} INFO - Processing file /Users/garymarmon/PycharmProjects/AWTY-Limitless/DataServerContainer/env/lib/python3.8/site-packages/airflow/example_dags/example_python_operator.py for tasks to queue
[2021-03-08 12:33:00,892] {logging_mixin.py:104} INFO - [2021-03-08 12:33:00,892] {dagbag.py:448} INFO - Filling up the DagBag from /Users/garymarmon/PycharmProjects/AWTY-Limitless/DataServerContainer/env/lib/python3.8/site-packages/airflow/example_dags/example_python_operator.py
[2021-03-08 12:33:00,900] {scheduler_job.py:639} INFO - DAG(s) dict_keys(['example_python_operator']) retrieved from /Users/garymarmon/PycharmProjects/AWTY-Limitless/DataServerContainer/env/lib/python3.8/site-packages/airflow/example_dags/example_python_operator.py
[2021-03-08 12:33:00,939] {logging_mixin.py:104} INFO - [2021-03-08 12:33:00,938] {dag.py:1818} INFO - Sync 1 DAGs
[2021-03-08 12:33:00,946] {logging_mixin.py:104} INFO - [2021-03-08 12:33:00,946] {dag.py:2273} INFO - Setting next_dagrun for example_python_operator to None
[2021-03-08 12:33:00,954] {scheduler_job.py:190} INFO - Processing /Users/garymarmon/PycharmProjects/AWTY-Limitless/DataServerContainer/env/lib/python3.8/site-packages/airflow/example_dags/example_python_operator.py took 0.065 seconds
[2021-03-08 12:34:03,053] {scheduler_job.py:182} INFO - Started process (PID=4101) to work on /Users/garymarmon/PycharmProjects/AWTY-Limitless/DataServerContainer/env/lib/python3.8/site-packages/airflow/example_dags/example_python_operator.py
[2021-03-08 12:34:03,053] {scheduler_job.py:629} INFO - Processing file /Users/garymarmon/PycharmProjects/AWTY-Limitless/DataServerContainer/env/lib/python3.8/site-packages/airflow/example_dags/example_python_operator.py for tasks to queue
[2021-03-08 12:34:03,054] {logging_mixin.py:104} INFO - [2021-03-08 12:34:03,054] {dagbag.py:448} INFO - Filling up the DagBag from /Users/garymarmon/PycharmProjects/AWTY-Limitless/DataServerContainer/env/lib/python3.8/site-packages/airflow/example_dags/example_python_operator.py
[2021-03-08 12:34:03,063] {scheduler_job.py:639} INFO - DAG(s) dict_keys(['example_python_operator']) retrieved from /Users/garymarmon/PycharmProjects/AWTY-Limitless/DataServerContainer/env/lib/python3.8/site-packages/airflow/example_dags/example_python_operator.py
[2021-03-08 12:34:03,105] {logging_mixin.py:104} INFO - [2021-03-08 12:34:03,104] {dag.py:1818} INFO - Sync 1 DAGs
[2021-03-08 12:34:03,113] {logging_mixin.py:104} INFO - [2021-03-08 12:34:03,112] {dag.py:2273} INFO - Setting next_dagrun for example_python_operator to None
[2021-03-08 12:34:03,121] {scheduler_job.py:190} INFO - Processing /Users/garymarmon/PycharmProjects/AWTY-Limitless/DataServerContainer/env/lib/python3.8/site-packages/airflow/example_dags/example_python_operator.py took 0.070 seconds
[2021-03-08 12:35:16,073] {scheduler_job.py:182} INFO - Started process (PID=4187) to work on /Users/garymarmon/PycharmProjects/AWTY-Limitless/DataServerContainer/env/lib/python3.8/site-packages/airflow/example_dags/example_python_operator.py
[2021-03-08 12:35:16,074] {scheduler_job.py:629} INFO - Processing file /Users/garymarmon/PycharmProjects/AWTY-Limitless/DataServerContainer/env/lib/python3.8/site-packages/airflow/example_dags/example_python_operator.py for tasks to queue
[2021-03-08 12:35:16,074] {logging_mixin.py:104} INFO - [2021-03-08 12:35:16,074] {dagbag.py:448} INFO - Filling up the DagBag from /Users/garymarmon/PycharmProjects/AWTY-Limitless/DataServerContainer/env/lib/python3.8/site-packages/airflow/example_dags/example_python_operator.py
[2021-03-08 12:35:16,083] {scheduler_job.py:639} INFO - DAG(s) dict_keys(['example_python_operator']) retrieved from /Users/garymarmon/PycharmProjects/AWTY-Limitless/DataServerContainer/env/lib/python3.8/site-packages/airflow/example_dags/example_python_operator.py
[2021-03-08 12:35:16,120] {logging_mixin.py:104} INFO - [2021-03-08 12:35:16,120] {dag.py:1818} INFO - Sync 1 DAGs
[2021-03-08 12:35:16,127] {logging_mixin.py:104} INFO - [2021-03-08 12:35:16,127] {dag.py:2273} INFO - Setting next_dagrun for example_python_operator to None
[2021-03-08 12:35:16,135] {scheduler_job.py:190} INFO - Processing /Users/garymarmon/PycharmProjects/AWTY-Limitless/DataServerContainer/env/lib/python3.8/site-packages/airflow/example_dags/example_python_operator.py took 0.062 seconds
[2021-03-08 12:36:22,971] {scheduler_job.py:182} INFO - Started process (PID=4268) to work on /Users/garymarmon/PycharmProjects/AWTY-Limitless/DataServerContainer/env/lib/python3.8/site-packages/airflow/example_dags/example_python_operator.py
[2021-03-08 12:36:22,972] {scheduler_job.py:629} INFO - Processing file /Users/garymarmon/PycharmProjects/AWTY-Limitless/DataServerContainer/env/lib/python3.8/site-packages/airflow/example_dags/example_python_operator.py for tasks to queue
[2021-03-08 12:36:22,972] {logging_mixin.py:104} INFO - [2021-03-08 12:36:22,972] {dagbag.py:448} INFO - Filling up the DagBag from /Users/garymarmon/PycharmProjects/AWTY-Limitless/DataServerContainer/env/lib/python3.8/site-packages/airflow/example_dags/example_python_operator.py
[2021-03-08 12:36:22,982] {scheduler_job.py:639} INFO - DAG(s) dict_keys(['example_python_operator']) retrieved from /Users/garymarmon/PycharmProjects/AWTY-Limitless/DataServerContainer/env/lib/python3.8/site-packages/airflow/example_dags/example_python_operator.py
[2021-03-08 12:36:23,025] {logging_mixin.py:104} INFO - [2021-03-08 12:36:23,025] {dag.py:1818} INFO - Sync 1 DAGs
[2021-03-08 12:36:23,034] {logging_mixin.py:104} INFO - [2021-03-08 12:36:23,034] {dag.py:2273} INFO - Setting next_dagrun for example_python_operator to None
[2021-03-08 12:36:23,043] {scheduler_job.py:190} INFO - Processing /Users/garymarmon/PycharmProjects/AWTY-Limitless/DataServerContainer/env/lib/python3.8/site-packages/airflow/example_dags/example_python_operator.py took 0.073 seconds
[2021-03-08 12:37:35,625] {scheduler_job.py:182} INFO - Started process (PID=4374) to work on /Users/garymarmon/PycharmProjects/AWTY-Limitless/DataServerContainer/env/lib/python3.8/site-packages/airflow/example_dags/example_python_operator.py
[2021-03-08 12:37:35,625] {scheduler_job.py:629} INFO - Processing file /Users/garymarmon/PycharmProjects/AWTY-Limitless/DataServerContainer/env/lib/python3.8/site-packages/airflow/example_dags/example_python_operator.py for tasks to queue
[2021-03-08 12:37:35,626] {logging_mixin.py:104} INFO - [2021-03-08 12:37:35,626] {dagbag.py:448} INFO - Filling up the DagBag from /Users/garymarmon/PycharmProjects/AWTY-Limitless/DataServerContainer/env/lib/python3.8/site-packages/airflow/example_dags/example_python_operator.py
[2021-03-08 12:37:35,636] {scheduler_job.py:639} INFO - DAG(s) dict_keys(['example_python_operator']) retrieved from /Users/garymarmon/PycharmProjects/AWTY-Limitless/DataServerContainer/env/lib/python3.8/site-packages/airflow/example_dags/example_python_operator.py
[2021-03-08 12:37:35,675] {logging_mixin.py:104} INFO - [2021-03-08 12:37:35,675] {dag.py:1818} INFO - Sync 1 DAGs
[2021-03-08 12:37:35,684] {logging_mixin.py:104} INFO - [2021-03-08 12:37:35,684] {dag.py:2273} INFO - Setting next_dagrun for example_python_operator to None
[2021-03-08 12:37:35,695] {scheduler_job.py:190} INFO - Processing /Users/garymarmon/PycharmProjects/AWTY-Limitless/DataServerContainer/env/lib/python3.8/site-packages/airflow/example_dags/example_python_operator.py took 0.071 seconds
