[2021-03-08 12:11:25,593] {scheduler_job.py:182} INFO - Started process (PID=2345) to work on /Users/garymarmon/PycharmProjects/AWTY-Limitless/DataServerContainer/env/lib/python3.8/site-packages/airflow/example_dags/example_dag_decorator.py
[2021-03-08 12:11:25,594] {scheduler_job.py:629} INFO - Processing file /Users/garymarmon/PycharmProjects/AWTY-Limitless/DataServerContainer/env/lib/python3.8/site-packages/airflow/example_dags/example_dag_decorator.py for tasks to queue
[2021-03-08 12:11:25,594] {logging_mixin.py:104} INFO - [2021-03-08 12:11:25,594] {dagbag.py:448} INFO - Filling up the DagBag from /Users/garymarmon/PycharmProjects/AWTY-Limitless/DataServerContainer/env/lib/python3.8/site-packages/airflow/example_dags/example_dag_decorator.py
[2021-03-08 12:11:25,609] {scheduler_job.py:639} INFO - DAG(s) dict_keys(['example_dag_decorator']) retrieved from /Users/garymarmon/PycharmProjects/AWTY-Limitless/DataServerContainer/env/lib/python3.8/site-packages/airflow/example_dags/example_dag_decorator.py
[2021-03-08 12:11:25,657] {logging_mixin.py:104} INFO - [2021-03-08 12:11:25,657] {dag.py:1818} INFO - Sync 1 DAGs
[2021-03-08 12:11:25,669] {logging_mixin.py:104} INFO - [2021-03-08 12:11:25,669] {dag.py:2273} INFO - Setting next_dagrun for example_dag_decorator to None
[2021-03-08 12:11:25,683] {scheduler_job.py:190} INFO - Processing /Users/garymarmon/PycharmProjects/AWTY-Limitless/DataServerContainer/env/lib/python3.8/site-packages/airflow/example_dags/example_dag_decorator.py took 0.091 seconds
[2021-03-08 12:14:32,500] {scheduler_job.py:182} INFO - Started process (PID=2501) to work on /Users/garymarmon/PycharmProjects/AWTY-Limitless/DataServerContainer/env/lib/python3.8/site-packages/airflow/example_dags/example_dag_decorator.py
[2021-03-08 12:14:32,501] {scheduler_job.py:629} INFO - Processing file /Users/garymarmon/PycharmProjects/AWTY-Limitless/DataServerContainer/env/lib/python3.8/site-packages/airflow/example_dags/example_dag_decorator.py for tasks to queue
[2021-03-08 12:14:32,501] {logging_mixin.py:104} INFO - [2021-03-08 12:14:32,501] {dagbag.py:448} INFO - Filling up the DagBag from /Users/garymarmon/PycharmProjects/AWTY-Limitless/DataServerContainer/env/lib/python3.8/site-packages/airflow/example_dags/example_dag_decorator.py
[2021-03-08 12:14:32,513] {scheduler_job.py:639} INFO - DAG(s) dict_keys(['example_dag_decorator']) retrieved from /Users/garymarmon/PycharmProjects/AWTY-Limitless/DataServerContainer/env/lib/python3.8/site-packages/airflow/example_dags/example_dag_decorator.py
[2021-03-08 12:14:32,556] {logging_mixin.py:104} INFO - [2021-03-08 12:14:32,556] {dag.py:1818} INFO - Sync 1 DAGs
[2021-03-08 12:14:32,564] {logging_mixin.py:104} INFO - [2021-03-08 12:14:32,564] {dag.py:2273} INFO - Setting next_dagrun for example_dag_decorator to None
[2021-03-08 12:14:32,573] {scheduler_job.py:190} INFO - Processing /Users/garymarmon/PycharmProjects/AWTY-Limitless/DataServerContainer/env/lib/python3.8/site-packages/airflow/example_dags/example_dag_decorator.py took 0.074 seconds
[2021-03-08 12:15:30,916] {scheduler_job.py:182} INFO - Started process (PID=2572) to work on /Users/garymarmon/PycharmProjects/AWTY-Limitless/DataServerContainer/env/lib/python3.8/site-packages/airflow/example_dags/example_dag_decorator.py
[2021-03-08 12:15:30,917] {scheduler_job.py:629} INFO - Processing file /Users/garymarmon/PycharmProjects/AWTY-Limitless/DataServerContainer/env/lib/python3.8/site-packages/airflow/example_dags/example_dag_decorator.py for tasks to queue
[2021-03-08 12:15:30,918] {logging_mixin.py:104} INFO - [2021-03-08 12:15:30,917] {dagbag.py:448} INFO - Filling up the DagBag from /Users/garymarmon/PycharmProjects/AWTY-Limitless/DataServerContainer/env/lib/python3.8/site-packages/airflow/example_dags/example_dag_decorator.py
[2021-03-08 12:15:30,930] {scheduler_job.py:639} INFO - DAG(s) dict_keys(['example_dag_decorator']) retrieved from /Users/garymarmon/PycharmProjects/AWTY-Limitless/DataServerContainer/env/lib/python3.8/site-packages/airflow/example_dags/example_dag_decorator.py
[2021-03-08 12:15:30,975] {logging_mixin.py:104} INFO - [2021-03-08 12:15:30,974] {dag.py:1818} INFO - Sync 1 DAGs
[2021-03-08 12:15:30,984] {logging_mixin.py:104} INFO - [2021-03-08 12:15:30,984] {dag.py:2273} INFO - Setting next_dagrun for example_dag_decorator to None
[2021-03-08 12:15:30,995] {scheduler_job.py:190} INFO - Processing /Users/garymarmon/PycharmProjects/AWTY-Limitless/DataServerContainer/env/lib/python3.8/site-packages/airflow/example_dags/example_dag_decorator.py took 0.080 seconds
[2021-03-08 12:16:31,242] {scheduler_job.py:182} INFO - Started process (PID=2644) to work on /Users/garymarmon/PycharmProjects/AWTY-Limitless/DataServerContainer/env/lib/python3.8/site-packages/airflow/example_dags/example_dag_decorator.py
[2021-03-08 12:16:31,242] {scheduler_job.py:629} INFO - Processing file /Users/garymarmon/PycharmProjects/AWTY-Limitless/DataServerContainer/env/lib/python3.8/site-packages/airflow/example_dags/example_dag_decorator.py for tasks to queue
[2021-03-08 12:16:31,243] {logging_mixin.py:104} INFO - [2021-03-08 12:16:31,243] {dagbag.py:448} INFO - Filling up the DagBag from /Users/garymarmon/PycharmProjects/AWTY-Limitless/DataServerContainer/env/lib/python3.8/site-packages/airflow/example_dags/example_dag_decorator.py
[2021-03-08 12:16:31,254] {scheduler_job.py:639} INFO - DAG(s) dict_keys(['example_dag_decorator']) retrieved from /Users/garymarmon/PycharmProjects/AWTY-Limitless/DataServerContainer/env/lib/python3.8/site-packages/airflow/example_dags/example_dag_decorator.py
[2021-03-08 12:16:31,299] {logging_mixin.py:104} INFO - [2021-03-08 12:16:31,299] {dag.py:1818} INFO - Sync 1 DAGs
[2021-03-08 12:16:31,308] {logging_mixin.py:104} INFO - [2021-03-08 12:16:31,308] {dag.py:2273} INFO - Setting next_dagrun for example_dag_decorator to None
[2021-03-08 12:16:31,319] {scheduler_job.py:190} INFO - Processing /Users/garymarmon/PycharmProjects/AWTY-Limitless/DataServerContainer/env/lib/python3.8/site-packages/airflow/example_dags/example_dag_decorator.py took 0.078 seconds
[2021-03-08 12:17:34,016] {scheduler_job.py:182} INFO - Started process (PID=2728) to work on /Users/garymarmon/PycharmProjects/AWTY-Limitless/DataServerContainer/env/lib/python3.8/site-packages/airflow/example_dags/example_dag_decorator.py
[2021-03-08 12:17:34,016] {scheduler_job.py:629} INFO - Processing file /Users/garymarmon/PycharmProjects/AWTY-Limitless/DataServerContainer/env/lib/python3.8/site-packages/airflow/example_dags/example_dag_decorator.py for tasks to queue
[2021-03-08 12:17:34,017] {logging_mixin.py:104} INFO - [2021-03-08 12:17:34,017] {dagbag.py:448} INFO - Filling up the DagBag from /Users/garymarmon/PycharmProjects/AWTY-Limitless/DataServerContainer/env/lib/python3.8/site-packages/airflow/example_dags/example_dag_decorator.py
[2021-03-08 12:17:34,027] {scheduler_job.py:639} INFO - DAG(s) dict_keys(['example_dag_decorator']) retrieved from /Users/garymarmon/PycharmProjects/AWTY-Limitless/DataServerContainer/env/lib/python3.8/site-packages/airflow/example_dags/example_dag_decorator.py
[2021-03-08 12:17:34,063] {logging_mixin.py:104} INFO - [2021-03-08 12:17:34,063] {dag.py:1818} INFO - Sync 1 DAGs
[2021-03-08 12:17:34,069] {logging_mixin.py:104} INFO - [2021-03-08 12:17:34,069] {dag.py:2273} INFO - Setting next_dagrun for example_dag_decorator to None
[2021-03-08 12:17:34,077] {scheduler_job.py:190} INFO - Processing /Users/garymarmon/PycharmProjects/AWTY-Limitless/DataServerContainer/env/lib/python3.8/site-packages/airflow/example_dags/example_dag_decorator.py took 0.062 seconds
[2021-03-08 12:19:05,343] {scheduler_job.py:182} INFO - Started process (PID=2844) to work on /Users/garymarmon/PycharmProjects/AWTY-Limitless/DataServerContainer/env/lib/python3.8/site-packages/airflow/example_dags/example_dag_decorator.py
[2021-03-08 12:19:05,343] {scheduler_job.py:629} INFO - Processing file /Users/garymarmon/PycharmProjects/AWTY-Limitless/DataServerContainer/env/lib/python3.8/site-packages/airflow/example_dags/example_dag_decorator.py for tasks to queue
[2021-03-08 12:19:05,344] {logging_mixin.py:104} INFO - [2021-03-08 12:19:05,344] {dagbag.py:448} INFO - Filling up the DagBag from /Users/garymarmon/PycharmProjects/AWTY-Limitless/DataServerContainer/env/lib/python3.8/site-packages/airflow/example_dags/example_dag_decorator.py
[2021-03-08 12:19:05,355] {scheduler_job.py:639} INFO - DAG(s) dict_keys(['example_dag_decorator']) retrieved from /Users/garymarmon/PycharmProjects/AWTY-Limitless/DataServerContainer/env/lib/python3.8/site-packages/airflow/example_dags/example_dag_decorator.py
[2021-03-08 12:19:05,390] {logging_mixin.py:104} INFO - [2021-03-08 12:19:05,390] {dag.py:1818} INFO - Sync 1 DAGs
[2021-03-08 12:19:05,397] {logging_mixin.py:104} INFO - [2021-03-08 12:19:05,397] {dag.py:2273} INFO - Setting next_dagrun for example_dag_decorator to None
[2021-03-08 12:19:05,405] {scheduler_job.py:190} INFO - Processing /Users/garymarmon/PycharmProjects/AWTY-Limitless/DataServerContainer/env/lib/python3.8/site-packages/airflow/example_dags/example_dag_decorator.py took 0.063 seconds
[2021-03-08 12:20:38,145] {scheduler_job.py:182} INFO - Started process (PID=2951) to work on /Users/garymarmon/PycharmProjects/AWTY-Limitless/DataServerContainer/env/lib/python3.8/site-packages/airflow/example_dags/example_dag_decorator.py
[2021-03-08 12:20:38,146] {scheduler_job.py:629} INFO - Processing file /Users/garymarmon/PycharmProjects/AWTY-Limitless/DataServerContainer/env/lib/python3.8/site-packages/airflow/example_dags/example_dag_decorator.py for tasks to queue
[2021-03-08 12:20:38,146] {logging_mixin.py:104} INFO - [2021-03-08 12:20:38,146] {dagbag.py:448} INFO - Filling up the DagBag from /Users/garymarmon/PycharmProjects/AWTY-Limitless/DataServerContainer/env/lib/python3.8/site-packages/airflow/example_dags/example_dag_decorator.py
[2021-03-08 12:20:38,156] {scheduler_job.py:639} INFO - DAG(s) dict_keys(['example_dag_decorator']) retrieved from /Users/garymarmon/PycharmProjects/AWTY-Limitless/DataServerContainer/env/lib/python3.8/site-packages/airflow/example_dags/example_dag_decorator.py
[2021-03-08 12:20:38,191] {logging_mixin.py:104} INFO - [2021-03-08 12:20:38,191] {dag.py:1818} INFO - Sync 1 DAGs
[2021-03-08 12:20:38,200] {logging_mixin.py:104} INFO - [2021-03-08 12:20:38,200] {dag.py:2273} INFO - Setting next_dagrun for example_dag_decorator to None
[2021-03-08 12:20:38,210] {scheduler_job.py:190} INFO - Processing /Users/garymarmon/PycharmProjects/AWTY-Limitless/DataServerContainer/env/lib/python3.8/site-packages/airflow/example_dags/example_dag_decorator.py took 0.066 seconds
[2021-03-08 12:21:50,703] {scheduler_job.py:182} INFO - Started process (PID=3044) to work on /Users/garymarmon/PycharmProjects/AWTY-Limitless/DataServerContainer/env/lib/python3.8/site-packages/airflow/example_dags/example_dag_decorator.py
[2021-03-08 12:21:50,704] {scheduler_job.py:629} INFO - Processing file /Users/garymarmon/PycharmProjects/AWTY-Limitless/DataServerContainer/env/lib/python3.8/site-packages/airflow/example_dags/example_dag_decorator.py for tasks to queue
[2021-03-08 12:21:50,704] {logging_mixin.py:104} INFO - [2021-03-08 12:21:50,704] {dagbag.py:448} INFO - Filling up the DagBag from /Users/garymarmon/PycharmProjects/AWTY-Limitless/DataServerContainer/env/lib/python3.8/site-packages/airflow/example_dags/example_dag_decorator.py
[2021-03-08 12:21:50,716] {scheduler_job.py:639} INFO - DAG(s) dict_keys(['example_dag_decorator']) retrieved from /Users/garymarmon/PycharmProjects/AWTY-Limitless/DataServerContainer/env/lib/python3.8/site-packages/airflow/example_dags/example_dag_decorator.py
[2021-03-08 12:21:50,751] {logging_mixin.py:104} INFO - [2021-03-08 12:21:50,751] {dag.py:1818} INFO - Sync 1 DAGs
[2021-03-08 12:21:50,758] {logging_mixin.py:104} INFO - [2021-03-08 12:21:50,758] {dag.py:2273} INFO - Setting next_dagrun for example_dag_decorator to None
[2021-03-08 12:21:50,766] {scheduler_job.py:190} INFO - Processing /Users/garymarmon/PycharmProjects/AWTY-Limitless/DataServerContainer/env/lib/python3.8/site-packages/airflow/example_dags/example_dag_decorator.py took 0.064 seconds
[2021-03-08 12:22:57,457] {scheduler_job.py:182} INFO - Started process (PID=3131) to work on /Users/garymarmon/PycharmProjects/AWTY-Limitless/DataServerContainer/env/lib/python3.8/site-packages/airflow/example_dags/example_dag_decorator.py
[2021-03-08 12:22:57,458] {scheduler_job.py:629} INFO - Processing file /Users/garymarmon/PycharmProjects/AWTY-Limitless/DataServerContainer/env/lib/python3.8/site-packages/airflow/example_dags/example_dag_decorator.py for tasks to queue
[2021-03-08 12:22:57,458] {logging_mixin.py:104} INFO - [2021-03-08 12:22:57,458] {dagbag.py:448} INFO - Filling up the DagBag from /Users/garymarmon/PycharmProjects/AWTY-Limitless/DataServerContainer/env/lib/python3.8/site-packages/airflow/example_dags/example_dag_decorator.py
[2021-03-08 12:22:57,470] {scheduler_job.py:639} INFO - DAG(s) dict_keys(['example_dag_decorator']) retrieved from /Users/garymarmon/PycharmProjects/AWTY-Limitless/DataServerContainer/env/lib/python3.8/site-packages/airflow/example_dags/example_dag_decorator.py
[2021-03-08 12:22:57,508] {logging_mixin.py:104} INFO - [2021-03-08 12:22:57,508] {dag.py:1818} INFO - Sync 1 DAGs
[2021-03-08 12:22:57,517] {logging_mixin.py:104} INFO - [2021-03-08 12:22:57,516] {dag.py:2273} INFO - Setting next_dagrun for example_dag_decorator to None
[2021-03-08 12:22:57,526] {scheduler_job.py:190} INFO - Processing /Users/garymarmon/PycharmProjects/AWTY-Limitless/DataServerContainer/env/lib/python3.8/site-packages/airflow/example_dags/example_dag_decorator.py took 0.070 seconds
[2021-03-08 12:23:56,837] {scheduler_job.py:182} INFO - Started process (PID=3204) to work on /Users/garymarmon/PycharmProjects/AWTY-Limitless/DataServerContainer/env/lib/python3.8/site-packages/airflow/example_dags/example_dag_decorator.py
[2021-03-08 12:23:56,838] {scheduler_job.py:629} INFO - Processing file /Users/garymarmon/PycharmProjects/AWTY-Limitless/DataServerContainer/env/lib/python3.8/site-packages/airflow/example_dags/example_dag_decorator.py for tasks to queue
[2021-03-08 12:23:56,838] {logging_mixin.py:104} INFO - [2021-03-08 12:23:56,838] {dagbag.py:448} INFO - Filling up the DagBag from /Users/garymarmon/PycharmProjects/AWTY-Limitless/DataServerContainer/env/lib/python3.8/site-packages/airflow/example_dags/example_dag_decorator.py
[2021-03-08 12:23:56,849] {scheduler_job.py:639} INFO - DAG(s) dict_keys(['example_dag_decorator']) retrieved from /Users/garymarmon/PycharmProjects/AWTY-Limitless/DataServerContainer/env/lib/python3.8/site-packages/airflow/example_dags/example_dag_decorator.py
[2021-03-08 12:23:56,884] {logging_mixin.py:104} INFO - [2021-03-08 12:23:56,884] {dag.py:1818} INFO - Sync 1 DAGs
[2021-03-08 12:23:56,891] {logging_mixin.py:104} INFO - [2021-03-08 12:23:56,891] {dag.py:2273} INFO - Setting next_dagrun for example_dag_decorator to None
[2021-03-08 12:23:56,899] {scheduler_job.py:190} INFO - Processing /Users/garymarmon/PycharmProjects/AWTY-Limitless/DataServerContainer/env/lib/python3.8/site-packages/airflow/example_dags/example_dag_decorator.py took 0.063 seconds
[2021-03-08 12:25:01,742] {scheduler_job.py:182} INFO - Started process (PID=3328) to work on /Users/garymarmon/PycharmProjects/AWTY-Limitless/DataServerContainer/env/lib/python3.8/site-packages/airflow/example_dags/example_dag_decorator.py
[2021-03-08 12:25:01,742] {scheduler_job.py:629} INFO - Processing file /Users/garymarmon/PycharmProjects/AWTY-Limitless/DataServerContainer/env/lib/python3.8/site-packages/airflow/example_dags/example_dag_decorator.py for tasks to queue
[2021-03-08 12:25:01,743] {logging_mixin.py:104} INFO - [2021-03-08 12:25:01,743] {dagbag.py:448} INFO - Filling up the DagBag from /Users/garymarmon/PycharmProjects/AWTY-Limitless/DataServerContainer/env/lib/python3.8/site-packages/airflow/example_dags/example_dag_decorator.py
[2021-03-08 12:25:01,753] {scheduler_job.py:639} INFO - DAG(s) dict_keys(['example_dag_decorator']) retrieved from /Users/garymarmon/PycharmProjects/AWTY-Limitless/DataServerContainer/env/lib/python3.8/site-packages/airflow/example_dags/example_dag_decorator.py
[2021-03-08 12:25:01,791] {logging_mixin.py:104} INFO - [2021-03-08 12:25:01,790] {dag.py:1818} INFO - Sync 1 DAGs
[2021-03-08 12:25:01,798] {logging_mixin.py:104} INFO - [2021-03-08 12:25:01,798] {dag.py:2273} INFO - Setting next_dagrun for example_dag_decorator to None
[2021-03-08 12:25:01,806] {scheduler_job.py:190} INFO - Processing /Users/garymarmon/PycharmProjects/AWTY-Limitless/DataServerContainer/env/lib/python3.8/site-packages/airflow/example_dags/example_dag_decorator.py took 0.065 seconds
[2021-03-08 12:26:41,318] {scheduler_job.py:182} INFO - Started process (PID=3580) to work on /Users/garymarmon/PycharmProjects/AWTY-Limitless/DataServerContainer/env/lib/python3.8/site-packages/airflow/example_dags/example_dag_decorator.py
[2021-03-08 12:26:41,320] {scheduler_job.py:629} INFO - Processing file /Users/garymarmon/PycharmProjects/AWTY-Limitless/DataServerContainer/env/lib/python3.8/site-packages/airflow/example_dags/example_dag_decorator.py for tasks to queue
[2021-03-08 12:26:41,320] {logging_mixin.py:104} INFO - [2021-03-08 12:26:41,320] {dagbag.py:448} INFO - Filling up the DagBag from /Users/garymarmon/PycharmProjects/AWTY-Limitless/DataServerContainer/env/lib/python3.8/site-packages/airflow/example_dags/example_dag_decorator.py
[2021-03-08 12:26:41,334] {scheduler_job.py:639} INFO - DAG(s) dict_keys(['example_dag_decorator']) retrieved from /Users/garymarmon/PycharmProjects/AWTY-Limitless/DataServerContainer/env/lib/python3.8/site-packages/airflow/example_dags/example_dag_decorator.py
[2021-03-08 12:26:41,371] {logging_mixin.py:104} INFO - [2021-03-08 12:26:41,371] {dag.py:1818} INFO - Sync 1 DAGs
[2021-03-08 12:26:41,379] {logging_mixin.py:104} INFO - [2021-03-08 12:26:41,379] {dag.py:2273} INFO - Setting next_dagrun for example_dag_decorator to None
[2021-03-08 12:26:41,387] {scheduler_job.py:190} INFO - Processing /Users/garymarmon/PycharmProjects/AWTY-Limitless/DataServerContainer/env/lib/python3.8/site-packages/airflow/example_dags/example_dag_decorator.py took 0.069 seconds
[2021-03-08 12:27:44,561] {scheduler_job.py:182} INFO - Started process (PID=3660) to work on /Users/garymarmon/PycharmProjects/AWTY-Limitless/DataServerContainer/env/lib/python3.8/site-packages/airflow/example_dags/example_dag_decorator.py
[2021-03-08 12:27:44,562] {scheduler_job.py:629} INFO - Processing file /Users/garymarmon/PycharmProjects/AWTY-Limitless/DataServerContainer/env/lib/python3.8/site-packages/airflow/example_dags/example_dag_decorator.py for tasks to queue
[2021-03-08 12:27:44,562] {logging_mixin.py:104} INFO - [2021-03-08 12:27:44,562] {dagbag.py:448} INFO - Filling up the DagBag from /Users/garymarmon/PycharmProjects/AWTY-Limitless/DataServerContainer/env/lib/python3.8/site-packages/airflow/example_dags/example_dag_decorator.py
[2021-03-08 12:27:44,572] {scheduler_job.py:639} INFO - DAG(s) dict_keys(['example_dag_decorator']) retrieved from /Users/garymarmon/PycharmProjects/AWTY-Limitless/DataServerContainer/env/lib/python3.8/site-packages/airflow/example_dags/example_dag_decorator.py
[2021-03-08 12:27:44,609] {logging_mixin.py:104} INFO - [2021-03-08 12:27:44,609] {dag.py:1818} INFO - Sync 1 DAGs
[2021-03-08 12:27:44,616] {logging_mixin.py:104} INFO - [2021-03-08 12:27:44,616] {dag.py:2273} INFO - Setting next_dagrun for example_dag_decorator to None
[2021-03-08 12:27:44,624] {scheduler_job.py:190} INFO - Processing /Users/garymarmon/PycharmProjects/AWTY-Limitless/DataServerContainer/env/lib/python3.8/site-packages/airflow/example_dags/example_dag_decorator.py took 0.064 seconds
[2021-03-08 12:28:43,252] {scheduler_job.py:182} INFO - Started process (PID=3736) to work on /Users/garymarmon/PycharmProjects/AWTY-Limitless/DataServerContainer/env/lib/python3.8/site-packages/airflow/example_dags/example_dag_decorator.py
[2021-03-08 12:28:43,252] {scheduler_job.py:629} INFO - Processing file /Users/garymarmon/PycharmProjects/AWTY-Limitless/DataServerContainer/env/lib/python3.8/site-packages/airflow/example_dags/example_dag_decorator.py for tasks to queue
[2021-03-08 12:28:43,253] {logging_mixin.py:104} INFO - [2021-03-08 12:28:43,253] {dagbag.py:448} INFO - Filling up the DagBag from /Users/garymarmon/PycharmProjects/AWTY-Limitless/DataServerContainer/env/lib/python3.8/site-packages/airflow/example_dags/example_dag_decorator.py
[2021-03-08 12:28:43,262] {scheduler_job.py:639} INFO - DAG(s) dict_keys(['example_dag_decorator']) retrieved from /Users/garymarmon/PycharmProjects/AWTY-Limitless/DataServerContainer/env/lib/python3.8/site-packages/airflow/example_dags/example_dag_decorator.py
[2021-03-08 12:28:43,298] {logging_mixin.py:104} INFO - [2021-03-08 12:28:43,297] {dag.py:1818} INFO - Sync 1 DAGs
[2021-03-08 12:28:43,305] {logging_mixin.py:104} INFO - [2021-03-08 12:28:43,305] {dag.py:2273} INFO - Setting next_dagrun for example_dag_decorator to None
[2021-03-08 12:28:43,314] {scheduler_job.py:190} INFO - Processing /Users/garymarmon/PycharmProjects/AWTY-Limitless/DataServerContainer/env/lib/python3.8/site-packages/airflow/example_dags/example_dag_decorator.py took 0.063 seconds
[2021-03-08 12:29:41,435] {scheduler_job.py:182} INFO - Started process (PID=3806) to work on /Users/garymarmon/PycharmProjects/AWTY-Limitless/DataServerContainer/env/lib/python3.8/site-packages/airflow/example_dags/example_dag_decorator.py
[2021-03-08 12:29:41,436] {scheduler_job.py:629} INFO - Processing file /Users/garymarmon/PycharmProjects/AWTY-Limitless/DataServerContainer/env/lib/python3.8/site-packages/airflow/example_dags/example_dag_decorator.py for tasks to queue
[2021-03-08 12:29:41,436] {logging_mixin.py:104} INFO - [2021-03-08 12:29:41,436] {dagbag.py:448} INFO - Filling up the DagBag from /Users/garymarmon/PycharmProjects/AWTY-Limitless/DataServerContainer/env/lib/python3.8/site-packages/airflow/example_dags/example_dag_decorator.py
[2021-03-08 12:29:41,447] {scheduler_job.py:639} INFO - DAG(s) dict_keys(['example_dag_decorator']) retrieved from /Users/garymarmon/PycharmProjects/AWTY-Limitless/DataServerContainer/env/lib/python3.8/site-packages/airflow/example_dags/example_dag_decorator.py
[2021-03-08 12:29:41,483] {logging_mixin.py:104} INFO - [2021-03-08 12:29:41,483] {dag.py:1818} INFO - Sync 1 DAGs
[2021-03-08 12:29:41,491] {logging_mixin.py:104} INFO - [2021-03-08 12:29:41,490] {dag.py:2273} INFO - Setting next_dagrun for example_dag_decorator to None
[2021-03-08 12:29:41,500] {scheduler_job.py:190} INFO - Processing /Users/garymarmon/PycharmProjects/AWTY-Limitless/DataServerContainer/env/lib/python3.8/site-packages/airflow/example_dags/example_dag_decorator.py took 0.066 seconds
[2021-03-08 12:30:51,396] {scheduler_job.py:182} INFO - Started process (PID=3881) to work on /Users/garymarmon/PycharmProjects/AWTY-Limitless/DataServerContainer/env/lib/python3.8/site-packages/airflow/example_dags/example_dag_decorator.py
[2021-03-08 12:30:51,396] {scheduler_job.py:629} INFO - Processing file /Users/garymarmon/PycharmProjects/AWTY-Limitless/DataServerContainer/env/lib/python3.8/site-packages/airflow/example_dags/example_dag_decorator.py for tasks to queue
[2021-03-08 12:30:51,397] {logging_mixin.py:104} INFO - [2021-03-08 12:30:51,397] {dagbag.py:448} INFO - Filling up the DagBag from /Users/garymarmon/PycharmProjects/AWTY-Limitless/DataServerContainer/env/lib/python3.8/site-packages/airflow/example_dags/example_dag_decorator.py
[2021-03-08 12:30:51,407] {scheduler_job.py:639} INFO - DAG(s) dict_keys(['example_dag_decorator']) retrieved from /Users/garymarmon/PycharmProjects/AWTY-Limitless/DataServerContainer/env/lib/python3.8/site-packages/airflow/example_dags/example_dag_decorator.py
[2021-03-08 12:30:51,443] {logging_mixin.py:104} INFO - [2021-03-08 12:30:51,443] {dag.py:1818} INFO - Sync 1 DAGs
[2021-03-08 12:30:51,452] {logging_mixin.py:104} INFO - [2021-03-08 12:30:51,451] {dag.py:2273} INFO - Setting next_dagrun for example_dag_decorator to None
[2021-03-08 12:30:51,462] {scheduler_job.py:190} INFO - Processing /Users/garymarmon/PycharmProjects/AWTY-Limitless/DataServerContainer/env/lib/python3.8/site-packages/airflow/example_dags/example_dag_decorator.py took 0.067 seconds
[2021-03-08 12:32:08,334] {scheduler_job.py:182} INFO - Started process (PID=3967) to work on /Users/garymarmon/PycharmProjects/AWTY-Limitless/DataServerContainer/env/lib/python3.8/site-packages/airflow/example_dags/example_dag_decorator.py
[2021-03-08 12:32:08,335] {scheduler_job.py:629} INFO - Processing file /Users/garymarmon/PycharmProjects/AWTY-Limitless/DataServerContainer/env/lib/python3.8/site-packages/airflow/example_dags/example_dag_decorator.py for tasks to queue
[2021-03-08 12:32:08,335] {logging_mixin.py:104} INFO - [2021-03-08 12:32:08,335] {dagbag.py:448} INFO - Filling up the DagBag from /Users/garymarmon/PycharmProjects/AWTY-Limitless/DataServerContainer/env/lib/python3.8/site-packages/airflow/example_dags/example_dag_decorator.py
[2021-03-08 12:32:08,348] {scheduler_job.py:639} INFO - DAG(s) dict_keys(['example_dag_decorator']) retrieved from /Users/garymarmon/PycharmProjects/AWTY-Limitless/DataServerContainer/env/lib/python3.8/site-packages/airflow/example_dags/example_dag_decorator.py
[2021-03-08 12:32:08,396] {logging_mixin.py:104} INFO - [2021-03-08 12:32:08,396] {dag.py:1818} INFO - Sync 1 DAGs
[2021-03-08 12:32:08,406] {logging_mixin.py:104} INFO - [2021-03-08 12:32:08,406] {dag.py:2273} INFO - Setting next_dagrun for example_dag_decorator to None
[2021-03-08 12:32:08,417] {scheduler_job.py:190} INFO - Processing /Users/garymarmon/PycharmProjects/AWTY-Limitless/DataServerContainer/env/lib/python3.8/site-packages/airflow/example_dags/example_dag_decorator.py took 0.084 seconds
[2021-03-08 12:33:14,018] {scheduler_job.py:182} INFO - Started process (PID=4047) to work on /Users/garymarmon/PycharmProjects/AWTY-Limitless/DataServerContainer/env/lib/python3.8/site-packages/airflow/example_dags/example_dag_decorator.py
[2021-03-08 12:33:14,019] {scheduler_job.py:629} INFO - Processing file /Users/garymarmon/PycharmProjects/AWTY-Limitless/DataServerContainer/env/lib/python3.8/site-packages/airflow/example_dags/example_dag_decorator.py for tasks to queue
[2021-03-08 12:33:14,020] {logging_mixin.py:104} INFO - [2021-03-08 12:33:14,020] {dagbag.py:448} INFO - Filling up the DagBag from /Users/garymarmon/PycharmProjects/AWTY-Limitless/DataServerContainer/env/lib/python3.8/site-packages/airflow/example_dags/example_dag_decorator.py
[2021-03-08 12:33:14,033] {scheduler_job.py:639} INFO - DAG(s) dict_keys(['example_dag_decorator']) retrieved from /Users/garymarmon/PycharmProjects/AWTY-Limitless/DataServerContainer/env/lib/python3.8/site-packages/airflow/example_dags/example_dag_decorator.py
[2021-03-08 12:33:14,084] {logging_mixin.py:104} INFO - [2021-03-08 12:33:14,084] {dag.py:1818} INFO - Sync 1 DAGs
[2021-03-08 12:33:14,093] {logging_mixin.py:104} INFO - [2021-03-08 12:33:14,093] {dag.py:2273} INFO - Setting next_dagrun for example_dag_decorator to None
[2021-03-08 12:33:14,107] {scheduler_job.py:190} INFO - Processing /Users/garymarmon/PycharmProjects/AWTY-Limitless/DataServerContainer/env/lib/python3.8/site-packages/airflow/example_dags/example_dag_decorator.py took 0.089 seconds
[2021-03-08 12:34:18,701] {scheduler_job.py:182} INFO - Started process (PID=4120) to work on /Users/garymarmon/PycharmProjects/AWTY-Limitless/DataServerContainer/env/lib/python3.8/site-packages/airflow/example_dags/example_dag_decorator.py
[2021-03-08 12:34:18,701] {scheduler_job.py:629} INFO - Processing file /Users/garymarmon/PycharmProjects/AWTY-Limitless/DataServerContainer/env/lib/python3.8/site-packages/airflow/example_dags/example_dag_decorator.py for tasks to queue
[2021-03-08 12:34:18,701] {logging_mixin.py:104} INFO - [2021-03-08 12:34:18,701] {dagbag.py:448} INFO - Filling up the DagBag from /Users/garymarmon/PycharmProjects/AWTY-Limitless/DataServerContainer/env/lib/python3.8/site-packages/airflow/example_dags/example_dag_decorator.py
[2021-03-08 12:34:18,710] {scheduler_job.py:639} INFO - DAG(s) dict_keys(['example_dag_decorator']) retrieved from /Users/garymarmon/PycharmProjects/AWTY-Limitless/DataServerContainer/env/lib/python3.8/site-packages/airflow/example_dags/example_dag_decorator.py
[2021-03-08 12:34:18,745] {logging_mixin.py:104} INFO - [2021-03-08 12:34:18,744] {dag.py:1818} INFO - Sync 1 DAGs
[2021-03-08 12:34:18,752] {logging_mixin.py:104} INFO - [2021-03-08 12:34:18,752] {dag.py:2273} INFO - Setting next_dagrun for example_dag_decorator to None
[2021-03-08 12:34:18,760] {scheduler_job.py:190} INFO - Processing /Users/garymarmon/PycharmProjects/AWTY-Limitless/DataServerContainer/env/lib/python3.8/site-packages/airflow/example_dags/example_dag_decorator.py took 0.061 seconds
[2021-03-08 12:35:30,987] {scheduler_job.py:182} INFO - Started process (PID=4202) to work on /Users/garymarmon/PycharmProjects/AWTY-Limitless/DataServerContainer/env/lib/python3.8/site-packages/airflow/example_dags/example_dag_decorator.py
[2021-03-08 12:35:30,987] {scheduler_job.py:629} INFO - Processing file /Users/garymarmon/PycharmProjects/AWTY-Limitless/DataServerContainer/env/lib/python3.8/site-packages/airflow/example_dags/example_dag_decorator.py for tasks to queue
[2021-03-08 12:35:30,988] {logging_mixin.py:104} INFO - [2021-03-08 12:35:30,988] {dagbag.py:448} INFO - Filling up the DagBag from /Users/garymarmon/PycharmProjects/AWTY-Limitless/DataServerContainer/env/lib/python3.8/site-packages/airflow/example_dags/example_dag_decorator.py
[2021-03-08 12:35:30,998] {scheduler_job.py:639} INFO - DAG(s) dict_keys(['example_dag_decorator']) retrieved from /Users/garymarmon/PycharmProjects/AWTY-Limitless/DataServerContainer/env/lib/python3.8/site-packages/airflow/example_dags/example_dag_decorator.py
[2021-03-08 12:35:31,032] {logging_mixin.py:104} INFO - [2021-03-08 12:35:31,032] {dag.py:1818} INFO - Sync 1 DAGs
[2021-03-08 12:35:31,040] {logging_mixin.py:104} INFO - [2021-03-08 12:35:31,040] {dag.py:2273} INFO - Setting next_dagrun for example_dag_decorator to None
[2021-03-08 12:35:31,048] {scheduler_job.py:190} INFO - Processing /Users/garymarmon/PycharmProjects/AWTY-Limitless/DataServerContainer/env/lib/python3.8/site-packages/airflow/example_dags/example_dag_decorator.py took 0.062 seconds
[2021-03-08 12:36:37,156] {scheduler_job.py:182} INFO - Started process (PID=4288) to work on /Users/garymarmon/PycharmProjects/AWTY-Limitless/DataServerContainer/env/lib/python3.8/site-packages/airflow/example_dags/example_dag_decorator.py
[2021-03-08 12:36:37,157] {scheduler_job.py:629} INFO - Processing file /Users/garymarmon/PycharmProjects/AWTY-Limitless/DataServerContainer/env/lib/python3.8/site-packages/airflow/example_dags/example_dag_decorator.py for tasks to queue
[2021-03-08 12:36:37,157] {logging_mixin.py:104} INFO - [2021-03-08 12:36:37,157] {dagbag.py:448} INFO - Filling up the DagBag from /Users/garymarmon/PycharmProjects/AWTY-Limitless/DataServerContainer/env/lib/python3.8/site-packages/airflow/example_dags/example_dag_decorator.py
[2021-03-08 12:36:37,167] {scheduler_job.py:639} INFO - DAG(s) dict_keys(['example_dag_decorator']) retrieved from /Users/garymarmon/PycharmProjects/AWTY-Limitless/DataServerContainer/env/lib/python3.8/site-packages/airflow/example_dags/example_dag_decorator.py
[2021-03-08 12:36:37,206] {logging_mixin.py:104} INFO - [2021-03-08 12:36:37,206] {dag.py:1818} INFO - Sync 1 DAGs
[2021-03-08 12:36:37,215] {logging_mixin.py:104} INFO - [2021-03-08 12:36:37,215] {dag.py:2273} INFO - Setting next_dagrun for example_dag_decorator to None
[2021-03-08 12:36:37,224] {scheduler_job.py:190} INFO - Processing /Users/garymarmon/PycharmProjects/AWTY-Limitless/DataServerContainer/env/lib/python3.8/site-packages/airflow/example_dags/example_dag_decorator.py took 0.068 seconds
