[2021-03-08 12:11:29,428] {scheduler_job.py:182} INFO - Started process (PID=2350) to work on /Users/garymarmon/PycharmProjects/AWTY-Limitless/DataServerContainer/env/lib/python3.8/site-packages/airflow/example_dags/example_branch_python_dop_operator_3.py
[2021-03-08 12:11:29,429] {scheduler_job.py:629} INFO - Processing file /Users/garymarmon/PycharmProjects/AWTY-Limitless/DataServerContainer/env/lib/python3.8/site-packages/airflow/example_dags/example_branch_python_dop_operator_3.py for tasks to queue
[2021-03-08 12:11:29,429] {logging_mixin.py:104} INFO - [2021-03-08 12:11:29,429] {dagbag.py:448} INFO - Filling up the DagBag from /Users/garymarmon/PycharmProjects/AWTY-Limitless/DataServerContainer/env/lib/python3.8/site-packages/airflow/example_dags/example_branch_python_dop_operator_3.py
[2021-03-08 12:11:29,449] {scheduler_job.py:639} INFO - DAG(s) dict_keys(['example_branch_dop_operator_v3']) retrieved from /Users/garymarmon/PycharmProjects/AWTY-Limitless/DataServerContainer/env/lib/python3.8/site-packages/airflow/example_dags/example_branch_python_dop_operator_3.py
[2021-03-08 12:11:29,523] {logging_mixin.py:104} INFO - [2021-03-08 12:11:29,522] {dag.py:1818} INFO - Sync 1 DAGs
[2021-03-08 12:11:29,576] {logging_mixin.py:104} INFO - [2021-03-08 12:11:29,575] {dag.py:2273} INFO - Setting next_dagrun for example_branch_dop_operator_v3 to 2021-03-06 00:00:00+00:00
[2021-03-08 12:11:29,593] {scheduler_job.py:190} INFO - Processing /Users/garymarmon/PycharmProjects/AWTY-Limitless/DataServerContainer/env/lib/python3.8/site-packages/airflow/example_dags/example_branch_python_dop_operator_3.py took 0.167 seconds
[2021-03-08 12:13:38,210] {scheduler_job.py:182} INFO - Started process (PID=2427) to work on /Users/garymarmon/PycharmProjects/AWTY-Limitless/DataServerContainer/env/lib/python3.8/site-packages/airflow/example_dags/example_branch_python_dop_operator_3.py
[2021-03-08 12:13:38,210] {scheduler_job.py:629} INFO - Processing file /Users/garymarmon/PycharmProjects/AWTY-Limitless/DataServerContainer/env/lib/python3.8/site-packages/airflow/example_dags/example_branch_python_dop_operator_3.py for tasks to queue
[2021-03-08 12:13:38,211] {logging_mixin.py:104} INFO - [2021-03-08 12:13:38,211] {dagbag.py:448} INFO - Filling up the DagBag from /Users/garymarmon/PycharmProjects/AWTY-Limitless/DataServerContainer/env/lib/python3.8/site-packages/airflow/example_dags/example_branch_python_dop_operator_3.py
[2021-03-08 12:13:38,221] {scheduler_job.py:639} INFO - DAG(s) dict_keys(['example_branch_dop_operator_v3']) retrieved from /Users/garymarmon/PycharmProjects/AWTY-Limitless/DataServerContainer/env/lib/python3.8/site-packages/airflow/example_dags/example_branch_python_dop_operator_3.py
[2021-03-08 12:13:38,257] {logging_mixin.py:104} INFO - [2021-03-08 12:13:38,257] {dag.py:1818} INFO - Sync 1 DAGs
[2021-03-08 12:13:38,278] {logging_mixin.py:104} INFO - [2021-03-08 12:13:38,278] {dag.py:2273} INFO - Setting next_dagrun for example_branch_dop_operator_v3 to 2021-03-06 00:00:00+00:00
[2021-03-08 12:13:38,284] {scheduler_job.py:190} INFO - Processing /Users/garymarmon/PycharmProjects/AWTY-Limitless/DataServerContainer/env/lib/python3.8/site-packages/airflow/example_dags/example_branch_python_dop_operator_3.py took 0.075 seconds
[2021-03-08 12:14:42,911] {scheduler_job.py:182} INFO - Started process (PID=2515) to work on /Users/garymarmon/PycharmProjects/AWTY-Limitless/DataServerContainer/env/lib/python3.8/site-packages/airflow/example_dags/example_branch_python_dop_operator_3.py
[2021-03-08 12:14:42,912] {scheduler_job.py:629} INFO - Processing file /Users/garymarmon/PycharmProjects/AWTY-Limitless/DataServerContainer/env/lib/python3.8/site-packages/airflow/example_dags/example_branch_python_dop_operator_3.py for tasks to queue
[2021-03-08 12:14:42,913] {logging_mixin.py:104} INFO - [2021-03-08 12:14:42,913] {dagbag.py:448} INFO - Filling up the DagBag from /Users/garymarmon/PycharmProjects/AWTY-Limitless/DataServerContainer/env/lib/python3.8/site-packages/airflow/example_dags/example_branch_python_dop_operator_3.py
[2021-03-08 12:14:42,924] {scheduler_job.py:639} INFO - DAG(s) dict_keys(['example_branch_dop_operator_v3']) retrieved from /Users/garymarmon/PycharmProjects/AWTY-Limitless/DataServerContainer/env/lib/python3.8/site-packages/airflow/example_dags/example_branch_python_dop_operator_3.py
[2021-03-08 12:14:42,964] {logging_mixin.py:104} INFO - [2021-03-08 12:14:42,964] {dag.py:1818} INFO - Sync 1 DAGs
[2021-03-08 12:14:42,989] {logging_mixin.py:104} INFO - [2021-03-08 12:14:42,989] {dag.py:2273} INFO - Setting next_dagrun for example_branch_dop_operator_v3 to 2021-03-06 00:00:00+00:00
[2021-03-08 12:14:42,996] {scheduler_job.py:190} INFO - Processing /Users/garymarmon/PycharmProjects/AWTY-Limitless/DataServerContainer/env/lib/python3.8/site-packages/airflow/example_dags/example_branch_python_dop_operator_3.py took 0.085 seconds
[2021-03-08 12:15:43,358] {scheduler_job.py:182} INFO - Started process (PID=2588) to work on /Users/garymarmon/PycharmProjects/AWTY-Limitless/DataServerContainer/env/lib/python3.8/site-packages/airflow/example_dags/example_branch_python_dop_operator_3.py
[2021-03-08 12:15:43,359] {scheduler_job.py:629} INFO - Processing file /Users/garymarmon/PycharmProjects/AWTY-Limitless/DataServerContainer/env/lib/python3.8/site-packages/airflow/example_dags/example_branch_python_dop_operator_3.py for tasks to queue
[2021-03-08 12:15:43,360] {logging_mixin.py:104} INFO - [2021-03-08 12:15:43,359] {dagbag.py:448} INFO - Filling up the DagBag from /Users/garymarmon/PycharmProjects/AWTY-Limitless/DataServerContainer/env/lib/python3.8/site-packages/airflow/example_dags/example_branch_python_dop_operator_3.py
[2021-03-08 12:15:43,370] {scheduler_job.py:639} INFO - DAG(s) dict_keys(['example_branch_dop_operator_v3']) retrieved from /Users/garymarmon/PycharmProjects/AWTY-Limitless/DataServerContainer/env/lib/python3.8/site-packages/airflow/example_dags/example_branch_python_dop_operator_3.py
[2021-03-08 12:15:43,405] {logging_mixin.py:104} INFO - [2021-03-08 12:15:43,405] {dag.py:1818} INFO - Sync 1 DAGs
[2021-03-08 12:15:43,424] {logging_mixin.py:104} INFO - [2021-03-08 12:15:43,424] {dag.py:2273} INFO - Setting next_dagrun for example_branch_dop_operator_v3 to 2021-03-06 00:00:00+00:00
[2021-03-08 12:15:43,432] {scheduler_job.py:190} INFO - Processing /Users/garymarmon/PycharmProjects/AWTY-Limitless/DataServerContainer/env/lib/python3.8/site-packages/airflow/example_dags/example_branch_python_dop_operator_3.py took 0.075 seconds
[2021-03-08 12:16:44,044] {scheduler_job.py:182} INFO - Started process (PID=2660) to work on /Users/garymarmon/PycharmProjects/AWTY-Limitless/DataServerContainer/env/lib/python3.8/site-packages/airflow/example_dags/example_branch_python_dop_operator_3.py
[2021-03-08 12:16:44,045] {scheduler_job.py:629} INFO - Processing file /Users/garymarmon/PycharmProjects/AWTY-Limitless/DataServerContainer/env/lib/python3.8/site-packages/airflow/example_dags/example_branch_python_dop_operator_3.py for tasks to queue
[2021-03-08 12:16:44,045] {logging_mixin.py:104} INFO - [2021-03-08 12:16:44,045] {dagbag.py:448} INFO - Filling up the DagBag from /Users/garymarmon/PycharmProjects/AWTY-Limitless/DataServerContainer/env/lib/python3.8/site-packages/airflow/example_dags/example_branch_python_dop_operator_3.py
[2021-03-08 12:16:44,057] {scheduler_job.py:639} INFO - DAG(s) dict_keys(['example_branch_dop_operator_v3']) retrieved from /Users/garymarmon/PycharmProjects/AWTY-Limitless/DataServerContainer/env/lib/python3.8/site-packages/airflow/example_dags/example_branch_python_dop_operator_3.py
[2021-03-08 12:16:44,099] {logging_mixin.py:104} INFO - [2021-03-08 12:16:44,099] {dag.py:1818} INFO - Sync 1 DAGs
[2021-03-08 12:16:44,120] {logging_mixin.py:104} INFO - [2021-03-08 12:16:44,120] {dag.py:2273} INFO - Setting next_dagrun for example_branch_dop_operator_v3 to 2021-03-06 00:00:00+00:00
[2021-03-08 12:16:44,129] {scheduler_job.py:190} INFO - Processing /Users/garymarmon/PycharmProjects/AWTY-Limitless/DataServerContainer/env/lib/python3.8/site-packages/airflow/example_dags/example_branch_python_dop_operator_3.py took 0.086 seconds
[2021-03-08 12:17:49,880] {scheduler_job.py:182} INFO - Started process (PID=2755) to work on /Users/garymarmon/PycharmProjects/AWTY-Limitless/DataServerContainer/env/lib/python3.8/site-packages/airflow/example_dags/example_branch_python_dop_operator_3.py
[2021-03-08 12:17:49,880] {scheduler_job.py:629} INFO - Processing file /Users/garymarmon/PycharmProjects/AWTY-Limitless/DataServerContainer/env/lib/python3.8/site-packages/airflow/example_dags/example_branch_python_dop_operator_3.py for tasks to queue
[2021-03-08 12:17:49,881] {logging_mixin.py:104} INFO - [2021-03-08 12:17:49,881] {dagbag.py:448} INFO - Filling up the DagBag from /Users/garymarmon/PycharmProjects/AWTY-Limitless/DataServerContainer/env/lib/python3.8/site-packages/airflow/example_dags/example_branch_python_dop_operator_3.py
[2021-03-08 12:17:49,892] {scheduler_job.py:639} INFO - DAG(s) dict_keys(['example_branch_dop_operator_v3']) retrieved from /Users/garymarmon/PycharmProjects/AWTY-Limitless/DataServerContainer/env/lib/python3.8/site-packages/airflow/example_dags/example_branch_python_dop_operator_3.py
[2021-03-08 12:17:49,929] {logging_mixin.py:104} INFO - [2021-03-08 12:17:49,929] {dag.py:1818} INFO - Sync 1 DAGs
[2021-03-08 12:17:49,952] {logging_mixin.py:104} INFO - [2021-03-08 12:17:49,952] {dag.py:2273} INFO - Setting next_dagrun for example_branch_dop_operator_v3 to 2021-03-06 00:00:00+00:00
[2021-03-08 12:17:49,961] {scheduler_job.py:190} INFO - Processing /Users/garymarmon/PycharmProjects/AWTY-Limitless/DataServerContainer/env/lib/python3.8/site-packages/airflow/example_dags/example_branch_python_dop_operator_3.py took 0.082 seconds
[2021-03-08 12:18:32,260] {scheduler_job.py:182} INFO - Started process (PID=2798) to work on /Users/garymarmon/PycharmProjects/AWTY-Limitless/DataServerContainer/env/lib/python3.8/site-packages/airflow/example_dags/example_branch_python_dop_operator_3.py
[2021-03-08 12:18:32,260] {scheduler_job.py:629} INFO - Processing file /Users/garymarmon/PycharmProjects/AWTY-Limitless/DataServerContainer/env/lib/python3.8/site-packages/airflow/example_dags/example_branch_python_dop_operator_3.py for tasks to queue
[2021-03-08 12:18:32,261] {logging_mixin.py:104} INFO - [2021-03-08 12:18:32,261] {dagbag.py:448} INFO - Filling up the DagBag from /Users/garymarmon/PycharmProjects/AWTY-Limitless/DataServerContainer/env/lib/python3.8/site-packages/airflow/example_dags/example_branch_python_dop_operator_3.py
[2021-03-08 12:18:32,271] {scheduler_job.py:639} INFO - DAG(s) dict_keys(['example_branch_dop_operator_v3']) retrieved from /Users/garymarmon/PycharmProjects/AWTY-Limitless/DataServerContainer/env/lib/python3.8/site-packages/airflow/example_dags/example_branch_python_dop_operator_3.py
[2021-03-08 12:18:32,308] {logging_mixin.py:104} INFO - [2021-03-08 12:18:32,308] {dag.py:1818} INFO - Sync 1 DAGs
[2021-03-08 12:18:32,330] {logging_mixin.py:104} INFO - [2021-03-08 12:18:32,329] {dag.py:2273} INFO - Setting next_dagrun for example_branch_dop_operator_v3 to 2021-03-06 00:00:00+00:00
[2021-03-08 12:18:32,335] {scheduler_job.py:190} INFO - Processing /Users/garymarmon/PycharmProjects/AWTY-Limitless/DataServerContainer/env/lib/python3.8/site-packages/airflow/example_dags/example_branch_python_dop_operator_3.py took 0.076 seconds
[2021-03-08 12:19:15,608] {scheduler_job.py:182} INFO - Started process (PID=2854) to work on /Users/garymarmon/PycharmProjects/AWTY-Limitless/DataServerContainer/env/lib/python3.8/site-packages/airflow/example_dags/example_branch_python_dop_operator_3.py
[2021-03-08 12:19:15,608] {scheduler_job.py:629} INFO - Processing file /Users/garymarmon/PycharmProjects/AWTY-Limitless/DataServerContainer/env/lib/python3.8/site-packages/airflow/example_dags/example_branch_python_dop_operator_3.py for tasks to queue
[2021-03-08 12:19:15,609] {logging_mixin.py:104} INFO - [2021-03-08 12:19:15,609] {dagbag.py:448} INFO - Filling up the DagBag from /Users/garymarmon/PycharmProjects/AWTY-Limitless/DataServerContainer/env/lib/python3.8/site-packages/airflow/example_dags/example_branch_python_dop_operator_3.py
[2021-03-08 12:19:15,620] {scheduler_job.py:639} INFO - DAG(s) dict_keys(['example_branch_dop_operator_v3']) retrieved from /Users/garymarmon/PycharmProjects/AWTY-Limitless/DataServerContainer/env/lib/python3.8/site-packages/airflow/example_dags/example_branch_python_dop_operator_3.py
[2021-03-08 12:19:15,669] {logging_mixin.py:104} INFO - [2021-03-08 12:19:15,669] {dag.py:1818} INFO - Sync 1 DAGs
[2021-03-08 12:19:15,695] {logging_mixin.py:104} INFO - [2021-03-08 12:19:15,695] {dag.py:2273} INFO - Setting next_dagrun for example_branch_dop_operator_v3 to 2021-03-06 00:00:00+00:00
[2021-03-08 12:19:15,705] {scheduler_job.py:190} INFO - Processing /Users/garymarmon/PycharmProjects/AWTY-Limitless/DataServerContainer/env/lib/python3.8/site-packages/airflow/example_dags/example_branch_python_dop_operator_3.py took 0.098 seconds
[2021-03-08 12:20:09,278] {scheduler_job.py:182} INFO - Started process (PID=2916) to work on /Users/garymarmon/PycharmProjects/AWTY-Limitless/DataServerContainer/env/lib/python3.8/site-packages/airflow/example_dags/example_branch_python_dop_operator_3.py
[2021-03-08 12:20:09,279] {scheduler_job.py:629} INFO - Processing file /Users/garymarmon/PycharmProjects/AWTY-Limitless/DataServerContainer/env/lib/python3.8/site-packages/airflow/example_dags/example_branch_python_dop_operator_3.py for tasks to queue
[2021-03-08 12:20:09,279] {logging_mixin.py:104} INFO - [2021-03-08 12:20:09,279] {dagbag.py:448} INFO - Filling up the DagBag from /Users/garymarmon/PycharmProjects/AWTY-Limitless/DataServerContainer/env/lib/python3.8/site-packages/airflow/example_dags/example_branch_python_dop_operator_3.py
[2021-03-08 12:20:09,290] {scheduler_job.py:639} INFO - DAG(s) dict_keys(['example_branch_dop_operator_v3']) retrieved from /Users/garymarmon/PycharmProjects/AWTY-Limitless/DataServerContainer/env/lib/python3.8/site-packages/airflow/example_dags/example_branch_python_dop_operator_3.py
[2021-03-08 12:20:09,333] {logging_mixin.py:104} INFO - [2021-03-08 12:20:09,333] {dag.py:1818} INFO - Sync 1 DAGs
[2021-03-08 12:20:09,357] {logging_mixin.py:104} INFO - [2021-03-08 12:20:09,357] {dag.py:2273} INFO - Setting next_dagrun for example_branch_dop_operator_v3 to 2021-03-06 00:00:00+00:00
[2021-03-08 12:20:09,364] {scheduler_job.py:190} INFO - Processing /Users/garymarmon/PycharmProjects/AWTY-Limitless/DataServerContainer/env/lib/python3.8/site-packages/airflow/example_dags/example_branch_python_dop_operator_3.py took 0.087 seconds
[2021-03-08 12:20:46,967] {scheduler_job.py:182} INFO - Started process (PID=2961) to work on /Users/garymarmon/PycharmProjects/AWTY-Limitless/DataServerContainer/env/lib/python3.8/site-packages/airflow/example_dags/example_branch_python_dop_operator_3.py
[2021-03-08 12:20:46,968] {scheduler_job.py:629} INFO - Processing file /Users/garymarmon/PycharmProjects/AWTY-Limitless/DataServerContainer/env/lib/python3.8/site-packages/airflow/example_dags/example_branch_python_dop_operator_3.py for tasks to queue
[2021-03-08 12:20:46,968] {logging_mixin.py:104} INFO - [2021-03-08 12:20:46,968] {dagbag.py:448} INFO - Filling up the DagBag from /Users/garymarmon/PycharmProjects/AWTY-Limitless/DataServerContainer/env/lib/python3.8/site-packages/airflow/example_dags/example_branch_python_dop_operator_3.py
[2021-03-08 12:20:46,979] {scheduler_job.py:639} INFO - DAG(s) dict_keys(['example_branch_dop_operator_v3']) retrieved from /Users/garymarmon/PycharmProjects/AWTY-Limitless/DataServerContainer/env/lib/python3.8/site-packages/airflow/example_dags/example_branch_python_dop_operator_3.py
[2021-03-08 12:20:47,025] {logging_mixin.py:104} INFO - [2021-03-08 12:20:47,025] {dag.py:1818} INFO - Sync 1 DAGs
[2021-03-08 12:20:47,047] {logging_mixin.py:104} INFO - [2021-03-08 12:20:47,047] {dag.py:2273} INFO - Setting next_dagrun for example_branch_dop_operator_v3 to 2021-03-06 00:00:00+00:00
[2021-03-08 12:20:47,056] {scheduler_job.py:190} INFO - Processing /Users/garymarmon/PycharmProjects/AWTY-Limitless/DataServerContainer/env/lib/python3.8/site-packages/airflow/example_dags/example_branch_python_dop_operator_3.py took 0.090 seconds
[2021-03-08 12:21:21,510] {scheduler_job.py:182} INFO - Started process (PID=3008) to work on /Users/garymarmon/PycharmProjects/AWTY-Limitless/DataServerContainer/env/lib/python3.8/site-packages/airflow/example_dags/example_branch_python_dop_operator_3.py
[2021-03-08 12:21:21,511] {scheduler_job.py:629} INFO - Processing file /Users/garymarmon/PycharmProjects/AWTY-Limitless/DataServerContainer/env/lib/python3.8/site-packages/airflow/example_dags/example_branch_python_dop_operator_3.py for tasks to queue
[2021-03-08 12:21:21,511] {logging_mixin.py:104} INFO - [2021-03-08 12:21:21,511] {dagbag.py:448} INFO - Filling up the DagBag from /Users/garymarmon/PycharmProjects/AWTY-Limitless/DataServerContainer/env/lib/python3.8/site-packages/airflow/example_dags/example_branch_python_dop_operator_3.py
[2021-03-08 12:21:21,522] {scheduler_job.py:639} INFO - DAG(s) dict_keys(['example_branch_dop_operator_v3']) retrieved from /Users/garymarmon/PycharmProjects/AWTY-Limitless/DataServerContainer/env/lib/python3.8/site-packages/airflow/example_dags/example_branch_python_dop_operator_3.py
[2021-03-08 12:21:21,557] {logging_mixin.py:104} INFO - [2021-03-08 12:21:21,557] {dag.py:1818} INFO - Sync 1 DAGs
[2021-03-08 12:21:21,576] {logging_mixin.py:104} INFO - [2021-03-08 12:21:21,576] {dag.py:2273} INFO - Setting next_dagrun for example_branch_dop_operator_v3 to 2021-03-06 00:00:00+00:00
[2021-03-08 12:21:21,584] {scheduler_job.py:190} INFO - Processing /Users/garymarmon/PycharmProjects/AWTY-Limitless/DataServerContainer/env/lib/python3.8/site-packages/airflow/example_dags/example_branch_python_dop_operator_3.py took 0.075 seconds
[2021-03-08 12:21:59,424] {scheduler_job.py:182} INFO - Started process (PID=3060) to work on /Users/garymarmon/PycharmProjects/AWTY-Limitless/DataServerContainer/env/lib/python3.8/site-packages/airflow/example_dags/example_branch_python_dop_operator_3.py
[2021-03-08 12:21:59,424] {scheduler_job.py:629} INFO - Processing file /Users/garymarmon/PycharmProjects/AWTY-Limitless/DataServerContainer/env/lib/python3.8/site-packages/airflow/example_dags/example_branch_python_dop_operator_3.py for tasks to queue
[2021-03-08 12:21:59,425] {logging_mixin.py:104} INFO - [2021-03-08 12:21:59,425] {dagbag.py:448} INFO - Filling up the DagBag from /Users/garymarmon/PycharmProjects/AWTY-Limitless/DataServerContainer/env/lib/python3.8/site-packages/airflow/example_dags/example_branch_python_dop_operator_3.py
[2021-03-08 12:21:59,437] {scheduler_job.py:639} INFO - DAG(s) dict_keys(['example_branch_dop_operator_v3']) retrieved from /Users/garymarmon/PycharmProjects/AWTY-Limitless/DataServerContainer/env/lib/python3.8/site-packages/airflow/example_dags/example_branch_python_dop_operator_3.py
[2021-03-08 12:21:59,473] {logging_mixin.py:104} INFO - [2021-03-08 12:21:59,472] {dag.py:1818} INFO - Sync 1 DAGs
[2021-03-08 12:21:59,494] {logging_mixin.py:104} INFO - [2021-03-08 12:21:59,494] {dag.py:2273} INFO - Setting next_dagrun for example_branch_dop_operator_v3 to 2021-03-06 00:00:00+00:00
[2021-03-08 12:21:59,500] {scheduler_job.py:190} INFO - Processing /Users/garymarmon/PycharmProjects/AWTY-Limitless/DataServerContainer/env/lib/python3.8/site-packages/airflow/example_dags/example_branch_python_dop_operator_3.py took 0.077 seconds
[2021-03-08 12:22:33,723] {scheduler_job.py:182} INFO - Started process (PID=3107) to work on /Users/garymarmon/PycharmProjects/AWTY-Limitless/DataServerContainer/env/lib/python3.8/site-packages/airflow/example_dags/example_branch_python_dop_operator_3.py
[2021-03-08 12:22:33,724] {scheduler_job.py:629} INFO - Processing file /Users/garymarmon/PycharmProjects/AWTY-Limitless/DataServerContainer/env/lib/python3.8/site-packages/airflow/example_dags/example_branch_python_dop_operator_3.py for tasks to queue
[2021-03-08 12:22:33,724] {logging_mixin.py:104} INFO - [2021-03-08 12:22:33,724] {dagbag.py:448} INFO - Filling up the DagBag from /Users/garymarmon/PycharmProjects/AWTY-Limitless/DataServerContainer/env/lib/python3.8/site-packages/airflow/example_dags/example_branch_python_dop_operator_3.py
[2021-03-08 12:22:33,737] {scheduler_job.py:639} INFO - DAG(s) dict_keys(['example_branch_dop_operator_v3']) retrieved from /Users/garymarmon/PycharmProjects/AWTY-Limitless/DataServerContainer/env/lib/python3.8/site-packages/airflow/example_dags/example_branch_python_dop_operator_3.py
[2021-03-08 12:22:33,782] {logging_mixin.py:104} INFO - [2021-03-08 12:22:33,781] {dag.py:1818} INFO - Sync 1 DAGs
[2021-03-08 12:22:33,804] {logging_mixin.py:104} INFO - [2021-03-08 12:22:33,804] {dag.py:2273} INFO - Setting next_dagrun for example_branch_dop_operator_v3 to 2021-03-06 00:00:00+00:00
[2021-03-08 12:22:33,810] {scheduler_job.py:190} INFO - Processing /Users/garymarmon/PycharmProjects/AWTY-Limitless/DataServerContainer/env/lib/python3.8/site-packages/airflow/example_dags/example_branch_python_dop_operator_3.py took 0.088 seconds
[2021-03-08 12:23:08,035] {scheduler_job.py:182} INFO - Started process (PID=3143) to work on /Users/garymarmon/PycharmProjects/AWTY-Limitless/DataServerContainer/env/lib/python3.8/site-packages/airflow/example_dags/example_branch_python_dop_operator_3.py
[2021-03-08 12:23:08,035] {scheduler_job.py:629} INFO - Processing file /Users/garymarmon/PycharmProjects/AWTY-Limitless/DataServerContainer/env/lib/python3.8/site-packages/airflow/example_dags/example_branch_python_dop_operator_3.py for tasks to queue
[2021-03-08 12:23:08,035] {logging_mixin.py:104} INFO - [2021-03-08 12:23:08,035] {dagbag.py:448} INFO - Filling up the DagBag from /Users/garymarmon/PycharmProjects/AWTY-Limitless/DataServerContainer/env/lib/python3.8/site-packages/airflow/example_dags/example_branch_python_dop_operator_3.py
[2021-03-08 12:23:08,045] {scheduler_job.py:639} INFO - DAG(s) dict_keys(['example_branch_dop_operator_v3']) retrieved from /Users/garymarmon/PycharmProjects/AWTY-Limitless/DataServerContainer/env/lib/python3.8/site-packages/airflow/example_dags/example_branch_python_dop_operator_3.py
[2021-03-08 12:23:08,078] {logging_mixin.py:104} INFO - [2021-03-08 12:23:08,078] {dag.py:1818} INFO - Sync 1 DAGs
[2021-03-08 12:23:08,100] {logging_mixin.py:104} INFO - [2021-03-08 12:23:08,100] {dag.py:2273} INFO - Setting next_dagrun for example_branch_dop_operator_v3 to 2021-03-06 00:00:00+00:00
[2021-03-08 12:23:08,110] {scheduler_job.py:190} INFO - Processing /Users/garymarmon/PycharmProjects/AWTY-Limitless/DataServerContainer/env/lib/python3.8/site-packages/airflow/example_dags/example_branch_python_dop_operator_3.py took 0.076 seconds
[2021-03-08 12:24:07,265] {scheduler_job.py:182} INFO - Started process (PID=3216) to work on /Users/garymarmon/PycharmProjects/AWTY-Limitless/DataServerContainer/env/lib/python3.8/site-packages/airflow/example_dags/example_branch_python_dop_operator_3.py
[2021-03-08 12:24:07,266] {scheduler_job.py:629} INFO - Processing file /Users/garymarmon/PycharmProjects/AWTY-Limitless/DataServerContainer/env/lib/python3.8/site-packages/airflow/example_dags/example_branch_python_dop_operator_3.py for tasks to queue
[2021-03-08 12:24:07,266] {logging_mixin.py:104} INFO - [2021-03-08 12:24:07,266] {dagbag.py:448} INFO - Filling up the DagBag from /Users/garymarmon/PycharmProjects/AWTY-Limitless/DataServerContainer/env/lib/python3.8/site-packages/airflow/example_dags/example_branch_python_dop_operator_3.py
[2021-03-08 12:24:07,276] {scheduler_job.py:639} INFO - DAG(s) dict_keys(['example_branch_dop_operator_v3']) retrieved from /Users/garymarmon/PycharmProjects/AWTY-Limitless/DataServerContainer/env/lib/python3.8/site-packages/airflow/example_dags/example_branch_python_dop_operator_3.py
[2021-03-08 12:24:07,313] {logging_mixin.py:104} INFO - [2021-03-08 12:24:07,313] {dag.py:1818} INFO - Sync 1 DAGs
[2021-03-08 12:24:07,334] {logging_mixin.py:104} INFO - [2021-03-08 12:24:07,334] {dag.py:2273} INFO - Setting next_dagrun for example_branch_dop_operator_v3 to 2021-03-06 00:00:00+00:00
[2021-03-08 12:24:07,340] {scheduler_job.py:190} INFO - Processing /Users/garymarmon/PycharmProjects/AWTY-Limitless/DataServerContainer/env/lib/python3.8/site-packages/airflow/example_dags/example_branch_python_dop_operator_3.py took 0.076 seconds
[2021-03-08 12:25:17,952] {scheduler_job.py:182} INFO - Started process (PID=3346) to work on /Users/garymarmon/PycharmProjects/AWTY-Limitless/DataServerContainer/env/lib/python3.8/site-packages/airflow/example_dags/example_branch_python_dop_operator_3.py
[2021-03-08 12:25:17,952] {scheduler_job.py:629} INFO - Processing file /Users/garymarmon/PycharmProjects/AWTY-Limitless/DataServerContainer/env/lib/python3.8/site-packages/airflow/example_dags/example_branch_python_dop_operator_3.py for tasks to queue
[2021-03-08 12:25:17,953] {logging_mixin.py:104} INFO - [2021-03-08 12:25:17,953] {dagbag.py:448} INFO - Filling up the DagBag from /Users/garymarmon/PycharmProjects/AWTY-Limitless/DataServerContainer/env/lib/python3.8/site-packages/airflow/example_dags/example_branch_python_dop_operator_3.py
[2021-03-08 12:25:17,965] {scheduler_job.py:639} INFO - DAG(s) dict_keys(['example_branch_dop_operator_v3']) retrieved from /Users/garymarmon/PycharmProjects/AWTY-Limitless/DataServerContainer/env/lib/python3.8/site-packages/airflow/example_dags/example_branch_python_dop_operator_3.py
[2021-03-08 12:25:18,010] {logging_mixin.py:104} INFO - [2021-03-08 12:25:18,010] {dag.py:1818} INFO - Sync 1 DAGs
[2021-03-08 12:25:18,037] {logging_mixin.py:104} INFO - [2021-03-08 12:25:18,037] {dag.py:2273} INFO - Setting next_dagrun for example_branch_dop_operator_v3 to 2021-03-06 00:00:00+00:00
[2021-03-08 12:25:18,044] {scheduler_job.py:190} INFO - Processing /Users/garymarmon/PycharmProjects/AWTY-Limitless/DataServerContainer/env/lib/python3.8/site-packages/airflow/example_dags/example_branch_python_dop_operator_3.py took 0.093 seconds
[2021-03-08 12:26:03,550] {scheduler_job.py:182} INFO - Started process (PID=3434) to work on /Users/garymarmon/PycharmProjects/AWTY-Limitless/DataServerContainer/env/lib/python3.8/site-packages/airflow/example_dags/example_branch_python_dop_operator_3.py
[2021-03-08 12:26:03,551] {scheduler_job.py:629} INFO - Processing file /Users/garymarmon/PycharmProjects/AWTY-Limitless/DataServerContainer/env/lib/python3.8/site-packages/airflow/example_dags/example_branch_python_dop_operator_3.py for tasks to queue
[2021-03-08 12:26:03,552] {logging_mixin.py:104} INFO - [2021-03-08 12:26:03,552] {dagbag.py:448} INFO - Filling up the DagBag from /Users/garymarmon/PycharmProjects/AWTY-Limitless/DataServerContainer/env/lib/python3.8/site-packages/airflow/example_dags/example_branch_python_dop_operator_3.py
[2021-03-08 12:26:03,576] {scheduler_job.py:639} INFO - DAG(s) dict_keys(['example_branch_dop_operator_v3']) retrieved from /Users/garymarmon/PycharmProjects/AWTY-Limitless/DataServerContainer/env/lib/python3.8/site-packages/airflow/example_dags/example_branch_python_dop_operator_3.py
[2021-03-08 12:26:03,658] {logging_mixin.py:104} INFO - [2021-03-08 12:26:03,658] {dag.py:1818} INFO - Sync 1 DAGs
[2021-03-08 12:26:03,701] {logging_mixin.py:104} INFO - [2021-03-08 12:26:03,701] {dag.py:2273} INFO - Setting next_dagrun for example_branch_dop_operator_v3 to 2021-03-06 00:00:00+00:00
[2021-03-08 12:26:03,716] {scheduler_job.py:190} INFO - Processing /Users/garymarmon/PycharmProjects/AWTY-Limitless/DataServerContainer/env/lib/python3.8/site-packages/airflow/example_dags/example_branch_python_dop_operator_3.py took 0.168 seconds
[2021-03-08 12:26:50,520] {scheduler_job.py:182} INFO - Started process (PID=3591) to work on /Users/garymarmon/PycharmProjects/AWTY-Limitless/DataServerContainer/env/lib/python3.8/site-packages/airflow/example_dags/example_branch_python_dop_operator_3.py
[2021-03-08 12:26:50,521] {scheduler_job.py:629} INFO - Processing file /Users/garymarmon/PycharmProjects/AWTY-Limitless/DataServerContainer/env/lib/python3.8/site-packages/airflow/example_dags/example_branch_python_dop_operator_3.py for tasks to queue
[2021-03-08 12:26:50,521] {logging_mixin.py:104} INFO - [2021-03-08 12:26:50,521] {dagbag.py:448} INFO - Filling up the DagBag from /Users/garymarmon/PycharmProjects/AWTY-Limitless/DataServerContainer/env/lib/python3.8/site-packages/airflow/example_dags/example_branch_python_dop_operator_3.py
[2021-03-08 12:26:50,533] {scheduler_job.py:639} INFO - DAG(s) dict_keys(['example_branch_dop_operator_v3']) retrieved from /Users/garymarmon/PycharmProjects/AWTY-Limitless/DataServerContainer/env/lib/python3.8/site-packages/airflow/example_dags/example_branch_python_dop_operator_3.py
[2021-03-08 12:26:50,571] {logging_mixin.py:104} INFO - [2021-03-08 12:26:50,571] {dag.py:1818} INFO - Sync 1 DAGs
[2021-03-08 12:26:50,597] {logging_mixin.py:104} INFO - [2021-03-08 12:26:50,596] {dag.py:2273} INFO - Setting next_dagrun for example_branch_dop_operator_v3 to 2021-03-06 00:00:00+00:00
[2021-03-08 12:26:50,603] {scheduler_job.py:190} INFO - Processing /Users/garymarmon/PycharmProjects/AWTY-Limitless/DataServerContainer/env/lib/python3.8/site-packages/airflow/example_dags/example_branch_python_dop_operator_3.py took 0.083 seconds
[2021-03-08 12:27:27,888] {scheduler_job.py:182} INFO - Started process (PID=3640) to work on /Users/garymarmon/PycharmProjects/AWTY-Limitless/DataServerContainer/env/lib/python3.8/site-packages/airflow/example_dags/example_branch_python_dop_operator_3.py
[2021-03-08 12:27:27,888] {scheduler_job.py:629} INFO - Processing file /Users/garymarmon/PycharmProjects/AWTY-Limitless/DataServerContainer/env/lib/python3.8/site-packages/airflow/example_dags/example_branch_python_dop_operator_3.py for tasks to queue
[2021-03-08 12:27:27,888] {logging_mixin.py:104} INFO - [2021-03-08 12:27:27,888] {dagbag.py:448} INFO - Filling up the DagBag from /Users/garymarmon/PycharmProjects/AWTY-Limitless/DataServerContainer/env/lib/python3.8/site-packages/airflow/example_dags/example_branch_python_dop_operator_3.py
[2021-03-08 12:27:27,902] {scheduler_job.py:639} INFO - DAG(s) dict_keys(['example_branch_dop_operator_v3']) retrieved from /Users/garymarmon/PycharmProjects/AWTY-Limitless/DataServerContainer/env/lib/python3.8/site-packages/airflow/example_dags/example_branch_python_dop_operator_3.py
[2021-03-08 12:27:27,951] {logging_mixin.py:104} INFO - [2021-03-08 12:27:27,951] {dag.py:1818} INFO - Sync 1 DAGs
[2021-03-08 12:27:27,976] {logging_mixin.py:104} INFO - [2021-03-08 12:27:27,976] {dag.py:2273} INFO - Setting next_dagrun for example_branch_dop_operator_v3 to 2021-03-06 00:00:00+00:00
[2021-03-08 12:27:27,983] {scheduler_job.py:190} INFO - Processing /Users/garymarmon/PycharmProjects/AWTY-Limitless/DataServerContainer/env/lib/python3.8/site-packages/airflow/example_dags/example_branch_python_dop_operator_3.py took 0.096 seconds
[2021-03-08 12:28:26,263] {scheduler_job.py:182} INFO - Started process (PID=3718) to work on /Users/garymarmon/PycharmProjects/AWTY-Limitless/DataServerContainer/env/lib/python3.8/site-packages/airflow/example_dags/example_branch_python_dop_operator_3.py
[2021-03-08 12:28:26,263] {scheduler_job.py:629} INFO - Processing file /Users/garymarmon/PycharmProjects/AWTY-Limitless/DataServerContainer/env/lib/python3.8/site-packages/airflow/example_dags/example_branch_python_dop_operator_3.py for tasks to queue
[2021-03-08 12:28:26,264] {logging_mixin.py:104} INFO - [2021-03-08 12:28:26,264] {dagbag.py:448} INFO - Filling up the DagBag from /Users/garymarmon/PycharmProjects/AWTY-Limitless/DataServerContainer/env/lib/python3.8/site-packages/airflow/example_dags/example_branch_python_dop_operator_3.py
[2021-03-08 12:28:26,274] {scheduler_job.py:639} INFO - DAG(s) dict_keys(['example_branch_dop_operator_v3']) retrieved from /Users/garymarmon/PycharmProjects/AWTY-Limitless/DataServerContainer/env/lib/python3.8/site-packages/airflow/example_dags/example_branch_python_dop_operator_3.py
[2021-03-08 12:28:26,311] {logging_mixin.py:104} INFO - [2021-03-08 12:28:26,311] {dag.py:1818} INFO - Sync 1 DAGs
[2021-03-08 12:28:26,331] {logging_mixin.py:104} INFO - [2021-03-08 12:28:26,331] {dag.py:2273} INFO - Setting next_dagrun for example_branch_dop_operator_v3 to 2021-03-06 00:00:00+00:00
[2021-03-08 12:28:26,337] {scheduler_job.py:190} INFO - Processing /Users/garymarmon/PycharmProjects/AWTY-Limitless/DataServerContainer/env/lib/python3.8/site-packages/airflow/example_dags/example_branch_python_dop_operator_3.py took 0.075 seconds
[2021-03-08 12:29:22,406] {scheduler_job.py:182} INFO - Started process (PID=3783) to work on /Users/garymarmon/PycharmProjects/AWTY-Limitless/DataServerContainer/env/lib/python3.8/site-packages/airflow/example_dags/example_branch_python_dop_operator_3.py
[2021-03-08 12:29:22,407] {scheduler_job.py:629} INFO - Processing file /Users/garymarmon/PycharmProjects/AWTY-Limitless/DataServerContainer/env/lib/python3.8/site-packages/airflow/example_dags/example_branch_python_dop_operator_3.py for tasks to queue
[2021-03-08 12:29:22,407] {logging_mixin.py:104} INFO - [2021-03-08 12:29:22,407] {dagbag.py:448} INFO - Filling up the DagBag from /Users/garymarmon/PycharmProjects/AWTY-Limitless/DataServerContainer/env/lib/python3.8/site-packages/airflow/example_dags/example_branch_python_dop_operator_3.py
[2021-03-08 12:29:22,418] {scheduler_job.py:639} INFO - DAG(s) dict_keys(['example_branch_dop_operator_v3']) retrieved from /Users/garymarmon/PycharmProjects/AWTY-Limitless/DataServerContainer/env/lib/python3.8/site-packages/airflow/example_dags/example_branch_python_dop_operator_3.py
[2021-03-08 12:29:22,453] {logging_mixin.py:104} INFO - [2021-03-08 12:29:22,453] {dag.py:1818} INFO - Sync 1 DAGs
[2021-03-08 12:29:22,474] {logging_mixin.py:104} INFO - [2021-03-08 12:29:22,474] {dag.py:2273} INFO - Setting next_dagrun for example_branch_dop_operator_v3 to 2021-03-06 00:00:00+00:00
[2021-03-08 12:29:22,482] {scheduler_job.py:190} INFO - Processing /Users/garymarmon/PycharmProjects/AWTY-Limitless/DataServerContainer/env/lib/python3.8/site-packages/airflow/example_dags/example_branch_python_dop_operator_3.py took 0.077 seconds
[2021-03-08 12:30:24,502] {scheduler_job.py:182} INFO - Started process (PID=3852) to work on /Users/garymarmon/PycharmProjects/AWTY-Limitless/DataServerContainer/env/lib/python3.8/site-packages/airflow/example_dags/example_branch_python_dop_operator_3.py
[2021-03-08 12:30:24,502] {scheduler_job.py:629} INFO - Processing file /Users/garymarmon/PycharmProjects/AWTY-Limitless/DataServerContainer/env/lib/python3.8/site-packages/airflow/example_dags/example_branch_python_dop_operator_3.py for tasks to queue
[2021-03-08 12:30:24,503] {logging_mixin.py:104} INFO - [2021-03-08 12:30:24,503] {dagbag.py:448} INFO - Filling up the DagBag from /Users/garymarmon/PycharmProjects/AWTY-Limitless/DataServerContainer/env/lib/python3.8/site-packages/airflow/example_dags/example_branch_python_dop_operator_3.py
[2021-03-08 12:30:24,513] {scheduler_job.py:639} INFO - DAG(s) dict_keys(['example_branch_dop_operator_v3']) retrieved from /Users/garymarmon/PycharmProjects/AWTY-Limitless/DataServerContainer/env/lib/python3.8/site-packages/airflow/example_dags/example_branch_python_dop_operator_3.py
[2021-03-08 12:30:24,552] {logging_mixin.py:104} INFO - [2021-03-08 12:30:24,551] {dag.py:1818} INFO - Sync 1 DAGs
[2021-03-08 12:30:24,574] {logging_mixin.py:104} INFO - [2021-03-08 12:30:24,574] {dag.py:2273} INFO - Setting next_dagrun for example_branch_dop_operator_v3 to 2021-03-06 00:00:00+00:00
[2021-03-08 12:30:24,580] {scheduler_job.py:190} INFO - Processing /Users/garymarmon/PycharmProjects/AWTY-Limitless/DataServerContainer/env/lib/python3.8/site-packages/airflow/example_dags/example_branch_python_dop_operator_3.py took 0.080 seconds
[2021-03-08 12:31:02,739] {scheduler_job.py:182} INFO - Started process (PID=3895) to work on /Users/garymarmon/PycharmProjects/AWTY-Limitless/DataServerContainer/env/lib/python3.8/site-packages/airflow/example_dags/example_branch_python_dop_operator_3.py
[2021-03-08 12:31:02,740] {scheduler_job.py:629} INFO - Processing file /Users/garymarmon/PycharmProjects/AWTY-Limitless/DataServerContainer/env/lib/python3.8/site-packages/airflow/example_dags/example_branch_python_dop_operator_3.py for tasks to queue
[2021-03-08 12:31:02,740] {logging_mixin.py:104} INFO - [2021-03-08 12:31:02,740] {dagbag.py:448} INFO - Filling up the DagBag from /Users/garymarmon/PycharmProjects/AWTY-Limitless/DataServerContainer/env/lib/python3.8/site-packages/airflow/example_dags/example_branch_python_dop_operator_3.py
[2021-03-08 12:31:02,750] {scheduler_job.py:639} INFO - DAG(s) dict_keys(['example_branch_dop_operator_v3']) retrieved from /Users/garymarmon/PycharmProjects/AWTY-Limitless/DataServerContainer/env/lib/python3.8/site-packages/airflow/example_dags/example_branch_python_dop_operator_3.py
[2021-03-08 12:31:02,785] {logging_mixin.py:104} INFO - [2021-03-08 12:31:02,785] {dag.py:1818} INFO - Sync 1 DAGs
[2021-03-08 12:31:02,810] {logging_mixin.py:104} INFO - [2021-03-08 12:31:02,810] {dag.py:2273} INFO - Setting next_dagrun for example_branch_dop_operator_v3 to 2021-03-06 00:00:00+00:00
[2021-03-08 12:31:02,817] {scheduler_job.py:190} INFO - Processing /Users/garymarmon/PycharmProjects/AWTY-Limitless/DataServerContainer/env/lib/python3.8/site-packages/airflow/example_dags/example_branch_python_dop_operator_3.py took 0.079 seconds
[2021-03-08 12:31:40,618] {scheduler_job.py:182} INFO - Started process (PID=3938) to work on /Users/garymarmon/PycharmProjects/AWTY-Limitless/DataServerContainer/env/lib/python3.8/site-packages/airflow/example_dags/example_branch_python_dop_operator_3.py
[2021-03-08 12:31:40,619] {scheduler_job.py:629} INFO - Processing file /Users/garymarmon/PycharmProjects/AWTY-Limitless/DataServerContainer/env/lib/python3.8/site-packages/airflow/example_dags/example_branch_python_dop_operator_3.py for tasks to queue
[2021-03-08 12:31:40,619] {logging_mixin.py:104} INFO - [2021-03-08 12:31:40,619] {dagbag.py:448} INFO - Filling up the DagBag from /Users/garymarmon/PycharmProjects/AWTY-Limitless/DataServerContainer/env/lib/python3.8/site-packages/airflow/example_dags/example_branch_python_dop_operator_3.py
[2021-03-08 12:31:40,631] {scheduler_job.py:639} INFO - DAG(s) dict_keys(['example_branch_dop_operator_v3']) retrieved from /Users/garymarmon/PycharmProjects/AWTY-Limitless/DataServerContainer/env/lib/python3.8/site-packages/airflow/example_dags/example_branch_python_dop_operator_3.py
[2021-03-08 12:31:40,668] {logging_mixin.py:104} INFO - [2021-03-08 12:31:40,668] {dag.py:1818} INFO - Sync 1 DAGs
[2021-03-08 12:31:40,689] {logging_mixin.py:104} INFO - [2021-03-08 12:31:40,689] {dag.py:2273} INFO - Setting next_dagrun for example_branch_dop_operator_v3 to 2021-03-06 00:00:00+00:00
[2021-03-08 12:31:40,698] {scheduler_job.py:190} INFO - Processing /Users/garymarmon/PycharmProjects/AWTY-Limitless/DataServerContainer/env/lib/python3.8/site-packages/airflow/example_dags/example_branch_python_dop_operator_3.py took 0.080 seconds
[2021-03-08 12:32:18,269] {scheduler_job.py:182} INFO - Started process (PID=3979) to work on /Users/garymarmon/PycharmProjects/AWTY-Limitless/DataServerContainer/env/lib/python3.8/site-packages/airflow/example_dags/example_branch_python_dop_operator_3.py
[2021-03-08 12:32:18,269] {scheduler_job.py:629} INFO - Processing file /Users/garymarmon/PycharmProjects/AWTY-Limitless/DataServerContainer/env/lib/python3.8/site-packages/airflow/example_dags/example_branch_python_dop_operator_3.py for tasks to queue
[2021-03-08 12:32:18,270] {logging_mixin.py:104} INFO - [2021-03-08 12:32:18,270] {dagbag.py:448} INFO - Filling up the DagBag from /Users/garymarmon/PycharmProjects/AWTY-Limitless/DataServerContainer/env/lib/python3.8/site-packages/airflow/example_dags/example_branch_python_dop_operator_3.py
[2021-03-08 12:32:18,279] {scheduler_job.py:639} INFO - DAG(s) dict_keys(['example_branch_dop_operator_v3']) retrieved from /Users/garymarmon/PycharmProjects/AWTY-Limitless/DataServerContainer/env/lib/python3.8/site-packages/airflow/example_dags/example_branch_python_dop_operator_3.py
[2021-03-08 12:32:18,314] {logging_mixin.py:104} INFO - [2021-03-08 12:32:18,314] {dag.py:1818} INFO - Sync 1 DAGs
[2021-03-08 12:32:18,336] {logging_mixin.py:104} INFO - [2021-03-08 12:32:18,335] {dag.py:2273} INFO - Setting next_dagrun for example_branch_dop_operator_v3 to 2021-03-06 00:00:00+00:00
[2021-03-08 12:32:18,344] {scheduler_job.py:190} INFO - Processing /Users/garymarmon/PycharmProjects/AWTY-Limitless/DataServerContainer/env/lib/python3.8/site-packages/airflow/example_dags/example_branch_python_dop_operator_3.py took 0.076 seconds
[2021-03-08 12:32:53,526] {scheduler_job.py:182} INFO - Started process (PID=4023) to work on /Users/garymarmon/PycharmProjects/AWTY-Limitless/DataServerContainer/env/lib/python3.8/site-packages/airflow/example_dags/example_branch_python_dop_operator_3.py
[2021-03-08 12:32:53,527] {scheduler_job.py:629} INFO - Processing file /Users/garymarmon/PycharmProjects/AWTY-Limitless/DataServerContainer/env/lib/python3.8/site-packages/airflow/example_dags/example_branch_python_dop_operator_3.py for tasks to queue
[2021-03-08 12:32:53,527] {logging_mixin.py:104} INFO - [2021-03-08 12:32:53,527] {dagbag.py:448} INFO - Filling up the DagBag from /Users/garymarmon/PycharmProjects/AWTY-Limitless/DataServerContainer/env/lib/python3.8/site-packages/airflow/example_dags/example_branch_python_dop_operator_3.py
[2021-03-08 12:32:53,538] {scheduler_job.py:639} INFO - DAG(s) dict_keys(['example_branch_dop_operator_v3']) retrieved from /Users/garymarmon/PycharmProjects/AWTY-Limitless/DataServerContainer/env/lib/python3.8/site-packages/airflow/example_dags/example_branch_python_dop_operator_3.py
[2021-03-08 12:32:53,581] {logging_mixin.py:104} INFO - [2021-03-08 12:32:53,581] {dag.py:1818} INFO - Sync 1 DAGs
[2021-03-08 12:32:53,605] {logging_mixin.py:104} INFO - [2021-03-08 12:32:53,605] {dag.py:2273} INFO - Setting next_dagrun for example_branch_dop_operator_v3 to 2021-03-06 00:00:00+00:00
[2021-03-08 12:32:53,615] {scheduler_job.py:190} INFO - Processing /Users/garymarmon/PycharmProjects/AWTY-Limitless/DataServerContainer/env/lib/python3.8/site-packages/airflow/example_dags/example_branch_python_dop_operator_3.py took 0.089 seconds
[2021-03-08 12:33:25,779] {scheduler_job.py:182} INFO - Started process (PID=4059) to work on /Users/garymarmon/PycharmProjects/AWTY-Limitless/DataServerContainer/env/lib/python3.8/site-packages/airflow/example_dags/example_branch_python_dop_operator_3.py
[2021-03-08 12:33:25,779] {scheduler_job.py:629} INFO - Processing file /Users/garymarmon/PycharmProjects/AWTY-Limitless/DataServerContainer/env/lib/python3.8/site-packages/airflow/example_dags/example_branch_python_dop_operator_3.py for tasks to queue
[2021-03-08 12:33:25,780] {logging_mixin.py:104} INFO - [2021-03-08 12:33:25,780] {dagbag.py:448} INFO - Filling up the DagBag from /Users/garymarmon/PycharmProjects/AWTY-Limitless/DataServerContainer/env/lib/python3.8/site-packages/airflow/example_dags/example_branch_python_dop_operator_3.py
[2021-03-08 12:33:25,789] {scheduler_job.py:639} INFO - DAG(s) dict_keys(['example_branch_dop_operator_v3']) retrieved from /Users/garymarmon/PycharmProjects/AWTY-Limitless/DataServerContainer/env/lib/python3.8/site-packages/airflow/example_dags/example_branch_python_dop_operator_3.py
[2021-03-08 12:33:25,827] {logging_mixin.py:104} INFO - [2021-03-08 12:33:25,826] {dag.py:1818} INFO - Sync 1 DAGs
[2021-03-08 12:33:25,849] {logging_mixin.py:104} INFO - [2021-03-08 12:33:25,849] {dag.py:2273} INFO - Setting next_dagrun for example_branch_dop_operator_v3 to 2021-03-06 00:00:00+00:00
[2021-03-08 12:33:25,859] {scheduler_job.py:190} INFO - Processing /Users/garymarmon/PycharmProjects/AWTY-Limitless/DataServerContainer/env/lib/python3.8/site-packages/airflow/example_dags/example_branch_python_dop_operator_3.py took 0.081 seconds
[2021-03-08 12:34:30,362] {scheduler_job.py:182} INFO - Started process (PID=4134) to work on /Users/garymarmon/PycharmProjects/AWTY-Limitless/DataServerContainer/env/lib/python3.8/site-packages/airflow/example_dags/example_branch_python_dop_operator_3.py
[2021-03-08 12:34:30,362] {scheduler_job.py:629} INFO - Processing file /Users/garymarmon/PycharmProjects/AWTY-Limitless/DataServerContainer/env/lib/python3.8/site-packages/airflow/example_dags/example_branch_python_dop_operator_3.py for tasks to queue
[2021-03-08 12:34:30,363] {logging_mixin.py:104} INFO - [2021-03-08 12:34:30,363] {dagbag.py:448} INFO - Filling up the DagBag from /Users/garymarmon/PycharmProjects/AWTY-Limitless/DataServerContainer/env/lib/python3.8/site-packages/airflow/example_dags/example_branch_python_dop_operator_3.py
[2021-03-08 12:34:30,372] {scheduler_job.py:639} INFO - DAG(s) dict_keys(['example_branch_dop_operator_v3']) retrieved from /Users/garymarmon/PycharmProjects/AWTY-Limitless/DataServerContainer/env/lib/python3.8/site-packages/airflow/example_dags/example_branch_python_dop_operator_3.py
[2021-03-08 12:34:30,408] {logging_mixin.py:104} INFO - [2021-03-08 12:34:30,408] {dag.py:1818} INFO - Sync 1 DAGs
[2021-03-08 12:34:30,428] {logging_mixin.py:104} INFO - [2021-03-08 12:34:30,428] {dag.py:2273} INFO - Setting next_dagrun for example_branch_dop_operator_v3 to 2021-03-06 00:00:00+00:00
[2021-03-08 12:34:30,434] {scheduler_job.py:190} INFO - Processing /Users/garymarmon/PycharmProjects/AWTY-Limitless/DataServerContainer/env/lib/python3.8/site-packages/airflow/example_dags/example_branch_python_dop_operator_3.py took 0.073 seconds
[2021-03-08 12:35:07,372] {scheduler_job.py:182} INFO - Started process (PID=4176) to work on /Users/garymarmon/PycharmProjects/AWTY-Limitless/DataServerContainer/env/lib/python3.8/site-packages/airflow/example_dags/example_branch_python_dop_operator_3.py
[2021-03-08 12:35:07,372] {scheduler_job.py:629} INFO - Processing file /Users/garymarmon/PycharmProjects/AWTY-Limitless/DataServerContainer/env/lib/python3.8/site-packages/airflow/example_dags/example_branch_python_dop_operator_3.py for tasks to queue
[2021-03-08 12:35:07,373] {logging_mixin.py:104} INFO - [2021-03-08 12:35:07,373] {dagbag.py:448} INFO - Filling up the DagBag from /Users/garymarmon/PycharmProjects/AWTY-Limitless/DataServerContainer/env/lib/python3.8/site-packages/airflow/example_dags/example_branch_python_dop_operator_3.py
[2021-03-08 12:35:07,383] {scheduler_job.py:639} INFO - DAG(s) dict_keys(['example_branch_dop_operator_v3']) retrieved from /Users/garymarmon/PycharmProjects/AWTY-Limitless/DataServerContainer/env/lib/python3.8/site-packages/airflow/example_dags/example_branch_python_dop_operator_3.py
[2021-03-08 12:35:07,423] {logging_mixin.py:104} INFO - [2021-03-08 12:35:07,423] {dag.py:1818} INFO - Sync 1 DAGs
[2021-03-08 12:35:07,446] {logging_mixin.py:104} INFO - [2021-03-08 12:35:07,446] {dag.py:2273} INFO - Setting next_dagrun for example_branch_dop_operator_v3 to 2021-03-06 00:00:00+00:00
[2021-03-08 12:35:07,455] {scheduler_job.py:190} INFO - Processing /Users/garymarmon/PycharmProjects/AWTY-Limitless/DataServerContainer/env/lib/python3.8/site-packages/airflow/example_dags/example_branch_python_dop_operator_3.py took 0.084 seconds
[2021-03-08 12:35:41,829] {scheduler_job.py:182} INFO - Started process (PID=4214) to work on /Users/garymarmon/PycharmProjects/AWTY-Limitless/DataServerContainer/env/lib/python3.8/site-packages/airflow/example_dags/example_branch_python_dop_operator_3.py
[2021-03-08 12:35:41,830] {scheduler_job.py:629} INFO - Processing file /Users/garymarmon/PycharmProjects/AWTY-Limitless/DataServerContainer/env/lib/python3.8/site-packages/airflow/example_dags/example_branch_python_dop_operator_3.py for tasks to queue
[2021-03-08 12:35:41,830] {logging_mixin.py:104} INFO - [2021-03-08 12:35:41,830] {dagbag.py:448} INFO - Filling up the DagBag from /Users/garymarmon/PycharmProjects/AWTY-Limitless/DataServerContainer/env/lib/python3.8/site-packages/airflow/example_dags/example_branch_python_dop_operator_3.py
[2021-03-08 12:35:41,842] {scheduler_job.py:639} INFO - DAG(s) dict_keys(['example_branch_dop_operator_v3']) retrieved from /Users/garymarmon/PycharmProjects/AWTY-Limitless/DataServerContainer/env/lib/python3.8/site-packages/airflow/example_dags/example_branch_python_dop_operator_3.py
[2021-03-08 12:35:41,878] {logging_mixin.py:104} INFO - [2021-03-08 12:35:41,878] {dag.py:1818} INFO - Sync 1 DAGs
[2021-03-08 12:35:41,898] {logging_mixin.py:104} INFO - [2021-03-08 12:35:41,898] {dag.py:2273} INFO - Setting next_dagrun for example_branch_dop_operator_v3 to 2021-03-06 00:00:00+00:00
[2021-03-08 12:35:41,904] {scheduler_job.py:190} INFO - Processing /Users/garymarmon/PycharmProjects/AWTY-Limitless/DataServerContainer/env/lib/python3.8/site-packages/airflow/example_dags/example_branch_python_dop_operator_3.py took 0.075 seconds
[2021-03-08 12:36:13,862] {scheduler_job.py:182} INFO - Started process (PID=4252) to work on /Users/garymarmon/PycharmProjects/AWTY-Limitless/DataServerContainer/env/lib/python3.8/site-packages/airflow/example_dags/example_branch_python_dop_operator_3.py
[2021-03-08 12:36:13,863] {scheduler_job.py:629} INFO - Processing file /Users/garymarmon/PycharmProjects/AWTY-Limitless/DataServerContainer/env/lib/python3.8/site-packages/airflow/example_dags/example_branch_python_dop_operator_3.py for tasks to queue
[2021-03-08 12:36:13,863] {logging_mixin.py:104} INFO - [2021-03-08 12:36:13,863] {dagbag.py:448} INFO - Filling up the DagBag from /Users/garymarmon/PycharmProjects/AWTY-Limitless/DataServerContainer/env/lib/python3.8/site-packages/airflow/example_dags/example_branch_python_dop_operator_3.py
[2021-03-08 12:36:13,874] {scheduler_job.py:639} INFO - DAG(s) dict_keys(['example_branch_dop_operator_v3']) retrieved from /Users/garymarmon/PycharmProjects/AWTY-Limitless/DataServerContainer/env/lib/python3.8/site-packages/airflow/example_dags/example_branch_python_dop_operator_3.py
[2021-03-08 12:36:13,914] {logging_mixin.py:104} INFO - [2021-03-08 12:36:13,913] {dag.py:1818} INFO - Sync 1 DAGs
[2021-03-08 12:36:13,937] {logging_mixin.py:104} INFO - [2021-03-08 12:36:13,936] {dag.py:2273} INFO - Setting next_dagrun for example_branch_dop_operator_v3 to 2021-03-06 00:00:00+00:00
[2021-03-08 12:36:13,944] {scheduler_job.py:190} INFO - Processing /Users/garymarmon/PycharmProjects/AWTY-Limitless/DataServerContainer/env/lib/python3.8/site-packages/airflow/example_dags/example_branch_python_dop_operator_3.py took 0.083 seconds
[2021-03-08 12:36:48,177] {scheduler_job.py:182} INFO - Started process (PID=4300) to work on /Users/garymarmon/PycharmProjects/AWTY-Limitless/DataServerContainer/env/lib/python3.8/site-packages/airflow/example_dags/example_branch_python_dop_operator_3.py
[2021-03-08 12:36:48,178] {scheduler_job.py:629} INFO - Processing file /Users/garymarmon/PycharmProjects/AWTY-Limitless/DataServerContainer/env/lib/python3.8/site-packages/airflow/example_dags/example_branch_python_dop_operator_3.py for tasks to queue
[2021-03-08 12:36:48,178] {logging_mixin.py:104} INFO - [2021-03-08 12:36:48,178] {dagbag.py:448} INFO - Filling up the DagBag from /Users/garymarmon/PycharmProjects/AWTY-Limitless/DataServerContainer/env/lib/python3.8/site-packages/airflow/example_dags/example_branch_python_dop_operator_3.py
[2021-03-08 12:36:48,188] {scheduler_job.py:639} INFO - DAG(s) dict_keys(['example_branch_dop_operator_v3']) retrieved from /Users/garymarmon/PycharmProjects/AWTY-Limitless/DataServerContainer/env/lib/python3.8/site-packages/airflow/example_dags/example_branch_python_dop_operator_3.py
[2021-03-08 12:36:48,220] {logging_mixin.py:104} INFO - [2021-03-08 12:36:48,220] {dag.py:1818} INFO - Sync 1 DAGs
[2021-03-08 12:36:48,241] {logging_mixin.py:104} INFO - [2021-03-08 12:36:48,241] {dag.py:2273} INFO - Setting next_dagrun for example_branch_dop_operator_v3 to 2021-03-06 00:00:00+00:00
[2021-03-08 12:36:48,246] {scheduler_job.py:190} INFO - Processing /Users/garymarmon/PycharmProjects/AWTY-Limitless/DataServerContainer/env/lib/python3.8/site-packages/airflow/example_dags/example_branch_python_dop_operator_3.py took 0.070 seconds
[2021-03-08 12:37:25,568] {scheduler_job.py:182} INFO - Started process (PID=4355) to work on /Users/garymarmon/PycharmProjects/AWTY-Limitless/DataServerContainer/env/lib/python3.8/site-packages/airflow/example_dags/example_branch_python_dop_operator_3.py
[2021-03-08 12:37:25,568] {scheduler_job.py:629} INFO - Processing file /Users/garymarmon/PycharmProjects/AWTY-Limitless/DataServerContainer/env/lib/python3.8/site-packages/airflow/example_dags/example_branch_python_dop_operator_3.py for tasks to queue
[2021-03-08 12:37:25,569] {logging_mixin.py:104} INFO - [2021-03-08 12:37:25,569] {dagbag.py:448} INFO - Filling up the DagBag from /Users/garymarmon/PycharmProjects/AWTY-Limitless/DataServerContainer/env/lib/python3.8/site-packages/airflow/example_dags/example_branch_python_dop_operator_3.py
[2021-03-08 12:37:25,578] {scheduler_job.py:639} INFO - DAG(s) dict_keys(['example_branch_dop_operator_v3']) retrieved from /Users/garymarmon/PycharmProjects/AWTY-Limitless/DataServerContainer/env/lib/python3.8/site-packages/airflow/example_dags/example_branch_python_dop_operator_3.py
[2021-03-08 12:37:25,610] {logging_mixin.py:104} INFO - [2021-03-08 12:37:25,610] {dag.py:1818} INFO - Sync 1 DAGs
[2021-03-08 12:37:25,628] {logging_mixin.py:104} INFO - [2021-03-08 12:37:25,627] {dag.py:2273} INFO - Setting next_dagrun for example_branch_dop_operator_v3 to 2021-03-06 00:00:00+00:00
[2021-03-08 12:37:25,636] {scheduler_job.py:190} INFO - Processing /Users/garymarmon/PycharmProjects/AWTY-Limitless/DataServerContainer/env/lib/python3.8/site-packages/airflow/example_dags/example_branch_python_dop_operator_3.py took 0.069 seconds
