[2021-03-08 12:11:04,719] {scheduler_job.py:182} INFO - Started process (PID=2316) to work on /Users/garymarmon/PycharmProjects/AWTY-Limitless/DataServerContainer/env/lib/python3.8/site-packages/airflow/example_dags/example_task_group.py
[2021-03-08 12:11:04,719] {scheduler_job.py:629} INFO - Processing file /Users/garymarmon/PycharmProjects/AWTY-Limitless/DataServerContainer/env/lib/python3.8/site-packages/airflow/example_dags/example_task_group.py for tasks to queue
[2021-03-08 12:11:04,720] {logging_mixin.py:104} INFO - [2021-03-08 12:11:04,720] {dagbag.py:448} INFO - Filling up the DagBag from /Users/garymarmon/PycharmProjects/AWTY-Limitless/DataServerContainer/env/lib/python3.8/site-packages/airflow/example_dags/example_task_group.py
[2021-03-08 12:11:04,733] {scheduler_job.py:639} INFO - DAG(s) dict_keys(['example_task_group']) retrieved from /Users/garymarmon/PycharmProjects/AWTY-Limitless/DataServerContainer/env/lib/python3.8/site-packages/airflow/example_dags/example_task_group.py
[2021-03-08 12:11:04,791] {logging_mixin.py:104} INFO - [2021-03-08 12:11:04,791] {dag.py:1818} INFO - Sync 1 DAGs
[2021-03-08 12:11:04,803] {logging_mixin.py:104} INFO - [2021-03-08 12:11:04,803] {dag.py:2273} INFO - Setting next_dagrun for example_task_group to 2021-03-06 00:00:00+00:00
[2021-03-08 12:11:04,820] {scheduler_job.py:190} INFO - Processing /Users/garymarmon/PycharmProjects/AWTY-Limitless/DataServerContainer/env/lib/python3.8/site-packages/airflow/example_dags/example_task_group.py took 0.102 seconds
[2021-03-08 12:14:30,059] {scheduler_job.py:182} INFO - Started process (PID=2497) to work on /Users/garymarmon/PycharmProjects/AWTY-Limitless/DataServerContainer/env/lib/python3.8/site-packages/airflow/example_dags/example_task_group.py
[2021-03-08 12:14:30,059] {scheduler_job.py:629} INFO - Processing file /Users/garymarmon/PycharmProjects/AWTY-Limitless/DataServerContainer/env/lib/python3.8/site-packages/airflow/example_dags/example_task_group.py for tasks to queue
[2021-03-08 12:14:30,060] {logging_mixin.py:104} INFO - [2021-03-08 12:14:30,060] {dagbag.py:448} INFO - Filling up the DagBag from /Users/garymarmon/PycharmProjects/AWTY-Limitless/DataServerContainer/env/lib/python3.8/site-packages/airflow/example_dags/example_task_group.py
[2021-03-08 12:14:30,069] {scheduler_job.py:639} INFO - DAG(s) dict_keys(['example_task_group']) retrieved from /Users/garymarmon/PycharmProjects/AWTY-Limitless/DataServerContainer/env/lib/python3.8/site-packages/airflow/example_dags/example_task_group.py
[2021-03-08 12:14:30,112] {logging_mixin.py:104} INFO - [2021-03-08 12:14:30,112] {dag.py:1818} INFO - Sync 1 DAGs
[2021-03-08 12:14:30,120] {logging_mixin.py:104} INFO - [2021-03-08 12:14:30,120] {dag.py:2273} INFO - Setting next_dagrun for example_task_group to 2021-03-06 00:00:00+00:00
[2021-03-08 12:14:30,129] {scheduler_job.py:190} INFO - Processing /Users/garymarmon/PycharmProjects/AWTY-Limitless/DataServerContainer/env/lib/python3.8/site-packages/airflow/example_dags/example_task_group.py took 0.071 seconds
[2021-03-08 12:15:28,525] {scheduler_job.py:182} INFO - Started process (PID=2570) to work on /Users/garymarmon/PycharmProjects/AWTY-Limitless/DataServerContainer/env/lib/python3.8/site-packages/airflow/example_dags/example_task_group.py
[2021-03-08 12:15:28,525] {scheduler_job.py:629} INFO - Processing file /Users/garymarmon/PycharmProjects/AWTY-Limitless/DataServerContainer/env/lib/python3.8/site-packages/airflow/example_dags/example_task_group.py for tasks to queue
[2021-03-08 12:15:28,526] {logging_mixin.py:104} INFO - [2021-03-08 12:15:28,526] {dagbag.py:448} INFO - Filling up the DagBag from /Users/garymarmon/PycharmProjects/AWTY-Limitless/DataServerContainer/env/lib/python3.8/site-packages/airflow/example_dags/example_task_group.py
[2021-03-08 12:15:28,535] {scheduler_job.py:639} INFO - DAG(s) dict_keys(['example_task_group']) retrieved from /Users/garymarmon/PycharmProjects/AWTY-Limitless/DataServerContainer/env/lib/python3.8/site-packages/airflow/example_dags/example_task_group.py
[2021-03-08 12:15:28,573] {logging_mixin.py:104} INFO - [2021-03-08 12:15:28,573] {dag.py:1818} INFO - Sync 1 DAGs
[2021-03-08 12:15:28,581] {logging_mixin.py:104} INFO - [2021-03-08 12:15:28,580] {dag.py:2273} INFO - Setting next_dagrun for example_task_group to 2021-03-06 00:00:00+00:00
[2021-03-08 12:15:28,589] {scheduler_job.py:190} INFO - Processing /Users/garymarmon/PycharmProjects/AWTY-Limitless/DataServerContainer/env/lib/python3.8/site-packages/airflow/example_dags/example_task_group.py took 0.065 seconds
[2021-03-08 12:16:28,832] {scheduler_job.py:182} INFO - Started process (PID=2642) to work on /Users/garymarmon/PycharmProjects/AWTY-Limitless/DataServerContainer/env/lib/python3.8/site-packages/airflow/example_dags/example_task_group.py
[2021-03-08 12:16:28,832] {scheduler_job.py:629} INFO - Processing file /Users/garymarmon/PycharmProjects/AWTY-Limitless/DataServerContainer/env/lib/python3.8/site-packages/airflow/example_dags/example_task_group.py for tasks to queue
[2021-03-08 12:16:28,833] {logging_mixin.py:104} INFO - [2021-03-08 12:16:28,833] {dagbag.py:448} INFO - Filling up the DagBag from /Users/garymarmon/PycharmProjects/AWTY-Limitless/DataServerContainer/env/lib/python3.8/site-packages/airflow/example_dags/example_task_group.py
[2021-03-08 12:16:28,840] {scheduler_job.py:639} INFO - DAG(s) dict_keys(['example_task_group']) retrieved from /Users/garymarmon/PycharmProjects/AWTY-Limitless/DataServerContainer/env/lib/python3.8/site-packages/airflow/example_dags/example_task_group.py
[2021-03-08 12:16:28,877] {logging_mixin.py:104} INFO - [2021-03-08 12:16:28,877] {dag.py:1818} INFO - Sync 1 DAGs
[2021-03-08 12:16:28,885] {logging_mixin.py:104} INFO - [2021-03-08 12:16:28,885] {dag.py:2273} INFO - Setting next_dagrun for example_task_group to 2021-03-06 00:00:00+00:00
[2021-03-08 12:16:28,893] {scheduler_job.py:190} INFO - Processing /Users/garymarmon/PycharmProjects/AWTY-Limitless/DataServerContainer/env/lib/python3.8/site-packages/airflow/example_dags/example_task_group.py took 0.062 seconds
[2021-03-08 12:17:32,015] {scheduler_job.py:182} INFO - Started process (PID=2724) to work on /Users/garymarmon/PycharmProjects/AWTY-Limitless/DataServerContainer/env/lib/python3.8/site-packages/airflow/example_dags/example_task_group.py
[2021-03-08 12:17:32,015] {scheduler_job.py:629} INFO - Processing file /Users/garymarmon/PycharmProjects/AWTY-Limitless/DataServerContainer/env/lib/python3.8/site-packages/airflow/example_dags/example_task_group.py for tasks to queue
[2021-03-08 12:17:32,016] {logging_mixin.py:104} INFO - [2021-03-08 12:17:32,016] {dagbag.py:448} INFO - Filling up the DagBag from /Users/garymarmon/PycharmProjects/AWTY-Limitless/DataServerContainer/env/lib/python3.8/site-packages/airflow/example_dags/example_task_group.py
[2021-03-08 12:17:32,024] {scheduler_job.py:639} INFO - DAG(s) dict_keys(['example_task_group']) retrieved from /Users/garymarmon/PycharmProjects/AWTY-Limitless/DataServerContainer/env/lib/python3.8/site-packages/airflow/example_dags/example_task_group.py
[2021-03-08 12:17:32,059] {logging_mixin.py:104} INFO - [2021-03-08 12:17:32,059] {dag.py:1818} INFO - Sync 1 DAGs
[2021-03-08 12:17:32,066] {logging_mixin.py:104} INFO - [2021-03-08 12:17:32,066] {dag.py:2273} INFO - Setting next_dagrun for example_task_group to 2021-03-06 00:00:00+00:00
[2021-03-08 12:17:32,075] {scheduler_job.py:190} INFO - Processing /Users/garymarmon/PycharmProjects/AWTY-Limitless/DataServerContainer/env/lib/python3.8/site-packages/airflow/example_dags/example_task_group.py took 0.061 seconds
[2021-03-08 12:19:02,649] {scheduler_job.py:182} INFO - Started process (PID=2840) to work on /Users/garymarmon/PycharmProjects/AWTY-Limitless/DataServerContainer/env/lib/python3.8/site-packages/airflow/example_dags/example_task_group.py
[2021-03-08 12:19:02,650] {scheduler_job.py:629} INFO - Processing file /Users/garymarmon/PycharmProjects/AWTY-Limitless/DataServerContainer/env/lib/python3.8/site-packages/airflow/example_dags/example_task_group.py for tasks to queue
[2021-03-08 12:19:02,651] {logging_mixin.py:104} INFO - [2021-03-08 12:19:02,651] {dagbag.py:448} INFO - Filling up the DagBag from /Users/garymarmon/PycharmProjects/AWTY-Limitless/DataServerContainer/env/lib/python3.8/site-packages/airflow/example_dags/example_task_group.py
[2021-03-08 12:19:02,661] {scheduler_job.py:639} INFO - DAG(s) dict_keys(['example_task_group']) retrieved from /Users/garymarmon/PycharmProjects/AWTY-Limitless/DataServerContainer/env/lib/python3.8/site-packages/airflow/example_dags/example_task_group.py
[2021-03-08 12:19:02,710] {logging_mixin.py:104} INFO - [2021-03-08 12:19:02,710] {dag.py:1818} INFO - Sync 1 DAGs
[2021-03-08 12:19:02,721] {logging_mixin.py:104} INFO - [2021-03-08 12:19:02,721] {dag.py:2273} INFO - Setting next_dagrun for example_task_group to 2021-03-06 00:00:00+00:00
[2021-03-08 12:19:02,733] {scheduler_job.py:190} INFO - Processing /Users/garymarmon/PycharmProjects/AWTY-Limitless/DataServerContainer/env/lib/python3.8/site-packages/airflow/example_dags/example_task_group.py took 0.085 seconds
[2021-03-08 12:20:35,795] {scheduler_job.py:182} INFO - Started process (PID=2949) to work on /Users/garymarmon/PycharmProjects/AWTY-Limitless/DataServerContainer/env/lib/python3.8/site-packages/airflow/example_dags/example_task_group.py
[2021-03-08 12:20:35,796] {scheduler_job.py:629} INFO - Processing file /Users/garymarmon/PycharmProjects/AWTY-Limitless/DataServerContainer/env/lib/python3.8/site-packages/airflow/example_dags/example_task_group.py for tasks to queue
[2021-03-08 12:20:35,796] {logging_mixin.py:104} INFO - [2021-03-08 12:20:35,796] {dagbag.py:448} INFO - Filling up the DagBag from /Users/garymarmon/PycharmProjects/AWTY-Limitless/DataServerContainer/env/lib/python3.8/site-packages/airflow/example_dags/example_task_group.py
[2021-03-08 12:20:35,804] {scheduler_job.py:639} INFO - DAG(s) dict_keys(['example_task_group']) retrieved from /Users/garymarmon/PycharmProjects/AWTY-Limitless/DataServerContainer/env/lib/python3.8/site-packages/airflow/example_dags/example_task_group.py
[2021-03-08 12:20:35,842] {logging_mixin.py:104} INFO - [2021-03-08 12:20:35,842] {dag.py:1818} INFO - Sync 1 DAGs
[2021-03-08 12:20:35,849] {logging_mixin.py:104} INFO - [2021-03-08 12:20:35,849] {dag.py:2273} INFO - Setting next_dagrun for example_task_group to 2021-03-06 00:00:00+00:00
[2021-03-08 12:20:35,857] {scheduler_job.py:190} INFO - Processing /Users/garymarmon/PycharmProjects/AWTY-Limitless/DataServerContainer/env/lib/python3.8/site-packages/airflow/example_dags/example_task_group.py took 0.063 seconds
[2021-03-08 12:21:48,156] {scheduler_job.py:182} INFO - Started process (PID=3041) to work on /Users/garymarmon/PycharmProjects/AWTY-Limitless/DataServerContainer/env/lib/python3.8/site-packages/airflow/example_dags/example_task_group.py
[2021-03-08 12:21:48,156] {scheduler_job.py:629} INFO - Processing file /Users/garymarmon/PycharmProjects/AWTY-Limitless/DataServerContainer/env/lib/python3.8/site-packages/airflow/example_dags/example_task_group.py for tasks to queue
[2021-03-08 12:21:48,157] {logging_mixin.py:104} INFO - [2021-03-08 12:21:48,157] {dagbag.py:448} INFO - Filling up the DagBag from /Users/garymarmon/PycharmProjects/AWTY-Limitless/DataServerContainer/env/lib/python3.8/site-packages/airflow/example_dags/example_task_group.py
[2021-03-08 12:21:48,164] {scheduler_job.py:639} INFO - DAG(s) dict_keys(['example_task_group']) retrieved from /Users/garymarmon/PycharmProjects/AWTY-Limitless/DataServerContainer/env/lib/python3.8/site-packages/airflow/example_dags/example_task_group.py
[2021-03-08 12:21:48,202] {logging_mixin.py:104} INFO - [2021-03-08 12:21:48,201] {dag.py:1818} INFO - Sync 1 DAGs
[2021-03-08 12:21:48,210] {logging_mixin.py:104} INFO - [2021-03-08 12:21:48,210] {dag.py:2273} INFO - Setting next_dagrun for example_task_group to 2021-03-06 00:00:00+00:00
[2021-03-08 12:21:48,219] {scheduler_job.py:190} INFO - Processing /Users/garymarmon/PycharmProjects/AWTY-Limitless/DataServerContainer/env/lib/python3.8/site-packages/airflow/example_dags/example_task_group.py took 0.064 seconds
[2021-03-08 12:22:54,977] {scheduler_job.py:182} INFO - Started process (PID=3129) to work on /Users/garymarmon/PycharmProjects/AWTY-Limitless/DataServerContainer/env/lib/python3.8/site-packages/airflow/example_dags/example_task_group.py
[2021-03-08 12:22:54,977] {scheduler_job.py:629} INFO - Processing file /Users/garymarmon/PycharmProjects/AWTY-Limitless/DataServerContainer/env/lib/python3.8/site-packages/airflow/example_dags/example_task_group.py for tasks to queue
[2021-03-08 12:22:54,977] {logging_mixin.py:104} INFO - [2021-03-08 12:22:54,977] {dagbag.py:448} INFO - Filling up the DagBag from /Users/garymarmon/PycharmProjects/AWTY-Limitless/DataServerContainer/env/lib/python3.8/site-packages/airflow/example_dags/example_task_group.py
[2021-03-08 12:22:54,987] {scheduler_job.py:639} INFO - DAG(s) dict_keys(['example_task_group']) retrieved from /Users/garymarmon/PycharmProjects/AWTY-Limitless/DataServerContainer/env/lib/python3.8/site-packages/airflow/example_dags/example_task_group.py
[2021-03-08 12:22:55,040] {logging_mixin.py:104} INFO - [2021-03-08 12:22:55,040] {dag.py:1818} INFO - Sync 1 DAGs
[2021-03-08 12:22:55,052] {logging_mixin.py:104} INFO - [2021-03-08 12:22:55,051] {dag.py:2273} INFO - Setting next_dagrun for example_task_group to 2021-03-06 00:00:00+00:00
[2021-03-08 12:22:55,066] {scheduler_job.py:190} INFO - Processing /Users/garymarmon/PycharmProjects/AWTY-Limitless/DataServerContainer/env/lib/python3.8/site-packages/airflow/example_dags/example_task_group.py took 0.090 seconds
[2021-03-08 12:23:54,518] {scheduler_job.py:182} INFO - Started process (PID=3202) to work on /Users/garymarmon/PycharmProjects/AWTY-Limitless/DataServerContainer/env/lib/python3.8/site-packages/airflow/example_dags/example_task_group.py
[2021-03-08 12:23:54,519] {scheduler_job.py:629} INFO - Processing file /Users/garymarmon/PycharmProjects/AWTY-Limitless/DataServerContainer/env/lib/python3.8/site-packages/airflow/example_dags/example_task_group.py for tasks to queue
[2021-03-08 12:23:54,519] {logging_mixin.py:104} INFO - [2021-03-08 12:23:54,519] {dagbag.py:448} INFO - Filling up the DagBag from /Users/garymarmon/PycharmProjects/AWTY-Limitless/DataServerContainer/env/lib/python3.8/site-packages/airflow/example_dags/example_task_group.py
[2021-03-08 12:23:54,527] {scheduler_job.py:639} INFO - DAG(s) dict_keys(['example_task_group']) retrieved from /Users/garymarmon/PycharmProjects/AWTY-Limitless/DataServerContainer/env/lib/python3.8/site-packages/airflow/example_dags/example_task_group.py
[2021-03-08 12:23:54,564] {logging_mixin.py:104} INFO - [2021-03-08 12:23:54,564] {dag.py:1818} INFO - Sync 1 DAGs
[2021-03-08 12:23:54,571] {logging_mixin.py:104} INFO - [2021-03-08 12:23:54,571] {dag.py:2273} INFO - Setting next_dagrun for example_task_group to 2021-03-06 00:00:00+00:00
[2021-03-08 12:23:54,579] {scheduler_job.py:190} INFO - Processing /Users/garymarmon/PycharmProjects/AWTY-Limitless/DataServerContainer/env/lib/python3.8/site-packages/airflow/example_dags/example_task_group.py took 0.062 seconds
[2021-03-08 12:24:59,219] {scheduler_job.py:182} INFO - Started process (PID=3313) to work on /Users/garymarmon/PycharmProjects/AWTY-Limitless/DataServerContainer/env/lib/python3.8/site-packages/airflow/example_dags/example_task_group.py
[2021-03-08 12:24:59,220] {scheduler_job.py:629} INFO - Processing file /Users/garymarmon/PycharmProjects/AWTY-Limitless/DataServerContainer/env/lib/python3.8/site-packages/airflow/example_dags/example_task_group.py for tasks to queue
[2021-03-08 12:24:59,221] {logging_mixin.py:104} INFO - [2021-03-08 12:24:59,221] {dagbag.py:448} INFO - Filling up the DagBag from /Users/garymarmon/PycharmProjects/AWTY-Limitless/DataServerContainer/env/lib/python3.8/site-packages/airflow/example_dags/example_task_group.py
[2021-03-08 12:24:59,231] {scheduler_job.py:639} INFO - DAG(s) dict_keys(['example_task_group']) retrieved from /Users/garymarmon/PycharmProjects/AWTY-Limitless/DataServerContainer/env/lib/python3.8/site-packages/airflow/example_dags/example_task_group.py
[2021-03-08 12:24:59,281] {logging_mixin.py:104} INFO - [2021-03-08 12:24:59,281] {dag.py:1818} INFO - Sync 1 DAGs
[2021-03-08 12:24:59,295] {logging_mixin.py:104} INFO - [2021-03-08 12:24:59,295] {dag.py:2273} INFO - Setting next_dagrun for example_task_group to 2021-03-06 00:00:00+00:00
[2021-03-08 12:24:59,307] {scheduler_job.py:190} INFO - Processing /Users/garymarmon/PycharmProjects/AWTY-Limitless/DataServerContainer/env/lib/python3.8/site-packages/airflow/example_dags/example_task_group.py took 0.089 seconds
[2021-03-08 12:26:38,759] {scheduler_job.py:182} INFO - Started process (PID=3578) to work on /Users/garymarmon/PycharmProjects/AWTY-Limitless/DataServerContainer/env/lib/python3.8/site-packages/airflow/example_dags/example_task_group.py
[2021-03-08 12:26:38,760] {scheduler_job.py:629} INFO - Processing file /Users/garymarmon/PycharmProjects/AWTY-Limitless/DataServerContainer/env/lib/python3.8/site-packages/airflow/example_dags/example_task_group.py for tasks to queue
[2021-03-08 12:26:38,761] {logging_mixin.py:104} INFO - [2021-03-08 12:26:38,760] {dagbag.py:448} INFO - Filling up the DagBag from /Users/garymarmon/PycharmProjects/AWTY-Limitless/DataServerContainer/env/lib/python3.8/site-packages/airflow/example_dags/example_task_group.py
[2021-03-08 12:26:38,769] {scheduler_job.py:639} INFO - DAG(s) dict_keys(['example_task_group']) retrieved from /Users/garymarmon/PycharmProjects/AWTY-Limitless/DataServerContainer/env/lib/python3.8/site-packages/airflow/example_dags/example_task_group.py
[2021-03-08 12:26:38,802] {logging_mixin.py:104} INFO - [2021-03-08 12:26:38,802] {dag.py:1818} INFO - Sync 1 DAGs
[2021-03-08 12:26:38,809] {logging_mixin.py:104} INFO - [2021-03-08 12:26:38,809] {dag.py:2273} INFO - Setting next_dagrun for example_task_group to 2021-03-06 00:00:00+00:00
[2021-03-08 12:26:38,819] {scheduler_job.py:190} INFO - Processing /Users/garymarmon/PycharmProjects/AWTY-Limitless/DataServerContainer/env/lib/python3.8/site-packages/airflow/example_dags/example_task_group.py took 0.061 seconds
[2021-03-08 12:27:42,893] {scheduler_job.py:182} INFO - Started process (PID=3656) to work on /Users/garymarmon/PycharmProjects/AWTY-Limitless/DataServerContainer/env/lib/python3.8/site-packages/airflow/example_dags/example_task_group.py
[2021-03-08 12:27:42,893] {scheduler_job.py:629} INFO - Processing file /Users/garymarmon/PycharmProjects/AWTY-Limitless/DataServerContainer/env/lib/python3.8/site-packages/airflow/example_dags/example_task_group.py for tasks to queue
[2021-03-08 12:27:42,894] {logging_mixin.py:104} INFO - [2021-03-08 12:27:42,893] {dagbag.py:448} INFO - Filling up the DagBag from /Users/garymarmon/PycharmProjects/AWTY-Limitless/DataServerContainer/env/lib/python3.8/site-packages/airflow/example_dags/example_task_group.py
[2021-03-08 12:27:42,902] {scheduler_job.py:639} INFO - DAG(s) dict_keys(['example_task_group']) retrieved from /Users/garymarmon/PycharmProjects/AWTY-Limitless/DataServerContainer/env/lib/python3.8/site-packages/airflow/example_dags/example_task_group.py
[2021-03-08 12:27:42,947] {logging_mixin.py:104} INFO - [2021-03-08 12:27:42,947] {dag.py:1818} INFO - Sync 1 DAGs
[2021-03-08 12:27:42,955] {logging_mixin.py:104} INFO - [2021-03-08 12:27:42,955] {dag.py:2273} INFO - Setting next_dagrun for example_task_group to 2021-03-06 00:00:00+00:00
[2021-03-08 12:27:42,965] {scheduler_job.py:190} INFO - Processing /Users/garymarmon/PycharmProjects/AWTY-Limitless/DataServerContainer/env/lib/python3.8/site-packages/airflow/example_dags/example_task_group.py took 0.073 seconds
[2021-03-08 12:28:40,285] {scheduler_job.py:182} INFO - Started process (PID=3734) to work on /Users/garymarmon/PycharmProjects/AWTY-Limitless/DataServerContainer/env/lib/python3.8/site-packages/airflow/example_dags/example_task_group.py
[2021-03-08 12:28:40,286] {scheduler_job.py:629} INFO - Processing file /Users/garymarmon/PycharmProjects/AWTY-Limitless/DataServerContainer/env/lib/python3.8/site-packages/airflow/example_dags/example_task_group.py for tasks to queue
[2021-03-08 12:28:40,286] {logging_mixin.py:104} INFO - [2021-03-08 12:28:40,286] {dagbag.py:448} INFO - Filling up the DagBag from /Users/garymarmon/PycharmProjects/AWTY-Limitless/DataServerContainer/env/lib/python3.8/site-packages/airflow/example_dags/example_task_group.py
[2021-03-08 12:28:40,293] {scheduler_job.py:639} INFO - DAG(s) dict_keys(['example_task_group']) retrieved from /Users/garymarmon/PycharmProjects/AWTY-Limitless/DataServerContainer/env/lib/python3.8/site-packages/airflow/example_dags/example_task_group.py
[2021-03-08 12:28:40,325] {logging_mixin.py:104} INFO - [2021-03-08 12:28:40,325] {dag.py:1818} INFO - Sync 1 DAGs
[2021-03-08 12:28:40,332] {logging_mixin.py:104} INFO - [2021-03-08 12:28:40,332] {dag.py:2273} INFO - Setting next_dagrun for example_task_group to 2021-03-06 00:00:00+00:00
[2021-03-08 12:28:40,339] {scheduler_job.py:190} INFO - Processing /Users/garymarmon/PycharmProjects/AWTY-Limitless/DataServerContainer/env/lib/python3.8/site-packages/airflow/example_dags/example_task_group.py took 0.055 seconds
[2021-03-08 12:29:39,102] {scheduler_job.py:182} INFO - Started process (PID=3804) to work on /Users/garymarmon/PycharmProjects/AWTY-Limitless/DataServerContainer/env/lib/python3.8/site-packages/airflow/example_dags/example_task_group.py
[2021-03-08 12:29:39,103] {scheduler_job.py:629} INFO - Processing file /Users/garymarmon/PycharmProjects/AWTY-Limitless/DataServerContainer/env/lib/python3.8/site-packages/airflow/example_dags/example_task_group.py for tasks to queue
[2021-03-08 12:29:39,103] {logging_mixin.py:104} INFO - [2021-03-08 12:29:39,103] {dagbag.py:448} INFO - Filling up the DagBag from /Users/garymarmon/PycharmProjects/AWTY-Limitless/DataServerContainer/env/lib/python3.8/site-packages/airflow/example_dags/example_task_group.py
[2021-03-08 12:29:39,111] {scheduler_job.py:639} INFO - DAG(s) dict_keys(['example_task_group']) retrieved from /Users/garymarmon/PycharmProjects/AWTY-Limitless/DataServerContainer/env/lib/python3.8/site-packages/airflow/example_dags/example_task_group.py
[2021-03-08 12:29:39,150] {logging_mixin.py:104} INFO - [2021-03-08 12:29:39,150] {dag.py:1818} INFO - Sync 1 DAGs
[2021-03-08 12:29:39,158] {logging_mixin.py:104} INFO - [2021-03-08 12:29:39,158] {dag.py:2273} INFO - Setting next_dagrun for example_task_group to 2021-03-06 00:00:00+00:00
[2021-03-08 12:29:39,168] {scheduler_job.py:190} INFO - Processing /Users/garymarmon/PycharmProjects/AWTY-Limitless/DataServerContainer/env/lib/python3.8/site-packages/airflow/example_dags/example_task_group.py took 0.066 seconds
[2021-03-08 12:30:48,131] {scheduler_job.py:182} INFO - Started process (PID=3878) to work on /Users/garymarmon/PycharmProjects/AWTY-Limitless/DataServerContainer/env/lib/python3.8/site-packages/airflow/example_dags/example_task_group.py
[2021-03-08 12:30:48,131] {scheduler_job.py:629} INFO - Processing file /Users/garymarmon/PycharmProjects/AWTY-Limitless/DataServerContainer/env/lib/python3.8/site-packages/airflow/example_dags/example_task_group.py for tasks to queue
[2021-03-08 12:30:48,132] {logging_mixin.py:104} INFO - [2021-03-08 12:30:48,132] {dagbag.py:448} INFO - Filling up the DagBag from /Users/garymarmon/PycharmProjects/AWTY-Limitless/DataServerContainer/env/lib/python3.8/site-packages/airflow/example_dags/example_task_group.py
[2021-03-08 12:30:48,142] {scheduler_job.py:639} INFO - DAG(s) dict_keys(['example_task_group']) retrieved from /Users/garymarmon/PycharmProjects/AWTY-Limitless/DataServerContainer/env/lib/python3.8/site-packages/airflow/example_dags/example_task_group.py
[2021-03-08 12:30:48,188] {logging_mixin.py:104} INFO - [2021-03-08 12:30:48,188] {dag.py:1818} INFO - Sync 1 DAGs
[2021-03-08 12:30:48,198] {logging_mixin.py:104} INFO - [2021-03-08 12:30:48,198] {dag.py:2273} INFO - Setting next_dagrun for example_task_group to 2021-03-06 00:00:00+00:00
[2021-03-08 12:30:48,210] {scheduler_job.py:190} INFO - Processing /Users/garymarmon/PycharmProjects/AWTY-Limitless/DataServerContainer/env/lib/python3.8/site-packages/airflow/example_dags/example_task_group.py took 0.081 seconds
[2021-03-08 12:32:05,417] {scheduler_job.py:182} INFO - Started process (PID=3962) to work on /Users/garymarmon/PycharmProjects/AWTY-Limitless/DataServerContainer/env/lib/python3.8/site-packages/airflow/example_dags/example_task_group.py
[2021-03-08 12:32:05,418] {scheduler_job.py:629} INFO - Processing file /Users/garymarmon/PycharmProjects/AWTY-Limitless/DataServerContainer/env/lib/python3.8/site-packages/airflow/example_dags/example_task_group.py for tasks to queue
[2021-03-08 12:32:05,418] {logging_mixin.py:104} INFO - [2021-03-08 12:32:05,418] {dagbag.py:448} INFO - Filling up the DagBag from /Users/garymarmon/PycharmProjects/AWTY-Limitless/DataServerContainer/env/lib/python3.8/site-packages/airflow/example_dags/example_task_group.py
[2021-03-08 12:32:05,426] {scheduler_job.py:639} INFO - DAG(s) dict_keys(['example_task_group']) retrieved from /Users/garymarmon/PycharmProjects/AWTY-Limitless/DataServerContainer/env/lib/python3.8/site-packages/airflow/example_dags/example_task_group.py
[2021-03-08 12:32:05,465] {logging_mixin.py:104} INFO - [2021-03-08 12:32:05,464] {dag.py:1818} INFO - Sync 1 DAGs
[2021-03-08 12:32:05,474] {logging_mixin.py:104} INFO - [2021-03-08 12:32:05,474] {dag.py:2273} INFO - Setting next_dagrun for example_task_group to 2021-03-06 00:00:00+00:00
[2021-03-08 12:32:05,487] {scheduler_job.py:190} INFO - Processing /Users/garymarmon/PycharmProjects/AWTY-Limitless/DataServerContainer/env/lib/python3.8/site-packages/airflow/example_dags/example_task_group.py took 0.071 seconds
[2021-03-08 12:33:12,303] {scheduler_job.py:182} INFO - Started process (PID=4045) to work on /Users/garymarmon/PycharmProjects/AWTY-Limitless/DataServerContainer/env/lib/python3.8/site-packages/airflow/example_dags/example_task_group.py
[2021-03-08 12:33:12,303] {scheduler_job.py:629} INFO - Processing file /Users/garymarmon/PycharmProjects/AWTY-Limitless/DataServerContainer/env/lib/python3.8/site-packages/airflow/example_dags/example_task_group.py for tasks to queue
[2021-03-08 12:33:12,304] {logging_mixin.py:104} INFO - [2021-03-08 12:33:12,304] {dagbag.py:448} INFO - Filling up the DagBag from /Users/garymarmon/PycharmProjects/AWTY-Limitless/DataServerContainer/env/lib/python3.8/site-packages/airflow/example_dags/example_task_group.py
[2021-03-08 12:33:12,310] {scheduler_job.py:639} INFO - DAG(s) dict_keys(['example_task_group']) retrieved from /Users/garymarmon/PycharmProjects/AWTY-Limitless/DataServerContainer/env/lib/python3.8/site-packages/airflow/example_dags/example_task_group.py
[2021-03-08 12:33:12,346] {logging_mixin.py:104} INFO - [2021-03-08 12:33:12,346] {dag.py:1818} INFO - Sync 1 DAGs
[2021-03-08 12:33:12,355] {logging_mixin.py:104} INFO - [2021-03-08 12:33:12,354] {dag.py:2273} INFO - Setting next_dagrun for example_task_group to 2021-03-06 00:00:00+00:00
[2021-03-08 12:33:12,364] {scheduler_job.py:190} INFO - Processing /Users/garymarmon/PycharmProjects/AWTY-Limitless/DataServerContainer/env/lib/python3.8/site-packages/airflow/example_dags/example_task_group.py took 0.062 seconds
[2021-03-08 12:34:16,319] {scheduler_job.py:182} INFO - Started process (PID=4117) to work on /Users/garymarmon/PycharmProjects/AWTY-Limitless/DataServerContainer/env/lib/python3.8/site-packages/airflow/example_dags/example_task_group.py
[2021-03-08 12:34:16,320] {scheduler_job.py:629} INFO - Processing file /Users/garymarmon/PycharmProjects/AWTY-Limitless/DataServerContainer/env/lib/python3.8/site-packages/airflow/example_dags/example_task_group.py for tasks to queue
[2021-03-08 12:34:16,320] {logging_mixin.py:104} INFO - [2021-03-08 12:34:16,320] {dagbag.py:448} INFO - Filling up the DagBag from /Users/garymarmon/PycharmProjects/AWTY-Limitless/DataServerContainer/env/lib/python3.8/site-packages/airflow/example_dags/example_task_group.py
[2021-03-08 12:34:16,328] {scheduler_job.py:639} INFO - DAG(s) dict_keys(['example_task_group']) retrieved from /Users/garymarmon/PycharmProjects/AWTY-Limitless/DataServerContainer/env/lib/python3.8/site-packages/airflow/example_dags/example_task_group.py
[2021-03-08 12:34:16,368] {logging_mixin.py:104} INFO - [2021-03-08 12:34:16,368] {dag.py:1818} INFO - Sync 1 DAGs
[2021-03-08 12:34:16,377] {logging_mixin.py:104} INFO - [2021-03-08 12:34:16,377] {dag.py:2273} INFO - Setting next_dagrun for example_task_group to 2021-03-06 00:00:00+00:00
[2021-03-08 12:34:16,388] {scheduler_job.py:190} INFO - Processing /Users/garymarmon/PycharmProjects/AWTY-Limitless/DataServerContainer/env/lib/python3.8/site-packages/airflow/example_dags/example_task_group.py took 0.070 seconds
[2021-03-08 12:35:28,404] {scheduler_job.py:182} INFO - Started process (PID=4200) to work on /Users/garymarmon/PycharmProjects/AWTY-Limitless/DataServerContainer/env/lib/python3.8/site-packages/airflow/example_dags/example_task_group.py
[2021-03-08 12:35:28,404] {scheduler_job.py:629} INFO - Processing file /Users/garymarmon/PycharmProjects/AWTY-Limitless/DataServerContainer/env/lib/python3.8/site-packages/airflow/example_dags/example_task_group.py for tasks to queue
[2021-03-08 12:35:28,405] {logging_mixin.py:104} INFO - [2021-03-08 12:35:28,405] {dagbag.py:448} INFO - Filling up the DagBag from /Users/garymarmon/PycharmProjects/AWTY-Limitless/DataServerContainer/env/lib/python3.8/site-packages/airflow/example_dags/example_task_group.py
[2021-03-08 12:35:28,414] {scheduler_job.py:639} INFO - DAG(s) dict_keys(['example_task_group']) retrieved from /Users/garymarmon/PycharmProjects/AWTY-Limitless/DataServerContainer/env/lib/python3.8/site-packages/airflow/example_dags/example_task_group.py
[2021-03-08 12:35:28,458] {logging_mixin.py:104} INFO - [2021-03-08 12:35:28,457] {dag.py:1818} INFO - Sync 1 DAGs
[2021-03-08 12:35:28,468] {logging_mixin.py:104} INFO - [2021-03-08 12:35:28,467] {dag.py:2273} INFO - Setting next_dagrun for example_task_group to 2021-03-06 00:00:00+00:00
[2021-03-08 12:35:28,480] {scheduler_job.py:190} INFO - Processing /Users/garymarmon/PycharmProjects/AWTY-Limitless/DataServerContainer/env/lib/python3.8/site-packages/airflow/example_dags/example_task_group.py took 0.077 seconds
[2021-03-08 12:36:34,829] {scheduler_job.py:182} INFO - Started process (PID=4280) to work on /Users/garymarmon/PycharmProjects/AWTY-Limitless/DataServerContainer/env/lib/python3.8/site-packages/airflow/example_dags/example_task_group.py
[2021-03-08 12:36:34,830] {scheduler_job.py:629} INFO - Processing file /Users/garymarmon/PycharmProjects/AWTY-Limitless/DataServerContainer/env/lib/python3.8/site-packages/airflow/example_dags/example_task_group.py for tasks to queue
[2021-03-08 12:36:34,830] {logging_mixin.py:104} INFO - [2021-03-08 12:36:34,830] {dagbag.py:448} INFO - Filling up the DagBag from /Users/garymarmon/PycharmProjects/AWTY-Limitless/DataServerContainer/env/lib/python3.8/site-packages/airflow/example_dags/example_task_group.py
[2021-03-08 12:36:34,838] {scheduler_job.py:639} INFO - DAG(s) dict_keys(['example_task_group']) retrieved from /Users/garymarmon/PycharmProjects/AWTY-Limitless/DataServerContainer/env/lib/python3.8/site-packages/airflow/example_dags/example_task_group.py
[2021-03-08 12:36:34,877] {logging_mixin.py:104} INFO - [2021-03-08 12:36:34,876] {dag.py:1818} INFO - Sync 1 DAGs
[2021-03-08 12:36:34,884] {logging_mixin.py:104} INFO - [2021-03-08 12:36:34,884] {dag.py:2273} INFO - Setting next_dagrun for example_task_group to 2021-03-06 00:00:00+00:00
[2021-03-08 12:36:34,894] {scheduler_job.py:190} INFO - Processing /Users/garymarmon/PycharmProjects/AWTY-Limitless/DataServerContainer/env/lib/python3.8/site-packages/airflow/example_dags/example_task_group.py took 0.066 seconds
