[2021-03-08 12:11:19,016] {scheduler_job.py:182} INFO - Started process (PID=2336) to work on /Users/garymarmon/PycharmProjects/AWTY-Limitless/DataServerContainer/env/lib/python3.8/site-packages/airflow/example_dags/example_kubernetes_executor_config.py
[2021-03-08 12:11:19,017] {scheduler_job.py:629} INFO - Processing file /Users/garymarmon/PycharmProjects/AWTY-Limitless/DataServerContainer/env/lib/python3.8/site-packages/airflow/example_dags/example_kubernetes_executor_config.py for tasks to queue
[2021-03-08 12:11:19,018] {logging_mixin.py:104} INFO - [2021-03-08 12:11:19,018] {dagbag.py:448} INFO - Filling up the DagBag from /Users/garymarmon/PycharmProjects/AWTY-Limitless/DataServerContainer/env/lib/python3.8/site-packages/airflow/example_dags/example_kubernetes_executor_config.py
[2021-03-08 12:11:19,043] {scheduler_job.py:639} INFO - DAG(s) dict_keys(['example_kubernetes_executor_config']) retrieved from /Users/garymarmon/PycharmProjects/AWTY-Limitless/DataServerContainer/env/lib/python3.8/site-packages/airflow/example_dags/example_kubernetes_executor_config.py
[2021-03-08 12:11:19,129] {logging_mixin.py:104} INFO - [2021-03-08 12:11:19,129] {dag.py:1818} INFO - Sync 1 DAGs
[2021-03-08 12:11:19,146] {logging_mixin.py:104} INFO - [2021-03-08 12:11:19,146] {dag.py:2273} INFO - Setting next_dagrun for example_kubernetes_executor_config to None
[2021-03-08 12:11:19,165] {scheduler_job.py:190} INFO - Processing /Users/garymarmon/PycharmProjects/AWTY-Limitless/DataServerContainer/env/lib/python3.8/site-packages/airflow/example_dags/example_kubernetes_executor_config.py took 0.150 seconds
[2021-03-08 12:14:06,334] {scheduler_job.py:182} INFO - Started process (PID=2467) to work on /Users/garymarmon/PycharmProjects/AWTY-Limitless/DataServerContainer/env/lib/python3.8/site-packages/airflow/example_dags/example_kubernetes_executor_config.py
[2021-03-08 12:14:06,335] {scheduler_job.py:629} INFO - Processing file /Users/garymarmon/PycharmProjects/AWTY-Limitless/DataServerContainer/env/lib/python3.8/site-packages/airflow/example_dags/example_kubernetes_executor_config.py for tasks to queue
[2021-03-08 12:14:06,335] {logging_mixin.py:104} INFO - [2021-03-08 12:14:06,335] {dagbag.py:448} INFO - Filling up the DagBag from /Users/garymarmon/PycharmProjects/AWTY-Limitless/DataServerContainer/env/lib/python3.8/site-packages/airflow/example_dags/example_kubernetes_executor_config.py
[2021-03-08 12:14:06,347] {scheduler_job.py:639} INFO - DAG(s) dict_keys(['example_kubernetes_executor_config']) retrieved from /Users/garymarmon/PycharmProjects/AWTY-Limitless/DataServerContainer/env/lib/python3.8/site-packages/airflow/example_dags/example_kubernetes_executor_config.py
[2021-03-08 12:14:06,386] {logging_mixin.py:104} INFO - [2021-03-08 12:14:06,386] {dag.py:1818} INFO - Sync 1 DAGs
[2021-03-08 12:14:06,394] {logging_mixin.py:104} INFO - [2021-03-08 12:14:06,393] {dag.py:2273} INFO - Setting next_dagrun for example_kubernetes_executor_config to None
[2021-03-08 12:14:06,402] {scheduler_job.py:190} INFO - Processing /Users/garymarmon/PycharmProjects/AWTY-Limitless/DataServerContainer/env/lib/python3.8/site-packages/airflow/example_dags/example_kubernetes_executor_config.py took 0.069 seconds
[2021-03-08 12:15:06,752] {scheduler_job.py:182} INFO - Started process (PID=2543) to work on /Users/garymarmon/PycharmProjects/AWTY-Limitless/DataServerContainer/env/lib/python3.8/site-packages/airflow/example_dags/example_kubernetes_executor_config.py
[2021-03-08 12:15:06,753] {scheduler_job.py:629} INFO - Processing file /Users/garymarmon/PycharmProjects/AWTY-Limitless/DataServerContainer/env/lib/python3.8/site-packages/airflow/example_dags/example_kubernetes_executor_config.py for tasks to queue
[2021-03-08 12:15:06,753] {logging_mixin.py:104} INFO - [2021-03-08 12:15:06,753] {dagbag.py:448} INFO - Filling up the DagBag from /Users/garymarmon/PycharmProjects/AWTY-Limitless/DataServerContainer/env/lib/python3.8/site-packages/airflow/example_dags/example_kubernetes_executor_config.py
[2021-03-08 12:15:06,765] {scheduler_job.py:639} INFO - DAG(s) dict_keys(['example_kubernetes_executor_config']) retrieved from /Users/garymarmon/PycharmProjects/AWTY-Limitless/DataServerContainer/env/lib/python3.8/site-packages/airflow/example_dags/example_kubernetes_executor_config.py
[2021-03-08 12:15:06,811] {logging_mixin.py:104} INFO - [2021-03-08 12:15:06,811] {dag.py:1818} INFO - Sync 1 DAGs
[2021-03-08 12:15:06,821] {logging_mixin.py:104} INFO - [2021-03-08 12:15:06,821] {dag.py:2273} INFO - Setting next_dagrun for example_kubernetes_executor_config to None
[2021-03-08 12:15:06,833] {scheduler_job.py:190} INFO - Processing /Users/garymarmon/PycharmProjects/AWTY-Limitless/DataServerContainer/env/lib/python3.8/site-packages/airflow/example_dags/example_kubernetes_executor_config.py took 0.082 seconds
[2021-03-08 12:16:06,880] {scheduler_job.py:182} INFO - Started process (PID=2612) to work on /Users/garymarmon/PycharmProjects/AWTY-Limitless/DataServerContainer/env/lib/python3.8/site-packages/airflow/example_dags/example_kubernetes_executor_config.py
[2021-03-08 12:16:06,881] {scheduler_job.py:629} INFO - Processing file /Users/garymarmon/PycharmProjects/AWTY-Limitless/DataServerContainer/env/lib/python3.8/site-packages/airflow/example_dags/example_kubernetes_executor_config.py for tasks to queue
[2021-03-08 12:16:06,881] {logging_mixin.py:104} INFO - [2021-03-08 12:16:06,881] {dagbag.py:448} INFO - Filling up the DagBag from /Users/garymarmon/PycharmProjects/AWTY-Limitless/DataServerContainer/env/lib/python3.8/site-packages/airflow/example_dags/example_kubernetes_executor_config.py
[2021-03-08 12:16:06,892] {scheduler_job.py:639} INFO - DAG(s) dict_keys(['example_kubernetes_executor_config']) retrieved from /Users/garymarmon/PycharmProjects/AWTY-Limitless/DataServerContainer/env/lib/python3.8/site-packages/airflow/example_dags/example_kubernetes_executor_config.py
[2021-03-08 12:16:06,933] {logging_mixin.py:104} INFO - [2021-03-08 12:16:06,933] {dag.py:1818} INFO - Sync 1 DAGs
[2021-03-08 12:16:06,943] {logging_mixin.py:104} INFO - [2021-03-08 12:16:06,942] {dag.py:2273} INFO - Setting next_dagrun for example_kubernetes_executor_config to None
[2021-03-08 12:16:06,952] {scheduler_job.py:190} INFO - Processing /Users/garymarmon/PycharmProjects/AWTY-Limitless/DataServerContainer/env/lib/python3.8/site-packages/airflow/example_dags/example_kubernetes_executor_config.py took 0.073 seconds
[2021-03-08 12:17:06,287] {scheduler_job.py:182} INFO - Started process (PID=2685) to work on /Users/garymarmon/PycharmProjects/AWTY-Limitless/DataServerContainer/env/lib/python3.8/site-packages/airflow/example_dags/example_kubernetes_executor_config.py
[2021-03-08 12:17:06,287] {scheduler_job.py:629} INFO - Processing file /Users/garymarmon/PycharmProjects/AWTY-Limitless/DataServerContainer/env/lib/python3.8/site-packages/airflow/example_dags/example_kubernetes_executor_config.py for tasks to queue
[2021-03-08 12:17:06,288] {logging_mixin.py:104} INFO - [2021-03-08 12:17:06,288] {dagbag.py:448} INFO - Filling up the DagBag from /Users/garymarmon/PycharmProjects/AWTY-Limitless/DataServerContainer/env/lib/python3.8/site-packages/airflow/example_dags/example_kubernetes_executor_config.py
[2021-03-08 12:17:06,306] {scheduler_job.py:639} INFO - DAG(s) dict_keys(['example_kubernetes_executor_config']) retrieved from /Users/garymarmon/PycharmProjects/AWTY-Limitless/DataServerContainer/env/lib/python3.8/site-packages/airflow/example_dags/example_kubernetes_executor_config.py
[2021-03-08 12:17:06,357] {logging_mixin.py:104} INFO - [2021-03-08 12:17:06,356] {dag.py:1818} INFO - Sync 1 DAGs
[2021-03-08 12:17:06,365] {logging_mixin.py:104} INFO - [2021-03-08 12:17:06,365] {dag.py:2273} INFO - Setting next_dagrun for example_kubernetes_executor_config to None
[2021-03-08 12:17:06,376] {scheduler_job.py:190} INFO - Processing /Users/garymarmon/PycharmProjects/AWTY-Limitless/DataServerContainer/env/lib/python3.8/site-packages/airflow/example_dags/example_kubernetes_executor_config.py took 0.091 seconds
[2021-03-08 12:18:21,684] {scheduler_job.py:182} INFO - Started process (PID=2788) to work on /Users/garymarmon/PycharmProjects/AWTY-Limitless/DataServerContainer/env/lib/python3.8/site-packages/airflow/example_dags/example_kubernetes_executor_config.py
[2021-03-08 12:18:21,684] {scheduler_job.py:629} INFO - Processing file /Users/garymarmon/PycharmProjects/AWTY-Limitless/DataServerContainer/env/lib/python3.8/site-packages/airflow/example_dags/example_kubernetes_executor_config.py for tasks to queue
[2021-03-08 12:18:21,685] {logging_mixin.py:104} INFO - [2021-03-08 12:18:21,685] {dagbag.py:448} INFO - Filling up the DagBag from /Users/garymarmon/PycharmProjects/AWTY-Limitless/DataServerContainer/env/lib/python3.8/site-packages/airflow/example_dags/example_kubernetes_executor_config.py
[2021-03-08 12:18:21,698] {scheduler_job.py:639} INFO - DAG(s) dict_keys(['example_kubernetes_executor_config']) retrieved from /Users/garymarmon/PycharmProjects/AWTY-Limitless/DataServerContainer/env/lib/python3.8/site-packages/airflow/example_dags/example_kubernetes_executor_config.py
[2021-03-08 12:18:21,737] {logging_mixin.py:104} INFO - [2021-03-08 12:18:21,737] {dag.py:1818} INFO - Sync 1 DAGs
[2021-03-08 12:18:21,744] {logging_mixin.py:104} INFO - [2021-03-08 12:18:21,744] {dag.py:2273} INFO - Setting next_dagrun for example_kubernetes_executor_config to None
[2021-03-08 12:18:21,753] {scheduler_job.py:190} INFO - Processing /Users/garymarmon/PycharmProjects/AWTY-Limitless/DataServerContainer/env/lib/python3.8/site-packages/airflow/example_dags/example_kubernetes_executor_config.py took 0.070 seconds
[2021-03-08 12:19:50,779] {scheduler_job.py:182} INFO - Started process (PID=2897) to work on /Users/garymarmon/PycharmProjects/AWTY-Limitless/DataServerContainer/env/lib/python3.8/site-packages/airflow/example_dags/example_kubernetes_executor_config.py
[2021-03-08 12:19:50,780] {scheduler_job.py:629} INFO - Processing file /Users/garymarmon/PycharmProjects/AWTY-Limitless/DataServerContainer/env/lib/python3.8/site-packages/airflow/example_dags/example_kubernetes_executor_config.py for tasks to queue
[2021-03-08 12:19:50,781] {logging_mixin.py:104} INFO - [2021-03-08 12:19:50,781] {dagbag.py:448} INFO - Filling up the DagBag from /Users/garymarmon/PycharmProjects/AWTY-Limitless/DataServerContainer/env/lib/python3.8/site-packages/airflow/example_dags/example_kubernetes_executor_config.py
[2021-03-08 12:19:50,792] {scheduler_job.py:639} INFO - DAG(s) dict_keys(['example_kubernetes_executor_config']) retrieved from /Users/garymarmon/PycharmProjects/AWTY-Limitless/DataServerContainer/env/lib/python3.8/site-packages/airflow/example_dags/example_kubernetes_executor_config.py
[2021-03-08 12:19:50,836] {logging_mixin.py:104} INFO - [2021-03-08 12:19:50,836] {dag.py:1818} INFO - Sync 1 DAGs
[2021-03-08 12:19:50,846] {logging_mixin.py:104} INFO - [2021-03-08 12:19:50,846] {dag.py:2273} INFO - Setting next_dagrun for example_kubernetes_executor_config to None
[2021-03-08 12:19:50,858] {scheduler_job.py:190} INFO - Processing /Users/garymarmon/PycharmProjects/AWTY-Limitless/DataServerContainer/env/lib/python3.8/site-packages/airflow/example_dags/example_kubernetes_executor_config.py took 0.080 seconds
[2021-03-08 12:21:07,977] {scheduler_job.py:182} INFO - Started process (PID=2987) to work on /Users/garymarmon/PycharmProjects/AWTY-Limitless/DataServerContainer/env/lib/python3.8/site-packages/airflow/example_dags/example_kubernetes_executor_config.py
[2021-03-08 12:21:07,978] {scheduler_job.py:629} INFO - Processing file /Users/garymarmon/PycharmProjects/AWTY-Limitless/DataServerContainer/env/lib/python3.8/site-packages/airflow/example_dags/example_kubernetes_executor_config.py for tasks to queue
[2021-03-08 12:21:07,979] {logging_mixin.py:104} INFO - [2021-03-08 12:21:07,978] {dagbag.py:448} INFO - Filling up the DagBag from /Users/garymarmon/PycharmProjects/AWTY-Limitless/DataServerContainer/env/lib/python3.8/site-packages/airflow/example_dags/example_kubernetes_executor_config.py
[2021-03-08 12:21:07,993] {scheduler_job.py:639} INFO - DAG(s) dict_keys(['example_kubernetes_executor_config']) retrieved from /Users/garymarmon/PycharmProjects/AWTY-Limitless/DataServerContainer/env/lib/python3.8/site-packages/airflow/example_dags/example_kubernetes_executor_config.py
[2021-03-08 12:21:08,040] {logging_mixin.py:104} INFO - [2021-03-08 12:21:08,040] {dag.py:1818} INFO - Sync 1 DAGs
[2021-03-08 12:21:08,050] {logging_mixin.py:104} INFO - [2021-03-08 12:21:08,050] {dag.py:2273} INFO - Setting next_dagrun for example_kubernetes_executor_config to None
[2021-03-08 12:21:08,060] {scheduler_job.py:190} INFO - Processing /Users/garymarmon/PycharmProjects/AWTY-Limitless/DataServerContainer/env/lib/python3.8/site-packages/airflow/example_dags/example_kubernetes_executor_config.py took 0.085 seconds
[2021-03-08 12:22:20,172] {scheduler_job.py:182} INFO - Started process (PID=3086) to work on /Users/garymarmon/PycharmProjects/AWTY-Limitless/DataServerContainer/env/lib/python3.8/site-packages/airflow/example_dags/example_kubernetes_executor_config.py
[2021-03-08 12:22:20,173] {scheduler_job.py:629} INFO - Processing file /Users/garymarmon/PycharmProjects/AWTY-Limitless/DataServerContainer/env/lib/python3.8/site-packages/airflow/example_dags/example_kubernetes_executor_config.py for tasks to queue
[2021-03-08 12:22:20,173] {logging_mixin.py:104} INFO - [2021-03-08 12:22:20,173] {dagbag.py:448} INFO - Filling up the DagBag from /Users/garymarmon/PycharmProjects/AWTY-Limitless/DataServerContainer/env/lib/python3.8/site-packages/airflow/example_dags/example_kubernetes_executor_config.py
[2021-03-08 12:22:20,184] {scheduler_job.py:639} INFO - DAG(s) dict_keys(['example_kubernetes_executor_config']) retrieved from /Users/garymarmon/PycharmProjects/AWTY-Limitless/DataServerContainer/env/lib/python3.8/site-packages/airflow/example_dags/example_kubernetes_executor_config.py
[2021-03-08 12:22:20,221] {logging_mixin.py:104} INFO - [2021-03-08 12:22:20,220] {dag.py:1818} INFO - Sync 1 DAGs
[2021-03-08 12:22:20,228] {logging_mixin.py:104} INFO - [2021-03-08 12:22:20,228] {dag.py:2273} INFO - Setting next_dagrun for example_kubernetes_executor_config to None
[2021-03-08 12:22:20,236] {scheduler_job.py:190} INFO - Processing /Users/garymarmon/PycharmProjects/AWTY-Limitless/DataServerContainer/env/lib/python3.8/site-packages/airflow/example_dags/example_kubernetes_executor_config.py took 0.065 seconds
[2021-03-08 12:23:27,576] {scheduler_job.py:182} INFO - Started process (PID=3165) to work on /Users/garymarmon/PycharmProjects/AWTY-Limitless/DataServerContainer/env/lib/python3.8/site-packages/airflow/example_dags/example_kubernetes_executor_config.py
[2021-03-08 12:23:27,577] {scheduler_job.py:629} INFO - Processing file /Users/garymarmon/PycharmProjects/AWTY-Limitless/DataServerContainer/env/lib/python3.8/site-packages/airflow/example_dags/example_kubernetes_executor_config.py for tasks to queue
[2021-03-08 12:23:27,578] {logging_mixin.py:104} INFO - [2021-03-08 12:23:27,578] {dagbag.py:448} INFO - Filling up the DagBag from /Users/garymarmon/PycharmProjects/AWTY-Limitless/DataServerContainer/env/lib/python3.8/site-packages/airflow/example_dags/example_kubernetes_executor_config.py
[2021-03-08 12:23:27,589] {scheduler_job.py:639} INFO - DAG(s) dict_keys(['example_kubernetes_executor_config']) retrieved from /Users/garymarmon/PycharmProjects/AWTY-Limitless/DataServerContainer/env/lib/python3.8/site-packages/airflow/example_dags/example_kubernetes_executor_config.py
[2021-03-08 12:23:27,626] {logging_mixin.py:104} INFO - [2021-03-08 12:23:27,626] {dag.py:1818} INFO - Sync 1 DAGs
[2021-03-08 12:23:27,632] {logging_mixin.py:104} INFO - [2021-03-08 12:23:27,632] {dag.py:2273} INFO - Setting next_dagrun for example_kubernetes_executor_config to None
[2021-03-08 12:23:27,641] {scheduler_job.py:190} INFO - Processing /Users/garymarmon/PycharmProjects/AWTY-Limitless/DataServerContainer/env/lib/python3.8/site-packages/airflow/example_dags/example_kubernetes_executor_config.py took 0.065 seconds
[2021-03-08 12:24:28,300] {scheduler_job.py:182} INFO - Started process (PID=3238) to work on /Users/garymarmon/PycharmProjects/AWTY-Limitless/DataServerContainer/env/lib/python3.8/site-packages/airflow/example_dags/example_kubernetes_executor_config.py
[2021-03-08 12:24:28,300] {scheduler_job.py:629} INFO - Processing file /Users/garymarmon/PycharmProjects/AWTY-Limitless/DataServerContainer/env/lib/python3.8/site-packages/airflow/example_dags/example_kubernetes_executor_config.py for tasks to queue
[2021-03-08 12:24:28,301] {logging_mixin.py:104} INFO - [2021-03-08 12:24:28,300] {dagbag.py:448} INFO - Filling up the DagBag from /Users/garymarmon/PycharmProjects/AWTY-Limitless/DataServerContainer/env/lib/python3.8/site-packages/airflow/example_dags/example_kubernetes_executor_config.py
[2021-03-08 12:24:28,311] {scheduler_job.py:639} INFO - DAG(s) dict_keys(['example_kubernetes_executor_config']) retrieved from /Users/garymarmon/PycharmProjects/AWTY-Limitless/DataServerContainer/env/lib/python3.8/site-packages/airflow/example_dags/example_kubernetes_executor_config.py
[2021-03-08 12:24:28,348] {logging_mixin.py:104} INFO - [2021-03-08 12:24:28,348] {dag.py:1818} INFO - Sync 1 DAGs
[2021-03-08 12:24:28,355] {logging_mixin.py:104} INFO - [2021-03-08 12:24:28,355] {dag.py:2273} INFO - Setting next_dagrun for example_kubernetes_executor_config to None
[2021-03-08 12:24:28,364] {scheduler_job.py:190} INFO - Processing /Users/garymarmon/PycharmProjects/AWTY-Limitless/DataServerContainer/env/lib/python3.8/site-packages/airflow/example_dags/example_kubernetes_executor_config.py took 0.065 seconds
[2021-03-08 12:25:45,196] {scheduler_job.py:182} INFO - Started process (PID=3379) to work on /Users/garymarmon/PycharmProjects/AWTY-Limitless/DataServerContainer/env/lib/python3.8/site-packages/airflow/example_dags/example_kubernetes_executor_config.py
[2021-03-08 12:25:45,196] {scheduler_job.py:629} INFO - Processing file /Users/garymarmon/PycharmProjects/AWTY-Limitless/DataServerContainer/env/lib/python3.8/site-packages/airflow/example_dags/example_kubernetes_executor_config.py for tasks to queue
[2021-03-08 12:25:45,196] {logging_mixin.py:104} INFO - [2021-03-08 12:25:45,196] {dagbag.py:448} INFO - Filling up the DagBag from /Users/garymarmon/PycharmProjects/AWTY-Limitless/DataServerContainer/env/lib/python3.8/site-packages/airflow/example_dags/example_kubernetes_executor_config.py
[2021-03-08 12:25:45,208] {scheduler_job.py:639} INFO - DAG(s) dict_keys(['example_kubernetes_executor_config']) retrieved from /Users/garymarmon/PycharmProjects/AWTY-Limitless/DataServerContainer/env/lib/python3.8/site-packages/airflow/example_dags/example_kubernetes_executor_config.py
[2021-03-08 12:25:45,248] {logging_mixin.py:104} INFO - [2021-03-08 12:25:45,248] {dag.py:1818} INFO - Sync 1 DAGs
[2021-03-08 12:25:45,256] {logging_mixin.py:104} INFO - [2021-03-08 12:25:45,256] {dag.py:2273} INFO - Setting next_dagrun for example_kubernetes_executor_config to None
[2021-03-08 12:25:45,266] {scheduler_job.py:190} INFO - Processing /Users/garymarmon/PycharmProjects/AWTY-Limitless/DataServerContainer/env/lib/python3.8/site-packages/airflow/example_dags/example_kubernetes_executor_config.py took 0.072 seconds
[2021-03-08 12:27:13,597] {scheduler_job.py:182} INFO - Started process (PID=3622) to work on /Users/garymarmon/PycharmProjects/AWTY-Limitless/DataServerContainer/env/lib/python3.8/site-packages/airflow/example_dags/example_kubernetes_executor_config.py
[2021-03-08 12:27:13,598] {scheduler_job.py:629} INFO - Processing file /Users/garymarmon/PycharmProjects/AWTY-Limitless/DataServerContainer/env/lib/python3.8/site-packages/airflow/example_dags/example_kubernetes_executor_config.py for tasks to queue
[2021-03-08 12:27:13,598] {logging_mixin.py:104} INFO - [2021-03-08 12:27:13,598] {dagbag.py:448} INFO - Filling up the DagBag from /Users/garymarmon/PycharmProjects/AWTY-Limitless/DataServerContainer/env/lib/python3.8/site-packages/airflow/example_dags/example_kubernetes_executor_config.py
[2021-03-08 12:27:13,609] {scheduler_job.py:639} INFO - DAG(s) dict_keys(['example_kubernetes_executor_config']) retrieved from /Users/garymarmon/PycharmProjects/AWTY-Limitless/DataServerContainer/env/lib/python3.8/site-packages/airflow/example_dags/example_kubernetes_executor_config.py
[2021-03-08 12:27:13,647] {logging_mixin.py:104} INFO - [2021-03-08 12:27:13,646] {dag.py:1818} INFO - Sync 1 DAGs
[2021-03-08 12:27:13,655] {logging_mixin.py:104} INFO - [2021-03-08 12:27:13,655] {dag.py:2273} INFO - Setting next_dagrun for example_kubernetes_executor_config to None
[2021-03-08 12:27:13,665] {scheduler_job.py:190} INFO - Processing /Users/garymarmon/PycharmProjects/AWTY-Limitless/DataServerContainer/env/lib/python3.8/site-packages/airflow/example_dags/example_kubernetes_executor_config.py took 0.068 seconds
[2021-03-08 12:28:17,613] {scheduler_job.py:182} INFO - Started process (PID=3708) to work on /Users/garymarmon/PycharmProjects/AWTY-Limitless/DataServerContainer/env/lib/python3.8/site-packages/airflow/example_dags/example_kubernetes_executor_config.py
[2021-03-08 12:28:17,614] {scheduler_job.py:629} INFO - Processing file /Users/garymarmon/PycharmProjects/AWTY-Limitless/DataServerContainer/env/lib/python3.8/site-packages/airflow/example_dags/example_kubernetes_executor_config.py for tasks to queue
[2021-03-08 12:28:17,614] {logging_mixin.py:104} INFO - [2021-03-08 12:28:17,614] {dagbag.py:448} INFO - Filling up the DagBag from /Users/garymarmon/PycharmProjects/AWTY-Limitless/DataServerContainer/env/lib/python3.8/site-packages/airflow/example_dags/example_kubernetes_executor_config.py
[2021-03-08 12:28:17,623] {scheduler_job.py:639} INFO - DAG(s) dict_keys(['example_kubernetes_executor_config']) retrieved from /Users/garymarmon/PycharmProjects/AWTY-Limitless/DataServerContainer/env/lib/python3.8/site-packages/airflow/example_dags/example_kubernetes_executor_config.py
[2021-03-08 12:28:17,657] {logging_mixin.py:104} INFO - [2021-03-08 12:28:17,657] {dag.py:1818} INFO - Sync 1 DAGs
[2021-03-08 12:28:17,664] {logging_mixin.py:104} INFO - [2021-03-08 12:28:17,664] {dag.py:2273} INFO - Setting next_dagrun for example_kubernetes_executor_config to None
[2021-03-08 12:28:17,672] {scheduler_job.py:190} INFO - Processing /Users/garymarmon/PycharmProjects/AWTY-Limitless/DataServerContainer/env/lib/python3.8/site-packages/airflow/example_dags/example_kubernetes_executor_config.py took 0.060 seconds
[2021-03-08 12:29:12,984] {scheduler_job.py:182} INFO - Started process (PID=3771) to work on /Users/garymarmon/PycharmProjects/AWTY-Limitless/DataServerContainer/env/lib/python3.8/site-packages/airflow/example_dags/example_kubernetes_executor_config.py
[2021-03-08 12:29:12,984] {scheduler_job.py:629} INFO - Processing file /Users/garymarmon/PycharmProjects/AWTY-Limitless/DataServerContainer/env/lib/python3.8/site-packages/airflow/example_dags/example_kubernetes_executor_config.py for tasks to queue
[2021-03-08 12:29:12,985] {logging_mixin.py:104} INFO - [2021-03-08 12:29:12,985] {dagbag.py:448} INFO - Filling up the DagBag from /Users/garymarmon/PycharmProjects/AWTY-Limitless/DataServerContainer/env/lib/python3.8/site-packages/airflow/example_dags/example_kubernetes_executor_config.py
[2021-03-08 12:29:12,997] {scheduler_job.py:639} INFO - DAG(s) dict_keys(['example_kubernetes_executor_config']) retrieved from /Users/garymarmon/PycharmProjects/AWTY-Limitless/DataServerContainer/env/lib/python3.8/site-packages/airflow/example_dags/example_kubernetes_executor_config.py
[2021-03-08 12:29:13,039] {logging_mixin.py:104} INFO - [2021-03-08 12:29:13,038] {dag.py:1818} INFO - Sync 1 DAGs
[2021-03-08 12:29:13,046] {logging_mixin.py:104} INFO - [2021-03-08 12:29:13,046] {dag.py:2273} INFO - Setting next_dagrun for example_kubernetes_executor_config to None
[2021-03-08 12:29:13,057] {scheduler_job.py:190} INFO - Processing /Users/garymarmon/PycharmProjects/AWTY-Limitless/DataServerContainer/env/lib/python3.8/site-packages/airflow/example_dags/example_kubernetes_executor_config.py took 0.074 seconds
[2021-03-08 12:30:14,178] {scheduler_job.py:182} INFO - Started process (PID=3841) to work on /Users/garymarmon/PycharmProjects/AWTY-Limitless/DataServerContainer/env/lib/python3.8/site-packages/airflow/example_dags/example_kubernetes_executor_config.py
[2021-03-08 12:30:14,179] {scheduler_job.py:629} INFO - Processing file /Users/garymarmon/PycharmProjects/AWTY-Limitless/DataServerContainer/env/lib/python3.8/site-packages/airflow/example_dags/example_kubernetes_executor_config.py for tasks to queue
[2021-03-08 12:30:14,179] {logging_mixin.py:104} INFO - [2021-03-08 12:30:14,179] {dagbag.py:448} INFO - Filling up the DagBag from /Users/garymarmon/PycharmProjects/AWTY-Limitless/DataServerContainer/env/lib/python3.8/site-packages/airflow/example_dags/example_kubernetes_executor_config.py
[2021-03-08 12:30:14,190] {scheduler_job.py:639} INFO - DAG(s) dict_keys(['example_kubernetes_executor_config']) retrieved from /Users/garymarmon/PycharmProjects/AWTY-Limitless/DataServerContainer/env/lib/python3.8/site-packages/airflow/example_dags/example_kubernetes_executor_config.py
[2021-03-08 12:30:14,235] {logging_mixin.py:104} INFO - [2021-03-08 12:30:14,235] {dag.py:1818} INFO - Sync 1 DAGs
[2021-03-08 12:30:14,246] {logging_mixin.py:104} INFO - [2021-03-08 12:30:14,246] {dag.py:2273} INFO - Setting next_dagrun for example_kubernetes_executor_config to None
[2021-03-08 12:30:14,257] {scheduler_job.py:190} INFO - Processing /Users/garymarmon/PycharmProjects/AWTY-Limitless/DataServerContainer/env/lib/python3.8/site-packages/airflow/example_dags/example_kubernetes_executor_config.py took 0.080 seconds
[2021-03-08 12:31:31,839] {scheduler_job.py:182} INFO - Started process (PID=3927) to work on /Users/garymarmon/PycharmProjects/AWTY-Limitless/DataServerContainer/env/lib/python3.8/site-packages/airflow/example_dags/example_kubernetes_executor_config.py
[2021-03-08 12:31:31,840] {scheduler_job.py:629} INFO - Processing file /Users/garymarmon/PycharmProjects/AWTY-Limitless/DataServerContainer/env/lib/python3.8/site-packages/airflow/example_dags/example_kubernetes_executor_config.py for tasks to queue
[2021-03-08 12:31:31,841] {logging_mixin.py:104} INFO - [2021-03-08 12:31:31,841] {dagbag.py:448} INFO - Filling up the DagBag from /Users/garymarmon/PycharmProjects/AWTY-Limitless/DataServerContainer/env/lib/python3.8/site-packages/airflow/example_dags/example_kubernetes_executor_config.py
[2021-03-08 12:31:31,855] {scheduler_job.py:639} INFO - DAG(s) dict_keys(['example_kubernetes_executor_config']) retrieved from /Users/garymarmon/PycharmProjects/AWTY-Limitless/DataServerContainer/env/lib/python3.8/site-packages/airflow/example_dags/example_kubernetes_executor_config.py
[2021-03-08 12:31:31,900] {logging_mixin.py:104} INFO - [2021-03-08 12:31:31,900] {dag.py:1818} INFO - Sync 1 DAGs
[2021-03-08 12:31:31,909] {logging_mixin.py:104} INFO - [2021-03-08 12:31:31,909] {dag.py:2273} INFO - Setting next_dagrun for example_kubernetes_executor_config to None
[2021-03-08 12:31:31,921] {scheduler_job.py:190} INFO - Processing /Users/garymarmon/PycharmProjects/AWTY-Limitless/DataServerContainer/env/lib/python3.8/site-packages/airflow/example_dags/example_kubernetes_executor_config.py took 0.083 seconds
[2021-03-08 12:32:42,836] {scheduler_job.py:182} INFO - Started process (PID=4010) to work on /Users/garymarmon/PycharmProjects/AWTY-Limitless/DataServerContainer/env/lib/python3.8/site-packages/airflow/example_dags/example_kubernetes_executor_config.py
[2021-03-08 12:32:42,836] {scheduler_job.py:629} INFO - Processing file /Users/garymarmon/PycharmProjects/AWTY-Limitless/DataServerContainer/env/lib/python3.8/site-packages/airflow/example_dags/example_kubernetes_executor_config.py for tasks to queue
[2021-03-08 12:32:42,837] {logging_mixin.py:104} INFO - [2021-03-08 12:32:42,836] {dagbag.py:448} INFO - Filling up the DagBag from /Users/garymarmon/PycharmProjects/AWTY-Limitless/DataServerContainer/env/lib/python3.8/site-packages/airflow/example_dags/example_kubernetes_executor_config.py
[2021-03-08 12:32:42,846] {scheduler_job.py:639} INFO - DAG(s) dict_keys(['example_kubernetes_executor_config']) retrieved from /Users/garymarmon/PycharmProjects/AWTY-Limitless/DataServerContainer/env/lib/python3.8/site-packages/airflow/example_dags/example_kubernetes_executor_config.py
[2021-03-08 12:32:42,883] {logging_mixin.py:104} INFO - [2021-03-08 12:32:42,883] {dag.py:1818} INFO - Sync 1 DAGs
[2021-03-08 12:32:42,890] {logging_mixin.py:104} INFO - [2021-03-08 12:32:42,890] {dag.py:2273} INFO - Setting next_dagrun for example_kubernetes_executor_config to None
[2021-03-08 12:32:42,899] {scheduler_job.py:190} INFO - Processing /Users/garymarmon/PycharmProjects/AWTY-Limitless/DataServerContainer/env/lib/python3.8/site-packages/airflow/example_dags/example_kubernetes_executor_config.py took 0.064 seconds
[2021-03-08 12:33:46,966] {scheduler_job.py:182} INFO - Started process (PID=4085) to work on /Users/garymarmon/PycharmProjects/AWTY-Limitless/DataServerContainer/env/lib/python3.8/site-packages/airflow/example_dags/example_kubernetes_executor_config.py
[2021-03-08 12:33:46,966] {scheduler_job.py:629} INFO - Processing file /Users/garymarmon/PycharmProjects/AWTY-Limitless/DataServerContainer/env/lib/python3.8/site-packages/airflow/example_dags/example_kubernetes_executor_config.py for tasks to queue
[2021-03-08 12:33:46,967] {logging_mixin.py:104} INFO - [2021-03-08 12:33:46,967] {dagbag.py:448} INFO - Filling up the DagBag from /Users/garymarmon/PycharmProjects/AWTY-Limitless/DataServerContainer/env/lib/python3.8/site-packages/airflow/example_dags/example_kubernetes_executor_config.py
[2021-03-08 12:33:46,979] {scheduler_job.py:639} INFO - DAG(s) dict_keys(['example_kubernetes_executor_config']) retrieved from /Users/garymarmon/PycharmProjects/AWTY-Limitless/DataServerContainer/env/lib/python3.8/site-packages/airflow/example_dags/example_kubernetes_executor_config.py
[2021-03-08 12:33:47,021] {logging_mixin.py:104} INFO - [2021-03-08 12:33:47,021] {dag.py:1818} INFO - Sync 1 DAGs
[2021-03-08 12:33:47,029] {logging_mixin.py:104} INFO - [2021-03-08 12:33:47,029] {dag.py:2273} INFO - Setting next_dagrun for example_kubernetes_executor_config to None
[2021-03-08 12:33:47,039] {scheduler_job.py:190} INFO - Processing /Users/garymarmon/PycharmProjects/AWTY-Limitless/DataServerContainer/env/lib/python3.8/site-packages/airflow/example_dags/example_kubernetes_executor_config.py took 0.074 seconds
[2021-03-08 12:34:56,937] {scheduler_job.py:182} INFO - Started process (PID=4166) to work on /Users/garymarmon/PycharmProjects/AWTY-Limitless/DataServerContainer/env/lib/python3.8/site-packages/airflow/example_dags/example_kubernetes_executor_config.py
[2021-03-08 12:34:56,938] {scheduler_job.py:629} INFO - Processing file /Users/garymarmon/PycharmProjects/AWTY-Limitless/DataServerContainer/env/lib/python3.8/site-packages/airflow/example_dags/example_kubernetes_executor_config.py for tasks to queue
[2021-03-08 12:34:56,938] {logging_mixin.py:104} INFO - [2021-03-08 12:34:56,938] {dagbag.py:448} INFO - Filling up the DagBag from /Users/garymarmon/PycharmProjects/AWTY-Limitless/DataServerContainer/env/lib/python3.8/site-packages/airflow/example_dags/example_kubernetes_executor_config.py
[2021-03-08 12:34:56,950] {scheduler_job.py:639} INFO - DAG(s) dict_keys(['example_kubernetes_executor_config']) retrieved from /Users/garymarmon/PycharmProjects/AWTY-Limitless/DataServerContainer/env/lib/python3.8/site-packages/airflow/example_dags/example_kubernetes_executor_config.py
[2021-03-08 12:34:56,989] {logging_mixin.py:104} INFO - [2021-03-08 12:34:56,988] {dag.py:1818} INFO - Sync 1 DAGs
[2021-03-08 12:34:56,995] {logging_mixin.py:104} INFO - [2021-03-08 12:34:56,995] {dag.py:2273} INFO - Setting next_dagrun for example_kubernetes_executor_config to None
[2021-03-08 12:34:57,004] {scheduler_job.py:190} INFO - Processing /Users/garymarmon/PycharmProjects/AWTY-Limitless/DataServerContainer/env/lib/python3.8/site-packages/airflow/example_dags/example_kubernetes_executor_config.py took 0.068 seconds
[2021-03-08 12:36:04,824] {scheduler_job.py:182} INFO - Started process (PID=4241) to work on /Users/garymarmon/PycharmProjects/AWTY-Limitless/DataServerContainer/env/lib/python3.8/site-packages/airflow/example_dags/example_kubernetes_executor_config.py
[2021-03-08 12:36:04,825] {scheduler_job.py:629} INFO - Processing file /Users/garymarmon/PycharmProjects/AWTY-Limitless/DataServerContainer/env/lib/python3.8/site-packages/airflow/example_dags/example_kubernetes_executor_config.py for tasks to queue
[2021-03-08 12:36:04,825] {logging_mixin.py:104} INFO - [2021-03-08 12:36:04,825] {dagbag.py:448} INFO - Filling up the DagBag from /Users/garymarmon/PycharmProjects/AWTY-Limitless/DataServerContainer/env/lib/python3.8/site-packages/airflow/example_dags/example_kubernetes_executor_config.py
[2021-03-08 12:36:04,837] {scheduler_job.py:639} INFO - DAG(s) dict_keys(['example_kubernetes_executor_config']) retrieved from /Users/garymarmon/PycharmProjects/AWTY-Limitless/DataServerContainer/env/lib/python3.8/site-packages/airflow/example_dags/example_kubernetes_executor_config.py
[2021-03-08 12:36:04,883] {logging_mixin.py:104} INFO - [2021-03-08 12:36:04,883] {dag.py:1818} INFO - Sync 1 DAGs
[2021-03-08 12:36:04,892] {logging_mixin.py:104} INFO - [2021-03-08 12:36:04,892] {dag.py:2273} INFO - Setting next_dagrun for example_kubernetes_executor_config to None
[2021-03-08 12:36:04,902] {scheduler_job.py:190} INFO - Processing /Users/garymarmon/PycharmProjects/AWTY-Limitless/DataServerContainer/env/lib/python3.8/site-packages/airflow/example_dags/example_kubernetes_executor_config.py took 0.078 seconds
[2021-03-08 12:37:15,424] {scheduler_job.py:182} INFO - Started process (PID=4341) to work on /Users/garymarmon/PycharmProjects/AWTY-Limitless/DataServerContainer/env/lib/python3.8/site-packages/airflow/example_dags/example_kubernetes_executor_config.py
[2021-03-08 12:37:15,425] {scheduler_job.py:629} INFO - Processing file /Users/garymarmon/PycharmProjects/AWTY-Limitless/DataServerContainer/env/lib/python3.8/site-packages/airflow/example_dags/example_kubernetes_executor_config.py for tasks to queue
[2021-03-08 12:37:15,425] {logging_mixin.py:104} INFO - [2021-03-08 12:37:15,425] {dagbag.py:448} INFO - Filling up the DagBag from /Users/garymarmon/PycharmProjects/AWTY-Limitless/DataServerContainer/env/lib/python3.8/site-packages/airflow/example_dags/example_kubernetes_executor_config.py
[2021-03-08 12:37:15,437] {scheduler_job.py:639} INFO - DAG(s) dict_keys(['example_kubernetes_executor_config']) retrieved from /Users/garymarmon/PycharmProjects/AWTY-Limitless/DataServerContainer/env/lib/python3.8/site-packages/airflow/example_dags/example_kubernetes_executor_config.py
[2021-03-08 12:37:15,481] {logging_mixin.py:104} INFO - [2021-03-08 12:37:15,481] {dag.py:1818} INFO - Sync 1 DAGs
[2021-03-08 12:37:15,489] {logging_mixin.py:104} INFO - [2021-03-08 12:37:15,489] {dag.py:2273} INFO - Setting next_dagrun for example_kubernetes_executor_config to None
[2021-03-08 12:37:15,500] {scheduler_job.py:190} INFO - Processing /Users/garymarmon/PycharmProjects/AWTY-Limitless/DataServerContainer/env/lib/python3.8/site-packages/airflow/example_dags/example_kubernetes_executor_config.py took 0.077 seconds
