[2021-03-08 12:10:40,490] {scheduler_job.py:182} INFO - Started process (PID=2273) to work on /Users/garymarmon/PycharmProjects/AWTY-Limitless/DataServerContainer/env/lib/python3.8/site-packages/airflow/example_dags/example_latest_only_with_trigger.py
[2021-03-08 12:10:40,491] {scheduler_job.py:629} INFO - Processing file /Users/garymarmon/PycharmProjects/AWTY-Limitless/DataServerContainer/env/lib/python3.8/site-packages/airflow/example_dags/example_latest_only_with_trigger.py for tasks to queue
[2021-03-08 12:10:40,491] {logging_mixin.py:104} INFO - [2021-03-08 12:10:40,491] {dagbag.py:448} INFO - Filling up the DagBag from /Users/garymarmon/PycharmProjects/AWTY-Limitless/DataServerContainer/env/lib/python3.8/site-packages/airflow/example_dags/example_latest_only_with_trigger.py
[2021-03-08 12:10:40,500] {scheduler_job.py:639} INFO - DAG(s) dict_keys(['latest_only_with_trigger']) retrieved from /Users/garymarmon/PycharmProjects/AWTY-Limitless/DataServerContainer/env/lib/python3.8/site-packages/airflow/example_dags/example_latest_only_with_trigger.py
[2021-03-08 12:10:40,546] {logging_mixin.py:104} INFO - [2021-03-08 12:10:40,546] {dag.py:1818} INFO - Sync 1 DAGs
[2021-03-08 12:10:40,557] {logging_mixin.py:104} INFO - [2021-03-08 12:10:40,557] {dag.py:2273} INFO - Setting next_dagrun for latest_only_with_trigger to 2021-03-06 00:00:00+00:00
[2021-03-08 12:10:40,565] {scheduler_job.py:190} INFO - Processing /Users/garymarmon/PycharmProjects/AWTY-Limitless/DataServerContainer/env/lib/python3.8/site-packages/airflow/example_dags/example_latest_only_with_trigger.py took 0.076 seconds
[2021-03-08 12:14:40,522] {scheduler_job.py:182} INFO - Started process (PID=2511) to work on /Users/garymarmon/PycharmProjects/AWTY-Limitless/DataServerContainer/env/lib/python3.8/site-packages/airflow/example_dags/example_latest_only_with_trigger.py
[2021-03-08 12:14:40,523] {scheduler_job.py:629} INFO - Processing file /Users/garymarmon/PycharmProjects/AWTY-Limitless/DataServerContainer/env/lib/python3.8/site-packages/airflow/example_dags/example_latest_only_with_trigger.py for tasks to queue
[2021-03-08 12:14:40,523] {logging_mixin.py:104} INFO - [2021-03-08 12:14:40,523] {dagbag.py:448} INFO - Filling up the DagBag from /Users/garymarmon/PycharmProjects/AWTY-Limitless/DataServerContainer/env/lib/python3.8/site-packages/airflow/example_dags/example_latest_only_with_trigger.py
[2021-03-08 12:14:40,530] {scheduler_job.py:639} INFO - DAG(s) dict_keys(['latest_only_with_trigger']) retrieved from /Users/garymarmon/PycharmProjects/AWTY-Limitless/DataServerContainer/env/lib/python3.8/site-packages/airflow/example_dags/example_latest_only_with_trigger.py
[2021-03-08 12:14:40,564] {logging_mixin.py:104} INFO - [2021-03-08 12:14:40,564] {dag.py:1818} INFO - Sync 1 DAGs
[2021-03-08 12:14:40,572] {logging_mixin.py:104} INFO - [2021-03-08 12:14:40,571] {dag.py:2273} INFO - Setting next_dagrun for latest_only_with_trigger to 2021-03-06 00:00:00+00:00
[2021-03-08 12:14:40,577] {scheduler_job.py:190} INFO - Processing /Users/garymarmon/PycharmProjects/AWTY-Limitless/DataServerContainer/env/lib/python3.8/site-packages/airflow/example_dags/example_latest_only_with_trigger.py took 0.056 seconds
[2021-03-08 12:15:39,746] {scheduler_job.py:182} INFO - Started process (PID=2582) to work on /Users/garymarmon/PycharmProjects/AWTY-Limitless/DataServerContainer/env/lib/python3.8/site-packages/airflow/example_dags/example_latest_only_with_trigger.py
[2021-03-08 12:15:39,747] {scheduler_job.py:629} INFO - Processing file /Users/garymarmon/PycharmProjects/AWTY-Limitless/DataServerContainer/env/lib/python3.8/site-packages/airflow/example_dags/example_latest_only_with_trigger.py for tasks to queue
[2021-03-08 12:15:39,747] {logging_mixin.py:104} INFO - [2021-03-08 12:15:39,747] {dagbag.py:448} INFO - Filling up the DagBag from /Users/garymarmon/PycharmProjects/AWTY-Limitless/DataServerContainer/env/lib/python3.8/site-packages/airflow/example_dags/example_latest_only_with_trigger.py
[2021-03-08 12:15:39,756] {scheduler_job.py:639} INFO - DAG(s) dict_keys(['latest_only_with_trigger']) retrieved from /Users/garymarmon/PycharmProjects/AWTY-Limitless/DataServerContainer/env/lib/python3.8/site-packages/airflow/example_dags/example_latest_only_with_trigger.py
[2021-03-08 12:15:39,793] {logging_mixin.py:104} INFO - [2021-03-08 12:15:39,793] {dag.py:1818} INFO - Sync 1 DAGs
[2021-03-08 12:15:39,800] {logging_mixin.py:104} INFO - [2021-03-08 12:15:39,800] {dag.py:2273} INFO - Setting next_dagrun for latest_only_with_trigger to 2021-03-06 00:00:00+00:00
[2021-03-08 12:15:39,808] {scheduler_job.py:190} INFO - Processing /Users/garymarmon/PycharmProjects/AWTY-Limitless/DataServerContainer/env/lib/python3.8/site-packages/airflow/example_dags/example_latest_only_with_trigger.py took 0.063 seconds
[2021-03-08 12:16:40,053] {scheduler_job.py:182} INFO - Started process (PID=2654) to work on /Users/garymarmon/PycharmProjects/AWTY-Limitless/DataServerContainer/env/lib/python3.8/site-packages/airflow/example_dags/example_latest_only_with_trigger.py
[2021-03-08 12:16:40,054] {scheduler_job.py:629} INFO - Processing file /Users/garymarmon/PycharmProjects/AWTY-Limitless/DataServerContainer/env/lib/python3.8/site-packages/airflow/example_dags/example_latest_only_with_trigger.py for tasks to queue
[2021-03-08 12:16:40,054] {logging_mixin.py:104} INFO - [2021-03-08 12:16:40,054] {dagbag.py:448} INFO - Filling up the DagBag from /Users/garymarmon/PycharmProjects/AWTY-Limitless/DataServerContainer/env/lib/python3.8/site-packages/airflow/example_dags/example_latest_only_with_trigger.py
[2021-03-08 12:16:40,061] {scheduler_job.py:639} INFO - DAG(s) dict_keys(['latest_only_with_trigger']) retrieved from /Users/garymarmon/PycharmProjects/AWTY-Limitless/DataServerContainer/env/lib/python3.8/site-packages/airflow/example_dags/example_latest_only_with_trigger.py
[2021-03-08 12:16:40,097] {logging_mixin.py:104} INFO - [2021-03-08 12:16:40,097] {dag.py:1818} INFO - Sync 1 DAGs
[2021-03-08 12:16:40,106] {logging_mixin.py:104} INFO - [2021-03-08 12:16:40,105] {dag.py:2273} INFO - Setting next_dagrun for latest_only_with_trigger to 2021-03-06 00:00:00+00:00
[2021-03-08 12:16:40,114] {scheduler_job.py:190} INFO - Processing /Users/garymarmon/PycharmProjects/AWTY-Limitless/DataServerContainer/env/lib/python3.8/site-packages/airflow/example_dags/example_latest_only_with_trigger.py took 0.062 seconds
[2021-03-08 12:17:43,971] {scheduler_job.py:182} INFO - Started process (PID=2747) to work on /Users/garymarmon/PycharmProjects/AWTY-Limitless/DataServerContainer/env/lib/python3.8/site-packages/airflow/example_dags/example_latest_only_with_trigger.py
[2021-03-08 12:17:43,972] {scheduler_job.py:629} INFO - Processing file /Users/garymarmon/PycharmProjects/AWTY-Limitless/DataServerContainer/env/lib/python3.8/site-packages/airflow/example_dags/example_latest_only_with_trigger.py for tasks to queue
[2021-03-08 12:17:43,972] {logging_mixin.py:104} INFO - [2021-03-08 12:17:43,972] {dagbag.py:448} INFO - Filling up the DagBag from /Users/garymarmon/PycharmProjects/AWTY-Limitless/DataServerContainer/env/lib/python3.8/site-packages/airflow/example_dags/example_latest_only_with_trigger.py
[2021-03-08 12:17:43,981] {scheduler_job.py:639} INFO - DAG(s) dict_keys(['latest_only_with_trigger']) retrieved from /Users/garymarmon/PycharmProjects/AWTY-Limitless/DataServerContainer/env/lib/python3.8/site-packages/airflow/example_dags/example_latest_only_with_trigger.py
[2021-03-08 12:17:44,024] {logging_mixin.py:104} INFO - [2021-03-08 12:17:44,023] {dag.py:1818} INFO - Sync 1 DAGs
[2021-03-08 12:17:44,032] {logging_mixin.py:104} INFO - [2021-03-08 12:17:44,032] {dag.py:2273} INFO - Setting next_dagrun for latest_only_with_trigger to 2021-03-06 00:00:00+00:00
[2021-03-08 12:17:44,041] {scheduler_job.py:190} INFO - Processing /Users/garymarmon/PycharmProjects/AWTY-Limitless/DataServerContainer/env/lib/python3.8/site-packages/airflow/example_dags/example_latest_only_with_trigger.py took 0.071 seconds
[2021-03-08 12:19:12,987] {scheduler_job.py:182} INFO - Started process (PID=2852) to work on /Users/garymarmon/PycharmProjects/AWTY-Limitless/DataServerContainer/env/lib/python3.8/site-packages/airflow/example_dags/example_latest_only_with_trigger.py
[2021-03-08 12:19:12,987] {scheduler_job.py:629} INFO - Processing file /Users/garymarmon/PycharmProjects/AWTY-Limitless/DataServerContainer/env/lib/python3.8/site-packages/airflow/example_dags/example_latest_only_with_trigger.py for tasks to queue
[2021-03-08 12:19:12,988] {logging_mixin.py:104} INFO - [2021-03-08 12:19:12,988] {dagbag.py:448} INFO - Filling up the DagBag from /Users/garymarmon/PycharmProjects/AWTY-Limitless/DataServerContainer/env/lib/python3.8/site-packages/airflow/example_dags/example_latest_only_with_trigger.py
[2021-03-08 12:19:12,995] {scheduler_job.py:639} INFO - DAG(s) dict_keys(['latest_only_with_trigger']) retrieved from /Users/garymarmon/PycharmProjects/AWTY-Limitless/DataServerContainer/env/lib/python3.8/site-packages/airflow/example_dags/example_latest_only_with_trigger.py
[2021-03-08 12:19:13,028] {logging_mixin.py:104} INFO - [2021-03-08 12:19:13,028] {dag.py:1818} INFO - Sync 1 DAGs
[2021-03-08 12:19:13,035] {logging_mixin.py:104} INFO - [2021-03-08 12:19:13,035] {dag.py:2273} INFO - Setting next_dagrun for latest_only_with_trigger to 2021-03-06 00:00:00+00:00
[2021-03-08 12:19:13,040] {scheduler_job.py:190} INFO - Processing /Users/garymarmon/PycharmProjects/AWTY-Limitless/DataServerContainer/env/lib/python3.8/site-packages/airflow/example_dags/example_latest_only_with_trigger.py took 0.054 seconds
[2021-03-08 12:20:44,562] {scheduler_job.py:182} INFO - Started process (PID=2959) to work on /Users/garymarmon/PycharmProjects/AWTY-Limitless/DataServerContainer/env/lib/python3.8/site-packages/airflow/example_dags/example_latest_only_with_trigger.py
[2021-03-08 12:20:44,562] {scheduler_job.py:629} INFO - Processing file /Users/garymarmon/PycharmProjects/AWTY-Limitless/DataServerContainer/env/lib/python3.8/site-packages/airflow/example_dags/example_latest_only_with_trigger.py for tasks to queue
[2021-03-08 12:20:44,563] {logging_mixin.py:104} INFO - [2021-03-08 12:20:44,563] {dagbag.py:448} INFO - Filling up the DagBag from /Users/garymarmon/PycharmProjects/AWTY-Limitless/DataServerContainer/env/lib/python3.8/site-packages/airflow/example_dags/example_latest_only_with_trigger.py
[2021-03-08 12:20:44,571] {scheduler_job.py:639} INFO - DAG(s) dict_keys(['latest_only_with_trigger']) retrieved from /Users/garymarmon/PycharmProjects/AWTY-Limitless/DataServerContainer/env/lib/python3.8/site-packages/airflow/example_dags/example_latest_only_with_trigger.py
[2021-03-08 12:20:44,605] {logging_mixin.py:104} INFO - [2021-03-08 12:20:44,604] {dag.py:1818} INFO - Sync 1 DAGs
[2021-03-08 12:20:44,611] {logging_mixin.py:104} INFO - [2021-03-08 12:20:44,611] {dag.py:2273} INFO - Setting next_dagrun for latest_only_with_trigger to 2021-03-06 00:00:00+00:00
[2021-03-08 12:20:44,616] {scheduler_job.py:190} INFO - Processing /Users/garymarmon/PycharmProjects/AWTY-Limitless/DataServerContainer/env/lib/python3.8/site-packages/airflow/example_dags/example_latest_only_with_trigger.py took 0.056 seconds
[2021-03-08 12:21:57,091] {scheduler_job.py:182} INFO - Started process (PID=3057) to work on /Users/garymarmon/PycharmProjects/AWTY-Limitless/DataServerContainer/env/lib/python3.8/site-packages/airflow/example_dags/example_latest_only_with_trigger.py
[2021-03-08 12:21:57,092] {scheduler_job.py:629} INFO - Processing file /Users/garymarmon/PycharmProjects/AWTY-Limitless/DataServerContainer/env/lib/python3.8/site-packages/airflow/example_dags/example_latest_only_with_trigger.py for tasks to queue
[2021-03-08 12:21:57,092] {logging_mixin.py:104} INFO - [2021-03-08 12:21:57,092] {dagbag.py:448} INFO - Filling up the DagBag from /Users/garymarmon/PycharmProjects/AWTY-Limitless/DataServerContainer/env/lib/python3.8/site-packages/airflow/example_dags/example_latest_only_with_trigger.py
[2021-03-08 12:21:57,101] {scheduler_job.py:639} INFO - DAG(s) dict_keys(['latest_only_with_trigger']) retrieved from /Users/garymarmon/PycharmProjects/AWTY-Limitless/DataServerContainer/env/lib/python3.8/site-packages/airflow/example_dags/example_latest_only_with_trigger.py
[2021-03-08 12:21:57,142] {logging_mixin.py:104} INFO - [2021-03-08 12:21:57,141] {dag.py:1818} INFO - Sync 1 DAGs
[2021-03-08 12:21:57,149] {logging_mixin.py:104} INFO - [2021-03-08 12:21:57,149] {dag.py:2273} INFO - Setting next_dagrun for latest_only_with_trigger to 2021-03-06 00:00:00+00:00
[2021-03-08 12:21:57,158] {scheduler_job.py:190} INFO - Processing /Users/garymarmon/PycharmProjects/AWTY-Limitless/DataServerContainer/env/lib/python3.8/site-packages/airflow/example_dags/example_latest_only_with_trigger.py took 0.068 seconds
[2021-03-08 12:23:06,388] {scheduler_job.py:182} INFO - Started process (PID=3141) to work on /Users/garymarmon/PycharmProjects/AWTY-Limitless/DataServerContainer/env/lib/python3.8/site-packages/airflow/example_dags/example_latest_only_with_trigger.py
[2021-03-08 12:23:06,388] {scheduler_job.py:629} INFO - Processing file /Users/garymarmon/PycharmProjects/AWTY-Limitless/DataServerContainer/env/lib/python3.8/site-packages/airflow/example_dags/example_latest_only_with_trigger.py for tasks to queue
[2021-03-08 12:23:06,389] {logging_mixin.py:104} INFO - [2021-03-08 12:23:06,389] {dagbag.py:448} INFO - Filling up the DagBag from /Users/garymarmon/PycharmProjects/AWTY-Limitless/DataServerContainer/env/lib/python3.8/site-packages/airflow/example_dags/example_latest_only_with_trigger.py
[2021-03-08 12:23:06,398] {scheduler_job.py:639} INFO - DAG(s) dict_keys(['latest_only_with_trigger']) retrieved from /Users/garymarmon/PycharmProjects/AWTY-Limitless/DataServerContainer/env/lib/python3.8/site-packages/airflow/example_dags/example_latest_only_with_trigger.py
[2021-03-08 12:23:06,438] {logging_mixin.py:104} INFO - [2021-03-08 12:23:06,438] {dag.py:1818} INFO - Sync 1 DAGs
[2021-03-08 12:23:06,445] {logging_mixin.py:104} INFO - [2021-03-08 12:23:06,445] {dag.py:2273} INFO - Setting next_dagrun for latest_only_with_trigger to 2021-03-06 00:00:00+00:00
[2021-03-08 12:23:06,454] {scheduler_job.py:190} INFO - Processing /Users/garymarmon/PycharmProjects/AWTY-Limitless/DataServerContainer/env/lib/python3.8/site-packages/airflow/example_dags/example_latest_only_with_trigger.py took 0.068 seconds
[2021-03-08 12:24:04,855] {scheduler_job.py:182} INFO - Started process (PID=3214) to work on /Users/garymarmon/PycharmProjects/AWTY-Limitless/DataServerContainer/env/lib/python3.8/site-packages/airflow/example_dags/example_latest_only_with_trigger.py
[2021-03-08 12:24:04,856] {scheduler_job.py:629} INFO - Processing file /Users/garymarmon/PycharmProjects/AWTY-Limitless/DataServerContainer/env/lib/python3.8/site-packages/airflow/example_dags/example_latest_only_with_trigger.py for tasks to queue
[2021-03-08 12:24:04,856] {logging_mixin.py:104} INFO - [2021-03-08 12:24:04,856] {dagbag.py:448} INFO - Filling up the DagBag from /Users/garymarmon/PycharmProjects/AWTY-Limitless/DataServerContainer/env/lib/python3.8/site-packages/airflow/example_dags/example_latest_only_with_trigger.py
[2021-03-08 12:24:04,864] {scheduler_job.py:639} INFO - DAG(s) dict_keys(['latest_only_with_trigger']) retrieved from /Users/garymarmon/PycharmProjects/AWTY-Limitless/DataServerContainer/env/lib/python3.8/site-packages/airflow/example_dags/example_latest_only_with_trigger.py
[2021-03-08 12:24:04,904] {logging_mixin.py:104} INFO - [2021-03-08 12:24:04,903] {dag.py:1818} INFO - Sync 1 DAGs
[2021-03-08 12:24:04,911] {logging_mixin.py:104} INFO - [2021-03-08 12:24:04,911] {dag.py:2273} INFO - Setting next_dagrun for latest_only_with_trigger to 2021-03-06 00:00:00+00:00
[2021-03-08 12:24:04,920] {scheduler_job.py:190} INFO - Processing /Users/garymarmon/PycharmProjects/AWTY-Limitless/DataServerContainer/env/lib/python3.8/site-packages/airflow/example_dags/example_latest_only_with_trigger.py took 0.066 seconds
[2021-03-08 12:25:11,778] {scheduler_job.py:182} INFO - Started process (PID=3339) to work on /Users/garymarmon/PycharmProjects/AWTY-Limitless/DataServerContainer/env/lib/python3.8/site-packages/airflow/example_dags/example_latest_only_with_trigger.py
[2021-03-08 12:25:11,779] {scheduler_job.py:629} INFO - Processing file /Users/garymarmon/PycharmProjects/AWTY-Limitless/DataServerContainer/env/lib/python3.8/site-packages/airflow/example_dags/example_latest_only_with_trigger.py for tasks to queue
[2021-03-08 12:25:11,780] {logging_mixin.py:104} INFO - [2021-03-08 12:25:11,779] {dagbag.py:448} INFO - Filling up the DagBag from /Users/garymarmon/PycharmProjects/AWTY-Limitless/DataServerContainer/env/lib/python3.8/site-packages/airflow/example_dags/example_latest_only_with_trigger.py
[2021-03-08 12:25:11,791] {scheduler_job.py:639} INFO - DAG(s) dict_keys(['latest_only_with_trigger']) retrieved from /Users/garymarmon/PycharmProjects/AWTY-Limitless/DataServerContainer/env/lib/python3.8/site-packages/airflow/example_dags/example_latest_only_with_trigger.py
[2021-03-08 12:25:11,866] {logging_mixin.py:104} INFO - [2021-03-08 12:25:11,866] {dag.py:1818} INFO - Sync 1 DAGs
[2021-03-08 12:25:11,884] {logging_mixin.py:104} INFO - [2021-03-08 12:25:11,883] {dag.py:2273} INFO - Setting next_dagrun for latest_only_with_trigger to 2021-03-06 00:00:00+00:00
[2021-03-08 12:25:11,899] {scheduler_job.py:190} INFO - Processing /Users/garymarmon/PycharmProjects/AWTY-Limitless/DataServerContainer/env/lib/python3.8/site-packages/airflow/example_dags/example_latest_only_with_trigger.py took 0.123 seconds
[2021-03-08 12:26:48,918] {scheduler_job.py:182} INFO - Started process (PID=3589) to work on /Users/garymarmon/PycharmProjects/AWTY-Limitless/DataServerContainer/env/lib/python3.8/site-packages/airflow/example_dags/example_latest_only_with_trigger.py
[2021-03-08 12:26:48,918] {scheduler_job.py:629} INFO - Processing file /Users/garymarmon/PycharmProjects/AWTY-Limitless/DataServerContainer/env/lib/python3.8/site-packages/airflow/example_dags/example_latest_only_with_trigger.py for tasks to queue
[2021-03-08 12:26:48,919] {logging_mixin.py:104} INFO - [2021-03-08 12:26:48,918] {dagbag.py:448} INFO - Filling up the DagBag from /Users/garymarmon/PycharmProjects/AWTY-Limitless/DataServerContainer/env/lib/python3.8/site-packages/airflow/example_dags/example_latest_only_with_trigger.py
[2021-03-08 12:26:48,929] {scheduler_job.py:639} INFO - DAG(s) dict_keys(['latest_only_with_trigger']) retrieved from /Users/garymarmon/PycharmProjects/AWTY-Limitless/DataServerContainer/env/lib/python3.8/site-packages/airflow/example_dags/example_latest_only_with_trigger.py
[2021-03-08 12:26:48,967] {logging_mixin.py:104} INFO - [2021-03-08 12:26:48,967] {dag.py:1818} INFO - Sync 1 DAGs
[2021-03-08 12:26:48,974] {logging_mixin.py:104} INFO - [2021-03-08 12:26:48,974] {dag.py:2273} INFO - Setting next_dagrun for latest_only_with_trigger to 2021-03-06 00:00:00+00:00
[2021-03-08 12:26:48,982] {scheduler_job.py:190} INFO - Processing /Users/garymarmon/PycharmProjects/AWTY-Limitless/DataServerContainer/env/lib/python3.8/site-packages/airflow/example_dags/example_latest_only_with_trigger.py took 0.066 seconds
[2021-03-08 12:27:52,880] {scheduler_job.py:182} INFO - Started process (PID=3674) to work on /Users/garymarmon/PycharmProjects/AWTY-Limitless/DataServerContainer/env/lib/python3.8/site-packages/airflow/example_dags/example_latest_only_with_trigger.py
[2021-03-08 12:27:52,881] {scheduler_job.py:629} INFO - Processing file /Users/garymarmon/PycharmProjects/AWTY-Limitless/DataServerContainer/env/lib/python3.8/site-packages/airflow/example_dags/example_latest_only_with_trigger.py for tasks to queue
[2021-03-08 12:27:52,881] {logging_mixin.py:104} INFO - [2021-03-08 12:27:52,881] {dagbag.py:448} INFO - Filling up the DagBag from /Users/garymarmon/PycharmProjects/AWTY-Limitless/DataServerContainer/env/lib/python3.8/site-packages/airflow/example_dags/example_latest_only_with_trigger.py
[2021-03-08 12:27:52,888] {scheduler_job.py:639} INFO - DAG(s) dict_keys(['latest_only_with_trigger']) retrieved from /Users/garymarmon/PycharmProjects/AWTY-Limitless/DataServerContainer/env/lib/python3.8/site-packages/airflow/example_dags/example_latest_only_with_trigger.py
[2021-03-08 12:27:52,929] {logging_mixin.py:104} INFO - [2021-03-08 12:27:52,929] {dag.py:1818} INFO - Sync 1 DAGs
[2021-03-08 12:27:52,937] {logging_mixin.py:104} INFO - [2021-03-08 12:27:52,937] {dag.py:2273} INFO - Setting next_dagrun for latest_only_with_trigger to 2021-03-06 00:00:00+00:00
[2021-03-08 12:27:52,947] {scheduler_job.py:190} INFO - Processing /Users/garymarmon/PycharmProjects/AWTY-Limitless/DataServerContainer/env/lib/python3.8/site-packages/airflow/example_dags/example_latest_only_with_trigger.py took 0.067 seconds
[2021-03-08 12:28:52,001] {scheduler_job.py:182} INFO - Started process (PID=3747) to work on /Users/garymarmon/PycharmProjects/AWTY-Limitless/DataServerContainer/env/lib/python3.8/site-packages/airflow/example_dags/example_latest_only_with_trigger.py
[2021-03-08 12:28:52,002] {scheduler_job.py:629} INFO - Processing file /Users/garymarmon/PycharmProjects/AWTY-Limitless/DataServerContainer/env/lib/python3.8/site-packages/airflow/example_dags/example_latest_only_with_trigger.py for tasks to queue
[2021-03-08 12:28:52,002] {logging_mixin.py:104} INFO - [2021-03-08 12:28:52,002] {dagbag.py:448} INFO - Filling up the DagBag from /Users/garymarmon/PycharmProjects/AWTY-Limitless/DataServerContainer/env/lib/python3.8/site-packages/airflow/example_dags/example_latest_only_with_trigger.py
[2021-03-08 12:28:52,010] {scheduler_job.py:639} INFO - DAG(s) dict_keys(['latest_only_with_trigger']) retrieved from /Users/garymarmon/PycharmProjects/AWTY-Limitless/DataServerContainer/env/lib/python3.8/site-packages/airflow/example_dags/example_latest_only_with_trigger.py
[2021-03-08 12:28:52,044] {logging_mixin.py:104} INFO - [2021-03-08 12:28:52,044] {dag.py:1818} INFO - Sync 1 DAGs
[2021-03-08 12:28:52,052] {logging_mixin.py:104} INFO - [2021-03-08 12:28:52,052] {dag.py:2273} INFO - Setting next_dagrun for latest_only_with_trigger to 2021-03-06 00:00:00+00:00
[2021-03-08 12:28:52,061] {scheduler_job.py:190} INFO - Processing /Users/garymarmon/PycharmProjects/AWTY-Limitless/DataServerContainer/env/lib/python3.8/site-packages/airflow/example_dags/example_latest_only_with_trigger.py took 0.060 seconds
[2021-03-08 12:30:21,979] {scheduler_job.py:182} INFO - Started process (PID=3849) to work on /Users/garymarmon/PycharmProjects/AWTY-Limitless/DataServerContainer/env/lib/python3.8/site-packages/airflow/example_dags/example_latest_only_with_trigger.py
[2021-03-08 12:30:21,980] {scheduler_job.py:629} INFO - Processing file /Users/garymarmon/PycharmProjects/AWTY-Limitless/DataServerContainer/env/lib/python3.8/site-packages/airflow/example_dags/example_latest_only_with_trigger.py for tasks to queue
[2021-03-08 12:30:21,981] {logging_mixin.py:104} INFO - [2021-03-08 12:30:21,980] {dagbag.py:448} INFO - Filling up the DagBag from /Users/garymarmon/PycharmProjects/AWTY-Limitless/DataServerContainer/env/lib/python3.8/site-packages/airflow/example_dags/example_latest_only_with_trigger.py
[2021-03-08 12:30:21,989] {scheduler_job.py:639} INFO - DAG(s) dict_keys(['latest_only_with_trigger']) retrieved from /Users/garymarmon/PycharmProjects/AWTY-Limitless/DataServerContainer/env/lib/python3.8/site-packages/airflow/example_dags/example_latest_only_with_trigger.py
[2021-03-08 12:30:22,026] {logging_mixin.py:104} INFO - [2021-03-08 12:30:22,025] {dag.py:1818} INFO - Sync 1 DAGs
[2021-03-08 12:30:22,034] {logging_mixin.py:104} INFO - [2021-03-08 12:30:22,033] {dag.py:2273} INFO - Setting next_dagrun for latest_only_with_trigger to 2021-03-06 00:00:00+00:00
[2021-03-08 12:30:22,042] {scheduler_job.py:190} INFO - Processing /Users/garymarmon/PycharmProjects/AWTY-Limitless/DataServerContainer/env/lib/python3.8/site-packages/airflow/example_dags/example_latest_only_with_trigger.py took 0.064 seconds
[2021-03-08 12:31:38,925] {scheduler_job.py:182} INFO - Started process (PID=3936) to work on /Users/garymarmon/PycharmProjects/AWTY-Limitless/DataServerContainer/env/lib/python3.8/site-packages/airflow/example_dags/example_latest_only_with_trigger.py
[2021-03-08 12:31:38,926] {scheduler_job.py:629} INFO - Processing file /Users/garymarmon/PycharmProjects/AWTY-Limitless/DataServerContainer/env/lib/python3.8/site-packages/airflow/example_dags/example_latest_only_with_trigger.py for tasks to queue
[2021-03-08 12:31:38,926] {logging_mixin.py:104} INFO - [2021-03-08 12:31:38,926] {dagbag.py:448} INFO - Filling up the DagBag from /Users/garymarmon/PycharmProjects/AWTY-Limitless/DataServerContainer/env/lib/python3.8/site-packages/airflow/example_dags/example_latest_only_with_trigger.py
[2021-03-08 12:31:38,933] {scheduler_job.py:639} INFO - DAG(s) dict_keys(['latest_only_with_trigger']) retrieved from /Users/garymarmon/PycharmProjects/AWTY-Limitless/DataServerContainer/env/lib/python3.8/site-packages/airflow/example_dags/example_latest_only_with_trigger.py
[2021-03-08 12:31:38,966] {logging_mixin.py:104} INFO - [2021-03-08 12:31:38,966] {dag.py:1818} INFO - Sync 1 DAGs
[2021-03-08 12:31:38,974] {logging_mixin.py:104} INFO - [2021-03-08 12:31:38,973] {dag.py:2273} INFO - Setting next_dagrun for latest_only_with_trigger to 2021-03-06 00:00:00+00:00
[2021-03-08 12:31:38,980] {scheduler_job.py:190} INFO - Processing /Users/garymarmon/PycharmProjects/AWTY-Limitless/DataServerContainer/env/lib/python3.8/site-packages/airflow/example_dags/example_latest_only_with_trigger.py took 0.056 seconds
[2021-03-08 12:32:50,419] {scheduler_job.py:182} INFO - Started process (PID=4018) to work on /Users/garymarmon/PycharmProjects/AWTY-Limitless/DataServerContainer/env/lib/python3.8/site-packages/airflow/example_dags/example_latest_only_with_trigger.py
[2021-03-08 12:32:50,420] {scheduler_job.py:629} INFO - Processing file /Users/garymarmon/PycharmProjects/AWTY-Limitless/DataServerContainer/env/lib/python3.8/site-packages/airflow/example_dags/example_latest_only_with_trigger.py for tasks to queue
[2021-03-08 12:32:50,420] {logging_mixin.py:104} INFO - [2021-03-08 12:32:50,420] {dagbag.py:448} INFO - Filling up the DagBag from /Users/garymarmon/PycharmProjects/AWTY-Limitless/DataServerContainer/env/lib/python3.8/site-packages/airflow/example_dags/example_latest_only_with_trigger.py
[2021-03-08 12:32:50,430] {scheduler_job.py:639} INFO - DAG(s) dict_keys(['latest_only_with_trigger']) retrieved from /Users/garymarmon/PycharmProjects/AWTY-Limitless/DataServerContainer/env/lib/python3.8/site-packages/airflow/example_dags/example_latest_only_with_trigger.py
[2021-03-08 12:32:50,478] {logging_mixin.py:104} INFO - [2021-03-08 12:32:50,478] {dag.py:1818} INFO - Sync 1 DAGs
[2021-03-08 12:32:50,489] {logging_mixin.py:104} INFO - [2021-03-08 12:32:50,489] {dag.py:2273} INFO - Setting next_dagrun for latest_only_with_trigger to 2021-03-06 00:00:00+00:00
[2021-03-08 12:32:50,499] {scheduler_job.py:190} INFO - Processing /Users/garymarmon/PycharmProjects/AWTY-Limitless/DataServerContainer/env/lib/python3.8/site-packages/airflow/example_dags/example_latest_only_with_trigger.py took 0.081 seconds
[2021-03-08 12:33:54,297] {scheduler_job.py:182} INFO - Started process (PID=4091) to work on /Users/garymarmon/PycharmProjects/AWTY-Limitless/DataServerContainer/env/lib/python3.8/site-packages/airflow/example_dags/example_latest_only_with_trigger.py
[2021-03-08 12:33:54,297] {scheduler_job.py:629} INFO - Processing file /Users/garymarmon/PycharmProjects/AWTY-Limitless/DataServerContainer/env/lib/python3.8/site-packages/airflow/example_dags/example_latest_only_with_trigger.py for tasks to queue
[2021-03-08 12:33:54,298] {logging_mixin.py:104} INFO - [2021-03-08 12:33:54,297] {dagbag.py:448} INFO - Filling up the DagBag from /Users/garymarmon/PycharmProjects/AWTY-Limitless/DataServerContainer/env/lib/python3.8/site-packages/airflow/example_dags/example_latest_only_with_trigger.py
[2021-03-08 12:33:54,305] {scheduler_job.py:639} INFO - DAG(s) dict_keys(['latest_only_with_trigger']) retrieved from /Users/garymarmon/PycharmProjects/AWTY-Limitless/DataServerContainer/env/lib/python3.8/site-packages/airflow/example_dags/example_latest_only_with_trigger.py
[2021-03-08 12:33:54,340] {logging_mixin.py:104} INFO - [2021-03-08 12:33:54,340] {dag.py:1818} INFO - Sync 1 DAGs
[2021-03-08 12:33:54,348] {logging_mixin.py:104} INFO - [2021-03-08 12:33:54,348] {dag.py:2273} INFO - Setting next_dagrun for latest_only_with_trigger to 2021-03-06 00:00:00+00:00
[2021-03-08 12:33:54,357] {scheduler_job.py:190} INFO - Processing /Users/garymarmon/PycharmProjects/AWTY-Limitless/DataServerContainer/env/lib/python3.8/site-packages/airflow/example_dags/example_latest_only_with_trigger.py took 0.061 seconds
[2021-03-08 12:35:04,517] {scheduler_job.py:182} INFO - Started process (PID=4172) to work on /Users/garymarmon/PycharmProjects/AWTY-Limitless/DataServerContainer/env/lib/python3.8/site-packages/airflow/example_dags/example_latest_only_with_trigger.py
[2021-03-08 12:35:04,518] {scheduler_job.py:629} INFO - Processing file /Users/garymarmon/PycharmProjects/AWTY-Limitless/DataServerContainer/env/lib/python3.8/site-packages/airflow/example_dags/example_latest_only_with_trigger.py for tasks to queue
[2021-03-08 12:35:04,518] {logging_mixin.py:104} INFO - [2021-03-08 12:35:04,518] {dagbag.py:448} INFO - Filling up the DagBag from /Users/garymarmon/PycharmProjects/AWTY-Limitless/DataServerContainer/env/lib/python3.8/site-packages/airflow/example_dags/example_latest_only_with_trigger.py
[2021-03-08 12:35:04,526] {scheduler_job.py:639} INFO - DAG(s) dict_keys(['latest_only_with_trigger']) retrieved from /Users/garymarmon/PycharmProjects/AWTY-Limitless/DataServerContainer/env/lib/python3.8/site-packages/airflow/example_dags/example_latest_only_with_trigger.py
[2021-03-08 12:35:04,563] {logging_mixin.py:104} INFO - [2021-03-08 12:35:04,563] {dag.py:1818} INFO - Sync 1 DAGs
[2021-03-08 12:35:04,571] {logging_mixin.py:104} INFO - [2021-03-08 12:35:04,571] {dag.py:2273} INFO - Setting next_dagrun for latest_only_with_trigger to 2021-03-06 00:00:00+00:00
[2021-03-08 12:35:04,579] {scheduler_job.py:190} INFO - Processing /Users/garymarmon/PycharmProjects/AWTY-Limitless/DataServerContainer/env/lib/python3.8/site-packages/airflow/example_dags/example_latest_only_with_trigger.py took 0.062 seconds
[2021-03-08 12:36:11,335] {scheduler_job.py:182} INFO - Started process (PID=4249) to work on /Users/garymarmon/PycharmProjects/AWTY-Limitless/DataServerContainer/env/lib/python3.8/site-packages/airflow/example_dags/example_latest_only_with_trigger.py
[2021-03-08 12:36:11,336] {scheduler_job.py:629} INFO - Processing file /Users/garymarmon/PycharmProjects/AWTY-Limitless/DataServerContainer/env/lib/python3.8/site-packages/airflow/example_dags/example_latest_only_with_trigger.py for tasks to queue
[2021-03-08 12:36:11,337] {logging_mixin.py:104} INFO - [2021-03-08 12:36:11,337] {dagbag.py:448} INFO - Filling up the DagBag from /Users/garymarmon/PycharmProjects/AWTY-Limitless/DataServerContainer/env/lib/python3.8/site-packages/airflow/example_dags/example_latest_only_with_trigger.py
[2021-03-08 12:36:11,348] {scheduler_job.py:639} INFO - DAG(s) dict_keys(['latest_only_with_trigger']) retrieved from /Users/garymarmon/PycharmProjects/AWTY-Limitless/DataServerContainer/env/lib/python3.8/site-packages/airflow/example_dags/example_latest_only_with_trigger.py
[2021-03-08 12:36:11,391] {logging_mixin.py:104} INFO - [2021-03-08 12:36:11,391] {dag.py:1818} INFO - Sync 1 DAGs
[2021-03-08 12:36:11,401] {logging_mixin.py:104} INFO - [2021-03-08 12:36:11,401] {dag.py:2273} INFO - Setting next_dagrun for latest_only_with_trigger to 2021-03-06 00:00:00+00:00
[2021-03-08 12:36:11,407] {scheduler_job.py:190} INFO - Processing /Users/garymarmon/PycharmProjects/AWTY-Limitless/DataServerContainer/env/lib/python3.8/site-packages/airflow/example_dags/example_latest_only_with_trigger.py took 0.074 seconds
[2021-03-08 12:37:23,209] {scheduler_job.py:182} INFO - Started process (PID=4353) to work on /Users/garymarmon/PycharmProjects/AWTY-Limitless/DataServerContainer/env/lib/python3.8/site-packages/airflow/example_dags/example_latest_only_with_trigger.py
[2021-03-08 12:37:23,210] {scheduler_job.py:629} INFO - Processing file /Users/garymarmon/PycharmProjects/AWTY-Limitless/DataServerContainer/env/lib/python3.8/site-packages/airflow/example_dags/example_latest_only_with_trigger.py for tasks to queue
[2021-03-08 12:37:23,210] {logging_mixin.py:104} INFO - [2021-03-08 12:37:23,210] {dagbag.py:448} INFO - Filling up the DagBag from /Users/garymarmon/PycharmProjects/AWTY-Limitless/DataServerContainer/env/lib/python3.8/site-packages/airflow/example_dags/example_latest_only_with_trigger.py
[2021-03-08 12:37:23,218] {scheduler_job.py:639} INFO - DAG(s) dict_keys(['latest_only_with_trigger']) retrieved from /Users/garymarmon/PycharmProjects/AWTY-Limitless/DataServerContainer/env/lib/python3.8/site-packages/airflow/example_dags/example_latest_only_with_trigger.py
[2021-03-08 12:37:23,251] {logging_mixin.py:104} INFO - [2021-03-08 12:37:23,251] {dag.py:1818} INFO - Sync 1 DAGs
[2021-03-08 12:37:23,258] {logging_mixin.py:104} INFO - [2021-03-08 12:37:23,258] {dag.py:2273} INFO - Setting next_dagrun for latest_only_with_trigger to 2021-03-06 00:00:00+00:00
[2021-03-08 12:37:23,265] {scheduler_job.py:190} INFO - Processing /Users/garymarmon/PycharmProjects/AWTY-Limitless/DataServerContainer/env/lib/python3.8/site-packages/airflow/example_dags/example_latest_only_with_trigger.py took 0.057 seconds
