[2021-03-08 12:10:45,526] {scheduler_job.py:182} INFO - Started process (PID=2287) to work on /Users/garymarmon/PycharmProjects/AWTY-Limitless/DataServerContainer/env/lib/python3.8/site-packages/airflow/example_dags/example_skip_dag.py
[2021-03-08 12:10:45,526] {scheduler_job.py:629} INFO - Processing file /Users/garymarmon/PycharmProjects/AWTY-Limitless/DataServerContainer/env/lib/python3.8/site-packages/airflow/example_dags/example_skip_dag.py for tasks to queue
[2021-03-08 12:10:45,527] {logging_mixin.py:104} INFO - [2021-03-08 12:10:45,527] {dagbag.py:448} INFO - Filling up the DagBag from /Users/garymarmon/PycharmProjects/AWTY-Limitless/DataServerContainer/env/lib/python3.8/site-packages/airflow/example_dags/example_skip_dag.py
[2021-03-08 12:10:45,535] {scheduler_job.py:639} INFO - DAG(s) dict_keys(['example_skip_dag']) retrieved from /Users/garymarmon/PycharmProjects/AWTY-Limitless/DataServerContainer/env/lib/python3.8/site-packages/airflow/example_dags/example_skip_dag.py
[2021-03-08 12:10:45,575] {logging_mixin.py:104} INFO - [2021-03-08 12:10:45,574] {dag.py:1818} INFO - Sync 1 DAGs
[2021-03-08 12:10:45,584] {logging_mixin.py:104} INFO - [2021-03-08 12:10:45,584] {dag.py:2273} INFO - Setting next_dagrun for example_skip_dag to 2021-03-06 00:00:00+00:00
[2021-03-08 12:10:45,590] {scheduler_job.py:190} INFO - Processing /Users/garymarmon/PycharmProjects/AWTY-Limitless/DataServerContainer/env/lib/python3.8/site-packages/airflow/example_dags/example_skip_dag.py took 0.064 seconds
[2021-03-08 12:14:20,897] {scheduler_job.py:182} INFO - Started process (PID=2483) to work on /Users/garymarmon/PycharmProjects/AWTY-Limitless/DataServerContainer/env/lib/python3.8/site-packages/airflow/example_dags/example_skip_dag.py
[2021-03-08 12:14:20,897] {scheduler_job.py:629} INFO - Processing file /Users/garymarmon/PycharmProjects/AWTY-Limitless/DataServerContainer/env/lib/python3.8/site-packages/airflow/example_dags/example_skip_dag.py for tasks to queue
[2021-03-08 12:14:20,898] {logging_mixin.py:104} INFO - [2021-03-08 12:14:20,898] {dagbag.py:448} INFO - Filling up the DagBag from /Users/garymarmon/PycharmProjects/AWTY-Limitless/DataServerContainer/env/lib/python3.8/site-packages/airflow/example_dags/example_skip_dag.py
[2021-03-08 12:14:20,905] {scheduler_job.py:639} INFO - DAG(s) dict_keys(['example_skip_dag']) retrieved from /Users/garymarmon/PycharmProjects/AWTY-Limitless/DataServerContainer/env/lib/python3.8/site-packages/airflow/example_dags/example_skip_dag.py
[2021-03-08 12:14:20,944] {logging_mixin.py:104} INFO - [2021-03-08 12:14:20,944] {dag.py:1818} INFO - Sync 1 DAGs
[2021-03-08 12:14:20,954] {logging_mixin.py:104} INFO - [2021-03-08 12:14:20,954] {dag.py:2273} INFO - Setting next_dagrun for example_skip_dag to 2021-03-06 00:00:00+00:00
[2021-03-08 12:14:20,962] {scheduler_job.py:190} INFO - Processing /Users/garymarmon/PycharmProjects/AWTY-Limitless/DataServerContainer/env/lib/python3.8/site-packages/airflow/example_dags/example_skip_dag.py took 0.066 seconds
[2021-03-08 12:15:18,104] {scheduler_job.py:182} INFO - Started process (PID=2555) to work on /Users/garymarmon/PycharmProjects/AWTY-Limitless/DataServerContainer/env/lib/python3.8/site-packages/airflow/example_dags/example_skip_dag.py
[2021-03-08 12:15:18,105] {scheduler_job.py:629} INFO - Processing file /Users/garymarmon/PycharmProjects/AWTY-Limitless/DataServerContainer/env/lib/python3.8/site-packages/airflow/example_dags/example_skip_dag.py for tasks to queue
[2021-03-08 12:15:18,105] {logging_mixin.py:104} INFO - [2021-03-08 12:15:18,105] {dagbag.py:448} INFO - Filling up the DagBag from /Users/garymarmon/PycharmProjects/AWTY-Limitless/DataServerContainer/env/lib/python3.8/site-packages/airflow/example_dags/example_skip_dag.py
[2021-03-08 12:15:18,114] {scheduler_job.py:639} INFO - DAG(s) dict_keys(['example_skip_dag']) retrieved from /Users/garymarmon/PycharmProjects/AWTY-Limitless/DataServerContainer/env/lib/python3.8/site-packages/airflow/example_dags/example_skip_dag.py
[2021-03-08 12:15:18,154] {logging_mixin.py:104} INFO - [2021-03-08 12:15:18,154] {dag.py:1818} INFO - Sync 1 DAGs
[2021-03-08 12:15:18,162] {logging_mixin.py:104} INFO - [2021-03-08 12:15:18,162] {dag.py:2273} INFO - Setting next_dagrun for example_skip_dag to 2021-03-06 00:00:00+00:00
[2021-03-08 12:15:18,167] {scheduler_job.py:190} INFO - Processing /Users/garymarmon/PycharmProjects/AWTY-Limitless/DataServerContainer/env/lib/python3.8/site-packages/airflow/example_dags/example_skip_dag.py took 0.064 seconds
[2021-03-08 12:16:17,316] {scheduler_job.py:182} INFO - Started process (PID=2626) to work on /Users/garymarmon/PycharmProjects/AWTY-Limitless/DataServerContainer/env/lib/python3.8/site-packages/airflow/example_dags/example_skip_dag.py
[2021-03-08 12:16:17,316] {scheduler_job.py:629} INFO - Processing file /Users/garymarmon/PycharmProjects/AWTY-Limitless/DataServerContainer/env/lib/python3.8/site-packages/airflow/example_dags/example_skip_dag.py for tasks to queue
[2021-03-08 12:16:17,317] {logging_mixin.py:104} INFO - [2021-03-08 12:16:17,317] {dagbag.py:448} INFO - Filling up the DagBag from /Users/garymarmon/PycharmProjects/AWTY-Limitless/DataServerContainer/env/lib/python3.8/site-packages/airflow/example_dags/example_skip_dag.py
[2021-03-08 12:16:17,324] {scheduler_job.py:639} INFO - DAG(s) dict_keys(['example_skip_dag']) retrieved from /Users/garymarmon/PycharmProjects/AWTY-Limitless/DataServerContainer/env/lib/python3.8/site-packages/airflow/example_dags/example_skip_dag.py
[2021-03-08 12:16:17,359] {logging_mixin.py:104} INFO - [2021-03-08 12:16:17,359] {dag.py:1818} INFO - Sync 1 DAGs
[2021-03-08 12:16:17,366] {logging_mixin.py:104} INFO - [2021-03-08 12:16:17,366] {dag.py:2273} INFO - Setting next_dagrun for example_skip_dag to 2021-03-06 00:00:00+00:00
[2021-03-08 12:16:17,372] {scheduler_job.py:190} INFO - Processing /Users/garymarmon/PycharmProjects/AWTY-Limitless/DataServerContainer/env/lib/python3.8/site-packages/airflow/example_dags/example_skip_dag.py took 0.057 seconds
[2021-03-08 12:17:19,118] {scheduler_job.py:182} INFO - Started process (PID=2707) to work on /Users/garymarmon/PycharmProjects/AWTY-Limitless/DataServerContainer/env/lib/python3.8/site-packages/airflow/example_dags/example_skip_dag.py
[2021-03-08 12:17:19,119] {scheduler_job.py:629} INFO - Processing file /Users/garymarmon/PycharmProjects/AWTY-Limitless/DataServerContainer/env/lib/python3.8/site-packages/airflow/example_dags/example_skip_dag.py for tasks to queue
[2021-03-08 12:17:19,119] {logging_mixin.py:104} INFO - [2021-03-08 12:17:19,119] {dagbag.py:448} INFO - Filling up the DagBag from /Users/garymarmon/PycharmProjects/AWTY-Limitless/DataServerContainer/env/lib/python3.8/site-packages/airflow/example_dags/example_skip_dag.py
[2021-03-08 12:17:19,126] {scheduler_job.py:639} INFO - DAG(s) dict_keys(['example_skip_dag']) retrieved from /Users/garymarmon/PycharmProjects/AWTY-Limitless/DataServerContainer/env/lib/python3.8/site-packages/airflow/example_dags/example_skip_dag.py
[2021-03-08 12:17:19,163] {logging_mixin.py:104} INFO - [2021-03-08 12:17:19,163] {dag.py:1818} INFO - Sync 1 DAGs
[2021-03-08 12:17:19,172] {logging_mixin.py:104} INFO - [2021-03-08 12:17:19,172] {dag.py:2273} INFO - Setting next_dagrun for example_skip_dag to 2021-03-06 00:00:00+00:00
[2021-03-08 12:17:19,178] {scheduler_job.py:190} INFO - Processing /Users/garymarmon/PycharmProjects/AWTY-Limitless/DataServerContainer/env/lib/python3.8/site-packages/airflow/example_dags/example_skip_dag.py took 0.061 seconds
[2021-03-08 12:18:52,262] {scheduler_job.py:182} INFO - Started process (PID=2825) to work on /Users/garymarmon/PycharmProjects/AWTY-Limitless/DataServerContainer/env/lib/python3.8/site-packages/airflow/example_dags/example_skip_dag.py
[2021-03-08 12:18:52,263] {scheduler_job.py:629} INFO - Processing file /Users/garymarmon/PycharmProjects/AWTY-Limitless/DataServerContainer/env/lib/python3.8/site-packages/airflow/example_dags/example_skip_dag.py for tasks to queue
[2021-03-08 12:18:52,264] {logging_mixin.py:104} INFO - [2021-03-08 12:18:52,264] {dagbag.py:448} INFO - Filling up the DagBag from /Users/garymarmon/PycharmProjects/AWTY-Limitless/DataServerContainer/env/lib/python3.8/site-packages/airflow/example_dags/example_skip_dag.py
[2021-03-08 12:18:52,272] {scheduler_job.py:639} INFO - DAG(s) dict_keys(['example_skip_dag']) retrieved from /Users/garymarmon/PycharmProjects/AWTY-Limitless/DataServerContainer/env/lib/python3.8/site-packages/airflow/example_dags/example_skip_dag.py
[2021-03-08 12:18:52,314] {logging_mixin.py:104} INFO - [2021-03-08 12:18:52,314] {dag.py:1818} INFO - Sync 1 DAGs
[2021-03-08 12:18:52,323] {logging_mixin.py:104} INFO - [2021-03-08 12:18:52,322] {dag.py:2273} INFO - Setting next_dagrun for example_skip_dag to 2021-03-06 00:00:00+00:00
[2021-03-08 12:18:52,329] {scheduler_job.py:190} INFO - Processing /Users/garymarmon/PycharmProjects/AWTY-Limitless/DataServerContainer/env/lib/python3.8/site-packages/airflow/example_dags/example_skip_dag.py took 0.068 seconds
[2021-03-08 12:20:27,957] {scheduler_job.py:182} INFO - Started process (PID=2936) to work on /Users/garymarmon/PycharmProjects/AWTY-Limitless/DataServerContainer/env/lib/python3.8/site-packages/airflow/example_dags/example_skip_dag.py
[2021-03-08 12:20:27,957] {scheduler_job.py:629} INFO - Processing file /Users/garymarmon/PycharmProjects/AWTY-Limitless/DataServerContainer/env/lib/python3.8/site-packages/airflow/example_dags/example_skip_dag.py for tasks to queue
[2021-03-08 12:20:27,958] {logging_mixin.py:104} INFO - [2021-03-08 12:20:27,958] {dagbag.py:448} INFO - Filling up the DagBag from /Users/garymarmon/PycharmProjects/AWTY-Limitless/DataServerContainer/env/lib/python3.8/site-packages/airflow/example_dags/example_skip_dag.py
[2021-03-08 12:20:27,966] {scheduler_job.py:639} INFO - DAG(s) dict_keys(['example_skip_dag']) retrieved from /Users/garymarmon/PycharmProjects/AWTY-Limitless/DataServerContainer/env/lib/python3.8/site-packages/airflow/example_dags/example_skip_dag.py
[2021-03-08 12:20:28,002] {logging_mixin.py:104} INFO - [2021-03-08 12:20:28,002] {dag.py:1818} INFO - Sync 1 DAGs
[2021-03-08 12:20:28,010] {logging_mixin.py:104} INFO - [2021-03-08 12:20:28,010] {dag.py:2273} INFO - Setting next_dagrun for example_skip_dag to 2021-03-06 00:00:00+00:00
[2021-03-08 12:20:28,016] {scheduler_job.py:190} INFO - Processing /Users/garymarmon/PycharmProjects/AWTY-Limitless/DataServerContainer/env/lib/python3.8/site-packages/airflow/example_dags/example_skip_dag.py took 0.060 seconds
[2021-03-08 12:21:38,001] {scheduler_job.py:182} INFO - Started process (PID=3030) to work on /Users/garymarmon/PycharmProjects/AWTY-Limitless/DataServerContainer/env/lib/python3.8/site-packages/airflow/example_dags/example_skip_dag.py
[2021-03-08 12:21:38,001] {scheduler_job.py:629} INFO - Processing file /Users/garymarmon/PycharmProjects/AWTY-Limitless/DataServerContainer/env/lib/python3.8/site-packages/airflow/example_dags/example_skip_dag.py for tasks to queue
[2021-03-08 12:21:38,002] {logging_mixin.py:104} INFO - [2021-03-08 12:21:38,002] {dagbag.py:448} INFO - Filling up the DagBag from /Users/garymarmon/PycharmProjects/AWTY-Limitless/DataServerContainer/env/lib/python3.8/site-packages/airflow/example_dags/example_skip_dag.py
[2021-03-08 12:21:38,009] {scheduler_job.py:639} INFO - DAG(s) dict_keys(['example_skip_dag']) retrieved from /Users/garymarmon/PycharmProjects/AWTY-Limitless/DataServerContainer/env/lib/python3.8/site-packages/airflow/example_dags/example_skip_dag.py
[2021-03-08 12:21:38,043] {logging_mixin.py:104} INFO - [2021-03-08 12:21:38,043] {dag.py:1818} INFO - Sync 1 DAGs
[2021-03-08 12:21:38,050] {logging_mixin.py:104} INFO - [2021-03-08 12:21:38,050] {dag.py:2273} INFO - Setting next_dagrun for example_skip_dag to 2021-03-06 00:00:00+00:00
[2021-03-08 12:21:38,056] {scheduler_job.py:190} INFO - Processing /Users/garymarmon/PycharmProjects/AWTY-Limitless/DataServerContainer/env/lib/python3.8/site-packages/airflow/example_dags/example_skip_dag.py took 0.055 seconds
[2021-03-08 12:22:46,781] {scheduler_job.py:182} INFO - Started process (PID=3119) to work on /Users/garymarmon/PycharmProjects/AWTY-Limitless/DataServerContainer/env/lib/python3.8/site-packages/airflow/example_dags/example_skip_dag.py
[2021-03-08 12:22:46,781] {scheduler_job.py:629} INFO - Processing file /Users/garymarmon/PycharmProjects/AWTY-Limitless/DataServerContainer/env/lib/python3.8/site-packages/airflow/example_dags/example_skip_dag.py for tasks to queue
[2021-03-08 12:22:46,782] {logging_mixin.py:104} INFO - [2021-03-08 12:22:46,782] {dagbag.py:448} INFO - Filling up the DagBag from /Users/garymarmon/PycharmProjects/AWTY-Limitless/DataServerContainer/env/lib/python3.8/site-packages/airflow/example_dags/example_skip_dag.py
[2021-03-08 12:22:46,789] {scheduler_job.py:639} INFO - DAG(s) dict_keys(['example_skip_dag']) retrieved from /Users/garymarmon/PycharmProjects/AWTY-Limitless/DataServerContainer/env/lib/python3.8/site-packages/airflow/example_dags/example_skip_dag.py
[2021-03-08 12:22:46,827] {logging_mixin.py:104} INFO - [2021-03-08 12:22:46,827] {dag.py:1818} INFO - Sync 1 DAGs
[2021-03-08 12:22:46,835] {logging_mixin.py:104} INFO - [2021-03-08 12:22:46,835] {dag.py:2273} INFO - Setting next_dagrun for example_skip_dag to 2021-03-06 00:00:00+00:00
[2021-03-08 12:22:46,841] {scheduler_job.py:190} INFO - Processing /Users/garymarmon/PycharmProjects/AWTY-Limitless/DataServerContainer/env/lib/python3.8/site-packages/airflow/example_dags/example_skip_dag.py took 0.061 seconds
[2021-03-08 12:23:44,053] {scheduler_job.py:182} INFO - Started process (PID=3184) to work on /Users/garymarmon/PycharmProjects/AWTY-Limitless/DataServerContainer/env/lib/python3.8/site-packages/airflow/example_dags/example_skip_dag.py
[2021-03-08 12:23:44,053] {scheduler_job.py:629} INFO - Processing file /Users/garymarmon/PycharmProjects/AWTY-Limitless/DataServerContainer/env/lib/python3.8/site-packages/airflow/example_dags/example_skip_dag.py for tasks to queue
[2021-03-08 12:23:44,053] {logging_mixin.py:104} INFO - [2021-03-08 12:23:44,053] {dagbag.py:448} INFO - Filling up the DagBag from /Users/garymarmon/PycharmProjects/AWTY-Limitless/DataServerContainer/env/lib/python3.8/site-packages/airflow/example_dags/example_skip_dag.py
[2021-03-08 12:23:44,059] {scheduler_job.py:639} INFO - DAG(s) dict_keys(['example_skip_dag']) retrieved from /Users/garymarmon/PycharmProjects/AWTY-Limitless/DataServerContainer/env/lib/python3.8/site-packages/airflow/example_dags/example_skip_dag.py
[2021-03-08 12:23:44,093] {logging_mixin.py:104} INFO - [2021-03-08 12:23:44,093] {dag.py:1818} INFO - Sync 1 DAGs
[2021-03-08 12:23:44,101] {logging_mixin.py:104} INFO - [2021-03-08 12:23:44,101] {dag.py:2273} INFO - Setting next_dagrun for example_skip_dag to 2021-03-06 00:00:00+00:00
[2021-03-08 12:23:44,107] {scheduler_job.py:190} INFO - Processing /Users/garymarmon/PycharmProjects/AWTY-Limitless/DataServerContainer/env/lib/python3.8/site-packages/airflow/example_dags/example_skip_dag.py took 0.055 seconds
[2021-03-08 12:24:46,345] {scheduler_job.py:182} INFO - Started process (PID=3261) to work on /Users/garymarmon/PycharmProjects/AWTY-Limitless/DataServerContainer/env/lib/python3.8/site-packages/airflow/example_dags/example_skip_dag.py
[2021-03-08 12:24:46,346] {scheduler_job.py:629} INFO - Processing file /Users/garymarmon/PycharmProjects/AWTY-Limitless/DataServerContainer/env/lib/python3.8/site-packages/airflow/example_dags/example_skip_dag.py for tasks to queue
[2021-03-08 12:24:46,346] {logging_mixin.py:104} INFO - [2021-03-08 12:24:46,346] {dagbag.py:448} INFO - Filling up the DagBag from /Users/garymarmon/PycharmProjects/AWTY-Limitless/DataServerContainer/env/lib/python3.8/site-packages/airflow/example_dags/example_skip_dag.py
[2021-03-08 12:24:46,353] {scheduler_job.py:639} INFO - DAG(s) dict_keys(['example_skip_dag']) retrieved from /Users/garymarmon/PycharmProjects/AWTY-Limitless/DataServerContainer/env/lib/python3.8/site-packages/airflow/example_dags/example_skip_dag.py
[2021-03-08 12:24:46,390] {logging_mixin.py:104} INFO - [2021-03-08 12:24:46,390] {dag.py:1818} INFO - Sync 1 DAGs
[2021-03-08 12:24:46,398] {logging_mixin.py:104} INFO - [2021-03-08 12:24:46,398] {dag.py:2273} INFO - Setting next_dagrun for example_skip_dag to 2021-03-06 00:00:00+00:00
[2021-03-08 12:24:46,404] {scheduler_job.py:190} INFO - Processing /Users/garymarmon/PycharmProjects/AWTY-Limitless/DataServerContainer/env/lib/python3.8/site-packages/airflow/example_dags/example_skip_dag.py took 0.059 seconds
[2021-03-08 12:26:26,766] {scheduler_job.py:182} INFO - Started process (PID=3527) to work on /Users/garymarmon/PycharmProjects/AWTY-Limitless/DataServerContainer/env/lib/python3.8/site-packages/airflow/example_dags/example_skip_dag.py
[2021-03-08 12:26:26,767] {scheduler_job.py:629} INFO - Processing file /Users/garymarmon/PycharmProjects/AWTY-Limitless/DataServerContainer/env/lib/python3.8/site-packages/airflow/example_dags/example_skip_dag.py for tasks to queue
[2021-03-08 12:26:26,768] {logging_mixin.py:104} INFO - [2021-03-08 12:26:26,767] {dagbag.py:448} INFO - Filling up the DagBag from /Users/garymarmon/PycharmProjects/AWTY-Limitless/DataServerContainer/env/lib/python3.8/site-packages/airflow/example_dags/example_skip_dag.py
[2021-03-08 12:26:26,776] {scheduler_job.py:639} INFO - DAG(s) dict_keys(['example_skip_dag']) retrieved from /Users/garymarmon/PycharmProjects/AWTY-Limitless/DataServerContainer/env/lib/python3.8/site-packages/airflow/example_dags/example_skip_dag.py
[2021-03-08 12:26:26,814] {logging_mixin.py:104} INFO - [2021-03-08 12:26:26,813] {dag.py:1818} INFO - Sync 1 DAGs
[2021-03-08 12:26:26,822] {logging_mixin.py:104} INFO - [2021-03-08 12:26:26,822] {dag.py:2273} INFO - Setting next_dagrun for example_skip_dag to 2021-03-06 00:00:00+00:00
[2021-03-08 12:26:26,828] {scheduler_job.py:190} INFO - Processing /Users/garymarmon/PycharmProjects/AWTY-Limitless/DataServerContainer/env/lib/python3.8/site-packages/airflow/example_dags/example_skip_dag.py took 0.063 seconds
[2021-03-08 12:27:34,289] {scheduler_job.py:182} INFO - Started process (PID=3646) to work on /Users/garymarmon/PycharmProjects/AWTY-Limitless/DataServerContainer/env/lib/python3.8/site-packages/airflow/example_dags/example_skip_dag.py
[2021-03-08 12:27:34,290] {scheduler_job.py:629} INFO - Processing file /Users/garymarmon/PycharmProjects/AWTY-Limitless/DataServerContainer/env/lib/python3.8/site-packages/airflow/example_dags/example_skip_dag.py for tasks to queue
[2021-03-08 12:27:34,290] {logging_mixin.py:104} INFO - [2021-03-08 12:27:34,290] {dagbag.py:448} INFO - Filling up the DagBag from /Users/garymarmon/PycharmProjects/AWTY-Limitless/DataServerContainer/env/lib/python3.8/site-packages/airflow/example_dags/example_skip_dag.py
[2021-03-08 12:27:34,296] {scheduler_job.py:639} INFO - DAG(s) dict_keys(['example_skip_dag']) retrieved from /Users/garymarmon/PycharmProjects/AWTY-Limitless/DataServerContainer/env/lib/python3.8/site-packages/airflow/example_dags/example_skip_dag.py
[2021-03-08 12:27:34,327] {logging_mixin.py:104} INFO - [2021-03-08 12:27:34,327] {dag.py:1818} INFO - Sync 1 DAGs
[2021-03-08 12:27:34,335] {logging_mixin.py:104} INFO - [2021-03-08 12:27:34,335] {dag.py:2273} INFO - Setting next_dagrun for example_skip_dag to 2021-03-06 00:00:00+00:00
[2021-03-08 12:27:34,340] {scheduler_job.py:190} INFO - Processing /Users/garymarmon/PycharmProjects/AWTY-Limitless/DataServerContainer/env/lib/python3.8/site-packages/airflow/example_dags/example_skip_dag.py took 0.052 seconds
[2021-03-08 12:28:32,472] {scheduler_job.py:182} INFO - Started process (PID=3724) to work on /Users/garymarmon/PycharmProjects/AWTY-Limitless/DataServerContainer/env/lib/python3.8/site-packages/airflow/example_dags/example_skip_dag.py
[2021-03-08 12:28:32,473] {scheduler_job.py:629} INFO - Processing file /Users/garymarmon/PycharmProjects/AWTY-Limitless/DataServerContainer/env/lib/python3.8/site-packages/airflow/example_dags/example_skip_dag.py for tasks to queue
[2021-03-08 12:28:32,473] {logging_mixin.py:104} INFO - [2021-03-08 12:28:32,473] {dagbag.py:448} INFO - Filling up the DagBag from /Users/garymarmon/PycharmProjects/AWTY-Limitless/DataServerContainer/env/lib/python3.8/site-packages/airflow/example_dags/example_skip_dag.py
[2021-03-08 12:28:32,479] {scheduler_job.py:639} INFO - DAG(s) dict_keys(['example_skip_dag']) retrieved from /Users/garymarmon/PycharmProjects/AWTY-Limitless/DataServerContainer/env/lib/python3.8/site-packages/airflow/example_dags/example_skip_dag.py
[2021-03-08 12:28:32,510] {logging_mixin.py:104} INFO - [2021-03-08 12:28:32,510] {dag.py:1818} INFO - Sync 1 DAGs
[2021-03-08 12:28:32,517] {logging_mixin.py:104} INFO - [2021-03-08 12:28:32,516] {dag.py:2273} INFO - Setting next_dagrun for example_skip_dag to 2021-03-06 00:00:00+00:00
[2021-03-08 12:28:32,522] {scheduler_job.py:190} INFO - Processing /Users/garymarmon/PycharmProjects/AWTY-Limitless/DataServerContainer/env/lib/python3.8/site-packages/airflow/example_dags/example_skip_dag.py took 0.050 seconds
[2021-03-08 12:29:30,470] {scheduler_job.py:182} INFO - Started process (PID=3794) to work on /Users/garymarmon/PycharmProjects/AWTY-Limitless/DataServerContainer/env/lib/python3.8/site-packages/airflow/example_dags/example_skip_dag.py
[2021-03-08 12:29:30,471] {scheduler_job.py:629} INFO - Processing file /Users/garymarmon/PycharmProjects/AWTY-Limitless/DataServerContainer/env/lib/python3.8/site-packages/airflow/example_dags/example_skip_dag.py for tasks to queue
[2021-03-08 12:29:30,471] {logging_mixin.py:104} INFO - [2021-03-08 12:29:30,471] {dagbag.py:448} INFO - Filling up the DagBag from /Users/garymarmon/PycharmProjects/AWTY-Limitless/DataServerContainer/env/lib/python3.8/site-packages/airflow/example_dags/example_skip_dag.py
[2021-03-08 12:29:30,478] {scheduler_job.py:639} INFO - DAG(s) dict_keys(['example_skip_dag']) retrieved from /Users/garymarmon/PycharmProjects/AWTY-Limitless/DataServerContainer/env/lib/python3.8/site-packages/airflow/example_dags/example_skip_dag.py
[2021-03-08 12:29:30,508] {logging_mixin.py:104} INFO - [2021-03-08 12:29:30,508] {dag.py:1818} INFO - Sync 1 DAGs
[2021-03-08 12:29:30,515] {logging_mixin.py:104} INFO - [2021-03-08 12:29:30,515] {dag.py:2273} INFO - Setting next_dagrun for example_skip_dag to 2021-03-06 00:00:00+00:00
[2021-03-08 12:29:30,520] {scheduler_job.py:190} INFO - Processing /Users/garymarmon/PycharmProjects/AWTY-Limitless/DataServerContainer/env/lib/python3.8/site-packages/airflow/example_dags/example_skip_dag.py took 0.051 seconds
[2021-03-08 12:30:37,137] {scheduler_job.py:182} INFO - Started process (PID=3866) to work on /Users/garymarmon/PycharmProjects/AWTY-Limitless/DataServerContainer/env/lib/python3.8/site-packages/airflow/example_dags/example_skip_dag.py
[2021-03-08 12:30:37,138] {scheduler_job.py:629} INFO - Processing file /Users/garymarmon/PycharmProjects/AWTY-Limitless/DataServerContainer/env/lib/python3.8/site-packages/airflow/example_dags/example_skip_dag.py for tasks to queue
[2021-03-08 12:30:37,139] {logging_mixin.py:104} INFO - [2021-03-08 12:30:37,138] {dagbag.py:448} INFO - Filling up the DagBag from /Users/garymarmon/PycharmProjects/AWTY-Limitless/DataServerContainer/env/lib/python3.8/site-packages/airflow/example_dags/example_skip_dag.py
[2021-03-08 12:30:37,148] {scheduler_job.py:639} INFO - DAG(s) dict_keys(['example_skip_dag']) retrieved from /Users/garymarmon/PycharmProjects/AWTY-Limitless/DataServerContainer/env/lib/python3.8/site-packages/airflow/example_dags/example_skip_dag.py
[2021-03-08 12:30:37,194] {logging_mixin.py:104} INFO - [2021-03-08 12:30:37,194] {dag.py:1818} INFO - Sync 1 DAGs
[2021-03-08 12:30:37,202] {logging_mixin.py:104} INFO - [2021-03-08 12:30:37,202] {dag.py:2273} INFO - Setting next_dagrun for example_skip_dag to 2021-03-06 00:00:00+00:00
[2021-03-08 12:30:37,209] {scheduler_job.py:190} INFO - Processing /Users/garymarmon/PycharmProjects/AWTY-Limitless/DataServerContainer/env/lib/python3.8/site-packages/airflow/example_dags/example_skip_dag.py took 0.074 seconds
[2021-03-08 12:31:53,573] {scheduler_job.py:182} INFO - Started process (PID=3950) to work on /Users/garymarmon/PycharmProjects/AWTY-Limitless/DataServerContainer/env/lib/python3.8/site-packages/airflow/example_dags/example_skip_dag.py
[2021-03-08 12:31:53,574] {scheduler_job.py:629} INFO - Processing file /Users/garymarmon/PycharmProjects/AWTY-Limitless/DataServerContainer/env/lib/python3.8/site-packages/airflow/example_dags/example_skip_dag.py for tasks to queue
[2021-03-08 12:31:53,575] {logging_mixin.py:104} INFO - [2021-03-08 12:31:53,575] {dagbag.py:448} INFO - Filling up the DagBag from /Users/garymarmon/PycharmProjects/AWTY-Limitless/DataServerContainer/env/lib/python3.8/site-packages/airflow/example_dags/example_skip_dag.py
[2021-03-08 12:31:53,586] {scheduler_job.py:639} INFO - DAG(s) dict_keys(['example_skip_dag']) retrieved from /Users/garymarmon/PycharmProjects/AWTY-Limitless/DataServerContainer/env/lib/python3.8/site-packages/airflow/example_dags/example_skip_dag.py
[2021-03-08 12:31:53,644] {logging_mixin.py:104} INFO - [2021-03-08 12:31:53,644] {dag.py:1818} INFO - Sync 1 DAGs
[2021-03-08 12:31:53,656] {logging_mixin.py:104} INFO - [2021-03-08 12:31:53,656] {dag.py:2273} INFO - Setting next_dagrun for example_skip_dag to 2021-03-06 00:00:00+00:00
[2021-03-08 12:31:53,666] {scheduler_job.py:190} INFO - Processing /Users/garymarmon/PycharmProjects/AWTY-Limitless/DataServerContainer/env/lib/python3.8/site-packages/airflow/example_dags/example_skip_dag.py took 0.096 seconds
[2021-03-08 12:33:02,412] {scheduler_job.py:182} INFO - Started process (PID=4033) to work on /Users/garymarmon/PycharmProjects/AWTY-Limitless/DataServerContainer/env/lib/python3.8/site-packages/airflow/example_dags/example_skip_dag.py
[2021-03-08 12:33:02,413] {scheduler_job.py:629} INFO - Processing file /Users/garymarmon/PycharmProjects/AWTY-Limitless/DataServerContainer/env/lib/python3.8/site-packages/airflow/example_dags/example_skip_dag.py for tasks to queue
[2021-03-08 12:33:02,413] {logging_mixin.py:104} INFO - [2021-03-08 12:33:02,413] {dagbag.py:448} INFO - Filling up the DagBag from /Users/garymarmon/PycharmProjects/AWTY-Limitless/DataServerContainer/env/lib/python3.8/site-packages/airflow/example_dags/example_skip_dag.py
[2021-03-08 12:33:02,420] {scheduler_job.py:639} INFO - DAG(s) dict_keys(['example_skip_dag']) retrieved from /Users/garymarmon/PycharmProjects/AWTY-Limitless/DataServerContainer/env/lib/python3.8/site-packages/airflow/example_dags/example_skip_dag.py
[2021-03-08 12:33:02,455] {logging_mixin.py:104} INFO - [2021-03-08 12:33:02,455] {dag.py:1818} INFO - Sync 1 DAGs
[2021-03-08 12:33:02,463] {logging_mixin.py:104} INFO - [2021-03-08 12:33:02,463] {dag.py:2273} INFO - Setting next_dagrun for example_skip_dag to 2021-03-06 00:00:00+00:00
[2021-03-08 12:33:02,469] {scheduler_job.py:190} INFO - Processing /Users/garymarmon/PycharmProjects/AWTY-Limitless/DataServerContainer/env/lib/python3.8/site-packages/airflow/example_dags/example_skip_dag.py took 0.058 seconds
[2021-03-08 12:34:05,626] {scheduler_job.py:182} INFO - Started process (PID=4105) to work on /Users/garymarmon/PycharmProjects/AWTY-Limitless/DataServerContainer/env/lib/python3.8/site-packages/airflow/example_dags/example_skip_dag.py
[2021-03-08 12:34:05,627] {scheduler_job.py:629} INFO - Processing file /Users/garymarmon/PycharmProjects/AWTY-Limitless/DataServerContainer/env/lib/python3.8/site-packages/airflow/example_dags/example_skip_dag.py for tasks to queue
[2021-03-08 12:34:05,628] {logging_mixin.py:104} INFO - [2021-03-08 12:34:05,628] {dagbag.py:448} INFO - Filling up the DagBag from /Users/garymarmon/PycharmProjects/AWTY-Limitless/DataServerContainer/env/lib/python3.8/site-packages/airflow/example_dags/example_skip_dag.py
[2021-03-08 12:34:05,635] {scheduler_job.py:639} INFO - DAG(s) dict_keys(['example_skip_dag']) retrieved from /Users/garymarmon/PycharmProjects/AWTY-Limitless/DataServerContainer/env/lib/python3.8/site-packages/airflow/example_dags/example_skip_dag.py
[2021-03-08 12:34:05,671] {logging_mixin.py:104} INFO - [2021-03-08 12:34:05,671] {dag.py:1818} INFO - Sync 1 DAGs
[2021-03-08 12:34:05,679] {logging_mixin.py:104} INFO - [2021-03-08 12:34:05,679] {dag.py:2273} INFO - Setting next_dagrun for example_skip_dag to 2021-03-06 00:00:00+00:00
[2021-03-08 12:34:05,686] {scheduler_job.py:190} INFO - Processing /Users/garymarmon/PycharmProjects/AWTY-Limitless/DataServerContainer/env/lib/python3.8/site-packages/airflow/example_dags/example_skip_dag.py took 0.060 seconds
[2021-03-08 12:35:18,551] {scheduler_job.py:182} INFO - Started process (PID=4189) to work on /Users/garymarmon/PycharmProjects/AWTY-Limitless/DataServerContainer/env/lib/python3.8/site-packages/airflow/example_dags/example_skip_dag.py
[2021-03-08 12:35:18,551] {scheduler_job.py:629} INFO - Processing file /Users/garymarmon/PycharmProjects/AWTY-Limitless/DataServerContainer/env/lib/python3.8/site-packages/airflow/example_dags/example_skip_dag.py for tasks to queue
[2021-03-08 12:35:18,552] {logging_mixin.py:104} INFO - [2021-03-08 12:35:18,552] {dagbag.py:448} INFO - Filling up the DagBag from /Users/garymarmon/PycharmProjects/AWTY-Limitless/DataServerContainer/env/lib/python3.8/site-packages/airflow/example_dags/example_skip_dag.py
[2021-03-08 12:35:18,560] {scheduler_job.py:639} INFO - DAG(s) dict_keys(['example_skip_dag']) retrieved from /Users/garymarmon/PycharmProjects/AWTY-Limitless/DataServerContainer/env/lib/python3.8/site-packages/airflow/example_dags/example_skip_dag.py
[2021-03-08 12:35:18,607] {logging_mixin.py:104} INFO - [2021-03-08 12:35:18,607] {dag.py:1818} INFO - Sync 1 DAGs
[2021-03-08 12:35:18,618] {logging_mixin.py:104} INFO - [2021-03-08 12:35:18,618] {dag.py:2273} INFO - Setting next_dagrun for example_skip_dag to 2021-03-06 00:00:00+00:00
[2021-03-08 12:35:18,627] {scheduler_job.py:190} INFO - Processing /Users/garymarmon/PycharmProjects/AWTY-Limitless/DataServerContainer/env/lib/python3.8/site-packages/airflow/example_dags/example_skip_dag.py took 0.077 seconds
[2021-03-08 12:36:25,329] {scheduler_job.py:182} INFO - Started process (PID=4270) to work on /Users/garymarmon/PycharmProjects/AWTY-Limitless/DataServerContainer/env/lib/python3.8/site-packages/airflow/example_dags/example_skip_dag.py
[2021-03-08 12:36:25,330] {scheduler_job.py:629} INFO - Processing file /Users/garymarmon/PycharmProjects/AWTY-Limitless/DataServerContainer/env/lib/python3.8/site-packages/airflow/example_dags/example_skip_dag.py for tasks to queue
[2021-03-08 12:36:25,330] {logging_mixin.py:104} INFO - [2021-03-08 12:36:25,330] {dagbag.py:448} INFO - Filling up the DagBag from /Users/garymarmon/PycharmProjects/AWTY-Limitless/DataServerContainer/env/lib/python3.8/site-packages/airflow/example_dags/example_skip_dag.py
[2021-03-08 12:36:25,336] {scheduler_job.py:639} INFO - DAG(s) dict_keys(['example_skip_dag']) retrieved from /Users/garymarmon/PycharmProjects/AWTY-Limitless/DataServerContainer/env/lib/python3.8/site-packages/airflow/example_dags/example_skip_dag.py
[2021-03-08 12:36:25,371] {logging_mixin.py:104} INFO - [2021-03-08 12:36:25,371] {dag.py:1818} INFO - Sync 1 DAGs
[2021-03-08 12:36:25,380] {logging_mixin.py:104} INFO - [2021-03-08 12:36:25,380] {dag.py:2273} INFO - Setting next_dagrun for example_skip_dag to 2021-03-06 00:00:00+00:00
[2021-03-08 12:36:25,386] {scheduler_job.py:190} INFO - Processing /Users/garymarmon/PycharmProjects/AWTY-Limitless/DataServerContainer/env/lib/python3.8/site-packages/airflow/example_dags/example_skip_dag.py took 0.058 seconds
[2021-03-08 12:37:38,206] {scheduler_job.py:182} INFO - Started process (PID=4382) to work on /Users/garymarmon/PycharmProjects/AWTY-Limitless/DataServerContainer/env/lib/python3.8/site-packages/airflow/example_dags/example_skip_dag.py
[2021-03-08 12:37:38,206] {scheduler_job.py:629} INFO - Processing file /Users/garymarmon/PycharmProjects/AWTY-Limitless/DataServerContainer/env/lib/python3.8/site-packages/airflow/example_dags/example_skip_dag.py for tasks to queue
[2021-03-08 12:37:38,207] {logging_mixin.py:104} INFO - [2021-03-08 12:37:38,207] {dagbag.py:448} INFO - Filling up the DagBag from /Users/garymarmon/PycharmProjects/AWTY-Limitless/DataServerContainer/env/lib/python3.8/site-packages/airflow/example_dags/example_skip_dag.py
[2021-03-08 12:37:38,214] {scheduler_job.py:639} INFO - DAG(s) dict_keys(['example_skip_dag']) retrieved from /Users/garymarmon/PycharmProjects/AWTY-Limitless/DataServerContainer/env/lib/python3.8/site-packages/airflow/example_dags/example_skip_dag.py
[2021-03-08 12:37:38,249] {logging_mixin.py:104} INFO - [2021-03-08 12:37:38,249] {dag.py:1818} INFO - Sync 1 DAGs
[2021-03-08 12:37:38,258] {logging_mixin.py:104} INFO - [2021-03-08 12:37:38,258] {dag.py:2273} INFO - Setting next_dagrun for example_skip_dag to 2021-03-06 00:00:00+00:00
[2021-03-08 12:37:38,263] {scheduler_job.py:190} INFO - Processing /Users/garymarmon/PycharmProjects/AWTY-Limitless/DataServerContainer/env/lib/python3.8/site-packages/airflow/example_dags/example_skip_dag.py took 0.058 seconds
