[2021-03-08 12:11:37,304] {scheduler_job.py:182} INFO - Started process (PID=2364) to work on /Users/garymarmon/PycharmProjects/AWTY-Limitless/DataServerContainer/env/lib/python3.8/site-packages/airflow/example_dags/example_latest_only.py
[2021-03-08 12:11:37,306] {scheduler_job.py:629} INFO - Processing file /Users/garymarmon/PycharmProjects/AWTY-Limitless/DataServerContainer/env/lib/python3.8/site-packages/airflow/example_dags/example_latest_only.py for tasks to queue
[2021-03-08 12:11:37,306] {logging_mixin.py:104} INFO - [2021-03-08 12:11:37,306] {dagbag.py:448} INFO - Filling up the DagBag from /Users/garymarmon/PycharmProjects/AWTY-Limitless/DataServerContainer/env/lib/python3.8/site-packages/airflow/example_dags/example_latest_only.py
[2021-03-08 12:11:37,321] {scheduler_job.py:639} INFO - DAG(s) dict_keys(['latest_only']) retrieved from /Users/garymarmon/PycharmProjects/AWTY-Limitless/DataServerContainer/env/lib/python3.8/site-packages/airflow/example_dags/example_latest_only.py
[2021-03-08 12:11:37,401] {logging_mixin.py:104} INFO - [2021-03-08 12:11:37,401] {dag.py:1818} INFO - Sync 1 DAGs
[2021-03-08 12:11:37,420] {logging_mixin.py:104} INFO - [2021-03-08 12:11:37,420] {dag.py:2273} INFO - Setting next_dagrun for latest_only to 2021-03-06 00:00:00+00:00
[2021-03-08 12:11:37,436] {scheduler_job.py:190} INFO - Processing /Users/garymarmon/PycharmProjects/AWTY-Limitless/DataServerContainer/env/lib/python3.8/site-packages/airflow/example_dags/example_latest_only.py took 0.133 seconds
[2021-03-08 12:14:34,098] {scheduler_job.py:182} INFO - Started process (PID=2503) to work on /Users/garymarmon/PycharmProjects/AWTY-Limitless/DataServerContainer/env/lib/python3.8/site-packages/airflow/example_dags/example_latest_only.py
[2021-03-08 12:14:34,099] {scheduler_job.py:629} INFO - Processing file /Users/garymarmon/PycharmProjects/AWTY-Limitless/DataServerContainer/env/lib/python3.8/site-packages/airflow/example_dags/example_latest_only.py for tasks to queue
[2021-03-08 12:14:34,100] {logging_mixin.py:104} INFO - [2021-03-08 12:14:34,099] {dagbag.py:448} INFO - Filling up the DagBag from /Users/garymarmon/PycharmProjects/AWTY-Limitless/DataServerContainer/env/lib/python3.8/site-packages/airflow/example_dags/example_latest_only.py
[2021-03-08 12:14:34,107] {scheduler_job.py:639} INFO - DAG(s) dict_keys(['latest_only']) retrieved from /Users/garymarmon/PycharmProjects/AWTY-Limitless/DataServerContainer/env/lib/python3.8/site-packages/airflow/example_dags/example_latest_only.py
[2021-03-08 12:14:34,143] {logging_mixin.py:104} INFO - [2021-03-08 12:14:34,143] {dag.py:1818} INFO - Sync 1 DAGs
[2021-03-08 12:14:34,151] {logging_mixin.py:104} INFO - [2021-03-08 12:14:34,151] {dag.py:2273} INFO - Setting next_dagrun for latest_only to 2021-03-06 00:00:00+00:00
[2021-03-08 12:14:34,159] {scheduler_job.py:190} INFO - Processing /Users/garymarmon/PycharmProjects/AWTY-Limitless/DataServerContainer/env/lib/python3.8/site-packages/airflow/example_dags/example_latest_only.py took 0.061 seconds
[2021-03-08 12:15:33,304] {scheduler_job.py:182} INFO - Started process (PID=2576) to work on /Users/garymarmon/PycharmProjects/AWTY-Limitless/DataServerContainer/env/lib/python3.8/site-packages/airflow/example_dags/example_latest_only.py
[2021-03-08 12:15:33,304] {scheduler_job.py:629} INFO - Processing file /Users/garymarmon/PycharmProjects/AWTY-Limitless/DataServerContainer/env/lib/python3.8/site-packages/airflow/example_dags/example_latest_only.py for tasks to queue
[2021-03-08 12:15:33,305] {logging_mixin.py:104} INFO - [2021-03-08 12:15:33,305] {dagbag.py:448} INFO - Filling up the DagBag from /Users/garymarmon/PycharmProjects/AWTY-Limitless/DataServerContainer/env/lib/python3.8/site-packages/airflow/example_dags/example_latest_only.py
[2021-03-08 12:15:33,311] {scheduler_job.py:639} INFO - DAG(s) dict_keys(['latest_only']) retrieved from /Users/garymarmon/PycharmProjects/AWTY-Limitless/DataServerContainer/env/lib/python3.8/site-packages/airflow/example_dags/example_latest_only.py
[2021-03-08 12:15:33,346] {logging_mixin.py:104} INFO - [2021-03-08 12:15:33,346] {dag.py:1818} INFO - Sync 1 DAGs
[2021-03-08 12:15:33,354] {logging_mixin.py:104} INFO - [2021-03-08 12:15:33,354] {dag.py:2273} INFO - Setting next_dagrun for latest_only to 2021-03-06 00:00:00+00:00
[2021-03-08 12:15:33,360] {scheduler_job.py:190} INFO - Processing /Users/garymarmon/PycharmProjects/AWTY-Limitless/DataServerContainer/env/lib/python3.8/site-packages/airflow/example_dags/example_latest_only.py took 0.057 seconds
[2021-03-08 12:16:33,639] {scheduler_job.py:182} INFO - Started process (PID=2648) to work on /Users/garymarmon/PycharmProjects/AWTY-Limitless/DataServerContainer/env/lib/python3.8/site-packages/airflow/example_dags/example_latest_only.py
[2021-03-08 12:16:33,639] {scheduler_job.py:629} INFO - Processing file /Users/garymarmon/PycharmProjects/AWTY-Limitless/DataServerContainer/env/lib/python3.8/site-packages/airflow/example_dags/example_latest_only.py for tasks to queue
[2021-03-08 12:16:33,640] {logging_mixin.py:104} INFO - [2021-03-08 12:16:33,640] {dagbag.py:448} INFO - Filling up the DagBag from /Users/garymarmon/PycharmProjects/AWTY-Limitless/DataServerContainer/env/lib/python3.8/site-packages/airflow/example_dags/example_latest_only.py
[2021-03-08 12:16:33,646] {scheduler_job.py:639} INFO - DAG(s) dict_keys(['latest_only']) retrieved from /Users/garymarmon/PycharmProjects/AWTY-Limitless/DataServerContainer/env/lib/python3.8/site-packages/airflow/example_dags/example_latest_only.py
[2021-03-08 12:16:33,680] {logging_mixin.py:104} INFO - [2021-03-08 12:16:33,680] {dag.py:1818} INFO - Sync 1 DAGs
[2021-03-08 12:16:33,692] {logging_mixin.py:104} INFO - [2021-03-08 12:16:33,691] {dag.py:2273} INFO - Setting next_dagrun for latest_only to 2021-03-06 00:00:00+00:00
[2021-03-08 12:16:33,697] {scheduler_job.py:190} INFO - Processing /Users/garymarmon/PycharmProjects/AWTY-Limitless/DataServerContainer/env/lib/python3.8/site-packages/airflow/example_dags/example_latest_only.py took 0.059 seconds
[2021-03-08 12:17:36,204] {scheduler_job.py:182} INFO - Started process (PID=2730) to work on /Users/garymarmon/PycharmProjects/AWTY-Limitless/DataServerContainer/env/lib/python3.8/site-packages/airflow/example_dags/example_latest_only.py
[2021-03-08 12:17:36,204] {scheduler_job.py:629} INFO - Processing file /Users/garymarmon/PycharmProjects/AWTY-Limitless/DataServerContainer/env/lib/python3.8/site-packages/airflow/example_dags/example_latest_only.py for tasks to queue
[2021-03-08 12:17:36,205] {logging_mixin.py:104} INFO - [2021-03-08 12:17:36,205] {dagbag.py:448} INFO - Filling up the DagBag from /Users/garymarmon/PycharmProjects/AWTY-Limitless/DataServerContainer/env/lib/python3.8/site-packages/airflow/example_dags/example_latest_only.py
[2021-03-08 12:17:36,213] {scheduler_job.py:639} INFO - DAG(s) dict_keys(['latest_only']) retrieved from /Users/garymarmon/PycharmProjects/AWTY-Limitless/DataServerContainer/env/lib/python3.8/site-packages/airflow/example_dags/example_latest_only.py
[2021-03-08 12:17:36,248] {logging_mixin.py:104} INFO - [2021-03-08 12:17:36,248] {dag.py:1818} INFO - Sync 1 DAGs
[2021-03-08 12:17:36,256] {logging_mixin.py:104} INFO - [2021-03-08 12:17:36,256] {dag.py:2273} INFO - Setting next_dagrun for latest_only to 2021-03-06 00:00:00+00:00
[2021-03-08 12:17:36,263] {scheduler_job.py:190} INFO - Processing /Users/garymarmon/PycharmProjects/AWTY-Limitless/DataServerContainer/env/lib/python3.8/site-packages/airflow/example_dags/example_latest_only.py took 0.060 seconds
[2021-03-08 12:19:10,358] {scheduler_job.py:182} INFO - Started process (PID=2848) to work on /Users/garymarmon/PycharmProjects/AWTY-Limitless/DataServerContainer/env/lib/python3.8/site-packages/airflow/example_dags/example_latest_only.py
[2021-03-08 12:19:10,359] {scheduler_job.py:629} INFO - Processing file /Users/garymarmon/PycharmProjects/AWTY-Limitless/DataServerContainer/env/lib/python3.8/site-packages/airflow/example_dags/example_latest_only.py for tasks to queue
[2021-03-08 12:19:10,360] {logging_mixin.py:104} INFO - [2021-03-08 12:19:10,360] {dagbag.py:448} INFO - Filling up the DagBag from /Users/garymarmon/PycharmProjects/AWTY-Limitless/DataServerContainer/env/lib/python3.8/site-packages/airflow/example_dags/example_latest_only.py
[2021-03-08 12:19:10,368] {scheduler_job.py:639} INFO - DAG(s) dict_keys(['latest_only']) retrieved from /Users/garymarmon/PycharmProjects/AWTY-Limitless/DataServerContainer/env/lib/python3.8/site-packages/airflow/example_dags/example_latest_only.py
[2021-03-08 12:19:10,408] {logging_mixin.py:104} INFO - [2021-03-08 12:19:10,408] {dag.py:1818} INFO - Sync 1 DAGs
[2021-03-08 12:19:10,418] {logging_mixin.py:104} INFO - [2021-03-08 12:19:10,418] {dag.py:2273} INFO - Setting next_dagrun for latest_only to 2021-03-06 00:00:00+00:00
[2021-03-08 12:19:10,425] {scheduler_job.py:190} INFO - Processing /Users/garymarmon/PycharmProjects/AWTY-Limitless/DataServerContainer/env/lib/python3.8/site-packages/airflow/example_dags/example_latest_only.py took 0.068 seconds
[2021-03-08 12:20:42,881] {scheduler_job.py:182} INFO - Started process (PID=2955) to work on /Users/garymarmon/PycharmProjects/AWTY-Limitless/DataServerContainer/env/lib/python3.8/site-packages/airflow/example_dags/example_latest_only.py
[2021-03-08 12:20:42,881] {scheduler_job.py:629} INFO - Processing file /Users/garymarmon/PycharmProjects/AWTY-Limitless/DataServerContainer/env/lib/python3.8/site-packages/airflow/example_dags/example_latest_only.py for tasks to queue
[2021-03-08 12:20:42,882] {logging_mixin.py:104} INFO - [2021-03-08 12:20:42,882] {dagbag.py:448} INFO - Filling up the DagBag from /Users/garymarmon/PycharmProjects/AWTY-Limitless/DataServerContainer/env/lib/python3.8/site-packages/airflow/example_dags/example_latest_only.py
[2021-03-08 12:20:42,890] {scheduler_job.py:639} INFO - DAG(s) dict_keys(['latest_only']) retrieved from /Users/garymarmon/PycharmProjects/AWTY-Limitless/DataServerContainer/env/lib/python3.8/site-packages/airflow/example_dags/example_latest_only.py
[2021-03-08 12:20:42,933] {logging_mixin.py:104} INFO - [2021-03-08 12:20:42,933] {dag.py:1818} INFO - Sync 1 DAGs
[2021-03-08 12:20:42,942] {logging_mixin.py:104} INFO - [2021-03-08 12:20:42,942] {dag.py:2273} INFO - Setting next_dagrun for latest_only to 2021-03-06 00:00:00+00:00
[2021-03-08 12:20:42,951] {scheduler_job.py:190} INFO - Processing /Users/garymarmon/PycharmProjects/AWTY-Limitless/DataServerContainer/env/lib/python3.8/site-packages/airflow/example_dags/example_latest_only.py took 0.071 seconds
[2021-03-08 12:21:55,553] {scheduler_job.py:182} INFO - Started process (PID=3054) to work on /Users/garymarmon/PycharmProjects/AWTY-Limitless/DataServerContainer/env/lib/python3.8/site-packages/airflow/example_dags/example_latest_only.py
[2021-03-08 12:21:55,553] {scheduler_job.py:629} INFO - Processing file /Users/garymarmon/PycharmProjects/AWTY-Limitless/DataServerContainer/env/lib/python3.8/site-packages/airflow/example_dags/example_latest_only.py for tasks to queue
[2021-03-08 12:21:55,554] {logging_mixin.py:104} INFO - [2021-03-08 12:21:55,554] {dagbag.py:448} INFO - Filling up the DagBag from /Users/garymarmon/PycharmProjects/AWTY-Limitless/DataServerContainer/env/lib/python3.8/site-packages/airflow/example_dags/example_latest_only.py
[2021-03-08 12:21:55,562] {scheduler_job.py:639} INFO - DAG(s) dict_keys(['latest_only']) retrieved from /Users/garymarmon/PycharmProjects/AWTY-Limitless/DataServerContainer/env/lib/python3.8/site-packages/airflow/example_dags/example_latest_only.py
[2021-03-08 12:21:55,603] {logging_mixin.py:104} INFO - [2021-03-08 12:21:55,603] {dag.py:1818} INFO - Sync 1 DAGs
[2021-03-08 12:21:55,612] {logging_mixin.py:104} INFO - [2021-03-08 12:21:55,612] {dag.py:2273} INFO - Setting next_dagrun for latest_only to 2021-03-06 00:00:00+00:00
[2021-03-08 12:21:55,618] {scheduler_job.py:190} INFO - Processing /Users/garymarmon/PycharmProjects/AWTY-Limitless/DataServerContainer/env/lib/python3.8/site-packages/airflow/example_dags/example_latest_only.py took 0.066 seconds
[2021-03-08 12:22:59,843] {scheduler_job.py:182} INFO - Started process (PID=3133) to work on /Users/garymarmon/PycharmProjects/AWTY-Limitless/DataServerContainer/env/lib/python3.8/site-packages/airflow/example_dags/example_latest_only.py
[2021-03-08 12:22:59,843] {scheduler_job.py:629} INFO - Processing file /Users/garymarmon/PycharmProjects/AWTY-Limitless/DataServerContainer/env/lib/python3.8/site-packages/airflow/example_dags/example_latest_only.py for tasks to queue
[2021-03-08 12:22:59,844] {logging_mixin.py:104} INFO - [2021-03-08 12:22:59,844] {dagbag.py:448} INFO - Filling up the DagBag from /Users/garymarmon/PycharmProjects/AWTY-Limitless/DataServerContainer/env/lib/python3.8/site-packages/airflow/example_dags/example_latest_only.py
[2021-03-08 12:22:59,851] {scheduler_job.py:639} INFO - DAG(s) dict_keys(['latest_only']) retrieved from /Users/garymarmon/PycharmProjects/AWTY-Limitless/DataServerContainer/env/lib/python3.8/site-packages/airflow/example_dags/example_latest_only.py
[2021-03-08 12:22:59,887] {logging_mixin.py:104} INFO - [2021-03-08 12:22:59,887] {dag.py:1818} INFO - Sync 1 DAGs
[2021-03-08 12:22:59,896] {logging_mixin.py:104} INFO - [2021-03-08 12:22:59,896] {dag.py:2273} INFO - Setting next_dagrun for latest_only to 2021-03-06 00:00:00+00:00
[2021-03-08 12:22:59,903] {scheduler_job.py:190} INFO - Processing /Users/garymarmon/PycharmProjects/AWTY-Limitless/DataServerContainer/env/lib/python3.8/site-packages/airflow/example_dags/example_latest_only.py took 0.061 seconds
[2021-03-08 12:23:58,574] {scheduler_job.py:182} INFO - Started process (PID=3206) to work on /Users/garymarmon/PycharmProjects/AWTY-Limitless/DataServerContainer/env/lib/python3.8/site-packages/airflow/example_dags/example_latest_only.py
[2021-03-08 12:23:58,574] {scheduler_job.py:629} INFO - Processing file /Users/garymarmon/PycharmProjects/AWTY-Limitless/DataServerContainer/env/lib/python3.8/site-packages/airflow/example_dags/example_latest_only.py for tasks to queue
[2021-03-08 12:23:58,575] {logging_mixin.py:104} INFO - [2021-03-08 12:23:58,575] {dagbag.py:448} INFO - Filling up the DagBag from /Users/garymarmon/PycharmProjects/AWTY-Limitless/DataServerContainer/env/lib/python3.8/site-packages/airflow/example_dags/example_latest_only.py
[2021-03-08 12:23:58,582] {scheduler_job.py:639} INFO - DAG(s) dict_keys(['latest_only']) retrieved from /Users/garymarmon/PycharmProjects/AWTY-Limitless/DataServerContainer/env/lib/python3.8/site-packages/airflow/example_dags/example_latest_only.py
[2021-03-08 12:23:58,618] {logging_mixin.py:104} INFO - [2021-03-08 12:23:58,617] {dag.py:1818} INFO - Sync 1 DAGs
[2021-03-08 12:23:58,625] {logging_mixin.py:104} INFO - [2021-03-08 12:23:58,625] {dag.py:2273} INFO - Setting next_dagrun for latest_only to 2021-03-06 00:00:00+00:00
[2021-03-08 12:23:58,631] {scheduler_job.py:190} INFO - Processing /Users/garymarmon/PycharmProjects/AWTY-Limitless/DataServerContainer/env/lib/python3.8/site-packages/airflow/example_dags/example_latest_only.py took 0.059 seconds
[2021-03-08 12:25:04,153] {scheduler_job.py:182} INFO - Started process (PID=3332) to work on /Users/garymarmon/PycharmProjects/AWTY-Limitless/DataServerContainer/env/lib/python3.8/site-packages/airflow/example_dags/example_latest_only.py
[2021-03-08 12:25:04,153] {scheduler_job.py:629} INFO - Processing file /Users/garymarmon/PycharmProjects/AWTY-Limitless/DataServerContainer/env/lib/python3.8/site-packages/airflow/example_dags/example_latest_only.py for tasks to queue
[2021-03-08 12:25:04,154] {logging_mixin.py:104} INFO - [2021-03-08 12:25:04,154] {dagbag.py:448} INFO - Filling up the DagBag from /Users/garymarmon/PycharmProjects/AWTY-Limitless/DataServerContainer/env/lib/python3.8/site-packages/airflow/example_dags/example_latest_only.py
[2021-03-08 12:25:04,161] {scheduler_job.py:639} INFO - DAG(s) dict_keys(['latest_only']) retrieved from /Users/garymarmon/PycharmProjects/AWTY-Limitless/DataServerContainer/env/lib/python3.8/site-packages/airflow/example_dags/example_latest_only.py
[2021-03-08 12:25:04,198] {logging_mixin.py:104} INFO - [2021-03-08 12:25:04,198] {dag.py:1818} INFO - Sync 1 DAGs
[2021-03-08 12:25:04,206] {logging_mixin.py:104} INFO - [2021-03-08 12:25:04,206] {dag.py:2273} INFO - Setting next_dagrun for latest_only to 2021-03-06 00:00:00+00:00
[2021-03-08 12:25:04,211] {scheduler_job.py:190} INFO - Processing /Users/garymarmon/PycharmProjects/AWTY-Limitless/DataServerContainer/env/lib/python3.8/site-packages/airflow/example_dags/example_latest_only.py took 0.059 seconds
[2021-03-08 12:26:46,465] {scheduler_job.py:182} INFO - Started process (PID=3587) to work on /Users/garymarmon/PycharmProjects/AWTY-Limitless/DataServerContainer/env/lib/python3.8/site-packages/airflow/example_dags/example_latest_only.py
[2021-03-08 12:26:46,467] {scheduler_job.py:629} INFO - Processing file /Users/garymarmon/PycharmProjects/AWTY-Limitless/DataServerContainer/env/lib/python3.8/site-packages/airflow/example_dags/example_latest_only.py for tasks to queue
[2021-03-08 12:26:46,467] {logging_mixin.py:104} INFO - [2021-03-08 12:26:46,467] {dagbag.py:448} INFO - Filling up the DagBag from /Users/garymarmon/PycharmProjects/AWTY-Limitless/DataServerContainer/env/lib/python3.8/site-packages/airflow/example_dags/example_latest_only.py
[2021-03-08 12:26:46,476] {scheduler_job.py:639} INFO - DAG(s) dict_keys(['latest_only']) retrieved from /Users/garymarmon/PycharmProjects/AWTY-Limitless/DataServerContainer/env/lib/python3.8/site-packages/airflow/example_dags/example_latest_only.py
[2021-03-08 12:26:46,508] {logging_mixin.py:104} INFO - [2021-03-08 12:26:46,507] {dag.py:1818} INFO - Sync 1 DAGs
[2021-03-08 12:26:46,515] {logging_mixin.py:104} INFO - [2021-03-08 12:26:46,515] {dag.py:2273} INFO - Setting next_dagrun for latest_only to 2021-03-06 00:00:00+00:00
[2021-03-08 12:26:46,520] {scheduler_job.py:190} INFO - Processing /Users/garymarmon/PycharmProjects/AWTY-Limitless/DataServerContainer/env/lib/python3.8/site-packages/airflow/example_dags/example_latest_only.py took 0.055 seconds
[2021-03-08 12:27:46,882] {scheduler_job.py:182} INFO - Started process (PID=3662) to work on /Users/garymarmon/PycharmProjects/AWTY-Limitless/DataServerContainer/env/lib/python3.8/site-packages/airflow/example_dags/example_latest_only.py
[2021-03-08 12:27:46,882] {scheduler_job.py:629} INFO - Processing file /Users/garymarmon/PycharmProjects/AWTY-Limitless/DataServerContainer/env/lib/python3.8/site-packages/airflow/example_dags/example_latest_only.py for tasks to queue
[2021-03-08 12:27:46,883] {logging_mixin.py:104} INFO - [2021-03-08 12:27:46,883] {dagbag.py:448} INFO - Filling up the DagBag from /Users/garymarmon/PycharmProjects/AWTY-Limitless/DataServerContainer/env/lib/python3.8/site-packages/airflow/example_dags/example_latest_only.py
[2021-03-08 12:27:46,890] {scheduler_job.py:639} INFO - DAG(s) dict_keys(['latest_only']) retrieved from /Users/garymarmon/PycharmProjects/AWTY-Limitless/DataServerContainer/env/lib/python3.8/site-packages/airflow/example_dags/example_latest_only.py
[2021-03-08 12:27:46,939] {logging_mixin.py:104} INFO - [2021-03-08 12:27:46,938] {dag.py:1818} INFO - Sync 1 DAGs
[2021-03-08 12:27:46,948] {logging_mixin.py:104} INFO - [2021-03-08 12:27:46,948] {dag.py:2273} INFO - Setting next_dagrun for latest_only to 2021-03-06 00:00:00+00:00
[2021-03-08 12:27:46,956] {scheduler_job.py:190} INFO - Processing /Users/garymarmon/PycharmProjects/AWTY-Limitless/DataServerContainer/env/lib/python3.8/site-packages/airflow/example_dags/example_latest_only.py took 0.075 seconds
[2021-03-08 12:28:45,725] {scheduler_job.py:182} INFO - Started process (PID=3741) to work on /Users/garymarmon/PycharmProjects/AWTY-Limitless/DataServerContainer/env/lib/python3.8/site-packages/airflow/example_dags/example_latest_only.py
[2021-03-08 12:28:45,726] {scheduler_job.py:629} INFO - Processing file /Users/garymarmon/PycharmProjects/AWTY-Limitless/DataServerContainer/env/lib/python3.8/site-packages/airflow/example_dags/example_latest_only.py for tasks to queue
[2021-03-08 12:28:45,726] {logging_mixin.py:104} INFO - [2021-03-08 12:28:45,726] {dagbag.py:448} INFO - Filling up the DagBag from /Users/garymarmon/PycharmProjects/AWTY-Limitless/DataServerContainer/env/lib/python3.8/site-packages/airflow/example_dags/example_latest_only.py
[2021-03-08 12:28:45,733] {scheduler_job.py:639} INFO - DAG(s) dict_keys(['latest_only']) retrieved from /Users/garymarmon/PycharmProjects/AWTY-Limitless/DataServerContainer/env/lib/python3.8/site-packages/airflow/example_dags/example_latest_only.py
[2021-03-08 12:28:45,768] {logging_mixin.py:104} INFO - [2021-03-08 12:28:45,768] {dag.py:1818} INFO - Sync 1 DAGs
[2021-03-08 12:28:45,778] {logging_mixin.py:104} INFO - [2021-03-08 12:28:45,778] {dag.py:2273} INFO - Setting next_dagrun for latest_only to 2021-03-06 00:00:00+00:00
[2021-03-08 12:28:45,785] {scheduler_job.py:190} INFO - Processing /Users/garymarmon/PycharmProjects/AWTY-Limitless/DataServerContainer/env/lib/python3.8/site-packages/airflow/example_dags/example_latest_only.py took 0.060 seconds
[2021-03-08 12:29:43,319] {scheduler_job.py:182} INFO - Started process (PID=3808) to work on /Users/garymarmon/PycharmProjects/AWTY-Limitless/DataServerContainer/env/lib/python3.8/site-packages/airflow/example_dags/example_latest_only.py
[2021-03-08 12:29:43,319] {scheduler_job.py:629} INFO - Processing file /Users/garymarmon/PycharmProjects/AWTY-Limitless/DataServerContainer/env/lib/python3.8/site-packages/airflow/example_dags/example_latest_only.py for tasks to queue
[2021-03-08 12:29:43,320] {logging_mixin.py:104} INFO - [2021-03-08 12:29:43,320] {dagbag.py:448} INFO - Filling up the DagBag from /Users/garymarmon/PycharmProjects/AWTY-Limitless/DataServerContainer/env/lib/python3.8/site-packages/airflow/example_dags/example_latest_only.py
[2021-03-08 12:29:43,330] {scheduler_job.py:639} INFO - DAG(s) dict_keys(['latest_only']) retrieved from /Users/garymarmon/PycharmProjects/AWTY-Limitless/DataServerContainer/env/lib/python3.8/site-packages/airflow/example_dags/example_latest_only.py
[2021-03-08 12:29:43,385] {logging_mixin.py:104} INFO - [2021-03-08 12:29:43,384] {dag.py:1818} INFO - Sync 1 DAGs
[2021-03-08 12:29:43,398] {logging_mixin.py:104} INFO - [2021-03-08 12:29:43,398] {dag.py:2273} INFO - Setting next_dagrun for latest_only to 2021-03-06 00:00:00+00:00
[2021-03-08 12:29:43,409] {scheduler_job.py:190} INFO - Processing /Users/garymarmon/PycharmProjects/AWTY-Limitless/DataServerContainer/env/lib/python3.8/site-packages/airflow/example_dags/example_latest_only.py took 0.092 seconds
[2021-03-08 12:30:53,822] {scheduler_job.py:182} INFO - Started process (PID=3884) to work on /Users/garymarmon/PycharmProjects/AWTY-Limitless/DataServerContainer/env/lib/python3.8/site-packages/airflow/example_dags/example_latest_only.py
[2021-03-08 12:30:53,823] {scheduler_job.py:629} INFO - Processing file /Users/garymarmon/PycharmProjects/AWTY-Limitless/DataServerContainer/env/lib/python3.8/site-packages/airflow/example_dags/example_latest_only.py for tasks to queue
[2021-03-08 12:30:53,823] {logging_mixin.py:104} INFO - [2021-03-08 12:30:53,823] {dagbag.py:448} INFO - Filling up the DagBag from /Users/garymarmon/PycharmProjects/AWTY-Limitless/DataServerContainer/env/lib/python3.8/site-packages/airflow/example_dags/example_latest_only.py
[2021-03-08 12:30:53,831] {scheduler_job.py:639} INFO - DAG(s) dict_keys(['latest_only']) retrieved from /Users/garymarmon/PycharmProjects/AWTY-Limitless/DataServerContainer/env/lib/python3.8/site-packages/airflow/example_dags/example_latest_only.py
[2021-03-08 12:30:53,876] {logging_mixin.py:104} INFO - [2021-03-08 12:30:53,876] {dag.py:1818} INFO - Sync 1 DAGs
[2021-03-08 12:30:53,887] {logging_mixin.py:104} INFO - [2021-03-08 12:30:53,887] {dag.py:2273} INFO - Setting next_dagrun for latest_only to 2021-03-06 00:00:00+00:00
[2021-03-08 12:30:53,895] {scheduler_job.py:190} INFO - Processing /Users/garymarmon/PycharmProjects/AWTY-Limitless/DataServerContainer/env/lib/python3.8/site-packages/airflow/example_dags/example_latest_only.py took 0.073 seconds
[2021-03-08 12:32:10,121] {scheduler_job.py:182} INFO - Started process (PID=3969) to work on /Users/garymarmon/PycharmProjects/AWTY-Limitless/DataServerContainer/env/lib/python3.8/site-packages/airflow/example_dags/example_latest_only.py
[2021-03-08 12:32:10,121] {scheduler_job.py:629} INFO - Processing file /Users/garymarmon/PycharmProjects/AWTY-Limitless/DataServerContainer/env/lib/python3.8/site-packages/airflow/example_dags/example_latest_only.py for tasks to queue
[2021-03-08 12:32:10,122] {logging_mixin.py:104} INFO - [2021-03-08 12:32:10,122] {dagbag.py:448} INFO - Filling up the DagBag from /Users/garymarmon/PycharmProjects/AWTY-Limitless/DataServerContainer/env/lib/python3.8/site-packages/airflow/example_dags/example_latest_only.py
[2021-03-08 12:32:10,129] {scheduler_job.py:639} INFO - DAG(s) dict_keys(['latest_only']) retrieved from /Users/garymarmon/PycharmProjects/AWTY-Limitless/DataServerContainer/env/lib/python3.8/site-packages/airflow/example_dags/example_latest_only.py
[2021-03-08 12:32:10,166] {logging_mixin.py:104} INFO - [2021-03-08 12:32:10,165] {dag.py:1818} INFO - Sync 1 DAGs
[2021-03-08 12:32:10,174] {logging_mixin.py:104} INFO - [2021-03-08 12:32:10,174] {dag.py:2273} INFO - Setting next_dagrun for latest_only to 2021-03-06 00:00:00+00:00
[2021-03-08 12:32:10,181] {scheduler_job.py:190} INFO - Processing /Users/garymarmon/PycharmProjects/AWTY-Limitless/DataServerContainer/env/lib/python3.8/site-packages/airflow/example_dags/example_latest_only.py took 0.061 seconds
[2021-03-08 12:33:16,613] {scheduler_job.py:182} INFO - Started process (PID=4051) to work on /Users/garymarmon/PycharmProjects/AWTY-Limitless/DataServerContainer/env/lib/python3.8/site-packages/airflow/example_dags/example_latest_only.py
[2021-03-08 12:33:16,614] {scheduler_job.py:629} INFO - Processing file /Users/garymarmon/PycharmProjects/AWTY-Limitless/DataServerContainer/env/lib/python3.8/site-packages/airflow/example_dags/example_latest_only.py for tasks to queue
[2021-03-08 12:33:16,614] {logging_mixin.py:104} INFO - [2021-03-08 12:33:16,614] {dagbag.py:448} INFO - Filling up the DagBag from /Users/garymarmon/PycharmProjects/AWTY-Limitless/DataServerContainer/env/lib/python3.8/site-packages/airflow/example_dags/example_latest_only.py
[2021-03-08 12:33:16,622] {scheduler_job.py:639} INFO - DAG(s) dict_keys(['latest_only']) retrieved from /Users/garymarmon/PycharmProjects/AWTY-Limitless/DataServerContainer/env/lib/python3.8/site-packages/airflow/example_dags/example_latest_only.py
[2021-03-08 12:33:16,656] {logging_mixin.py:104} INFO - [2021-03-08 12:33:16,656] {dag.py:1818} INFO - Sync 1 DAGs
[2021-03-08 12:33:16,664] {logging_mixin.py:104} INFO - [2021-03-08 12:33:16,664] {dag.py:2273} INFO - Setting next_dagrun for latest_only to 2021-03-06 00:00:00+00:00
[2021-03-08 12:33:16,670] {scheduler_job.py:190} INFO - Processing /Users/garymarmon/PycharmProjects/AWTY-Limitless/DataServerContainer/env/lib/python3.8/site-packages/airflow/example_dags/example_latest_only.py took 0.057 seconds
[2021-03-08 12:34:21,075] {scheduler_job.py:182} INFO - Started process (PID=4122) to work on /Users/garymarmon/PycharmProjects/AWTY-Limitless/DataServerContainer/env/lib/python3.8/site-packages/airflow/example_dags/example_latest_only.py
[2021-03-08 12:34:21,076] {scheduler_job.py:629} INFO - Processing file /Users/garymarmon/PycharmProjects/AWTY-Limitless/DataServerContainer/env/lib/python3.8/site-packages/airflow/example_dags/example_latest_only.py for tasks to queue
[2021-03-08 12:34:21,076] {logging_mixin.py:104} INFO - [2021-03-08 12:34:21,076] {dagbag.py:448} INFO - Filling up the DagBag from /Users/garymarmon/PycharmProjects/AWTY-Limitless/DataServerContainer/env/lib/python3.8/site-packages/airflow/example_dags/example_latest_only.py
[2021-03-08 12:34:21,083] {scheduler_job.py:639} INFO - DAG(s) dict_keys(['latest_only']) retrieved from /Users/garymarmon/PycharmProjects/AWTY-Limitless/DataServerContainer/env/lib/python3.8/site-packages/airflow/example_dags/example_latest_only.py
[2021-03-08 12:34:21,121] {logging_mixin.py:104} INFO - [2021-03-08 12:34:21,121] {dag.py:1818} INFO - Sync 1 DAGs
[2021-03-08 12:34:21,129] {logging_mixin.py:104} INFO - [2021-03-08 12:34:21,129] {dag.py:2273} INFO - Setting next_dagrun for latest_only to 2021-03-06 00:00:00+00:00
[2021-03-08 12:34:21,136] {scheduler_job.py:190} INFO - Processing /Users/garymarmon/PycharmProjects/AWTY-Limitless/DataServerContainer/env/lib/python3.8/site-packages/airflow/example_dags/example_latest_only.py took 0.062 seconds
[2021-03-08 12:35:33,326] {scheduler_job.py:182} INFO - Started process (PID=4204) to work on /Users/garymarmon/PycharmProjects/AWTY-Limitless/DataServerContainer/env/lib/python3.8/site-packages/airflow/example_dags/example_latest_only.py
[2021-03-08 12:35:33,327] {scheduler_job.py:629} INFO - Processing file /Users/garymarmon/PycharmProjects/AWTY-Limitless/DataServerContainer/env/lib/python3.8/site-packages/airflow/example_dags/example_latest_only.py for tasks to queue
[2021-03-08 12:35:33,327] {logging_mixin.py:104} INFO - [2021-03-08 12:35:33,327] {dagbag.py:448} INFO - Filling up the DagBag from /Users/garymarmon/PycharmProjects/AWTY-Limitless/DataServerContainer/env/lib/python3.8/site-packages/airflow/example_dags/example_latest_only.py
[2021-03-08 12:35:33,333] {scheduler_job.py:639} INFO - DAG(s) dict_keys(['latest_only']) retrieved from /Users/garymarmon/PycharmProjects/AWTY-Limitless/DataServerContainer/env/lib/python3.8/site-packages/airflow/example_dags/example_latest_only.py
[2021-03-08 12:35:33,365] {logging_mixin.py:104} INFO - [2021-03-08 12:35:33,365] {dag.py:1818} INFO - Sync 1 DAGs
[2021-03-08 12:35:33,373] {logging_mixin.py:104} INFO - [2021-03-08 12:35:33,373] {dag.py:2273} INFO - Setting next_dagrun for latest_only to 2021-03-06 00:00:00+00:00
[2021-03-08 12:35:33,379] {scheduler_job.py:190} INFO - Processing /Users/garymarmon/PycharmProjects/AWTY-Limitless/DataServerContainer/env/lib/python3.8/site-packages/airflow/example_dags/example_latest_only.py took 0.054 seconds
[2021-03-08 12:36:39,517] {scheduler_job.py:182} INFO - Started process (PID=4290) to work on /Users/garymarmon/PycharmProjects/AWTY-Limitless/DataServerContainer/env/lib/python3.8/site-packages/airflow/example_dags/example_latest_only.py
[2021-03-08 12:36:39,518] {scheduler_job.py:629} INFO - Processing file /Users/garymarmon/PycharmProjects/AWTY-Limitless/DataServerContainer/env/lib/python3.8/site-packages/airflow/example_dags/example_latest_only.py for tasks to queue
[2021-03-08 12:36:39,518] {logging_mixin.py:104} INFO - [2021-03-08 12:36:39,518] {dagbag.py:448} INFO - Filling up the DagBag from /Users/garymarmon/PycharmProjects/AWTY-Limitless/DataServerContainer/env/lib/python3.8/site-packages/airflow/example_dags/example_latest_only.py
[2021-03-08 12:36:39,525] {scheduler_job.py:639} INFO - DAG(s) dict_keys(['latest_only']) retrieved from /Users/garymarmon/PycharmProjects/AWTY-Limitless/DataServerContainer/env/lib/python3.8/site-packages/airflow/example_dags/example_latest_only.py
[2021-03-08 12:36:39,560] {logging_mixin.py:104} INFO - [2021-03-08 12:36:39,560] {dag.py:1818} INFO - Sync 1 DAGs
[2021-03-08 12:36:39,568] {logging_mixin.py:104} INFO - [2021-03-08 12:36:39,568] {dag.py:2273} INFO - Setting next_dagrun for latest_only to 2021-03-06 00:00:00+00:00
[2021-03-08 12:36:39,574] {scheduler_job.py:190} INFO - Processing /Users/garymarmon/PycharmProjects/AWTY-Limitless/DataServerContainer/env/lib/python3.8/site-packages/airflow/example_dags/example_latest_only.py took 0.057 seconds
