[2021-03-08 12:14:19,293] {scheduler_job.py:182} INFO - Started process (PID=2481) to work on /Users/garymarmon/PycharmProjects/AWTY-Limitless/DataServerContainer/env/lib/python3.8/site-packages/airflow/example_dags/example_external_task_marker_dag.py
[2021-03-08 12:14:19,293] {scheduler_job.py:629} INFO - Processing file /Users/garymarmon/PycharmProjects/AWTY-Limitless/DataServerContainer/env/lib/python3.8/site-packages/airflow/example_dags/example_external_task_marker_dag.py for tasks to queue
[2021-03-08 12:14:19,294] {logging_mixin.py:104} INFO - [2021-03-08 12:14:19,294] {dagbag.py:448} INFO - Filling up the DagBag from /Users/garymarmon/PycharmProjects/AWTY-Limitless/DataServerContainer/env/lib/python3.8/site-packages/airflow/example_dags/example_external_task_marker_dag.py
[2021-03-08 12:14:19,301] {scheduler_job.py:639} INFO - DAG(s) dict_keys(['example_external_task_marker_parent', 'example_external_task_marker_child']) retrieved from /Users/garymarmon/PycharmProjects/AWTY-Limitless/DataServerContainer/env/lib/python3.8/site-packages/airflow/example_dags/example_external_task_marker_dag.py
[2021-03-08 12:14:19,338] {logging_mixin.py:104} INFO - [2021-03-08 12:14:19,337] {dag.py:1818} INFO - Sync 2 DAGs
[2021-03-08 12:14:19,345] {logging_mixin.py:104} INFO - [2021-03-08 12:14:19,345] {dag.py:2273} INFO - Setting next_dagrun for example_external_task_marker_child to None
[2021-03-08 12:14:19,346] {logging_mixin.py:104} INFO - [2021-03-08 12:14:19,346] {dag.py:2273} INFO - Setting next_dagrun for example_external_task_marker_parent to None
[2021-03-08 12:14:19,354] {scheduler_job.py:190} INFO - Processing /Users/garymarmon/PycharmProjects/AWTY-Limitless/DataServerContainer/env/lib/python3.8/site-packages/airflow/example_dags/example_external_task_marker_dag.py took 0.062 seconds
[2021-03-08 12:15:20,451] {scheduler_job.py:182} INFO - Started process (PID=2557) to work on /Users/garymarmon/PycharmProjects/AWTY-Limitless/DataServerContainer/env/lib/python3.8/site-packages/airflow/example_dags/example_external_task_marker_dag.py
[2021-03-08 12:15:20,451] {scheduler_job.py:629} INFO - Processing file /Users/garymarmon/PycharmProjects/AWTY-Limitless/DataServerContainer/env/lib/python3.8/site-packages/airflow/example_dags/example_external_task_marker_dag.py for tasks to queue
[2021-03-08 12:15:20,452] {logging_mixin.py:104} INFO - [2021-03-08 12:15:20,452] {dagbag.py:448} INFO - Filling up the DagBag from /Users/garymarmon/PycharmProjects/AWTY-Limitless/DataServerContainer/env/lib/python3.8/site-packages/airflow/example_dags/example_external_task_marker_dag.py
[2021-03-08 12:15:20,459] {scheduler_job.py:639} INFO - DAG(s) dict_keys(['example_external_task_marker_parent', 'example_external_task_marker_child']) retrieved from /Users/garymarmon/PycharmProjects/AWTY-Limitless/DataServerContainer/env/lib/python3.8/site-packages/airflow/example_dags/example_external_task_marker_dag.py
[2021-03-08 12:15:20,497] {logging_mixin.py:104} INFO - [2021-03-08 12:15:20,497] {dag.py:1818} INFO - Sync 2 DAGs
[2021-03-08 12:15:20,505] {logging_mixin.py:104} INFO - [2021-03-08 12:15:20,505] {dag.py:2273} INFO - Setting next_dagrun for example_external_task_marker_child to None
[2021-03-08 12:15:20,506] {logging_mixin.py:104} INFO - [2021-03-08 12:15:20,506] {dag.py:2273} INFO - Setting next_dagrun for example_external_task_marker_parent to None
[2021-03-08 12:15:20,515] {scheduler_job.py:190} INFO - Processing /Users/garymarmon/PycharmProjects/AWTY-Limitless/DataServerContainer/env/lib/python3.8/site-packages/airflow/example_dags/example_external_task_marker_dag.py took 0.065 seconds
[2021-03-08 12:16:19,911] {scheduler_job.py:182} INFO - Started process (PID=2628) to work on /Users/garymarmon/PycharmProjects/AWTY-Limitless/DataServerContainer/env/lib/python3.8/site-packages/airflow/example_dags/example_external_task_marker_dag.py
[2021-03-08 12:16:19,925] {scheduler_job.py:629} INFO - Processing file /Users/garymarmon/PycharmProjects/AWTY-Limitless/DataServerContainer/env/lib/python3.8/site-packages/airflow/example_dags/example_external_task_marker_dag.py for tasks to queue
[2021-03-08 12:16:19,926] {logging_mixin.py:104} INFO - [2021-03-08 12:16:19,926] {dagbag.py:448} INFO - Filling up the DagBag from /Users/garymarmon/PycharmProjects/AWTY-Limitless/DataServerContainer/env/lib/python3.8/site-packages/airflow/example_dags/example_external_task_marker_dag.py
[2021-03-08 12:16:19,936] {scheduler_job.py:639} INFO - DAG(s) dict_keys(['example_external_task_marker_parent', 'example_external_task_marker_child']) retrieved from /Users/garymarmon/PycharmProjects/AWTY-Limitless/DataServerContainer/env/lib/python3.8/site-packages/airflow/example_dags/example_external_task_marker_dag.py
[2021-03-08 12:16:19,981] {logging_mixin.py:104} INFO - [2021-03-08 12:16:19,980] {dag.py:1818} INFO - Sync 2 DAGs
[2021-03-08 12:16:19,990] {logging_mixin.py:104} INFO - [2021-03-08 12:16:19,990] {dag.py:2273} INFO - Setting next_dagrun for example_external_task_marker_child to None
[2021-03-08 12:16:19,990] {logging_mixin.py:104} INFO - [2021-03-08 12:16:19,990] {dag.py:2273} INFO - Setting next_dagrun for example_external_task_marker_parent to None
[2021-03-08 12:16:20,001] {scheduler_job.py:190} INFO - Processing /Users/garymarmon/PycharmProjects/AWTY-Limitless/DataServerContainer/env/lib/python3.8/site-packages/airflow/example_dags/example_external_task_marker_dag.py took 0.091 seconds
[2021-03-08 12:17:21,739] {scheduler_job.py:182} INFO - Started process (PID=2709) to work on /Users/garymarmon/PycharmProjects/AWTY-Limitless/DataServerContainer/env/lib/python3.8/site-packages/airflow/example_dags/example_external_task_marker_dag.py
[2021-03-08 12:17:21,740] {scheduler_job.py:629} INFO - Processing file /Users/garymarmon/PycharmProjects/AWTY-Limitless/DataServerContainer/env/lib/python3.8/site-packages/airflow/example_dags/example_external_task_marker_dag.py for tasks to queue
[2021-03-08 12:17:21,740] {logging_mixin.py:104} INFO - [2021-03-08 12:17:21,740] {dagbag.py:448} INFO - Filling up the DagBag from /Users/garymarmon/PycharmProjects/AWTY-Limitless/DataServerContainer/env/lib/python3.8/site-packages/airflow/example_dags/example_external_task_marker_dag.py
[2021-03-08 12:17:21,748] {scheduler_job.py:639} INFO - DAG(s) dict_keys(['example_external_task_marker_parent', 'example_external_task_marker_child']) retrieved from /Users/garymarmon/PycharmProjects/AWTY-Limitless/DataServerContainer/env/lib/python3.8/site-packages/airflow/example_dags/example_external_task_marker_dag.py
[2021-03-08 12:17:21,789] {logging_mixin.py:104} INFO - [2021-03-08 12:17:21,789] {dag.py:1818} INFO - Sync 2 DAGs
[2021-03-08 12:17:21,798] {logging_mixin.py:104} INFO - [2021-03-08 12:17:21,798] {dag.py:2273} INFO - Setting next_dagrun for example_external_task_marker_child to None
[2021-03-08 12:17:21,798] {logging_mixin.py:104} INFO - [2021-03-08 12:17:21,798] {dag.py:2273} INFO - Setting next_dagrun for example_external_task_marker_parent to None
[2021-03-08 12:17:21,807] {scheduler_job.py:190} INFO - Processing /Users/garymarmon/PycharmProjects/AWTY-Limitless/DataServerContainer/env/lib/python3.8/site-packages/airflow/example_dags/example_external_task_marker_dag.py took 0.069 seconds
[2021-03-08 12:18:49,378] {scheduler_job.py:182} INFO - Started process (PID=2821) to work on /Users/garymarmon/PycharmProjects/AWTY-Limitless/DataServerContainer/env/lib/python3.8/site-packages/airflow/example_dags/example_external_task_marker_dag.py
[2021-03-08 12:18:49,379] {scheduler_job.py:629} INFO - Processing file /Users/garymarmon/PycharmProjects/AWTY-Limitless/DataServerContainer/env/lib/python3.8/site-packages/airflow/example_dags/example_external_task_marker_dag.py for tasks to queue
[2021-03-08 12:18:49,380] {logging_mixin.py:104} INFO - [2021-03-08 12:18:49,380] {dagbag.py:448} INFO - Filling up the DagBag from /Users/garymarmon/PycharmProjects/AWTY-Limitless/DataServerContainer/env/lib/python3.8/site-packages/airflow/example_dags/example_external_task_marker_dag.py
[2021-03-08 12:18:49,390] {scheduler_job.py:639} INFO - DAG(s) dict_keys(['example_external_task_marker_parent', 'example_external_task_marker_child']) retrieved from /Users/garymarmon/PycharmProjects/AWTY-Limitless/DataServerContainer/env/lib/python3.8/site-packages/airflow/example_dags/example_external_task_marker_dag.py
[2021-03-08 12:18:49,447] {logging_mixin.py:104} INFO - [2021-03-08 12:18:49,446] {dag.py:1818} INFO - Sync 2 DAGs
[2021-03-08 12:18:49,460] {logging_mixin.py:104} INFO - [2021-03-08 12:18:49,460] {dag.py:2273} INFO - Setting next_dagrun for example_external_task_marker_child to None
[2021-03-08 12:18:49,461] {logging_mixin.py:104} INFO - [2021-03-08 12:18:49,461] {dag.py:2273} INFO - Setting next_dagrun for example_external_task_marker_parent to None
[2021-03-08 12:18:49,479] {scheduler_job.py:190} INFO - Processing /Users/garymarmon/PycharmProjects/AWTY-Limitless/DataServerContainer/env/lib/python3.8/site-packages/airflow/example_dags/example_external_task_marker_dag.py took 0.102 seconds
[2021-03-08 12:20:25,390] {scheduler_job.py:182} INFO - Started process (PID=2934) to work on /Users/garymarmon/PycharmProjects/AWTY-Limitless/DataServerContainer/env/lib/python3.8/site-packages/airflow/example_dags/example_external_task_marker_dag.py
[2021-03-08 12:20:25,390] {scheduler_job.py:629} INFO - Processing file /Users/garymarmon/PycharmProjects/AWTY-Limitless/DataServerContainer/env/lib/python3.8/site-packages/airflow/example_dags/example_external_task_marker_dag.py for tasks to queue
[2021-03-08 12:20:25,391] {logging_mixin.py:104} INFO - [2021-03-08 12:20:25,391] {dagbag.py:448} INFO - Filling up the DagBag from /Users/garymarmon/PycharmProjects/AWTY-Limitless/DataServerContainer/env/lib/python3.8/site-packages/airflow/example_dags/example_external_task_marker_dag.py
[2021-03-08 12:20:25,399] {scheduler_job.py:639} INFO - DAG(s) dict_keys(['example_external_task_marker_parent', 'example_external_task_marker_child']) retrieved from /Users/garymarmon/PycharmProjects/AWTY-Limitless/DataServerContainer/env/lib/python3.8/site-packages/airflow/example_dags/example_external_task_marker_dag.py
[2021-03-08 12:20:25,447] {logging_mixin.py:104} INFO - [2021-03-08 12:20:25,447] {dag.py:1818} INFO - Sync 2 DAGs
[2021-03-08 12:20:25,456] {logging_mixin.py:104} INFO - [2021-03-08 12:20:25,455] {dag.py:2273} INFO - Setting next_dagrun for example_external_task_marker_child to None
[2021-03-08 12:20:25,456] {logging_mixin.py:104} INFO - [2021-03-08 12:20:25,456] {dag.py:2273} INFO - Setting next_dagrun for example_external_task_marker_parent to None
[2021-03-08 12:20:25,466] {scheduler_job.py:190} INFO - Processing /Users/garymarmon/PycharmProjects/AWTY-Limitless/DataServerContainer/env/lib/python3.8/site-packages/airflow/example_dags/example_external_task_marker_dag.py took 0.077 seconds
[2021-03-08 12:21:35,654] {scheduler_job.py:182} INFO - Started process (PID=3028) to work on /Users/garymarmon/PycharmProjects/AWTY-Limitless/DataServerContainer/env/lib/python3.8/site-packages/airflow/example_dags/example_external_task_marker_dag.py
[2021-03-08 12:21:35,654] {scheduler_job.py:629} INFO - Processing file /Users/garymarmon/PycharmProjects/AWTY-Limitless/DataServerContainer/env/lib/python3.8/site-packages/airflow/example_dags/example_external_task_marker_dag.py for tasks to queue
[2021-03-08 12:21:35,657] {logging_mixin.py:104} INFO - [2021-03-08 12:21:35,657] {dagbag.py:448} INFO - Filling up the DagBag from /Users/garymarmon/PycharmProjects/AWTY-Limitless/DataServerContainer/env/lib/python3.8/site-packages/airflow/example_dags/example_external_task_marker_dag.py
[2021-03-08 12:21:35,665] {scheduler_job.py:639} INFO - DAG(s) dict_keys(['example_external_task_marker_parent', 'example_external_task_marker_child']) retrieved from /Users/garymarmon/PycharmProjects/AWTY-Limitless/DataServerContainer/env/lib/python3.8/site-packages/airflow/example_dags/example_external_task_marker_dag.py
[2021-03-08 12:21:35,702] {logging_mixin.py:104} INFO - [2021-03-08 12:21:35,702] {dag.py:1818} INFO - Sync 2 DAGs
[2021-03-08 12:21:35,710] {logging_mixin.py:104} INFO - [2021-03-08 12:21:35,710] {dag.py:2273} INFO - Setting next_dagrun for example_external_task_marker_child to None
[2021-03-08 12:21:35,711] {logging_mixin.py:104} INFO - [2021-03-08 12:21:35,711] {dag.py:2273} INFO - Setting next_dagrun for example_external_task_marker_parent to None
[2021-03-08 12:21:35,720] {scheduler_job.py:190} INFO - Processing /Users/garymarmon/PycharmProjects/AWTY-Limitless/DataServerContainer/env/lib/python3.8/site-packages/airflow/example_dags/example_external_task_marker_dag.py took 0.067 seconds
[2021-03-08 12:22:44,351] {scheduler_job.py:182} INFO - Started process (PID=3117) to work on /Users/garymarmon/PycharmProjects/AWTY-Limitless/DataServerContainer/env/lib/python3.8/site-packages/airflow/example_dags/example_external_task_marker_dag.py
[2021-03-08 12:22:44,351] {scheduler_job.py:629} INFO - Processing file /Users/garymarmon/PycharmProjects/AWTY-Limitless/DataServerContainer/env/lib/python3.8/site-packages/airflow/example_dags/example_external_task_marker_dag.py for tasks to queue
[2021-03-08 12:22:44,352] {logging_mixin.py:104} INFO - [2021-03-08 12:22:44,352] {dagbag.py:448} INFO - Filling up the DagBag from /Users/garymarmon/PycharmProjects/AWTY-Limitless/DataServerContainer/env/lib/python3.8/site-packages/airflow/example_dags/example_external_task_marker_dag.py
[2021-03-08 12:22:44,360] {scheduler_job.py:639} INFO - DAG(s) dict_keys(['example_external_task_marker_parent', 'example_external_task_marker_child']) retrieved from /Users/garymarmon/PycharmProjects/AWTY-Limitless/DataServerContainer/env/lib/python3.8/site-packages/airflow/example_dags/example_external_task_marker_dag.py
[2021-03-08 12:22:44,399] {logging_mixin.py:104} INFO - [2021-03-08 12:22:44,398] {dag.py:1818} INFO - Sync 2 DAGs
[2021-03-08 12:22:44,407] {logging_mixin.py:104} INFO - [2021-03-08 12:22:44,407] {dag.py:2273} INFO - Setting next_dagrun for example_external_task_marker_child to None
[2021-03-08 12:22:44,407] {logging_mixin.py:104} INFO - [2021-03-08 12:22:44,407] {dag.py:2273} INFO - Setting next_dagrun for example_external_task_marker_parent to None
[2021-03-08 12:22:44,416] {scheduler_job.py:190} INFO - Processing /Users/garymarmon/PycharmProjects/AWTY-Limitless/DataServerContainer/env/lib/python3.8/site-packages/airflow/example_dags/example_external_task_marker_dag.py took 0.066 seconds
[2021-03-08 12:23:45,832] {scheduler_job.py:182} INFO - Started process (PID=3186) to work on /Users/garymarmon/PycharmProjects/AWTY-Limitless/DataServerContainer/env/lib/python3.8/site-packages/airflow/example_dags/example_external_task_marker_dag.py
[2021-03-08 12:23:45,832] {scheduler_job.py:629} INFO - Processing file /Users/garymarmon/PycharmProjects/AWTY-Limitless/DataServerContainer/env/lib/python3.8/site-packages/airflow/example_dags/example_external_task_marker_dag.py for tasks to queue
[2021-03-08 12:23:45,833] {logging_mixin.py:104} INFO - [2021-03-08 12:23:45,833] {dagbag.py:448} INFO - Filling up the DagBag from /Users/garymarmon/PycharmProjects/AWTY-Limitless/DataServerContainer/env/lib/python3.8/site-packages/airflow/example_dags/example_external_task_marker_dag.py
[2021-03-08 12:23:45,841] {scheduler_job.py:639} INFO - DAG(s) dict_keys(['example_external_task_marker_parent', 'example_external_task_marker_child']) retrieved from /Users/garymarmon/PycharmProjects/AWTY-Limitless/DataServerContainer/env/lib/python3.8/site-packages/airflow/example_dags/example_external_task_marker_dag.py
[2021-03-08 12:23:45,880] {logging_mixin.py:104} INFO - [2021-03-08 12:23:45,880] {dag.py:1818} INFO - Sync 2 DAGs
[2021-03-08 12:23:45,887] {logging_mixin.py:104} INFO - [2021-03-08 12:23:45,887] {dag.py:2273} INFO - Setting next_dagrun for example_external_task_marker_child to None
[2021-03-08 12:23:45,887] {logging_mixin.py:104} INFO - [2021-03-08 12:23:45,887] {dag.py:2273} INFO - Setting next_dagrun for example_external_task_marker_parent to None
[2021-03-08 12:23:45,895] {scheduler_job.py:190} INFO - Processing /Users/garymarmon/PycharmProjects/AWTY-Limitless/DataServerContainer/env/lib/python3.8/site-packages/airflow/example_dags/example_external_task_marker_dag.py took 0.064 seconds
[2021-03-08 12:24:43,971] {scheduler_job.py:182} INFO - Started process (PID=3259) to work on /Users/garymarmon/PycharmProjects/AWTY-Limitless/DataServerContainer/env/lib/python3.8/site-packages/airflow/example_dags/example_external_task_marker_dag.py
[2021-03-08 12:24:43,972] {scheduler_job.py:629} INFO - Processing file /Users/garymarmon/PycharmProjects/AWTY-Limitless/DataServerContainer/env/lib/python3.8/site-packages/airflow/example_dags/example_external_task_marker_dag.py for tasks to queue
[2021-03-08 12:24:43,972] {logging_mixin.py:104} INFO - [2021-03-08 12:24:43,972] {dagbag.py:448} INFO - Filling up the DagBag from /Users/garymarmon/PycharmProjects/AWTY-Limitless/DataServerContainer/env/lib/python3.8/site-packages/airflow/example_dags/example_external_task_marker_dag.py
[2021-03-08 12:24:43,980] {scheduler_job.py:639} INFO - DAG(s) dict_keys(['example_external_task_marker_parent', 'example_external_task_marker_child']) retrieved from /Users/garymarmon/PycharmProjects/AWTY-Limitless/DataServerContainer/env/lib/python3.8/site-packages/airflow/example_dags/example_external_task_marker_dag.py
[2021-03-08 12:24:44,017] {logging_mixin.py:104} INFO - [2021-03-08 12:24:44,017] {dag.py:1818} INFO - Sync 2 DAGs
[2021-03-08 12:24:44,024] {logging_mixin.py:104} INFO - [2021-03-08 12:24:44,024] {dag.py:2273} INFO - Setting next_dagrun for example_external_task_marker_child to None
[2021-03-08 12:24:44,025] {logging_mixin.py:104} INFO - [2021-03-08 12:24:44,025] {dag.py:2273} INFO - Setting next_dagrun for example_external_task_marker_parent to None
[2021-03-08 12:24:44,033] {scheduler_job.py:190} INFO - Processing /Users/garymarmon/PycharmProjects/AWTY-Limitless/DataServerContainer/env/lib/python3.8/site-packages/airflow/example_dags/example_external_task_marker_dag.py took 0.062 seconds
[2021-03-08 12:25:57,635] {scheduler_job.py:182} INFO - Started process (PID=3391) to work on /Users/garymarmon/PycharmProjects/AWTY-Limitless/DataServerContainer/env/lib/python3.8/site-packages/airflow/example_dags/example_external_task_marker_dag.py
[2021-03-08 12:25:57,637] {scheduler_job.py:629} INFO - Processing file /Users/garymarmon/PycharmProjects/AWTY-Limitless/DataServerContainer/env/lib/python3.8/site-packages/airflow/example_dags/example_external_task_marker_dag.py for tasks to queue
[2021-03-08 12:25:57,638] {logging_mixin.py:104} INFO - [2021-03-08 12:25:57,638] {dagbag.py:448} INFO - Filling up the DagBag from /Users/garymarmon/PycharmProjects/AWTY-Limitless/DataServerContainer/env/lib/python3.8/site-packages/airflow/example_dags/example_external_task_marker_dag.py
[2021-03-08 12:25:57,648] {scheduler_job.py:639} INFO - DAG(s) dict_keys(['example_external_task_marker_parent', 'example_external_task_marker_child']) retrieved from /Users/garymarmon/PycharmProjects/AWTY-Limitless/DataServerContainer/env/lib/python3.8/site-packages/airflow/example_dags/example_external_task_marker_dag.py
[2021-03-08 12:25:57,698] {logging_mixin.py:104} INFO - [2021-03-08 12:25:57,698] {dag.py:1818} INFO - Sync 2 DAGs
[2021-03-08 12:25:57,710] {logging_mixin.py:104} INFO - [2021-03-08 12:25:57,710] {dag.py:2273} INFO - Setting next_dagrun for example_external_task_marker_child to None
[2021-03-08 12:25:57,710] {logging_mixin.py:104} INFO - [2021-03-08 12:25:57,710] {dag.py:2273} INFO - Setting next_dagrun for example_external_task_marker_parent to None
[2021-03-08 12:25:57,721] {scheduler_job.py:190} INFO - Processing /Users/garymarmon/PycharmProjects/AWTY-Limitless/DataServerContainer/env/lib/python3.8/site-packages/airflow/example_dags/example_external_task_marker_dag.py took 0.086 seconds
[2021-03-08 12:27:23,239] {scheduler_job.py:182} INFO - Started process (PID=3634) to work on /Users/garymarmon/PycharmProjects/AWTY-Limitless/DataServerContainer/env/lib/python3.8/site-packages/airflow/example_dags/example_external_task_marker_dag.py
[2021-03-08 12:27:23,239] {scheduler_job.py:629} INFO - Processing file /Users/garymarmon/PycharmProjects/AWTY-Limitless/DataServerContainer/env/lib/python3.8/site-packages/airflow/example_dags/example_external_task_marker_dag.py for tasks to queue
[2021-03-08 12:27:23,240] {logging_mixin.py:104} INFO - [2021-03-08 12:27:23,240] {dagbag.py:448} INFO - Filling up the DagBag from /Users/garymarmon/PycharmProjects/AWTY-Limitless/DataServerContainer/env/lib/python3.8/site-packages/airflow/example_dags/example_external_task_marker_dag.py
[2021-03-08 12:27:23,247] {scheduler_job.py:639} INFO - DAG(s) dict_keys(['example_external_task_marker_parent', 'example_external_task_marker_child']) retrieved from /Users/garymarmon/PycharmProjects/AWTY-Limitless/DataServerContainer/env/lib/python3.8/site-packages/airflow/example_dags/example_external_task_marker_dag.py
[2021-03-08 12:27:23,283] {logging_mixin.py:104} INFO - [2021-03-08 12:27:23,283] {dag.py:1818} INFO - Sync 2 DAGs
[2021-03-08 12:27:23,292] {logging_mixin.py:104} INFO - [2021-03-08 12:27:23,292] {dag.py:2273} INFO - Setting next_dagrun for example_external_task_marker_child to None
[2021-03-08 12:27:23,293] {logging_mixin.py:104} INFO - [2021-03-08 12:27:23,293] {dag.py:2273} INFO - Setting next_dagrun for example_external_task_marker_parent to None
[2021-03-08 12:27:23,303] {scheduler_job.py:190} INFO - Processing /Users/garymarmon/PycharmProjects/AWTY-Limitless/DataServerContainer/env/lib/python3.8/site-packages/airflow/example_dags/example_external_task_marker_dag.py took 0.065 seconds
[2021-03-08 12:28:15,313] {scheduler_job.py:182} INFO - Started process (PID=3705) to work on /Users/garymarmon/PycharmProjects/AWTY-Limitless/DataServerContainer/env/lib/python3.8/site-packages/airflow/example_dags/example_external_task_marker_dag.py
[2021-03-08 12:28:15,313] {scheduler_job.py:629} INFO - Processing file /Users/garymarmon/PycharmProjects/AWTY-Limitless/DataServerContainer/env/lib/python3.8/site-packages/airflow/example_dags/example_external_task_marker_dag.py for tasks to queue
[2021-03-08 12:28:15,314] {logging_mixin.py:104} INFO - [2021-03-08 12:28:15,314] {dagbag.py:448} INFO - Filling up the DagBag from /Users/garymarmon/PycharmProjects/AWTY-Limitless/DataServerContainer/env/lib/python3.8/site-packages/airflow/example_dags/example_external_task_marker_dag.py
[2021-03-08 12:28:15,321] {scheduler_job.py:639} INFO - DAG(s) dict_keys(['example_external_task_marker_parent', 'example_external_task_marker_child']) retrieved from /Users/garymarmon/PycharmProjects/AWTY-Limitless/DataServerContainer/env/lib/python3.8/site-packages/airflow/example_dags/example_external_task_marker_dag.py
[2021-03-08 12:28:15,360] {logging_mixin.py:104} INFO - [2021-03-08 12:28:15,360] {dag.py:1818} INFO - Sync 2 DAGs
[2021-03-08 12:28:15,368] {logging_mixin.py:104} INFO - [2021-03-08 12:28:15,368] {dag.py:2273} INFO - Setting next_dagrun for example_external_task_marker_child to None
[2021-03-08 12:28:15,368] {logging_mixin.py:104} INFO - [2021-03-08 12:28:15,368] {dag.py:2273} INFO - Setting next_dagrun for example_external_task_marker_parent to None
[2021-03-08 12:28:15,377] {scheduler_job.py:190} INFO - Processing /Users/garymarmon/PycharmProjects/AWTY-Limitless/DataServerContainer/env/lib/python3.8/site-packages/airflow/example_dags/example_external_task_marker_dag.py took 0.065 seconds
[2021-03-08 12:29:11,328] {scheduler_job.py:182} INFO - Started process (PID=3769) to work on /Users/garymarmon/PycharmProjects/AWTY-Limitless/DataServerContainer/env/lib/python3.8/site-packages/airflow/example_dags/example_external_task_marker_dag.py
[2021-03-08 12:29:11,328] {scheduler_job.py:629} INFO - Processing file /Users/garymarmon/PycharmProjects/AWTY-Limitless/DataServerContainer/env/lib/python3.8/site-packages/airflow/example_dags/example_external_task_marker_dag.py for tasks to queue
[2021-03-08 12:29:11,329] {logging_mixin.py:104} INFO - [2021-03-08 12:29:11,329] {dagbag.py:448} INFO - Filling up the DagBag from /Users/garymarmon/PycharmProjects/AWTY-Limitless/DataServerContainer/env/lib/python3.8/site-packages/airflow/example_dags/example_external_task_marker_dag.py
[2021-03-08 12:29:11,336] {scheduler_job.py:639} INFO - DAG(s) dict_keys(['example_external_task_marker_parent', 'example_external_task_marker_child']) retrieved from /Users/garymarmon/PycharmProjects/AWTY-Limitless/DataServerContainer/env/lib/python3.8/site-packages/airflow/example_dags/example_external_task_marker_dag.py
[2021-03-08 12:29:11,375] {logging_mixin.py:104} INFO - [2021-03-08 12:29:11,375] {dag.py:1818} INFO - Sync 2 DAGs
[2021-03-08 12:29:11,382] {logging_mixin.py:104} INFO - [2021-03-08 12:29:11,382] {dag.py:2273} INFO - Setting next_dagrun for example_external_task_marker_child to None
[2021-03-08 12:29:11,383] {logging_mixin.py:104} INFO - [2021-03-08 12:29:11,383] {dag.py:2273} INFO - Setting next_dagrun for example_external_task_marker_parent to None
[2021-03-08 12:29:11,392] {scheduler_job.py:190} INFO - Processing /Users/garymarmon/PycharmProjects/AWTY-Limitless/DataServerContainer/env/lib/python3.8/site-packages/airflow/example_dags/example_external_task_marker_dag.py took 0.065 seconds
[2021-03-08 12:30:11,409] {scheduler_job.py:182} INFO - Started process (PID=3839) to work on /Users/garymarmon/PycharmProjects/AWTY-Limitless/DataServerContainer/env/lib/python3.8/site-packages/airflow/example_dags/example_external_task_marker_dag.py
[2021-03-08 12:30:11,411] {scheduler_job.py:629} INFO - Processing file /Users/garymarmon/PycharmProjects/AWTY-Limitless/DataServerContainer/env/lib/python3.8/site-packages/airflow/example_dags/example_external_task_marker_dag.py for tasks to queue
[2021-03-08 12:30:11,412] {logging_mixin.py:104} INFO - [2021-03-08 12:30:11,412] {dagbag.py:448} INFO - Filling up the DagBag from /Users/garymarmon/PycharmProjects/AWTY-Limitless/DataServerContainer/env/lib/python3.8/site-packages/airflow/example_dags/example_external_task_marker_dag.py
[2021-03-08 12:30:11,427] {scheduler_job.py:639} INFO - DAG(s) dict_keys(['example_external_task_marker_parent', 'example_external_task_marker_child']) retrieved from /Users/garymarmon/PycharmProjects/AWTY-Limitless/DataServerContainer/env/lib/python3.8/site-packages/airflow/example_dags/example_external_task_marker_dag.py
[2021-03-08 12:30:11,474] {logging_mixin.py:104} INFO - [2021-03-08 12:30:11,473] {dag.py:1818} INFO - Sync 2 DAGs
[2021-03-08 12:30:11,484] {logging_mixin.py:104} INFO - [2021-03-08 12:30:11,484] {dag.py:2273} INFO - Setting next_dagrun for example_external_task_marker_child to None
[2021-03-08 12:30:11,485] {logging_mixin.py:104} INFO - [2021-03-08 12:30:11,485] {dag.py:2273} INFO - Setting next_dagrun for example_external_task_marker_parent to None
[2021-03-08 12:30:11,494] {scheduler_job.py:190} INFO - Processing /Users/garymarmon/PycharmProjects/AWTY-Limitless/DataServerContainer/env/lib/python3.8/site-packages/airflow/example_dags/example_external_task_marker_dag.py took 0.087 seconds
[2021-03-08 12:31:29,077] {scheduler_job.py:182} INFO - Started process (PID=3925) to work on /Users/garymarmon/PycharmProjects/AWTY-Limitless/DataServerContainer/env/lib/python3.8/site-packages/airflow/example_dags/example_external_task_marker_dag.py
[2021-03-08 12:31:29,077] {scheduler_job.py:629} INFO - Processing file /Users/garymarmon/PycharmProjects/AWTY-Limitless/DataServerContainer/env/lib/python3.8/site-packages/airflow/example_dags/example_external_task_marker_dag.py for tasks to queue
[2021-03-08 12:31:29,078] {logging_mixin.py:104} INFO - [2021-03-08 12:31:29,078] {dagbag.py:448} INFO - Filling up the DagBag from /Users/garymarmon/PycharmProjects/AWTY-Limitless/DataServerContainer/env/lib/python3.8/site-packages/airflow/example_dags/example_external_task_marker_dag.py
[2021-03-08 12:31:29,088] {scheduler_job.py:639} INFO - DAG(s) dict_keys(['example_external_task_marker_parent', 'example_external_task_marker_child']) retrieved from /Users/garymarmon/PycharmProjects/AWTY-Limitless/DataServerContainer/env/lib/python3.8/site-packages/airflow/example_dags/example_external_task_marker_dag.py
[2021-03-08 12:31:29,131] {logging_mixin.py:104} INFO - [2021-03-08 12:31:29,131] {dag.py:1818} INFO - Sync 2 DAGs
[2021-03-08 12:31:29,140] {logging_mixin.py:104} INFO - [2021-03-08 12:31:29,140] {dag.py:2273} INFO - Setting next_dagrun for example_external_task_marker_child to None
[2021-03-08 12:31:29,140] {logging_mixin.py:104} INFO - [2021-03-08 12:31:29,140] {dag.py:2273} INFO - Setting next_dagrun for example_external_task_marker_parent to None
[2021-03-08 12:31:29,146] {scheduler_job.py:190} INFO - Processing /Users/garymarmon/PycharmProjects/AWTY-Limitless/DataServerContainer/env/lib/python3.8/site-packages/airflow/example_dags/example_external_task_marker_dag.py took 0.071 seconds
[2021-03-08 12:32:41,135] {scheduler_job.py:182} INFO - Started process (PID=4008) to work on /Users/garymarmon/PycharmProjects/AWTY-Limitless/DataServerContainer/env/lib/python3.8/site-packages/airflow/example_dags/example_external_task_marker_dag.py
[2021-03-08 12:32:41,136] {scheduler_job.py:629} INFO - Processing file /Users/garymarmon/PycharmProjects/AWTY-Limitless/DataServerContainer/env/lib/python3.8/site-packages/airflow/example_dags/example_external_task_marker_dag.py for tasks to queue
[2021-03-08 12:32:41,136] {logging_mixin.py:104} INFO - [2021-03-08 12:32:41,136] {dagbag.py:448} INFO - Filling up the DagBag from /Users/garymarmon/PycharmProjects/AWTY-Limitless/DataServerContainer/env/lib/python3.8/site-packages/airflow/example_dags/example_external_task_marker_dag.py
[2021-03-08 12:32:41,145] {scheduler_job.py:639} INFO - DAG(s) dict_keys(['example_external_task_marker_parent', 'example_external_task_marker_child']) retrieved from /Users/garymarmon/PycharmProjects/AWTY-Limitless/DataServerContainer/env/lib/python3.8/site-packages/airflow/example_dags/example_external_task_marker_dag.py
[2021-03-08 12:32:41,184] {logging_mixin.py:104} INFO - [2021-03-08 12:32:41,184] {dag.py:1818} INFO - Sync 2 DAGs
[2021-03-08 12:32:41,191] {logging_mixin.py:104} INFO - [2021-03-08 12:32:41,191] {dag.py:2273} INFO - Setting next_dagrun for example_external_task_marker_child to None
[2021-03-08 12:32:41,192] {logging_mixin.py:104} INFO - [2021-03-08 12:32:41,192] {dag.py:2273} INFO - Setting next_dagrun for example_external_task_marker_parent to None
[2021-03-08 12:32:41,201] {scheduler_job.py:190} INFO - Processing /Users/garymarmon/PycharmProjects/AWTY-Limitless/DataServerContainer/env/lib/python3.8/site-packages/airflow/example_dags/example_external_task_marker_dag.py took 0.066 seconds
[2021-03-08 12:33:45,372] {scheduler_job.py:182} INFO - Started process (PID=4081) to work on /Users/garymarmon/PycharmProjects/AWTY-Limitless/DataServerContainer/env/lib/python3.8/site-packages/airflow/example_dags/example_external_task_marker_dag.py
[2021-03-08 12:33:45,373] {scheduler_job.py:629} INFO - Processing file /Users/garymarmon/PycharmProjects/AWTY-Limitless/DataServerContainer/env/lib/python3.8/site-packages/airflow/example_dags/example_external_task_marker_dag.py for tasks to queue
[2021-03-08 12:33:45,373] {logging_mixin.py:104} INFO - [2021-03-08 12:33:45,373] {dagbag.py:448} INFO - Filling up the DagBag from /Users/garymarmon/PycharmProjects/AWTY-Limitless/DataServerContainer/env/lib/python3.8/site-packages/airflow/example_dags/example_external_task_marker_dag.py
[2021-03-08 12:33:45,383] {scheduler_job.py:639} INFO - DAG(s) dict_keys(['example_external_task_marker_parent', 'example_external_task_marker_child']) retrieved from /Users/garymarmon/PycharmProjects/AWTY-Limitless/DataServerContainer/env/lib/python3.8/site-packages/airflow/example_dags/example_external_task_marker_dag.py
[2021-03-08 12:33:45,428] {logging_mixin.py:104} INFO - [2021-03-08 12:33:45,428] {dag.py:1818} INFO - Sync 2 DAGs
[2021-03-08 12:33:45,437] {logging_mixin.py:104} INFO - [2021-03-08 12:33:45,437] {dag.py:2273} INFO - Setting next_dagrun for example_external_task_marker_child to None
[2021-03-08 12:33:45,437] {logging_mixin.py:104} INFO - [2021-03-08 12:33:45,437] {dag.py:2273} INFO - Setting next_dagrun for example_external_task_marker_parent to None
[2021-03-08 12:33:45,448] {scheduler_job.py:190} INFO - Processing /Users/garymarmon/PycharmProjects/AWTY-Limitless/DataServerContainer/env/lib/python3.8/site-packages/airflow/example_dags/example_external_task_marker_dag.py took 0.077 seconds
[2021-03-08 12:34:54,315] {scheduler_job.py:182} INFO - Started process (PID=4162) to work on /Users/garymarmon/PycharmProjects/AWTY-Limitless/DataServerContainer/env/lib/python3.8/site-packages/airflow/example_dags/example_external_task_marker_dag.py
[2021-03-08 12:34:54,316] {scheduler_job.py:629} INFO - Processing file /Users/garymarmon/PycharmProjects/AWTY-Limitless/DataServerContainer/env/lib/python3.8/site-packages/airflow/example_dags/example_external_task_marker_dag.py for tasks to queue
[2021-03-08 12:34:54,316] {logging_mixin.py:104} INFO - [2021-03-08 12:34:54,316] {dagbag.py:448} INFO - Filling up the DagBag from /Users/garymarmon/PycharmProjects/AWTY-Limitless/DataServerContainer/env/lib/python3.8/site-packages/airflow/example_dags/example_external_task_marker_dag.py
[2021-03-08 12:34:54,326] {scheduler_job.py:639} INFO - DAG(s) dict_keys(['example_external_task_marker_parent', 'example_external_task_marker_child']) retrieved from /Users/garymarmon/PycharmProjects/AWTY-Limitless/DataServerContainer/env/lib/python3.8/site-packages/airflow/example_dags/example_external_task_marker_dag.py
[2021-03-08 12:34:54,369] {logging_mixin.py:104} INFO - [2021-03-08 12:34:54,369] {dag.py:1818} INFO - Sync 2 DAGs
[2021-03-08 12:34:54,378] {logging_mixin.py:104} INFO - [2021-03-08 12:34:54,378] {dag.py:2273} INFO - Setting next_dagrun for example_external_task_marker_child to None
[2021-03-08 12:34:54,378] {logging_mixin.py:104} INFO - [2021-03-08 12:34:54,378] {dag.py:2273} INFO - Setting next_dagrun for example_external_task_marker_parent to None
[2021-03-08 12:34:54,387] {scheduler_job.py:190} INFO - Processing /Users/garymarmon/PycharmProjects/AWTY-Limitless/DataServerContainer/env/lib/python3.8/site-packages/airflow/example_dags/example_external_task_marker_dag.py took 0.073 seconds
[2021-03-08 12:36:02,304] {scheduler_job.py:182} INFO - Started process (PID=4239) to work on /Users/garymarmon/PycharmProjects/AWTY-Limitless/DataServerContainer/env/lib/python3.8/site-packages/airflow/example_dags/example_external_task_marker_dag.py
[2021-03-08 12:36:02,305] {scheduler_job.py:629} INFO - Processing file /Users/garymarmon/PycharmProjects/AWTY-Limitless/DataServerContainer/env/lib/python3.8/site-packages/airflow/example_dags/example_external_task_marker_dag.py for tasks to queue
[2021-03-08 12:36:02,306] {logging_mixin.py:104} INFO - [2021-03-08 12:36:02,306] {dagbag.py:448} INFO - Filling up the DagBag from /Users/garymarmon/PycharmProjects/AWTY-Limitless/DataServerContainer/env/lib/python3.8/site-packages/airflow/example_dags/example_external_task_marker_dag.py
[2021-03-08 12:36:02,320] {scheduler_job.py:639} INFO - DAG(s) dict_keys(['example_external_task_marker_parent', 'example_external_task_marker_child']) retrieved from /Users/garymarmon/PycharmProjects/AWTY-Limitless/DataServerContainer/env/lib/python3.8/site-packages/airflow/example_dags/example_external_task_marker_dag.py
[2021-03-08 12:36:02,400] {logging_mixin.py:104} INFO - [2021-03-08 12:36:02,399] {dag.py:1818} INFO - Sync 2 DAGs
[2021-03-08 12:36:02,417] {logging_mixin.py:104} INFO - [2021-03-08 12:36:02,417] {dag.py:2273} INFO - Setting next_dagrun for example_external_task_marker_child to None
[2021-03-08 12:36:02,418] {logging_mixin.py:104} INFO - [2021-03-08 12:36:02,418] {dag.py:2273} INFO - Setting next_dagrun for example_external_task_marker_parent to None
[2021-03-08 12:36:02,439] {scheduler_job.py:190} INFO - Processing /Users/garymarmon/PycharmProjects/AWTY-Limitless/DataServerContainer/env/lib/python3.8/site-packages/airflow/example_dags/example_external_task_marker_dag.py took 0.138 seconds
[2021-03-08 12:37:13,797] {scheduler_job.py:182} INFO - Started process (PID=4339) to work on /Users/garymarmon/PycharmProjects/AWTY-Limitless/DataServerContainer/env/lib/python3.8/site-packages/airflow/example_dags/example_external_task_marker_dag.py
[2021-03-08 12:37:13,797] {scheduler_job.py:629} INFO - Processing file /Users/garymarmon/PycharmProjects/AWTY-Limitless/DataServerContainer/env/lib/python3.8/site-packages/airflow/example_dags/example_external_task_marker_dag.py for tasks to queue
[2021-03-08 12:37:13,798] {logging_mixin.py:104} INFO - [2021-03-08 12:37:13,798] {dagbag.py:448} INFO - Filling up the DagBag from /Users/garymarmon/PycharmProjects/AWTY-Limitless/DataServerContainer/env/lib/python3.8/site-packages/airflow/example_dags/example_external_task_marker_dag.py
[2021-03-08 12:37:13,805] {scheduler_job.py:639} INFO - DAG(s) dict_keys(['example_external_task_marker_parent', 'example_external_task_marker_child']) retrieved from /Users/garymarmon/PycharmProjects/AWTY-Limitless/DataServerContainer/env/lib/python3.8/site-packages/airflow/example_dags/example_external_task_marker_dag.py
[2021-03-08 12:37:13,842] {logging_mixin.py:104} INFO - [2021-03-08 12:37:13,842] {dag.py:1818} INFO - Sync 2 DAGs
[2021-03-08 12:37:13,849] {logging_mixin.py:104} INFO - [2021-03-08 12:37:13,849] {dag.py:2273} INFO - Setting next_dagrun for example_external_task_marker_child to None
[2021-03-08 12:37:13,849] {logging_mixin.py:104} INFO - [2021-03-08 12:37:13,849] {dag.py:2273} INFO - Setting next_dagrun for example_external_task_marker_parent to None
[2021-03-08 12:37:13,858] {scheduler_job.py:190} INFO - Processing /Users/garymarmon/PycharmProjects/AWTY-Limitless/DataServerContainer/env/lib/python3.8/site-packages/airflow/example_dags/example_external_task_marker_dag.py took 0.062 seconds
