[2021-03-08 12:14:14,500] {scheduler_job.py:182} INFO - Started process (PID=2477) to work on /Users/garymarmon/PycharmProjects/AWTY-Limitless/DataServerContainer/env/lib/python3.8/site-packages/airflow/example_dags/example_kubernetes_executor.py
[2021-03-08 12:14:14,500] {scheduler_job.py:629} INFO - Processing file /Users/garymarmon/PycharmProjects/AWTY-Limitless/DataServerContainer/env/lib/python3.8/site-packages/airflow/example_dags/example_kubernetes_executor.py for tasks to queue
[2021-03-08 12:14:14,501] {logging_mixin.py:104} INFO - [2021-03-08 12:14:14,501] {dagbag.py:448} INFO - Filling up the DagBag from /Users/garymarmon/PycharmProjects/AWTY-Limitless/DataServerContainer/env/lib/python3.8/site-packages/airflow/example_dags/example_kubernetes_executor.py
[2021-03-08 12:14:14,511] {scheduler_job.py:639} INFO - DAG(s) dict_keys(['example_kubernetes_executor']) retrieved from /Users/garymarmon/PycharmProjects/AWTY-Limitless/DataServerContainer/env/lib/python3.8/site-packages/airflow/example_dags/example_kubernetes_executor.py
[2021-03-08 12:14:14,545] {logging_mixin.py:104} INFO - [2021-03-08 12:14:14,545] {dag.py:1818} INFO - Sync 1 DAGs
[2021-03-08 12:14:14,552] {logging_mixin.py:104} INFO - [2021-03-08 12:14:14,552] {dag.py:2273} INFO - Setting next_dagrun for example_kubernetes_executor to None
[2021-03-08 12:14:14,560] {scheduler_job.py:190} INFO - Processing /Users/garymarmon/PycharmProjects/AWTY-Limitless/DataServerContainer/env/lib/python3.8/site-packages/airflow/example_dags/example_kubernetes_executor.py took 0.061 seconds
[2021-03-08 12:15:13,597] {scheduler_job.py:182} INFO - Started process (PID=2551) to work on /Users/garymarmon/PycharmProjects/AWTY-Limitless/DataServerContainer/env/lib/python3.8/site-packages/airflow/example_dags/example_kubernetes_executor.py
[2021-03-08 12:15:13,598] {scheduler_job.py:629} INFO - Processing file /Users/garymarmon/PycharmProjects/AWTY-Limitless/DataServerContainer/env/lib/python3.8/site-packages/airflow/example_dags/example_kubernetes_executor.py for tasks to queue
[2021-03-08 12:15:13,598] {logging_mixin.py:104} INFO - [2021-03-08 12:15:13,598] {dagbag.py:448} INFO - Filling up the DagBag from /Users/garymarmon/PycharmProjects/AWTY-Limitless/DataServerContainer/env/lib/python3.8/site-packages/airflow/example_dags/example_kubernetes_executor.py
[2021-03-08 12:15:13,607] {scheduler_job.py:639} INFO - DAG(s) dict_keys(['example_kubernetes_executor']) retrieved from /Users/garymarmon/PycharmProjects/AWTY-Limitless/DataServerContainer/env/lib/python3.8/site-packages/airflow/example_dags/example_kubernetes_executor.py
[2021-03-08 12:15:13,646] {logging_mixin.py:104} INFO - [2021-03-08 12:15:13,646] {dag.py:1818} INFO - Sync 1 DAGs
[2021-03-08 12:15:13,653] {logging_mixin.py:104} INFO - [2021-03-08 12:15:13,653] {dag.py:2273} INFO - Setting next_dagrun for example_kubernetes_executor to None
[2021-03-08 12:15:13,662] {scheduler_job.py:190} INFO - Processing /Users/garymarmon/PycharmProjects/AWTY-Limitless/DataServerContainer/env/lib/python3.8/site-packages/airflow/example_dags/example_kubernetes_executor.py took 0.066 seconds
[2021-03-08 12:16:13,266] {scheduler_job.py:182} INFO - Started process (PID=2620) to work on /Users/garymarmon/PycharmProjects/AWTY-Limitless/DataServerContainer/env/lib/python3.8/site-packages/airflow/example_dags/example_kubernetes_executor.py
[2021-03-08 12:16:13,267] {scheduler_job.py:629} INFO - Processing file /Users/garymarmon/PycharmProjects/AWTY-Limitless/DataServerContainer/env/lib/python3.8/site-packages/airflow/example_dags/example_kubernetes_executor.py for tasks to queue
[2021-03-08 12:16:13,267] {logging_mixin.py:104} INFO - [2021-03-08 12:16:13,267] {dagbag.py:448} INFO - Filling up the DagBag from /Users/garymarmon/PycharmProjects/AWTY-Limitless/DataServerContainer/env/lib/python3.8/site-packages/airflow/example_dags/example_kubernetes_executor.py
[2021-03-08 12:16:13,277] {scheduler_job.py:639} INFO - DAG(s) dict_keys(['example_kubernetes_executor']) retrieved from /Users/garymarmon/PycharmProjects/AWTY-Limitless/DataServerContainer/env/lib/python3.8/site-packages/airflow/example_dags/example_kubernetes_executor.py
[2021-03-08 12:16:13,314] {logging_mixin.py:104} INFO - [2021-03-08 12:16:13,314] {dag.py:1818} INFO - Sync 1 DAGs
[2021-03-08 12:16:13,321] {logging_mixin.py:104} INFO - [2021-03-08 12:16:13,321] {dag.py:2273} INFO - Setting next_dagrun for example_kubernetes_executor to None
[2021-03-08 12:16:13,330] {scheduler_job.py:190} INFO - Processing /Users/garymarmon/PycharmProjects/AWTY-Limitless/DataServerContainer/env/lib/python3.8/site-packages/airflow/example_dags/example_kubernetes_executor.py took 0.065 seconds
