[2021-03-08 12:10:54,846] {scheduler_job.py:182} INFO - Started process (PID=2304) to work on /Users/garymarmon/PycharmProjects/AWTY-Limitless/DataServerContainer/env/lib/python3.8/site-packages/airflow/example_dags/example_subdag_operator.py
[2021-03-08 12:10:54,847] {scheduler_job.py:629} INFO - Processing file /Users/garymarmon/PycharmProjects/AWTY-Limitless/DataServerContainer/env/lib/python3.8/site-packages/airflow/example_dags/example_subdag_operator.py for tasks to queue
[2021-03-08 12:10:54,848] {logging_mixin.py:104} INFO - [2021-03-08 12:10:54,848] {dagbag.py:448} INFO - Filling up the DagBag from /Users/garymarmon/PycharmProjects/AWTY-Limitless/DataServerContainer/env/lib/python3.8/site-packages/airflow/example_dags/example_subdag_operator.py
[2021-03-08 12:10:54,967] {scheduler_job.py:639} INFO - DAG(s) dict_keys(['example_subdag_operator.section-1', 'example_subdag_operator.section-2', 'example_subdag_operator']) retrieved from /Users/garymarmon/PycharmProjects/AWTY-Limitless/DataServerContainer/env/lib/python3.8/site-packages/airflow/example_dags/example_subdag_operator.py
[2021-03-08 12:10:54,983] {logging_mixin.py:104} INFO - [2021-03-08 12:10:54,983] {dag.py:1818} INFO - Sync 3 DAGs
[2021-03-08 12:10:55,000] {logging_mixin.py:104} INFO - [2021-03-08 12:10:55,000] {dag.py:2273} INFO - Setting next_dagrun for example_subdag_operator to 2021-03-06 00:00:00+00:00
[2021-03-08 12:10:55,001] {logging_mixin.py:104} INFO - [2021-03-08 12:10:55,001] {dag.py:2273} INFO - Setting next_dagrun for example_subdag_operator.section-1 to None
[2021-03-08 12:10:55,001] {logging_mixin.py:104} INFO - [2021-03-08 12:10:55,001] {dag.py:2273} INFO - Setting next_dagrun for example_subdag_operator.section-2 to None
[2021-03-08 12:10:55,010] {logging_mixin.py:104} INFO - [2021-03-08 12:10:55,010] {dag.py:1818} INFO - Sync 2 DAGs
[2021-03-08 12:10:55,021] {logging_mixin.py:104} INFO - [2021-03-08 12:10:55,020] {dag.py:2273} INFO - Setting next_dagrun for example_subdag_operator.section-1 to None
[2021-03-08 12:10:55,021] {logging_mixin.py:104} INFO - [2021-03-08 12:10:55,021] {dag.py:2273} INFO - Setting next_dagrun for example_subdag_operator.section-2 to None
[2021-03-08 12:10:55,030] {scheduler_job.py:190} INFO - Processing /Users/garymarmon/PycharmProjects/AWTY-Limitless/DataServerContainer/env/lib/python3.8/site-packages/airflow/example_dags/example_subdag_operator.py took 0.187 seconds
[2021-03-08 12:14:07,992] {scheduler_job.py:182} INFO - Started process (PID=2469) to work on /Users/garymarmon/PycharmProjects/AWTY-Limitless/DataServerContainer/env/lib/python3.8/site-packages/airflow/example_dags/example_subdag_operator.py
[2021-03-08 12:14:07,992] {scheduler_job.py:629} INFO - Processing file /Users/garymarmon/PycharmProjects/AWTY-Limitless/DataServerContainer/env/lib/python3.8/site-packages/airflow/example_dags/example_subdag_operator.py for tasks to queue
[2021-03-08 12:14:07,993] {logging_mixin.py:104} INFO - [2021-03-08 12:14:07,993] {dagbag.py:448} INFO - Filling up the DagBag from /Users/garymarmon/PycharmProjects/AWTY-Limitless/DataServerContainer/env/lib/python3.8/site-packages/airflow/example_dags/example_subdag_operator.py
[2021-03-08 12:14:08,034] {scheduler_job.py:639} INFO - DAG(s) dict_keys(['example_subdag_operator.section-1', 'example_subdag_operator.section-2', 'example_subdag_operator']) retrieved from /Users/garymarmon/PycharmProjects/AWTY-Limitless/DataServerContainer/env/lib/python3.8/site-packages/airflow/example_dags/example_subdag_operator.py
[2021-03-08 12:14:08,042] {logging_mixin.py:104} INFO - [2021-03-08 12:14:08,041] {dag.py:1818} INFO - Sync 3 DAGs
[2021-03-08 12:14:08,049] {logging_mixin.py:104} INFO - [2021-03-08 12:14:08,049] {dag.py:2273} INFO - Setting next_dagrun for example_subdag_operator to 2021-03-06 00:00:00+00:00
[2021-03-08 12:14:08,050] {logging_mixin.py:104} INFO - [2021-03-08 12:14:08,049] {dag.py:2273} INFO - Setting next_dagrun for example_subdag_operator.section-1 to None
[2021-03-08 12:14:08,050] {logging_mixin.py:104} INFO - [2021-03-08 12:14:08,050] {dag.py:2273} INFO - Setting next_dagrun for example_subdag_operator.section-2 to None
[2021-03-08 12:14:08,053] {logging_mixin.py:104} INFO - [2021-03-08 12:14:08,053] {dag.py:1818} INFO - Sync 2 DAGs
[2021-03-08 12:14:08,058] {logging_mixin.py:104} INFO - [2021-03-08 12:14:08,058] {dag.py:2273} INFO - Setting next_dagrun for example_subdag_operator.section-1 to None
[2021-03-08 12:14:08,058] {logging_mixin.py:104} INFO - [2021-03-08 12:14:08,058] {dag.py:2273} INFO - Setting next_dagrun for example_subdag_operator.section-2 to None
[2021-03-08 12:14:08,063] {scheduler_job.py:190} INFO - Processing /Users/garymarmon/PycharmProjects/AWTY-Limitless/DataServerContainer/env/lib/python3.8/site-packages/airflow/example_dags/example_subdag_operator.py took 0.072 seconds
[2021-03-08 12:15:09,277] {scheduler_job.py:182} INFO - Started process (PID=2545) to work on /Users/garymarmon/PycharmProjects/AWTY-Limitless/DataServerContainer/env/lib/python3.8/site-packages/airflow/example_dags/example_subdag_operator.py
[2021-03-08 12:15:09,277] {scheduler_job.py:629} INFO - Processing file /Users/garymarmon/PycharmProjects/AWTY-Limitless/DataServerContainer/env/lib/python3.8/site-packages/airflow/example_dags/example_subdag_operator.py for tasks to queue
[2021-03-08 12:15:09,278] {logging_mixin.py:104} INFO - [2021-03-08 12:15:09,278] {dagbag.py:448} INFO - Filling up the DagBag from /Users/garymarmon/PycharmProjects/AWTY-Limitless/DataServerContainer/env/lib/python3.8/site-packages/airflow/example_dags/example_subdag_operator.py
[2021-03-08 12:15:09,329] {scheduler_job.py:639} INFO - DAG(s) dict_keys(['example_subdag_operator.section-1', 'example_subdag_operator.section-2', 'example_subdag_operator']) retrieved from /Users/garymarmon/PycharmProjects/AWTY-Limitless/DataServerContainer/env/lib/python3.8/site-packages/airflow/example_dags/example_subdag_operator.py
[2021-03-08 12:15:09,339] {logging_mixin.py:104} INFO - [2021-03-08 12:15:09,339] {dag.py:1818} INFO - Sync 3 DAGs
[2021-03-08 12:15:09,349] {logging_mixin.py:104} INFO - [2021-03-08 12:15:09,349] {dag.py:2273} INFO - Setting next_dagrun for example_subdag_operator to 2021-03-06 00:00:00+00:00
[2021-03-08 12:15:09,350] {logging_mixin.py:104} INFO - [2021-03-08 12:15:09,350] {dag.py:2273} INFO - Setting next_dagrun for example_subdag_operator.section-1 to None
[2021-03-08 12:15:09,350] {logging_mixin.py:104} INFO - [2021-03-08 12:15:09,350] {dag.py:2273} INFO - Setting next_dagrun for example_subdag_operator.section-2 to None
[2021-03-08 12:15:09,354] {logging_mixin.py:104} INFO - [2021-03-08 12:15:09,354] {dag.py:1818} INFO - Sync 2 DAGs
[2021-03-08 12:15:09,361] {logging_mixin.py:104} INFO - [2021-03-08 12:15:09,361] {dag.py:2273} INFO - Setting next_dagrun for example_subdag_operator.section-1 to None
[2021-03-08 12:15:09,361] {logging_mixin.py:104} INFO - [2021-03-08 12:15:09,361] {dag.py:2273} INFO - Setting next_dagrun for example_subdag_operator.section-2 to None
[2021-03-08 12:15:09,365] {scheduler_job.py:190} INFO - Processing /Users/garymarmon/PycharmProjects/AWTY-Limitless/DataServerContainer/env/lib/python3.8/site-packages/airflow/example_dags/example_subdag_operator.py took 0.089 seconds
[2021-03-08 12:16:09,285] {scheduler_job.py:182} INFO - Started process (PID=2614) to work on /Users/garymarmon/PycharmProjects/AWTY-Limitless/DataServerContainer/env/lib/python3.8/site-packages/airflow/example_dags/example_subdag_operator.py
[2021-03-08 12:16:09,286] {scheduler_job.py:629} INFO - Processing file /Users/garymarmon/PycharmProjects/AWTY-Limitless/DataServerContainer/env/lib/python3.8/site-packages/airflow/example_dags/example_subdag_operator.py for tasks to queue
[2021-03-08 12:16:09,286] {logging_mixin.py:104} INFO - [2021-03-08 12:16:09,286] {dagbag.py:448} INFO - Filling up the DagBag from /Users/garymarmon/PycharmProjects/AWTY-Limitless/DataServerContainer/env/lib/python3.8/site-packages/airflow/example_dags/example_subdag_operator.py
[2021-03-08 12:16:09,334] {scheduler_job.py:639} INFO - DAG(s) dict_keys(['example_subdag_operator.section-1', 'example_subdag_operator.section-2', 'example_subdag_operator']) retrieved from /Users/garymarmon/PycharmProjects/AWTY-Limitless/DataServerContainer/env/lib/python3.8/site-packages/airflow/example_dags/example_subdag_operator.py
[2021-03-08 12:16:09,342] {logging_mixin.py:104} INFO - [2021-03-08 12:16:09,342] {dag.py:1818} INFO - Sync 3 DAGs
[2021-03-08 12:16:09,350] {logging_mixin.py:104} INFO - [2021-03-08 12:16:09,350] {dag.py:2273} INFO - Setting next_dagrun for example_subdag_operator to 2021-03-06 00:00:00+00:00
[2021-03-08 12:16:09,351] {logging_mixin.py:104} INFO - [2021-03-08 12:16:09,351] {dag.py:2273} INFO - Setting next_dagrun for example_subdag_operator.section-1 to None
[2021-03-08 12:16:09,351] {logging_mixin.py:104} INFO - [2021-03-08 12:16:09,351] {dag.py:2273} INFO - Setting next_dagrun for example_subdag_operator.section-2 to None
[2021-03-08 12:16:09,354] {logging_mixin.py:104} INFO - [2021-03-08 12:16:09,354] {dag.py:1818} INFO - Sync 2 DAGs
[2021-03-08 12:16:09,359] {logging_mixin.py:104} INFO - [2021-03-08 12:16:09,359] {dag.py:2273} INFO - Setting next_dagrun for example_subdag_operator.section-1 to None
[2021-03-08 12:16:09,359] {logging_mixin.py:104} INFO - [2021-03-08 12:16:09,359] {dag.py:2273} INFO - Setting next_dagrun for example_subdag_operator.section-2 to None
[2021-03-08 12:16:09,363] {scheduler_job.py:190} INFO - Processing /Users/garymarmon/PycharmProjects/AWTY-Limitless/DataServerContainer/env/lib/python3.8/site-packages/airflow/example_dags/example_subdag_operator.py took 0.079 seconds
[2021-03-08 12:17:09,946] {scheduler_job.py:182} INFO - Started process (PID=2690) to work on /Users/garymarmon/PycharmProjects/AWTY-Limitless/DataServerContainer/env/lib/python3.8/site-packages/airflow/example_dags/example_subdag_operator.py
[2021-03-08 12:17:09,947] {scheduler_job.py:629} INFO - Processing file /Users/garymarmon/PycharmProjects/AWTY-Limitless/DataServerContainer/env/lib/python3.8/site-packages/airflow/example_dags/example_subdag_operator.py for tasks to queue
[2021-03-08 12:17:09,947] {logging_mixin.py:104} INFO - [2021-03-08 12:17:09,947] {dagbag.py:448} INFO - Filling up the DagBag from /Users/garymarmon/PycharmProjects/AWTY-Limitless/DataServerContainer/env/lib/python3.8/site-packages/airflow/example_dags/example_subdag_operator.py
[2021-03-08 12:17:09,994] {scheduler_job.py:639} INFO - DAG(s) dict_keys(['example_subdag_operator.section-1', 'example_subdag_operator.section-2', 'example_subdag_operator']) retrieved from /Users/garymarmon/PycharmProjects/AWTY-Limitless/DataServerContainer/env/lib/python3.8/site-packages/airflow/example_dags/example_subdag_operator.py
[2021-03-08 12:17:10,002] {logging_mixin.py:104} INFO - [2021-03-08 12:17:10,002] {dag.py:1818} INFO - Sync 3 DAGs
[2021-03-08 12:17:10,013] {logging_mixin.py:104} INFO - [2021-03-08 12:17:10,013] {dag.py:2273} INFO - Setting next_dagrun for example_subdag_operator to 2021-03-06 00:00:00+00:00
[2021-03-08 12:17:10,013] {logging_mixin.py:104} INFO - [2021-03-08 12:17:10,013] {dag.py:2273} INFO - Setting next_dagrun for example_subdag_operator.section-1 to None
[2021-03-08 12:17:10,014] {logging_mixin.py:104} INFO - [2021-03-08 12:17:10,014] {dag.py:2273} INFO - Setting next_dagrun for example_subdag_operator.section-2 to None
[2021-03-08 12:17:10,019] {logging_mixin.py:104} INFO - [2021-03-08 12:17:10,019] {dag.py:1818} INFO - Sync 2 DAGs
[2021-03-08 12:17:10,025] {logging_mixin.py:104} INFO - [2021-03-08 12:17:10,025] {dag.py:2273} INFO - Setting next_dagrun for example_subdag_operator.section-1 to None
[2021-03-08 12:17:10,026] {logging_mixin.py:104} INFO - [2021-03-08 12:17:10,026] {dag.py:2273} INFO - Setting next_dagrun for example_subdag_operator.section-2 to None
[2021-03-08 12:17:10,030] {scheduler_job.py:190} INFO - Processing /Users/garymarmon/PycharmProjects/AWTY-Limitless/DataServerContainer/env/lib/python3.8/site-packages/airflow/example_dags/example_subdag_operator.py took 0.085 seconds
[2021-03-08 12:18:24,547] {scheduler_job.py:182} INFO - Started process (PID=2792) to work on /Users/garymarmon/PycharmProjects/AWTY-Limitless/DataServerContainer/env/lib/python3.8/site-packages/airflow/example_dags/example_subdag_operator.py
[2021-03-08 12:18:24,547] {scheduler_job.py:629} INFO - Processing file /Users/garymarmon/PycharmProjects/AWTY-Limitless/DataServerContainer/env/lib/python3.8/site-packages/airflow/example_dags/example_subdag_operator.py for tasks to queue
[2021-03-08 12:18:24,548] {logging_mixin.py:104} INFO - [2021-03-08 12:18:24,548] {dagbag.py:448} INFO - Filling up the DagBag from /Users/garymarmon/PycharmProjects/AWTY-Limitless/DataServerContainer/env/lib/python3.8/site-packages/airflow/example_dags/example_subdag_operator.py
[2021-03-08 12:18:24,598] {scheduler_job.py:639} INFO - DAG(s) dict_keys(['example_subdag_operator.section-1', 'example_subdag_operator.section-2', 'example_subdag_operator']) retrieved from /Users/garymarmon/PycharmProjects/AWTY-Limitless/DataServerContainer/env/lib/python3.8/site-packages/airflow/example_dags/example_subdag_operator.py
[2021-03-08 12:18:24,607] {logging_mixin.py:104} INFO - [2021-03-08 12:18:24,607] {dag.py:1818} INFO - Sync 3 DAGs
[2021-03-08 12:18:24,616] {logging_mixin.py:104} INFO - [2021-03-08 12:18:24,616] {dag.py:2273} INFO - Setting next_dagrun for example_subdag_operator to 2021-03-06 00:00:00+00:00
[2021-03-08 12:18:24,616] {logging_mixin.py:104} INFO - [2021-03-08 12:18:24,616] {dag.py:2273} INFO - Setting next_dagrun for example_subdag_operator.section-1 to None
[2021-03-08 12:18:24,616] {logging_mixin.py:104} INFO - [2021-03-08 12:18:24,616] {dag.py:2273} INFO - Setting next_dagrun for example_subdag_operator.section-2 to None
[2021-03-08 12:18:24,620] {logging_mixin.py:104} INFO - [2021-03-08 12:18:24,620] {dag.py:1818} INFO - Sync 2 DAGs
[2021-03-08 12:18:24,627] {logging_mixin.py:104} INFO - [2021-03-08 12:18:24,627] {dag.py:2273} INFO - Setting next_dagrun for example_subdag_operator.section-1 to None
[2021-03-08 12:18:24,627] {logging_mixin.py:104} INFO - [2021-03-08 12:18:24,627] {dag.py:2273} INFO - Setting next_dagrun for example_subdag_operator.section-2 to None
[2021-03-08 12:18:24,631] {scheduler_job.py:190} INFO - Processing /Users/garymarmon/PycharmProjects/AWTY-Limitless/DataServerContainer/env/lib/python3.8/site-packages/airflow/example_dags/example_subdag_operator.py took 0.086 seconds
[2021-03-08 12:19:54,185] {scheduler_job.py:182} INFO - Started process (PID=2901) to work on /Users/garymarmon/PycharmProjects/AWTY-Limitless/DataServerContainer/env/lib/python3.8/site-packages/airflow/example_dags/example_subdag_operator.py
[2021-03-08 12:19:54,186] {scheduler_job.py:629} INFO - Processing file /Users/garymarmon/PycharmProjects/AWTY-Limitless/DataServerContainer/env/lib/python3.8/site-packages/airflow/example_dags/example_subdag_operator.py for tasks to queue
[2021-03-08 12:19:54,187] {logging_mixin.py:104} INFO - [2021-03-08 12:19:54,187] {dagbag.py:448} INFO - Filling up the DagBag from /Users/garymarmon/PycharmProjects/AWTY-Limitless/DataServerContainer/env/lib/python3.8/site-packages/airflow/example_dags/example_subdag_operator.py
[2021-03-08 12:19:54,256] {scheduler_job.py:639} INFO - DAG(s) dict_keys(['example_subdag_operator.section-1', 'example_subdag_operator.section-2', 'example_subdag_operator']) retrieved from /Users/garymarmon/PycharmProjects/AWTY-Limitless/DataServerContainer/env/lib/python3.8/site-packages/airflow/example_dags/example_subdag_operator.py
[2021-03-08 12:19:54,270] {logging_mixin.py:104} INFO - [2021-03-08 12:19:54,270] {dag.py:1818} INFO - Sync 3 DAGs
[2021-03-08 12:19:54,282] {logging_mixin.py:104} INFO - [2021-03-08 12:19:54,282] {dag.py:2273} INFO - Setting next_dagrun for example_subdag_operator to 2021-03-06 00:00:00+00:00
[2021-03-08 12:19:54,282] {logging_mixin.py:104} INFO - [2021-03-08 12:19:54,282] {dag.py:2273} INFO - Setting next_dagrun for example_subdag_operator.section-1 to None
[2021-03-08 12:19:54,283] {logging_mixin.py:104} INFO - [2021-03-08 12:19:54,283] {dag.py:2273} INFO - Setting next_dagrun for example_subdag_operator.section-2 to None
[2021-03-08 12:19:54,288] {logging_mixin.py:104} INFO - [2021-03-08 12:19:54,288] {dag.py:1818} INFO - Sync 2 DAGs
[2021-03-08 12:19:54,296] {logging_mixin.py:104} INFO - [2021-03-08 12:19:54,296] {dag.py:2273} INFO - Setting next_dagrun for example_subdag_operator.section-1 to None
[2021-03-08 12:19:54,296] {logging_mixin.py:104} INFO - [2021-03-08 12:19:54,296] {dag.py:2273} INFO - Setting next_dagrun for example_subdag_operator.section-2 to None
[2021-03-08 12:19:54,303] {scheduler_job.py:190} INFO - Processing /Users/garymarmon/PycharmProjects/AWTY-Limitless/DataServerContainer/env/lib/python3.8/site-packages/airflow/example_dags/example_subdag_operator.py took 0.119 seconds
[2021-03-08 12:21:10,721] {scheduler_job.py:182} INFO - Started process (PID=2991) to work on /Users/garymarmon/PycharmProjects/AWTY-Limitless/DataServerContainer/env/lib/python3.8/site-packages/airflow/example_dags/example_subdag_operator.py
[2021-03-08 12:21:10,722] {scheduler_job.py:629} INFO - Processing file /Users/garymarmon/PycharmProjects/AWTY-Limitless/DataServerContainer/env/lib/python3.8/site-packages/airflow/example_dags/example_subdag_operator.py for tasks to queue
[2021-03-08 12:21:10,722] {logging_mixin.py:104} INFO - [2021-03-08 12:21:10,722] {dagbag.py:448} INFO - Filling up the DagBag from /Users/garymarmon/PycharmProjects/AWTY-Limitless/DataServerContainer/env/lib/python3.8/site-packages/airflow/example_dags/example_subdag_operator.py
[2021-03-08 12:21:10,784] {scheduler_job.py:639} INFO - DAG(s) dict_keys(['example_subdag_operator.section-1', 'example_subdag_operator.section-2', 'example_subdag_operator']) retrieved from /Users/garymarmon/PycharmProjects/AWTY-Limitless/DataServerContainer/env/lib/python3.8/site-packages/airflow/example_dags/example_subdag_operator.py
[2021-03-08 12:21:10,797] {logging_mixin.py:104} INFO - [2021-03-08 12:21:10,796] {dag.py:1818} INFO - Sync 3 DAGs
[2021-03-08 12:21:10,810] {logging_mixin.py:104} INFO - [2021-03-08 12:21:10,810] {dag.py:2273} INFO - Setting next_dagrun for example_subdag_operator to 2021-03-06 00:00:00+00:00
[2021-03-08 12:21:10,811] {logging_mixin.py:104} INFO - [2021-03-08 12:21:10,811] {dag.py:2273} INFO - Setting next_dagrun for example_subdag_operator.section-1 to None
[2021-03-08 12:21:10,811] {logging_mixin.py:104} INFO - [2021-03-08 12:21:10,811] {dag.py:2273} INFO - Setting next_dagrun for example_subdag_operator.section-2 to None
[2021-03-08 12:21:10,817] {logging_mixin.py:104} INFO - [2021-03-08 12:21:10,817] {dag.py:1818} INFO - Sync 2 DAGs
[2021-03-08 12:21:10,825] {logging_mixin.py:104} INFO - [2021-03-08 12:21:10,825] {dag.py:2273} INFO - Setting next_dagrun for example_subdag_operator.section-1 to None
[2021-03-08 12:21:10,825] {logging_mixin.py:104} INFO - [2021-03-08 12:21:10,825] {dag.py:2273} INFO - Setting next_dagrun for example_subdag_operator.section-2 to None
[2021-03-08 12:21:10,831] {scheduler_job.py:190} INFO - Processing /Users/garymarmon/PycharmProjects/AWTY-Limitless/DataServerContainer/env/lib/python3.8/site-packages/airflow/example_dags/example_subdag_operator.py took 0.111 seconds
[2021-03-08 12:22:23,025] {scheduler_job.py:182} INFO - Started process (PID=3089) to work on /Users/garymarmon/PycharmProjects/AWTY-Limitless/DataServerContainer/env/lib/python3.8/site-packages/airflow/example_dags/example_subdag_operator.py
[2021-03-08 12:22:23,026] {scheduler_job.py:629} INFO - Processing file /Users/garymarmon/PycharmProjects/AWTY-Limitless/DataServerContainer/env/lib/python3.8/site-packages/airflow/example_dags/example_subdag_operator.py for tasks to queue
[2021-03-08 12:22:23,026] {logging_mixin.py:104} INFO - [2021-03-08 12:22:23,026] {dagbag.py:448} INFO - Filling up the DagBag from /Users/garymarmon/PycharmProjects/AWTY-Limitless/DataServerContainer/env/lib/python3.8/site-packages/airflow/example_dags/example_subdag_operator.py
[2021-03-08 12:22:23,079] {scheduler_job.py:639} INFO - DAG(s) dict_keys(['example_subdag_operator.section-1', 'example_subdag_operator.section-2', 'example_subdag_operator']) retrieved from /Users/garymarmon/PycharmProjects/AWTY-Limitless/DataServerContainer/env/lib/python3.8/site-packages/airflow/example_dags/example_subdag_operator.py
[2021-03-08 12:22:23,087] {logging_mixin.py:104} INFO - [2021-03-08 12:22:23,087] {dag.py:1818} INFO - Sync 3 DAGs
[2021-03-08 12:22:23,097] {logging_mixin.py:104} INFO - [2021-03-08 12:22:23,096] {dag.py:2273} INFO - Setting next_dagrun for example_subdag_operator to 2021-03-06 00:00:00+00:00
[2021-03-08 12:22:23,097] {logging_mixin.py:104} INFO - [2021-03-08 12:22:23,097] {dag.py:2273} INFO - Setting next_dagrun for example_subdag_operator.section-1 to None
[2021-03-08 12:22:23,097] {logging_mixin.py:104} INFO - [2021-03-08 12:22:23,097] {dag.py:2273} INFO - Setting next_dagrun for example_subdag_operator.section-2 to None
[2021-03-08 12:22:23,101] {logging_mixin.py:104} INFO - [2021-03-08 12:22:23,101] {dag.py:1818} INFO - Sync 2 DAGs
[2021-03-08 12:22:23,107] {logging_mixin.py:104} INFO - [2021-03-08 12:22:23,107] {dag.py:2273} INFO - Setting next_dagrun for example_subdag_operator.section-1 to None
[2021-03-08 12:22:23,108] {logging_mixin.py:104} INFO - [2021-03-08 12:22:23,108] {dag.py:2273} INFO - Setting next_dagrun for example_subdag_operator.section-2 to None
[2021-03-08 12:22:23,112] {scheduler_job.py:190} INFO - Processing /Users/garymarmon/PycharmProjects/AWTY-Limitless/DataServerContainer/env/lib/python3.8/site-packages/airflow/example_dags/example_subdag_operator.py took 0.088 seconds
[2021-03-08 12:23:30,099] {scheduler_job.py:182} INFO - Started process (PID=3168) to work on /Users/garymarmon/PycharmProjects/AWTY-Limitless/DataServerContainer/env/lib/python3.8/site-packages/airflow/example_dags/example_subdag_operator.py
[2021-03-08 12:23:30,100] {scheduler_job.py:629} INFO - Processing file /Users/garymarmon/PycharmProjects/AWTY-Limitless/DataServerContainer/env/lib/python3.8/site-packages/airflow/example_dags/example_subdag_operator.py for tasks to queue
[2021-03-08 12:23:30,100] {logging_mixin.py:104} INFO - [2021-03-08 12:23:30,100] {dagbag.py:448} INFO - Filling up the DagBag from /Users/garymarmon/PycharmProjects/AWTY-Limitless/DataServerContainer/env/lib/python3.8/site-packages/airflow/example_dags/example_subdag_operator.py
[2021-03-08 12:23:30,145] {scheduler_job.py:639} INFO - DAG(s) dict_keys(['example_subdag_operator.section-1', 'example_subdag_operator.section-2', 'example_subdag_operator']) retrieved from /Users/garymarmon/PycharmProjects/AWTY-Limitless/DataServerContainer/env/lib/python3.8/site-packages/airflow/example_dags/example_subdag_operator.py
[2021-03-08 12:23:30,153] {logging_mixin.py:104} INFO - [2021-03-08 12:23:30,152] {dag.py:1818} INFO - Sync 3 DAGs
[2021-03-08 12:23:30,161] {logging_mixin.py:104} INFO - [2021-03-08 12:23:30,161] {dag.py:2273} INFO - Setting next_dagrun for example_subdag_operator to 2021-03-06 00:00:00+00:00
[2021-03-08 12:23:30,161] {logging_mixin.py:104} INFO - [2021-03-08 12:23:30,161] {dag.py:2273} INFO - Setting next_dagrun for example_subdag_operator.section-1 to None
[2021-03-08 12:23:30,162] {logging_mixin.py:104} INFO - [2021-03-08 12:23:30,162] {dag.py:2273} INFO - Setting next_dagrun for example_subdag_operator.section-2 to None
[2021-03-08 12:23:30,165] {logging_mixin.py:104} INFO - [2021-03-08 12:23:30,165] {dag.py:1818} INFO - Sync 2 DAGs
[2021-03-08 12:23:30,170] {logging_mixin.py:104} INFO - [2021-03-08 12:23:30,170] {dag.py:2273} INFO - Setting next_dagrun for example_subdag_operator.section-1 to None
[2021-03-08 12:23:30,170] {logging_mixin.py:104} INFO - [2021-03-08 12:23:30,170] {dag.py:2273} INFO - Setting next_dagrun for example_subdag_operator.section-2 to None
[2021-03-08 12:23:30,174] {scheduler_job.py:190} INFO - Processing /Users/garymarmon/PycharmProjects/AWTY-Limitless/DataServerContainer/env/lib/python3.8/site-packages/airflow/example_dags/example_subdag_operator.py took 0.077 seconds
[2021-03-08 12:24:30,646] {scheduler_job.py:182} INFO - Started process (PID=3240) to work on /Users/garymarmon/PycharmProjects/AWTY-Limitless/DataServerContainer/env/lib/python3.8/site-packages/airflow/example_dags/example_subdag_operator.py
[2021-03-08 12:24:30,647] {scheduler_job.py:629} INFO - Processing file /Users/garymarmon/PycharmProjects/AWTY-Limitless/DataServerContainer/env/lib/python3.8/site-packages/airflow/example_dags/example_subdag_operator.py for tasks to queue
[2021-03-08 12:24:30,647] {logging_mixin.py:104} INFO - [2021-03-08 12:24:30,647] {dagbag.py:448} INFO - Filling up the DagBag from /Users/garymarmon/PycharmProjects/AWTY-Limitless/DataServerContainer/env/lib/python3.8/site-packages/airflow/example_dags/example_subdag_operator.py
[2021-03-08 12:24:30,685] {scheduler_job.py:639} INFO - DAG(s) dict_keys(['example_subdag_operator.section-1', 'example_subdag_operator.section-2', 'example_subdag_operator']) retrieved from /Users/garymarmon/PycharmProjects/AWTY-Limitless/DataServerContainer/env/lib/python3.8/site-packages/airflow/example_dags/example_subdag_operator.py
[2021-03-08 12:24:30,692] {logging_mixin.py:104} INFO - [2021-03-08 12:24:30,692] {dag.py:1818} INFO - Sync 3 DAGs
[2021-03-08 12:24:30,699] {logging_mixin.py:104} INFO - [2021-03-08 12:24:30,699] {dag.py:2273} INFO - Setting next_dagrun for example_subdag_operator to 2021-03-06 00:00:00+00:00
[2021-03-08 12:24:30,699] {logging_mixin.py:104} INFO - [2021-03-08 12:24:30,699] {dag.py:2273} INFO - Setting next_dagrun for example_subdag_operator.section-1 to None
[2021-03-08 12:24:30,700] {logging_mixin.py:104} INFO - [2021-03-08 12:24:30,699] {dag.py:2273} INFO - Setting next_dagrun for example_subdag_operator.section-2 to None
[2021-03-08 12:24:30,703] {logging_mixin.py:104} INFO - [2021-03-08 12:24:30,703] {dag.py:1818} INFO - Sync 2 DAGs
[2021-03-08 12:24:30,707] {logging_mixin.py:104} INFO - [2021-03-08 12:24:30,707] {dag.py:2273} INFO - Setting next_dagrun for example_subdag_operator.section-1 to None
[2021-03-08 12:24:30,707] {logging_mixin.py:104} INFO - [2021-03-08 12:24:30,707] {dag.py:2273} INFO - Setting next_dagrun for example_subdag_operator.section-2 to None
[2021-03-08 12:24:30,711] {scheduler_job.py:190} INFO - Processing /Users/garymarmon/PycharmProjects/AWTY-Limitless/DataServerContainer/env/lib/python3.8/site-packages/airflow/example_dags/example_subdag_operator.py took 0.066 seconds
[2021-03-08 12:25:47,868] {scheduler_job.py:182} INFO - Started process (PID=3381) to work on /Users/garymarmon/PycharmProjects/AWTY-Limitless/DataServerContainer/env/lib/python3.8/site-packages/airflow/example_dags/example_subdag_operator.py
[2021-03-08 12:25:47,868] {scheduler_job.py:629} INFO - Processing file /Users/garymarmon/PycharmProjects/AWTY-Limitless/DataServerContainer/env/lib/python3.8/site-packages/airflow/example_dags/example_subdag_operator.py for tasks to queue
[2021-03-08 12:25:47,869] {logging_mixin.py:104} INFO - [2021-03-08 12:25:47,869] {dagbag.py:448} INFO - Filling up the DagBag from /Users/garymarmon/PycharmProjects/AWTY-Limitless/DataServerContainer/env/lib/python3.8/site-packages/airflow/example_dags/example_subdag_operator.py
[2021-03-08 12:25:47,918] {scheduler_job.py:639} INFO - DAG(s) dict_keys(['example_subdag_operator.section-1', 'example_subdag_operator.section-2', 'example_subdag_operator']) retrieved from /Users/garymarmon/PycharmProjects/AWTY-Limitless/DataServerContainer/env/lib/python3.8/site-packages/airflow/example_dags/example_subdag_operator.py
[2021-03-08 12:25:47,926] {logging_mixin.py:104} INFO - [2021-03-08 12:25:47,926] {dag.py:1818} INFO - Sync 3 DAGs
[2021-03-08 12:25:47,935] {logging_mixin.py:104} INFO - [2021-03-08 12:25:47,935] {dag.py:2273} INFO - Setting next_dagrun for example_subdag_operator to 2021-03-06 00:00:00+00:00
[2021-03-08 12:25:47,936] {logging_mixin.py:104} INFO - [2021-03-08 12:25:47,936] {dag.py:2273} INFO - Setting next_dagrun for example_subdag_operator.section-1 to None
[2021-03-08 12:25:47,936] {logging_mixin.py:104} INFO - [2021-03-08 12:25:47,936] {dag.py:2273} INFO - Setting next_dagrun for example_subdag_operator.section-2 to None
[2021-03-08 12:25:47,940] {logging_mixin.py:104} INFO - [2021-03-08 12:25:47,940] {dag.py:1818} INFO - Sync 2 DAGs
[2021-03-08 12:25:47,946] {logging_mixin.py:104} INFO - [2021-03-08 12:25:47,946] {dag.py:2273} INFO - Setting next_dagrun for example_subdag_operator.section-1 to None
[2021-03-08 12:25:47,946] {logging_mixin.py:104} INFO - [2021-03-08 12:25:47,946] {dag.py:2273} INFO - Setting next_dagrun for example_subdag_operator.section-2 to None
[2021-03-08 12:25:47,950] {scheduler_job.py:190} INFO - Processing /Users/garymarmon/PycharmProjects/AWTY-Limitless/DataServerContainer/env/lib/python3.8/site-packages/airflow/example_dags/example_subdag_operator.py took 0.084 seconds
[2021-03-08 12:27:16,365] {scheduler_job.py:182} INFO - Started process (PID=3626) to work on /Users/garymarmon/PycharmProjects/AWTY-Limitless/DataServerContainer/env/lib/python3.8/site-packages/airflow/example_dags/example_subdag_operator.py
[2021-03-08 12:27:16,365] {scheduler_job.py:629} INFO - Processing file /Users/garymarmon/PycharmProjects/AWTY-Limitless/DataServerContainer/env/lib/python3.8/site-packages/airflow/example_dags/example_subdag_operator.py for tasks to queue
[2021-03-08 12:27:16,366] {logging_mixin.py:104} INFO - [2021-03-08 12:27:16,366] {dagbag.py:448} INFO - Filling up the DagBag from /Users/garymarmon/PycharmProjects/AWTY-Limitless/DataServerContainer/env/lib/python3.8/site-packages/airflow/example_dags/example_subdag_operator.py
[2021-03-08 12:27:16,413] {scheduler_job.py:639} INFO - DAG(s) dict_keys(['example_subdag_operator.section-1', 'example_subdag_operator.section-2', 'example_subdag_operator']) retrieved from /Users/garymarmon/PycharmProjects/AWTY-Limitless/DataServerContainer/env/lib/python3.8/site-packages/airflow/example_dags/example_subdag_operator.py
[2021-03-08 12:27:16,421] {logging_mixin.py:104} INFO - [2021-03-08 12:27:16,421] {dag.py:1818} INFO - Sync 3 DAGs
[2021-03-08 12:27:16,431] {logging_mixin.py:104} INFO - [2021-03-08 12:27:16,431] {dag.py:2273} INFO - Setting next_dagrun for example_subdag_operator to 2021-03-06 00:00:00+00:00
[2021-03-08 12:27:16,431] {logging_mixin.py:104} INFO - [2021-03-08 12:27:16,431] {dag.py:2273} INFO - Setting next_dagrun for example_subdag_operator.section-1 to None
[2021-03-08 12:27:16,432] {logging_mixin.py:104} INFO - [2021-03-08 12:27:16,432] {dag.py:2273} INFO - Setting next_dagrun for example_subdag_operator.section-2 to None
[2021-03-08 12:27:16,437] {logging_mixin.py:104} INFO - [2021-03-08 12:27:16,436] {dag.py:1818} INFO - Sync 2 DAGs
[2021-03-08 12:27:16,443] {logging_mixin.py:104} INFO - [2021-03-08 12:27:16,442] {dag.py:2273} INFO - Setting next_dagrun for example_subdag_operator.section-1 to None
[2021-03-08 12:27:16,443] {logging_mixin.py:104} INFO - [2021-03-08 12:27:16,443] {dag.py:2273} INFO - Setting next_dagrun for example_subdag_operator.section-2 to None
[2021-03-08 12:27:16,448] {scheduler_job.py:190} INFO - Processing /Users/garymarmon/PycharmProjects/AWTY-Limitless/DataServerContainer/env/lib/python3.8/site-packages/airflow/example_dags/example_subdag_operator.py took 0.085 seconds
[2021-03-08 12:28:19,897] {scheduler_job.py:182} INFO - Started process (PID=3710) to work on /Users/garymarmon/PycharmProjects/AWTY-Limitless/DataServerContainer/env/lib/python3.8/site-packages/airflow/example_dags/example_subdag_operator.py
[2021-03-08 12:28:19,897] {scheduler_job.py:629} INFO - Processing file /Users/garymarmon/PycharmProjects/AWTY-Limitless/DataServerContainer/env/lib/python3.8/site-packages/airflow/example_dags/example_subdag_operator.py for tasks to queue
[2021-03-08 12:28:19,898] {logging_mixin.py:104} INFO - [2021-03-08 12:28:19,897] {dagbag.py:448} INFO - Filling up the DagBag from /Users/garymarmon/PycharmProjects/AWTY-Limitless/DataServerContainer/env/lib/python3.8/site-packages/airflow/example_dags/example_subdag_operator.py
[2021-03-08 12:28:19,945] {scheduler_job.py:639} INFO - DAG(s) dict_keys(['example_subdag_operator.section-1', 'example_subdag_operator.section-2', 'example_subdag_operator']) retrieved from /Users/garymarmon/PycharmProjects/AWTY-Limitless/DataServerContainer/env/lib/python3.8/site-packages/airflow/example_dags/example_subdag_operator.py
[2021-03-08 12:28:19,954] {logging_mixin.py:104} INFO - [2021-03-08 12:28:19,954] {dag.py:1818} INFO - Sync 3 DAGs
[2021-03-08 12:28:19,961] {logging_mixin.py:104} INFO - [2021-03-08 12:28:19,961] {dag.py:2273} INFO - Setting next_dagrun for example_subdag_operator to 2021-03-06 00:00:00+00:00
[2021-03-08 12:28:19,962] {logging_mixin.py:104} INFO - [2021-03-08 12:28:19,962] {dag.py:2273} INFO - Setting next_dagrun for example_subdag_operator.section-1 to None
[2021-03-08 12:28:19,962] {logging_mixin.py:104} INFO - [2021-03-08 12:28:19,962] {dag.py:2273} INFO - Setting next_dagrun for example_subdag_operator.section-2 to None
[2021-03-08 12:28:19,965] {logging_mixin.py:104} INFO - [2021-03-08 12:28:19,965] {dag.py:1818} INFO - Sync 2 DAGs
[2021-03-08 12:28:19,970] {logging_mixin.py:104} INFO - [2021-03-08 12:28:19,970] {dag.py:2273} INFO - Setting next_dagrun for example_subdag_operator.section-1 to None
[2021-03-08 12:28:19,971] {logging_mixin.py:104} INFO - [2021-03-08 12:28:19,971] {dag.py:2273} INFO - Setting next_dagrun for example_subdag_operator.section-2 to None
[2021-03-08 12:28:19,974] {scheduler_job.py:190} INFO - Processing /Users/garymarmon/PycharmProjects/AWTY-Limitless/DataServerContainer/env/lib/python3.8/site-packages/airflow/example_dags/example_subdag_operator.py took 0.078 seconds
[2021-03-08 12:29:15,324] {scheduler_job.py:182} INFO - Started process (PID=3775) to work on /Users/garymarmon/PycharmProjects/AWTY-Limitless/DataServerContainer/env/lib/python3.8/site-packages/airflow/example_dags/example_subdag_operator.py
[2021-03-08 12:29:15,324] {scheduler_job.py:629} INFO - Processing file /Users/garymarmon/PycharmProjects/AWTY-Limitless/DataServerContainer/env/lib/python3.8/site-packages/airflow/example_dags/example_subdag_operator.py for tasks to queue
[2021-03-08 12:29:15,325] {logging_mixin.py:104} INFO - [2021-03-08 12:29:15,325] {dagbag.py:448} INFO - Filling up the DagBag from /Users/garymarmon/PycharmProjects/AWTY-Limitless/DataServerContainer/env/lib/python3.8/site-packages/airflow/example_dags/example_subdag_operator.py
[2021-03-08 12:29:15,363] {scheduler_job.py:639} INFO - DAG(s) dict_keys(['example_subdag_operator.section-1', 'example_subdag_operator.section-2', 'example_subdag_operator']) retrieved from /Users/garymarmon/PycharmProjects/AWTY-Limitless/DataServerContainer/env/lib/python3.8/site-packages/airflow/example_dags/example_subdag_operator.py
[2021-03-08 12:29:15,371] {logging_mixin.py:104} INFO - [2021-03-08 12:29:15,371] {dag.py:1818} INFO - Sync 3 DAGs
[2021-03-08 12:29:15,378] {logging_mixin.py:104} INFO - [2021-03-08 12:29:15,378] {dag.py:2273} INFO - Setting next_dagrun for example_subdag_operator to 2021-03-06 00:00:00+00:00
[2021-03-08 12:29:15,379] {logging_mixin.py:104} INFO - [2021-03-08 12:29:15,379] {dag.py:2273} INFO - Setting next_dagrun for example_subdag_operator.section-1 to None
[2021-03-08 12:29:15,379] {logging_mixin.py:104} INFO - [2021-03-08 12:29:15,379] {dag.py:2273} INFO - Setting next_dagrun for example_subdag_operator.section-2 to None
[2021-03-08 12:29:15,382] {logging_mixin.py:104} INFO - [2021-03-08 12:29:15,382] {dag.py:1818} INFO - Sync 2 DAGs
[2021-03-08 12:29:15,387] {logging_mixin.py:104} INFO - [2021-03-08 12:29:15,387] {dag.py:2273} INFO - Setting next_dagrun for example_subdag_operator.section-1 to None
[2021-03-08 12:29:15,388] {logging_mixin.py:104} INFO - [2021-03-08 12:29:15,388] {dag.py:2273} INFO - Setting next_dagrun for example_subdag_operator.section-2 to None
[2021-03-08 12:29:15,391] {scheduler_job.py:190} INFO - Processing /Users/garymarmon/PycharmProjects/AWTY-Limitless/DataServerContainer/env/lib/python3.8/site-packages/airflow/example_dags/example_subdag_operator.py took 0.068 seconds
[2021-03-08 12:30:16,853] {scheduler_job.py:182} INFO - Started process (PID=3845) to work on /Users/garymarmon/PycharmProjects/AWTY-Limitless/DataServerContainer/env/lib/python3.8/site-packages/airflow/example_dags/example_subdag_operator.py
[2021-03-08 12:30:16,853] {scheduler_job.py:629} INFO - Processing file /Users/garymarmon/PycharmProjects/AWTY-Limitless/DataServerContainer/env/lib/python3.8/site-packages/airflow/example_dags/example_subdag_operator.py for tasks to queue
[2021-03-08 12:30:16,854] {logging_mixin.py:104} INFO - [2021-03-08 12:30:16,853] {dagbag.py:448} INFO - Filling up the DagBag from /Users/garymarmon/PycharmProjects/AWTY-Limitless/DataServerContainer/env/lib/python3.8/site-packages/airflow/example_dags/example_subdag_operator.py
[2021-03-08 12:30:16,905] {scheduler_job.py:639} INFO - DAG(s) dict_keys(['example_subdag_operator.section-1', 'example_subdag_operator.section-2', 'example_subdag_operator']) retrieved from /Users/garymarmon/PycharmProjects/AWTY-Limitless/DataServerContainer/env/lib/python3.8/site-packages/airflow/example_dags/example_subdag_operator.py
[2021-03-08 12:30:16,914] {logging_mixin.py:104} INFO - [2021-03-08 12:30:16,914] {dag.py:1818} INFO - Sync 3 DAGs
[2021-03-08 12:30:16,924] {logging_mixin.py:104} INFO - [2021-03-08 12:30:16,923] {dag.py:2273} INFO - Setting next_dagrun for example_subdag_operator to 2021-03-06 00:00:00+00:00
[2021-03-08 12:30:16,924] {logging_mixin.py:104} INFO - [2021-03-08 12:30:16,924] {dag.py:2273} INFO - Setting next_dagrun for example_subdag_operator.section-1 to None
[2021-03-08 12:30:16,924] {logging_mixin.py:104} INFO - [2021-03-08 12:30:16,924] {dag.py:2273} INFO - Setting next_dagrun for example_subdag_operator.section-2 to None
[2021-03-08 12:30:16,929] {logging_mixin.py:104} INFO - [2021-03-08 12:30:16,929] {dag.py:1818} INFO - Sync 2 DAGs
[2021-03-08 12:30:16,934] {logging_mixin.py:104} INFO - [2021-03-08 12:30:16,934] {dag.py:2273} INFO - Setting next_dagrun for example_subdag_operator.section-1 to None
[2021-03-08 12:30:16,935] {logging_mixin.py:104} INFO - [2021-03-08 12:30:16,935] {dag.py:2273} INFO - Setting next_dagrun for example_subdag_operator.section-2 to None
[2021-03-08 12:30:16,939] {scheduler_job.py:190} INFO - Processing /Users/garymarmon/PycharmProjects/AWTY-Limitless/DataServerContainer/env/lib/python3.8/site-packages/airflow/example_dags/example_subdag_operator.py took 0.087 seconds
[2021-03-08 12:31:34,204] {scheduler_job.py:182} INFO - Started process (PID=3930) to work on /Users/garymarmon/PycharmProjects/AWTY-Limitless/DataServerContainer/env/lib/python3.8/site-packages/airflow/example_dags/example_subdag_operator.py
[2021-03-08 12:31:34,204] {scheduler_job.py:629} INFO - Processing file /Users/garymarmon/PycharmProjects/AWTY-Limitless/DataServerContainer/env/lib/python3.8/site-packages/airflow/example_dags/example_subdag_operator.py for tasks to queue
[2021-03-08 12:31:34,205] {logging_mixin.py:104} INFO - [2021-03-08 12:31:34,205] {dagbag.py:448} INFO - Filling up the DagBag from /Users/garymarmon/PycharmProjects/AWTY-Limitless/DataServerContainer/env/lib/python3.8/site-packages/airflow/example_dags/example_subdag_operator.py
[2021-03-08 12:31:34,245] {scheduler_job.py:639} INFO - DAG(s) dict_keys(['example_subdag_operator.section-1', 'example_subdag_operator.section-2', 'example_subdag_operator']) retrieved from /Users/garymarmon/PycharmProjects/AWTY-Limitless/DataServerContainer/env/lib/python3.8/site-packages/airflow/example_dags/example_subdag_operator.py
[2021-03-08 12:31:34,252] {logging_mixin.py:104} INFO - [2021-03-08 12:31:34,252] {dag.py:1818} INFO - Sync 3 DAGs
[2021-03-08 12:31:34,258] {logging_mixin.py:104} INFO - [2021-03-08 12:31:34,258] {dag.py:2273} INFO - Setting next_dagrun for example_subdag_operator to 2021-03-06 00:00:00+00:00
[2021-03-08 12:31:34,259] {logging_mixin.py:104} INFO - [2021-03-08 12:31:34,259] {dag.py:2273} INFO - Setting next_dagrun for example_subdag_operator.section-1 to None
[2021-03-08 12:31:34,259] {logging_mixin.py:104} INFO - [2021-03-08 12:31:34,259] {dag.py:2273} INFO - Setting next_dagrun for example_subdag_operator.section-2 to None
[2021-03-08 12:31:34,262] {logging_mixin.py:104} INFO - [2021-03-08 12:31:34,262] {dag.py:1818} INFO - Sync 2 DAGs
[2021-03-08 12:31:34,266] {logging_mixin.py:104} INFO - [2021-03-08 12:31:34,266] {dag.py:2273} INFO - Setting next_dagrun for example_subdag_operator.section-1 to None
[2021-03-08 12:31:34,267] {logging_mixin.py:104} INFO - [2021-03-08 12:31:34,266] {dag.py:2273} INFO - Setting next_dagrun for example_subdag_operator.section-2 to None
[2021-03-08 12:31:34,270] {scheduler_job.py:190} INFO - Processing /Users/garymarmon/PycharmProjects/AWTY-Limitless/DataServerContainer/env/lib/python3.8/site-packages/airflow/example_dags/example_subdag_operator.py took 0.067 seconds
[2021-03-08 12:32:45,167] {scheduler_job.py:182} INFO - Started process (PID=4012) to work on /Users/garymarmon/PycharmProjects/AWTY-Limitless/DataServerContainer/env/lib/python3.8/site-packages/airflow/example_dags/example_subdag_operator.py
[2021-03-08 12:32:45,167] {scheduler_job.py:629} INFO - Processing file /Users/garymarmon/PycharmProjects/AWTY-Limitless/DataServerContainer/env/lib/python3.8/site-packages/airflow/example_dags/example_subdag_operator.py for tasks to queue
[2021-03-08 12:32:45,167] {logging_mixin.py:104} INFO - [2021-03-08 12:32:45,167] {dagbag.py:448} INFO - Filling up the DagBag from /Users/garymarmon/PycharmProjects/AWTY-Limitless/DataServerContainer/env/lib/python3.8/site-packages/airflow/example_dags/example_subdag_operator.py
[2021-03-08 12:32:45,206] {scheduler_job.py:639} INFO - DAG(s) dict_keys(['example_subdag_operator.section-1', 'example_subdag_operator.section-2', 'example_subdag_operator']) retrieved from /Users/garymarmon/PycharmProjects/AWTY-Limitless/DataServerContainer/env/lib/python3.8/site-packages/airflow/example_dags/example_subdag_operator.py
[2021-03-08 12:32:45,213] {logging_mixin.py:104} INFO - [2021-03-08 12:32:45,213] {dag.py:1818} INFO - Sync 3 DAGs
[2021-03-08 12:32:45,221] {logging_mixin.py:104} INFO - [2021-03-08 12:32:45,220] {dag.py:2273} INFO - Setting next_dagrun for example_subdag_operator to 2021-03-06 00:00:00+00:00
[2021-03-08 12:32:45,221] {logging_mixin.py:104} INFO - [2021-03-08 12:32:45,221] {dag.py:2273} INFO - Setting next_dagrun for example_subdag_operator.section-1 to None
[2021-03-08 12:32:45,221] {logging_mixin.py:104} INFO - [2021-03-08 12:32:45,221] {dag.py:2273} INFO - Setting next_dagrun for example_subdag_operator.section-2 to None
[2021-03-08 12:32:45,225] {logging_mixin.py:104} INFO - [2021-03-08 12:32:45,225] {dag.py:1818} INFO - Sync 2 DAGs
[2021-03-08 12:32:45,229] {logging_mixin.py:104} INFO - [2021-03-08 12:32:45,229] {dag.py:2273} INFO - Setting next_dagrun for example_subdag_operator.section-1 to None
[2021-03-08 12:32:45,230] {logging_mixin.py:104} INFO - [2021-03-08 12:32:45,229] {dag.py:2273} INFO - Setting next_dagrun for example_subdag_operator.section-2 to None
[2021-03-08 12:32:45,233] {scheduler_job.py:190} INFO - Processing /Users/garymarmon/PycharmProjects/AWTY-Limitless/DataServerContainer/env/lib/python3.8/site-packages/airflow/example_dags/example_subdag_operator.py took 0.067 seconds
[2021-03-08 12:33:49,579] {scheduler_job.py:182} INFO - Started process (PID=4087) to work on /Users/garymarmon/PycharmProjects/AWTY-Limitless/DataServerContainer/env/lib/python3.8/site-packages/airflow/example_dags/example_subdag_operator.py
[2021-03-08 12:33:49,579] {scheduler_job.py:629} INFO - Processing file /Users/garymarmon/PycharmProjects/AWTY-Limitless/DataServerContainer/env/lib/python3.8/site-packages/airflow/example_dags/example_subdag_operator.py for tasks to queue
[2021-03-08 12:33:49,580] {logging_mixin.py:104} INFO - [2021-03-08 12:33:49,580] {dagbag.py:448} INFO - Filling up the DagBag from /Users/garymarmon/PycharmProjects/AWTY-Limitless/DataServerContainer/env/lib/python3.8/site-packages/airflow/example_dags/example_subdag_operator.py
[2021-03-08 12:33:49,627] {scheduler_job.py:639} INFO - DAG(s) dict_keys(['example_subdag_operator.section-1', 'example_subdag_operator.section-2', 'example_subdag_operator']) retrieved from /Users/garymarmon/PycharmProjects/AWTY-Limitless/DataServerContainer/env/lib/python3.8/site-packages/airflow/example_dags/example_subdag_operator.py
[2021-03-08 12:33:49,637] {logging_mixin.py:104} INFO - [2021-03-08 12:33:49,637] {dag.py:1818} INFO - Sync 3 DAGs
[2021-03-08 12:33:49,647] {logging_mixin.py:104} INFO - [2021-03-08 12:33:49,647] {dag.py:2273} INFO - Setting next_dagrun for example_subdag_operator to 2021-03-06 00:00:00+00:00
[2021-03-08 12:33:49,648] {logging_mixin.py:104} INFO - [2021-03-08 12:33:49,648] {dag.py:2273} INFO - Setting next_dagrun for example_subdag_operator.section-1 to None
[2021-03-08 12:33:49,648] {logging_mixin.py:104} INFO - [2021-03-08 12:33:49,648] {dag.py:2273} INFO - Setting next_dagrun for example_subdag_operator.section-2 to None
[2021-03-08 12:33:49,652] {logging_mixin.py:104} INFO - [2021-03-08 12:33:49,652] {dag.py:1818} INFO - Sync 2 DAGs
[2021-03-08 12:33:49,658] {logging_mixin.py:104} INFO - [2021-03-08 12:33:49,658] {dag.py:2273} INFO - Setting next_dagrun for example_subdag_operator.section-1 to None
[2021-03-08 12:33:49,658] {logging_mixin.py:104} INFO - [2021-03-08 12:33:49,658] {dag.py:2273} INFO - Setting next_dagrun for example_subdag_operator.section-2 to None
[2021-03-08 12:33:49,662] {scheduler_job.py:190} INFO - Processing /Users/garymarmon/PycharmProjects/AWTY-Limitless/DataServerContainer/env/lib/python3.8/site-packages/airflow/example_dags/example_subdag_operator.py took 0.084 seconds
[2021-03-08 12:34:59,256] {scheduler_job.py:182} INFO - Started process (PID=4168) to work on /Users/garymarmon/PycharmProjects/AWTY-Limitless/DataServerContainer/env/lib/python3.8/site-packages/airflow/example_dags/example_subdag_operator.py
[2021-03-08 12:34:59,256] {scheduler_job.py:629} INFO - Processing file /Users/garymarmon/PycharmProjects/AWTY-Limitless/DataServerContainer/env/lib/python3.8/site-packages/airflow/example_dags/example_subdag_operator.py for tasks to queue
[2021-03-08 12:34:59,257] {logging_mixin.py:104} INFO - [2021-03-08 12:34:59,257] {dagbag.py:448} INFO - Filling up the DagBag from /Users/garymarmon/PycharmProjects/AWTY-Limitless/DataServerContainer/env/lib/python3.8/site-packages/airflow/example_dags/example_subdag_operator.py
[2021-03-08 12:34:59,297] {scheduler_job.py:639} INFO - DAG(s) dict_keys(['example_subdag_operator.section-1', 'example_subdag_operator.section-2', 'example_subdag_operator']) retrieved from /Users/garymarmon/PycharmProjects/AWTY-Limitless/DataServerContainer/env/lib/python3.8/site-packages/airflow/example_dags/example_subdag_operator.py
[2021-03-08 12:34:59,305] {logging_mixin.py:104} INFO - [2021-03-08 12:34:59,305] {dag.py:1818} INFO - Sync 3 DAGs
[2021-03-08 12:34:59,313] {logging_mixin.py:104} INFO - [2021-03-08 12:34:59,313] {dag.py:2273} INFO - Setting next_dagrun for example_subdag_operator to 2021-03-06 00:00:00+00:00
[2021-03-08 12:34:59,314] {logging_mixin.py:104} INFO - [2021-03-08 12:34:59,314] {dag.py:2273} INFO - Setting next_dagrun for example_subdag_operator.section-1 to None
[2021-03-08 12:34:59,314] {logging_mixin.py:104} INFO - [2021-03-08 12:34:59,314] {dag.py:2273} INFO - Setting next_dagrun for example_subdag_operator.section-2 to None
[2021-03-08 12:34:59,318] {logging_mixin.py:104} INFO - [2021-03-08 12:34:59,318] {dag.py:1818} INFO - Sync 2 DAGs
[2021-03-08 12:34:59,323] {logging_mixin.py:104} INFO - [2021-03-08 12:34:59,323] {dag.py:2273} INFO - Setting next_dagrun for example_subdag_operator.section-1 to None
[2021-03-08 12:34:59,323] {logging_mixin.py:104} INFO - [2021-03-08 12:34:59,323] {dag.py:2273} INFO - Setting next_dagrun for example_subdag_operator.section-2 to None
[2021-03-08 12:34:59,327] {scheduler_job.py:190} INFO - Processing /Users/garymarmon/PycharmProjects/AWTY-Limitless/DataServerContainer/env/lib/python3.8/site-packages/airflow/example_dags/example_subdag_operator.py took 0.072 seconds
[2021-03-08 12:36:07,204] {scheduler_job.py:182} INFO - Started process (PID=4245) to work on /Users/garymarmon/PycharmProjects/AWTY-Limitless/DataServerContainer/env/lib/python3.8/site-packages/airflow/example_dags/example_subdag_operator.py
[2021-03-08 12:36:07,205] {scheduler_job.py:629} INFO - Processing file /Users/garymarmon/PycharmProjects/AWTY-Limitless/DataServerContainer/env/lib/python3.8/site-packages/airflow/example_dags/example_subdag_operator.py for tasks to queue
[2021-03-08 12:36:07,206] {logging_mixin.py:104} INFO - [2021-03-08 12:36:07,206] {dagbag.py:448} INFO - Filling up the DagBag from /Users/garymarmon/PycharmProjects/AWTY-Limitless/DataServerContainer/env/lib/python3.8/site-packages/airflow/example_dags/example_subdag_operator.py
[2021-03-08 12:36:07,250] {scheduler_job.py:639} INFO - DAG(s) dict_keys(['example_subdag_operator.section-1', 'example_subdag_operator.section-2', 'example_subdag_operator']) retrieved from /Users/garymarmon/PycharmProjects/AWTY-Limitless/DataServerContainer/env/lib/python3.8/site-packages/airflow/example_dags/example_subdag_operator.py
[2021-03-08 12:36:07,258] {logging_mixin.py:104} INFO - [2021-03-08 12:36:07,257] {dag.py:1818} INFO - Sync 3 DAGs
[2021-03-08 12:36:07,265] {logging_mixin.py:104} INFO - [2021-03-08 12:36:07,264] {dag.py:2273} INFO - Setting next_dagrun for example_subdag_operator to 2021-03-06 00:00:00+00:00
[2021-03-08 12:36:07,265] {logging_mixin.py:104} INFO - [2021-03-08 12:36:07,265] {dag.py:2273} INFO - Setting next_dagrun for example_subdag_operator.section-1 to None
[2021-03-08 12:36:07,265] {logging_mixin.py:104} INFO - [2021-03-08 12:36:07,265] {dag.py:2273} INFO - Setting next_dagrun for example_subdag_operator.section-2 to None
[2021-03-08 12:36:07,269] {logging_mixin.py:104} INFO - [2021-03-08 12:36:07,269] {dag.py:1818} INFO - Sync 2 DAGs
[2021-03-08 12:36:07,273] {logging_mixin.py:104} INFO - [2021-03-08 12:36:07,273] {dag.py:2273} INFO - Setting next_dagrun for example_subdag_operator.section-1 to None
[2021-03-08 12:36:07,274] {logging_mixin.py:104} INFO - [2021-03-08 12:36:07,274] {dag.py:2273} INFO - Setting next_dagrun for example_subdag_operator.section-2 to None
[2021-03-08 12:36:07,277] {scheduler_job.py:190} INFO - Processing /Users/garymarmon/PycharmProjects/AWTY-Limitless/DataServerContainer/env/lib/python3.8/site-packages/airflow/example_dags/example_subdag_operator.py took 0.074 seconds
[2021-03-08 12:37:18,108] {scheduler_job.py:182} INFO - Started process (PID=4346) to work on /Users/garymarmon/PycharmProjects/AWTY-Limitless/DataServerContainer/env/lib/python3.8/site-packages/airflow/example_dags/example_subdag_operator.py
[2021-03-08 12:37:18,108] {scheduler_job.py:629} INFO - Processing file /Users/garymarmon/PycharmProjects/AWTY-Limitless/DataServerContainer/env/lib/python3.8/site-packages/airflow/example_dags/example_subdag_operator.py for tasks to queue
[2021-03-08 12:37:18,109] {logging_mixin.py:104} INFO - [2021-03-08 12:37:18,109] {dagbag.py:448} INFO - Filling up the DagBag from /Users/garymarmon/PycharmProjects/AWTY-Limitless/DataServerContainer/env/lib/python3.8/site-packages/airflow/example_dags/example_subdag_operator.py
[2021-03-08 12:37:18,162] {scheduler_job.py:639} INFO - DAG(s) dict_keys(['example_subdag_operator.section-1', 'example_subdag_operator.section-2', 'example_subdag_operator']) retrieved from /Users/garymarmon/PycharmProjects/AWTY-Limitless/DataServerContainer/env/lib/python3.8/site-packages/airflow/example_dags/example_subdag_operator.py
[2021-03-08 12:37:18,175] {logging_mixin.py:104} INFO - [2021-03-08 12:37:18,174] {dag.py:1818} INFO - Sync 3 DAGs
[2021-03-08 12:37:18,189] {logging_mixin.py:104} INFO - [2021-03-08 12:37:18,189] {dag.py:2273} INFO - Setting next_dagrun for example_subdag_operator to 2021-03-06 00:00:00+00:00
[2021-03-08 12:37:18,190] {logging_mixin.py:104} INFO - [2021-03-08 12:37:18,190] {dag.py:2273} INFO - Setting next_dagrun for example_subdag_operator.section-1 to None
[2021-03-08 12:37:18,191] {logging_mixin.py:104} INFO - [2021-03-08 12:37:18,191] {dag.py:2273} INFO - Setting next_dagrun for example_subdag_operator.section-2 to None
[2021-03-08 12:37:18,196] {logging_mixin.py:104} INFO - [2021-03-08 12:37:18,196] {dag.py:1818} INFO - Sync 2 DAGs
[2021-03-08 12:37:18,204] {logging_mixin.py:104} INFO - [2021-03-08 12:37:18,204] {dag.py:2273} INFO - Setting next_dagrun for example_subdag_operator.section-1 to None
[2021-03-08 12:37:18,204] {logging_mixin.py:104} INFO - [2021-03-08 12:37:18,204] {dag.py:2273} INFO - Setting next_dagrun for example_subdag_operator.section-2 to None
[2021-03-08 12:37:18,211] {scheduler_job.py:190} INFO - Processing /Users/garymarmon/PycharmProjects/AWTY-Limitless/DataServerContainer/env/lib/python3.8/site-packages/airflow/example_dags/example_subdag_operator.py took 0.105 seconds
