[2021-03-08 12:11:22,666] {scheduler_job.py:182} INFO - Started process (PID=2342) to work on /Users/garymarmon/PycharmProjects/AWTY-Limitless/DataServerContainer/env/lib/python3.8/site-packages/airflow/example_dags/example_trigger_controller_dag.py
[2021-03-08 12:11:22,667] {scheduler_job.py:629} INFO - Processing file /Users/garymarmon/PycharmProjects/AWTY-Limitless/DataServerContainer/env/lib/python3.8/site-packages/airflow/example_dags/example_trigger_controller_dag.py for tasks to queue
[2021-03-08 12:11:22,668] {logging_mixin.py:104} INFO - [2021-03-08 12:11:22,668] {dagbag.py:448} INFO - Filling up the DagBag from /Users/garymarmon/PycharmProjects/AWTY-Limitless/DataServerContainer/env/lib/python3.8/site-packages/airflow/example_dags/example_trigger_controller_dag.py
[2021-03-08 12:11:22,674] {scheduler_job.py:639} INFO - DAG(s) dict_keys(['example_trigger_controller_dag']) retrieved from /Users/garymarmon/PycharmProjects/AWTY-Limitless/DataServerContainer/env/lib/python3.8/site-packages/airflow/example_dags/example_trigger_controller_dag.py
[2021-03-08 12:11:22,706] {logging_mixin.py:104} INFO - [2021-03-08 12:11:22,706] {dag.py:1818} INFO - Sync 1 DAGs
[2021-03-08 12:11:22,714] {logging_mixin.py:104} INFO - [2021-03-08 12:11:22,714] {dag.py:2273} INFO - Setting next_dagrun for example_trigger_controller_dag to 2021-03-06 00:00:00+00:00
[2021-03-08 12:11:22,720] {scheduler_job.py:190} INFO - Processing /Users/garymarmon/PycharmProjects/AWTY-Limitless/DataServerContainer/env/lib/python3.8/site-packages/airflow/example_dags/example_trigger_controller_dag.py took 0.054 seconds
[2021-03-08 12:14:25,635] {scheduler_job.py:182} INFO - Started process (PID=2491) to work on /Users/garymarmon/PycharmProjects/AWTY-Limitless/DataServerContainer/env/lib/python3.8/site-packages/airflow/example_dags/example_trigger_controller_dag.py
[2021-03-08 12:14:25,636] {scheduler_job.py:629} INFO - Processing file /Users/garymarmon/PycharmProjects/AWTY-Limitless/DataServerContainer/env/lib/python3.8/site-packages/airflow/example_dags/example_trigger_controller_dag.py for tasks to queue
[2021-03-08 12:14:25,636] {logging_mixin.py:104} INFO - [2021-03-08 12:14:25,636] {dagbag.py:448} INFO - Filling up the DagBag from /Users/garymarmon/PycharmProjects/AWTY-Limitless/DataServerContainer/env/lib/python3.8/site-packages/airflow/example_dags/example_trigger_controller_dag.py
[2021-03-08 12:14:25,643] {scheduler_job.py:639} INFO - DAG(s) dict_keys(['example_trigger_controller_dag']) retrieved from /Users/garymarmon/PycharmProjects/AWTY-Limitless/DataServerContainer/env/lib/python3.8/site-packages/airflow/example_dags/example_trigger_controller_dag.py
[2021-03-08 12:14:25,680] {logging_mixin.py:104} INFO - [2021-03-08 12:14:25,679] {dag.py:1818} INFO - Sync 1 DAGs
[2021-03-08 12:14:25,688] {logging_mixin.py:104} INFO - [2021-03-08 12:14:25,688] {dag.py:2273} INFO - Setting next_dagrun for example_trigger_controller_dag to 2021-03-06 00:00:00+00:00
[2021-03-08 12:14:25,694] {scheduler_job.py:190} INFO - Processing /Users/garymarmon/PycharmProjects/AWTY-Limitless/DataServerContainer/env/lib/python3.8/site-packages/airflow/example_dags/example_trigger_controller_dag.py took 0.060 seconds
[2021-03-08 12:15:24,569] {scheduler_job.py:182} INFO - Started process (PID=2564) to work on /Users/garymarmon/PycharmProjects/AWTY-Limitless/DataServerContainer/env/lib/python3.8/site-packages/airflow/example_dags/example_trigger_controller_dag.py
[2021-03-08 12:15:24,570] {scheduler_job.py:629} INFO - Processing file /Users/garymarmon/PycharmProjects/AWTY-Limitless/DataServerContainer/env/lib/python3.8/site-packages/airflow/example_dags/example_trigger_controller_dag.py for tasks to queue
[2021-03-08 12:15:24,570] {logging_mixin.py:104} INFO - [2021-03-08 12:15:24,570] {dagbag.py:448} INFO - Filling up the DagBag from /Users/garymarmon/PycharmProjects/AWTY-Limitless/DataServerContainer/env/lib/python3.8/site-packages/airflow/example_dags/example_trigger_controller_dag.py
[2021-03-08 12:15:24,579] {scheduler_job.py:639} INFO - DAG(s) dict_keys(['example_trigger_controller_dag']) retrieved from /Users/garymarmon/PycharmProjects/AWTY-Limitless/DataServerContainer/env/lib/python3.8/site-packages/airflow/example_dags/example_trigger_controller_dag.py
[2021-03-08 12:15:24,623] {logging_mixin.py:104} INFO - [2021-03-08 12:15:24,623] {dag.py:1818} INFO - Sync 1 DAGs
[2021-03-08 12:15:24,632] {logging_mixin.py:104} INFO - [2021-03-08 12:15:24,632] {dag.py:2273} INFO - Setting next_dagrun for example_trigger_controller_dag to 2021-03-06 00:00:00+00:00
[2021-03-08 12:15:24,639] {scheduler_job.py:190} INFO - Processing /Users/garymarmon/PycharmProjects/AWTY-Limitless/DataServerContainer/env/lib/python3.8/site-packages/airflow/example_dags/example_trigger_controller_dag.py took 0.071 seconds
[2021-03-08 12:16:24,857] {scheduler_job.py:182} INFO - Started process (PID=2636) to work on /Users/garymarmon/PycharmProjects/AWTY-Limitless/DataServerContainer/env/lib/python3.8/site-packages/airflow/example_dags/example_trigger_controller_dag.py
[2021-03-08 12:16:24,857] {scheduler_job.py:629} INFO - Processing file /Users/garymarmon/PycharmProjects/AWTY-Limitless/DataServerContainer/env/lib/python3.8/site-packages/airflow/example_dags/example_trigger_controller_dag.py for tasks to queue
[2021-03-08 12:16:24,858] {logging_mixin.py:104} INFO - [2021-03-08 12:16:24,858] {dagbag.py:448} INFO - Filling up the DagBag from /Users/garymarmon/PycharmProjects/AWTY-Limitless/DataServerContainer/env/lib/python3.8/site-packages/airflow/example_dags/example_trigger_controller_dag.py
[2021-03-08 12:16:24,865] {scheduler_job.py:639} INFO - DAG(s) dict_keys(['example_trigger_controller_dag']) retrieved from /Users/garymarmon/PycharmProjects/AWTY-Limitless/DataServerContainer/env/lib/python3.8/site-packages/airflow/example_dags/example_trigger_controller_dag.py
[2021-03-08 12:16:24,901] {logging_mixin.py:104} INFO - [2021-03-08 12:16:24,901] {dag.py:1818} INFO - Sync 1 DAGs
[2021-03-08 12:16:24,909] {logging_mixin.py:104} INFO - [2021-03-08 12:16:24,909] {dag.py:2273} INFO - Setting next_dagrun for example_trigger_controller_dag to 2021-03-06 00:00:00+00:00
[2021-03-08 12:16:24,915] {scheduler_job.py:190} INFO - Processing /Users/garymarmon/PycharmProjects/AWTY-Limitless/DataServerContainer/env/lib/python3.8/site-packages/airflow/example_dags/example_trigger_controller_dag.py took 0.059 seconds
[2021-03-08 12:17:26,942] {scheduler_job.py:182} INFO - Started process (PID=2715) to work on /Users/garymarmon/PycharmProjects/AWTY-Limitless/DataServerContainer/env/lib/python3.8/site-packages/airflow/example_dags/example_trigger_controller_dag.py
[2021-03-08 12:17:26,942] {scheduler_job.py:629} INFO - Processing file /Users/garymarmon/PycharmProjects/AWTY-Limitless/DataServerContainer/env/lib/python3.8/site-packages/airflow/example_dags/example_trigger_controller_dag.py for tasks to queue
[2021-03-08 12:17:26,943] {logging_mixin.py:104} INFO - [2021-03-08 12:17:26,942] {dagbag.py:448} INFO - Filling up the DagBag from /Users/garymarmon/PycharmProjects/AWTY-Limitless/DataServerContainer/env/lib/python3.8/site-packages/airflow/example_dags/example_trigger_controller_dag.py
[2021-03-08 12:17:26,951] {scheduler_job.py:639} INFO - DAG(s) dict_keys(['example_trigger_controller_dag']) retrieved from /Users/garymarmon/PycharmProjects/AWTY-Limitless/DataServerContainer/env/lib/python3.8/site-packages/airflow/example_dags/example_trigger_controller_dag.py
[2021-03-08 12:17:26,987] {logging_mixin.py:104} INFO - [2021-03-08 12:17:26,987] {dag.py:1818} INFO - Sync 1 DAGs
[2021-03-08 12:17:26,995] {logging_mixin.py:104} INFO - [2021-03-08 12:17:26,995] {dag.py:2273} INFO - Setting next_dagrun for example_trigger_controller_dag to 2021-03-06 00:00:00+00:00
[2021-03-08 12:17:27,000] {scheduler_job.py:190} INFO - Processing /Users/garymarmon/PycharmProjects/AWTY-Limitless/DataServerContainer/env/lib/python3.8/site-packages/airflow/example_dags/example_trigger_controller_dag.py took 0.059 seconds
[2021-03-08 12:18:56,917] {scheduler_job.py:182} INFO - Started process (PID=2831) to work on /Users/garymarmon/PycharmProjects/AWTY-Limitless/DataServerContainer/env/lib/python3.8/site-packages/airflow/example_dags/example_trigger_controller_dag.py
[2021-03-08 12:18:56,917] {scheduler_job.py:629} INFO - Processing file /Users/garymarmon/PycharmProjects/AWTY-Limitless/DataServerContainer/env/lib/python3.8/site-packages/airflow/example_dags/example_trigger_controller_dag.py for tasks to queue
[2021-03-08 12:18:56,918] {logging_mixin.py:104} INFO - [2021-03-08 12:18:56,918] {dagbag.py:448} INFO - Filling up the DagBag from /Users/garymarmon/PycharmProjects/AWTY-Limitless/DataServerContainer/env/lib/python3.8/site-packages/airflow/example_dags/example_trigger_controller_dag.py
[2021-03-08 12:18:56,925] {scheduler_job.py:639} INFO - DAG(s) dict_keys(['example_trigger_controller_dag']) retrieved from /Users/garymarmon/PycharmProjects/AWTY-Limitless/DataServerContainer/env/lib/python3.8/site-packages/airflow/example_dags/example_trigger_controller_dag.py
[2021-03-08 12:18:56,962] {logging_mixin.py:104} INFO - [2021-03-08 12:18:56,962] {dag.py:1818} INFO - Sync 1 DAGs
[2021-03-08 12:18:56,971] {logging_mixin.py:104} INFO - [2021-03-08 12:18:56,971] {dag.py:2273} INFO - Setting next_dagrun for example_trigger_controller_dag to 2021-03-06 00:00:00+00:00
[2021-03-08 12:18:56,978] {scheduler_job.py:190} INFO - Processing /Users/garymarmon/PycharmProjects/AWTY-Limitless/DataServerContainer/env/lib/python3.8/site-packages/airflow/example_dags/example_trigger_controller_dag.py took 0.062 seconds
[2021-03-08 12:20:31,878] {scheduler_job.py:182} INFO - Started process (PID=2943) to work on /Users/garymarmon/PycharmProjects/AWTY-Limitless/DataServerContainer/env/lib/python3.8/site-packages/airflow/example_dags/example_trigger_controller_dag.py
[2021-03-08 12:20:31,878] {scheduler_job.py:629} INFO - Processing file /Users/garymarmon/PycharmProjects/AWTY-Limitless/DataServerContainer/env/lib/python3.8/site-packages/airflow/example_dags/example_trigger_controller_dag.py for tasks to queue
[2021-03-08 12:20:31,879] {logging_mixin.py:104} INFO - [2021-03-08 12:20:31,879] {dagbag.py:448} INFO - Filling up the DagBag from /Users/garymarmon/PycharmProjects/AWTY-Limitless/DataServerContainer/env/lib/python3.8/site-packages/airflow/example_dags/example_trigger_controller_dag.py
[2021-03-08 12:20:31,886] {scheduler_job.py:639} INFO - DAG(s) dict_keys(['example_trigger_controller_dag']) retrieved from /Users/garymarmon/PycharmProjects/AWTY-Limitless/DataServerContainer/env/lib/python3.8/site-packages/airflow/example_dags/example_trigger_controller_dag.py
[2021-03-08 12:20:31,921] {logging_mixin.py:104} INFO - [2021-03-08 12:20:31,921] {dag.py:1818} INFO - Sync 1 DAGs
[2021-03-08 12:20:31,929] {logging_mixin.py:104} INFO - [2021-03-08 12:20:31,929] {dag.py:2273} INFO - Setting next_dagrun for example_trigger_controller_dag to 2021-03-06 00:00:00+00:00
[2021-03-08 12:20:31,936] {scheduler_job.py:190} INFO - Processing /Users/garymarmon/PycharmProjects/AWTY-Limitless/DataServerContainer/env/lib/python3.8/site-packages/airflow/example_dags/example_trigger_controller_dag.py took 0.059 seconds
[2021-03-08 12:21:42,385] {scheduler_job.py:182} INFO - Started process (PID=3034) to work on /Users/garymarmon/PycharmProjects/AWTY-Limitless/DataServerContainer/env/lib/python3.8/site-packages/airflow/example_dags/example_trigger_controller_dag.py
[2021-03-08 12:21:42,386] {scheduler_job.py:629} INFO - Processing file /Users/garymarmon/PycharmProjects/AWTY-Limitless/DataServerContainer/env/lib/python3.8/site-packages/airflow/example_dags/example_trigger_controller_dag.py for tasks to queue
[2021-03-08 12:21:42,387] {logging_mixin.py:104} INFO - [2021-03-08 12:21:42,387] {dagbag.py:448} INFO - Filling up the DagBag from /Users/garymarmon/PycharmProjects/AWTY-Limitless/DataServerContainer/env/lib/python3.8/site-packages/airflow/example_dags/example_trigger_controller_dag.py
[2021-03-08 12:21:42,401] {scheduler_job.py:639} INFO - DAG(s) dict_keys(['example_trigger_controller_dag']) retrieved from /Users/garymarmon/PycharmProjects/AWTY-Limitless/DataServerContainer/env/lib/python3.8/site-packages/airflow/example_dags/example_trigger_controller_dag.py
[2021-03-08 12:21:42,473] {logging_mixin.py:104} INFO - [2021-03-08 12:21:42,473] {dag.py:1818} INFO - Sync 1 DAGs
[2021-03-08 12:21:42,498] {logging_mixin.py:104} INFO - [2021-03-08 12:21:42,498] {dag.py:2273} INFO - Setting next_dagrun for example_trigger_controller_dag to 2021-03-06 00:00:00+00:00
[2021-03-08 12:21:42,513] {scheduler_job.py:190} INFO - Processing /Users/garymarmon/PycharmProjects/AWTY-Limitless/DataServerContainer/env/lib/python3.8/site-packages/airflow/example_dags/example_trigger_controller_dag.py took 0.129 seconds
[2021-03-08 12:22:50,940] {scheduler_job.py:182} INFO - Started process (PID=3123) to work on /Users/garymarmon/PycharmProjects/AWTY-Limitless/DataServerContainer/env/lib/python3.8/site-packages/airflow/example_dags/example_trigger_controller_dag.py
[2021-03-08 12:22:50,940] {scheduler_job.py:629} INFO - Processing file /Users/garymarmon/PycharmProjects/AWTY-Limitless/DataServerContainer/env/lib/python3.8/site-packages/airflow/example_dags/example_trigger_controller_dag.py for tasks to queue
[2021-03-08 12:22:50,941] {logging_mixin.py:104} INFO - [2021-03-08 12:22:50,941] {dagbag.py:448} INFO - Filling up the DagBag from /Users/garymarmon/PycharmProjects/AWTY-Limitless/DataServerContainer/env/lib/python3.8/site-packages/airflow/example_dags/example_trigger_controller_dag.py
[2021-03-08 12:22:50,948] {scheduler_job.py:639} INFO - DAG(s) dict_keys(['example_trigger_controller_dag']) retrieved from /Users/garymarmon/PycharmProjects/AWTY-Limitless/DataServerContainer/env/lib/python3.8/site-packages/airflow/example_dags/example_trigger_controller_dag.py
[2021-03-08 12:22:50,989] {logging_mixin.py:104} INFO - [2021-03-08 12:22:50,988] {dag.py:1818} INFO - Sync 1 DAGs
[2021-03-08 12:22:50,997] {logging_mixin.py:104} INFO - [2021-03-08 12:22:50,997] {dag.py:2273} INFO - Setting next_dagrun for example_trigger_controller_dag to 2021-03-06 00:00:00+00:00
[2021-03-08 12:22:51,004] {scheduler_job.py:190} INFO - Processing /Users/garymarmon/PycharmProjects/AWTY-Limitless/DataServerContainer/env/lib/python3.8/site-packages/airflow/example_dags/example_trigger_controller_dag.py took 0.065 seconds
[2021-03-08 12:23:50,813] {scheduler_job.py:182} INFO - Started process (PID=3196) to work on /Users/garymarmon/PycharmProjects/AWTY-Limitless/DataServerContainer/env/lib/python3.8/site-packages/airflow/example_dags/example_trigger_controller_dag.py
[2021-03-08 12:23:50,813] {scheduler_job.py:629} INFO - Processing file /Users/garymarmon/PycharmProjects/AWTY-Limitless/DataServerContainer/env/lib/python3.8/site-packages/airflow/example_dags/example_trigger_controller_dag.py for tasks to queue
[2021-03-08 12:23:50,814] {logging_mixin.py:104} INFO - [2021-03-08 12:23:50,814] {dagbag.py:448} INFO - Filling up the DagBag from /Users/garymarmon/PycharmProjects/AWTY-Limitless/DataServerContainer/env/lib/python3.8/site-packages/airflow/example_dags/example_trigger_controller_dag.py
[2021-03-08 12:23:50,821] {scheduler_job.py:639} INFO - DAG(s) dict_keys(['example_trigger_controller_dag']) retrieved from /Users/garymarmon/PycharmProjects/AWTY-Limitless/DataServerContainer/env/lib/python3.8/site-packages/airflow/example_dags/example_trigger_controller_dag.py
[2021-03-08 12:23:50,856] {logging_mixin.py:104} INFO - [2021-03-08 12:23:50,856] {dag.py:1818} INFO - Sync 1 DAGs
[2021-03-08 12:23:50,864] {logging_mixin.py:104} INFO - [2021-03-08 12:23:50,864] {dag.py:2273} INFO - Setting next_dagrun for example_trigger_controller_dag to 2021-03-06 00:00:00+00:00
[2021-03-08 12:23:50,870] {scheduler_job.py:190} INFO - Processing /Users/garymarmon/PycharmProjects/AWTY-Limitless/DataServerContainer/env/lib/python3.8/site-packages/airflow/example_dags/example_trigger_controller_dag.py took 0.058 seconds
[2021-03-08 12:24:51,648] {scheduler_job.py:182} INFO - Started process (PID=3267) to work on /Users/garymarmon/PycharmProjects/AWTY-Limitless/DataServerContainer/env/lib/python3.8/site-packages/airflow/example_dags/example_trigger_controller_dag.py
[2021-03-08 12:24:51,648] {scheduler_job.py:629} INFO - Processing file /Users/garymarmon/PycharmProjects/AWTY-Limitless/DataServerContainer/env/lib/python3.8/site-packages/airflow/example_dags/example_trigger_controller_dag.py for tasks to queue
[2021-03-08 12:24:51,649] {logging_mixin.py:104} INFO - [2021-03-08 12:24:51,649] {dagbag.py:448} INFO - Filling up the DagBag from /Users/garymarmon/PycharmProjects/AWTY-Limitless/DataServerContainer/env/lib/python3.8/site-packages/airflow/example_dags/example_trigger_controller_dag.py
[2021-03-08 12:24:51,662] {scheduler_job.py:639} INFO - DAG(s) dict_keys(['example_trigger_controller_dag']) retrieved from /Users/garymarmon/PycharmProjects/AWTY-Limitless/DataServerContainer/env/lib/python3.8/site-packages/airflow/example_dags/example_trigger_controller_dag.py
[2021-03-08 12:24:51,726] {logging_mixin.py:104} INFO - [2021-03-08 12:24:51,725] {dag.py:1818} INFO - Sync 1 DAGs
[2021-03-08 12:24:51,740] {logging_mixin.py:104} INFO - [2021-03-08 12:24:51,740] {dag.py:2273} INFO - Setting next_dagrun for example_trigger_controller_dag to 2021-03-06 00:00:00+00:00
[2021-03-08 12:24:51,754] {scheduler_job.py:190} INFO - Processing /Users/garymarmon/PycharmProjects/AWTY-Limitless/DataServerContainer/env/lib/python3.8/site-packages/airflow/example_dags/example_trigger_controller_dag.py took 0.108 seconds
[2021-03-08 12:26:29,359] {scheduler_job.py:182} INFO - Started process (PID=3558) to work on /Users/garymarmon/PycharmProjects/AWTY-Limitless/DataServerContainer/env/lib/python3.8/site-packages/airflow/example_dags/example_trigger_controller_dag.py
[2021-03-08 12:26:29,361] {scheduler_job.py:629} INFO - Processing file /Users/garymarmon/PycharmProjects/AWTY-Limitless/DataServerContainer/env/lib/python3.8/site-packages/airflow/example_dags/example_trigger_controller_dag.py for tasks to queue
[2021-03-08 12:26:29,361] {logging_mixin.py:104} INFO - [2021-03-08 12:26:29,361] {dagbag.py:448} INFO - Filling up the DagBag from /Users/garymarmon/PycharmProjects/AWTY-Limitless/DataServerContainer/env/lib/python3.8/site-packages/airflow/example_dags/example_trigger_controller_dag.py
[2021-03-08 12:26:29,371] {scheduler_job.py:639} INFO - DAG(s) dict_keys(['example_trigger_controller_dag']) retrieved from /Users/garymarmon/PycharmProjects/AWTY-Limitless/DataServerContainer/env/lib/python3.8/site-packages/airflow/example_dags/example_trigger_controller_dag.py
[2021-03-08 12:26:29,407] {logging_mixin.py:104} INFO - [2021-03-08 12:26:29,407] {dag.py:1818} INFO - Sync 1 DAGs
[2021-03-08 12:26:29,415] {logging_mixin.py:104} INFO - [2021-03-08 12:26:29,415] {dag.py:2273} INFO - Setting next_dagrun for example_trigger_controller_dag to 2021-03-06 00:00:00+00:00
[2021-03-08 12:26:29,421] {scheduler_job.py:190} INFO - Processing /Users/garymarmon/PycharmProjects/AWTY-Limitless/DataServerContainer/env/lib/python3.8/site-packages/airflow/example_dags/example_trigger_controller_dag.py took 0.063 seconds
[2021-03-08 12:27:36,560] {scheduler_job.py:182} INFO - Started process (PID=3650) to work on /Users/garymarmon/PycharmProjects/AWTY-Limitless/DataServerContainer/env/lib/python3.8/site-packages/airflow/example_dags/example_trigger_controller_dag.py
[2021-03-08 12:27:36,561] {scheduler_job.py:629} INFO - Processing file /Users/garymarmon/PycharmProjects/AWTY-Limitless/DataServerContainer/env/lib/python3.8/site-packages/airflow/example_dags/example_trigger_controller_dag.py for tasks to queue
[2021-03-08 12:27:36,561] {logging_mixin.py:104} INFO - [2021-03-08 12:27:36,561] {dagbag.py:448} INFO - Filling up the DagBag from /Users/garymarmon/PycharmProjects/AWTY-Limitless/DataServerContainer/env/lib/python3.8/site-packages/airflow/example_dags/example_trigger_controller_dag.py
[2021-03-08 12:27:36,567] {scheduler_job.py:639} INFO - DAG(s) dict_keys(['example_trigger_controller_dag']) retrieved from /Users/garymarmon/PycharmProjects/AWTY-Limitless/DataServerContainer/env/lib/python3.8/site-packages/airflow/example_dags/example_trigger_controller_dag.py
[2021-03-08 12:27:36,599] {logging_mixin.py:104} INFO - [2021-03-08 12:27:36,598] {dag.py:1818} INFO - Sync 1 DAGs
[2021-03-08 12:27:36,606] {logging_mixin.py:104} INFO - [2021-03-08 12:27:36,606] {dag.py:2273} INFO - Setting next_dagrun for example_trigger_controller_dag to 2021-03-06 00:00:00+00:00
[2021-03-08 12:27:36,612] {scheduler_job.py:190} INFO - Processing /Users/garymarmon/PycharmProjects/AWTY-Limitless/DataServerContainer/env/lib/python3.8/site-packages/airflow/example_dags/example_trigger_controller_dag.py took 0.052 seconds
[2021-03-08 12:28:34,253] {scheduler_job.py:182} INFO - Started process (PID=3726) to work on /Users/garymarmon/PycharmProjects/AWTY-Limitless/DataServerContainer/env/lib/python3.8/site-packages/airflow/example_dags/example_trigger_controller_dag.py
[2021-03-08 12:28:34,254] {scheduler_job.py:629} INFO - Processing file /Users/garymarmon/PycharmProjects/AWTY-Limitless/DataServerContainer/env/lib/python3.8/site-packages/airflow/example_dags/example_trigger_controller_dag.py for tasks to queue
[2021-03-08 12:28:34,254] {logging_mixin.py:104} INFO - [2021-03-08 12:28:34,254] {dagbag.py:448} INFO - Filling up the DagBag from /Users/garymarmon/PycharmProjects/AWTY-Limitless/DataServerContainer/env/lib/python3.8/site-packages/airflow/example_dags/example_trigger_controller_dag.py
[2021-03-08 12:28:34,260] {scheduler_job.py:639} INFO - DAG(s) dict_keys(['example_trigger_controller_dag']) retrieved from /Users/garymarmon/PycharmProjects/AWTY-Limitless/DataServerContainer/env/lib/python3.8/site-packages/airflow/example_dags/example_trigger_controller_dag.py
[2021-03-08 12:28:34,293] {logging_mixin.py:104} INFO - [2021-03-08 12:28:34,293] {dag.py:1818} INFO - Sync 1 DAGs
[2021-03-08 12:28:34,301] {logging_mixin.py:104} INFO - [2021-03-08 12:28:34,301] {dag.py:2273} INFO - Setting next_dagrun for example_trigger_controller_dag to 2021-03-06 00:00:00+00:00
[2021-03-08 12:28:34,307] {scheduler_job.py:190} INFO - Processing /Users/garymarmon/PycharmProjects/AWTY-Limitless/DataServerContainer/env/lib/python3.8/site-packages/airflow/example_dags/example_trigger_controller_dag.py took 0.054 seconds
[2021-03-08 12:29:32,812] {scheduler_job.py:182} INFO - Started process (PID=3796) to work on /Users/garymarmon/PycharmProjects/AWTY-Limitless/DataServerContainer/env/lib/python3.8/site-packages/airflow/example_dags/example_trigger_controller_dag.py
[2021-03-08 12:29:32,813] {scheduler_job.py:629} INFO - Processing file /Users/garymarmon/PycharmProjects/AWTY-Limitless/DataServerContainer/env/lib/python3.8/site-packages/airflow/example_dags/example_trigger_controller_dag.py for tasks to queue
[2021-03-08 12:29:32,814] {logging_mixin.py:104} INFO - [2021-03-08 12:29:32,814] {dagbag.py:448} INFO - Filling up the DagBag from /Users/garymarmon/PycharmProjects/AWTY-Limitless/DataServerContainer/env/lib/python3.8/site-packages/airflow/example_dags/example_trigger_controller_dag.py
[2021-03-08 12:29:32,821] {scheduler_job.py:639} INFO - DAG(s) dict_keys(['example_trigger_controller_dag']) retrieved from /Users/garymarmon/PycharmProjects/AWTY-Limitless/DataServerContainer/env/lib/python3.8/site-packages/airflow/example_dags/example_trigger_controller_dag.py
[2021-03-08 12:29:32,857] {logging_mixin.py:104} INFO - [2021-03-08 12:29:32,857] {dag.py:1818} INFO - Sync 1 DAGs
[2021-03-08 12:29:32,867] {logging_mixin.py:104} INFO - [2021-03-08 12:29:32,867] {dag.py:2273} INFO - Setting next_dagrun for example_trigger_controller_dag to 2021-03-06 00:00:00+00:00
[2021-03-08 12:29:32,873] {scheduler_job.py:190} INFO - Processing /Users/garymarmon/PycharmProjects/AWTY-Limitless/DataServerContainer/env/lib/python3.8/site-packages/airflow/example_dags/example_trigger_controller_dag.py took 0.062 seconds
[2021-03-08 12:30:39,578] {scheduler_job.py:182} INFO - Started process (PID=3868) to work on /Users/garymarmon/PycharmProjects/AWTY-Limitless/DataServerContainer/env/lib/python3.8/site-packages/airflow/example_dags/example_trigger_controller_dag.py
[2021-03-08 12:30:39,579] {scheduler_job.py:629} INFO - Processing file /Users/garymarmon/PycharmProjects/AWTY-Limitless/DataServerContainer/env/lib/python3.8/site-packages/airflow/example_dags/example_trigger_controller_dag.py for tasks to queue
[2021-03-08 12:30:39,580] {logging_mixin.py:104} INFO - [2021-03-08 12:30:39,580] {dagbag.py:448} INFO - Filling up the DagBag from /Users/garymarmon/PycharmProjects/AWTY-Limitless/DataServerContainer/env/lib/python3.8/site-packages/airflow/example_dags/example_trigger_controller_dag.py
[2021-03-08 12:30:39,589] {scheduler_job.py:639} INFO - DAG(s) dict_keys(['example_trigger_controller_dag']) retrieved from /Users/garymarmon/PycharmProjects/AWTY-Limitless/DataServerContainer/env/lib/python3.8/site-packages/airflow/example_dags/example_trigger_controller_dag.py
[2021-03-08 12:30:39,645] {logging_mixin.py:104} INFO - [2021-03-08 12:30:39,644] {dag.py:1818} INFO - Sync 1 DAGs
[2021-03-08 12:30:39,658] {logging_mixin.py:104} INFO - [2021-03-08 12:30:39,658] {dag.py:2273} INFO - Setting next_dagrun for example_trigger_controller_dag to 2021-03-06 00:00:00+00:00
[2021-03-08 12:30:39,667] {scheduler_job.py:190} INFO - Processing /Users/garymarmon/PycharmProjects/AWTY-Limitless/DataServerContainer/env/lib/python3.8/site-packages/airflow/example_dags/example_trigger_controller_dag.py took 0.090 seconds
[2021-03-08 12:31:56,636] {scheduler_job.py:182} INFO - Started process (PID=3954) to work on /Users/garymarmon/PycharmProjects/AWTY-Limitless/DataServerContainer/env/lib/python3.8/site-packages/airflow/example_dags/example_trigger_controller_dag.py
[2021-03-08 12:31:56,638] {scheduler_job.py:629} INFO - Processing file /Users/garymarmon/PycharmProjects/AWTY-Limitless/DataServerContainer/env/lib/python3.8/site-packages/airflow/example_dags/example_trigger_controller_dag.py for tasks to queue
[2021-03-08 12:31:56,639] {logging_mixin.py:104} INFO - [2021-03-08 12:31:56,639] {dagbag.py:448} INFO - Filling up the DagBag from /Users/garymarmon/PycharmProjects/AWTY-Limitless/DataServerContainer/env/lib/python3.8/site-packages/airflow/example_dags/example_trigger_controller_dag.py
[2021-03-08 12:31:56,655] {scheduler_job.py:639} INFO - DAG(s) dict_keys(['example_trigger_controller_dag']) retrieved from /Users/garymarmon/PycharmProjects/AWTY-Limitless/DataServerContainer/env/lib/python3.8/site-packages/airflow/example_dags/example_trigger_controller_dag.py
[2021-03-08 12:31:56,702] {logging_mixin.py:104} INFO - [2021-03-08 12:31:56,702] {dag.py:1818} INFO - Sync 1 DAGs
[2021-03-08 12:31:56,714] {logging_mixin.py:104} INFO - [2021-03-08 12:31:56,714] {dag.py:2273} INFO - Setting next_dagrun for example_trigger_controller_dag to 2021-03-06 00:00:00+00:00
[2021-03-08 12:31:56,724] {scheduler_job.py:190} INFO - Processing /Users/garymarmon/PycharmProjects/AWTY-Limitless/DataServerContainer/env/lib/python3.8/site-packages/airflow/example_dags/example_trigger_controller_dag.py took 0.089 seconds
[2021-03-08 12:33:04,868] {scheduler_job.py:182} INFO - Started process (PID=4035) to work on /Users/garymarmon/PycharmProjects/AWTY-Limitless/DataServerContainer/env/lib/python3.8/site-packages/airflow/example_dags/example_trigger_controller_dag.py
[2021-03-08 12:33:04,868] {scheduler_job.py:629} INFO - Processing file /Users/garymarmon/PycharmProjects/AWTY-Limitless/DataServerContainer/env/lib/python3.8/site-packages/airflow/example_dags/example_trigger_controller_dag.py for tasks to queue
[2021-03-08 12:33:04,869] {logging_mixin.py:104} INFO - [2021-03-08 12:33:04,869] {dagbag.py:448} INFO - Filling up the DagBag from /Users/garymarmon/PycharmProjects/AWTY-Limitless/DataServerContainer/env/lib/python3.8/site-packages/airflow/example_dags/example_trigger_controller_dag.py
[2021-03-08 12:33:04,875] {scheduler_job.py:639} INFO - DAG(s) dict_keys(['example_trigger_controller_dag']) retrieved from /Users/garymarmon/PycharmProjects/AWTY-Limitless/DataServerContainer/env/lib/python3.8/site-packages/airflow/example_dags/example_trigger_controller_dag.py
[2021-03-08 12:33:04,905] {logging_mixin.py:104} INFO - [2021-03-08 12:33:04,904] {dag.py:1818} INFO - Sync 1 DAGs
[2021-03-08 12:33:04,911] {logging_mixin.py:104} INFO - [2021-03-08 12:33:04,911] {dag.py:2273} INFO - Setting next_dagrun for example_trigger_controller_dag to 2021-03-06 00:00:00+00:00
[2021-03-08 12:33:04,916] {scheduler_job.py:190} INFO - Processing /Users/garymarmon/PycharmProjects/AWTY-Limitless/DataServerContainer/env/lib/python3.8/site-packages/airflow/example_dags/example_trigger_controller_dag.py took 0.049 seconds
[2021-03-08 12:34:08,225] {scheduler_job.py:182} INFO - Started process (PID=4109) to work on /Users/garymarmon/PycharmProjects/AWTY-Limitless/DataServerContainer/env/lib/python3.8/site-packages/airflow/example_dags/example_trigger_controller_dag.py
[2021-03-08 12:34:08,225] {scheduler_job.py:629} INFO - Processing file /Users/garymarmon/PycharmProjects/AWTY-Limitless/DataServerContainer/env/lib/python3.8/site-packages/airflow/example_dags/example_trigger_controller_dag.py for tasks to queue
[2021-03-08 12:34:08,225] {logging_mixin.py:104} INFO - [2021-03-08 12:34:08,225] {dagbag.py:448} INFO - Filling up the DagBag from /Users/garymarmon/PycharmProjects/AWTY-Limitless/DataServerContainer/env/lib/python3.8/site-packages/airflow/example_dags/example_trigger_controller_dag.py
[2021-03-08 12:34:08,231] {scheduler_job.py:639} INFO - DAG(s) dict_keys(['example_trigger_controller_dag']) retrieved from /Users/garymarmon/PycharmProjects/AWTY-Limitless/DataServerContainer/env/lib/python3.8/site-packages/airflow/example_dags/example_trigger_controller_dag.py
[2021-03-08 12:34:08,262] {logging_mixin.py:104} INFO - [2021-03-08 12:34:08,262] {dag.py:1818} INFO - Sync 1 DAGs
[2021-03-08 12:34:08,269] {logging_mixin.py:104} INFO - [2021-03-08 12:34:08,269] {dag.py:2273} INFO - Setting next_dagrun for example_trigger_controller_dag to 2021-03-06 00:00:00+00:00
[2021-03-08 12:34:08,275] {scheduler_job.py:190} INFO - Processing /Users/garymarmon/PycharmProjects/AWTY-Limitless/DataServerContainer/env/lib/python3.8/site-packages/airflow/example_dags/example_trigger_controller_dag.py took 0.051 seconds
[2021-03-08 12:35:20,374] {scheduler_job.py:182} INFO - Started process (PID=4191) to work on /Users/garymarmon/PycharmProjects/AWTY-Limitless/DataServerContainer/env/lib/python3.8/site-packages/airflow/example_dags/example_trigger_controller_dag.py
[2021-03-08 12:35:20,375] {scheduler_job.py:629} INFO - Processing file /Users/garymarmon/PycharmProjects/AWTY-Limitless/DataServerContainer/env/lib/python3.8/site-packages/airflow/example_dags/example_trigger_controller_dag.py for tasks to queue
[2021-03-08 12:35:20,375] {logging_mixin.py:104} INFO - [2021-03-08 12:35:20,375] {dagbag.py:448} INFO - Filling up the DagBag from /Users/garymarmon/PycharmProjects/AWTY-Limitless/DataServerContainer/env/lib/python3.8/site-packages/airflow/example_dags/example_trigger_controller_dag.py
[2021-03-08 12:35:20,382] {scheduler_job.py:639} INFO - DAG(s) dict_keys(['example_trigger_controller_dag']) retrieved from /Users/garymarmon/PycharmProjects/AWTY-Limitless/DataServerContainer/env/lib/python3.8/site-packages/airflow/example_dags/example_trigger_controller_dag.py
[2021-03-08 12:35:20,419] {logging_mixin.py:104} INFO - [2021-03-08 12:35:20,419] {dag.py:1818} INFO - Sync 1 DAGs
[2021-03-08 12:35:20,426] {logging_mixin.py:104} INFO - [2021-03-08 12:35:20,426] {dag.py:2273} INFO - Setting next_dagrun for example_trigger_controller_dag to 2021-03-06 00:00:00+00:00
[2021-03-08 12:35:20,432] {scheduler_job.py:190} INFO - Processing /Users/garymarmon/PycharmProjects/AWTY-Limitless/DataServerContainer/env/lib/python3.8/site-packages/airflow/example_dags/example_trigger_controller_dag.py took 0.059 seconds
[2021-03-08 12:36:27,608] {scheduler_job.py:182} INFO - Started process (PID=4274) to work on /Users/garymarmon/PycharmProjects/AWTY-Limitless/DataServerContainer/env/lib/python3.8/site-packages/airflow/example_dags/example_trigger_controller_dag.py
[2021-03-08 12:36:27,609] {scheduler_job.py:629} INFO - Processing file /Users/garymarmon/PycharmProjects/AWTY-Limitless/DataServerContainer/env/lib/python3.8/site-packages/airflow/example_dags/example_trigger_controller_dag.py for tasks to queue
[2021-03-08 12:36:27,609] {logging_mixin.py:104} INFO - [2021-03-08 12:36:27,609] {dagbag.py:448} INFO - Filling up the DagBag from /Users/garymarmon/PycharmProjects/AWTY-Limitless/DataServerContainer/env/lib/python3.8/site-packages/airflow/example_dags/example_trigger_controller_dag.py
[2021-03-08 12:36:27,615] {scheduler_job.py:639} INFO - DAG(s) dict_keys(['example_trigger_controller_dag']) retrieved from /Users/garymarmon/PycharmProjects/AWTY-Limitless/DataServerContainer/env/lib/python3.8/site-packages/airflow/example_dags/example_trigger_controller_dag.py
[2021-03-08 12:36:27,647] {logging_mixin.py:104} INFO - [2021-03-08 12:36:27,647] {dag.py:1818} INFO - Sync 1 DAGs
[2021-03-08 12:36:27,654] {logging_mixin.py:104} INFO - [2021-03-08 12:36:27,654] {dag.py:2273} INFO - Setting next_dagrun for example_trigger_controller_dag to 2021-03-06 00:00:00+00:00
[2021-03-08 12:36:27,660] {scheduler_job.py:190} INFO - Processing /Users/garymarmon/PycharmProjects/AWTY-Limitless/DataServerContainer/env/lib/python3.8/site-packages/airflow/example_dags/example_trigger_controller_dag.py took 0.053 seconds
