[2021-03-08 12:10:52,197] {scheduler_job.py:182} INFO - Started process (PID=2302) to work on /Users/garymarmon/PycharmProjects/AWTY-Limitless/DataServerContainer/env/lib/python3.8/site-packages/airflow/example_dags/example_short_circuit_operator.py
[2021-03-08 12:10:52,198] {scheduler_job.py:629} INFO - Processing file /Users/garymarmon/PycharmProjects/AWTY-Limitless/DataServerContainer/env/lib/python3.8/site-packages/airflow/example_dags/example_short_circuit_operator.py for tasks to queue
[2021-03-08 12:10:52,198] {logging_mixin.py:104} INFO - [2021-03-08 12:10:52,198] {dagbag.py:448} INFO - Filling up the DagBag from /Users/garymarmon/PycharmProjects/AWTY-Limitless/DataServerContainer/env/lib/python3.8/site-packages/airflow/example_dags/example_short_circuit_operator.py
[2021-03-08 12:10:52,208] {scheduler_job.py:639} INFO - DAG(s) dict_keys(['example_short_circuit_operator']) retrieved from /Users/garymarmon/PycharmProjects/AWTY-Limitless/DataServerContainer/env/lib/python3.8/site-packages/airflow/example_dags/example_short_circuit_operator.py
[2021-03-08 12:10:52,243] {logging_mixin.py:104} INFO - [2021-03-08 12:10:52,242] {dag.py:1818} INFO - Sync 1 DAGs
[2021-03-08 12:10:52,250] {logging_mixin.py:104} INFO - [2021-03-08 12:10:52,250] {dag.py:2273} INFO - Setting next_dagrun for example_short_circuit_operator to 2021-03-06 00:00:00+00:00
[2021-03-08 12:10:52,256] {scheduler_job.py:190} INFO - Processing /Users/garymarmon/PycharmProjects/AWTY-Limitless/DataServerContainer/env/lib/python3.8/site-packages/airflow/example_dags/example_short_circuit_operator.py took 0.059 seconds
[2021-03-08 12:13:43,594] {scheduler_job.py:182} INFO - Started process (PID=2436) to work on /Users/garymarmon/PycharmProjects/AWTY-Limitless/DataServerContainer/env/lib/python3.8/site-packages/airflow/example_dags/example_short_circuit_operator.py
[2021-03-08 12:13:43,594] {scheduler_job.py:629} INFO - Processing file /Users/garymarmon/PycharmProjects/AWTY-Limitless/DataServerContainer/env/lib/python3.8/site-packages/airflow/example_dags/example_short_circuit_operator.py for tasks to queue
[2021-03-08 12:13:43,595] {logging_mixin.py:104} INFO - [2021-03-08 12:13:43,595] {dagbag.py:448} INFO - Filling up the DagBag from /Users/garymarmon/PycharmProjects/AWTY-Limitless/DataServerContainer/env/lib/python3.8/site-packages/airflow/example_dags/example_short_circuit_operator.py
[2021-03-08 12:13:43,603] {scheduler_job.py:639} INFO - DAG(s) dict_keys(['example_short_circuit_operator']) retrieved from /Users/garymarmon/PycharmProjects/AWTY-Limitless/DataServerContainer/env/lib/python3.8/site-packages/airflow/example_dags/example_short_circuit_operator.py
[2021-03-08 12:13:43,639] {logging_mixin.py:104} INFO - [2021-03-08 12:13:43,639] {dag.py:1818} INFO - Sync 1 DAGs
[2021-03-08 12:13:43,647] {logging_mixin.py:104} INFO - [2021-03-08 12:13:43,647] {dag.py:2273} INFO - Setting next_dagrun for example_short_circuit_operator to 2021-03-06 00:00:00+00:00
[2021-03-08 12:13:43,654] {scheduler_job.py:190} INFO - Processing /Users/garymarmon/PycharmProjects/AWTY-Limitless/DataServerContainer/env/lib/python3.8/site-packages/airflow/example_dags/example_short_circuit_operator.py took 0.061 seconds
[2021-03-08 12:14:46,967] {scheduler_job.py:182} INFO - Started process (PID=2519) to work on /Users/garymarmon/PycharmProjects/AWTY-Limitless/DataServerContainer/env/lib/python3.8/site-packages/airflow/example_dags/example_short_circuit_operator.py
[2021-03-08 12:14:46,968] {scheduler_job.py:629} INFO - Processing file /Users/garymarmon/PycharmProjects/AWTY-Limitless/DataServerContainer/env/lib/python3.8/site-packages/airflow/example_dags/example_short_circuit_operator.py for tasks to queue
[2021-03-08 12:14:46,968] {logging_mixin.py:104} INFO - [2021-03-08 12:14:46,968] {dagbag.py:448} INFO - Filling up the DagBag from /Users/garymarmon/PycharmProjects/AWTY-Limitless/DataServerContainer/env/lib/python3.8/site-packages/airflow/example_dags/example_short_circuit_operator.py
[2021-03-08 12:14:46,978] {scheduler_job.py:639} INFO - DAG(s) dict_keys(['example_short_circuit_operator']) retrieved from /Users/garymarmon/PycharmProjects/AWTY-Limitless/DataServerContainer/env/lib/python3.8/site-packages/airflow/example_dags/example_short_circuit_operator.py
[2021-03-08 12:14:47,017] {logging_mixin.py:104} INFO - [2021-03-08 12:14:47,017] {dag.py:1818} INFO - Sync 1 DAGs
[2021-03-08 12:14:47,026] {logging_mixin.py:104} INFO - [2021-03-08 12:14:47,026] {dag.py:2273} INFO - Setting next_dagrun for example_short_circuit_operator to 2021-03-06 00:00:00+00:00
[2021-03-08 12:14:47,033] {scheduler_job.py:190} INFO - Processing /Users/garymarmon/PycharmProjects/AWTY-Limitless/DataServerContainer/env/lib/python3.8/site-packages/airflow/example_dags/example_short_circuit_operator.py took 0.068 seconds
[2021-03-08 12:15:47,728] {scheduler_job.py:182} INFO - Started process (PID=2592) to work on /Users/garymarmon/PycharmProjects/AWTY-Limitless/DataServerContainer/env/lib/python3.8/site-packages/airflow/example_dags/example_short_circuit_operator.py
[2021-03-08 12:15:47,728] {scheduler_job.py:629} INFO - Processing file /Users/garymarmon/PycharmProjects/AWTY-Limitless/DataServerContainer/env/lib/python3.8/site-packages/airflow/example_dags/example_short_circuit_operator.py for tasks to queue
[2021-03-08 12:15:47,729] {logging_mixin.py:104} INFO - [2021-03-08 12:15:47,729] {dagbag.py:448} INFO - Filling up the DagBag from /Users/garymarmon/PycharmProjects/AWTY-Limitless/DataServerContainer/env/lib/python3.8/site-packages/airflow/example_dags/example_short_circuit_operator.py
[2021-03-08 12:15:47,739] {scheduler_job.py:639} INFO - DAG(s) dict_keys(['example_short_circuit_operator']) retrieved from /Users/garymarmon/PycharmProjects/AWTY-Limitless/DataServerContainer/env/lib/python3.8/site-packages/airflow/example_dags/example_short_circuit_operator.py
[2021-03-08 12:15:47,780] {logging_mixin.py:104} INFO - [2021-03-08 12:15:47,779] {dag.py:1818} INFO - Sync 1 DAGs
[2021-03-08 12:15:47,788] {logging_mixin.py:104} INFO - [2021-03-08 12:15:47,788] {dag.py:2273} INFO - Setting next_dagrun for example_short_circuit_operator to 2021-03-06 00:00:00+00:00
[2021-03-08 12:15:47,794] {scheduler_job.py:190} INFO - Processing /Users/garymarmon/PycharmProjects/AWTY-Limitless/DataServerContainer/env/lib/python3.8/site-packages/airflow/example_dags/example_short_circuit_operator.py took 0.067 seconds
[2021-03-08 12:16:48,106] {scheduler_job.py:182} INFO - Started process (PID=2664) to work on /Users/garymarmon/PycharmProjects/AWTY-Limitless/DataServerContainer/env/lib/python3.8/site-packages/airflow/example_dags/example_short_circuit_operator.py
[2021-03-08 12:16:48,106] {scheduler_job.py:629} INFO - Processing file /Users/garymarmon/PycharmProjects/AWTY-Limitless/DataServerContainer/env/lib/python3.8/site-packages/airflow/example_dags/example_short_circuit_operator.py for tasks to queue
[2021-03-08 12:16:48,107] {logging_mixin.py:104} INFO - [2021-03-08 12:16:48,107] {dagbag.py:448} INFO - Filling up the DagBag from /Users/garymarmon/PycharmProjects/AWTY-Limitless/DataServerContainer/env/lib/python3.8/site-packages/airflow/example_dags/example_short_circuit_operator.py
[2021-03-08 12:16:48,117] {scheduler_job.py:639} INFO - DAG(s) dict_keys(['example_short_circuit_operator']) retrieved from /Users/garymarmon/PycharmProjects/AWTY-Limitless/DataServerContainer/env/lib/python3.8/site-packages/airflow/example_dags/example_short_circuit_operator.py
[2021-03-08 12:16:48,156] {logging_mixin.py:104} INFO - [2021-03-08 12:16:48,156] {dag.py:1818} INFO - Sync 1 DAGs
[2021-03-08 12:16:48,165] {logging_mixin.py:104} INFO - [2021-03-08 12:16:48,165] {dag.py:2273} INFO - Setting next_dagrun for example_short_circuit_operator to 2021-03-06 00:00:00+00:00
[2021-03-08 12:16:48,172] {scheduler_job.py:190} INFO - Processing /Users/garymarmon/PycharmProjects/AWTY-Limitless/DataServerContainer/env/lib/python3.8/site-packages/airflow/example_dags/example_short_circuit_operator.py took 0.067 seconds
[2021-03-08 12:17:55,718] {scheduler_job.py:182} INFO - Started process (PID=2763) to work on /Users/garymarmon/PycharmProjects/AWTY-Limitless/DataServerContainer/env/lib/python3.8/site-packages/airflow/example_dags/example_short_circuit_operator.py
[2021-03-08 12:17:55,719] {scheduler_job.py:629} INFO - Processing file /Users/garymarmon/PycharmProjects/AWTY-Limitless/DataServerContainer/env/lib/python3.8/site-packages/airflow/example_dags/example_short_circuit_operator.py for tasks to queue
[2021-03-08 12:17:55,719] {logging_mixin.py:104} INFO - [2021-03-08 12:17:55,719] {dagbag.py:448} INFO - Filling up the DagBag from /Users/garymarmon/PycharmProjects/AWTY-Limitless/DataServerContainer/env/lib/python3.8/site-packages/airflow/example_dags/example_short_circuit_operator.py
[2021-03-08 12:17:55,732] {scheduler_job.py:639} INFO - DAG(s) dict_keys(['example_short_circuit_operator']) retrieved from /Users/garymarmon/PycharmProjects/AWTY-Limitless/DataServerContainer/env/lib/python3.8/site-packages/airflow/example_dags/example_short_circuit_operator.py
[2021-03-08 12:17:55,780] {logging_mixin.py:104} INFO - [2021-03-08 12:17:55,780] {dag.py:1818} INFO - Sync 1 DAGs
[2021-03-08 12:17:55,790] {logging_mixin.py:104} INFO - [2021-03-08 12:17:55,790] {dag.py:2273} INFO - Setting next_dagrun for example_short_circuit_operator to 2021-03-06 00:00:00+00:00
[2021-03-08 12:17:55,797] {scheduler_job.py:190} INFO - Processing /Users/garymarmon/PycharmProjects/AWTY-Limitless/DataServerContainer/env/lib/python3.8/site-packages/airflow/example_dags/example_short_circuit_operator.py took 0.081 seconds
[2021-03-08 12:18:37,402] {scheduler_job.py:182} INFO - Started process (PID=2804) to work on /Users/garymarmon/PycharmProjects/AWTY-Limitless/DataServerContainer/env/lib/python3.8/site-packages/airflow/example_dags/example_short_circuit_operator.py
[2021-03-08 12:18:37,402] {scheduler_job.py:629} INFO - Processing file /Users/garymarmon/PycharmProjects/AWTY-Limitless/DataServerContainer/env/lib/python3.8/site-packages/airflow/example_dags/example_short_circuit_operator.py for tasks to queue
[2021-03-08 12:18:37,403] {logging_mixin.py:104} INFO - [2021-03-08 12:18:37,403] {dagbag.py:448} INFO - Filling up the DagBag from /Users/garymarmon/PycharmProjects/AWTY-Limitless/DataServerContainer/env/lib/python3.8/site-packages/airflow/example_dags/example_short_circuit_operator.py
[2021-03-08 12:18:37,413] {scheduler_job.py:639} INFO - DAG(s) dict_keys(['example_short_circuit_operator']) retrieved from /Users/garymarmon/PycharmProjects/AWTY-Limitless/DataServerContainer/env/lib/python3.8/site-packages/airflow/example_dags/example_short_circuit_operator.py
[2021-03-08 12:18:37,456] {logging_mixin.py:104} INFO - [2021-03-08 12:18:37,456] {dag.py:1818} INFO - Sync 1 DAGs
[2021-03-08 12:18:37,467] {logging_mixin.py:104} INFO - [2021-03-08 12:18:37,466] {dag.py:2273} INFO - Setting next_dagrun for example_short_circuit_operator to 2021-03-06 00:00:00+00:00
[2021-03-08 12:18:37,473] {scheduler_job.py:190} INFO - Processing /Users/garymarmon/PycharmProjects/AWTY-Limitless/DataServerContainer/env/lib/python3.8/site-packages/airflow/example_dags/example_short_circuit_operator.py took 0.072 seconds
[2021-03-08 12:19:21,186] {scheduler_job.py:182} INFO - Started process (PID=2862) to work on /Users/garymarmon/PycharmProjects/AWTY-Limitless/DataServerContainer/env/lib/python3.8/site-packages/airflow/example_dags/example_short_circuit_operator.py
[2021-03-08 12:19:21,186] {scheduler_job.py:629} INFO - Processing file /Users/garymarmon/PycharmProjects/AWTY-Limitless/DataServerContainer/env/lib/python3.8/site-packages/airflow/example_dags/example_short_circuit_operator.py for tasks to queue
[2021-03-08 12:19:21,187] {logging_mixin.py:104} INFO - [2021-03-08 12:19:21,187] {dagbag.py:448} INFO - Filling up the DagBag from /Users/garymarmon/PycharmProjects/AWTY-Limitless/DataServerContainer/env/lib/python3.8/site-packages/airflow/example_dags/example_short_circuit_operator.py
[2021-03-08 12:19:21,196] {scheduler_job.py:639} INFO - DAG(s) dict_keys(['example_short_circuit_operator']) retrieved from /Users/garymarmon/PycharmProjects/AWTY-Limitless/DataServerContainer/env/lib/python3.8/site-packages/airflow/example_dags/example_short_circuit_operator.py
[2021-03-08 12:19:21,237] {logging_mixin.py:104} INFO - [2021-03-08 12:19:21,237] {dag.py:1818} INFO - Sync 1 DAGs
[2021-03-08 12:19:21,246] {logging_mixin.py:104} INFO - [2021-03-08 12:19:21,246] {dag.py:2273} INFO - Setting next_dagrun for example_short_circuit_operator to 2021-03-06 00:00:00+00:00
[2021-03-08 12:19:21,254] {scheduler_job.py:190} INFO - Processing /Users/garymarmon/PycharmProjects/AWTY-Limitless/DataServerContainer/env/lib/python3.8/site-packages/airflow/example_dags/example_short_circuit_operator.py took 0.069 seconds
[2021-03-08 12:20:14,460] {scheduler_job.py:182} INFO - Started process (PID=2922) to work on /Users/garymarmon/PycharmProjects/AWTY-Limitless/DataServerContainer/env/lib/python3.8/site-packages/airflow/example_dags/example_short_circuit_operator.py
[2021-03-08 12:20:14,461] {scheduler_job.py:629} INFO - Processing file /Users/garymarmon/PycharmProjects/AWTY-Limitless/DataServerContainer/env/lib/python3.8/site-packages/airflow/example_dags/example_short_circuit_operator.py for tasks to queue
[2021-03-08 12:20:14,461] {logging_mixin.py:104} INFO - [2021-03-08 12:20:14,461] {dagbag.py:448} INFO - Filling up the DagBag from /Users/garymarmon/PycharmProjects/AWTY-Limitless/DataServerContainer/env/lib/python3.8/site-packages/airflow/example_dags/example_short_circuit_operator.py
[2021-03-08 12:20:14,471] {scheduler_job.py:639} INFO - DAG(s) dict_keys(['example_short_circuit_operator']) retrieved from /Users/garymarmon/PycharmProjects/AWTY-Limitless/DataServerContainer/env/lib/python3.8/site-packages/airflow/example_dags/example_short_circuit_operator.py
[2021-03-08 12:20:14,514] {logging_mixin.py:104} INFO - [2021-03-08 12:20:14,514] {dag.py:1818} INFO - Sync 1 DAGs
[2021-03-08 12:20:14,524] {logging_mixin.py:104} INFO - [2021-03-08 12:20:14,524] {dag.py:2273} INFO - Setting next_dagrun for example_short_circuit_operator to 2021-03-06 00:00:00+00:00
[2021-03-08 12:20:14,532] {scheduler_job.py:190} INFO - Processing /Users/garymarmon/PycharmProjects/AWTY-Limitless/DataServerContainer/env/lib/python3.8/site-packages/airflow/example_dags/example_short_circuit_operator.py took 0.073 seconds
[2021-03-08 12:20:51,046] {scheduler_job.py:182} INFO - Started process (PID=2965) to work on /Users/garymarmon/PycharmProjects/AWTY-Limitless/DataServerContainer/env/lib/python3.8/site-packages/airflow/example_dags/example_short_circuit_operator.py
[2021-03-08 12:20:51,046] {scheduler_job.py:629} INFO - Processing file /Users/garymarmon/PycharmProjects/AWTY-Limitless/DataServerContainer/env/lib/python3.8/site-packages/airflow/example_dags/example_short_circuit_operator.py for tasks to queue
[2021-03-08 12:20:51,047] {logging_mixin.py:104} INFO - [2021-03-08 12:20:51,047] {dagbag.py:448} INFO - Filling up the DagBag from /Users/garymarmon/PycharmProjects/AWTY-Limitless/DataServerContainer/env/lib/python3.8/site-packages/airflow/example_dags/example_short_circuit_operator.py
[2021-03-08 12:20:51,056] {scheduler_job.py:639} INFO - DAG(s) dict_keys(['example_short_circuit_operator']) retrieved from /Users/garymarmon/PycharmProjects/AWTY-Limitless/DataServerContainer/env/lib/python3.8/site-packages/airflow/example_dags/example_short_circuit_operator.py
[2021-03-08 12:20:51,092] {logging_mixin.py:104} INFO - [2021-03-08 12:20:51,092] {dag.py:1818} INFO - Sync 1 DAGs
[2021-03-08 12:20:51,099] {logging_mixin.py:104} INFO - [2021-03-08 12:20:51,099] {dag.py:2273} INFO - Setting next_dagrun for example_short_circuit_operator to 2021-03-06 00:00:00+00:00
[2021-03-08 12:20:51,105] {scheduler_job.py:190} INFO - Processing /Users/garymarmon/PycharmProjects/AWTY-Limitless/DataServerContainer/env/lib/python3.8/site-packages/airflow/example_dags/example_short_circuit_operator.py took 0.060 seconds
[2021-03-08 12:22:03,428] {scheduler_job.py:182} INFO - Started process (PID=3066) to work on /Users/garymarmon/PycharmProjects/AWTY-Limitless/DataServerContainer/env/lib/python3.8/site-packages/airflow/example_dags/example_short_circuit_operator.py
[2021-03-08 12:22:03,428] {scheduler_job.py:629} INFO - Processing file /Users/garymarmon/PycharmProjects/AWTY-Limitless/DataServerContainer/env/lib/python3.8/site-packages/airflow/example_dags/example_short_circuit_operator.py for tasks to queue
[2021-03-08 12:22:03,429] {logging_mixin.py:104} INFO - [2021-03-08 12:22:03,429] {dagbag.py:448} INFO - Filling up the DagBag from /Users/garymarmon/PycharmProjects/AWTY-Limitless/DataServerContainer/env/lib/python3.8/site-packages/airflow/example_dags/example_short_circuit_operator.py
[2021-03-08 12:22:03,437] {scheduler_job.py:639} INFO - DAG(s) dict_keys(['example_short_circuit_operator']) retrieved from /Users/garymarmon/PycharmProjects/AWTY-Limitless/DataServerContainer/env/lib/python3.8/site-packages/airflow/example_dags/example_short_circuit_operator.py
[2021-03-08 12:22:03,474] {logging_mixin.py:104} INFO - [2021-03-08 12:22:03,474] {dag.py:1818} INFO - Sync 1 DAGs
[2021-03-08 12:22:03,482] {logging_mixin.py:104} INFO - [2021-03-08 12:22:03,482] {dag.py:2273} INFO - Setting next_dagrun for example_short_circuit_operator to 2021-03-06 00:00:00+00:00
[2021-03-08 12:22:03,488] {scheduler_job.py:190} INFO - Processing /Users/garymarmon/PycharmProjects/AWTY-Limitless/DataServerContainer/env/lib/python3.8/site-packages/airflow/example_dags/example_short_circuit_operator.py took 0.061 seconds
[2021-03-08 12:23:12,949] {scheduler_job.py:182} INFO - Started process (PID=3147) to work on /Users/garymarmon/PycharmProjects/AWTY-Limitless/DataServerContainer/env/lib/python3.8/site-packages/airflow/example_dags/example_short_circuit_operator.py
[2021-03-08 12:23:12,950] {scheduler_job.py:629} INFO - Processing file /Users/garymarmon/PycharmProjects/AWTY-Limitless/DataServerContainer/env/lib/python3.8/site-packages/airflow/example_dags/example_short_circuit_operator.py for tasks to queue
[2021-03-08 12:23:12,950] {logging_mixin.py:104} INFO - [2021-03-08 12:23:12,950] {dagbag.py:448} INFO - Filling up the DagBag from /Users/garymarmon/PycharmProjects/AWTY-Limitless/DataServerContainer/env/lib/python3.8/site-packages/airflow/example_dags/example_short_circuit_operator.py
[2021-03-08 12:23:12,960] {scheduler_job.py:639} INFO - DAG(s) dict_keys(['example_short_circuit_operator']) retrieved from /Users/garymarmon/PycharmProjects/AWTY-Limitless/DataServerContainer/env/lib/python3.8/site-packages/airflow/example_dags/example_short_circuit_operator.py
[2021-03-08 12:23:12,997] {logging_mixin.py:104} INFO - [2021-03-08 12:23:12,996] {dag.py:1818} INFO - Sync 1 DAGs
[2021-03-08 12:23:13,004] {logging_mixin.py:104} INFO - [2021-03-08 12:23:13,004] {dag.py:2273} INFO - Setting next_dagrun for example_short_circuit_operator to 2021-03-06 00:00:00+00:00
[2021-03-08 12:23:13,009] {scheduler_job.py:190} INFO - Processing /Users/garymarmon/PycharmProjects/AWTY-Limitless/DataServerContainer/env/lib/python3.8/site-packages/airflow/example_dags/example_short_circuit_operator.py took 0.061 seconds
[2021-03-08 12:24:11,334] {scheduler_job.py:182} INFO - Started process (PID=3220) to work on /Users/garymarmon/PycharmProjects/AWTY-Limitless/DataServerContainer/env/lib/python3.8/site-packages/airflow/example_dags/example_short_circuit_operator.py
[2021-03-08 12:24:11,335] {scheduler_job.py:629} INFO - Processing file /Users/garymarmon/PycharmProjects/AWTY-Limitless/DataServerContainer/env/lib/python3.8/site-packages/airflow/example_dags/example_short_circuit_operator.py for tasks to queue
[2021-03-08 12:24:11,335] {logging_mixin.py:104} INFO - [2021-03-08 12:24:11,335] {dagbag.py:448} INFO - Filling up the DagBag from /Users/garymarmon/PycharmProjects/AWTY-Limitless/DataServerContainer/env/lib/python3.8/site-packages/airflow/example_dags/example_short_circuit_operator.py
[2021-03-08 12:24:11,344] {scheduler_job.py:639} INFO - DAG(s) dict_keys(['example_short_circuit_operator']) retrieved from /Users/garymarmon/PycharmProjects/AWTY-Limitless/DataServerContainer/env/lib/python3.8/site-packages/airflow/example_dags/example_short_circuit_operator.py
[2021-03-08 12:24:11,380] {logging_mixin.py:104} INFO - [2021-03-08 12:24:11,380] {dag.py:1818} INFO - Sync 1 DAGs
[2021-03-08 12:24:11,387] {logging_mixin.py:104} INFO - [2021-03-08 12:24:11,387] {dag.py:2273} INFO - Setting next_dagrun for example_short_circuit_operator to 2021-03-06 00:00:00+00:00
[2021-03-08 12:24:11,392] {scheduler_job.py:190} INFO - Processing /Users/garymarmon/PycharmProjects/AWTY-Limitless/DataServerContainer/env/lib/python3.8/site-packages/airflow/example_dags/example_short_circuit_operator.py took 0.059 seconds
[2021-03-08 12:25:23,604] {scheduler_job.py:182} INFO - Started process (PID=3351) to work on /Users/garymarmon/PycharmProjects/AWTY-Limitless/DataServerContainer/env/lib/python3.8/site-packages/airflow/example_dags/example_short_circuit_operator.py
[2021-03-08 12:25:23,605] {scheduler_job.py:629} INFO - Processing file /Users/garymarmon/PycharmProjects/AWTY-Limitless/DataServerContainer/env/lib/python3.8/site-packages/airflow/example_dags/example_short_circuit_operator.py for tasks to queue
[2021-03-08 12:25:23,606] {logging_mixin.py:104} INFO - [2021-03-08 12:25:23,606] {dagbag.py:448} INFO - Filling up the DagBag from /Users/garymarmon/PycharmProjects/AWTY-Limitless/DataServerContainer/env/lib/python3.8/site-packages/airflow/example_dags/example_short_circuit_operator.py
[2021-03-08 12:25:23,617] {scheduler_job.py:639} INFO - DAG(s) dict_keys(['example_short_circuit_operator']) retrieved from /Users/garymarmon/PycharmProjects/AWTY-Limitless/DataServerContainer/env/lib/python3.8/site-packages/airflow/example_dags/example_short_circuit_operator.py
[2021-03-08 12:25:23,672] {logging_mixin.py:104} INFO - [2021-03-08 12:25:23,672] {dag.py:1818} INFO - Sync 1 DAGs
[2021-03-08 12:25:23,684] {logging_mixin.py:104} INFO - [2021-03-08 12:25:23,684] {dag.py:2273} INFO - Setting next_dagrun for example_short_circuit_operator to 2021-03-06 00:00:00+00:00
[2021-03-08 12:25:23,694] {scheduler_job.py:190} INFO - Processing /Users/garymarmon/PycharmProjects/AWTY-Limitless/DataServerContainer/env/lib/python3.8/site-packages/airflow/example_dags/example_short_circuit_operator.py took 0.091 seconds
[2021-03-08 12:26:10,005] {scheduler_job.py:182} INFO - Started process (PID=3468) to work on /Users/garymarmon/PycharmProjects/AWTY-Limitless/DataServerContainer/env/lib/python3.8/site-packages/airflow/example_dags/example_short_circuit_operator.py
[2021-03-08 12:26:10,007] {scheduler_job.py:629} INFO - Processing file /Users/garymarmon/PycharmProjects/AWTY-Limitless/DataServerContainer/env/lib/python3.8/site-packages/airflow/example_dags/example_short_circuit_operator.py for tasks to queue
[2021-03-08 12:26:10,008] {logging_mixin.py:104} INFO - [2021-03-08 12:26:10,008] {dagbag.py:448} INFO - Filling up the DagBag from /Users/garymarmon/PycharmProjects/AWTY-Limitless/DataServerContainer/env/lib/python3.8/site-packages/airflow/example_dags/example_short_circuit_operator.py
[2021-03-08 12:26:10,027] {scheduler_job.py:639} INFO - DAG(s) dict_keys(['example_short_circuit_operator']) retrieved from /Users/garymarmon/PycharmProjects/AWTY-Limitless/DataServerContainer/env/lib/python3.8/site-packages/airflow/example_dags/example_short_circuit_operator.py
[2021-03-08 12:26:10,098] {logging_mixin.py:104} INFO - [2021-03-08 12:26:10,098] {dag.py:1818} INFO - Sync 1 DAGs
[2021-03-08 12:26:10,111] {logging_mixin.py:104} INFO - [2021-03-08 12:26:10,111] {dag.py:2273} INFO - Setting next_dagrun for example_short_circuit_operator to 2021-03-06 00:00:00+00:00
[2021-03-08 12:26:10,119] {scheduler_job.py:190} INFO - Processing /Users/garymarmon/PycharmProjects/AWTY-Limitless/DataServerContainer/env/lib/python3.8/site-packages/airflow/example_dags/example_short_circuit_operator.py took 0.116 seconds
[2021-03-08 12:26:55,428] {scheduler_job.py:182} INFO - Started process (PID=3597) to work on /Users/garymarmon/PycharmProjects/AWTY-Limitless/DataServerContainer/env/lib/python3.8/site-packages/airflow/example_dags/example_short_circuit_operator.py
[2021-03-08 12:26:55,428] {scheduler_job.py:629} INFO - Processing file /Users/garymarmon/PycharmProjects/AWTY-Limitless/DataServerContainer/env/lib/python3.8/site-packages/airflow/example_dags/example_short_circuit_operator.py for tasks to queue
[2021-03-08 12:26:55,429] {logging_mixin.py:104} INFO - [2021-03-08 12:26:55,429] {dagbag.py:448} INFO - Filling up the DagBag from /Users/garymarmon/PycharmProjects/AWTY-Limitless/DataServerContainer/env/lib/python3.8/site-packages/airflow/example_dags/example_short_circuit_operator.py
[2021-03-08 12:26:55,439] {scheduler_job.py:639} INFO - DAG(s) dict_keys(['example_short_circuit_operator']) retrieved from /Users/garymarmon/PycharmProjects/AWTY-Limitless/DataServerContainer/env/lib/python3.8/site-packages/airflow/example_dags/example_short_circuit_operator.py
[2021-03-08 12:26:55,478] {logging_mixin.py:104} INFO - [2021-03-08 12:26:55,478] {dag.py:1818} INFO - Sync 1 DAGs
[2021-03-08 12:26:55,486] {logging_mixin.py:104} INFO - [2021-03-08 12:26:55,486] {dag.py:2273} INFO - Setting next_dagrun for example_short_circuit_operator to 2021-03-06 00:00:00+00:00
[2021-03-08 12:26:55,492] {scheduler_job.py:190} INFO - Processing /Users/garymarmon/PycharmProjects/AWTY-Limitless/DataServerContainer/env/lib/python3.8/site-packages/airflow/example_dags/example_short_circuit_operator.py took 0.065 seconds
[2021-03-08 12:27:31,925] {scheduler_job.py:182} INFO - Started process (PID=3644) to work on /Users/garymarmon/PycharmProjects/AWTY-Limitless/DataServerContainer/env/lib/python3.8/site-packages/airflow/example_dags/example_short_circuit_operator.py
[2021-03-08 12:27:31,926] {scheduler_job.py:629} INFO - Processing file /Users/garymarmon/PycharmProjects/AWTY-Limitless/DataServerContainer/env/lib/python3.8/site-packages/airflow/example_dags/example_short_circuit_operator.py for tasks to queue
[2021-03-08 12:27:31,926] {logging_mixin.py:104} INFO - [2021-03-08 12:27:31,926] {dagbag.py:448} INFO - Filling up the DagBag from /Users/garymarmon/PycharmProjects/AWTY-Limitless/DataServerContainer/env/lib/python3.8/site-packages/airflow/example_dags/example_short_circuit_operator.py
[2021-03-08 12:27:31,936] {scheduler_job.py:639} INFO - DAG(s) dict_keys(['example_short_circuit_operator']) retrieved from /Users/garymarmon/PycharmProjects/AWTY-Limitless/DataServerContainer/env/lib/python3.8/site-packages/airflow/example_dags/example_short_circuit_operator.py
[2021-03-08 12:27:31,969] {logging_mixin.py:104} INFO - [2021-03-08 12:27:31,969] {dag.py:1818} INFO - Sync 1 DAGs
[2021-03-08 12:27:31,976] {logging_mixin.py:104} INFO - [2021-03-08 12:27:31,976] {dag.py:2273} INFO - Setting next_dagrun for example_short_circuit_operator to 2021-03-06 00:00:00+00:00
[2021-03-08 12:27:31,981] {scheduler_job.py:190} INFO - Processing /Users/garymarmon/PycharmProjects/AWTY-Limitless/DataServerContainer/env/lib/python3.8/site-packages/airflow/example_dags/example_short_circuit_operator.py took 0.057 seconds
[2021-03-08 12:28:30,213] {scheduler_job.py:182} INFO - Started process (PID=3722) to work on /Users/garymarmon/PycharmProjects/AWTY-Limitless/DataServerContainer/env/lib/python3.8/site-packages/airflow/example_dags/example_short_circuit_operator.py
[2021-03-08 12:28:30,214] {scheduler_job.py:629} INFO - Processing file /Users/garymarmon/PycharmProjects/AWTY-Limitless/DataServerContainer/env/lib/python3.8/site-packages/airflow/example_dags/example_short_circuit_operator.py for tasks to queue
[2021-03-08 12:28:30,214] {logging_mixin.py:104} INFO - [2021-03-08 12:28:30,214] {dagbag.py:448} INFO - Filling up the DagBag from /Users/garymarmon/PycharmProjects/AWTY-Limitless/DataServerContainer/env/lib/python3.8/site-packages/airflow/example_dags/example_short_circuit_operator.py
[2021-03-08 12:28:30,223] {scheduler_job.py:639} INFO - DAG(s) dict_keys(['example_short_circuit_operator']) retrieved from /Users/garymarmon/PycharmProjects/AWTY-Limitless/DataServerContainer/env/lib/python3.8/site-packages/airflow/example_dags/example_short_circuit_operator.py
[2021-03-08 12:28:30,258] {logging_mixin.py:104} INFO - [2021-03-08 12:28:30,258] {dag.py:1818} INFO - Sync 1 DAGs
[2021-03-08 12:28:30,266] {logging_mixin.py:104} INFO - [2021-03-08 12:28:30,266] {dag.py:2273} INFO - Setting next_dagrun for example_short_circuit_operator to 2021-03-06 00:00:00+00:00
[2021-03-08 12:28:30,273] {scheduler_job.py:190} INFO - Processing /Users/garymarmon/PycharmProjects/AWTY-Limitless/DataServerContainer/env/lib/python3.8/site-packages/airflow/example_dags/example_short_circuit_operator.py took 0.061 seconds
[2021-03-08 12:29:26,374] {scheduler_job.py:182} INFO - Started process (PID=3789) to work on /Users/garymarmon/PycharmProjects/AWTY-Limitless/DataServerContainer/env/lib/python3.8/site-packages/airflow/example_dags/example_short_circuit_operator.py
[2021-03-08 12:29:26,374] {scheduler_job.py:629} INFO - Processing file /Users/garymarmon/PycharmProjects/AWTY-Limitless/DataServerContainer/env/lib/python3.8/site-packages/airflow/example_dags/example_short_circuit_operator.py for tasks to queue
[2021-03-08 12:29:26,375] {logging_mixin.py:104} INFO - [2021-03-08 12:29:26,374] {dagbag.py:448} INFO - Filling up the DagBag from /Users/garymarmon/PycharmProjects/AWTY-Limitless/DataServerContainer/env/lib/python3.8/site-packages/airflow/example_dags/example_short_circuit_operator.py
[2021-03-08 12:29:26,382] {scheduler_job.py:639} INFO - DAG(s) dict_keys(['example_short_circuit_operator']) retrieved from /Users/garymarmon/PycharmProjects/AWTY-Limitless/DataServerContainer/env/lib/python3.8/site-packages/airflow/example_dags/example_short_circuit_operator.py
[2021-03-08 12:29:26,415] {logging_mixin.py:104} INFO - [2021-03-08 12:29:26,414] {dag.py:1818} INFO - Sync 1 DAGs
[2021-03-08 12:29:26,421] {logging_mixin.py:104} INFO - [2021-03-08 12:29:26,421] {dag.py:2273} INFO - Setting next_dagrun for example_short_circuit_operator to 2021-03-06 00:00:00+00:00
[2021-03-08 12:29:26,427] {scheduler_job.py:190} INFO - Processing /Users/garymarmon/PycharmProjects/AWTY-Limitless/DataServerContainer/env/lib/python3.8/site-packages/airflow/example_dags/example_short_circuit_operator.py took 0.054 seconds
[2021-03-08 12:30:32,382] {scheduler_job.py:182} INFO - Started process (PID=3860) to work on /Users/garymarmon/PycharmProjects/AWTY-Limitless/DataServerContainer/env/lib/python3.8/site-packages/airflow/example_dags/example_short_circuit_operator.py
[2021-03-08 12:30:32,383] {scheduler_job.py:629} INFO - Processing file /Users/garymarmon/PycharmProjects/AWTY-Limitless/DataServerContainer/env/lib/python3.8/site-packages/airflow/example_dags/example_short_circuit_operator.py for tasks to queue
[2021-03-08 12:30:32,383] {logging_mixin.py:104} INFO - [2021-03-08 12:30:32,383] {dagbag.py:448} INFO - Filling up the DagBag from /Users/garymarmon/PycharmProjects/AWTY-Limitless/DataServerContainer/env/lib/python3.8/site-packages/airflow/example_dags/example_short_circuit_operator.py
[2021-03-08 12:30:32,394] {scheduler_job.py:639} INFO - DAG(s) dict_keys(['example_short_circuit_operator']) retrieved from /Users/garymarmon/PycharmProjects/AWTY-Limitless/DataServerContainer/env/lib/python3.8/site-packages/airflow/example_dags/example_short_circuit_operator.py
[2021-03-08 12:30:32,434] {logging_mixin.py:104} INFO - [2021-03-08 12:30:32,434] {dag.py:1818} INFO - Sync 1 DAGs
[2021-03-08 12:30:32,442] {logging_mixin.py:104} INFO - [2021-03-08 12:30:32,442] {dag.py:2273} INFO - Setting next_dagrun for example_short_circuit_operator to 2021-03-06 00:00:00+00:00
[2021-03-08 12:30:32,448] {scheduler_job.py:190} INFO - Processing /Users/garymarmon/PycharmProjects/AWTY-Limitless/DataServerContainer/env/lib/python3.8/site-packages/airflow/example_dags/example_short_circuit_operator.py took 0.067 seconds
[2021-03-08 12:31:47,525] {scheduler_job.py:182} INFO - Started process (PID=3946) to work on /Users/garymarmon/PycharmProjects/AWTY-Limitless/DataServerContainer/env/lib/python3.8/site-packages/airflow/example_dags/example_short_circuit_operator.py
[2021-03-08 12:31:47,525] {scheduler_job.py:629} INFO - Processing file /Users/garymarmon/PycharmProjects/AWTY-Limitless/DataServerContainer/env/lib/python3.8/site-packages/airflow/example_dags/example_short_circuit_operator.py for tasks to queue
[2021-03-08 12:31:47,526] {logging_mixin.py:104} INFO - [2021-03-08 12:31:47,526] {dagbag.py:448} INFO - Filling up the DagBag from /Users/garymarmon/PycharmProjects/AWTY-Limitless/DataServerContainer/env/lib/python3.8/site-packages/airflow/example_dags/example_short_circuit_operator.py
[2021-03-08 12:31:47,535] {scheduler_job.py:639} INFO - DAG(s) dict_keys(['example_short_circuit_operator']) retrieved from /Users/garymarmon/PycharmProjects/AWTY-Limitless/DataServerContainer/env/lib/python3.8/site-packages/airflow/example_dags/example_short_circuit_operator.py
[2021-03-08 12:31:47,572] {logging_mixin.py:104} INFO - [2021-03-08 12:31:47,572] {dag.py:1818} INFO - Sync 1 DAGs
[2021-03-08 12:31:47,581] {logging_mixin.py:104} INFO - [2021-03-08 12:31:47,580] {dag.py:2273} INFO - Setting next_dagrun for example_short_circuit_operator to 2021-03-06 00:00:00+00:00
[2021-03-08 12:31:47,587] {scheduler_job.py:190} INFO - Processing /Users/garymarmon/PycharmProjects/AWTY-Limitless/DataServerContainer/env/lib/python3.8/site-packages/airflow/example_dags/example_short_circuit_operator.py took 0.063 seconds
[2021-03-08 12:32:58,475] {scheduler_job.py:182} INFO - Started process (PID=4029) to work on /Users/garymarmon/PycharmProjects/AWTY-Limitless/DataServerContainer/env/lib/python3.8/site-packages/airflow/example_dags/example_short_circuit_operator.py
[2021-03-08 12:32:58,476] {scheduler_job.py:629} INFO - Processing file /Users/garymarmon/PycharmProjects/AWTY-Limitless/DataServerContainer/env/lib/python3.8/site-packages/airflow/example_dags/example_short_circuit_operator.py for tasks to queue
[2021-03-08 12:32:58,476] {logging_mixin.py:104} INFO - [2021-03-08 12:32:58,476] {dagbag.py:448} INFO - Filling up the DagBag from /Users/garymarmon/PycharmProjects/AWTY-Limitless/DataServerContainer/env/lib/python3.8/site-packages/airflow/example_dags/example_short_circuit_operator.py
[2021-03-08 12:32:58,485] {scheduler_job.py:639} INFO - DAG(s) dict_keys(['example_short_circuit_operator']) retrieved from /Users/garymarmon/PycharmProjects/AWTY-Limitless/DataServerContainer/env/lib/python3.8/site-packages/airflow/example_dags/example_short_circuit_operator.py
[2021-03-08 12:32:58,522] {logging_mixin.py:104} INFO - [2021-03-08 12:32:58,522] {dag.py:1818} INFO - Sync 1 DAGs
[2021-03-08 12:32:58,531] {logging_mixin.py:104} INFO - [2021-03-08 12:32:58,531] {dag.py:2273} INFO - Setting next_dagrun for example_short_circuit_operator to 2021-03-06 00:00:00+00:00
[2021-03-08 12:32:58,537] {scheduler_job.py:190} INFO - Processing /Users/garymarmon/PycharmProjects/AWTY-Limitless/DataServerContainer/env/lib/python3.8/site-packages/airflow/example_dags/example_short_circuit_operator.py took 0.063 seconds
[2021-03-08 12:33:57,209] {scheduler_job.py:182} INFO - Started process (PID=4095) to work on /Users/garymarmon/PycharmProjects/AWTY-Limitless/DataServerContainer/env/lib/python3.8/site-packages/airflow/example_dags/example_short_circuit_operator.py
[2021-03-08 12:33:57,210] {scheduler_job.py:629} INFO - Processing file /Users/garymarmon/PycharmProjects/AWTY-Limitless/DataServerContainer/env/lib/python3.8/site-packages/airflow/example_dags/example_short_circuit_operator.py for tasks to queue
[2021-03-08 12:33:57,211] {logging_mixin.py:104} INFO - [2021-03-08 12:33:57,211] {dagbag.py:448} INFO - Filling up the DagBag from /Users/garymarmon/PycharmProjects/AWTY-Limitless/DataServerContainer/env/lib/python3.8/site-packages/airflow/example_dags/example_short_circuit_operator.py
[2021-03-08 12:33:57,225] {scheduler_job.py:639} INFO - DAG(s) dict_keys(['example_short_circuit_operator']) retrieved from /Users/garymarmon/PycharmProjects/AWTY-Limitless/DataServerContainer/env/lib/python3.8/site-packages/airflow/example_dags/example_short_circuit_operator.py
[2021-03-08 12:33:57,296] {logging_mixin.py:104} INFO - [2021-03-08 12:33:57,296] {dag.py:1818} INFO - Sync 1 DAGs
[2021-03-08 12:33:57,314] {logging_mixin.py:104} INFO - [2021-03-08 12:33:57,314] {dag.py:2273} INFO - Setting next_dagrun for example_short_circuit_operator to 2021-03-06 00:00:00+00:00
[2021-03-08 12:33:57,329] {scheduler_job.py:190} INFO - Processing /Users/garymarmon/PycharmProjects/AWTY-Limitless/DataServerContainer/env/lib/python3.8/site-packages/airflow/example_dags/example_short_circuit_operator.py took 0.122 seconds
[2021-03-08 12:34:32,596] {scheduler_job.py:182} INFO - Started process (PID=4136) to work on /Users/garymarmon/PycharmProjects/AWTY-Limitless/DataServerContainer/env/lib/python3.8/site-packages/airflow/example_dags/example_short_circuit_operator.py
[2021-03-08 12:34:32,596] {scheduler_job.py:629} INFO - Processing file /Users/garymarmon/PycharmProjects/AWTY-Limitless/DataServerContainer/env/lib/python3.8/site-packages/airflow/example_dags/example_short_circuit_operator.py for tasks to queue
[2021-03-08 12:34:32,597] {logging_mixin.py:104} INFO - [2021-03-08 12:34:32,597] {dagbag.py:448} INFO - Filling up the DagBag from /Users/garymarmon/PycharmProjects/AWTY-Limitless/DataServerContainer/env/lib/python3.8/site-packages/airflow/example_dags/example_short_circuit_operator.py
[2021-03-08 12:34:32,604] {scheduler_job.py:639} INFO - DAG(s) dict_keys(['example_short_circuit_operator']) retrieved from /Users/garymarmon/PycharmProjects/AWTY-Limitless/DataServerContainer/env/lib/python3.8/site-packages/airflow/example_dags/example_short_circuit_operator.py
[2021-03-08 12:34:32,640] {logging_mixin.py:104} INFO - [2021-03-08 12:34:32,639] {dag.py:1818} INFO - Sync 1 DAGs
[2021-03-08 12:34:32,648] {logging_mixin.py:104} INFO - [2021-03-08 12:34:32,648] {dag.py:2273} INFO - Setting next_dagrun for example_short_circuit_operator to 2021-03-06 00:00:00+00:00
[2021-03-08 12:34:32,655] {scheduler_job.py:190} INFO - Processing /Users/garymarmon/PycharmProjects/AWTY-Limitless/DataServerContainer/env/lib/python3.8/site-packages/airflow/example_dags/example_short_circuit_operator.py took 0.060 seconds
[2021-03-08 12:35:13,744] {scheduler_job.py:182} INFO - Started process (PID=4183) to work on /Users/garymarmon/PycharmProjects/AWTY-Limitless/DataServerContainer/env/lib/python3.8/site-packages/airflow/example_dags/example_short_circuit_operator.py
[2021-03-08 12:35:13,745] {scheduler_job.py:629} INFO - Processing file /Users/garymarmon/PycharmProjects/AWTY-Limitless/DataServerContainer/env/lib/python3.8/site-packages/airflow/example_dags/example_short_circuit_operator.py for tasks to queue
[2021-03-08 12:35:13,745] {logging_mixin.py:104} INFO - [2021-03-08 12:35:13,745] {dagbag.py:448} INFO - Filling up the DagBag from /Users/garymarmon/PycharmProjects/AWTY-Limitless/DataServerContainer/env/lib/python3.8/site-packages/airflow/example_dags/example_short_circuit_operator.py
[2021-03-08 12:35:13,755] {scheduler_job.py:639} INFO - DAG(s) dict_keys(['example_short_circuit_operator']) retrieved from /Users/garymarmon/PycharmProjects/AWTY-Limitless/DataServerContainer/env/lib/python3.8/site-packages/airflow/example_dags/example_short_circuit_operator.py
[2021-03-08 12:35:13,789] {logging_mixin.py:104} INFO - [2021-03-08 12:35:13,789] {dag.py:1818} INFO - Sync 1 DAGs
[2021-03-08 12:35:13,799] {logging_mixin.py:104} INFO - [2021-03-08 12:35:13,799] {dag.py:2273} INFO - Setting next_dagrun for example_short_circuit_operator to 2021-03-06 00:00:00+00:00
[2021-03-08 12:35:13,805] {scheduler_job.py:190} INFO - Processing /Users/garymarmon/PycharmProjects/AWTY-Limitless/DataServerContainer/env/lib/python3.8/site-packages/airflow/example_dags/example_short_circuit_operator.py took 0.062 seconds
[2021-03-08 12:36:16,688] {scheduler_job.py:182} INFO - Started process (PID=4259) to work on /Users/garymarmon/PycharmProjects/AWTY-Limitless/DataServerContainer/env/lib/python3.8/site-packages/airflow/example_dags/example_short_circuit_operator.py
[2021-03-08 12:36:16,688] {scheduler_job.py:629} INFO - Processing file /Users/garymarmon/PycharmProjects/AWTY-Limitless/DataServerContainer/env/lib/python3.8/site-packages/airflow/example_dags/example_short_circuit_operator.py for tasks to queue
[2021-03-08 12:36:16,689] {logging_mixin.py:104} INFO - [2021-03-08 12:36:16,689] {dagbag.py:448} INFO - Filling up the DagBag from /Users/garymarmon/PycharmProjects/AWTY-Limitless/DataServerContainer/env/lib/python3.8/site-packages/airflow/example_dags/example_short_circuit_operator.py
[2021-03-08 12:36:16,702] {scheduler_job.py:639} INFO - DAG(s) dict_keys(['example_short_circuit_operator']) retrieved from /Users/garymarmon/PycharmProjects/AWTY-Limitless/DataServerContainer/env/lib/python3.8/site-packages/airflow/example_dags/example_short_circuit_operator.py
[2021-03-08 12:36:16,758] {logging_mixin.py:104} INFO - [2021-03-08 12:36:16,758] {dag.py:1818} INFO - Sync 1 DAGs
[2021-03-08 12:36:16,770] {logging_mixin.py:104} INFO - [2021-03-08 12:36:16,770] {dag.py:2273} INFO - Setting next_dagrun for example_short_circuit_operator to 2021-03-06 00:00:00+00:00
[2021-03-08 12:36:16,782] {scheduler_job.py:190} INFO - Processing /Users/garymarmon/PycharmProjects/AWTY-Limitless/DataServerContainer/env/lib/python3.8/site-packages/airflow/example_dags/example_short_circuit_operator.py took 0.095 seconds
[2021-03-08 12:36:52,224] {scheduler_job.py:182} INFO - Started process (PID=4304) to work on /Users/garymarmon/PycharmProjects/AWTY-Limitless/DataServerContainer/env/lib/python3.8/site-packages/airflow/example_dags/example_short_circuit_operator.py
[2021-03-08 12:36:52,225] {scheduler_job.py:629} INFO - Processing file /Users/garymarmon/PycharmProjects/AWTY-Limitless/DataServerContainer/env/lib/python3.8/site-packages/airflow/example_dags/example_short_circuit_operator.py for tasks to queue
[2021-03-08 12:36:52,225] {logging_mixin.py:104} INFO - [2021-03-08 12:36:52,225] {dagbag.py:448} INFO - Filling up the DagBag from /Users/garymarmon/PycharmProjects/AWTY-Limitless/DataServerContainer/env/lib/python3.8/site-packages/airflow/example_dags/example_short_circuit_operator.py
[2021-03-08 12:36:52,232] {scheduler_job.py:639} INFO - DAG(s) dict_keys(['example_short_circuit_operator']) retrieved from /Users/garymarmon/PycharmProjects/AWTY-Limitless/DataServerContainer/env/lib/python3.8/site-packages/airflow/example_dags/example_short_circuit_operator.py
[2021-03-08 12:36:52,265] {logging_mixin.py:104} INFO - [2021-03-08 12:36:52,265] {dag.py:1818} INFO - Sync 1 DAGs
[2021-03-08 12:36:52,273] {logging_mixin.py:104} INFO - [2021-03-08 12:36:52,273] {dag.py:2273} INFO - Setting next_dagrun for example_short_circuit_operator to 2021-03-06 00:00:00+00:00
[2021-03-08 12:36:52,280] {scheduler_job.py:190} INFO - Processing /Users/garymarmon/PycharmProjects/AWTY-Limitless/DataServerContainer/env/lib/python3.8/site-packages/airflow/example_dags/example_short_circuit_operator.py took 0.056 seconds
[2021-03-08 12:37:32,282] {scheduler_job.py:182} INFO - Started process (PID=4367) to work on /Users/garymarmon/PycharmProjects/AWTY-Limitless/DataServerContainer/env/lib/python3.8/site-packages/airflow/example_dags/example_short_circuit_operator.py
[2021-03-08 12:37:32,283] {scheduler_job.py:629} INFO - Processing file /Users/garymarmon/PycharmProjects/AWTY-Limitless/DataServerContainer/env/lib/python3.8/site-packages/airflow/example_dags/example_short_circuit_operator.py for tasks to queue
[2021-03-08 12:37:32,283] {logging_mixin.py:104} INFO - [2021-03-08 12:37:32,283] {dagbag.py:448} INFO - Filling up the DagBag from /Users/garymarmon/PycharmProjects/AWTY-Limitless/DataServerContainer/env/lib/python3.8/site-packages/airflow/example_dags/example_short_circuit_operator.py
[2021-03-08 12:37:32,296] {scheduler_job.py:639} INFO - DAG(s) dict_keys(['example_short_circuit_operator']) retrieved from /Users/garymarmon/PycharmProjects/AWTY-Limitless/DataServerContainer/env/lib/python3.8/site-packages/airflow/example_dags/example_short_circuit_operator.py
[2021-03-08 12:37:32,364] {logging_mixin.py:104} INFO - [2021-03-08 12:37:32,364] {dag.py:1818} INFO - Sync 1 DAGs
[2021-03-08 12:37:32,381] {logging_mixin.py:104} INFO - [2021-03-08 12:37:32,380] {dag.py:2273} INFO - Setting next_dagrun for example_short_circuit_operator to 2021-03-06 00:00:00+00:00
[2021-03-08 12:37:32,391] {scheduler_job.py:190} INFO - Processing /Users/garymarmon/PycharmProjects/AWTY-Limitless/DataServerContainer/env/lib/python3.8/site-packages/airflow/example_dags/example_short_circuit_operator.py took 0.111 seconds
