[2021-03-08 12:11:12,047] {scheduler_job.py:182} INFO - Started process (PID=2328) to work on /Users/garymarmon/PycharmProjects/AWTY-Limitless/DataServerContainer/env/lib/python3.8/site-packages/airflow/example_dags/example_nested_branch_dag.py
[2021-03-08 12:11:12,048] {scheduler_job.py:629} INFO - Processing file /Users/garymarmon/PycharmProjects/AWTY-Limitless/DataServerContainer/env/lib/python3.8/site-packages/airflow/example_dags/example_nested_branch_dag.py for tasks to queue
[2021-03-08 12:11:12,049] {logging_mixin.py:104} INFO - [2021-03-08 12:11:12,049] {dagbag.py:448} INFO - Filling up the DagBag from /Users/garymarmon/PycharmProjects/AWTY-Limitless/DataServerContainer/env/lib/python3.8/site-packages/airflow/example_dags/example_nested_branch_dag.py
[2021-03-08 12:11:12,072] {scheduler_job.py:639} INFO - DAG(s) dict_keys(['example_nested_branch_dag']) retrieved from /Users/garymarmon/PycharmProjects/AWTY-Limitless/DataServerContainer/env/lib/python3.8/site-packages/airflow/example_dags/example_nested_branch_dag.py
[2021-03-08 12:11:12,133] {logging_mixin.py:104} INFO - [2021-03-08 12:11:12,133] {dag.py:1818} INFO - Sync 1 DAGs
[2021-03-08 12:11:12,151] {logging_mixin.py:104} INFO - [2021-03-08 12:11:12,151] {dag.py:2273} INFO - Setting next_dagrun for example_nested_branch_dag to 2021-03-06 00:00:00+00:00
[2021-03-08 12:11:12,161] {scheduler_job.py:190} INFO - Processing /Users/garymarmon/PycharmProjects/AWTY-Limitless/DataServerContainer/env/lib/python3.8/site-packages/airflow/example_dags/example_nested_branch_dag.py took 0.116 seconds
[2021-03-08 12:13:57,871] {scheduler_job.py:182} INFO - Started process (PID=2458) to work on /Users/garymarmon/PycharmProjects/AWTY-Limitless/DataServerContainer/env/lib/python3.8/site-packages/airflow/example_dags/example_nested_branch_dag.py
[2021-03-08 12:13:57,872] {scheduler_job.py:629} INFO - Processing file /Users/garymarmon/PycharmProjects/AWTY-Limitless/DataServerContainer/env/lib/python3.8/site-packages/airflow/example_dags/example_nested_branch_dag.py for tasks to queue
[2021-03-08 12:13:57,872] {logging_mixin.py:104} INFO - [2021-03-08 12:13:57,872] {dagbag.py:448} INFO - Filling up the DagBag from /Users/garymarmon/PycharmProjects/AWTY-Limitless/DataServerContainer/env/lib/python3.8/site-packages/airflow/example_dags/example_nested_branch_dag.py
[2021-03-08 12:13:57,889] {scheduler_job.py:639} INFO - DAG(s) dict_keys(['example_nested_branch_dag']) retrieved from /Users/garymarmon/PycharmProjects/AWTY-Limitless/DataServerContainer/env/lib/python3.8/site-packages/airflow/example_dags/example_nested_branch_dag.py
[2021-03-08 12:13:57,963] {logging_mixin.py:104} INFO - [2021-03-08 12:13:57,962] {dag.py:1818} INFO - Sync 1 DAGs
[2021-03-08 12:13:57,993] {logging_mixin.py:104} INFO - [2021-03-08 12:13:57,993] {dag.py:2273} INFO - Setting next_dagrun for example_nested_branch_dag to 2021-03-06 00:00:00+00:00
[2021-03-08 12:13:58,011] {scheduler_job.py:190} INFO - Processing /Users/garymarmon/PycharmProjects/AWTY-Limitless/DataServerContainer/env/lib/python3.8/site-packages/airflow/example_dags/example_nested_branch_dag.py took 0.140 seconds
[2021-03-08 12:15:00,090] {scheduler_job.py:182} INFO - Started process (PID=2535) to work on /Users/garymarmon/PycharmProjects/AWTY-Limitless/DataServerContainer/env/lib/python3.8/site-packages/airflow/example_dags/example_nested_branch_dag.py
[2021-03-08 12:15:00,090] {scheduler_job.py:629} INFO - Processing file /Users/garymarmon/PycharmProjects/AWTY-Limitless/DataServerContainer/env/lib/python3.8/site-packages/airflow/example_dags/example_nested_branch_dag.py for tasks to queue
[2021-03-08 12:15:00,091] {logging_mixin.py:104} INFO - [2021-03-08 12:15:00,091] {dagbag.py:448} INFO - Filling up the DagBag from /Users/garymarmon/PycharmProjects/AWTY-Limitless/DataServerContainer/env/lib/python3.8/site-packages/airflow/example_dags/example_nested_branch_dag.py
[2021-03-08 12:15:00,103] {scheduler_job.py:639} INFO - DAG(s) dict_keys(['example_nested_branch_dag']) retrieved from /Users/garymarmon/PycharmProjects/AWTY-Limitless/DataServerContainer/env/lib/python3.8/site-packages/airflow/example_dags/example_nested_branch_dag.py
[2021-03-08 12:15:00,148] {logging_mixin.py:104} INFO - [2021-03-08 12:15:00,148] {dag.py:1818} INFO - Sync 1 DAGs
[2021-03-08 12:15:00,163] {logging_mixin.py:104} INFO - [2021-03-08 12:15:00,163] {dag.py:2273} INFO - Setting next_dagrun for example_nested_branch_dag to 2021-03-06 00:00:00+00:00
[2021-03-08 12:15:00,173] {scheduler_job.py:190} INFO - Processing /Users/garymarmon/PycharmProjects/AWTY-Limitless/DataServerContainer/env/lib/python3.8/site-packages/airflow/example_dags/example_nested_branch_dag.py took 0.084 seconds
[2021-03-08 12:15:59,305] {scheduler_job.py:182} INFO - Started process (PID=2604) to work on /Users/garymarmon/PycharmProjects/AWTY-Limitless/DataServerContainer/env/lib/python3.8/site-packages/airflow/example_dags/example_nested_branch_dag.py
[2021-03-08 12:15:59,306] {scheduler_job.py:629} INFO - Processing file /Users/garymarmon/PycharmProjects/AWTY-Limitless/DataServerContainer/env/lib/python3.8/site-packages/airflow/example_dags/example_nested_branch_dag.py for tasks to queue
[2021-03-08 12:15:59,306] {logging_mixin.py:104} INFO - [2021-03-08 12:15:59,306] {dagbag.py:448} INFO - Filling up the DagBag from /Users/garymarmon/PycharmProjects/AWTY-Limitless/DataServerContainer/env/lib/python3.8/site-packages/airflow/example_dags/example_nested_branch_dag.py
[2021-03-08 12:15:59,317] {scheduler_job.py:639} INFO - DAG(s) dict_keys(['example_nested_branch_dag']) retrieved from /Users/garymarmon/PycharmProjects/AWTY-Limitless/DataServerContainer/env/lib/python3.8/site-packages/airflow/example_dags/example_nested_branch_dag.py
[2021-03-08 12:15:59,355] {logging_mixin.py:104} INFO - [2021-03-08 12:15:59,354] {dag.py:1818} INFO - Sync 1 DAGs
[2021-03-08 12:15:59,368] {logging_mixin.py:104} INFO - [2021-03-08 12:15:59,368] {dag.py:2273} INFO - Setting next_dagrun for example_nested_branch_dag to 2021-03-06 00:00:00+00:00
[2021-03-08 12:15:59,377] {scheduler_job.py:190} INFO - Processing /Users/garymarmon/PycharmProjects/AWTY-Limitless/DataServerContainer/env/lib/python3.8/site-packages/airflow/example_dags/example_nested_branch_dag.py took 0.074 seconds
[2021-03-08 12:16:59,597] {scheduler_job.py:182} INFO - Started process (PID=2677) to work on /Users/garymarmon/PycharmProjects/AWTY-Limitless/DataServerContainer/env/lib/python3.8/site-packages/airflow/example_dags/example_nested_branch_dag.py
[2021-03-08 12:16:59,597] {scheduler_job.py:629} INFO - Processing file /Users/garymarmon/PycharmProjects/AWTY-Limitless/DataServerContainer/env/lib/python3.8/site-packages/airflow/example_dags/example_nested_branch_dag.py for tasks to queue
[2021-03-08 12:16:59,597] {logging_mixin.py:104} INFO - [2021-03-08 12:16:59,597] {dagbag.py:448} INFO - Filling up the DagBag from /Users/garymarmon/PycharmProjects/AWTY-Limitless/DataServerContainer/env/lib/python3.8/site-packages/airflow/example_dags/example_nested_branch_dag.py
[2021-03-08 12:16:59,607] {scheduler_job.py:639} INFO - DAG(s) dict_keys(['example_nested_branch_dag']) retrieved from /Users/garymarmon/PycharmProjects/AWTY-Limitless/DataServerContainer/env/lib/python3.8/site-packages/airflow/example_dags/example_nested_branch_dag.py
[2021-03-08 12:16:59,641] {logging_mixin.py:104} INFO - [2021-03-08 12:16:59,641] {dag.py:1818} INFO - Sync 1 DAGs
[2021-03-08 12:16:59,654] {logging_mixin.py:104} INFO - [2021-03-08 12:16:59,654] {dag.py:2273} INFO - Setting next_dagrun for example_nested_branch_dag to 2021-03-06 00:00:00+00:00
[2021-03-08 12:16:59,659] {scheduler_job.py:190} INFO - Processing /Users/garymarmon/PycharmProjects/AWTY-Limitless/DataServerContainer/env/lib/python3.8/site-packages/airflow/example_dags/example_nested_branch_dag.py took 0.064 seconds
[2021-03-08 12:18:13,898] {scheduler_job.py:182} INFO - Started process (PID=2782) to work on /Users/garymarmon/PycharmProjects/AWTY-Limitless/DataServerContainer/env/lib/python3.8/site-packages/airflow/example_dags/example_nested_branch_dag.py
[2021-03-08 12:18:13,898] {scheduler_job.py:629} INFO - Processing file /Users/garymarmon/PycharmProjects/AWTY-Limitless/DataServerContainer/env/lib/python3.8/site-packages/airflow/example_dags/example_nested_branch_dag.py for tasks to queue
[2021-03-08 12:18:13,899] {logging_mixin.py:104} INFO - [2021-03-08 12:18:13,899] {dagbag.py:448} INFO - Filling up the DagBag from /Users/garymarmon/PycharmProjects/AWTY-Limitless/DataServerContainer/env/lib/python3.8/site-packages/airflow/example_dags/example_nested_branch_dag.py
[2021-03-08 12:18:13,915] {scheduler_job.py:639} INFO - DAG(s) dict_keys(['example_nested_branch_dag']) retrieved from /Users/garymarmon/PycharmProjects/AWTY-Limitless/DataServerContainer/env/lib/python3.8/site-packages/airflow/example_dags/example_nested_branch_dag.py
[2021-03-08 12:18:13,971] {logging_mixin.py:104} INFO - [2021-03-08 12:18:13,970] {dag.py:1818} INFO - Sync 1 DAGs
[2021-03-08 12:18:13,992] {logging_mixin.py:104} INFO - [2021-03-08 12:18:13,992] {dag.py:2273} INFO - Setting next_dagrun for example_nested_branch_dag to 2021-03-06 00:00:00+00:00
[2021-03-08 12:18:14,004] {scheduler_job.py:190} INFO - Processing /Users/garymarmon/PycharmProjects/AWTY-Limitless/DataServerContainer/env/lib/python3.8/site-packages/airflow/example_dags/example_nested_branch_dag.py took 0.108 seconds
[2021-03-08 12:19:41,590] {scheduler_job.py:182} INFO - Started process (PID=2885) to work on /Users/garymarmon/PycharmProjects/AWTY-Limitless/DataServerContainer/env/lib/python3.8/site-packages/airflow/example_dags/example_nested_branch_dag.py
[2021-03-08 12:19:41,590] {scheduler_job.py:629} INFO - Processing file /Users/garymarmon/PycharmProjects/AWTY-Limitless/DataServerContainer/env/lib/python3.8/site-packages/airflow/example_dags/example_nested_branch_dag.py for tasks to queue
[2021-03-08 12:19:41,591] {logging_mixin.py:104} INFO - [2021-03-08 12:19:41,591] {dagbag.py:448} INFO - Filling up the DagBag from /Users/garymarmon/PycharmProjects/AWTY-Limitless/DataServerContainer/env/lib/python3.8/site-packages/airflow/example_dags/example_nested_branch_dag.py
[2021-03-08 12:19:41,603] {scheduler_job.py:639} INFO - DAG(s) dict_keys(['example_nested_branch_dag']) retrieved from /Users/garymarmon/PycharmProjects/AWTY-Limitless/DataServerContainer/env/lib/python3.8/site-packages/airflow/example_dags/example_nested_branch_dag.py
[2021-03-08 12:19:41,658] {logging_mixin.py:104} INFO - [2021-03-08 12:19:41,658] {dag.py:1818} INFO - Sync 1 DAGs
[2021-03-08 12:19:41,683] {logging_mixin.py:104} INFO - [2021-03-08 12:19:41,683] {dag.py:2273} INFO - Setting next_dagrun for example_nested_branch_dag to 2021-03-06 00:00:00+00:00
[2021-03-08 12:19:41,699] {scheduler_job.py:190} INFO - Processing /Users/garymarmon/PycharmProjects/AWTY-Limitless/DataServerContainer/env/lib/python3.8/site-packages/airflow/example_dags/example_nested_branch_dag.py took 0.111 seconds
[2021-03-08 12:20:57,411] {scheduler_job.py:182} INFO - Started process (PID=2975) to work on /Users/garymarmon/PycharmProjects/AWTY-Limitless/DataServerContainer/env/lib/python3.8/site-packages/airflow/example_dags/example_nested_branch_dag.py
[2021-03-08 12:20:57,412] {scheduler_job.py:629} INFO - Processing file /Users/garymarmon/PycharmProjects/AWTY-Limitless/DataServerContainer/env/lib/python3.8/site-packages/airflow/example_dags/example_nested_branch_dag.py for tasks to queue
[2021-03-08 12:20:57,412] {logging_mixin.py:104} INFO - [2021-03-08 12:20:57,412] {dagbag.py:448} INFO - Filling up the DagBag from /Users/garymarmon/PycharmProjects/AWTY-Limitless/DataServerContainer/env/lib/python3.8/site-packages/airflow/example_dags/example_nested_branch_dag.py
[2021-03-08 12:20:57,422] {scheduler_job.py:639} INFO - DAG(s) dict_keys(['example_nested_branch_dag']) retrieved from /Users/garymarmon/PycharmProjects/AWTY-Limitless/DataServerContainer/env/lib/python3.8/site-packages/airflow/example_dags/example_nested_branch_dag.py
[2021-03-08 12:20:57,458] {logging_mixin.py:104} INFO - [2021-03-08 12:20:57,458] {dag.py:1818} INFO - Sync 1 DAGs
[2021-03-08 12:20:57,472] {logging_mixin.py:104} INFO - [2021-03-08 12:20:57,472] {dag.py:2273} INFO - Setting next_dagrun for example_nested_branch_dag to 2021-03-06 00:00:00+00:00
[2021-03-08 12:20:57,481] {scheduler_job.py:190} INFO - Processing /Users/garymarmon/PycharmProjects/AWTY-Limitless/DataServerContainer/env/lib/python3.8/site-packages/airflow/example_dags/example_nested_branch_dag.py took 0.070 seconds
[2021-03-08 12:22:11,904] {scheduler_job.py:182} INFO - Started process (PID=3074) to work on /Users/garymarmon/PycharmProjects/AWTY-Limitless/DataServerContainer/env/lib/python3.8/site-packages/airflow/example_dags/example_nested_branch_dag.py
[2021-03-08 12:22:11,905] {scheduler_job.py:629} INFO - Processing file /Users/garymarmon/PycharmProjects/AWTY-Limitless/DataServerContainer/env/lib/python3.8/site-packages/airflow/example_dags/example_nested_branch_dag.py for tasks to queue
[2021-03-08 12:22:11,905] {logging_mixin.py:104} INFO - [2021-03-08 12:22:11,905] {dagbag.py:448} INFO - Filling up the DagBag from /Users/garymarmon/PycharmProjects/AWTY-Limitless/DataServerContainer/env/lib/python3.8/site-packages/airflow/example_dags/example_nested_branch_dag.py
[2021-03-08 12:22:11,915] {scheduler_job.py:639} INFO - DAG(s) dict_keys(['example_nested_branch_dag']) retrieved from /Users/garymarmon/PycharmProjects/AWTY-Limitless/DataServerContainer/env/lib/python3.8/site-packages/airflow/example_dags/example_nested_branch_dag.py
[2021-03-08 12:22:11,952] {logging_mixin.py:104} INFO - [2021-03-08 12:22:11,952] {dag.py:1818} INFO - Sync 1 DAGs
[2021-03-08 12:22:11,966] {logging_mixin.py:104} INFO - [2021-03-08 12:22:11,965] {dag.py:2273} INFO - Setting next_dagrun for example_nested_branch_dag to 2021-03-06 00:00:00+00:00
[2021-03-08 12:22:11,974] {scheduler_job.py:190} INFO - Processing /Users/garymarmon/PycharmProjects/AWTY-Limitless/DataServerContainer/env/lib/python3.8/site-packages/airflow/example_dags/example_nested_branch_dag.py took 0.071 seconds
[2021-03-08 12:23:21,119] {scheduler_job.py:182} INFO - Started process (PID=3157) to work on /Users/garymarmon/PycharmProjects/AWTY-Limitless/DataServerContainer/env/lib/python3.8/site-packages/airflow/example_dags/example_nested_branch_dag.py
[2021-03-08 12:23:21,119] {scheduler_job.py:629} INFO - Processing file /Users/garymarmon/PycharmProjects/AWTY-Limitless/DataServerContainer/env/lib/python3.8/site-packages/airflow/example_dags/example_nested_branch_dag.py for tasks to queue
[2021-03-08 12:23:21,120] {logging_mixin.py:104} INFO - [2021-03-08 12:23:21,119] {dagbag.py:448} INFO - Filling up the DagBag from /Users/garymarmon/PycharmProjects/AWTY-Limitless/DataServerContainer/env/lib/python3.8/site-packages/airflow/example_dags/example_nested_branch_dag.py
[2021-03-08 12:23:21,129] {scheduler_job.py:639} INFO - DAG(s) dict_keys(['example_nested_branch_dag']) retrieved from /Users/garymarmon/PycharmProjects/AWTY-Limitless/DataServerContainer/env/lib/python3.8/site-packages/airflow/example_dags/example_nested_branch_dag.py
[2021-03-08 12:23:21,163] {logging_mixin.py:104} INFO - [2021-03-08 12:23:21,163] {dag.py:1818} INFO - Sync 1 DAGs
[2021-03-08 12:23:21,175] {logging_mixin.py:104} INFO - [2021-03-08 12:23:21,175] {dag.py:2273} INFO - Setting next_dagrun for example_nested_branch_dag to 2021-03-06 00:00:00+00:00
[2021-03-08 12:23:21,183] {scheduler_job.py:190} INFO - Processing /Users/garymarmon/PycharmProjects/AWTY-Limitless/DataServerContainer/env/lib/python3.8/site-packages/airflow/example_dags/example_nested_branch_dag.py took 0.066 seconds
[2021-03-08 12:24:21,325] {scheduler_job.py:182} INFO - Started process (PID=3230) to work on /Users/garymarmon/PycharmProjects/AWTY-Limitless/DataServerContainer/env/lib/python3.8/site-packages/airflow/example_dags/example_nested_branch_dag.py
[2021-03-08 12:24:21,325] {scheduler_job.py:629} INFO - Processing file /Users/garymarmon/PycharmProjects/AWTY-Limitless/DataServerContainer/env/lib/python3.8/site-packages/airflow/example_dags/example_nested_branch_dag.py for tasks to queue
[2021-03-08 12:24:21,326] {logging_mixin.py:104} INFO - [2021-03-08 12:24:21,326] {dagbag.py:448} INFO - Filling up the DagBag from /Users/garymarmon/PycharmProjects/AWTY-Limitless/DataServerContainer/env/lib/python3.8/site-packages/airflow/example_dags/example_nested_branch_dag.py
[2021-03-08 12:24:21,337] {scheduler_job.py:639} INFO - DAG(s) dict_keys(['example_nested_branch_dag']) retrieved from /Users/garymarmon/PycharmProjects/AWTY-Limitless/DataServerContainer/env/lib/python3.8/site-packages/airflow/example_dags/example_nested_branch_dag.py
[2021-03-08 12:24:21,376] {logging_mixin.py:104} INFO - [2021-03-08 12:24:21,375] {dag.py:1818} INFO - Sync 1 DAGs
[2021-03-08 12:24:21,390] {logging_mixin.py:104} INFO - [2021-03-08 12:24:21,390] {dag.py:2273} INFO - Setting next_dagrun for example_nested_branch_dag to 2021-03-06 00:00:00+00:00
[2021-03-08 12:24:21,399] {scheduler_job.py:190} INFO - Processing /Users/garymarmon/PycharmProjects/AWTY-Limitless/DataServerContainer/env/lib/python3.8/site-packages/airflow/example_dags/example_nested_branch_dag.py took 0.075 seconds
[2021-03-08 12:25:37,182] {scheduler_job.py:182} INFO - Started process (PID=3369) to work on /Users/garymarmon/PycharmProjects/AWTY-Limitless/DataServerContainer/env/lib/python3.8/site-packages/airflow/example_dags/example_nested_branch_dag.py
[2021-03-08 12:25:37,182] {scheduler_job.py:629} INFO - Processing file /Users/garymarmon/PycharmProjects/AWTY-Limitless/DataServerContainer/env/lib/python3.8/site-packages/airflow/example_dags/example_nested_branch_dag.py for tasks to queue
[2021-03-08 12:25:37,183] {logging_mixin.py:104} INFO - [2021-03-08 12:25:37,183] {dagbag.py:448} INFO - Filling up the DagBag from /Users/garymarmon/PycharmProjects/AWTY-Limitless/DataServerContainer/env/lib/python3.8/site-packages/airflow/example_dags/example_nested_branch_dag.py
[2021-03-08 12:25:37,193] {scheduler_job.py:639} INFO - DAG(s) dict_keys(['example_nested_branch_dag']) retrieved from /Users/garymarmon/PycharmProjects/AWTY-Limitless/DataServerContainer/env/lib/python3.8/site-packages/airflow/example_dags/example_nested_branch_dag.py
[2021-03-08 12:25:37,234] {logging_mixin.py:104} INFO - [2021-03-08 12:25:37,234] {dag.py:1818} INFO - Sync 1 DAGs
[2021-03-08 12:25:37,249] {logging_mixin.py:104} INFO - [2021-03-08 12:25:37,249] {dag.py:2273} INFO - Setting next_dagrun for example_nested_branch_dag to 2021-03-06 00:00:00+00:00
[2021-03-08 12:25:37,259] {scheduler_job.py:190} INFO - Processing /Users/garymarmon/PycharmProjects/AWTY-Limitless/DataServerContainer/env/lib/python3.8/site-packages/airflow/example_dags/example_nested_branch_dag.py took 0.078 seconds
[2021-03-08 12:27:06,694] {scheduler_job.py:182} INFO - Started process (PID=3610) to work on /Users/garymarmon/PycharmProjects/AWTY-Limitless/DataServerContainer/env/lib/python3.8/site-packages/airflow/example_dags/example_nested_branch_dag.py
[2021-03-08 12:27:06,695] {scheduler_job.py:629} INFO - Processing file /Users/garymarmon/PycharmProjects/AWTY-Limitless/DataServerContainer/env/lib/python3.8/site-packages/airflow/example_dags/example_nested_branch_dag.py for tasks to queue
[2021-03-08 12:27:06,696] {logging_mixin.py:104} INFO - [2021-03-08 12:27:06,696] {dagbag.py:448} INFO - Filling up the DagBag from /Users/garymarmon/PycharmProjects/AWTY-Limitless/DataServerContainer/env/lib/python3.8/site-packages/airflow/example_dags/example_nested_branch_dag.py
[2021-03-08 12:27:06,705] {scheduler_job.py:639} INFO - DAG(s) dict_keys(['example_nested_branch_dag']) retrieved from /Users/garymarmon/PycharmProjects/AWTY-Limitless/DataServerContainer/env/lib/python3.8/site-packages/airflow/example_dags/example_nested_branch_dag.py
[2021-03-08 12:27:06,741] {logging_mixin.py:104} INFO - [2021-03-08 12:27:06,741] {dag.py:1818} INFO - Sync 1 DAGs
[2021-03-08 12:27:06,755] {logging_mixin.py:104} INFO - [2021-03-08 12:27:06,755] {dag.py:2273} INFO - Setting next_dagrun for example_nested_branch_dag to 2021-03-06 00:00:00+00:00
[2021-03-08 12:27:06,764] {scheduler_job.py:190} INFO - Processing /Users/garymarmon/PycharmProjects/AWTY-Limitless/DataServerContainer/env/lib/python3.8/site-packages/airflow/example_dags/example_nested_branch_dag.py took 0.071 seconds
[2021-03-08 12:28:08,909] {scheduler_job.py:182} INFO - Started process (PID=3696) to work on /Users/garymarmon/PycharmProjects/AWTY-Limitless/DataServerContainer/env/lib/python3.8/site-packages/airflow/example_dags/example_nested_branch_dag.py
[2021-03-08 12:28:08,910] {scheduler_job.py:629} INFO - Processing file /Users/garymarmon/PycharmProjects/AWTY-Limitless/DataServerContainer/env/lib/python3.8/site-packages/airflow/example_dags/example_nested_branch_dag.py for tasks to queue
[2021-03-08 12:28:08,910] {logging_mixin.py:104} INFO - [2021-03-08 12:28:08,910] {dagbag.py:448} INFO - Filling up the DagBag from /Users/garymarmon/PycharmProjects/AWTY-Limitless/DataServerContainer/env/lib/python3.8/site-packages/airflow/example_dags/example_nested_branch_dag.py
[2021-03-08 12:28:08,921] {scheduler_job.py:639} INFO - DAG(s) dict_keys(['example_nested_branch_dag']) retrieved from /Users/garymarmon/PycharmProjects/AWTY-Limitless/DataServerContainer/env/lib/python3.8/site-packages/airflow/example_dags/example_nested_branch_dag.py
[2021-03-08 12:28:08,962] {logging_mixin.py:104} INFO - [2021-03-08 12:28:08,962] {dag.py:1818} INFO - Sync 1 DAGs
[2021-03-08 12:28:08,977] {logging_mixin.py:104} INFO - [2021-03-08 12:28:08,976] {dag.py:2273} INFO - Setting next_dagrun for example_nested_branch_dag to 2021-03-06 00:00:00+00:00
[2021-03-08 12:28:08,985] {scheduler_job.py:190} INFO - Processing /Users/garymarmon/PycharmProjects/AWTY-Limitless/DataServerContainer/env/lib/python3.8/site-packages/airflow/example_dags/example_nested_branch_dag.py took 0.077 seconds
[2021-03-08 12:29:04,948] {scheduler_job.py:182} INFO - Started process (PID=3763) to work on /Users/garymarmon/PycharmProjects/AWTY-Limitless/DataServerContainer/env/lib/python3.8/site-packages/airflow/example_dags/example_nested_branch_dag.py
[2021-03-08 12:29:04,949] {scheduler_job.py:629} INFO - Processing file /Users/garymarmon/PycharmProjects/AWTY-Limitless/DataServerContainer/env/lib/python3.8/site-packages/airflow/example_dags/example_nested_branch_dag.py for tasks to queue
[2021-03-08 12:29:04,949] {logging_mixin.py:104} INFO - [2021-03-08 12:29:04,949] {dagbag.py:448} INFO - Filling up the DagBag from /Users/garymarmon/PycharmProjects/AWTY-Limitless/DataServerContainer/env/lib/python3.8/site-packages/airflow/example_dags/example_nested_branch_dag.py
[2021-03-08 12:29:04,958] {scheduler_job.py:639} INFO - DAG(s) dict_keys(['example_nested_branch_dag']) retrieved from /Users/garymarmon/PycharmProjects/AWTY-Limitless/DataServerContainer/env/lib/python3.8/site-packages/airflow/example_dags/example_nested_branch_dag.py
[2021-03-08 12:29:04,993] {logging_mixin.py:104} INFO - [2021-03-08 12:29:04,993] {dag.py:1818} INFO - Sync 1 DAGs
[2021-03-08 12:29:05,006] {logging_mixin.py:104} INFO - [2021-03-08 12:29:05,006] {dag.py:2273} INFO - Setting next_dagrun for example_nested_branch_dag to 2021-03-06 00:00:00+00:00
[2021-03-08 12:29:05,012] {scheduler_job.py:190} INFO - Processing /Users/garymarmon/PycharmProjects/AWTY-Limitless/DataServerContainer/env/lib/python3.8/site-packages/airflow/example_dags/example_nested_branch_dag.py took 0.065 seconds
[2021-03-08 12:30:03,368] {scheduler_job.py:182} INFO - Started process (PID=3830) to work on /Users/garymarmon/PycharmProjects/AWTY-Limitless/DataServerContainer/env/lib/python3.8/site-packages/airflow/example_dags/example_nested_branch_dag.py
[2021-03-08 12:30:03,369] {scheduler_job.py:629} INFO - Processing file /Users/garymarmon/PycharmProjects/AWTY-Limitless/DataServerContainer/env/lib/python3.8/site-packages/airflow/example_dags/example_nested_branch_dag.py for tasks to queue
[2021-03-08 12:30:03,370] {logging_mixin.py:104} INFO - [2021-03-08 12:30:03,370] {dagbag.py:448} INFO - Filling up the DagBag from /Users/garymarmon/PycharmProjects/AWTY-Limitless/DataServerContainer/env/lib/python3.8/site-packages/airflow/example_dags/example_nested_branch_dag.py
[2021-03-08 12:30:03,381] {scheduler_job.py:639} INFO - DAG(s) dict_keys(['example_nested_branch_dag']) retrieved from /Users/garymarmon/PycharmProjects/AWTY-Limitless/DataServerContainer/env/lib/python3.8/site-packages/airflow/example_dags/example_nested_branch_dag.py
[2021-03-08 12:30:03,416] {logging_mixin.py:104} INFO - [2021-03-08 12:30:03,416] {dag.py:1818} INFO - Sync 1 DAGs
[2021-03-08 12:30:03,429] {logging_mixin.py:104} INFO - [2021-03-08 12:30:03,429] {dag.py:2273} INFO - Setting next_dagrun for example_nested_branch_dag to 2021-03-06 00:00:00+00:00
[2021-03-08 12:30:03,434] {scheduler_job.py:190} INFO - Processing /Users/garymarmon/PycharmProjects/AWTY-Limitless/DataServerContainer/env/lib/python3.8/site-packages/airflow/example_dags/example_nested_branch_dag.py took 0.067 seconds
[2021-03-08 12:31:21,155] {scheduler_job.py:182} INFO - Started process (PID=3917) to work on /Users/garymarmon/PycharmProjects/AWTY-Limitless/DataServerContainer/env/lib/python3.8/site-packages/airflow/example_dags/example_nested_branch_dag.py
[2021-03-08 12:31:21,156] {scheduler_job.py:629} INFO - Processing file /Users/garymarmon/PycharmProjects/AWTY-Limitless/DataServerContainer/env/lib/python3.8/site-packages/airflow/example_dags/example_nested_branch_dag.py for tasks to queue
[2021-03-08 12:31:21,156] {logging_mixin.py:104} INFO - [2021-03-08 12:31:21,156] {dagbag.py:448} INFO - Filling up the DagBag from /Users/garymarmon/PycharmProjects/AWTY-Limitless/DataServerContainer/env/lib/python3.8/site-packages/airflow/example_dags/example_nested_branch_dag.py
[2021-03-08 12:31:21,165] {scheduler_job.py:639} INFO - DAG(s) dict_keys(['example_nested_branch_dag']) retrieved from /Users/garymarmon/PycharmProjects/AWTY-Limitless/DataServerContainer/env/lib/python3.8/site-packages/airflow/example_dags/example_nested_branch_dag.py
[2021-03-08 12:31:21,197] {logging_mixin.py:104} INFO - [2021-03-08 12:31:21,197] {dag.py:1818} INFO - Sync 1 DAGs
[2021-03-08 12:31:21,211] {logging_mixin.py:104} INFO - [2021-03-08 12:31:21,211] {dag.py:2273} INFO - Setting next_dagrun for example_nested_branch_dag to 2021-03-06 00:00:00+00:00
[2021-03-08 12:31:21,220] {scheduler_job.py:190} INFO - Processing /Users/garymarmon/PycharmProjects/AWTY-Limitless/DataServerContainer/env/lib/python3.8/site-packages/airflow/example_dags/example_nested_branch_dag.py took 0.065 seconds
[2021-03-08 12:32:34,041] {scheduler_job.py:182} INFO - Started process (PID=3995) to work on /Users/garymarmon/PycharmProjects/AWTY-Limitless/DataServerContainer/env/lib/python3.8/site-packages/airflow/example_dags/example_nested_branch_dag.py
[2021-03-08 12:32:34,042] {scheduler_job.py:629} INFO - Processing file /Users/garymarmon/PycharmProjects/AWTY-Limitless/DataServerContainer/env/lib/python3.8/site-packages/airflow/example_dags/example_nested_branch_dag.py for tasks to queue
[2021-03-08 12:32:34,042] {logging_mixin.py:104} INFO - [2021-03-08 12:32:34,042] {dagbag.py:448} INFO - Filling up the DagBag from /Users/garymarmon/PycharmProjects/AWTY-Limitless/DataServerContainer/env/lib/python3.8/site-packages/airflow/example_dags/example_nested_branch_dag.py
[2021-03-08 12:32:34,053] {scheduler_job.py:639} INFO - DAG(s) dict_keys(['example_nested_branch_dag']) retrieved from /Users/garymarmon/PycharmProjects/AWTY-Limitless/DataServerContainer/env/lib/python3.8/site-packages/airflow/example_dags/example_nested_branch_dag.py
[2021-03-08 12:32:34,103] {logging_mixin.py:104} INFO - [2021-03-08 12:32:34,103] {dag.py:1818} INFO - Sync 1 DAGs
[2021-03-08 12:32:34,131] {logging_mixin.py:104} INFO - [2021-03-08 12:32:34,131] {dag.py:2273} INFO - Setting next_dagrun for example_nested_branch_dag to 2021-03-06 00:00:00+00:00
[2021-03-08 12:32:34,143] {scheduler_job.py:190} INFO - Processing /Users/garymarmon/PycharmProjects/AWTY-Limitless/DataServerContainer/env/lib/python3.8/site-packages/airflow/example_dags/example_nested_branch_dag.py took 0.103 seconds
[2021-03-08 12:33:38,978] {scheduler_job.py:182} INFO - Started process (PID=4075) to work on /Users/garymarmon/PycharmProjects/AWTY-Limitless/DataServerContainer/env/lib/python3.8/site-packages/airflow/example_dags/example_nested_branch_dag.py
[2021-03-08 12:33:38,979] {scheduler_job.py:629} INFO - Processing file /Users/garymarmon/PycharmProjects/AWTY-Limitless/DataServerContainer/env/lib/python3.8/site-packages/airflow/example_dags/example_nested_branch_dag.py for tasks to queue
[2021-03-08 12:33:38,979] {logging_mixin.py:104} INFO - [2021-03-08 12:33:38,979] {dagbag.py:448} INFO - Filling up the DagBag from /Users/garymarmon/PycharmProjects/AWTY-Limitless/DataServerContainer/env/lib/python3.8/site-packages/airflow/example_dags/example_nested_branch_dag.py
[2021-03-08 12:33:38,989] {scheduler_job.py:639} INFO - DAG(s) dict_keys(['example_nested_branch_dag']) retrieved from /Users/garymarmon/PycharmProjects/AWTY-Limitless/DataServerContainer/env/lib/python3.8/site-packages/airflow/example_dags/example_nested_branch_dag.py
[2021-03-08 12:33:39,027] {logging_mixin.py:104} INFO - [2021-03-08 12:33:39,027] {dag.py:1818} INFO - Sync 1 DAGs
[2021-03-08 12:33:39,041] {logging_mixin.py:104} INFO - [2021-03-08 12:33:39,041] {dag.py:2273} INFO - Setting next_dagrun for example_nested_branch_dag to 2021-03-06 00:00:00+00:00
[2021-03-08 12:33:39,050] {scheduler_job.py:190} INFO - Processing /Users/garymarmon/PycharmProjects/AWTY-Limitless/DataServerContainer/env/lib/python3.8/site-packages/airflow/example_dags/example_nested_branch_dag.py took 0.072 seconds
[2021-03-08 12:34:46,126] {scheduler_job.py:182} INFO - Started process (PID=4154) to work on /Users/garymarmon/PycharmProjects/AWTY-Limitless/DataServerContainer/env/lib/python3.8/site-packages/airflow/example_dags/example_nested_branch_dag.py
[2021-03-08 12:34:46,127] {scheduler_job.py:629} INFO - Processing file /Users/garymarmon/PycharmProjects/AWTY-Limitless/DataServerContainer/env/lib/python3.8/site-packages/airflow/example_dags/example_nested_branch_dag.py for tasks to queue
[2021-03-08 12:34:46,127] {logging_mixin.py:104} INFO - [2021-03-08 12:34:46,127] {dagbag.py:448} INFO - Filling up the DagBag from /Users/garymarmon/PycharmProjects/AWTY-Limitless/DataServerContainer/env/lib/python3.8/site-packages/airflow/example_dags/example_nested_branch_dag.py
[2021-03-08 12:34:46,144] {scheduler_job.py:639} INFO - DAG(s) dict_keys(['example_nested_branch_dag']) retrieved from /Users/garymarmon/PycharmProjects/AWTY-Limitless/DataServerContainer/env/lib/python3.8/site-packages/airflow/example_dags/example_nested_branch_dag.py
[2021-03-08 12:34:46,208] {logging_mixin.py:104} INFO - [2021-03-08 12:34:46,208] {dag.py:1818} INFO - Sync 1 DAGs
[2021-03-08 12:34:46,226] {logging_mixin.py:104} INFO - [2021-03-08 12:34:46,226] {dag.py:2273} INFO - Setting next_dagrun for example_nested_branch_dag to 2021-03-06 00:00:00+00:00
[2021-03-08 12:34:46,235] {scheduler_job.py:190} INFO - Processing /Users/garymarmon/PycharmProjects/AWTY-Limitless/DataServerContainer/env/lib/python3.8/site-packages/airflow/example_dags/example_nested_branch_dag.py took 0.110 seconds
[2021-03-08 12:35:55,529] {scheduler_job.py:182} INFO - Started process (PID=4231) to work on /Users/garymarmon/PycharmProjects/AWTY-Limitless/DataServerContainer/env/lib/python3.8/site-packages/airflow/example_dags/example_nested_branch_dag.py
[2021-03-08 12:35:55,529] {scheduler_job.py:629} INFO - Processing file /Users/garymarmon/PycharmProjects/AWTY-Limitless/DataServerContainer/env/lib/python3.8/site-packages/airflow/example_dags/example_nested_branch_dag.py for tasks to queue
[2021-03-08 12:35:55,530] {logging_mixin.py:104} INFO - [2021-03-08 12:35:55,530] {dagbag.py:448} INFO - Filling up the DagBag from /Users/garymarmon/PycharmProjects/AWTY-Limitless/DataServerContainer/env/lib/python3.8/site-packages/airflow/example_dags/example_nested_branch_dag.py
[2021-03-08 12:35:55,539] {scheduler_job.py:639} INFO - DAG(s) dict_keys(['example_nested_branch_dag']) retrieved from /Users/garymarmon/PycharmProjects/AWTY-Limitless/DataServerContainer/env/lib/python3.8/site-packages/airflow/example_dags/example_nested_branch_dag.py
[2021-03-08 12:35:55,576] {logging_mixin.py:104} INFO - [2021-03-08 12:35:55,576] {dag.py:1818} INFO - Sync 1 DAGs
[2021-03-08 12:35:55,588] {logging_mixin.py:104} INFO - [2021-03-08 12:35:55,588] {dag.py:2273} INFO - Setting next_dagrun for example_nested_branch_dag to 2021-03-06 00:00:00+00:00
[2021-03-08 12:35:55,596] {scheduler_job.py:190} INFO - Processing /Users/garymarmon/PycharmProjects/AWTY-Limitless/DataServerContainer/env/lib/python3.8/site-packages/airflow/example_dags/example_nested_branch_dag.py took 0.069 seconds
[2021-03-08 12:37:06,162] {scheduler_job.py:182} INFO - Started process (PID=4330) to work on /Users/garymarmon/PycharmProjects/AWTY-Limitless/DataServerContainer/env/lib/python3.8/site-packages/airflow/example_dags/example_nested_branch_dag.py
[2021-03-08 12:37:06,162] {scheduler_job.py:629} INFO - Processing file /Users/garymarmon/PycharmProjects/AWTY-Limitless/DataServerContainer/env/lib/python3.8/site-packages/airflow/example_dags/example_nested_branch_dag.py for tasks to queue
[2021-03-08 12:37:06,163] {logging_mixin.py:104} INFO - [2021-03-08 12:37:06,163] {dagbag.py:448} INFO - Filling up the DagBag from /Users/garymarmon/PycharmProjects/AWTY-Limitless/DataServerContainer/env/lib/python3.8/site-packages/airflow/example_dags/example_nested_branch_dag.py
[2021-03-08 12:37:06,175] {scheduler_job.py:639} INFO - DAG(s) dict_keys(['example_nested_branch_dag']) retrieved from /Users/garymarmon/PycharmProjects/AWTY-Limitless/DataServerContainer/env/lib/python3.8/site-packages/airflow/example_dags/example_nested_branch_dag.py
[2021-03-08 12:37:06,227] {logging_mixin.py:104} INFO - [2021-03-08 12:37:06,227] {dag.py:1818} INFO - Sync 1 DAGs
[2021-03-08 12:37:06,245] {logging_mixin.py:104} INFO - [2021-03-08 12:37:06,244] {dag.py:2273} INFO - Setting next_dagrun for example_nested_branch_dag to 2021-03-06 00:00:00+00:00
[2021-03-08 12:37:06,258] {scheduler_job.py:190} INFO - Processing /Users/garymarmon/PycharmProjects/AWTY-Limitless/DataServerContainer/env/lib/python3.8/site-packages/airflow/example_dags/example_nested_branch_dag.py took 0.098 seconds
