[2021-03-08 12:11:33,794] {scheduler_job.py:182} INFO - Started process (PID=2354) to work on /Users/garymarmon/PycharmProjects/AWTY-Limitless/DataServerContainer/env/lib/python3.8/site-packages/airflow/example_dags/example_branch_operator.py
[2021-03-08 12:11:33,794] {scheduler_job.py:629} INFO - Processing file /Users/garymarmon/PycharmProjects/AWTY-Limitless/DataServerContainer/env/lib/python3.8/site-packages/airflow/example_dags/example_branch_operator.py for tasks to queue
[2021-03-08 12:11:33,795] {logging_mixin.py:104} INFO - [2021-03-08 12:11:33,795] {dagbag.py:448} INFO - Filling up the DagBag from /Users/garymarmon/PycharmProjects/AWTY-Limitless/DataServerContainer/env/lib/python3.8/site-packages/airflow/example_dags/example_branch_operator.py
[2021-03-08 12:11:33,807] {scheduler_job.py:639} INFO - DAG(s) dict_keys(['example_branch_operator']) retrieved from /Users/garymarmon/PycharmProjects/AWTY-Limitless/DataServerContainer/env/lib/python3.8/site-packages/airflow/example_dags/example_branch_operator.py
[2021-03-08 12:11:33,848] {logging_mixin.py:104} INFO - [2021-03-08 12:11:33,848] {dag.py:1818} INFO - Sync 1 DAGs
[2021-03-08 12:11:33,862] {logging_mixin.py:104} INFO - [2021-03-08 12:11:33,862] {dag.py:2273} INFO - Setting next_dagrun for example_branch_operator to 2021-03-06 00:00:00+00:00
[2021-03-08 12:11:33,871] {scheduler_job.py:190} INFO - Processing /Users/garymarmon/PycharmProjects/AWTY-Limitless/DataServerContainer/env/lib/python3.8/site-packages/airflow/example_dags/example_branch_operator.py took 0.079 seconds
[2021-03-08 12:14:16,910] {scheduler_job.py:182} INFO - Started process (PID=2479) to work on /Users/garymarmon/PycharmProjects/AWTY-Limitless/DataServerContainer/env/lib/python3.8/site-packages/airflow/example_dags/example_branch_operator.py
[2021-03-08 12:14:16,911] {scheduler_job.py:629} INFO - Processing file /Users/garymarmon/PycharmProjects/AWTY-Limitless/DataServerContainer/env/lib/python3.8/site-packages/airflow/example_dags/example_branch_operator.py for tasks to queue
[2021-03-08 12:14:16,912] {logging_mixin.py:104} INFO - [2021-03-08 12:14:16,912] {dagbag.py:448} INFO - Filling up the DagBag from /Users/garymarmon/PycharmProjects/AWTY-Limitless/DataServerContainer/env/lib/python3.8/site-packages/airflow/example_dags/example_branch_operator.py
[2021-03-08 12:14:16,924] {scheduler_job.py:639} INFO - DAG(s) dict_keys(['example_branch_operator']) retrieved from /Users/garymarmon/PycharmProjects/AWTY-Limitless/DataServerContainer/env/lib/python3.8/site-packages/airflow/example_dags/example_branch_operator.py
[2021-03-08 12:14:16,964] {logging_mixin.py:104} INFO - [2021-03-08 12:14:16,964] {dag.py:1818} INFO - Sync 1 DAGs
[2021-03-08 12:14:16,979] {logging_mixin.py:104} INFO - [2021-03-08 12:14:16,979] {dag.py:2273} INFO - Setting next_dagrun for example_branch_operator to 2021-03-06 00:00:00+00:00
[2021-03-08 12:14:16,989] {scheduler_job.py:190} INFO - Processing /Users/garymarmon/PycharmProjects/AWTY-Limitless/DataServerContainer/env/lib/python3.8/site-packages/airflow/example_dags/example_branch_operator.py took 0.081 seconds
[2021-03-08 12:15:37,355] {scheduler_job.py:182} INFO - Started process (PID=2580) to work on /Users/garymarmon/PycharmProjects/AWTY-Limitless/DataServerContainer/env/lib/python3.8/site-packages/airflow/example_dags/example_branch_operator.py
[2021-03-08 12:15:37,355] {scheduler_job.py:629} INFO - Processing file /Users/garymarmon/PycharmProjects/AWTY-Limitless/DataServerContainer/env/lib/python3.8/site-packages/airflow/example_dags/example_branch_operator.py for tasks to queue
[2021-03-08 12:15:37,355] {logging_mixin.py:104} INFO - [2021-03-08 12:15:37,355] {dagbag.py:448} INFO - Filling up the DagBag from /Users/garymarmon/PycharmProjects/AWTY-Limitless/DataServerContainer/env/lib/python3.8/site-packages/airflow/example_dags/example_branch_operator.py
[2021-03-08 12:15:37,365] {scheduler_job.py:639} INFO - DAG(s) dict_keys(['example_branch_operator']) retrieved from /Users/garymarmon/PycharmProjects/AWTY-Limitless/DataServerContainer/env/lib/python3.8/site-packages/airflow/example_dags/example_branch_operator.py
[2021-03-08 12:15:37,401] {logging_mixin.py:104} INFO - [2021-03-08 12:15:37,401] {dag.py:1818} INFO - Sync 1 DAGs
[2021-03-08 12:15:37,415] {logging_mixin.py:104} INFO - [2021-03-08 12:15:37,415] {dag.py:2273} INFO - Setting next_dagrun for example_branch_operator to 2021-03-06 00:00:00+00:00
[2021-03-08 12:15:37,424] {scheduler_job.py:190} INFO - Processing /Users/garymarmon/PycharmProjects/AWTY-Limitless/DataServerContainer/env/lib/python3.8/site-packages/airflow/example_dags/example_branch_operator.py took 0.071 seconds
[2021-03-08 12:16:37,676] {scheduler_job.py:182} INFO - Started process (PID=2652) to work on /Users/garymarmon/PycharmProjects/AWTY-Limitless/DataServerContainer/env/lib/python3.8/site-packages/airflow/example_dags/example_branch_operator.py
[2021-03-08 12:16:37,677] {scheduler_job.py:629} INFO - Processing file /Users/garymarmon/PycharmProjects/AWTY-Limitless/DataServerContainer/env/lib/python3.8/site-packages/airflow/example_dags/example_branch_operator.py for tasks to queue
[2021-03-08 12:16:37,677] {logging_mixin.py:104} INFO - [2021-03-08 12:16:37,677] {dagbag.py:448} INFO - Filling up the DagBag from /Users/garymarmon/PycharmProjects/AWTY-Limitless/DataServerContainer/env/lib/python3.8/site-packages/airflow/example_dags/example_branch_operator.py
[2021-03-08 12:16:37,688] {scheduler_job.py:639} INFO - DAG(s) dict_keys(['example_branch_operator']) retrieved from /Users/garymarmon/PycharmProjects/AWTY-Limitless/DataServerContainer/env/lib/python3.8/site-packages/airflow/example_dags/example_branch_operator.py
[2021-03-08 12:16:37,726] {logging_mixin.py:104} INFO - [2021-03-08 12:16:37,725] {dag.py:1818} INFO - Sync 1 DAGs
[2021-03-08 12:16:37,739] {logging_mixin.py:104} INFO - [2021-03-08 12:16:37,738] {dag.py:2273} INFO - Setting next_dagrun for example_branch_operator to 2021-03-06 00:00:00+00:00
[2021-03-08 12:16:37,748] {scheduler_job.py:190} INFO - Processing /Users/garymarmon/PycharmProjects/AWTY-Limitless/DataServerContainer/env/lib/python3.8/site-packages/airflow/example_dags/example_branch_operator.py took 0.072 seconds
[2021-03-08 12:17:41,377] {scheduler_job.py:182} INFO - Started process (PID=2739) to work on /Users/garymarmon/PycharmProjects/AWTY-Limitless/DataServerContainer/env/lib/python3.8/site-packages/airflow/example_dags/example_branch_operator.py
[2021-03-08 12:17:41,378] {scheduler_job.py:629} INFO - Processing file /Users/garymarmon/PycharmProjects/AWTY-Limitless/DataServerContainer/env/lib/python3.8/site-packages/airflow/example_dags/example_branch_operator.py for tasks to queue
[2021-03-08 12:17:41,378] {logging_mixin.py:104} INFO - [2021-03-08 12:17:41,378] {dagbag.py:448} INFO - Filling up the DagBag from /Users/garymarmon/PycharmProjects/AWTY-Limitless/DataServerContainer/env/lib/python3.8/site-packages/airflow/example_dags/example_branch_operator.py
[2021-03-08 12:17:41,389] {scheduler_job.py:639} INFO - DAG(s) dict_keys(['example_branch_operator']) retrieved from /Users/garymarmon/PycharmProjects/AWTY-Limitless/DataServerContainer/env/lib/python3.8/site-packages/airflow/example_dags/example_branch_operator.py
[2021-03-08 12:17:41,432] {logging_mixin.py:104} INFO - [2021-03-08 12:17:41,432] {dag.py:1818} INFO - Sync 1 DAGs
[2021-03-08 12:17:41,451] {logging_mixin.py:104} INFO - [2021-03-08 12:17:41,451] {dag.py:2273} INFO - Setting next_dagrun for example_branch_operator to 2021-03-06 00:00:00+00:00
[2021-03-08 12:17:41,462] {scheduler_job.py:190} INFO - Processing /Users/garymarmon/PycharmProjects/AWTY-Limitless/DataServerContainer/env/lib/python3.8/site-packages/airflow/example_dags/example_branch_operator.py took 0.087 seconds
[2021-03-08 12:18:46,457] {scheduler_job.py:182} INFO - Started process (PID=2813) to work on /Users/garymarmon/PycharmProjects/AWTY-Limitless/DataServerContainer/env/lib/python3.8/site-packages/airflow/example_dags/example_branch_operator.py
[2021-03-08 12:18:46,457] {scheduler_job.py:629} INFO - Processing file /Users/garymarmon/PycharmProjects/AWTY-Limitless/DataServerContainer/env/lib/python3.8/site-packages/airflow/example_dags/example_branch_operator.py for tasks to queue
[2021-03-08 12:18:46,458] {logging_mixin.py:104} INFO - [2021-03-08 12:18:46,457] {dagbag.py:448} INFO - Filling up the DagBag from /Users/garymarmon/PycharmProjects/AWTY-Limitless/DataServerContainer/env/lib/python3.8/site-packages/airflow/example_dags/example_branch_operator.py
[2021-03-08 12:18:46,467] {scheduler_job.py:639} INFO - DAG(s) dict_keys(['example_branch_operator']) retrieved from /Users/garymarmon/PycharmProjects/AWTY-Limitless/DataServerContainer/env/lib/python3.8/site-packages/airflow/example_dags/example_branch_operator.py
[2021-03-08 12:18:46,500] {logging_mixin.py:104} INFO - [2021-03-08 12:18:46,500] {dag.py:1818} INFO - Sync 1 DAGs
[2021-03-08 12:18:46,513] {logging_mixin.py:104} INFO - [2021-03-08 12:18:46,513] {dag.py:2273} INFO - Setting next_dagrun for example_branch_operator to 2021-03-06 00:00:00+00:00
[2021-03-08 12:18:46,521] {scheduler_job.py:190} INFO - Processing /Users/garymarmon/PycharmProjects/AWTY-Limitless/DataServerContainer/env/lib/python3.8/site-packages/airflow/example_dags/example_branch_operator.py took 0.065 seconds
[2021-03-08 12:20:23,828] {scheduler_job.py:182} INFO - Started process (PID=2932) to work on /Users/garymarmon/PycharmProjects/AWTY-Limitless/DataServerContainer/env/lib/python3.8/site-packages/airflow/example_dags/example_branch_operator.py
[2021-03-08 12:20:23,828] {scheduler_job.py:629} INFO - Processing file /Users/garymarmon/PycharmProjects/AWTY-Limitless/DataServerContainer/env/lib/python3.8/site-packages/airflow/example_dags/example_branch_operator.py for tasks to queue
[2021-03-08 12:20:23,829] {logging_mixin.py:104} INFO - [2021-03-08 12:20:23,829] {dagbag.py:448} INFO - Filling up the DagBag from /Users/garymarmon/PycharmProjects/AWTY-Limitless/DataServerContainer/env/lib/python3.8/site-packages/airflow/example_dags/example_branch_operator.py
[2021-03-08 12:20:23,840] {scheduler_job.py:639} INFO - DAG(s) dict_keys(['example_branch_operator']) retrieved from /Users/garymarmon/PycharmProjects/AWTY-Limitless/DataServerContainer/env/lib/python3.8/site-packages/airflow/example_dags/example_branch_operator.py
[2021-03-08 12:20:23,880] {logging_mixin.py:104} INFO - [2021-03-08 12:20:23,880] {dag.py:1818} INFO - Sync 1 DAGs
[2021-03-08 12:20:23,894] {logging_mixin.py:104} INFO - [2021-03-08 12:20:23,894] {dag.py:2273} INFO - Setting next_dagrun for example_branch_operator to 2021-03-06 00:00:00+00:00
[2021-03-08 12:20:23,904] {scheduler_job.py:190} INFO - Processing /Users/garymarmon/PycharmProjects/AWTY-Limitless/DataServerContainer/env/lib/python3.8/site-packages/airflow/example_dags/example_branch_operator.py took 0.078 seconds
[2021-03-08 12:21:33,221] {scheduler_job.py:182} INFO - Started process (PID=3022) to work on /Users/garymarmon/PycharmProjects/AWTY-Limitless/DataServerContainer/env/lib/python3.8/site-packages/airflow/example_dags/example_branch_operator.py
[2021-03-08 12:21:33,222] {scheduler_job.py:629} INFO - Processing file /Users/garymarmon/PycharmProjects/AWTY-Limitless/DataServerContainer/env/lib/python3.8/site-packages/airflow/example_dags/example_branch_operator.py for tasks to queue
[2021-03-08 12:21:33,222] {logging_mixin.py:104} INFO - [2021-03-08 12:21:33,222] {dagbag.py:448} INFO - Filling up the DagBag from /Users/garymarmon/PycharmProjects/AWTY-Limitless/DataServerContainer/env/lib/python3.8/site-packages/airflow/example_dags/example_branch_operator.py
[2021-03-08 12:21:33,233] {scheduler_job.py:639} INFO - DAG(s) dict_keys(['example_branch_operator']) retrieved from /Users/garymarmon/PycharmProjects/AWTY-Limitless/DataServerContainer/env/lib/python3.8/site-packages/airflow/example_dags/example_branch_operator.py
[2021-03-08 12:21:33,270] {logging_mixin.py:104} INFO - [2021-03-08 12:21:33,269] {dag.py:1818} INFO - Sync 1 DAGs
[2021-03-08 12:21:33,283] {logging_mixin.py:104} INFO - [2021-03-08 12:21:33,283] {dag.py:2273} INFO - Setting next_dagrun for example_branch_operator to 2021-03-06 00:00:00+00:00
[2021-03-08 12:21:33,292] {scheduler_job.py:190} INFO - Processing /Users/garymarmon/PycharmProjects/AWTY-Limitless/DataServerContainer/env/lib/python3.8/site-packages/airflow/example_dags/example_branch_operator.py took 0.072 seconds
[2021-03-08 12:23:03,909] {scheduler_job.py:182} INFO - Started process (PID=3139) to work on /Users/garymarmon/PycharmProjects/AWTY-Limitless/DataServerContainer/env/lib/python3.8/site-packages/airflow/example_dags/example_branch_operator.py
[2021-03-08 12:23:03,909] {scheduler_job.py:629} INFO - Processing file /Users/garymarmon/PycharmProjects/AWTY-Limitless/DataServerContainer/env/lib/python3.8/site-packages/airflow/example_dags/example_branch_operator.py for tasks to queue
[2021-03-08 12:23:03,910] {logging_mixin.py:104} INFO - [2021-03-08 12:23:03,909] {dagbag.py:448} INFO - Filling up the DagBag from /Users/garymarmon/PycharmProjects/AWTY-Limitless/DataServerContainer/env/lib/python3.8/site-packages/airflow/example_dags/example_branch_operator.py
[2021-03-08 12:23:03,919] {scheduler_job.py:639} INFO - DAG(s) dict_keys(['example_branch_operator']) retrieved from /Users/garymarmon/PycharmProjects/AWTY-Limitless/DataServerContainer/env/lib/python3.8/site-packages/airflow/example_dags/example_branch_operator.py
[2021-03-08 12:23:03,959] {logging_mixin.py:104} INFO - [2021-03-08 12:23:03,959] {dag.py:1818} INFO - Sync 1 DAGs
[2021-03-08 12:23:03,974] {logging_mixin.py:104} INFO - [2021-03-08 12:23:03,974] {dag.py:2273} INFO - Setting next_dagrun for example_branch_operator to 2021-03-06 00:00:00+00:00
[2021-03-08 12:23:03,983] {scheduler_job.py:190} INFO - Processing /Users/garymarmon/PycharmProjects/AWTY-Limitless/DataServerContainer/env/lib/python3.8/site-packages/airflow/example_dags/example_branch_operator.py took 0.076 seconds
[2021-03-08 12:24:03,375] {scheduler_job.py:182} INFO - Started process (PID=3210) to work on /Users/garymarmon/PycharmProjects/AWTY-Limitless/DataServerContainer/env/lib/python3.8/site-packages/airflow/example_dags/example_branch_operator.py
[2021-03-08 12:24:03,376] {scheduler_job.py:629} INFO - Processing file /Users/garymarmon/PycharmProjects/AWTY-Limitless/DataServerContainer/env/lib/python3.8/site-packages/airflow/example_dags/example_branch_operator.py for tasks to queue
[2021-03-08 12:24:03,376] {logging_mixin.py:104} INFO - [2021-03-08 12:24:03,376] {dagbag.py:448} INFO - Filling up the DagBag from /Users/garymarmon/PycharmProjects/AWTY-Limitless/DataServerContainer/env/lib/python3.8/site-packages/airflow/example_dags/example_branch_operator.py
[2021-03-08 12:24:03,386] {scheduler_job.py:639} INFO - DAG(s) dict_keys(['example_branch_operator']) retrieved from /Users/garymarmon/PycharmProjects/AWTY-Limitless/DataServerContainer/env/lib/python3.8/site-packages/airflow/example_dags/example_branch_operator.py
[2021-03-08 12:24:03,423] {logging_mixin.py:104} INFO - [2021-03-08 12:24:03,422] {dag.py:1818} INFO - Sync 1 DAGs
[2021-03-08 12:24:03,436] {logging_mixin.py:104} INFO - [2021-03-08 12:24:03,436] {dag.py:2273} INFO - Setting next_dagrun for example_branch_operator to 2021-03-06 00:00:00+00:00
[2021-03-08 12:24:03,445] {scheduler_job.py:190} INFO - Processing /Users/garymarmon/PycharmProjects/AWTY-Limitless/DataServerContainer/env/lib/python3.8/site-packages/airflow/example_dags/example_branch_operator.py took 0.070 seconds
[2021-03-08 12:25:08,943] {scheduler_job.py:182} INFO - Started process (PID=3336) to work on /Users/garymarmon/PycharmProjects/AWTY-Limitless/DataServerContainer/env/lib/python3.8/site-packages/airflow/example_dags/example_branch_operator.py
[2021-03-08 12:25:08,944] {scheduler_job.py:629} INFO - Processing file /Users/garymarmon/PycharmProjects/AWTY-Limitless/DataServerContainer/env/lib/python3.8/site-packages/airflow/example_dags/example_branch_operator.py for tasks to queue
[2021-03-08 12:25:08,944] {logging_mixin.py:104} INFO - [2021-03-08 12:25:08,944] {dagbag.py:448} INFO - Filling up the DagBag from /Users/garymarmon/PycharmProjects/AWTY-Limitless/DataServerContainer/env/lib/python3.8/site-packages/airflow/example_dags/example_branch_operator.py
[2021-03-08 12:25:08,958] {scheduler_job.py:639} INFO - DAG(s) dict_keys(['example_branch_operator']) retrieved from /Users/garymarmon/PycharmProjects/AWTY-Limitless/DataServerContainer/env/lib/python3.8/site-packages/airflow/example_dags/example_branch_operator.py
[2021-03-08 12:25:09,000] {logging_mixin.py:104} INFO - [2021-03-08 12:25:09,000] {dag.py:1818} INFO - Sync 1 DAGs
[2021-03-08 12:25:09,017] {logging_mixin.py:104} INFO - [2021-03-08 12:25:09,017] {dag.py:2273} INFO - Setting next_dagrun for example_branch_operator to 2021-03-06 00:00:00+00:00
[2021-03-08 12:25:09,027] {scheduler_job.py:190} INFO - Processing /Users/garymarmon/PycharmProjects/AWTY-Limitless/DataServerContainer/env/lib/python3.8/site-packages/airflow/example_dags/example_branch_operator.py took 0.085 seconds
[2021-03-08 12:26:23,368] {scheduler_job.py:182} INFO - Started process (PID=3510) to work on /Users/garymarmon/PycharmProjects/AWTY-Limitless/DataServerContainer/env/lib/python3.8/site-packages/airflow/example_dags/example_branch_operator.py
[2021-03-08 12:26:23,370] {scheduler_job.py:629} INFO - Processing file /Users/garymarmon/PycharmProjects/AWTY-Limitless/DataServerContainer/env/lib/python3.8/site-packages/airflow/example_dags/example_branch_operator.py for tasks to queue
[2021-03-08 12:26:23,371] {logging_mixin.py:104} INFO - [2021-03-08 12:26:23,371] {dagbag.py:448} INFO - Filling up the DagBag from /Users/garymarmon/PycharmProjects/AWTY-Limitless/DataServerContainer/env/lib/python3.8/site-packages/airflow/example_dags/example_branch_operator.py
[2021-03-08 12:26:23,392] {scheduler_job.py:639} INFO - DAG(s) dict_keys(['example_branch_operator']) retrieved from /Users/garymarmon/PycharmProjects/AWTY-Limitless/DataServerContainer/env/lib/python3.8/site-packages/airflow/example_dags/example_branch_operator.py
[2021-03-08 12:26:23,484] {logging_mixin.py:104} INFO - [2021-03-08 12:26:23,484] {dag.py:1818} INFO - Sync 1 DAGs
[2021-03-08 12:26:23,515] {logging_mixin.py:104} INFO - [2021-03-08 12:26:23,515] {dag.py:2273} INFO - Setting next_dagrun for example_branch_operator to 2021-03-06 00:00:00+00:00
[2021-03-08 12:26:23,529] {scheduler_job.py:190} INFO - Processing /Users/garymarmon/PycharmProjects/AWTY-Limitless/DataServerContainer/env/lib/python3.8/site-packages/airflow/example_dags/example_branch_operator.py took 0.162 seconds
[2021-03-08 12:27:50,931] {scheduler_job.py:182} INFO - Started process (PID=3667) to work on /Users/garymarmon/PycharmProjects/AWTY-Limitless/DataServerContainer/env/lib/python3.8/site-packages/airflow/example_dags/example_branch_operator.py
[2021-03-08 12:27:50,932] {scheduler_job.py:629} INFO - Processing file /Users/garymarmon/PycharmProjects/AWTY-Limitless/DataServerContainer/env/lib/python3.8/site-packages/airflow/example_dags/example_branch_operator.py for tasks to queue
[2021-03-08 12:27:50,932] {logging_mixin.py:104} INFO - [2021-03-08 12:27:50,932] {dagbag.py:448} INFO - Filling up the DagBag from /Users/garymarmon/PycharmProjects/AWTY-Limitless/DataServerContainer/env/lib/python3.8/site-packages/airflow/example_dags/example_branch_operator.py
[2021-03-08 12:27:50,941] {scheduler_job.py:639} INFO - DAG(s) dict_keys(['example_branch_operator']) retrieved from /Users/garymarmon/PycharmProjects/AWTY-Limitless/DataServerContainer/env/lib/python3.8/site-packages/airflow/example_dags/example_branch_operator.py
[2021-03-08 12:27:50,979] {logging_mixin.py:104} INFO - [2021-03-08 12:27:50,979] {dag.py:1818} INFO - Sync 1 DAGs
[2021-03-08 12:27:50,993] {logging_mixin.py:104} INFO - [2021-03-08 12:27:50,993] {dag.py:2273} INFO - Setting next_dagrun for example_branch_operator to 2021-03-06 00:00:00+00:00
[2021-03-08 12:27:51,002] {scheduler_job.py:190} INFO - Processing /Users/garymarmon/PycharmProjects/AWTY-Limitless/DataServerContainer/env/lib/python3.8/site-packages/airflow/example_dags/example_branch_operator.py took 0.071 seconds
[2021-03-08 12:28:50,300] {scheduler_job.py:182} INFO - Started process (PID=3745) to work on /Users/garymarmon/PycharmProjects/AWTY-Limitless/DataServerContainer/env/lib/python3.8/site-packages/airflow/example_dags/example_branch_operator.py
[2021-03-08 12:28:50,301] {scheduler_job.py:629} INFO - Processing file /Users/garymarmon/PycharmProjects/AWTY-Limitless/DataServerContainer/env/lib/python3.8/site-packages/airflow/example_dags/example_branch_operator.py for tasks to queue
[2021-03-08 12:28:50,301] {logging_mixin.py:104} INFO - [2021-03-08 12:28:50,301] {dagbag.py:448} INFO - Filling up the DagBag from /Users/garymarmon/PycharmProjects/AWTY-Limitless/DataServerContainer/env/lib/python3.8/site-packages/airflow/example_dags/example_branch_operator.py
[2021-03-08 12:28:50,311] {scheduler_job.py:639} INFO - DAG(s) dict_keys(['example_branch_operator']) retrieved from /Users/garymarmon/PycharmProjects/AWTY-Limitless/DataServerContainer/env/lib/python3.8/site-packages/airflow/example_dags/example_branch_operator.py
[2021-03-08 12:28:50,348] {logging_mixin.py:104} INFO - [2021-03-08 12:28:50,348] {dag.py:1818} INFO - Sync 1 DAGs
[2021-03-08 12:28:50,364] {logging_mixin.py:104} INFO - [2021-03-08 12:28:50,363] {dag.py:2273} INFO - Setting next_dagrun for example_branch_operator to 2021-03-06 00:00:00+00:00
[2021-03-08 12:28:50,372] {scheduler_job.py:190} INFO - Processing /Users/garymarmon/PycharmProjects/AWTY-Limitless/DataServerContainer/env/lib/python3.8/site-packages/airflow/example_dags/example_branch_operator.py took 0.073 seconds
[2021-03-08 12:29:47,761] {scheduler_job.py:182} INFO - Started process (PID=3814) to work on /Users/garymarmon/PycharmProjects/AWTY-Limitless/DataServerContainer/env/lib/python3.8/site-packages/airflow/example_dags/example_branch_operator.py
[2021-03-08 12:29:47,762] {scheduler_job.py:629} INFO - Processing file /Users/garymarmon/PycharmProjects/AWTY-Limitless/DataServerContainer/env/lib/python3.8/site-packages/airflow/example_dags/example_branch_operator.py for tasks to queue
[2021-03-08 12:29:47,762] {logging_mixin.py:104} INFO - [2021-03-08 12:29:47,762] {dagbag.py:448} INFO - Filling up the DagBag from /Users/garymarmon/PycharmProjects/AWTY-Limitless/DataServerContainer/env/lib/python3.8/site-packages/airflow/example_dags/example_branch_operator.py
[2021-03-08 12:29:47,775] {scheduler_job.py:639} INFO - DAG(s) dict_keys(['example_branch_operator']) retrieved from /Users/garymarmon/PycharmProjects/AWTY-Limitless/DataServerContainer/env/lib/python3.8/site-packages/airflow/example_dags/example_branch_operator.py
[2021-03-08 12:29:47,833] {logging_mixin.py:104} INFO - [2021-03-08 12:29:47,833] {dag.py:1818} INFO - Sync 1 DAGs
[2021-03-08 12:29:47,852] {logging_mixin.py:104} INFO - [2021-03-08 12:29:47,852] {dag.py:2273} INFO - Setting next_dagrun for example_branch_operator to 2021-03-06 00:00:00+00:00
[2021-03-08 12:29:47,864] {scheduler_job.py:190} INFO - Processing /Users/garymarmon/PycharmProjects/AWTY-Limitless/DataServerContainer/env/lib/python3.8/site-packages/airflow/example_dags/example_branch_operator.py took 0.103 seconds
[2021-03-08 12:30:58,553] {scheduler_job.py:182} INFO - Started process (PID=3890) to work on /Users/garymarmon/PycharmProjects/AWTY-Limitless/DataServerContainer/env/lib/python3.8/site-packages/airflow/example_dags/example_branch_operator.py
[2021-03-08 12:30:58,553] {scheduler_job.py:629} INFO - Processing file /Users/garymarmon/PycharmProjects/AWTY-Limitless/DataServerContainer/env/lib/python3.8/site-packages/airflow/example_dags/example_branch_operator.py for tasks to queue
[2021-03-08 12:30:58,554] {logging_mixin.py:104} INFO - [2021-03-08 12:30:58,554] {dagbag.py:448} INFO - Filling up the DagBag from /Users/garymarmon/PycharmProjects/AWTY-Limitless/DataServerContainer/env/lib/python3.8/site-packages/airflow/example_dags/example_branch_operator.py
[2021-03-08 12:30:58,566] {scheduler_job.py:639} INFO - DAG(s) dict_keys(['example_branch_operator']) retrieved from /Users/garymarmon/PycharmProjects/AWTY-Limitless/DataServerContainer/env/lib/python3.8/site-packages/airflow/example_dags/example_branch_operator.py
[2021-03-08 12:30:58,610] {logging_mixin.py:104} INFO - [2021-03-08 12:30:58,610] {dag.py:1818} INFO - Sync 1 DAGs
[2021-03-08 12:30:58,624] {logging_mixin.py:104} INFO - [2021-03-08 12:30:58,624] {dag.py:2273} INFO - Setting next_dagrun for example_branch_operator to 2021-03-06 00:00:00+00:00
[2021-03-08 12:30:58,633] {scheduler_job.py:190} INFO - Processing /Users/garymarmon/PycharmProjects/AWTY-Limitless/DataServerContainer/env/lib/python3.8/site-packages/airflow/example_dags/example_branch_operator.py took 0.081 seconds
[2021-03-08 12:32:14,265] {scheduler_job.py:182} INFO - Started process (PID=3973) to work on /Users/garymarmon/PycharmProjects/AWTY-Limitless/DataServerContainer/env/lib/python3.8/site-packages/airflow/example_dags/example_branch_operator.py
[2021-03-08 12:32:14,266] {scheduler_job.py:629} INFO - Processing file /Users/garymarmon/PycharmProjects/AWTY-Limitless/DataServerContainer/env/lib/python3.8/site-packages/airflow/example_dags/example_branch_operator.py for tasks to queue
[2021-03-08 12:32:14,266] {logging_mixin.py:104} INFO - [2021-03-08 12:32:14,266] {dagbag.py:448} INFO - Filling up the DagBag from /Users/garymarmon/PycharmProjects/AWTY-Limitless/DataServerContainer/env/lib/python3.8/site-packages/airflow/example_dags/example_branch_operator.py
[2021-03-08 12:32:14,275] {scheduler_job.py:639} INFO - DAG(s) dict_keys(['example_branch_operator']) retrieved from /Users/garymarmon/PycharmProjects/AWTY-Limitless/DataServerContainer/env/lib/python3.8/site-packages/airflow/example_dags/example_branch_operator.py
[2021-03-08 12:32:14,312] {logging_mixin.py:104} INFO - [2021-03-08 12:32:14,312] {dag.py:1818} INFO - Sync 1 DAGs
[2021-03-08 12:32:14,325] {logging_mixin.py:104} INFO - [2021-03-08 12:32:14,325] {dag.py:2273} INFO - Setting next_dagrun for example_branch_operator to 2021-03-06 00:00:00+00:00
[2021-03-08 12:32:14,334] {scheduler_job.py:190} INFO - Processing /Users/garymarmon/PycharmProjects/AWTY-Limitless/DataServerContainer/env/lib/python3.8/site-packages/airflow/example_dags/example_branch_operator.py took 0.070 seconds
[2021-03-08 12:33:21,574] {scheduler_job.py:182} INFO - Started process (PID=4055) to work on /Users/garymarmon/PycharmProjects/AWTY-Limitless/DataServerContainer/env/lib/python3.8/site-packages/airflow/example_dags/example_branch_operator.py
[2021-03-08 12:33:21,574] {scheduler_job.py:629} INFO - Processing file /Users/garymarmon/PycharmProjects/AWTY-Limitless/DataServerContainer/env/lib/python3.8/site-packages/airflow/example_dags/example_branch_operator.py for tasks to queue
[2021-03-08 12:33:21,575] {logging_mixin.py:104} INFO - [2021-03-08 12:33:21,575] {dagbag.py:448} INFO - Filling up the DagBag from /Users/garymarmon/PycharmProjects/AWTY-Limitless/DataServerContainer/env/lib/python3.8/site-packages/airflow/example_dags/example_branch_operator.py
[2021-03-08 12:33:21,585] {scheduler_job.py:639} INFO - DAG(s) dict_keys(['example_branch_operator']) retrieved from /Users/garymarmon/PycharmProjects/AWTY-Limitless/DataServerContainer/env/lib/python3.8/site-packages/airflow/example_dags/example_branch_operator.py
[2021-03-08 12:33:21,625] {logging_mixin.py:104} INFO - [2021-03-08 12:33:21,625] {dag.py:1818} INFO - Sync 1 DAGs
[2021-03-08 12:33:21,639] {logging_mixin.py:104} INFO - [2021-03-08 12:33:21,639] {dag.py:2273} INFO - Setting next_dagrun for example_branch_operator to 2021-03-06 00:00:00+00:00
[2021-03-08 12:33:21,650] {scheduler_job.py:190} INFO - Processing /Users/garymarmon/PycharmProjects/AWTY-Limitless/DataServerContainer/env/lib/python3.8/site-packages/airflow/example_dags/example_branch_operator.py took 0.077 seconds
[2021-03-08 12:34:25,580] {scheduler_job.py:182} INFO - Started process (PID=4128) to work on /Users/garymarmon/PycharmProjects/AWTY-Limitless/DataServerContainer/env/lib/python3.8/site-packages/airflow/example_dags/example_branch_operator.py
[2021-03-08 12:34:25,581] {scheduler_job.py:629} INFO - Processing file /Users/garymarmon/PycharmProjects/AWTY-Limitless/DataServerContainer/env/lib/python3.8/site-packages/airflow/example_dags/example_branch_operator.py for tasks to queue
[2021-03-08 12:34:25,581] {logging_mixin.py:104} INFO - [2021-03-08 12:34:25,581] {dagbag.py:448} INFO - Filling up the DagBag from /Users/garymarmon/PycharmProjects/AWTY-Limitless/DataServerContainer/env/lib/python3.8/site-packages/airflow/example_dags/example_branch_operator.py
[2021-03-08 12:34:25,594] {scheduler_job.py:639} INFO - DAG(s) dict_keys(['example_branch_operator']) retrieved from /Users/garymarmon/PycharmProjects/AWTY-Limitless/DataServerContainer/env/lib/python3.8/site-packages/airflow/example_dags/example_branch_operator.py
[2021-03-08 12:34:25,641] {logging_mixin.py:104} INFO - [2021-03-08 12:34:25,641] {dag.py:1818} INFO - Sync 1 DAGs
[2021-03-08 12:34:25,660] {logging_mixin.py:104} INFO - [2021-03-08 12:34:25,660] {dag.py:2273} INFO - Setting next_dagrun for example_branch_operator to 2021-03-06 00:00:00+00:00
[2021-03-08 12:34:25,670] {scheduler_job.py:190} INFO - Processing /Users/garymarmon/PycharmProjects/AWTY-Limitless/DataServerContainer/env/lib/python3.8/site-packages/airflow/example_dags/example_branch_operator.py took 0.091 seconds
[2021-03-08 12:35:37,295] {scheduler_job.py:182} INFO - Started process (PID=4210) to work on /Users/garymarmon/PycharmProjects/AWTY-Limitless/DataServerContainer/env/lib/python3.8/site-packages/airflow/example_dags/example_branch_operator.py
[2021-03-08 12:35:37,296] {scheduler_job.py:629} INFO - Processing file /Users/garymarmon/PycharmProjects/AWTY-Limitless/DataServerContainer/env/lib/python3.8/site-packages/airflow/example_dags/example_branch_operator.py for tasks to queue
[2021-03-08 12:35:37,296] {logging_mixin.py:104} INFO - [2021-03-08 12:35:37,296] {dagbag.py:448} INFO - Filling up the DagBag from /Users/garymarmon/PycharmProjects/AWTY-Limitless/DataServerContainer/env/lib/python3.8/site-packages/airflow/example_dags/example_branch_operator.py
[2021-03-08 12:35:37,308] {scheduler_job.py:639} INFO - DAG(s) dict_keys(['example_branch_operator']) retrieved from /Users/garymarmon/PycharmProjects/AWTY-Limitless/DataServerContainer/env/lib/python3.8/site-packages/airflow/example_dags/example_branch_operator.py
[2021-03-08 12:35:37,349] {logging_mixin.py:104} INFO - [2021-03-08 12:35:37,349] {dag.py:1818} INFO - Sync 1 DAGs
[2021-03-08 12:35:37,364] {logging_mixin.py:104} INFO - [2021-03-08 12:35:37,363] {dag.py:2273} INFO - Setting next_dagrun for example_branch_operator to 2021-03-06 00:00:00+00:00
[2021-03-08 12:35:37,373] {scheduler_job.py:190} INFO - Processing /Users/garymarmon/PycharmProjects/AWTY-Limitless/DataServerContainer/env/lib/python3.8/site-packages/airflow/example_dags/example_branch_operator.py took 0.079 seconds
[2021-03-08 12:36:43,538] {scheduler_job.py:182} INFO - Started process (PID=4294) to work on /Users/garymarmon/PycharmProjects/AWTY-Limitless/DataServerContainer/env/lib/python3.8/site-packages/airflow/example_dags/example_branch_operator.py
[2021-03-08 12:36:43,539] {scheduler_job.py:629} INFO - Processing file /Users/garymarmon/PycharmProjects/AWTY-Limitless/DataServerContainer/env/lib/python3.8/site-packages/airflow/example_dags/example_branch_operator.py for tasks to queue
[2021-03-08 12:36:43,539] {logging_mixin.py:104} INFO - [2021-03-08 12:36:43,539] {dagbag.py:448} INFO - Filling up the DagBag from /Users/garymarmon/PycharmProjects/AWTY-Limitless/DataServerContainer/env/lib/python3.8/site-packages/airflow/example_dags/example_branch_operator.py
[2021-03-08 12:36:43,549] {scheduler_job.py:639} INFO - DAG(s) dict_keys(['example_branch_operator']) retrieved from /Users/garymarmon/PycharmProjects/AWTY-Limitless/DataServerContainer/env/lib/python3.8/site-packages/airflow/example_dags/example_branch_operator.py
[2021-03-08 12:36:43,587] {logging_mixin.py:104} INFO - [2021-03-08 12:36:43,587] {dag.py:1818} INFO - Sync 1 DAGs
[2021-03-08 12:36:43,600] {logging_mixin.py:104} INFO - [2021-03-08 12:36:43,600] {dag.py:2273} INFO - Setting next_dagrun for example_branch_operator to 2021-03-06 00:00:00+00:00
[2021-03-08 12:36:43,608] {scheduler_job.py:190} INFO - Processing /Users/garymarmon/PycharmProjects/AWTY-Limitless/DataServerContainer/env/lib/python3.8/site-packages/airflow/example_dags/example_branch_operator.py took 0.071 seconds
