[2021-03-08 12:10:47,863] {scheduler_job.py:182} INFO - Started process (PID=2292) to work on /Users/garymarmon/PycharmProjects/AWTY-Limitless/DataServerContainer/env/lib/python3.8/site-packages/airflow/example_dags/example_xcomargs.py
[2021-03-08 12:10:47,863] {scheduler_job.py:629} INFO - Processing file /Users/garymarmon/PycharmProjects/AWTY-Limitless/DataServerContainer/env/lib/python3.8/site-packages/airflow/example_dags/example_xcomargs.py for tasks to queue
[2021-03-08 12:10:47,863] {logging_mixin.py:104} INFO - [2021-03-08 12:10:47,863] {dagbag.py:448} INFO - Filling up the DagBag from /Users/garymarmon/PycharmProjects/AWTY-Limitless/DataServerContainer/env/lib/python3.8/site-packages/airflow/example_dags/example_xcomargs.py
[2021-03-08 12:10:47,872] {scheduler_job.py:639} INFO - DAG(s) dict_keys(['example_xcom_args', 'example_xcom_args_with_operators']) retrieved from /Users/garymarmon/PycharmProjects/AWTY-Limitless/DataServerContainer/env/lib/python3.8/site-packages/airflow/example_dags/example_xcomargs.py
[2021-03-08 12:10:47,914] {logging_mixin.py:104} INFO - [2021-03-08 12:10:47,914] {dag.py:1818} INFO - Sync 2 DAGs
[2021-03-08 12:10:47,922] {logging_mixin.py:104} INFO - [2021-03-08 12:10:47,922] {dag.py:2273} INFO - Setting next_dagrun for example_xcom_args to None
[2021-03-08 12:10:47,923] {logging_mixin.py:104} INFO - [2021-03-08 12:10:47,923] {dag.py:2273} INFO - Setting next_dagrun for example_xcom_args_with_operators to None
[2021-03-08 12:10:47,932] {scheduler_job.py:190} INFO - Processing /Users/garymarmon/PycharmProjects/AWTY-Limitless/DataServerContainer/env/lib/python3.8/site-packages/airflow/example_dags/example_xcomargs.py took 0.071 seconds
[2021-03-08 12:14:10,391] {scheduler_job.py:182} INFO - Started process (PID=2471) to work on /Users/garymarmon/PycharmProjects/AWTY-Limitless/DataServerContainer/env/lib/python3.8/site-packages/airflow/example_dags/example_xcomargs.py
[2021-03-08 12:14:10,391] {scheduler_job.py:629} INFO - Processing file /Users/garymarmon/PycharmProjects/AWTY-Limitless/DataServerContainer/env/lib/python3.8/site-packages/airflow/example_dags/example_xcomargs.py for tasks to queue
[2021-03-08 12:14:10,392] {logging_mixin.py:104} INFO - [2021-03-08 12:14:10,392] {dagbag.py:448} INFO - Filling up the DagBag from /Users/garymarmon/PycharmProjects/AWTY-Limitless/DataServerContainer/env/lib/python3.8/site-packages/airflow/example_dags/example_xcomargs.py
[2021-03-08 12:14:10,402] {scheduler_job.py:639} INFO - DAG(s) dict_keys(['example_xcom_args', 'example_xcom_args_with_operators']) retrieved from /Users/garymarmon/PycharmProjects/AWTY-Limitless/DataServerContainer/env/lib/python3.8/site-packages/airflow/example_dags/example_xcomargs.py
[2021-03-08 12:14:10,440] {logging_mixin.py:104} INFO - [2021-03-08 12:14:10,440] {dag.py:1818} INFO - Sync 2 DAGs
[2021-03-08 12:14:10,447] {logging_mixin.py:104} INFO - [2021-03-08 12:14:10,447] {dag.py:2273} INFO - Setting next_dagrun for example_xcom_args to None
[2021-03-08 12:14:10,447] {logging_mixin.py:104} INFO - [2021-03-08 12:14:10,447] {dag.py:2273} INFO - Setting next_dagrun for example_xcom_args_with_operators to None
[2021-03-08 12:14:10,456] {scheduler_job.py:190} INFO - Processing /Users/garymarmon/PycharmProjects/AWTY-Limitless/DataServerContainer/env/lib/python3.8/site-packages/airflow/example_dags/example_xcomargs.py took 0.066 seconds
[2021-03-08 12:15:11,166] {scheduler_job.py:182} INFO - Started process (PID=2547) to work on /Users/garymarmon/PycharmProjects/AWTY-Limitless/DataServerContainer/env/lib/python3.8/site-packages/airflow/example_dags/example_xcomargs.py
[2021-03-08 12:15:11,167] {scheduler_job.py:629} INFO - Processing file /Users/garymarmon/PycharmProjects/AWTY-Limitless/DataServerContainer/env/lib/python3.8/site-packages/airflow/example_dags/example_xcomargs.py for tasks to queue
[2021-03-08 12:15:11,167] {logging_mixin.py:104} INFO - [2021-03-08 12:15:11,167] {dagbag.py:448} INFO - Filling up the DagBag from /Users/garymarmon/PycharmProjects/AWTY-Limitless/DataServerContainer/env/lib/python3.8/site-packages/airflow/example_dags/example_xcomargs.py
[2021-03-08 12:15:11,177] {scheduler_job.py:639} INFO - DAG(s) dict_keys(['example_xcom_args', 'example_xcom_args_with_operators']) retrieved from /Users/garymarmon/PycharmProjects/AWTY-Limitless/DataServerContainer/env/lib/python3.8/site-packages/airflow/example_dags/example_xcomargs.py
[2021-03-08 12:15:11,217] {logging_mixin.py:104} INFO - [2021-03-08 12:15:11,217] {dag.py:1818} INFO - Sync 2 DAGs
[2021-03-08 12:15:11,226] {logging_mixin.py:104} INFO - [2021-03-08 12:15:11,226] {dag.py:2273} INFO - Setting next_dagrun for example_xcom_args to None
[2021-03-08 12:15:11,227] {logging_mixin.py:104} INFO - [2021-03-08 12:15:11,226] {dag.py:2273} INFO - Setting next_dagrun for example_xcom_args_with_operators to None
[2021-03-08 12:15:11,236] {scheduler_job.py:190} INFO - Processing /Users/garymarmon/PycharmProjects/AWTY-Limitless/DataServerContainer/env/lib/python3.8/site-packages/airflow/example_dags/example_xcomargs.py took 0.071 seconds
[2021-03-08 12:16:10,859] {scheduler_job.py:182} INFO - Started process (PID=2616) to work on /Users/garymarmon/PycharmProjects/AWTY-Limitless/DataServerContainer/env/lib/python3.8/site-packages/airflow/example_dags/example_xcomargs.py
[2021-03-08 12:16:10,860] {scheduler_job.py:629} INFO - Processing file /Users/garymarmon/PycharmProjects/AWTY-Limitless/DataServerContainer/env/lib/python3.8/site-packages/airflow/example_dags/example_xcomargs.py for tasks to queue
[2021-03-08 12:16:10,860] {logging_mixin.py:104} INFO - [2021-03-08 12:16:10,860] {dagbag.py:448} INFO - Filling up the DagBag from /Users/garymarmon/PycharmProjects/AWTY-Limitless/DataServerContainer/env/lib/python3.8/site-packages/airflow/example_dags/example_xcomargs.py
[2021-03-08 12:16:10,869] {scheduler_job.py:639} INFO - DAG(s) dict_keys(['example_xcom_args', 'example_xcom_args_with_operators']) retrieved from /Users/garymarmon/PycharmProjects/AWTY-Limitless/DataServerContainer/env/lib/python3.8/site-packages/airflow/example_dags/example_xcomargs.py
[2021-03-08 12:16:10,909] {logging_mixin.py:104} INFO - [2021-03-08 12:16:10,908] {dag.py:1818} INFO - Sync 2 DAGs
[2021-03-08 12:16:10,917] {logging_mixin.py:104} INFO - [2021-03-08 12:16:10,917] {dag.py:2273} INFO - Setting next_dagrun for example_xcom_args to None
[2021-03-08 12:16:10,918] {logging_mixin.py:104} INFO - [2021-03-08 12:16:10,918] {dag.py:2273} INFO - Setting next_dagrun for example_xcom_args_with_operators to None
[2021-03-08 12:16:10,927] {scheduler_job.py:190} INFO - Processing /Users/garymarmon/PycharmProjects/AWTY-Limitless/DataServerContainer/env/lib/python3.8/site-packages/airflow/example_dags/example_xcomargs.py took 0.068 seconds
[2021-03-08 12:17:12,641] {scheduler_job.py:182} INFO - Started process (PID=2701) to work on /Users/garymarmon/PycharmProjects/AWTY-Limitless/DataServerContainer/env/lib/python3.8/site-packages/airflow/example_dags/example_xcomargs.py
[2021-03-08 12:17:12,642] {scheduler_job.py:629} INFO - Processing file /Users/garymarmon/PycharmProjects/AWTY-Limitless/DataServerContainer/env/lib/python3.8/site-packages/airflow/example_dags/example_xcomargs.py for tasks to queue
[2021-03-08 12:17:12,643] {logging_mixin.py:104} INFO - [2021-03-08 12:17:12,642] {dagbag.py:448} INFO - Filling up the DagBag from /Users/garymarmon/PycharmProjects/AWTY-Limitless/DataServerContainer/env/lib/python3.8/site-packages/airflow/example_dags/example_xcomargs.py
[2021-03-08 12:17:12,653] {scheduler_job.py:639} INFO - DAG(s) dict_keys(['example_xcom_args', 'example_xcom_args_with_operators']) retrieved from /Users/garymarmon/PycharmProjects/AWTY-Limitless/DataServerContainer/env/lib/python3.8/site-packages/airflow/example_dags/example_xcomargs.py
[2021-03-08 12:17:12,692] {logging_mixin.py:104} INFO - [2021-03-08 12:17:12,692] {dag.py:1818} INFO - Sync 2 DAGs
[2021-03-08 12:17:12,700] {logging_mixin.py:104} INFO - [2021-03-08 12:17:12,700] {dag.py:2273} INFO - Setting next_dagrun for example_xcom_args to None
[2021-03-08 12:17:12,701] {logging_mixin.py:104} INFO - [2021-03-08 12:17:12,701] {dag.py:2273} INFO - Setting next_dagrun for example_xcom_args_with_operators to None
[2021-03-08 12:17:12,710] {scheduler_job.py:190} INFO - Processing /Users/garymarmon/PycharmProjects/AWTY-Limitless/DataServerContainer/env/lib/python3.8/site-packages/airflow/example_dags/example_xcomargs.py took 0.069 seconds
[2021-03-08 12:18:27,146] {scheduler_job.py:182} INFO - Started process (PID=2794) to work on /Users/garymarmon/PycharmProjects/AWTY-Limitless/DataServerContainer/env/lib/python3.8/site-packages/airflow/example_dags/example_xcomargs.py
[2021-03-08 12:18:27,146] {scheduler_job.py:629} INFO - Processing file /Users/garymarmon/PycharmProjects/AWTY-Limitless/DataServerContainer/env/lib/python3.8/site-packages/airflow/example_dags/example_xcomargs.py for tasks to queue
[2021-03-08 12:18:27,147] {logging_mixin.py:104} INFO - [2021-03-08 12:18:27,147] {dagbag.py:448} INFO - Filling up the DagBag from /Users/garymarmon/PycharmProjects/AWTY-Limitless/DataServerContainer/env/lib/python3.8/site-packages/airflow/example_dags/example_xcomargs.py
[2021-03-08 12:18:27,158] {scheduler_job.py:639} INFO - DAG(s) dict_keys(['example_xcom_args', 'example_xcom_args_with_operators']) retrieved from /Users/garymarmon/PycharmProjects/AWTY-Limitless/DataServerContainer/env/lib/python3.8/site-packages/airflow/example_dags/example_xcomargs.py
[2021-03-08 12:18:27,202] {logging_mixin.py:104} INFO - [2021-03-08 12:18:27,202] {dag.py:1818} INFO - Sync 2 DAGs
[2021-03-08 12:18:27,212] {logging_mixin.py:104} INFO - [2021-03-08 12:18:27,212] {dag.py:2273} INFO - Setting next_dagrun for example_xcom_args to None
[2021-03-08 12:18:27,213] {logging_mixin.py:104} INFO - [2021-03-08 12:18:27,213] {dag.py:2273} INFO - Setting next_dagrun for example_xcom_args_with_operators to None
[2021-03-08 12:18:27,223] {scheduler_job.py:190} INFO - Processing /Users/garymarmon/PycharmProjects/AWTY-Limitless/DataServerContainer/env/lib/python3.8/site-packages/airflow/example_dags/example_xcomargs.py took 0.079 seconds
[2021-03-08 12:19:58,055] {scheduler_job.py:182} INFO - Started process (PID=2904) to work on /Users/garymarmon/PycharmProjects/AWTY-Limitless/DataServerContainer/env/lib/python3.8/site-packages/airflow/example_dags/example_xcomargs.py
[2021-03-08 12:19:58,056] {scheduler_job.py:629} INFO - Processing file /Users/garymarmon/PycharmProjects/AWTY-Limitless/DataServerContainer/env/lib/python3.8/site-packages/airflow/example_dags/example_xcomargs.py for tasks to queue
[2021-03-08 12:19:58,057] {logging_mixin.py:104} INFO - [2021-03-08 12:19:58,057] {dagbag.py:448} INFO - Filling up the DagBag from /Users/garymarmon/PycharmProjects/AWTY-Limitless/DataServerContainer/env/lib/python3.8/site-packages/airflow/example_dags/example_xcomargs.py
[2021-03-08 12:19:58,073] {scheduler_job.py:639} INFO - DAG(s) dict_keys(['example_xcom_args', 'example_xcom_args_with_operators']) retrieved from /Users/garymarmon/PycharmProjects/AWTY-Limitless/DataServerContainer/env/lib/python3.8/site-packages/airflow/example_dags/example_xcomargs.py
[2021-03-08 12:19:58,145] {logging_mixin.py:104} INFO - [2021-03-08 12:19:58,144] {dag.py:1818} INFO - Sync 2 DAGs
[2021-03-08 12:19:58,161] {logging_mixin.py:104} INFO - [2021-03-08 12:19:58,161] {dag.py:2273} INFO - Setting next_dagrun for example_xcom_args to None
[2021-03-08 12:19:58,163] {logging_mixin.py:104} INFO - [2021-03-08 12:19:58,163] {dag.py:2273} INFO - Setting next_dagrun for example_xcom_args_with_operators to None
[2021-03-08 12:19:58,182] {scheduler_job.py:190} INFO - Processing /Users/garymarmon/PycharmProjects/AWTY-Limitless/DataServerContainer/env/lib/python3.8/site-packages/airflow/example_dags/example_xcomargs.py took 0.127 seconds
[2021-03-08 12:21:13,221] {scheduler_job.py:182} INFO - Started process (PID=2998) to work on /Users/garymarmon/PycharmProjects/AWTY-Limitless/DataServerContainer/env/lib/python3.8/site-packages/airflow/example_dags/example_xcomargs.py
[2021-03-08 12:21:13,221] {scheduler_job.py:629} INFO - Processing file /Users/garymarmon/PycharmProjects/AWTY-Limitless/DataServerContainer/env/lib/python3.8/site-packages/airflow/example_dags/example_xcomargs.py for tasks to queue
[2021-03-08 12:21:13,222] {logging_mixin.py:104} INFO - [2021-03-08 12:21:13,222] {dagbag.py:448} INFO - Filling up the DagBag from /Users/garymarmon/PycharmProjects/AWTY-Limitless/DataServerContainer/env/lib/python3.8/site-packages/airflow/example_dags/example_xcomargs.py
[2021-03-08 12:21:13,230] {scheduler_job.py:639} INFO - DAG(s) dict_keys(['example_xcom_args', 'example_xcom_args_with_operators']) retrieved from /Users/garymarmon/PycharmProjects/AWTY-Limitless/DataServerContainer/env/lib/python3.8/site-packages/airflow/example_dags/example_xcomargs.py
[2021-03-08 12:21:13,270] {logging_mixin.py:104} INFO - [2021-03-08 12:21:13,270] {dag.py:1818} INFO - Sync 2 DAGs
[2021-03-08 12:21:13,279] {logging_mixin.py:104} INFO - [2021-03-08 12:21:13,279] {dag.py:2273} INFO - Setting next_dagrun for example_xcom_args to None
[2021-03-08 12:21:13,280] {logging_mixin.py:104} INFO - [2021-03-08 12:21:13,280] {dag.py:2273} INFO - Setting next_dagrun for example_xcom_args_with_operators to None
[2021-03-08 12:21:13,289] {scheduler_job.py:190} INFO - Processing /Users/garymarmon/PycharmProjects/AWTY-Limitless/DataServerContainer/env/lib/python3.8/site-packages/airflow/example_dags/example_xcomargs.py took 0.069 seconds
[2021-03-08 12:22:25,813] {scheduler_job.py:182} INFO - Started process (PID=3093) to work on /Users/garymarmon/PycharmProjects/AWTY-Limitless/DataServerContainer/env/lib/python3.8/site-packages/airflow/example_dags/example_xcomargs.py
[2021-03-08 12:22:25,813] {scheduler_job.py:629} INFO - Processing file /Users/garymarmon/PycharmProjects/AWTY-Limitless/DataServerContainer/env/lib/python3.8/site-packages/airflow/example_dags/example_xcomargs.py for tasks to queue
[2021-03-08 12:22:25,814] {logging_mixin.py:104} INFO - [2021-03-08 12:22:25,814] {dagbag.py:448} INFO - Filling up the DagBag from /Users/garymarmon/PycharmProjects/AWTY-Limitless/DataServerContainer/env/lib/python3.8/site-packages/airflow/example_dags/example_xcomargs.py
[2021-03-08 12:22:25,825] {scheduler_job.py:639} INFO - DAG(s) dict_keys(['example_xcom_args', 'example_xcom_args_with_operators']) retrieved from /Users/garymarmon/PycharmProjects/AWTY-Limitless/DataServerContainer/env/lib/python3.8/site-packages/airflow/example_dags/example_xcomargs.py
[2021-03-08 12:22:25,867] {logging_mixin.py:104} INFO - [2021-03-08 12:22:25,866] {dag.py:1818} INFO - Sync 2 DAGs
[2021-03-08 12:22:25,874] {logging_mixin.py:104} INFO - [2021-03-08 12:22:25,874] {dag.py:2273} INFO - Setting next_dagrun for example_xcom_args to None
[2021-03-08 12:22:25,874] {logging_mixin.py:104} INFO - [2021-03-08 12:22:25,874] {dag.py:2273} INFO - Setting next_dagrun for example_xcom_args_with_operators to None
[2021-03-08 12:22:25,884] {scheduler_job.py:190} INFO - Processing /Users/garymarmon/PycharmProjects/AWTY-Limitless/DataServerContainer/env/lib/python3.8/site-packages/airflow/example_dags/example_xcomargs.py took 0.072 seconds
[2021-03-08 12:23:32,757] {scheduler_job.py:182} INFO - Started process (PID=3170) to work on /Users/garymarmon/PycharmProjects/AWTY-Limitless/DataServerContainer/env/lib/python3.8/site-packages/airflow/example_dags/example_xcomargs.py
[2021-03-08 12:23:32,758] {scheduler_job.py:629} INFO - Processing file /Users/garymarmon/PycharmProjects/AWTY-Limitless/DataServerContainer/env/lib/python3.8/site-packages/airflow/example_dags/example_xcomargs.py for tasks to queue
[2021-03-08 12:23:32,759] {logging_mixin.py:104} INFO - [2021-03-08 12:23:32,759] {dagbag.py:448} INFO - Filling up the DagBag from /Users/garymarmon/PycharmProjects/AWTY-Limitless/DataServerContainer/env/lib/python3.8/site-packages/airflow/example_dags/example_xcomargs.py
[2021-03-08 12:23:32,770] {scheduler_job.py:639} INFO - DAG(s) dict_keys(['example_xcom_args', 'example_xcom_args_with_operators']) retrieved from /Users/garymarmon/PycharmProjects/AWTY-Limitless/DataServerContainer/env/lib/python3.8/site-packages/airflow/example_dags/example_xcomargs.py
[2021-03-08 12:23:32,812] {logging_mixin.py:104} INFO - [2021-03-08 12:23:32,812] {dag.py:1818} INFO - Sync 2 DAGs
[2021-03-08 12:23:32,821] {logging_mixin.py:104} INFO - [2021-03-08 12:23:32,821] {dag.py:2273} INFO - Setting next_dagrun for example_xcom_args to None
[2021-03-08 12:23:32,821] {logging_mixin.py:104} INFO - [2021-03-08 12:23:32,821] {dag.py:2273} INFO - Setting next_dagrun for example_xcom_args_with_operators to None
[2021-03-08 12:23:32,831] {scheduler_job.py:190} INFO - Processing /Users/garymarmon/PycharmProjects/AWTY-Limitless/DataServerContainer/env/lib/python3.8/site-packages/airflow/example_dags/example_xcomargs.py took 0.075 seconds
[2021-03-08 12:24:33,033] {scheduler_job.py:182} INFO - Started process (PID=3242) to work on /Users/garymarmon/PycharmProjects/AWTY-Limitless/DataServerContainer/env/lib/python3.8/site-packages/airflow/example_dags/example_xcomargs.py
[2021-03-08 12:24:33,034] {scheduler_job.py:629} INFO - Processing file /Users/garymarmon/PycharmProjects/AWTY-Limitless/DataServerContainer/env/lib/python3.8/site-packages/airflow/example_dags/example_xcomargs.py for tasks to queue
[2021-03-08 12:24:33,034] {logging_mixin.py:104} INFO - [2021-03-08 12:24:33,034] {dagbag.py:448} INFO - Filling up the DagBag from /Users/garymarmon/PycharmProjects/AWTY-Limitless/DataServerContainer/env/lib/python3.8/site-packages/airflow/example_dags/example_xcomargs.py
[2021-03-08 12:24:33,045] {scheduler_job.py:639} INFO - DAG(s) dict_keys(['example_xcom_args', 'example_xcom_args_with_operators']) retrieved from /Users/garymarmon/PycharmProjects/AWTY-Limitless/DataServerContainer/env/lib/python3.8/site-packages/airflow/example_dags/example_xcomargs.py
[2021-03-08 12:24:33,096] {logging_mixin.py:104} INFO - [2021-03-08 12:24:33,096] {dag.py:1818} INFO - Sync 2 DAGs
[2021-03-08 12:24:33,108] {logging_mixin.py:104} INFO - [2021-03-08 12:24:33,108] {dag.py:2273} INFO - Setting next_dagrun for example_xcom_args to None
[2021-03-08 12:24:33,109] {logging_mixin.py:104} INFO - [2021-03-08 12:24:33,109] {dag.py:2273} INFO - Setting next_dagrun for example_xcom_args_with_operators to None
[2021-03-08 12:24:33,120] {scheduler_job.py:190} INFO - Processing /Users/garymarmon/PycharmProjects/AWTY-Limitless/DataServerContainer/env/lib/python3.8/site-packages/airflow/example_dags/example_xcomargs.py took 0.088 seconds
[2021-03-08 12:25:50,418] {scheduler_job.py:182} INFO - Started process (PID=3383) to work on /Users/garymarmon/PycharmProjects/AWTY-Limitless/DataServerContainer/env/lib/python3.8/site-packages/airflow/example_dags/example_xcomargs.py
[2021-03-08 12:25:50,419] {scheduler_job.py:629} INFO - Processing file /Users/garymarmon/PycharmProjects/AWTY-Limitless/DataServerContainer/env/lib/python3.8/site-packages/airflow/example_dags/example_xcomargs.py for tasks to queue
[2021-03-08 12:25:50,419] {logging_mixin.py:104} INFO - [2021-03-08 12:25:50,419] {dagbag.py:448} INFO - Filling up the DagBag from /Users/garymarmon/PycharmProjects/AWTY-Limitless/DataServerContainer/env/lib/python3.8/site-packages/airflow/example_dags/example_xcomargs.py
[2021-03-08 12:25:50,430] {scheduler_job.py:639} INFO - DAG(s) dict_keys(['example_xcom_args', 'example_xcom_args_with_operators']) retrieved from /Users/garymarmon/PycharmProjects/AWTY-Limitless/DataServerContainer/env/lib/python3.8/site-packages/airflow/example_dags/example_xcomargs.py
[2021-03-08 12:25:50,471] {logging_mixin.py:104} INFO - [2021-03-08 12:25:50,471] {dag.py:1818} INFO - Sync 2 DAGs
[2021-03-08 12:25:50,479] {logging_mixin.py:104} INFO - [2021-03-08 12:25:50,479] {dag.py:2273} INFO - Setting next_dagrun for example_xcom_args to None
[2021-03-08 12:25:50,480] {logging_mixin.py:104} INFO - [2021-03-08 12:25:50,480] {dag.py:2273} INFO - Setting next_dagrun for example_xcom_args_with_operators to None
[2021-03-08 12:25:50,488] {scheduler_job.py:190} INFO - Processing /Users/garymarmon/PycharmProjects/AWTY-Limitless/DataServerContainer/env/lib/python3.8/site-packages/airflow/example_dags/example_xcomargs.py took 0.071 seconds
[2021-03-08 12:27:19,048] {scheduler_job.py:182} INFO - Started process (PID=3628) to work on /Users/garymarmon/PycharmProjects/AWTY-Limitless/DataServerContainer/env/lib/python3.8/site-packages/airflow/example_dags/example_xcomargs.py
[2021-03-08 12:27:19,049] {scheduler_job.py:629} INFO - Processing file /Users/garymarmon/PycharmProjects/AWTY-Limitless/DataServerContainer/env/lib/python3.8/site-packages/airflow/example_dags/example_xcomargs.py for tasks to queue
[2021-03-08 12:27:19,049] {logging_mixin.py:104} INFO - [2021-03-08 12:27:19,049] {dagbag.py:448} INFO - Filling up the DagBag from /Users/garymarmon/PycharmProjects/AWTY-Limitless/DataServerContainer/env/lib/python3.8/site-packages/airflow/example_dags/example_xcomargs.py
[2021-03-08 12:27:19,058] {scheduler_job.py:639} INFO - DAG(s) dict_keys(['example_xcom_args', 'example_xcom_args_with_operators']) retrieved from /Users/garymarmon/PycharmProjects/AWTY-Limitless/DataServerContainer/env/lib/python3.8/site-packages/airflow/example_dags/example_xcomargs.py
[2021-03-08 12:27:19,105] {logging_mixin.py:104} INFO - [2021-03-08 12:27:19,104] {dag.py:1818} INFO - Sync 2 DAGs
[2021-03-08 12:27:19,114] {logging_mixin.py:104} INFO - [2021-03-08 12:27:19,114] {dag.py:2273} INFO - Setting next_dagrun for example_xcom_args to None
[2021-03-08 12:27:19,116] {logging_mixin.py:104} INFO - [2021-03-08 12:27:19,116] {dag.py:2273} INFO - Setting next_dagrun for example_xcom_args_with_operators to None
[2021-03-08 12:27:19,130] {scheduler_job.py:190} INFO - Processing /Users/garymarmon/PycharmProjects/AWTY-Limitless/DataServerContainer/env/lib/python3.8/site-packages/airflow/example_dags/example_xcomargs.py took 0.082 seconds
[2021-03-08 12:28:21,624] {scheduler_job.py:182} INFO - Started process (PID=3712) to work on /Users/garymarmon/PycharmProjects/AWTY-Limitless/DataServerContainer/env/lib/python3.8/site-packages/airflow/example_dags/example_xcomargs.py
[2021-03-08 12:28:21,624] {scheduler_job.py:629} INFO - Processing file /Users/garymarmon/PycharmProjects/AWTY-Limitless/DataServerContainer/env/lib/python3.8/site-packages/airflow/example_dags/example_xcomargs.py for tasks to queue
[2021-03-08 12:28:21,625] {logging_mixin.py:104} INFO - [2021-03-08 12:28:21,625] {dagbag.py:448} INFO - Filling up the DagBag from /Users/garymarmon/PycharmProjects/AWTY-Limitless/DataServerContainer/env/lib/python3.8/site-packages/airflow/example_dags/example_xcomargs.py
[2021-03-08 12:28:21,634] {scheduler_job.py:639} INFO - DAG(s) dict_keys(['example_xcom_args', 'example_xcom_args_with_operators']) retrieved from /Users/garymarmon/PycharmProjects/AWTY-Limitless/DataServerContainer/env/lib/python3.8/site-packages/airflow/example_dags/example_xcomargs.py
[2021-03-08 12:28:21,676] {logging_mixin.py:104} INFO - [2021-03-08 12:28:21,676] {dag.py:1818} INFO - Sync 2 DAGs
[2021-03-08 12:28:21,684] {logging_mixin.py:104} INFO - [2021-03-08 12:28:21,684] {dag.py:2273} INFO - Setting next_dagrun for example_xcom_args to None
[2021-03-08 12:28:21,685] {logging_mixin.py:104} INFO - [2021-03-08 12:28:21,685] {dag.py:2273} INFO - Setting next_dagrun for example_xcom_args_with_operators to None
[2021-03-08 12:28:21,693] {scheduler_job.py:190} INFO - Processing /Users/garymarmon/PycharmProjects/AWTY-Limitless/DataServerContainer/env/lib/python3.8/site-packages/airflow/example_dags/example_xcomargs.py took 0.070 seconds
[2021-03-08 12:29:17,752] {scheduler_job.py:182} INFO - Started process (PID=3777) to work on /Users/garymarmon/PycharmProjects/AWTY-Limitless/DataServerContainer/env/lib/python3.8/site-packages/airflow/example_dags/example_xcomargs.py
[2021-03-08 12:29:17,752] {scheduler_job.py:629} INFO - Processing file /Users/garymarmon/PycharmProjects/AWTY-Limitless/DataServerContainer/env/lib/python3.8/site-packages/airflow/example_dags/example_xcomargs.py for tasks to queue
[2021-03-08 12:29:17,753] {logging_mixin.py:104} INFO - [2021-03-08 12:29:17,753] {dagbag.py:448} INFO - Filling up the DagBag from /Users/garymarmon/PycharmProjects/AWTY-Limitless/DataServerContainer/env/lib/python3.8/site-packages/airflow/example_dags/example_xcomargs.py
[2021-03-08 12:29:17,762] {scheduler_job.py:639} INFO - DAG(s) dict_keys(['example_xcom_args', 'example_xcom_args_with_operators']) retrieved from /Users/garymarmon/PycharmProjects/AWTY-Limitless/DataServerContainer/env/lib/python3.8/site-packages/airflow/example_dags/example_xcomargs.py
[2021-03-08 12:29:17,801] {logging_mixin.py:104} INFO - [2021-03-08 12:29:17,801] {dag.py:1818} INFO - Sync 2 DAGs
[2021-03-08 12:29:17,808] {logging_mixin.py:104} INFO - [2021-03-08 12:29:17,808] {dag.py:2273} INFO - Setting next_dagrun for example_xcom_args to None
[2021-03-08 12:29:17,809] {logging_mixin.py:104} INFO - [2021-03-08 12:29:17,809] {dag.py:2273} INFO - Setting next_dagrun for example_xcom_args_with_operators to None
[2021-03-08 12:29:17,817] {scheduler_job.py:190} INFO - Processing /Users/garymarmon/PycharmProjects/AWTY-Limitless/DataServerContainer/env/lib/python3.8/site-packages/airflow/example_dags/example_xcomargs.py took 0.066 seconds
[2021-03-08 12:30:19,411] {scheduler_job.py:182} INFO - Started process (PID=3847) to work on /Users/garymarmon/PycharmProjects/AWTY-Limitless/DataServerContainer/env/lib/python3.8/site-packages/airflow/example_dags/example_xcomargs.py
[2021-03-08 12:30:19,412] {scheduler_job.py:629} INFO - Processing file /Users/garymarmon/PycharmProjects/AWTY-Limitless/DataServerContainer/env/lib/python3.8/site-packages/airflow/example_dags/example_xcomargs.py for tasks to queue
[2021-03-08 12:30:19,412] {logging_mixin.py:104} INFO - [2021-03-08 12:30:19,412] {dagbag.py:448} INFO - Filling up the DagBag from /Users/garymarmon/PycharmProjects/AWTY-Limitless/DataServerContainer/env/lib/python3.8/site-packages/airflow/example_dags/example_xcomargs.py
[2021-03-08 12:30:19,423] {scheduler_job.py:639} INFO - DAG(s) dict_keys(['example_xcom_args', 'example_xcom_args_with_operators']) retrieved from /Users/garymarmon/PycharmProjects/AWTY-Limitless/DataServerContainer/env/lib/python3.8/site-packages/airflow/example_dags/example_xcomargs.py
[2021-03-08 12:30:19,462] {logging_mixin.py:104} INFO - [2021-03-08 12:30:19,462] {dag.py:1818} INFO - Sync 2 DAGs
[2021-03-08 12:30:19,470] {logging_mixin.py:104} INFO - [2021-03-08 12:30:19,470] {dag.py:2273} INFO - Setting next_dagrun for example_xcom_args to None
[2021-03-08 12:30:19,471] {logging_mixin.py:104} INFO - [2021-03-08 12:30:19,471] {dag.py:2273} INFO - Setting next_dagrun for example_xcom_args_with_operators to None
[2021-03-08 12:30:19,480] {scheduler_job.py:190} INFO - Processing /Users/garymarmon/PycharmProjects/AWTY-Limitless/DataServerContainer/env/lib/python3.8/site-packages/airflow/example_dags/example_xcomargs.py took 0.070 seconds
[2021-03-08 12:31:36,541] {scheduler_job.py:182} INFO - Started process (PID=3934) to work on /Users/garymarmon/PycharmProjects/AWTY-Limitless/DataServerContainer/env/lib/python3.8/site-packages/airflow/example_dags/example_xcomargs.py
[2021-03-08 12:31:36,542] {scheduler_job.py:629} INFO - Processing file /Users/garymarmon/PycharmProjects/AWTY-Limitless/DataServerContainer/env/lib/python3.8/site-packages/airflow/example_dags/example_xcomargs.py for tasks to queue
[2021-03-08 12:31:36,542] {logging_mixin.py:104} INFO - [2021-03-08 12:31:36,542] {dagbag.py:448} INFO - Filling up the DagBag from /Users/garymarmon/PycharmProjects/AWTY-Limitless/DataServerContainer/env/lib/python3.8/site-packages/airflow/example_dags/example_xcomargs.py
[2021-03-08 12:31:36,551] {scheduler_job.py:639} INFO - DAG(s) dict_keys(['example_xcom_args', 'example_xcom_args_with_operators']) retrieved from /Users/garymarmon/PycharmProjects/AWTY-Limitless/DataServerContainer/env/lib/python3.8/site-packages/airflow/example_dags/example_xcomargs.py
[2021-03-08 12:31:36,593] {logging_mixin.py:104} INFO - [2021-03-08 12:31:36,593] {dag.py:1818} INFO - Sync 2 DAGs
[2021-03-08 12:31:36,601] {logging_mixin.py:104} INFO - [2021-03-08 12:31:36,601] {dag.py:2273} INFO - Setting next_dagrun for example_xcom_args to None
[2021-03-08 12:31:36,601] {logging_mixin.py:104} INFO - [2021-03-08 12:31:36,601] {dag.py:2273} INFO - Setting next_dagrun for example_xcom_args_with_operators to None
[2021-03-08 12:31:36,611] {scheduler_job.py:190} INFO - Processing /Users/garymarmon/PycharmProjects/AWTY-Limitless/DataServerContainer/env/lib/python3.8/site-packages/airflow/example_dags/example_xcomargs.py took 0.070 seconds
[2021-03-08 12:32:47,516] {scheduler_job.py:182} INFO - Started process (PID=4016) to work on /Users/garymarmon/PycharmProjects/AWTY-Limitless/DataServerContainer/env/lib/python3.8/site-packages/airflow/example_dags/example_xcomargs.py
[2021-03-08 12:32:47,517] {scheduler_job.py:629} INFO - Processing file /Users/garymarmon/PycharmProjects/AWTY-Limitless/DataServerContainer/env/lib/python3.8/site-packages/airflow/example_dags/example_xcomargs.py for tasks to queue
[2021-03-08 12:32:47,517] {logging_mixin.py:104} INFO - [2021-03-08 12:32:47,517] {dagbag.py:448} INFO - Filling up the DagBag from /Users/garymarmon/PycharmProjects/AWTY-Limitless/DataServerContainer/env/lib/python3.8/site-packages/airflow/example_dags/example_xcomargs.py
[2021-03-08 12:32:47,530] {scheduler_job.py:639} INFO - DAG(s) dict_keys(['example_xcom_args', 'example_xcom_args_with_operators']) retrieved from /Users/garymarmon/PycharmProjects/AWTY-Limitless/DataServerContainer/env/lib/python3.8/site-packages/airflow/example_dags/example_xcomargs.py
[2021-03-08 12:32:47,579] {logging_mixin.py:104} INFO - [2021-03-08 12:32:47,578] {dag.py:1818} INFO - Sync 2 DAGs
[2021-03-08 12:32:47,589] {logging_mixin.py:104} INFO - [2021-03-08 12:32:47,589] {dag.py:2273} INFO - Setting next_dagrun for example_xcom_args to None
[2021-03-08 12:32:47,590] {logging_mixin.py:104} INFO - [2021-03-08 12:32:47,589] {dag.py:2273} INFO - Setting next_dagrun for example_xcom_args_with_operators to None
[2021-03-08 12:32:47,599] {scheduler_job.py:190} INFO - Processing /Users/garymarmon/PycharmProjects/AWTY-Limitless/DataServerContainer/env/lib/python3.8/site-packages/airflow/example_dags/example_xcomargs.py took 0.084 seconds
[2021-03-08 12:33:51,921] {scheduler_job.py:182} INFO - Started process (PID=4089) to work on /Users/garymarmon/PycharmProjects/AWTY-Limitless/DataServerContainer/env/lib/python3.8/site-packages/airflow/example_dags/example_xcomargs.py
[2021-03-08 12:33:51,921] {scheduler_job.py:629} INFO - Processing file /Users/garymarmon/PycharmProjects/AWTY-Limitless/DataServerContainer/env/lib/python3.8/site-packages/airflow/example_dags/example_xcomargs.py for tasks to queue
[2021-03-08 12:33:51,922] {logging_mixin.py:104} INFO - [2021-03-08 12:33:51,922] {dagbag.py:448} INFO - Filling up the DagBag from /Users/garymarmon/PycharmProjects/AWTY-Limitless/DataServerContainer/env/lib/python3.8/site-packages/airflow/example_dags/example_xcomargs.py
[2021-03-08 12:33:51,931] {scheduler_job.py:639} INFO - DAG(s) dict_keys(['example_xcom_args', 'example_xcom_args_with_operators']) retrieved from /Users/garymarmon/PycharmProjects/AWTY-Limitless/DataServerContainer/env/lib/python3.8/site-packages/airflow/example_dags/example_xcomargs.py
[2021-03-08 12:33:51,972] {logging_mixin.py:104} INFO - [2021-03-08 12:33:51,972] {dag.py:1818} INFO - Sync 2 DAGs
[2021-03-08 12:33:51,979] {logging_mixin.py:104} INFO - [2021-03-08 12:33:51,979] {dag.py:2273} INFO - Setting next_dagrun for example_xcom_args to None
[2021-03-08 12:33:51,980] {logging_mixin.py:104} INFO - [2021-03-08 12:33:51,980] {dag.py:2273} INFO - Setting next_dagrun for example_xcom_args_with_operators to None
[2021-03-08 12:33:51,988] {scheduler_job.py:190} INFO - Processing /Users/garymarmon/PycharmProjects/AWTY-Limitless/DataServerContainer/env/lib/python3.8/site-packages/airflow/example_dags/example_xcomargs.py took 0.068 seconds
[2021-03-08 12:35:02,037] {scheduler_job.py:182} INFO - Started process (PID=4170) to work on /Users/garymarmon/PycharmProjects/AWTY-Limitless/DataServerContainer/env/lib/python3.8/site-packages/airflow/example_dags/example_xcomargs.py
[2021-03-08 12:35:02,038] {scheduler_job.py:629} INFO - Processing file /Users/garymarmon/PycharmProjects/AWTY-Limitless/DataServerContainer/env/lib/python3.8/site-packages/airflow/example_dags/example_xcomargs.py for tasks to queue
[2021-03-08 12:35:02,039] {logging_mixin.py:104} INFO - [2021-03-08 12:35:02,038] {dagbag.py:448} INFO - Filling up the DagBag from /Users/garymarmon/PycharmProjects/AWTY-Limitless/DataServerContainer/env/lib/python3.8/site-packages/airflow/example_dags/example_xcomargs.py
[2021-03-08 12:35:02,048] {scheduler_job.py:639} INFO - DAG(s) dict_keys(['example_xcom_args', 'example_xcom_args_with_operators']) retrieved from /Users/garymarmon/PycharmProjects/AWTY-Limitless/DataServerContainer/env/lib/python3.8/site-packages/airflow/example_dags/example_xcomargs.py
[2021-03-08 12:35:02,089] {logging_mixin.py:104} INFO - [2021-03-08 12:35:02,088] {dag.py:1818} INFO - Sync 2 DAGs
[2021-03-08 12:35:02,096] {logging_mixin.py:104} INFO - [2021-03-08 12:35:02,096] {dag.py:2273} INFO - Setting next_dagrun for example_xcom_args to None
[2021-03-08 12:35:02,097] {logging_mixin.py:104} INFO - [2021-03-08 12:35:02,097] {dag.py:2273} INFO - Setting next_dagrun for example_xcom_args_with_operators to None
[2021-03-08 12:35:02,106] {scheduler_job.py:190} INFO - Processing /Users/garymarmon/PycharmProjects/AWTY-Limitless/DataServerContainer/env/lib/python3.8/site-packages/airflow/example_dags/example_xcomargs.py took 0.071 seconds
[2021-03-08 12:36:08,843] {scheduler_job.py:182} INFO - Started process (PID=4247) to work on /Users/garymarmon/PycharmProjects/AWTY-Limitless/DataServerContainer/env/lib/python3.8/site-packages/airflow/example_dags/example_xcomargs.py
[2021-03-08 12:36:08,844] {scheduler_job.py:629} INFO - Processing file /Users/garymarmon/PycharmProjects/AWTY-Limitless/DataServerContainer/env/lib/python3.8/site-packages/airflow/example_dags/example_xcomargs.py for tasks to queue
[2021-03-08 12:36:08,845] {logging_mixin.py:104} INFO - [2021-03-08 12:36:08,845] {dagbag.py:448} INFO - Filling up the DagBag from /Users/garymarmon/PycharmProjects/AWTY-Limitless/DataServerContainer/env/lib/python3.8/site-packages/airflow/example_dags/example_xcomargs.py
[2021-03-08 12:36:08,854] {scheduler_job.py:639} INFO - DAG(s) dict_keys(['example_xcom_args', 'example_xcom_args_with_operators']) retrieved from /Users/garymarmon/PycharmProjects/AWTY-Limitless/DataServerContainer/env/lib/python3.8/site-packages/airflow/example_dags/example_xcomargs.py
[2021-03-08 12:36:08,897] {logging_mixin.py:104} INFO - [2021-03-08 12:36:08,896] {dag.py:1818} INFO - Sync 2 DAGs
[2021-03-08 12:36:08,906] {logging_mixin.py:104} INFO - [2021-03-08 12:36:08,905] {dag.py:2273} INFO - Setting next_dagrun for example_xcom_args to None
[2021-03-08 12:36:08,906] {logging_mixin.py:104} INFO - [2021-03-08 12:36:08,906] {dag.py:2273} INFO - Setting next_dagrun for example_xcom_args_with_operators to None
[2021-03-08 12:36:08,918] {scheduler_job.py:190} INFO - Processing /Users/garymarmon/PycharmProjects/AWTY-Limitless/DataServerContainer/env/lib/python3.8/site-packages/airflow/example_dags/example_xcomargs.py took 0.076 seconds
[2021-03-08 12:37:20,765] {scheduler_job.py:182} INFO - Started process (PID=4351) to work on /Users/garymarmon/PycharmProjects/AWTY-Limitless/DataServerContainer/env/lib/python3.8/site-packages/airflow/example_dags/example_xcomargs.py
[2021-03-08 12:37:20,765] {scheduler_job.py:629} INFO - Processing file /Users/garymarmon/PycharmProjects/AWTY-Limitless/DataServerContainer/env/lib/python3.8/site-packages/airflow/example_dags/example_xcomargs.py for tasks to queue
[2021-03-08 12:37:20,766] {logging_mixin.py:104} INFO - [2021-03-08 12:37:20,766] {dagbag.py:448} INFO - Filling up the DagBag from /Users/garymarmon/PycharmProjects/AWTY-Limitless/DataServerContainer/env/lib/python3.8/site-packages/airflow/example_dags/example_xcomargs.py
[2021-03-08 12:37:20,776] {scheduler_job.py:639} INFO - DAG(s) dict_keys(['example_xcom_args', 'example_xcom_args_with_operators']) retrieved from /Users/garymarmon/PycharmProjects/AWTY-Limitless/DataServerContainer/env/lib/python3.8/site-packages/airflow/example_dags/example_xcomargs.py
[2021-03-08 12:37:20,814] {logging_mixin.py:104} INFO - [2021-03-08 12:37:20,814] {dag.py:1818} INFO - Sync 2 DAGs
[2021-03-08 12:37:20,822] {logging_mixin.py:104} INFO - [2021-03-08 12:37:20,822] {dag.py:2273} INFO - Setting next_dagrun for example_xcom_args to None
[2021-03-08 12:37:20,822] {logging_mixin.py:104} INFO - [2021-03-08 12:37:20,822] {dag.py:2273} INFO - Setting next_dagrun for example_xcom_args_with_operators to None
[2021-03-08 12:37:20,831] {scheduler_job.py:190} INFO - Processing /Users/garymarmon/PycharmProjects/AWTY-Limitless/DataServerContainer/env/lib/python3.8/site-packages/airflow/example_dags/example_xcomargs.py took 0.067 seconds
