[2021-03-08 12:14:03,917] {scheduler_job.py:182} INFO - Started process (PID=2464) to work on /Users/garymarmon/PycharmProjects/AWTY-Limitless/DataServerContainer/env/lib/python3.8/site-packages/airflow/example_dags/example_trigger_target_dag.py
[2021-03-08 12:14:03,918] {scheduler_job.py:629} INFO - Processing file /Users/garymarmon/PycharmProjects/AWTY-Limitless/DataServerContainer/env/lib/python3.8/site-packages/airflow/example_dags/example_trigger_target_dag.py for tasks to queue
[2021-03-08 12:14:03,918] {logging_mixin.py:104} INFO - [2021-03-08 12:14:03,918] {dagbag.py:448} INFO - Filling up the DagBag from /Users/garymarmon/PycharmProjects/AWTY-Limitless/DataServerContainer/env/lib/python3.8/site-packages/airflow/example_dags/example_trigger_target_dag.py
[2021-03-08 12:14:03,927] {scheduler_job.py:639} INFO - DAG(s) dict_keys(['example_trigger_target_dag']) retrieved from /Users/garymarmon/PycharmProjects/AWTY-Limitless/DataServerContainer/env/lib/python3.8/site-packages/airflow/example_dags/example_trigger_target_dag.py
[2021-03-08 12:14:03,970] {logging_mixin.py:104} INFO - [2021-03-08 12:14:03,969] {dag.py:1818} INFO - Sync 1 DAGs
[2021-03-08 12:14:03,978] {logging_mixin.py:104} INFO - [2021-03-08 12:14:03,978] {dag.py:2273} INFO - Setting next_dagrun for example_trigger_target_dag to None
[2021-03-08 12:14:03,985] {scheduler_job.py:190} INFO - Processing /Users/garymarmon/PycharmProjects/AWTY-Limitless/DataServerContainer/env/lib/python3.8/site-packages/airflow/example_dags/example_trigger_target_dag.py took 0.068 seconds
[2021-03-08 12:15:04,086] {scheduler_job.py:182} INFO - Started process (PID=2541) to work on /Users/garymarmon/PycharmProjects/AWTY-Limitless/DataServerContainer/env/lib/python3.8/site-packages/airflow/example_dags/example_trigger_target_dag.py
[2021-03-08 12:15:04,086] {scheduler_job.py:629} INFO - Processing file /Users/garymarmon/PycharmProjects/AWTY-Limitless/DataServerContainer/env/lib/python3.8/site-packages/airflow/example_dags/example_trigger_target_dag.py for tasks to queue
[2021-03-08 12:15:04,087] {logging_mixin.py:104} INFO - [2021-03-08 12:15:04,087] {dagbag.py:448} INFO - Filling up the DagBag from /Users/garymarmon/PycharmProjects/AWTY-Limitless/DataServerContainer/env/lib/python3.8/site-packages/airflow/example_dags/example_trigger_target_dag.py
[2021-03-08 12:15:04,096] {scheduler_job.py:639} INFO - DAG(s) dict_keys(['example_trigger_target_dag']) retrieved from /Users/garymarmon/PycharmProjects/AWTY-Limitless/DataServerContainer/env/lib/python3.8/site-packages/airflow/example_dags/example_trigger_target_dag.py
[2021-03-08 12:15:04,134] {logging_mixin.py:104} INFO - [2021-03-08 12:15:04,134] {dag.py:1818} INFO - Sync 1 DAGs
[2021-03-08 12:15:04,142] {logging_mixin.py:104} INFO - [2021-03-08 12:15:04,142] {dag.py:2273} INFO - Setting next_dagrun for example_trigger_target_dag to None
[2021-03-08 12:15:04,148] {scheduler_job.py:190} INFO - Processing /Users/garymarmon/PycharmProjects/AWTY-Limitless/DataServerContainer/env/lib/python3.8/site-packages/airflow/example_dags/example_trigger_target_dag.py took 0.063 seconds
[2021-03-08 12:16:04,450] {scheduler_job.py:182} INFO - Started process (PID=2610) to work on /Users/garymarmon/PycharmProjects/AWTY-Limitless/DataServerContainer/env/lib/python3.8/site-packages/airflow/example_dags/example_trigger_target_dag.py
[2021-03-08 12:16:04,450] {scheduler_job.py:629} INFO - Processing file /Users/garymarmon/PycharmProjects/AWTY-Limitless/DataServerContainer/env/lib/python3.8/site-packages/airflow/example_dags/example_trigger_target_dag.py for tasks to queue
[2021-03-08 12:16:04,451] {logging_mixin.py:104} INFO - [2021-03-08 12:16:04,450] {dagbag.py:448} INFO - Filling up the DagBag from /Users/garymarmon/PycharmProjects/AWTY-Limitless/DataServerContainer/env/lib/python3.8/site-packages/airflow/example_dags/example_trigger_target_dag.py
[2021-03-08 12:16:04,460] {scheduler_job.py:639} INFO - DAG(s) dict_keys(['example_trigger_target_dag']) retrieved from /Users/garymarmon/PycharmProjects/AWTY-Limitless/DataServerContainer/env/lib/python3.8/site-packages/airflow/example_dags/example_trigger_target_dag.py
[2021-03-08 12:16:04,501] {logging_mixin.py:104} INFO - [2021-03-08 12:16:04,501] {dag.py:1818} INFO - Sync 1 DAGs
[2021-03-08 12:16:04,510] {logging_mixin.py:104} INFO - [2021-03-08 12:16:04,510] {dag.py:2273} INFO - Setting next_dagrun for example_trigger_target_dag to None
[2021-03-08 12:16:04,516] {scheduler_job.py:190} INFO - Processing /Users/garymarmon/PycharmProjects/AWTY-Limitless/DataServerContainer/env/lib/python3.8/site-packages/airflow/example_dags/example_trigger_target_dag.py took 0.068 seconds
[2021-03-08 12:17:04,362] {scheduler_job.py:182} INFO - Started process (PID=2683) to work on /Users/garymarmon/PycharmProjects/AWTY-Limitless/DataServerContainer/env/lib/python3.8/site-packages/airflow/example_dags/example_trigger_target_dag.py
[2021-03-08 12:17:04,362] {scheduler_job.py:629} INFO - Processing file /Users/garymarmon/PycharmProjects/AWTY-Limitless/DataServerContainer/env/lib/python3.8/site-packages/airflow/example_dags/example_trigger_target_dag.py for tasks to queue
[2021-03-08 12:17:04,363] {logging_mixin.py:104} INFO - [2021-03-08 12:17:04,363] {dagbag.py:448} INFO - Filling up the DagBag from /Users/garymarmon/PycharmProjects/AWTY-Limitless/DataServerContainer/env/lib/python3.8/site-packages/airflow/example_dags/example_trigger_target_dag.py
[2021-03-08 12:17:04,370] {scheduler_job.py:639} INFO - DAG(s) dict_keys(['example_trigger_target_dag']) retrieved from /Users/garymarmon/PycharmProjects/AWTY-Limitless/DataServerContainer/env/lib/python3.8/site-packages/airflow/example_dags/example_trigger_target_dag.py
[2021-03-08 12:17:04,403] {logging_mixin.py:104} INFO - [2021-03-08 12:17:04,402] {dag.py:1818} INFO - Sync 1 DAGs
[2021-03-08 12:17:04,410] {logging_mixin.py:104} INFO - [2021-03-08 12:17:04,410] {dag.py:2273} INFO - Setting next_dagrun for example_trigger_target_dag to None
[2021-03-08 12:17:04,415] {scheduler_job.py:190} INFO - Processing /Users/garymarmon/PycharmProjects/AWTY-Limitless/DataServerContainer/env/lib/python3.8/site-packages/airflow/example_dags/example_trigger_target_dag.py took 0.054 seconds
