[2021-03-08 12:11:15,627] {scheduler_job.py:182} INFO - Started process (PID=2332) to work on /Users/garymarmon/PycharmProjects/AWTY-Limitless/DataServerContainer/env/lib/python3.8/site-packages/airflow/example_dags/tutorial_etl_dag.py
[2021-03-08 12:11:15,627] {scheduler_job.py:629} INFO - Processing file /Users/garymarmon/PycharmProjects/AWTY-Limitless/DataServerContainer/env/lib/python3.8/site-packages/airflow/example_dags/tutorial_etl_dag.py for tasks to queue
[2021-03-08 12:11:15,628] {logging_mixin.py:104} INFO - [2021-03-08 12:11:15,628] {dagbag.py:448} INFO - Filling up the DagBag from /Users/garymarmon/PycharmProjects/AWTY-Limitless/DataServerContainer/env/lib/python3.8/site-packages/airflow/example_dags/tutorial_etl_dag.py
[2021-03-08 12:11:15,638] {scheduler_job.py:639} INFO - DAG(s) dict_keys(['tutorial_etl_dag']) retrieved from /Users/garymarmon/PycharmProjects/AWTY-Limitless/DataServerContainer/env/lib/python3.8/site-packages/airflow/example_dags/tutorial_etl_dag.py
[2021-03-08 12:11:15,689] {logging_mixin.py:104} INFO - [2021-03-08 12:11:15,689] {dag.py:1818} INFO - Sync 1 DAGs
[2021-03-08 12:11:15,702] {logging_mixin.py:104} INFO - [2021-03-08 12:11:15,701] {dag.py:2273} INFO - Setting next_dagrun for tutorial_etl_dag to None
[2021-03-08 12:11:15,711] {scheduler_job.py:190} INFO - Processing /Users/garymarmon/PycharmProjects/AWTY-Limitless/DataServerContainer/env/lib/python3.8/site-packages/airflow/example_dags/tutorial_etl_dag.py took 0.086 seconds
[2021-03-08 12:13:45,978] {scheduler_job.py:182} INFO - Started process (PID=2438) to work on /Users/garymarmon/PycharmProjects/AWTY-Limitless/DataServerContainer/env/lib/python3.8/site-packages/airflow/example_dags/tutorial_etl_dag.py
[2021-03-08 12:13:45,978] {scheduler_job.py:629} INFO - Processing file /Users/garymarmon/PycharmProjects/AWTY-Limitless/DataServerContainer/env/lib/python3.8/site-packages/airflow/example_dags/tutorial_etl_dag.py for tasks to queue
[2021-03-08 12:13:45,979] {logging_mixin.py:104} INFO - [2021-03-08 12:13:45,979] {dagbag.py:448} INFO - Filling up the DagBag from /Users/garymarmon/PycharmProjects/AWTY-Limitless/DataServerContainer/env/lib/python3.8/site-packages/airflow/example_dags/tutorial_etl_dag.py
[2021-03-08 12:13:45,987] {scheduler_job.py:639} INFO - DAG(s) dict_keys(['tutorial_etl_dag']) retrieved from /Users/garymarmon/PycharmProjects/AWTY-Limitless/DataServerContainer/env/lib/python3.8/site-packages/airflow/example_dags/tutorial_etl_dag.py
[2021-03-08 12:13:46,020] {logging_mixin.py:104} INFO - [2021-03-08 12:13:46,020] {dag.py:1818} INFO - Sync 1 DAGs
[2021-03-08 12:13:46,027] {logging_mixin.py:104} INFO - [2021-03-08 12:13:46,027] {dag.py:2273} INFO - Setting next_dagrun for tutorial_etl_dag to None
[2021-03-08 12:13:46,032] {scheduler_job.py:190} INFO - Processing /Users/garymarmon/PycharmProjects/AWTY-Limitless/DataServerContainer/env/lib/python3.8/site-packages/airflow/example_dags/tutorial_etl_dag.py took 0.055 seconds
[2021-03-08 12:14:49,372] {scheduler_job.py:182} INFO - Started process (PID=2521) to work on /Users/garymarmon/PycharmProjects/AWTY-Limitless/DataServerContainer/env/lib/python3.8/site-packages/airflow/example_dags/tutorial_etl_dag.py
[2021-03-08 12:14:49,372] {scheduler_job.py:629} INFO - Processing file /Users/garymarmon/PycharmProjects/AWTY-Limitless/DataServerContainer/env/lib/python3.8/site-packages/airflow/example_dags/tutorial_etl_dag.py for tasks to queue
[2021-03-08 12:14:49,373] {logging_mixin.py:104} INFO - [2021-03-08 12:14:49,373] {dagbag.py:448} INFO - Filling up the DagBag from /Users/garymarmon/PycharmProjects/AWTY-Limitless/DataServerContainer/env/lib/python3.8/site-packages/airflow/example_dags/tutorial_etl_dag.py
[2021-03-08 12:14:49,380] {scheduler_job.py:639} INFO - DAG(s) dict_keys(['tutorial_etl_dag']) retrieved from /Users/garymarmon/PycharmProjects/AWTY-Limitless/DataServerContainer/env/lib/python3.8/site-packages/airflow/example_dags/tutorial_etl_dag.py
[2021-03-08 12:14:49,414] {logging_mixin.py:104} INFO - [2021-03-08 12:14:49,414] {dag.py:1818} INFO - Sync 1 DAGs
[2021-03-08 12:14:49,422] {logging_mixin.py:104} INFO - [2021-03-08 12:14:49,422] {dag.py:2273} INFO - Setting next_dagrun for tutorial_etl_dag to None
[2021-03-08 12:14:49,428] {scheduler_job.py:190} INFO - Processing /Users/garymarmon/PycharmProjects/AWTY-Limitless/DataServerContainer/env/lib/python3.8/site-packages/airflow/example_dags/tutorial_etl_dag.py took 0.057 seconds
[2021-03-08 12:15:50,123] {scheduler_job.py:182} INFO - Started process (PID=2594) to work on /Users/garymarmon/PycharmProjects/AWTY-Limitless/DataServerContainer/env/lib/python3.8/site-packages/airflow/example_dags/tutorial_etl_dag.py
[2021-03-08 12:15:50,124] {scheduler_job.py:629} INFO - Processing file /Users/garymarmon/PycharmProjects/AWTY-Limitless/DataServerContainer/env/lib/python3.8/site-packages/airflow/example_dags/tutorial_etl_dag.py for tasks to queue
[2021-03-08 12:15:50,124] {logging_mixin.py:104} INFO - [2021-03-08 12:15:50,124] {dagbag.py:448} INFO - Filling up the DagBag from /Users/garymarmon/PycharmProjects/AWTY-Limitless/DataServerContainer/env/lib/python3.8/site-packages/airflow/example_dags/tutorial_etl_dag.py
[2021-03-08 12:15:50,133] {scheduler_job.py:639} INFO - DAG(s) dict_keys(['tutorial_etl_dag']) retrieved from /Users/garymarmon/PycharmProjects/AWTY-Limitless/DataServerContainer/env/lib/python3.8/site-packages/airflow/example_dags/tutorial_etl_dag.py
[2021-03-08 12:15:50,170] {logging_mixin.py:104} INFO - [2021-03-08 12:15:50,169] {dag.py:1818} INFO - Sync 1 DAGs
[2021-03-08 12:15:50,177] {logging_mixin.py:104} INFO - [2021-03-08 12:15:50,177] {dag.py:2273} INFO - Setting next_dagrun for tutorial_etl_dag to None
[2021-03-08 12:15:50,182] {scheduler_job.py:190} INFO - Processing /Users/garymarmon/PycharmProjects/AWTY-Limitless/DataServerContainer/env/lib/python3.8/site-packages/airflow/example_dags/tutorial_etl_dag.py took 0.060 seconds
[2021-03-08 12:16:50,487] {scheduler_job.py:182} INFO - Started process (PID=2666) to work on /Users/garymarmon/PycharmProjects/AWTY-Limitless/DataServerContainer/env/lib/python3.8/site-packages/airflow/example_dags/tutorial_etl_dag.py
[2021-03-08 12:16:50,487] {scheduler_job.py:629} INFO - Processing file /Users/garymarmon/PycharmProjects/AWTY-Limitless/DataServerContainer/env/lib/python3.8/site-packages/airflow/example_dags/tutorial_etl_dag.py for tasks to queue
[2021-03-08 12:16:50,488] {logging_mixin.py:104} INFO - [2021-03-08 12:16:50,488] {dagbag.py:448} INFO - Filling up the DagBag from /Users/garymarmon/PycharmProjects/AWTY-Limitless/DataServerContainer/env/lib/python3.8/site-packages/airflow/example_dags/tutorial_etl_dag.py
[2021-03-08 12:16:50,496] {scheduler_job.py:639} INFO - DAG(s) dict_keys(['tutorial_etl_dag']) retrieved from /Users/garymarmon/PycharmProjects/AWTY-Limitless/DataServerContainer/env/lib/python3.8/site-packages/airflow/example_dags/tutorial_etl_dag.py
[2021-03-08 12:16:50,533] {logging_mixin.py:104} INFO - [2021-03-08 12:16:50,533] {dag.py:1818} INFO - Sync 1 DAGs
[2021-03-08 12:16:50,541] {logging_mixin.py:104} INFO - [2021-03-08 12:16:50,541] {dag.py:2273} INFO - Setting next_dagrun for tutorial_etl_dag to None
[2021-03-08 12:16:50,547] {scheduler_job.py:190} INFO - Processing /Users/garymarmon/PycharmProjects/AWTY-Limitless/DataServerContainer/env/lib/python3.8/site-packages/airflow/example_dags/tutorial_etl_dag.py took 0.061 seconds
[2021-03-08 12:18:01,992] {scheduler_job.py:182} INFO - Started process (PID=2768) to work on /Users/garymarmon/PycharmProjects/AWTY-Limitless/DataServerContainer/env/lib/python3.8/site-packages/airflow/example_dags/tutorial_etl_dag.py
[2021-03-08 12:18:01,993] {scheduler_job.py:629} INFO - Processing file /Users/garymarmon/PycharmProjects/AWTY-Limitless/DataServerContainer/env/lib/python3.8/site-packages/airflow/example_dags/tutorial_etl_dag.py for tasks to queue
[2021-03-08 12:18:01,994] {logging_mixin.py:104} INFO - [2021-03-08 12:18:01,993] {dagbag.py:448} INFO - Filling up the DagBag from /Users/garymarmon/PycharmProjects/AWTY-Limitless/DataServerContainer/env/lib/python3.8/site-packages/airflow/example_dags/tutorial_etl_dag.py
[2021-03-08 12:18:02,008] {scheduler_job.py:639} INFO - DAG(s) dict_keys(['tutorial_etl_dag']) retrieved from /Users/garymarmon/PycharmProjects/AWTY-Limitless/DataServerContainer/env/lib/python3.8/site-packages/airflow/example_dags/tutorial_etl_dag.py
[2021-03-08 12:18:02,072] {logging_mixin.py:104} INFO - [2021-03-08 12:18:02,071] {dag.py:1818} INFO - Sync 1 DAGs
[2021-03-08 12:18:02,085] {logging_mixin.py:104} INFO - [2021-03-08 12:18:02,084] {dag.py:2273} INFO - Setting next_dagrun for tutorial_etl_dag to None
[2021-03-08 12:18:02,097] {scheduler_job.py:190} INFO - Processing /Users/garymarmon/PycharmProjects/AWTY-Limitless/DataServerContainer/env/lib/python3.8/site-packages/airflow/example_dags/tutorial_etl_dag.py took 0.106 seconds
[2021-03-08 12:19:24,246] {scheduler_job.py:182} INFO - Started process (PID=2867) to work on /Users/garymarmon/PycharmProjects/AWTY-Limitless/DataServerContainer/env/lib/python3.8/site-packages/airflow/example_dags/tutorial_etl_dag.py
[2021-03-08 12:19:24,247] {scheduler_job.py:629} INFO - Processing file /Users/garymarmon/PycharmProjects/AWTY-Limitless/DataServerContainer/env/lib/python3.8/site-packages/airflow/example_dags/tutorial_etl_dag.py for tasks to queue
[2021-03-08 12:19:24,248] {logging_mixin.py:104} INFO - [2021-03-08 12:19:24,248] {dagbag.py:448} INFO - Filling up the DagBag from /Users/garymarmon/PycharmProjects/AWTY-Limitless/DataServerContainer/env/lib/python3.8/site-packages/airflow/example_dags/tutorial_etl_dag.py
[2021-03-08 12:19:24,264] {scheduler_job.py:639} INFO - DAG(s) dict_keys(['tutorial_etl_dag']) retrieved from /Users/garymarmon/PycharmProjects/AWTY-Limitless/DataServerContainer/env/lib/python3.8/site-packages/airflow/example_dags/tutorial_etl_dag.py
[2021-03-08 12:19:24,341] {logging_mixin.py:104} INFO - [2021-03-08 12:19:24,341] {dag.py:1818} INFO - Sync 1 DAGs
[2021-03-08 12:19:24,360] {logging_mixin.py:104} INFO - [2021-03-08 12:19:24,359] {dag.py:2273} INFO - Setting next_dagrun for tutorial_etl_dag to None
[2021-03-08 12:19:24,373] {scheduler_job.py:190} INFO - Processing /Users/garymarmon/PycharmProjects/AWTY-Limitless/DataServerContainer/env/lib/python3.8/site-packages/airflow/example_dags/tutorial_etl_dag.py took 0.128 seconds
[2021-03-08 12:20:16,886] {scheduler_job.py:182} INFO - Started process (PID=2924) to work on /Users/garymarmon/PycharmProjects/AWTY-Limitless/DataServerContainer/env/lib/python3.8/site-packages/airflow/example_dags/tutorial_etl_dag.py
[2021-03-08 12:20:16,886] {scheduler_job.py:629} INFO - Processing file /Users/garymarmon/PycharmProjects/AWTY-Limitless/DataServerContainer/env/lib/python3.8/site-packages/airflow/example_dags/tutorial_etl_dag.py for tasks to queue
[2021-03-08 12:20:16,887] {logging_mixin.py:104} INFO - [2021-03-08 12:20:16,887] {dagbag.py:448} INFO - Filling up the DagBag from /Users/garymarmon/PycharmProjects/AWTY-Limitless/DataServerContainer/env/lib/python3.8/site-packages/airflow/example_dags/tutorial_etl_dag.py
[2021-03-08 12:20:16,894] {scheduler_job.py:639} INFO - DAG(s) dict_keys(['tutorial_etl_dag']) retrieved from /Users/garymarmon/PycharmProjects/AWTY-Limitless/DataServerContainer/env/lib/python3.8/site-packages/airflow/example_dags/tutorial_etl_dag.py
[2021-03-08 12:20:16,928] {logging_mixin.py:104} INFO - [2021-03-08 12:20:16,928] {dag.py:1818} INFO - Sync 1 DAGs
[2021-03-08 12:20:16,936] {logging_mixin.py:104} INFO - [2021-03-08 12:20:16,936] {dag.py:2273} INFO - Setting next_dagrun for tutorial_etl_dag to None
[2021-03-08 12:20:16,943] {scheduler_job.py:190} INFO - Processing /Users/garymarmon/PycharmProjects/AWTY-Limitless/DataServerContainer/env/lib/python3.8/site-packages/airflow/example_dags/tutorial_etl_dag.py took 0.058 seconds
[2021-03-08 12:21:26,266] {scheduler_job.py:182} INFO - Started process (PID=3014) to work on /Users/garymarmon/PycharmProjects/AWTY-Limitless/DataServerContainer/env/lib/python3.8/site-packages/airflow/example_dags/tutorial_etl_dag.py
[2021-03-08 12:21:26,266] {scheduler_job.py:629} INFO - Processing file /Users/garymarmon/PycharmProjects/AWTY-Limitless/DataServerContainer/env/lib/python3.8/site-packages/airflow/example_dags/tutorial_etl_dag.py for tasks to queue
[2021-03-08 12:21:26,266] {logging_mixin.py:104} INFO - [2021-03-08 12:21:26,266] {dagbag.py:448} INFO - Filling up the DagBag from /Users/garymarmon/PycharmProjects/AWTY-Limitless/DataServerContainer/env/lib/python3.8/site-packages/airflow/example_dags/tutorial_etl_dag.py
[2021-03-08 12:21:26,273] {scheduler_job.py:639} INFO - DAG(s) dict_keys(['tutorial_etl_dag']) retrieved from /Users/garymarmon/PycharmProjects/AWTY-Limitless/DataServerContainer/env/lib/python3.8/site-packages/airflow/example_dags/tutorial_etl_dag.py
[2021-03-08 12:21:26,312] {logging_mixin.py:104} INFO - [2021-03-08 12:21:26,311] {dag.py:1818} INFO - Sync 1 DAGs
[2021-03-08 12:21:26,321] {logging_mixin.py:104} INFO - [2021-03-08 12:21:26,321] {dag.py:2273} INFO - Setting next_dagrun for tutorial_etl_dag to None
[2021-03-08 12:21:26,327] {scheduler_job.py:190} INFO - Processing /Users/garymarmon/PycharmProjects/AWTY-Limitless/DataServerContainer/env/lib/python3.8/site-packages/airflow/example_dags/tutorial_etl_dag.py took 0.063 seconds
[2021-03-08 12:22:08,084] {scheduler_job.py:182} INFO - Started process (PID=3070) to work on /Users/garymarmon/PycharmProjects/AWTY-Limitless/DataServerContainer/env/lib/python3.8/site-packages/airflow/example_dags/tutorial_etl_dag.py
[2021-03-08 12:22:08,084] {scheduler_job.py:629} INFO - Processing file /Users/garymarmon/PycharmProjects/AWTY-Limitless/DataServerContainer/env/lib/python3.8/site-packages/airflow/example_dags/tutorial_etl_dag.py for tasks to queue
[2021-03-08 12:22:08,085] {logging_mixin.py:104} INFO - [2021-03-08 12:22:08,085] {dagbag.py:448} INFO - Filling up the DagBag from /Users/garymarmon/PycharmProjects/AWTY-Limitless/DataServerContainer/env/lib/python3.8/site-packages/airflow/example_dags/tutorial_etl_dag.py
[2021-03-08 12:22:08,092] {scheduler_job.py:639} INFO - DAG(s) dict_keys(['tutorial_etl_dag']) retrieved from /Users/garymarmon/PycharmProjects/AWTY-Limitless/DataServerContainer/env/lib/python3.8/site-packages/airflow/example_dags/tutorial_etl_dag.py
[2021-03-08 12:22:08,129] {logging_mixin.py:104} INFO - [2021-03-08 12:22:08,129] {dag.py:1818} INFO - Sync 1 DAGs
[2021-03-08 12:22:08,137] {logging_mixin.py:104} INFO - [2021-03-08 12:22:08,137] {dag.py:2273} INFO - Setting next_dagrun for tutorial_etl_dag to None
[2021-03-08 12:22:08,143] {scheduler_job.py:190} INFO - Processing /Users/garymarmon/PycharmProjects/AWTY-Limitless/DataServerContainer/env/lib/python3.8/site-packages/airflow/example_dags/tutorial_etl_dag.py took 0.060 seconds
[2021-03-08 12:23:16,391] {scheduler_job.py:182} INFO - Started process (PID=3153) to work on /Users/garymarmon/PycharmProjects/AWTY-Limitless/DataServerContainer/env/lib/python3.8/site-packages/airflow/example_dags/tutorial_etl_dag.py
[2021-03-08 12:23:16,392] {scheduler_job.py:629} INFO - Processing file /Users/garymarmon/PycharmProjects/AWTY-Limitless/DataServerContainer/env/lib/python3.8/site-packages/airflow/example_dags/tutorial_etl_dag.py for tasks to queue
[2021-03-08 12:23:16,392] {logging_mixin.py:104} INFO - [2021-03-08 12:23:16,392] {dagbag.py:448} INFO - Filling up the DagBag from /Users/garymarmon/PycharmProjects/AWTY-Limitless/DataServerContainer/env/lib/python3.8/site-packages/airflow/example_dags/tutorial_etl_dag.py
[2021-03-08 12:23:16,402] {scheduler_job.py:639} INFO - DAG(s) dict_keys(['tutorial_etl_dag']) retrieved from /Users/garymarmon/PycharmProjects/AWTY-Limitless/DataServerContainer/env/lib/python3.8/site-packages/airflow/example_dags/tutorial_etl_dag.py
[2021-03-08 12:23:16,440] {logging_mixin.py:104} INFO - [2021-03-08 12:23:16,440] {dag.py:1818} INFO - Sync 1 DAGs
[2021-03-08 12:23:16,449] {logging_mixin.py:104} INFO - [2021-03-08 12:23:16,449] {dag.py:2273} INFO - Setting next_dagrun for tutorial_etl_dag to None
[2021-03-08 12:23:16,456] {scheduler_job.py:190} INFO - Processing /Users/garymarmon/PycharmProjects/AWTY-Limitless/DataServerContainer/env/lib/python3.8/site-packages/airflow/example_dags/tutorial_etl_dag.py took 0.066 seconds
[2021-03-08 12:24:16,402] {scheduler_job.py:182} INFO - Started process (PID=3226) to work on /Users/garymarmon/PycharmProjects/AWTY-Limitless/DataServerContainer/env/lib/python3.8/site-packages/airflow/example_dags/tutorial_etl_dag.py
[2021-03-08 12:24:16,402] {scheduler_job.py:629} INFO - Processing file /Users/garymarmon/PycharmProjects/AWTY-Limitless/DataServerContainer/env/lib/python3.8/site-packages/airflow/example_dags/tutorial_etl_dag.py for tasks to queue
[2021-03-08 12:24:16,403] {logging_mixin.py:104} INFO - [2021-03-08 12:24:16,403] {dagbag.py:448} INFO - Filling up the DagBag from /Users/garymarmon/PycharmProjects/AWTY-Limitless/DataServerContainer/env/lib/python3.8/site-packages/airflow/example_dags/tutorial_etl_dag.py
[2021-03-08 12:24:16,411] {scheduler_job.py:639} INFO - DAG(s) dict_keys(['tutorial_etl_dag']) retrieved from /Users/garymarmon/PycharmProjects/AWTY-Limitless/DataServerContainer/env/lib/python3.8/site-packages/airflow/example_dags/tutorial_etl_dag.py
[2021-03-08 12:24:16,447] {logging_mixin.py:104} INFO - [2021-03-08 12:24:16,446] {dag.py:1818} INFO - Sync 1 DAGs
[2021-03-08 12:24:16,454] {logging_mixin.py:104} INFO - [2021-03-08 12:24:16,454] {dag.py:2273} INFO - Setting next_dagrun for tutorial_etl_dag to None
[2021-03-08 12:24:16,459] {scheduler_job.py:190} INFO - Processing /Users/garymarmon/PycharmProjects/AWTY-Limitless/DataServerContainer/env/lib/python3.8/site-packages/airflow/example_dags/tutorial_etl_dag.py took 0.058 seconds
[2021-03-08 12:25:26,431] {scheduler_job.py:182} INFO - Started process (PID=3355) to work on /Users/garymarmon/PycharmProjects/AWTY-Limitless/DataServerContainer/env/lib/python3.8/site-packages/airflow/example_dags/tutorial_etl_dag.py
[2021-03-08 12:25:26,432] {scheduler_job.py:629} INFO - Processing file /Users/garymarmon/PycharmProjects/AWTY-Limitless/DataServerContainer/env/lib/python3.8/site-packages/airflow/example_dags/tutorial_etl_dag.py for tasks to queue
[2021-03-08 12:25:26,432] {logging_mixin.py:104} INFO - [2021-03-08 12:25:26,432] {dagbag.py:448} INFO - Filling up the DagBag from /Users/garymarmon/PycharmProjects/AWTY-Limitless/DataServerContainer/env/lib/python3.8/site-packages/airflow/example_dags/tutorial_etl_dag.py
[2021-03-08 12:25:26,441] {scheduler_job.py:639} INFO - DAG(s) dict_keys(['tutorial_etl_dag']) retrieved from /Users/garymarmon/PycharmProjects/AWTY-Limitless/DataServerContainer/env/lib/python3.8/site-packages/airflow/example_dags/tutorial_etl_dag.py
[2021-03-08 12:25:26,481] {logging_mixin.py:104} INFO - [2021-03-08 12:25:26,481] {dag.py:1818} INFO - Sync 1 DAGs
[2021-03-08 12:25:26,491] {logging_mixin.py:104} INFO - [2021-03-08 12:25:26,491] {dag.py:2273} INFO - Setting next_dagrun for tutorial_etl_dag to None
[2021-03-08 12:25:26,497] {scheduler_job.py:190} INFO - Processing /Users/garymarmon/PycharmProjects/AWTY-Limitless/DataServerContainer/env/lib/python3.8/site-packages/airflow/example_dags/tutorial_etl_dag.py took 0.067 seconds
[2021-03-08 12:26:13,170] {scheduler_job.py:182} INFO - Started process (PID=3471) to work on /Users/garymarmon/PycharmProjects/AWTY-Limitless/DataServerContainer/env/lib/python3.8/site-packages/airflow/example_dags/tutorial_etl_dag.py
[2021-03-08 12:26:13,171] {scheduler_job.py:629} INFO - Processing file /Users/garymarmon/PycharmProjects/AWTY-Limitless/DataServerContainer/env/lib/python3.8/site-packages/airflow/example_dags/tutorial_etl_dag.py for tasks to queue
[2021-03-08 12:26:13,172] {logging_mixin.py:104} INFO - [2021-03-08 12:26:13,172] {dagbag.py:448} INFO - Filling up the DagBag from /Users/garymarmon/PycharmProjects/AWTY-Limitless/DataServerContainer/env/lib/python3.8/site-packages/airflow/example_dags/tutorial_etl_dag.py
[2021-03-08 12:26:13,184] {scheduler_job.py:639} INFO - DAG(s) dict_keys(['tutorial_etl_dag']) retrieved from /Users/garymarmon/PycharmProjects/AWTY-Limitless/DataServerContainer/env/lib/python3.8/site-packages/airflow/example_dags/tutorial_etl_dag.py
[2021-03-08 12:26:13,236] {logging_mixin.py:104} INFO - [2021-03-08 12:26:13,235] {dag.py:1818} INFO - Sync 1 DAGs
[2021-03-08 12:26:13,247] {logging_mixin.py:104} INFO - [2021-03-08 12:26:13,247] {dag.py:2273} INFO - Setting next_dagrun for tutorial_etl_dag to None
[2021-03-08 12:26:13,257] {scheduler_job.py:190} INFO - Processing /Users/garymarmon/PycharmProjects/AWTY-Limitless/DataServerContainer/env/lib/python3.8/site-packages/airflow/example_dags/tutorial_etl_dag.py took 0.088 seconds
[2021-03-08 12:26:57,042] {scheduler_job.py:182} INFO - Started process (PID=3599) to work on /Users/garymarmon/PycharmProjects/AWTY-Limitless/DataServerContainer/env/lib/python3.8/site-packages/airflow/example_dags/tutorial_etl_dag.py
[2021-03-08 12:26:57,042] {scheduler_job.py:629} INFO - Processing file /Users/garymarmon/PycharmProjects/AWTY-Limitless/DataServerContainer/env/lib/python3.8/site-packages/airflow/example_dags/tutorial_etl_dag.py for tasks to queue
[2021-03-08 12:26:57,043] {logging_mixin.py:104} INFO - [2021-03-08 12:26:57,043] {dagbag.py:448} INFO - Filling up the DagBag from /Users/garymarmon/PycharmProjects/AWTY-Limitless/DataServerContainer/env/lib/python3.8/site-packages/airflow/example_dags/tutorial_etl_dag.py
[2021-03-08 12:26:57,051] {scheduler_job.py:639} INFO - DAG(s) dict_keys(['tutorial_etl_dag']) retrieved from /Users/garymarmon/PycharmProjects/AWTY-Limitless/DataServerContainer/env/lib/python3.8/site-packages/airflow/example_dags/tutorial_etl_dag.py
[2021-03-08 12:26:57,081] {logging_mixin.py:104} INFO - [2021-03-08 12:26:57,081] {dag.py:1818} INFO - Sync 1 DAGs
[2021-03-08 12:26:57,087] {logging_mixin.py:104} INFO - [2021-03-08 12:26:57,087] {dag.py:2273} INFO - Setting next_dagrun for tutorial_etl_dag to None
[2021-03-08 12:26:57,093] {scheduler_job.py:190} INFO - Processing /Users/garymarmon/PycharmProjects/AWTY-Limitless/DataServerContainer/env/lib/python3.8/site-packages/airflow/example_dags/tutorial_etl_dag.py took 0.052 seconds
[2021-03-08 12:27:59,674] {scheduler_job.py:182} INFO - Started process (PID=3682) to work on /Users/garymarmon/PycharmProjects/AWTY-Limitless/DataServerContainer/env/lib/python3.8/site-packages/airflow/example_dags/tutorial_etl_dag.py
[2021-03-08 12:27:59,674] {scheduler_job.py:629} INFO - Processing file /Users/garymarmon/PycharmProjects/AWTY-Limitless/DataServerContainer/env/lib/python3.8/site-packages/airflow/example_dags/tutorial_etl_dag.py for tasks to queue
[2021-03-08 12:27:59,675] {logging_mixin.py:104} INFO - [2021-03-08 12:27:59,675] {dagbag.py:448} INFO - Filling up the DagBag from /Users/garymarmon/PycharmProjects/AWTY-Limitless/DataServerContainer/env/lib/python3.8/site-packages/airflow/example_dags/tutorial_etl_dag.py
[2021-03-08 12:27:59,681] {scheduler_job.py:639} INFO - DAG(s) dict_keys(['tutorial_etl_dag']) retrieved from /Users/garymarmon/PycharmProjects/AWTY-Limitless/DataServerContainer/env/lib/python3.8/site-packages/airflow/example_dags/tutorial_etl_dag.py
[2021-03-08 12:27:59,712] {logging_mixin.py:104} INFO - [2021-03-08 12:27:59,712] {dag.py:1818} INFO - Sync 1 DAGs
[2021-03-08 12:27:59,719] {logging_mixin.py:104} INFO - [2021-03-08 12:27:59,719] {dag.py:2273} INFO - Setting next_dagrun for tutorial_etl_dag to None
[2021-03-08 12:27:59,724] {scheduler_job.py:190} INFO - Processing /Users/garymarmon/PycharmProjects/AWTY-Limitless/DataServerContainer/env/lib/python3.8/site-packages/airflow/example_dags/tutorial_etl_dag.py took 0.051 seconds
[2021-03-08 12:28:56,546] {scheduler_job.py:182} INFO - Started process (PID=3753) to work on /Users/garymarmon/PycharmProjects/AWTY-Limitless/DataServerContainer/env/lib/python3.8/site-packages/airflow/example_dags/tutorial_etl_dag.py
[2021-03-08 12:28:56,546] {scheduler_job.py:629} INFO - Processing file /Users/garymarmon/PycharmProjects/AWTY-Limitless/DataServerContainer/env/lib/python3.8/site-packages/airflow/example_dags/tutorial_etl_dag.py for tasks to queue
[2021-03-08 12:28:56,547] {logging_mixin.py:104} INFO - [2021-03-08 12:28:56,546] {dagbag.py:448} INFO - Filling up the DagBag from /Users/garymarmon/PycharmProjects/AWTY-Limitless/DataServerContainer/env/lib/python3.8/site-packages/airflow/example_dags/tutorial_etl_dag.py
[2021-03-08 12:28:56,554] {scheduler_job.py:639} INFO - DAG(s) dict_keys(['tutorial_etl_dag']) retrieved from /Users/garymarmon/PycharmProjects/AWTY-Limitless/DataServerContainer/env/lib/python3.8/site-packages/airflow/example_dags/tutorial_etl_dag.py
[2021-03-08 12:28:56,586] {logging_mixin.py:104} INFO - [2021-03-08 12:28:56,585] {dag.py:1818} INFO - Sync 1 DAGs
[2021-03-08 12:28:56,593] {logging_mixin.py:104} INFO - [2021-03-08 12:28:56,593] {dag.py:2273} INFO - Setting next_dagrun for tutorial_etl_dag to None
[2021-03-08 12:28:56,599] {scheduler_job.py:190} INFO - Processing /Users/garymarmon/PycharmProjects/AWTY-Limitless/DataServerContainer/env/lib/python3.8/site-packages/airflow/example_dags/tutorial_etl_dag.py took 0.054 seconds
[2021-03-08 12:29:53,366] {scheduler_job.py:182} INFO - Started process (PID=3818) to work on /Users/garymarmon/PycharmProjects/AWTY-Limitless/DataServerContainer/env/lib/python3.8/site-packages/airflow/example_dags/tutorial_etl_dag.py
[2021-03-08 12:29:53,367] {scheduler_job.py:629} INFO - Processing file /Users/garymarmon/PycharmProjects/AWTY-Limitless/DataServerContainer/env/lib/python3.8/site-packages/airflow/example_dags/tutorial_etl_dag.py for tasks to queue
[2021-03-08 12:29:53,368] {logging_mixin.py:104} INFO - [2021-03-08 12:29:53,368] {dagbag.py:448} INFO - Filling up the DagBag from /Users/garymarmon/PycharmProjects/AWTY-Limitless/DataServerContainer/env/lib/python3.8/site-packages/airflow/example_dags/tutorial_etl_dag.py
[2021-03-08 12:29:53,384] {scheduler_job.py:639} INFO - DAG(s) dict_keys(['tutorial_etl_dag']) retrieved from /Users/garymarmon/PycharmProjects/AWTY-Limitless/DataServerContainer/env/lib/python3.8/site-packages/airflow/example_dags/tutorial_etl_dag.py
[2021-03-08 12:29:53,451] {logging_mixin.py:104} INFO - [2021-03-08 12:29:53,450] {dag.py:1818} INFO - Sync 1 DAGs
[2021-03-08 12:29:53,462] {logging_mixin.py:104} INFO - [2021-03-08 12:29:53,461] {dag.py:2273} INFO - Setting next_dagrun for tutorial_etl_dag to None
[2021-03-08 12:29:53,471] {scheduler_job.py:190} INFO - Processing /Users/garymarmon/PycharmProjects/AWTY-Limitless/DataServerContainer/env/lib/python3.8/site-packages/airflow/example_dags/tutorial_etl_dag.py took 0.106 seconds
[2021-03-08 12:31:09,317] {scheduler_job.py:182} INFO - Started process (PID=3903) to work on /Users/garymarmon/PycharmProjects/AWTY-Limitless/DataServerContainer/env/lib/python3.8/site-packages/airflow/example_dags/tutorial_etl_dag.py
[2021-03-08 12:31:09,318] {scheduler_job.py:629} INFO - Processing file /Users/garymarmon/PycharmProjects/AWTY-Limitless/DataServerContainer/env/lib/python3.8/site-packages/airflow/example_dags/tutorial_etl_dag.py for tasks to queue
[2021-03-08 12:31:09,318] {logging_mixin.py:104} INFO - [2021-03-08 12:31:09,318] {dagbag.py:448} INFO - Filling up the DagBag from /Users/garymarmon/PycharmProjects/AWTY-Limitless/DataServerContainer/env/lib/python3.8/site-packages/airflow/example_dags/tutorial_etl_dag.py
[2021-03-08 12:31:09,325] {scheduler_job.py:639} INFO - DAG(s) dict_keys(['tutorial_etl_dag']) retrieved from /Users/garymarmon/PycharmProjects/AWTY-Limitless/DataServerContainer/env/lib/python3.8/site-packages/airflow/example_dags/tutorial_etl_dag.py
[2021-03-08 12:31:09,364] {logging_mixin.py:104} INFO - [2021-03-08 12:31:09,364] {dag.py:1818} INFO - Sync 1 DAGs
[2021-03-08 12:31:09,373] {logging_mixin.py:104} INFO - [2021-03-08 12:31:09,373] {dag.py:2273} INFO - Setting next_dagrun for tutorial_etl_dag to None
[2021-03-08 12:31:09,380] {scheduler_job.py:190} INFO - Processing /Users/garymarmon/PycharmProjects/AWTY-Limitless/DataServerContainer/env/lib/python3.8/site-packages/airflow/example_dags/tutorial_etl_dag.py took 0.064 seconds
[2021-03-08 12:32:24,590] {scheduler_job.py:182} INFO - Started process (PID=3985) to work on /Users/garymarmon/PycharmProjects/AWTY-Limitless/DataServerContainer/env/lib/python3.8/site-packages/airflow/example_dags/tutorial_etl_dag.py
[2021-03-08 12:32:24,590] {scheduler_job.py:629} INFO - Processing file /Users/garymarmon/PycharmProjects/AWTY-Limitless/DataServerContainer/env/lib/python3.8/site-packages/airflow/example_dags/tutorial_etl_dag.py for tasks to queue
[2021-03-08 12:32:24,591] {logging_mixin.py:104} INFO - [2021-03-08 12:32:24,591] {dagbag.py:448} INFO - Filling up the DagBag from /Users/garymarmon/PycharmProjects/AWTY-Limitless/DataServerContainer/env/lib/python3.8/site-packages/airflow/example_dags/tutorial_etl_dag.py
[2021-03-08 12:32:24,598] {scheduler_job.py:639} INFO - DAG(s) dict_keys(['tutorial_etl_dag']) retrieved from /Users/garymarmon/PycharmProjects/AWTY-Limitless/DataServerContainer/env/lib/python3.8/site-packages/airflow/example_dags/tutorial_etl_dag.py
[2021-03-08 12:32:24,632] {logging_mixin.py:104} INFO - [2021-03-08 12:32:24,632] {dag.py:1818} INFO - Sync 1 DAGs
[2021-03-08 12:32:24,639] {logging_mixin.py:104} INFO - [2021-03-08 12:32:24,639] {dag.py:2273} INFO - Setting next_dagrun for tutorial_etl_dag to None
[2021-03-08 12:32:24,645] {scheduler_job.py:190} INFO - Processing /Users/garymarmon/PycharmProjects/AWTY-Limitless/DataServerContainer/env/lib/python3.8/site-packages/airflow/example_dags/tutorial_etl_dag.py took 0.056 seconds
[2021-03-08 12:33:30,506] {scheduler_job.py:182} INFO - Started process (PID=4065) to work on /Users/garymarmon/PycharmProjects/AWTY-Limitless/DataServerContainer/env/lib/python3.8/site-packages/airflow/example_dags/tutorial_etl_dag.py
[2021-03-08 12:33:30,506] {scheduler_job.py:629} INFO - Processing file /Users/garymarmon/PycharmProjects/AWTY-Limitless/DataServerContainer/env/lib/python3.8/site-packages/airflow/example_dags/tutorial_etl_dag.py for tasks to queue
[2021-03-08 12:33:30,507] {logging_mixin.py:104} INFO - [2021-03-08 12:33:30,507] {dagbag.py:448} INFO - Filling up the DagBag from /Users/garymarmon/PycharmProjects/AWTY-Limitless/DataServerContainer/env/lib/python3.8/site-packages/airflow/example_dags/tutorial_etl_dag.py
[2021-03-08 12:33:30,514] {scheduler_job.py:639} INFO - DAG(s) dict_keys(['tutorial_etl_dag']) retrieved from /Users/garymarmon/PycharmProjects/AWTY-Limitless/DataServerContainer/env/lib/python3.8/site-packages/airflow/example_dags/tutorial_etl_dag.py
[2021-03-08 12:33:30,548] {logging_mixin.py:104} INFO - [2021-03-08 12:33:30,548] {dag.py:1818} INFO - Sync 1 DAGs
[2021-03-08 12:33:30,555] {logging_mixin.py:104} INFO - [2021-03-08 12:33:30,555] {dag.py:2273} INFO - Setting next_dagrun for tutorial_etl_dag to None
[2021-03-08 12:33:30,561] {scheduler_job.py:190} INFO - Processing /Users/garymarmon/PycharmProjects/AWTY-Limitless/DataServerContainer/env/lib/python3.8/site-packages/airflow/example_dags/tutorial_etl_dag.py took 0.056 seconds
[2021-03-08 12:34:37,420] {scheduler_job.py:182} INFO - Started process (PID=4143) to work on /Users/garymarmon/PycharmProjects/AWTY-Limitless/DataServerContainer/env/lib/python3.8/site-packages/airflow/example_dags/tutorial_etl_dag.py
[2021-03-08 12:34:37,421] {scheduler_job.py:629} INFO - Processing file /Users/garymarmon/PycharmProjects/AWTY-Limitless/DataServerContainer/env/lib/python3.8/site-packages/airflow/example_dags/tutorial_etl_dag.py for tasks to queue
[2021-03-08 12:34:37,421] {logging_mixin.py:104} INFO - [2021-03-08 12:34:37,421] {dagbag.py:448} INFO - Filling up the DagBag from /Users/garymarmon/PycharmProjects/AWTY-Limitless/DataServerContainer/env/lib/python3.8/site-packages/airflow/example_dags/tutorial_etl_dag.py
[2021-03-08 12:34:37,428] {scheduler_job.py:639} INFO - DAG(s) dict_keys(['tutorial_etl_dag']) retrieved from /Users/garymarmon/PycharmProjects/AWTY-Limitless/DataServerContainer/env/lib/python3.8/site-packages/airflow/example_dags/tutorial_etl_dag.py
[2021-03-08 12:34:37,461] {logging_mixin.py:104} INFO - [2021-03-08 12:34:37,461] {dag.py:1818} INFO - Sync 1 DAGs
[2021-03-08 12:34:37,469] {logging_mixin.py:104} INFO - [2021-03-08 12:34:37,468] {dag.py:2273} INFO - Setting next_dagrun for tutorial_etl_dag to None
[2021-03-08 12:34:37,475] {scheduler_job.py:190} INFO - Processing /Users/garymarmon/PycharmProjects/AWTY-Limitless/DataServerContainer/env/lib/python3.8/site-packages/airflow/example_dags/tutorial_etl_dag.py took 0.056 seconds
[2021-03-08 12:35:45,993] {scheduler_job.py:182} INFO - Started process (PID=4218) to work on /Users/garymarmon/PycharmProjects/AWTY-Limitless/DataServerContainer/env/lib/python3.8/site-packages/airflow/example_dags/tutorial_etl_dag.py
[2021-03-08 12:35:45,993] {scheduler_job.py:629} INFO - Processing file /Users/garymarmon/PycharmProjects/AWTY-Limitless/DataServerContainer/env/lib/python3.8/site-packages/airflow/example_dags/tutorial_etl_dag.py for tasks to queue
[2021-03-08 12:35:45,994] {logging_mixin.py:104} INFO - [2021-03-08 12:35:45,994] {dagbag.py:448} INFO - Filling up the DagBag from /Users/garymarmon/PycharmProjects/AWTY-Limitless/DataServerContainer/env/lib/python3.8/site-packages/airflow/example_dags/tutorial_etl_dag.py
[2021-03-08 12:35:46,003] {scheduler_job.py:639} INFO - DAG(s) dict_keys(['tutorial_etl_dag']) retrieved from /Users/garymarmon/PycharmProjects/AWTY-Limitless/DataServerContainer/env/lib/python3.8/site-packages/airflow/example_dags/tutorial_etl_dag.py
[2021-03-08 12:35:46,040] {logging_mixin.py:104} INFO - [2021-03-08 12:35:46,040] {dag.py:1818} INFO - Sync 1 DAGs
[2021-03-08 12:35:46,047] {logging_mixin.py:104} INFO - [2021-03-08 12:35:46,047] {dag.py:2273} INFO - Setting next_dagrun for tutorial_etl_dag to None
[2021-03-08 12:35:46,053] {scheduler_job.py:190} INFO - Processing /Users/garymarmon/PycharmProjects/AWTY-Limitless/DataServerContainer/env/lib/python3.8/site-packages/airflow/example_dags/tutorial_etl_dag.py took 0.061 seconds
[2021-03-08 12:36:54,662] {scheduler_job.py:182} INFO - Started process (PID=4306) to work on /Users/garymarmon/PycharmProjects/AWTY-Limitless/DataServerContainer/env/lib/python3.8/site-packages/airflow/example_dags/tutorial_etl_dag.py
[2021-03-08 12:36:54,662] {scheduler_job.py:629} INFO - Processing file /Users/garymarmon/PycharmProjects/AWTY-Limitless/DataServerContainer/env/lib/python3.8/site-packages/airflow/example_dags/tutorial_etl_dag.py for tasks to queue
[2021-03-08 12:36:54,663] {logging_mixin.py:104} INFO - [2021-03-08 12:36:54,663] {dagbag.py:448} INFO - Filling up the DagBag from /Users/garymarmon/PycharmProjects/AWTY-Limitless/DataServerContainer/env/lib/python3.8/site-packages/airflow/example_dags/tutorial_etl_dag.py
[2021-03-08 12:36:54,672] {scheduler_job.py:639} INFO - DAG(s) dict_keys(['tutorial_etl_dag']) retrieved from /Users/garymarmon/PycharmProjects/AWTY-Limitless/DataServerContainer/env/lib/python3.8/site-packages/airflow/example_dags/tutorial_etl_dag.py
[2021-03-08 12:36:54,712] {logging_mixin.py:104} INFO - [2021-03-08 12:36:54,711] {dag.py:1818} INFO - Sync 1 DAGs
[2021-03-08 12:36:54,720] {logging_mixin.py:104} INFO - [2021-03-08 12:36:54,720] {dag.py:2273} INFO - Setting next_dagrun for tutorial_etl_dag to None
[2021-03-08 12:36:54,726] {scheduler_job.py:190} INFO - Processing /Users/garymarmon/PycharmProjects/AWTY-Limitless/DataServerContainer/env/lib/python3.8/site-packages/airflow/example_dags/tutorial_etl_dag.py took 0.065 seconds
