[2021-03-08 12:11:08,536] {scheduler_job.py:182} INFO - Started process (PID=2326) to work on /Users/garymarmon/PycharmProjects/AWTY-Limitless/DataServerContainer/env/lib/python3.8/site-packages/airflow/example_dags/tutorial.py
[2021-03-08 12:11:08,537] {scheduler_job.py:629} INFO - Processing file /Users/garymarmon/PycharmProjects/AWTY-Limitless/DataServerContainer/env/lib/python3.8/site-packages/airflow/example_dags/tutorial.py for tasks to queue
[2021-03-08 12:11:08,537] {logging_mixin.py:104} INFO - [2021-03-08 12:11:08,537] {dagbag.py:448} INFO - Filling up the DagBag from /Users/garymarmon/PycharmProjects/AWTY-Limitless/DataServerContainer/env/lib/python3.8/site-packages/airflow/example_dags/tutorial.py
[2021-03-08 12:11:08,547] {scheduler_job.py:639} INFO - DAG(s) dict_keys(['tutorial']) retrieved from /Users/garymarmon/PycharmProjects/AWTY-Limitless/DataServerContainer/env/lib/python3.8/site-packages/airflow/example_dags/tutorial.py
[2021-03-08 12:11:08,603] {logging_mixin.py:104} INFO - [2021-03-08 12:11:08,602] {dag.py:1818} INFO - Sync 1 DAGs
[2021-03-08 12:11:08,614] {logging_mixin.py:104} INFO - [2021-03-08 12:11:08,614] {dag.py:2273} INFO - Setting next_dagrun for tutorial to 2021-03-06 00:00:00+00:00
[2021-03-08 12:11:08,628] {scheduler_job.py:190} INFO - Processing /Users/garymarmon/PycharmProjects/AWTY-Limitless/DataServerContainer/env/lib/python3.8/site-packages/airflow/example_dags/tutorial.py took 0.093 seconds
[2021-03-08 12:14:27,643] {scheduler_job.py:182} INFO - Started process (PID=2495) to work on /Users/garymarmon/PycharmProjects/AWTY-Limitless/DataServerContainer/env/lib/python3.8/site-packages/airflow/example_dags/tutorial.py
[2021-03-08 12:14:27,644] {scheduler_job.py:629} INFO - Processing file /Users/garymarmon/PycharmProjects/AWTY-Limitless/DataServerContainer/env/lib/python3.8/site-packages/airflow/example_dags/tutorial.py for tasks to queue
[2021-03-08 12:14:27,644] {logging_mixin.py:104} INFO - [2021-03-08 12:14:27,644] {dagbag.py:448} INFO - Filling up the DagBag from /Users/garymarmon/PycharmProjects/AWTY-Limitless/DataServerContainer/env/lib/python3.8/site-packages/airflow/example_dags/tutorial.py
[2021-03-08 12:14:27,651] {scheduler_job.py:639} INFO - DAG(s) dict_keys(['tutorial']) retrieved from /Users/garymarmon/PycharmProjects/AWTY-Limitless/DataServerContainer/env/lib/python3.8/site-packages/airflow/example_dags/tutorial.py
[2021-03-08 12:14:27,690] {logging_mixin.py:104} INFO - [2021-03-08 12:14:27,689] {dag.py:1818} INFO - Sync 1 DAGs
[2021-03-08 12:14:27,698] {logging_mixin.py:104} INFO - [2021-03-08 12:14:27,698] {dag.py:2273} INFO - Setting next_dagrun for tutorial to 2021-03-06 00:00:00+00:00
[2021-03-08 12:14:27,708] {scheduler_job.py:190} INFO - Processing /Users/garymarmon/PycharmProjects/AWTY-Limitless/DataServerContainer/env/lib/python3.8/site-packages/airflow/example_dags/tutorial.py took 0.066 seconds
[2021-03-08 12:15:26,956] {scheduler_job.py:182} INFO - Started process (PID=2568) to work on /Users/garymarmon/PycharmProjects/AWTY-Limitless/DataServerContainer/env/lib/python3.8/site-packages/airflow/example_dags/tutorial.py
[2021-03-08 12:15:26,956] {scheduler_job.py:629} INFO - Processing file /Users/garymarmon/PycharmProjects/AWTY-Limitless/DataServerContainer/env/lib/python3.8/site-packages/airflow/example_dags/tutorial.py for tasks to queue
[2021-03-08 12:15:26,957] {logging_mixin.py:104} INFO - [2021-03-08 12:15:26,957] {dagbag.py:448} INFO - Filling up the DagBag from /Users/garymarmon/PycharmProjects/AWTY-Limitless/DataServerContainer/env/lib/python3.8/site-packages/airflow/example_dags/tutorial.py
[2021-03-08 12:15:26,963] {scheduler_job.py:639} INFO - DAG(s) dict_keys(['tutorial']) retrieved from /Users/garymarmon/PycharmProjects/AWTY-Limitless/DataServerContainer/env/lib/python3.8/site-packages/airflow/example_dags/tutorial.py
[2021-03-08 12:15:27,002] {logging_mixin.py:104} INFO - [2021-03-08 12:15:27,002] {dag.py:1818} INFO - Sync 1 DAGs
[2021-03-08 12:15:27,011] {logging_mixin.py:104} INFO - [2021-03-08 12:15:27,010] {dag.py:2273} INFO - Setting next_dagrun for tutorial to 2021-03-06 00:00:00+00:00
[2021-03-08 12:15:27,020] {scheduler_job.py:190} INFO - Processing /Users/garymarmon/PycharmProjects/AWTY-Limitless/DataServerContainer/env/lib/python3.8/site-packages/airflow/example_dags/tutorial.py took 0.065 seconds
[2021-03-08 12:16:27,287] {scheduler_job.py:182} INFO - Started process (PID=2639) to work on /Users/garymarmon/PycharmProjects/AWTY-Limitless/DataServerContainer/env/lib/python3.8/site-packages/airflow/example_dags/tutorial.py
[2021-03-08 12:16:27,288] {scheduler_job.py:629} INFO - Processing file /Users/garymarmon/PycharmProjects/AWTY-Limitless/DataServerContainer/env/lib/python3.8/site-packages/airflow/example_dags/tutorial.py for tasks to queue
[2021-03-08 12:16:27,288] {logging_mixin.py:104} INFO - [2021-03-08 12:16:27,288] {dagbag.py:448} INFO - Filling up the DagBag from /Users/garymarmon/PycharmProjects/AWTY-Limitless/DataServerContainer/env/lib/python3.8/site-packages/airflow/example_dags/tutorial.py
[2021-03-08 12:16:27,296] {scheduler_job.py:639} INFO - DAG(s) dict_keys(['tutorial']) retrieved from /Users/garymarmon/PycharmProjects/AWTY-Limitless/DataServerContainer/env/lib/python3.8/site-packages/airflow/example_dags/tutorial.py
[2021-03-08 12:16:27,334] {logging_mixin.py:104} INFO - [2021-03-08 12:16:27,333] {dag.py:1818} INFO - Sync 1 DAGs
[2021-03-08 12:16:27,341] {logging_mixin.py:104} INFO - [2021-03-08 12:16:27,341] {dag.py:2273} INFO - Setting next_dagrun for tutorial to 2021-03-06 00:00:00+00:00
[2021-03-08 12:16:27,350] {scheduler_job.py:190} INFO - Processing /Users/garymarmon/PycharmProjects/AWTY-Limitless/DataServerContainer/env/lib/python3.8/site-packages/airflow/example_dags/tutorial.py took 0.064 seconds
[2021-03-08 12:17:29,568] {scheduler_job.py:182} INFO - Started process (PID=2719) to work on /Users/garymarmon/PycharmProjects/AWTY-Limitless/DataServerContainer/env/lib/python3.8/site-packages/airflow/example_dags/tutorial.py
[2021-03-08 12:17:29,568] {scheduler_job.py:629} INFO - Processing file /Users/garymarmon/PycharmProjects/AWTY-Limitless/DataServerContainer/env/lib/python3.8/site-packages/airflow/example_dags/tutorial.py for tasks to queue
[2021-03-08 12:17:29,569] {logging_mixin.py:104} INFO - [2021-03-08 12:17:29,569] {dagbag.py:448} INFO - Filling up the DagBag from /Users/garymarmon/PycharmProjects/AWTY-Limitless/DataServerContainer/env/lib/python3.8/site-packages/airflow/example_dags/tutorial.py
[2021-03-08 12:17:29,576] {scheduler_job.py:639} INFO - DAG(s) dict_keys(['tutorial']) retrieved from /Users/garymarmon/PycharmProjects/AWTY-Limitless/DataServerContainer/env/lib/python3.8/site-packages/airflow/example_dags/tutorial.py
[2021-03-08 12:17:29,611] {logging_mixin.py:104} INFO - [2021-03-08 12:17:29,611] {dag.py:1818} INFO - Sync 1 DAGs
[2021-03-08 12:17:29,619] {logging_mixin.py:104} INFO - [2021-03-08 12:17:29,619] {dag.py:2273} INFO - Setting next_dagrun for tutorial to 2021-03-06 00:00:00+00:00
[2021-03-08 12:17:29,625] {scheduler_job.py:190} INFO - Processing /Users/garymarmon/PycharmProjects/AWTY-Limitless/DataServerContainer/env/lib/python3.8/site-packages/airflow/example_dags/tutorial.py took 0.058 seconds
[2021-03-08 12:18:59,963] {scheduler_job.py:182} INFO - Started process (PID=2837) to work on /Users/garymarmon/PycharmProjects/AWTY-Limitless/DataServerContainer/env/lib/python3.8/site-packages/airflow/example_dags/tutorial.py
[2021-03-08 12:18:59,963] {scheduler_job.py:629} INFO - Processing file /Users/garymarmon/PycharmProjects/AWTY-Limitless/DataServerContainer/env/lib/python3.8/site-packages/airflow/example_dags/tutorial.py for tasks to queue
[2021-03-08 12:18:59,964] {logging_mixin.py:104} INFO - [2021-03-08 12:18:59,964] {dagbag.py:448} INFO - Filling up the DagBag from /Users/garymarmon/PycharmProjects/AWTY-Limitless/DataServerContainer/env/lib/python3.8/site-packages/airflow/example_dags/tutorial.py
[2021-03-08 12:18:59,973] {scheduler_job.py:639} INFO - DAG(s) dict_keys(['tutorial']) retrieved from /Users/garymarmon/PycharmProjects/AWTY-Limitless/DataServerContainer/env/lib/python3.8/site-packages/airflow/example_dags/tutorial.py
[2021-03-08 12:19:00,033] {logging_mixin.py:104} INFO - [2021-03-08 12:19:00,033] {dag.py:1818} INFO - Sync 1 DAGs
[2021-03-08 12:19:00,046] {logging_mixin.py:104} INFO - [2021-03-08 12:19:00,046] {dag.py:2273} INFO - Setting next_dagrun for tutorial to 2021-03-06 00:00:00+00:00
[2021-03-08 12:19:00,056] {scheduler_job.py:190} INFO - Processing /Users/garymarmon/PycharmProjects/AWTY-Limitless/DataServerContainer/env/lib/python3.8/site-packages/airflow/example_dags/tutorial.py took 0.095 seconds
[2021-03-08 12:20:33,338] {scheduler_job.py:182} INFO - Started process (PID=2947) to work on /Users/garymarmon/PycharmProjects/AWTY-Limitless/DataServerContainer/env/lib/python3.8/site-packages/airflow/example_dags/tutorial.py
[2021-03-08 12:20:33,339] {scheduler_job.py:629} INFO - Processing file /Users/garymarmon/PycharmProjects/AWTY-Limitless/DataServerContainer/env/lib/python3.8/site-packages/airflow/example_dags/tutorial.py for tasks to queue
[2021-03-08 12:20:33,339] {logging_mixin.py:104} INFO - [2021-03-08 12:20:33,339] {dagbag.py:448} INFO - Filling up the DagBag from /Users/garymarmon/PycharmProjects/AWTY-Limitless/DataServerContainer/env/lib/python3.8/site-packages/airflow/example_dags/tutorial.py
[2021-03-08 12:20:33,347] {scheduler_job.py:639} INFO - DAG(s) dict_keys(['tutorial']) retrieved from /Users/garymarmon/PycharmProjects/AWTY-Limitless/DataServerContainer/env/lib/python3.8/site-packages/airflow/example_dags/tutorial.py
[2021-03-08 12:20:33,384] {logging_mixin.py:104} INFO - [2021-03-08 12:20:33,384] {dag.py:1818} INFO - Sync 1 DAGs
[2021-03-08 12:20:33,392] {logging_mixin.py:104} INFO - [2021-03-08 12:20:33,392] {dag.py:2273} INFO - Setting next_dagrun for tutorial to 2021-03-06 00:00:00+00:00
[2021-03-08 12:20:33,401] {scheduler_job.py:190} INFO - Processing /Users/garymarmon/PycharmProjects/AWTY-Limitless/DataServerContainer/env/lib/python3.8/site-packages/airflow/example_dags/tutorial.py took 0.064 seconds
[2021-03-08 12:21:45,402] {scheduler_job.py:182} INFO - Started process (PID=3039) to work on /Users/garymarmon/PycharmProjects/AWTY-Limitless/DataServerContainer/env/lib/python3.8/site-packages/airflow/example_dags/tutorial.py
[2021-03-08 12:21:45,403] {scheduler_job.py:629} INFO - Processing file /Users/garymarmon/PycharmProjects/AWTY-Limitless/DataServerContainer/env/lib/python3.8/site-packages/airflow/example_dags/tutorial.py for tasks to queue
[2021-03-08 12:21:45,403] {logging_mixin.py:104} INFO - [2021-03-08 12:21:45,403] {dagbag.py:448} INFO - Filling up the DagBag from /Users/garymarmon/PycharmProjects/AWTY-Limitless/DataServerContainer/env/lib/python3.8/site-packages/airflow/example_dags/tutorial.py
[2021-03-08 12:21:45,416] {scheduler_job.py:639} INFO - DAG(s) dict_keys(['tutorial']) retrieved from /Users/garymarmon/PycharmProjects/AWTY-Limitless/DataServerContainer/env/lib/python3.8/site-packages/airflow/example_dags/tutorial.py
[2021-03-08 12:21:45,487] {logging_mixin.py:104} INFO - [2021-03-08 12:21:45,487] {dag.py:1818} INFO - Sync 1 DAGs
[2021-03-08 12:21:45,502] {logging_mixin.py:104} INFO - [2021-03-08 12:21:45,502] {dag.py:2273} INFO - Setting next_dagrun for tutorial to 2021-03-06 00:00:00+00:00
[2021-03-08 12:21:45,513] {scheduler_job.py:190} INFO - Processing /Users/garymarmon/PycharmProjects/AWTY-Limitless/DataServerContainer/env/lib/python3.8/site-packages/airflow/example_dags/tutorial.py took 0.113 seconds
[2021-03-08 12:22:53,387] {scheduler_job.py:182} INFO - Started process (PID=3125) to work on /Users/garymarmon/PycharmProjects/AWTY-Limitless/DataServerContainer/env/lib/python3.8/site-packages/airflow/example_dags/tutorial.py
[2021-03-08 12:22:53,388] {scheduler_job.py:629} INFO - Processing file /Users/garymarmon/PycharmProjects/AWTY-Limitless/DataServerContainer/env/lib/python3.8/site-packages/airflow/example_dags/tutorial.py for tasks to queue
[2021-03-08 12:22:53,388] {logging_mixin.py:104} INFO - [2021-03-08 12:22:53,388] {dagbag.py:448} INFO - Filling up the DagBag from /Users/garymarmon/PycharmProjects/AWTY-Limitless/DataServerContainer/env/lib/python3.8/site-packages/airflow/example_dags/tutorial.py
[2021-03-08 12:22:53,395] {scheduler_job.py:639} INFO - DAG(s) dict_keys(['tutorial']) retrieved from /Users/garymarmon/PycharmProjects/AWTY-Limitless/DataServerContainer/env/lib/python3.8/site-packages/airflow/example_dags/tutorial.py
[2021-03-08 12:22:53,434] {logging_mixin.py:104} INFO - [2021-03-08 12:22:53,434] {dag.py:1818} INFO - Sync 1 DAGs
[2021-03-08 12:22:53,442] {logging_mixin.py:104} INFO - [2021-03-08 12:22:53,442] {dag.py:2273} INFO - Setting next_dagrun for tutorial to 2021-03-06 00:00:00+00:00
[2021-03-08 12:22:53,451] {scheduler_job.py:190} INFO - Processing /Users/garymarmon/PycharmProjects/AWTY-Limitless/DataServerContainer/env/lib/python3.8/site-packages/airflow/example_dags/tutorial.py took 0.065 seconds
[2021-03-08 12:23:52,166] {scheduler_job.py:182} INFO - Started process (PID=3198) to work on /Users/garymarmon/PycharmProjects/AWTY-Limitless/DataServerContainer/env/lib/python3.8/site-packages/airflow/example_dags/tutorial.py
[2021-03-08 12:23:52,167] {scheduler_job.py:629} INFO - Processing file /Users/garymarmon/PycharmProjects/AWTY-Limitless/DataServerContainer/env/lib/python3.8/site-packages/airflow/example_dags/tutorial.py for tasks to queue
[2021-03-08 12:23:52,167] {logging_mixin.py:104} INFO - [2021-03-08 12:23:52,167] {dagbag.py:448} INFO - Filling up the DagBag from /Users/garymarmon/PycharmProjects/AWTY-Limitless/DataServerContainer/env/lib/python3.8/site-packages/airflow/example_dags/tutorial.py
[2021-03-08 12:23:52,173] {scheduler_job.py:639} INFO - DAG(s) dict_keys(['tutorial']) retrieved from /Users/garymarmon/PycharmProjects/AWTY-Limitless/DataServerContainer/env/lib/python3.8/site-packages/airflow/example_dags/tutorial.py
[2021-03-08 12:23:52,213] {logging_mixin.py:104} INFO - [2021-03-08 12:23:52,213] {dag.py:1818} INFO - Sync 1 DAGs
[2021-03-08 12:23:52,222] {logging_mixin.py:104} INFO - [2021-03-08 12:23:52,222] {dag.py:2273} INFO - Setting next_dagrun for tutorial to 2021-03-06 00:00:00+00:00
[2021-03-08 12:23:52,231] {scheduler_job.py:190} INFO - Processing /Users/garymarmon/PycharmProjects/AWTY-Limitless/DataServerContainer/env/lib/python3.8/site-packages/airflow/example_dags/tutorial.py took 0.066 seconds
[2021-03-08 12:24:55,386] {scheduler_job.py:182} INFO - Started process (PID=3303) to work on /Users/garymarmon/PycharmProjects/AWTY-Limitless/DataServerContainer/env/lib/python3.8/site-packages/airflow/example_dags/tutorial.py
[2021-03-08 12:24:55,387] {scheduler_job.py:629} INFO - Processing file /Users/garymarmon/PycharmProjects/AWTY-Limitless/DataServerContainer/env/lib/python3.8/site-packages/airflow/example_dags/tutorial.py for tasks to queue
[2021-03-08 12:24:55,388] {logging_mixin.py:104} INFO - [2021-03-08 12:24:55,388] {dagbag.py:448} INFO - Filling up the DagBag from /Users/garymarmon/PycharmProjects/AWTY-Limitless/DataServerContainer/env/lib/python3.8/site-packages/airflow/example_dags/tutorial.py
[2021-03-08 12:24:55,398] {scheduler_job.py:639} INFO - DAG(s) dict_keys(['tutorial']) retrieved from /Users/garymarmon/PycharmProjects/AWTY-Limitless/DataServerContainer/env/lib/python3.8/site-packages/airflow/example_dags/tutorial.py
[2021-03-08 12:24:55,454] {logging_mixin.py:104} INFO - [2021-03-08 12:24:55,454] {dag.py:1818} INFO - Sync 1 DAGs
[2021-03-08 12:24:55,466] {logging_mixin.py:104} INFO - [2021-03-08 12:24:55,466] {dag.py:2273} INFO - Setting next_dagrun for tutorial to 2021-03-06 00:00:00+00:00
[2021-03-08 12:24:55,478] {scheduler_job.py:190} INFO - Processing /Users/garymarmon/PycharmProjects/AWTY-Limitless/DataServerContainer/env/lib/python3.8/site-packages/airflow/example_dags/tutorial.py took 0.093 seconds
[2021-03-08 12:26:36,203] {scheduler_job.py:182} INFO - Started process (PID=3570) to work on /Users/garymarmon/PycharmProjects/AWTY-Limitless/DataServerContainer/env/lib/python3.8/site-packages/airflow/example_dags/tutorial.py
[2021-03-08 12:26:36,204] {scheduler_job.py:629} INFO - Processing file /Users/garymarmon/PycharmProjects/AWTY-Limitless/DataServerContainer/env/lib/python3.8/site-packages/airflow/example_dags/tutorial.py for tasks to queue
[2021-03-08 12:26:36,205] {logging_mixin.py:104} INFO - [2021-03-08 12:26:36,205] {dagbag.py:448} INFO - Filling up the DagBag from /Users/garymarmon/PycharmProjects/AWTY-Limitless/DataServerContainer/env/lib/python3.8/site-packages/airflow/example_dags/tutorial.py
[2021-03-08 12:26:36,215] {scheduler_job.py:639} INFO - DAG(s) dict_keys(['tutorial']) retrieved from /Users/garymarmon/PycharmProjects/AWTY-Limitless/DataServerContainer/env/lib/python3.8/site-packages/airflow/example_dags/tutorial.py
[2021-03-08 12:26:36,254] {logging_mixin.py:104} INFO - [2021-03-08 12:26:36,254] {dag.py:1818} INFO - Sync 1 DAGs
[2021-03-08 12:26:36,262] {logging_mixin.py:104} INFO - [2021-03-08 12:26:36,262] {dag.py:2273} INFO - Setting next_dagrun for tutorial to 2021-03-06 00:00:00+00:00
[2021-03-08 12:26:36,268] {scheduler_job.py:190} INFO - Processing /Users/garymarmon/PycharmProjects/AWTY-Limitless/DataServerContainer/env/lib/python3.8/site-packages/airflow/example_dags/tutorial.py took 0.066 seconds
[2021-03-08 12:27:40,612] {scheduler_job.py:182} INFO - Started process (PID=3654) to work on /Users/garymarmon/PycharmProjects/AWTY-Limitless/DataServerContainer/env/lib/python3.8/site-packages/airflow/example_dags/tutorial.py
[2021-03-08 12:27:40,612] {scheduler_job.py:629} INFO - Processing file /Users/garymarmon/PycharmProjects/AWTY-Limitless/DataServerContainer/env/lib/python3.8/site-packages/airflow/example_dags/tutorial.py for tasks to queue
[2021-03-08 12:27:40,613] {logging_mixin.py:104} INFO - [2021-03-08 12:27:40,613] {dagbag.py:448} INFO - Filling up the DagBag from /Users/garymarmon/PycharmProjects/AWTY-Limitless/DataServerContainer/env/lib/python3.8/site-packages/airflow/example_dags/tutorial.py
[2021-03-08 12:27:40,619] {scheduler_job.py:639} INFO - DAG(s) dict_keys(['tutorial']) retrieved from /Users/garymarmon/PycharmProjects/AWTY-Limitless/DataServerContainer/env/lib/python3.8/site-packages/airflow/example_dags/tutorial.py
[2021-03-08 12:27:40,658] {logging_mixin.py:104} INFO - [2021-03-08 12:27:40,658] {dag.py:1818} INFO - Sync 1 DAGs
[2021-03-08 12:27:40,666] {logging_mixin.py:104} INFO - [2021-03-08 12:27:40,666] {dag.py:2273} INFO - Setting next_dagrun for tutorial to 2021-03-06 00:00:00+00:00
[2021-03-08 12:27:40,672] {scheduler_job.py:190} INFO - Processing /Users/garymarmon/PycharmProjects/AWTY-Limitless/DataServerContainer/env/lib/python3.8/site-packages/airflow/example_dags/tutorial.py took 0.061 seconds
[2021-03-08 12:28:38,808] {scheduler_job.py:182} INFO - Started process (PID=3732) to work on /Users/garymarmon/PycharmProjects/AWTY-Limitless/DataServerContainer/env/lib/python3.8/site-packages/airflow/example_dags/tutorial.py
[2021-03-08 12:28:38,809] {scheduler_job.py:629} INFO - Processing file /Users/garymarmon/PycharmProjects/AWTY-Limitless/DataServerContainer/env/lib/python3.8/site-packages/airflow/example_dags/tutorial.py for tasks to queue
[2021-03-08 12:28:38,809] {logging_mixin.py:104} INFO - [2021-03-08 12:28:38,809] {dagbag.py:448} INFO - Filling up the DagBag from /Users/garymarmon/PycharmProjects/AWTY-Limitless/DataServerContainer/env/lib/python3.8/site-packages/airflow/example_dags/tutorial.py
[2021-03-08 12:28:38,816] {scheduler_job.py:639} INFO - DAG(s) dict_keys(['tutorial']) retrieved from /Users/garymarmon/PycharmProjects/AWTY-Limitless/DataServerContainer/env/lib/python3.8/site-packages/airflow/example_dags/tutorial.py
[2021-03-08 12:28:38,849] {logging_mixin.py:104} INFO - [2021-03-08 12:28:38,849] {dag.py:1818} INFO - Sync 1 DAGs
[2021-03-08 12:28:38,856] {logging_mixin.py:104} INFO - [2021-03-08 12:28:38,855] {dag.py:2273} INFO - Setting next_dagrun for tutorial to 2021-03-06 00:00:00+00:00
[2021-03-08 12:28:38,860] {scheduler_job.py:190} INFO - Processing /Users/garymarmon/PycharmProjects/AWTY-Limitless/DataServerContainer/env/lib/python3.8/site-packages/airflow/example_dags/tutorial.py took 0.053 seconds
[2021-03-08 12:29:36,748] {scheduler_job.py:182} INFO - Started process (PID=3802) to work on /Users/garymarmon/PycharmProjects/AWTY-Limitless/DataServerContainer/env/lib/python3.8/site-packages/airflow/example_dags/tutorial.py
[2021-03-08 12:29:36,748] {scheduler_job.py:629} INFO - Processing file /Users/garymarmon/PycharmProjects/AWTY-Limitless/DataServerContainer/env/lib/python3.8/site-packages/airflow/example_dags/tutorial.py for tasks to queue
[2021-03-08 12:29:36,749] {logging_mixin.py:104} INFO - [2021-03-08 12:29:36,749] {dagbag.py:448} INFO - Filling up the DagBag from /Users/garymarmon/PycharmProjects/AWTY-Limitless/DataServerContainer/env/lib/python3.8/site-packages/airflow/example_dags/tutorial.py
[2021-03-08 12:29:36,755] {scheduler_job.py:639} INFO - DAG(s) dict_keys(['tutorial']) retrieved from /Users/garymarmon/PycharmProjects/AWTY-Limitless/DataServerContainer/env/lib/python3.8/site-packages/airflow/example_dags/tutorial.py
[2021-03-08 12:29:36,790] {logging_mixin.py:104} INFO - [2021-03-08 12:29:36,790] {dag.py:1818} INFO - Sync 1 DAGs
[2021-03-08 12:29:36,798] {logging_mixin.py:104} INFO - [2021-03-08 12:29:36,798] {dag.py:2273} INFO - Setting next_dagrun for tutorial to 2021-03-06 00:00:00+00:00
[2021-03-08 12:29:36,804] {scheduler_job.py:190} INFO - Processing /Users/garymarmon/PycharmProjects/AWTY-Limitless/DataServerContainer/env/lib/python3.8/site-packages/airflow/example_dags/tutorial.py took 0.057 seconds
[2021-03-08 12:30:45,090] {scheduler_job.py:182} INFO - Started process (PID=3872) to work on /Users/garymarmon/PycharmProjects/AWTY-Limitless/DataServerContainer/env/lib/python3.8/site-packages/airflow/example_dags/tutorial.py
[2021-03-08 12:30:45,091] {scheduler_job.py:629} INFO - Processing file /Users/garymarmon/PycharmProjects/AWTY-Limitless/DataServerContainer/env/lib/python3.8/site-packages/airflow/example_dags/tutorial.py for tasks to queue
[2021-03-08 12:30:45,092] {logging_mixin.py:104} INFO - [2021-03-08 12:30:45,092] {dagbag.py:448} INFO - Filling up the DagBag from /Users/garymarmon/PycharmProjects/AWTY-Limitless/DataServerContainer/env/lib/python3.8/site-packages/airflow/example_dags/tutorial.py
[2021-03-08 12:30:45,102] {scheduler_job.py:639} INFO - DAG(s) dict_keys(['tutorial']) retrieved from /Users/garymarmon/PycharmProjects/AWTY-Limitless/DataServerContainer/env/lib/python3.8/site-packages/airflow/example_dags/tutorial.py
[2021-03-08 12:30:45,158] {logging_mixin.py:104} INFO - [2021-03-08 12:30:45,157] {dag.py:1818} INFO - Sync 1 DAGs
[2021-03-08 12:30:45,169] {logging_mixin.py:104} INFO - [2021-03-08 12:30:45,169] {dag.py:2273} INFO - Setting next_dagrun for tutorial to 2021-03-06 00:00:00+00:00
[2021-03-08 12:30:45,182] {scheduler_job.py:190} INFO - Processing /Users/garymarmon/PycharmProjects/AWTY-Limitless/DataServerContainer/env/lib/python3.8/site-packages/airflow/example_dags/tutorial.py took 0.093 seconds
[2021-03-08 12:32:01,996] {scheduler_job.py:182} INFO - Started process (PID=3960) to work on /Users/garymarmon/PycharmProjects/AWTY-Limitless/DataServerContainer/env/lib/python3.8/site-packages/airflow/example_dags/tutorial.py
[2021-03-08 12:32:01,996] {scheduler_job.py:629} INFO - Processing file /Users/garymarmon/PycharmProjects/AWTY-Limitless/DataServerContainer/env/lib/python3.8/site-packages/airflow/example_dags/tutorial.py for tasks to queue
[2021-03-08 12:32:01,997] {logging_mixin.py:104} INFO - [2021-03-08 12:32:01,997] {dagbag.py:448} INFO - Filling up the DagBag from /Users/garymarmon/PycharmProjects/AWTY-Limitless/DataServerContainer/env/lib/python3.8/site-packages/airflow/example_dags/tutorial.py
[2021-03-08 12:32:02,005] {scheduler_job.py:639} INFO - DAG(s) dict_keys(['tutorial']) retrieved from /Users/garymarmon/PycharmProjects/AWTY-Limitless/DataServerContainer/env/lib/python3.8/site-packages/airflow/example_dags/tutorial.py
[2021-03-08 12:32:02,048] {logging_mixin.py:104} INFO - [2021-03-08 12:32:02,047] {dag.py:1818} INFO - Sync 1 DAGs
[2021-03-08 12:32:02,059] {logging_mixin.py:104} INFO - [2021-03-08 12:32:02,059] {dag.py:2273} INFO - Setting next_dagrun for tutorial to 2021-03-06 00:00:00+00:00
[2021-03-08 12:32:02,070] {scheduler_job.py:190} INFO - Processing /Users/garymarmon/PycharmProjects/AWTY-Limitless/DataServerContainer/env/lib/python3.8/site-packages/airflow/example_dags/tutorial.py took 0.075 seconds
[2021-03-08 12:33:09,834] {scheduler_job.py:182} INFO - Started process (PID=4043) to work on /Users/garymarmon/PycharmProjects/AWTY-Limitless/DataServerContainer/env/lib/python3.8/site-packages/airflow/example_dags/tutorial.py
[2021-03-08 12:33:09,834] {scheduler_job.py:629} INFO - Processing file /Users/garymarmon/PycharmProjects/AWTY-Limitless/DataServerContainer/env/lib/python3.8/site-packages/airflow/example_dags/tutorial.py for tasks to queue
[2021-03-08 12:33:09,835] {logging_mixin.py:104} INFO - [2021-03-08 12:33:09,834] {dagbag.py:448} INFO - Filling up the DagBag from /Users/garymarmon/PycharmProjects/AWTY-Limitless/DataServerContainer/env/lib/python3.8/site-packages/airflow/example_dags/tutorial.py
[2021-03-08 12:33:09,841] {scheduler_job.py:639} INFO - DAG(s) dict_keys(['tutorial']) retrieved from /Users/garymarmon/PycharmProjects/AWTY-Limitless/DataServerContainer/env/lib/python3.8/site-packages/airflow/example_dags/tutorial.py
[2021-03-08 12:33:09,881] {logging_mixin.py:104} INFO - [2021-03-08 12:33:09,880] {dag.py:1818} INFO - Sync 1 DAGs
[2021-03-08 12:33:09,888] {logging_mixin.py:104} INFO - [2021-03-08 12:33:09,888] {dag.py:2273} INFO - Setting next_dagrun for tutorial to 2021-03-06 00:00:00+00:00
[2021-03-08 12:33:09,896] {scheduler_job.py:190} INFO - Processing /Users/garymarmon/PycharmProjects/AWTY-Limitless/DataServerContainer/env/lib/python3.8/site-packages/airflow/example_dags/tutorial.py took 0.064 seconds
[2021-03-08 12:34:13,540] {scheduler_job.py:182} INFO - Started process (PID=4113) to work on /Users/garymarmon/PycharmProjects/AWTY-Limitless/DataServerContainer/env/lib/python3.8/site-packages/airflow/example_dags/tutorial.py
[2021-03-08 12:34:13,541] {scheduler_job.py:629} INFO - Processing file /Users/garymarmon/PycharmProjects/AWTY-Limitless/DataServerContainer/env/lib/python3.8/site-packages/airflow/example_dags/tutorial.py for tasks to queue
[2021-03-08 12:34:13,541] {logging_mixin.py:104} INFO - [2021-03-08 12:34:13,541] {dagbag.py:448} INFO - Filling up the DagBag from /Users/garymarmon/PycharmProjects/AWTY-Limitless/DataServerContainer/env/lib/python3.8/site-packages/airflow/example_dags/tutorial.py
[2021-03-08 12:34:13,553] {scheduler_job.py:639} INFO - DAG(s) dict_keys(['tutorial']) retrieved from /Users/garymarmon/PycharmProjects/AWTY-Limitless/DataServerContainer/env/lib/python3.8/site-packages/airflow/example_dags/tutorial.py
[2021-03-08 12:34:13,604] {logging_mixin.py:104} INFO - [2021-03-08 12:34:13,603] {dag.py:1818} INFO - Sync 1 DAGs
[2021-03-08 12:34:13,615] {logging_mixin.py:104} INFO - [2021-03-08 12:34:13,615] {dag.py:2273} INFO - Setting next_dagrun for tutorial to 2021-03-06 00:00:00+00:00
[2021-03-08 12:34:13,623] {scheduler_job.py:190} INFO - Processing /Users/garymarmon/PycharmProjects/AWTY-Limitless/DataServerContainer/env/lib/python3.8/site-packages/airflow/example_dags/tutorial.py took 0.084 seconds
[2021-03-08 12:35:25,902] {scheduler_job.py:182} INFO - Started process (PID=4195) to work on /Users/garymarmon/PycharmProjects/AWTY-Limitless/DataServerContainer/env/lib/python3.8/site-packages/airflow/example_dags/tutorial.py
[2021-03-08 12:35:25,903] {scheduler_job.py:629} INFO - Processing file /Users/garymarmon/PycharmProjects/AWTY-Limitless/DataServerContainer/env/lib/python3.8/site-packages/airflow/example_dags/tutorial.py for tasks to queue
[2021-03-08 12:35:25,903] {logging_mixin.py:104} INFO - [2021-03-08 12:35:25,903] {dagbag.py:448} INFO - Filling up the DagBag from /Users/garymarmon/PycharmProjects/AWTY-Limitless/DataServerContainer/env/lib/python3.8/site-packages/airflow/example_dags/tutorial.py
[2021-03-08 12:35:25,909] {scheduler_job.py:639} INFO - DAG(s) dict_keys(['tutorial']) retrieved from /Users/garymarmon/PycharmProjects/AWTY-Limitless/DataServerContainer/env/lib/python3.8/site-packages/airflow/example_dags/tutorial.py
[2021-03-08 12:35:25,962] {logging_mixin.py:104} INFO - [2021-03-08 12:35:25,962] {dag.py:1818} INFO - Sync 1 DAGs
[2021-03-08 12:35:25,976] {logging_mixin.py:104} INFO - [2021-03-08 12:35:25,976] {dag.py:2273} INFO - Setting next_dagrun for tutorial to 2021-03-06 00:00:00+00:00
[2021-03-08 12:35:25,985] {scheduler_job.py:190} INFO - Processing /Users/garymarmon/PycharmProjects/AWTY-Limitless/DataServerContainer/env/lib/python3.8/site-packages/airflow/example_dags/tutorial.py took 0.084 seconds
[2021-03-08 12:36:31,751] {scheduler_job.py:182} INFO - Started process (PID=4278) to work on /Users/garymarmon/PycharmProjects/AWTY-Limitless/DataServerContainer/env/lib/python3.8/site-packages/airflow/example_dags/tutorial.py
[2021-03-08 12:36:31,751] {scheduler_job.py:629} INFO - Processing file /Users/garymarmon/PycharmProjects/AWTY-Limitless/DataServerContainer/env/lib/python3.8/site-packages/airflow/example_dags/tutorial.py for tasks to queue
[2021-03-08 12:36:31,752] {logging_mixin.py:104} INFO - [2021-03-08 12:36:31,751] {dagbag.py:448} INFO - Filling up the DagBag from /Users/garymarmon/PycharmProjects/AWTY-Limitless/DataServerContainer/env/lib/python3.8/site-packages/airflow/example_dags/tutorial.py
[2021-03-08 12:36:31,759] {scheduler_job.py:639} INFO - DAG(s) dict_keys(['tutorial']) retrieved from /Users/garymarmon/PycharmProjects/AWTY-Limitless/DataServerContainer/env/lib/python3.8/site-packages/airflow/example_dags/tutorial.py
[2021-03-08 12:36:31,791] {logging_mixin.py:104} INFO - [2021-03-08 12:36:31,791] {dag.py:1818} INFO - Sync 1 DAGs
[2021-03-08 12:36:31,797] {logging_mixin.py:104} INFO - [2021-03-08 12:36:31,797] {dag.py:2273} INFO - Setting next_dagrun for tutorial to 2021-03-06 00:00:00+00:00
[2021-03-08 12:36:31,805] {scheduler_job.py:190} INFO - Processing /Users/garymarmon/PycharmProjects/AWTY-Limitless/DataServerContainer/env/lib/python3.8/site-packages/airflow/example_dags/tutorial.py took 0.055 seconds
