[2021-03-08 12:14:01,477] {scheduler_job.py:182} INFO - Started process (PID=2460) to work on /Users/garymarmon/PycharmProjects/AWTY-Limitless/DataServerContainer/env/lib/python3.8/site-packages/airflow/example_dags/tutorial_taskflow_api_etl.py
[2021-03-08 12:14:01,477] {scheduler_job.py:629} INFO - Processing file /Users/garymarmon/PycharmProjects/AWTY-Limitless/DataServerContainer/env/lib/python3.8/site-packages/airflow/example_dags/tutorial_taskflow_api_etl.py for tasks to queue
[2021-03-08 12:14:01,478] {logging_mixin.py:104} INFO - [2021-03-08 12:14:01,478] {dagbag.py:448} INFO - Filling up the DagBag from /Users/garymarmon/PycharmProjects/AWTY-Limitless/DataServerContainer/env/lib/python3.8/site-packages/airflow/example_dags/tutorial_taskflow_api_etl.py
[2021-03-08 12:14:01,489] {scheduler_job.py:639} INFO - DAG(s) dict_keys(['tutorial_taskflow_api_etl']) retrieved from /Users/garymarmon/PycharmProjects/AWTY-Limitless/DataServerContainer/env/lib/python3.8/site-packages/airflow/example_dags/tutorial_taskflow_api_etl.py
[2021-03-08 12:14:01,533] {logging_mixin.py:104} INFO - [2021-03-08 12:14:01,533] {dag.py:1818} INFO - Sync 1 DAGs
[2021-03-08 12:14:01,541] {logging_mixin.py:104} INFO - [2021-03-08 12:14:01,541] {dag.py:2273} INFO - Setting next_dagrun for tutorial_taskflow_api_etl to None
[2021-03-08 12:14:01,551] {scheduler_job.py:190} INFO - Processing /Users/garymarmon/PycharmProjects/AWTY-Limitless/DataServerContainer/env/lib/python3.8/site-packages/airflow/example_dags/tutorial_taskflow_api_etl.py took 0.075 seconds
[2021-03-08 12:15:02,516] {scheduler_job.py:182} INFO - Started process (PID=2539) to work on /Users/garymarmon/PycharmProjects/AWTY-Limitless/DataServerContainer/env/lib/python3.8/site-packages/airflow/example_dags/tutorial_taskflow_api_etl.py
[2021-03-08 12:15:02,517] {scheduler_job.py:629} INFO - Processing file /Users/garymarmon/PycharmProjects/AWTY-Limitless/DataServerContainer/env/lib/python3.8/site-packages/airflow/example_dags/tutorial_taskflow_api_etl.py for tasks to queue
[2021-03-08 12:15:02,517] {logging_mixin.py:104} INFO - [2021-03-08 12:15:02,517] {dagbag.py:448} INFO - Filling up the DagBag from /Users/garymarmon/PycharmProjects/AWTY-Limitless/DataServerContainer/env/lib/python3.8/site-packages/airflow/example_dags/tutorial_taskflow_api_etl.py
[2021-03-08 12:15:02,526] {scheduler_job.py:639} INFO - DAG(s) dict_keys(['tutorial_taskflow_api_etl']) retrieved from /Users/garymarmon/PycharmProjects/AWTY-Limitless/DataServerContainer/env/lib/python3.8/site-packages/airflow/example_dags/tutorial_taskflow_api_etl.py
[2021-03-08 12:15:02,565] {logging_mixin.py:104} INFO - [2021-03-08 12:15:02,565] {dag.py:1818} INFO - Sync 1 DAGs
[2021-03-08 12:15:02,573] {logging_mixin.py:104} INFO - [2021-03-08 12:15:02,573] {dag.py:2273} INFO - Setting next_dagrun for tutorial_taskflow_api_etl to None
[2021-03-08 12:15:02,582] {scheduler_job.py:190} INFO - Processing /Users/garymarmon/PycharmProjects/AWTY-Limitless/DataServerContainer/env/lib/python3.8/site-packages/airflow/example_dags/tutorial_taskflow_api_etl.py took 0.067 seconds
[2021-03-08 12:16:02,013] {scheduler_job.py:182} INFO - Started process (PID=2606) to work on /Users/garymarmon/PycharmProjects/AWTY-Limitless/DataServerContainer/env/lib/python3.8/site-packages/airflow/example_dags/tutorial_taskflow_api_etl.py
[2021-03-08 12:16:02,014] {scheduler_job.py:629} INFO - Processing file /Users/garymarmon/PycharmProjects/AWTY-Limitless/DataServerContainer/env/lib/python3.8/site-packages/airflow/example_dags/tutorial_taskflow_api_etl.py for tasks to queue
[2021-03-08 12:16:02,014] {logging_mixin.py:104} INFO - [2021-03-08 12:16:02,014] {dagbag.py:448} INFO - Filling up the DagBag from /Users/garymarmon/PycharmProjects/AWTY-Limitless/DataServerContainer/env/lib/python3.8/site-packages/airflow/example_dags/tutorial_taskflow_api_etl.py
[2021-03-08 12:16:02,024] {scheduler_job.py:639} INFO - DAG(s) dict_keys(['tutorial_taskflow_api_etl']) retrieved from /Users/garymarmon/PycharmProjects/AWTY-Limitless/DataServerContainer/env/lib/python3.8/site-packages/airflow/example_dags/tutorial_taskflow_api_etl.py
[2021-03-08 12:16:02,063] {logging_mixin.py:104} INFO - [2021-03-08 12:16:02,063] {dag.py:1818} INFO - Sync 1 DAGs
[2021-03-08 12:16:02,070] {logging_mixin.py:104} INFO - [2021-03-08 12:16:02,070] {dag.py:2273} INFO - Setting next_dagrun for tutorial_taskflow_api_etl to None
[2021-03-08 12:16:02,079] {scheduler_job.py:190} INFO - Processing /Users/garymarmon/PycharmProjects/AWTY-Limitless/DataServerContainer/env/lib/python3.8/site-packages/airflow/example_dags/tutorial_taskflow_api_etl.py took 0.067 seconds
[2021-03-08 12:17:01,964] {scheduler_job.py:182} INFO - Started process (PID=2679) to work on /Users/garymarmon/PycharmProjects/AWTY-Limitless/DataServerContainer/env/lib/python3.8/site-packages/airflow/example_dags/tutorial_taskflow_api_etl.py
[2021-03-08 12:17:01,964] {scheduler_job.py:629} INFO - Processing file /Users/garymarmon/PycharmProjects/AWTY-Limitless/DataServerContainer/env/lib/python3.8/site-packages/airflow/example_dags/tutorial_taskflow_api_etl.py for tasks to queue
[2021-03-08 12:17:01,965] {logging_mixin.py:104} INFO - [2021-03-08 12:17:01,965] {dagbag.py:448} INFO - Filling up the DagBag from /Users/garymarmon/PycharmProjects/AWTY-Limitless/DataServerContainer/env/lib/python3.8/site-packages/airflow/example_dags/tutorial_taskflow_api_etl.py
[2021-03-08 12:17:01,974] {scheduler_job.py:639} INFO - DAG(s) dict_keys(['tutorial_taskflow_api_etl']) retrieved from /Users/garymarmon/PycharmProjects/AWTY-Limitless/DataServerContainer/env/lib/python3.8/site-packages/airflow/example_dags/tutorial_taskflow_api_etl.py
[2021-03-08 12:17:02,014] {logging_mixin.py:104} INFO - [2021-03-08 12:17:02,014] {dag.py:1818} INFO - Sync 1 DAGs
[2021-03-08 12:17:02,023] {logging_mixin.py:104} INFO - [2021-03-08 12:17:02,023] {dag.py:2273} INFO - Setting next_dagrun for tutorial_taskflow_api_etl to None
[2021-03-08 12:17:02,033] {scheduler_job.py:190} INFO - Processing /Users/garymarmon/PycharmProjects/AWTY-Limitless/DataServerContainer/env/lib/python3.8/site-packages/airflow/example_dags/tutorial_taskflow_api_etl.py took 0.070 seconds
[2021-03-08 12:18:16,518] {scheduler_job.py:182} INFO - Started process (PID=2784) to work on /Users/garymarmon/PycharmProjects/AWTY-Limitless/DataServerContainer/env/lib/python3.8/site-packages/airflow/example_dags/tutorial_taskflow_api_etl.py
[2021-03-08 12:18:16,519] {scheduler_job.py:629} INFO - Processing file /Users/garymarmon/PycharmProjects/AWTY-Limitless/DataServerContainer/env/lib/python3.8/site-packages/airflow/example_dags/tutorial_taskflow_api_etl.py for tasks to queue
[2021-03-08 12:18:16,519] {logging_mixin.py:104} INFO - [2021-03-08 12:18:16,519] {dagbag.py:448} INFO - Filling up the DagBag from /Users/garymarmon/PycharmProjects/AWTY-Limitless/DataServerContainer/env/lib/python3.8/site-packages/airflow/example_dags/tutorial_taskflow_api_etl.py
[2021-03-08 12:18:16,529] {scheduler_job.py:639} INFO - DAG(s) dict_keys(['tutorial_taskflow_api_etl']) retrieved from /Users/garymarmon/PycharmProjects/AWTY-Limitless/DataServerContainer/env/lib/python3.8/site-packages/airflow/example_dags/tutorial_taskflow_api_etl.py
[2021-03-08 12:18:16,570] {logging_mixin.py:104} INFO - [2021-03-08 12:18:16,570] {dag.py:1818} INFO - Sync 1 DAGs
[2021-03-08 12:18:16,579] {logging_mixin.py:104} INFO - [2021-03-08 12:18:16,579] {dag.py:2273} INFO - Setting next_dagrun for tutorial_taskflow_api_etl to None
[2021-03-08 12:18:16,588] {scheduler_job.py:190} INFO - Processing /Users/garymarmon/PycharmProjects/AWTY-Limitless/DataServerContainer/env/lib/python3.8/site-packages/airflow/example_dags/tutorial_taskflow_api_etl.py took 0.071 seconds
[2021-03-08 12:19:44,947] {scheduler_job.py:182} INFO - Started process (PID=2889) to work on /Users/garymarmon/PycharmProjects/AWTY-Limitless/DataServerContainer/env/lib/python3.8/site-packages/airflow/example_dags/tutorial_taskflow_api_etl.py
[2021-03-08 12:19:44,947] {scheduler_job.py:629} INFO - Processing file /Users/garymarmon/PycharmProjects/AWTY-Limitless/DataServerContainer/env/lib/python3.8/site-packages/airflow/example_dags/tutorial_taskflow_api_etl.py for tasks to queue
[2021-03-08 12:19:44,948] {logging_mixin.py:104} INFO - [2021-03-08 12:19:44,948] {dagbag.py:448} INFO - Filling up the DagBag from /Users/garymarmon/PycharmProjects/AWTY-Limitless/DataServerContainer/env/lib/python3.8/site-packages/airflow/example_dags/tutorial_taskflow_api_etl.py
[2021-03-08 12:19:44,962] {scheduler_job.py:639} INFO - DAG(s) dict_keys(['tutorial_taskflow_api_etl']) retrieved from /Users/garymarmon/PycharmProjects/AWTY-Limitless/DataServerContainer/env/lib/python3.8/site-packages/airflow/example_dags/tutorial_taskflow_api_etl.py
[2021-03-08 12:19:45,020] {logging_mixin.py:104} INFO - [2021-03-08 12:19:45,020] {dag.py:1818} INFO - Sync 1 DAGs
[2021-03-08 12:19:45,032] {logging_mixin.py:104} INFO - [2021-03-08 12:19:45,032] {dag.py:2273} INFO - Setting next_dagrun for tutorial_taskflow_api_etl to None
[2021-03-08 12:19:45,047] {scheduler_job.py:190} INFO - Processing /Users/garymarmon/PycharmProjects/AWTY-Limitless/DataServerContainer/env/lib/python3.8/site-packages/airflow/example_dags/tutorial_taskflow_api_etl.py took 0.101 seconds
[2021-03-08 12:20:59,786] {scheduler_job.py:182} INFO - Started process (PID=2977) to work on /Users/garymarmon/PycharmProjects/AWTY-Limitless/DataServerContainer/env/lib/python3.8/site-packages/airflow/example_dags/tutorial_taskflow_api_etl.py
[2021-03-08 12:20:59,787] {scheduler_job.py:629} INFO - Processing file /Users/garymarmon/PycharmProjects/AWTY-Limitless/DataServerContainer/env/lib/python3.8/site-packages/airflow/example_dags/tutorial_taskflow_api_etl.py for tasks to queue
[2021-03-08 12:20:59,787] {logging_mixin.py:104} INFO - [2021-03-08 12:20:59,787] {dagbag.py:448} INFO - Filling up the DagBag from /Users/garymarmon/PycharmProjects/AWTY-Limitless/DataServerContainer/env/lib/python3.8/site-packages/airflow/example_dags/tutorial_taskflow_api_etl.py
[2021-03-08 12:20:59,796] {scheduler_job.py:639} INFO - DAG(s) dict_keys(['tutorial_taskflow_api_etl']) retrieved from /Users/garymarmon/PycharmProjects/AWTY-Limitless/DataServerContainer/env/lib/python3.8/site-packages/airflow/example_dags/tutorial_taskflow_api_etl.py
[2021-03-08 12:20:59,833] {logging_mixin.py:104} INFO - [2021-03-08 12:20:59,832] {dag.py:1818} INFO - Sync 1 DAGs
[2021-03-08 12:20:59,841] {logging_mixin.py:104} INFO - [2021-03-08 12:20:59,841] {dag.py:2273} INFO - Setting next_dagrun for tutorial_taskflow_api_etl to None
[2021-03-08 12:20:59,866] {scheduler_job.py:190} INFO - Processing /Users/garymarmon/PycharmProjects/AWTY-Limitless/DataServerContainer/env/lib/python3.8/site-packages/airflow/example_dags/tutorial_taskflow_api_etl.py took 0.080 seconds
[2021-03-08 12:22:14,886] {scheduler_job.py:182} INFO - Started process (PID=3078) to work on /Users/garymarmon/PycharmProjects/AWTY-Limitless/DataServerContainer/env/lib/python3.8/site-packages/airflow/example_dags/tutorial_taskflow_api_etl.py
[2021-03-08 12:22:14,887] {scheduler_job.py:629} INFO - Processing file /Users/garymarmon/PycharmProjects/AWTY-Limitless/DataServerContainer/env/lib/python3.8/site-packages/airflow/example_dags/tutorial_taskflow_api_etl.py for tasks to queue
[2021-03-08 12:22:14,887] {logging_mixin.py:104} INFO - [2021-03-08 12:22:14,887] {dagbag.py:448} INFO - Filling up the DagBag from /Users/garymarmon/PycharmProjects/AWTY-Limitless/DataServerContainer/env/lib/python3.8/site-packages/airflow/example_dags/tutorial_taskflow_api_etl.py
[2021-03-08 12:22:14,902] {scheduler_job.py:639} INFO - DAG(s) dict_keys(['tutorial_taskflow_api_etl']) retrieved from /Users/garymarmon/PycharmProjects/AWTY-Limitless/DataServerContainer/env/lib/python3.8/site-packages/airflow/example_dags/tutorial_taskflow_api_etl.py
[2021-03-08 12:22:14,967] {logging_mixin.py:104} INFO - [2021-03-08 12:22:14,967] {dag.py:1818} INFO - Sync 1 DAGs
[2021-03-08 12:22:14,981] {logging_mixin.py:104} INFO - [2021-03-08 12:22:14,981] {dag.py:2273} INFO - Setting next_dagrun for tutorial_taskflow_api_etl to None
[2021-03-08 12:22:14,999] {scheduler_job.py:190} INFO - Processing /Users/garymarmon/PycharmProjects/AWTY-Limitless/DataServerContainer/env/lib/python3.8/site-packages/airflow/example_dags/tutorial_taskflow_api_etl.py took 0.115 seconds
[2021-03-08 12:23:23,448] {scheduler_job.py:182} INFO - Started process (PID=3159) to work on /Users/garymarmon/PycharmProjects/AWTY-Limitless/DataServerContainer/env/lib/python3.8/site-packages/airflow/example_dags/tutorial_taskflow_api_etl.py
[2021-03-08 12:23:23,449] {scheduler_job.py:629} INFO - Processing file /Users/garymarmon/PycharmProjects/AWTY-Limitless/DataServerContainer/env/lib/python3.8/site-packages/airflow/example_dags/tutorial_taskflow_api_etl.py for tasks to queue
[2021-03-08 12:23:23,449] {logging_mixin.py:104} INFO - [2021-03-08 12:23:23,449] {dagbag.py:448} INFO - Filling up the DagBag from /Users/garymarmon/PycharmProjects/AWTY-Limitless/DataServerContainer/env/lib/python3.8/site-packages/airflow/example_dags/tutorial_taskflow_api_etl.py
[2021-03-08 12:23:23,457] {scheduler_job.py:639} INFO - DAG(s) dict_keys(['tutorial_taskflow_api_etl']) retrieved from /Users/garymarmon/PycharmProjects/AWTY-Limitless/DataServerContainer/env/lib/python3.8/site-packages/airflow/example_dags/tutorial_taskflow_api_etl.py
[2021-03-08 12:23:23,496] {logging_mixin.py:104} INFO - [2021-03-08 12:23:23,496] {dag.py:1818} INFO - Sync 1 DAGs
[2021-03-08 12:23:23,504] {logging_mixin.py:104} INFO - [2021-03-08 12:23:23,504] {dag.py:2273} INFO - Setting next_dagrun for tutorial_taskflow_api_etl to None
[2021-03-08 12:23:23,513] {scheduler_job.py:190} INFO - Processing /Users/garymarmon/PycharmProjects/AWTY-Limitless/DataServerContainer/env/lib/python3.8/site-packages/airflow/example_dags/tutorial_taskflow_api_etl.py took 0.065 seconds
[2021-03-08 12:24:23,106] {scheduler_job.py:182} INFO - Started process (PID=3232) to work on /Users/garymarmon/PycharmProjects/AWTY-Limitless/DataServerContainer/env/lib/python3.8/site-packages/airflow/example_dags/tutorial_taskflow_api_etl.py
[2021-03-08 12:24:23,107] {scheduler_job.py:629} INFO - Processing file /Users/garymarmon/PycharmProjects/AWTY-Limitless/DataServerContainer/env/lib/python3.8/site-packages/airflow/example_dags/tutorial_taskflow_api_etl.py for tasks to queue
[2021-03-08 12:24:23,107] {logging_mixin.py:104} INFO - [2021-03-08 12:24:23,107] {dagbag.py:448} INFO - Filling up the DagBag from /Users/garymarmon/PycharmProjects/AWTY-Limitless/DataServerContainer/env/lib/python3.8/site-packages/airflow/example_dags/tutorial_taskflow_api_etl.py
[2021-03-08 12:24:23,116] {scheduler_job.py:639} INFO - DAG(s) dict_keys(['tutorial_taskflow_api_etl']) retrieved from /Users/garymarmon/PycharmProjects/AWTY-Limitless/DataServerContainer/env/lib/python3.8/site-packages/airflow/example_dags/tutorial_taskflow_api_etl.py
[2021-03-08 12:24:23,159] {logging_mixin.py:104} INFO - [2021-03-08 12:24:23,159] {dag.py:1818} INFO - Sync 1 DAGs
[2021-03-08 12:24:23,168] {logging_mixin.py:104} INFO - [2021-03-08 12:24:23,168] {dag.py:2273} INFO - Setting next_dagrun for tutorial_taskflow_api_etl to None
[2021-03-08 12:24:23,178] {scheduler_job.py:190} INFO - Processing /Users/garymarmon/PycharmProjects/AWTY-Limitless/DataServerContainer/env/lib/python3.8/site-packages/airflow/example_dags/tutorial_taskflow_api_etl.py took 0.073 seconds
[2021-03-08 12:25:39,541] {scheduler_job.py:182} INFO - Started process (PID=3372) to work on /Users/garymarmon/PycharmProjects/AWTY-Limitless/DataServerContainer/env/lib/python3.8/site-packages/airflow/example_dags/tutorial_taskflow_api_etl.py
[2021-03-08 12:25:39,542] {scheduler_job.py:629} INFO - Processing file /Users/garymarmon/PycharmProjects/AWTY-Limitless/DataServerContainer/env/lib/python3.8/site-packages/airflow/example_dags/tutorial_taskflow_api_etl.py for tasks to queue
[2021-03-08 12:25:39,542] {logging_mixin.py:104} INFO - [2021-03-08 12:25:39,542] {dagbag.py:448} INFO - Filling up the DagBag from /Users/garymarmon/PycharmProjects/AWTY-Limitless/DataServerContainer/env/lib/python3.8/site-packages/airflow/example_dags/tutorial_taskflow_api_etl.py
[2021-03-08 12:25:39,550] {scheduler_job.py:639} INFO - DAG(s) dict_keys(['tutorial_taskflow_api_etl']) retrieved from /Users/garymarmon/PycharmProjects/AWTY-Limitless/DataServerContainer/env/lib/python3.8/site-packages/airflow/example_dags/tutorial_taskflow_api_etl.py
[2021-03-08 12:25:39,589] {logging_mixin.py:104} INFO - [2021-03-08 12:25:39,589] {dag.py:1818} INFO - Sync 1 DAGs
[2021-03-08 12:25:39,597] {logging_mixin.py:104} INFO - [2021-03-08 12:25:39,597] {dag.py:2273} INFO - Setting next_dagrun for tutorial_taskflow_api_etl to None
[2021-03-08 12:25:39,605] {scheduler_job.py:190} INFO - Processing /Users/garymarmon/PycharmProjects/AWTY-Limitless/DataServerContainer/env/lib/python3.8/site-packages/airflow/example_dags/tutorial_taskflow_api_etl.py took 0.064 seconds
[2021-03-08 12:27:08,383] {scheduler_job.py:182} INFO - Started process (PID=3612) to work on /Users/garymarmon/PycharmProjects/AWTY-Limitless/DataServerContainer/env/lib/python3.8/site-packages/airflow/example_dags/tutorial_taskflow_api_etl.py
[2021-03-08 12:27:08,383] {scheduler_job.py:629} INFO - Processing file /Users/garymarmon/PycharmProjects/AWTY-Limitless/DataServerContainer/env/lib/python3.8/site-packages/airflow/example_dags/tutorial_taskflow_api_etl.py for tasks to queue
[2021-03-08 12:27:08,384] {logging_mixin.py:104} INFO - [2021-03-08 12:27:08,384] {dagbag.py:448} INFO - Filling up the DagBag from /Users/garymarmon/PycharmProjects/AWTY-Limitless/DataServerContainer/env/lib/python3.8/site-packages/airflow/example_dags/tutorial_taskflow_api_etl.py
[2021-03-08 12:27:08,392] {scheduler_job.py:639} INFO - DAG(s) dict_keys(['tutorial_taskflow_api_etl']) retrieved from /Users/garymarmon/PycharmProjects/AWTY-Limitless/DataServerContainer/env/lib/python3.8/site-packages/airflow/example_dags/tutorial_taskflow_api_etl.py
[2021-03-08 12:27:08,427] {logging_mixin.py:104} INFO - [2021-03-08 12:27:08,427] {dag.py:1818} INFO - Sync 1 DAGs
[2021-03-08 12:27:08,435] {logging_mixin.py:104} INFO - [2021-03-08 12:27:08,435] {dag.py:2273} INFO - Setting next_dagrun for tutorial_taskflow_api_etl to None
[2021-03-08 12:27:08,443] {scheduler_job.py:190} INFO - Processing /Users/garymarmon/PycharmProjects/AWTY-Limitless/DataServerContainer/env/lib/python3.8/site-packages/airflow/example_dags/tutorial_taskflow_api_etl.py took 0.062 seconds
[2021-03-08 12:28:11,323] {scheduler_job.py:182} INFO - Started process (PID=3698) to work on /Users/garymarmon/PycharmProjects/AWTY-Limitless/DataServerContainer/env/lib/python3.8/site-packages/airflow/example_dags/tutorial_taskflow_api_etl.py
[2021-03-08 12:28:11,323] {scheduler_job.py:629} INFO - Processing file /Users/garymarmon/PycharmProjects/AWTY-Limitless/DataServerContainer/env/lib/python3.8/site-packages/airflow/example_dags/tutorial_taskflow_api_etl.py for tasks to queue
[2021-03-08 12:28:11,324] {logging_mixin.py:104} INFO - [2021-03-08 12:28:11,324] {dagbag.py:448} INFO - Filling up the DagBag from /Users/garymarmon/PycharmProjects/AWTY-Limitless/DataServerContainer/env/lib/python3.8/site-packages/airflow/example_dags/tutorial_taskflow_api_etl.py
[2021-03-08 12:28:11,333] {scheduler_job.py:639} INFO - DAG(s) dict_keys(['tutorial_taskflow_api_etl']) retrieved from /Users/garymarmon/PycharmProjects/AWTY-Limitless/DataServerContainer/env/lib/python3.8/site-packages/airflow/example_dags/tutorial_taskflow_api_etl.py
[2021-03-08 12:28:11,368] {logging_mixin.py:104} INFO - [2021-03-08 12:28:11,368] {dag.py:1818} INFO - Sync 1 DAGs
[2021-03-08 12:28:11,375] {logging_mixin.py:104} INFO - [2021-03-08 12:28:11,375] {dag.py:2273} INFO - Setting next_dagrun for tutorial_taskflow_api_etl to None
[2021-03-08 12:28:11,383] {scheduler_job.py:190} INFO - Processing /Users/garymarmon/PycharmProjects/AWTY-Limitless/DataServerContainer/env/lib/python3.8/site-packages/airflow/example_dags/tutorial_taskflow_api_etl.py took 0.061 seconds
[2021-03-08 12:29:07,404] {scheduler_job.py:182} INFO - Started process (PID=3765) to work on /Users/garymarmon/PycharmProjects/AWTY-Limitless/DataServerContainer/env/lib/python3.8/site-packages/airflow/example_dags/tutorial_taskflow_api_etl.py
[2021-03-08 12:29:07,404] {scheduler_job.py:629} INFO - Processing file /Users/garymarmon/PycharmProjects/AWTY-Limitless/DataServerContainer/env/lib/python3.8/site-packages/airflow/example_dags/tutorial_taskflow_api_etl.py for tasks to queue
[2021-03-08 12:29:07,405] {logging_mixin.py:104} INFO - [2021-03-08 12:29:07,405] {dagbag.py:448} INFO - Filling up the DagBag from /Users/garymarmon/PycharmProjects/AWTY-Limitless/DataServerContainer/env/lib/python3.8/site-packages/airflow/example_dags/tutorial_taskflow_api_etl.py
[2021-03-08 12:29:07,415] {scheduler_job.py:639} INFO - DAG(s) dict_keys(['tutorial_taskflow_api_etl']) retrieved from /Users/garymarmon/PycharmProjects/AWTY-Limitless/DataServerContainer/env/lib/python3.8/site-packages/airflow/example_dags/tutorial_taskflow_api_etl.py
[2021-03-08 12:29:07,454] {logging_mixin.py:104} INFO - [2021-03-08 12:29:07,454] {dag.py:1818} INFO - Sync 1 DAGs
[2021-03-08 12:29:07,462] {logging_mixin.py:104} INFO - [2021-03-08 12:29:07,462] {dag.py:2273} INFO - Setting next_dagrun for tutorial_taskflow_api_etl to None
[2021-03-08 12:29:07,470] {scheduler_job.py:190} INFO - Processing /Users/garymarmon/PycharmProjects/AWTY-Limitless/DataServerContainer/env/lib/python3.8/site-packages/airflow/example_dags/tutorial_taskflow_api_etl.py took 0.067 seconds
[2021-03-08 12:30:05,855] {scheduler_job.py:182} INFO - Started process (PID=3834) to work on /Users/garymarmon/PycharmProjects/AWTY-Limitless/DataServerContainer/env/lib/python3.8/site-packages/airflow/example_dags/tutorial_taskflow_api_etl.py
[2021-03-08 12:30:05,855] {scheduler_job.py:629} INFO - Processing file /Users/garymarmon/PycharmProjects/AWTY-Limitless/DataServerContainer/env/lib/python3.8/site-packages/airflow/example_dags/tutorial_taskflow_api_etl.py for tasks to queue
[2021-03-08 12:30:05,856] {logging_mixin.py:104} INFO - [2021-03-08 12:30:05,855] {dagbag.py:448} INFO - Filling up the DagBag from /Users/garymarmon/PycharmProjects/AWTY-Limitless/DataServerContainer/env/lib/python3.8/site-packages/airflow/example_dags/tutorial_taskflow_api_etl.py
[2021-03-08 12:30:05,864] {scheduler_job.py:639} INFO - DAG(s) dict_keys(['tutorial_taskflow_api_etl']) retrieved from /Users/garymarmon/PycharmProjects/AWTY-Limitless/DataServerContainer/env/lib/python3.8/site-packages/airflow/example_dags/tutorial_taskflow_api_etl.py
[2021-03-08 12:30:05,898] {logging_mixin.py:104} INFO - [2021-03-08 12:30:05,898] {dag.py:1818} INFO - Sync 1 DAGs
[2021-03-08 12:30:05,907] {logging_mixin.py:104} INFO - [2021-03-08 12:30:05,906] {dag.py:2273} INFO - Setting next_dagrun for tutorial_taskflow_api_etl to None
[2021-03-08 12:30:05,914] {scheduler_job.py:190} INFO - Processing /Users/garymarmon/PycharmProjects/AWTY-Limitless/DataServerContainer/env/lib/python3.8/site-packages/airflow/example_dags/tutorial_taskflow_api_etl.py took 0.061 seconds
[2021-03-08 12:31:23,844] {scheduler_job.py:182} INFO - Started process (PID=3919) to work on /Users/garymarmon/PycharmProjects/AWTY-Limitless/DataServerContainer/env/lib/python3.8/site-packages/airflow/example_dags/tutorial_taskflow_api_etl.py
[2021-03-08 12:31:23,845] {scheduler_job.py:629} INFO - Processing file /Users/garymarmon/PycharmProjects/AWTY-Limitless/DataServerContainer/env/lib/python3.8/site-packages/airflow/example_dags/tutorial_taskflow_api_etl.py for tasks to queue
[2021-03-08 12:31:23,845] {logging_mixin.py:104} INFO - [2021-03-08 12:31:23,845] {dagbag.py:448} INFO - Filling up the DagBag from /Users/garymarmon/PycharmProjects/AWTY-Limitless/DataServerContainer/env/lib/python3.8/site-packages/airflow/example_dags/tutorial_taskflow_api_etl.py
[2021-03-08 12:31:23,854] {scheduler_job.py:639} INFO - DAG(s) dict_keys(['tutorial_taskflow_api_etl']) retrieved from /Users/garymarmon/PycharmProjects/AWTY-Limitless/DataServerContainer/env/lib/python3.8/site-packages/airflow/example_dags/tutorial_taskflow_api_etl.py
[2021-03-08 12:31:23,893] {logging_mixin.py:104} INFO - [2021-03-08 12:31:23,893] {dag.py:1818} INFO - Sync 1 DAGs
[2021-03-08 12:31:23,901] {logging_mixin.py:104} INFO - [2021-03-08 12:31:23,901] {dag.py:2273} INFO - Setting next_dagrun for tutorial_taskflow_api_etl to None
[2021-03-08 12:31:23,910] {scheduler_job.py:190} INFO - Processing /Users/garymarmon/PycharmProjects/AWTY-Limitless/DataServerContainer/env/lib/python3.8/site-packages/airflow/example_dags/tutorial_taskflow_api_etl.py took 0.067 seconds
[2021-03-08 12:32:36,522] {scheduler_job.py:182} INFO - Started process (PID=4001) to work on /Users/garymarmon/PycharmProjects/AWTY-Limitless/DataServerContainer/env/lib/python3.8/site-packages/airflow/example_dags/tutorial_taskflow_api_etl.py
[2021-03-08 12:32:36,523] {scheduler_job.py:629} INFO - Processing file /Users/garymarmon/PycharmProjects/AWTY-Limitless/DataServerContainer/env/lib/python3.8/site-packages/airflow/example_dags/tutorial_taskflow_api_etl.py for tasks to queue
[2021-03-08 12:32:36,523] {logging_mixin.py:104} INFO - [2021-03-08 12:32:36,523] {dagbag.py:448} INFO - Filling up the DagBag from /Users/garymarmon/PycharmProjects/AWTY-Limitless/DataServerContainer/env/lib/python3.8/site-packages/airflow/example_dags/tutorial_taskflow_api_etl.py
[2021-03-08 12:32:36,532] {scheduler_job.py:639} INFO - DAG(s) dict_keys(['tutorial_taskflow_api_etl']) retrieved from /Users/garymarmon/PycharmProjects/AWTY-Limitless/DataServerContainer/env/lib/python3.8/site-packages/airflow/example_dags/tutorial_taskflow_api_etl.py
[2021-03-08 12:32:36,570] {logging_mixin.py:104} INFO - [2021-03-08 12:32:36,570] {dag.py:1818} INFO - Sync 1 DAGs
[2021-03-08 12:32:36,578] {logging_mixin.py:104} INFO - [2021-03-08 12:32:36,577] {dag.py:2273} INFO - Setting next_dagrun for tutorial_taskflow_api_etl to None
[2021-03-08 12:32:36,586] {scheduler_job.py:190} INFO - Processing /Users/garymarmon/PycharmProjects/AWTY-Limitless/DataServerContainer/env/lib/python3.8/site-packages/airflow/example_dags/tutorial_taskflow_api_etl.py took 0.064 seconds
[2021-03-08 12:33:41,308] {scheduler_job.py:182} INFO - Started process (PID=4077) to work on /Users/garymarmon/PycharmProjects/AWTY-Limitless/DataServerContainer/env/lib/python3.8/site-packages/airflow/example_dags/tutorial_taskflow_api_etl.py
[2021-03-08 12:33:41,309] {scheduler_job.py:629} INFO - Processing file /Users/garymarmon/PycharmProjects/AWTY-Limitless/DataServerContainer/env/lib/python3.8/site-packages/airflow/example_dags/tutorial_taskflow_api_etl.py for tasks to queue
[2021-03-08 12:33:41,309] {logging_mixin.py:104} INFO - [2021-03-08 12:33:41,309] {dagbag.py:448} INFO - Filling up the DagBag from /Users/garymarmon/PycharmProjects/AWTY-Limitless/DataServerContainer/env/lib/python3.8/site-packages/airflow/example_dags/tutorial_taskflow_api_etl.py
[2021-03-08 12:33:41,316] {scheduler_job.py:639} INFO - DAG(s) dict_keys(['tutorial_taskflow_api_etl']) retrieved from /Users/garymarmon/PycharmProjects/AWTY-Limitless/DataServerContainer/env/lib/python3.8/site-packages/airflow/example_dags/tutorial_taskflow_api_etl.py
[2021-03-08 12:33:41,351] {logging_mixin.py:104} INFO - [2021-03-08 12:33:41,350] {dag.py:1818} INFO - Sync 1 DAGs
[2021-03-08 12:33:41,358] {logging_mixin.py:104} INFO - [2021-03-08 12:33:41,358] {dag.py:2273} INFO - Setting next_dagrun for tutorial_taskflow_api_etl to None
[2021-03-08 12:33:41,368] {scheduler_job.py:190} INFO - Processing /Users/garymarmon/PycharmProjects/AWTY-Limitless/DataServerContainer/env/lib/python3.8/site-packages/airflow/example_dags/tutorial_taskflow_api_etl.py took 0.061 seconds
[2021-03-08 12:34:49,364] {scheduler_job.py:182} INFO - Started process (PID=4158) to work on /Users/garymarmon/PycharmProjects/AWTY-Limitless/DataServerContainer/env/lib/python3.8/site-packages/airflow/example_dags/tutorial_taskflow_api_etl.py
[2021-03-08 12:34:49,365] {scheduler_job.py:629} INFO - Processing file /Users/garymarmon/PycharmProjects/AWTY-Limitless/DataServerContainer/env/lib/python3.8/site-packages/airflow/example_dags/tutorial_taskflow_api_etl.py for tasks to queue
[2021-03-08 12:34:49,366] {logging_mixin.py:104} INFO - [2021-03-08 12:34:49,366] {dagbag.py:448} INFO - Filling up the DagBag from /Users/garymarmon/PycharmProjects/AWTY-Limitless/DataServerContainer/env/lib/python3.8/site-packages/airflow/example_dags/tutorial_taskflow_api_etl.py
[2021-03-08 12:34:49,374] {scheduler_job.py:639} INFO - DAG(s) dict_keys(['tutorial_taskflow_api_etl']) retrieved from /Users/garymarmon/PycharmProjects/AWTY-Limitless/DataServerContainer/env/lib/python3.8/site-packages/airflow/example_dags/tutorial_taskflow_api_etl.py
[2021-03-08 12:34:49,413] {logging_mixin.py:104} INFO - [2021-03-08 12:34:49,413] {dag.py:1818} INFO - Sync 1 DAGs
[2021-03-08 12:34:49,421] {logging_mixin.py:104} INFO - [2021-03-08 12:34:49,421] {dag.py:2273} INFO - Setting next_dagrun for tutorial_taskflow_api_etl to None
[2021-03-08 12:34:49,430] {scheduler_job.py:190} INFO - Processing /Users/garymarmon/PycharmProjects/AWTY-Limitless/DataServerContainer/env/lib/python3.8/site-packages/airflow/example_dags/tutorial_taskflow_api_etl.py took 0.067 seconds
[2021-03-08 12:35:57,823] {scheduler_job.py:182} INFO - Started process (PID=4235) to work on /Users/garymarmon/PycharmProjects/AWTY-Limitless/DataServerContainer/env/lib/python3.8/site-packages/airflow/example_dags/tutorial_taskflow_api_etl.py
[2021-03-08 12:35:57,823] {scheduler_job.py:629} INFO - Processing file /Users/garymarmon/PycharmProjects/AWTY-Limitless/DataServerContainer/env/lib/python3.8/site-packages/airflow/example_dags/tutorial_taskflow_api_etl.py for tasks to queue
[2021-03-08 12:35:57,824] {logging_mixin.py:104} INFO - [2021-03-08 12:35:57,824] {dagbag.py:448} INFO - Filling up the DagBag from /Users/garymarmon/PycharmProjects/AWTY-Limitless/DataServerContainer/env/lib/python3.8/site-packages/airflow/example_dags/tutorial_taskflow_api_etl.py
[2021-03-08 12:35:57,832] {scheduler_job.py:639} INFO - DAG(s) dict_keys(['tutorial_taskflow_api_etl']) retrieved from /Users/garymarmon/PycharmProjects/AWTY-Limitless/DataServerContainer/env/lib/python3.8/site-packages/airflow/example_dags/tutorial_taskflow_api_etl.py
[2021-03-08 12:35:57,867] {logging_mixin.py:104} INFO - [2021-03-08 12:35:57,867] {dag.py:1818} INFO - Sync 1 DAGs
[2021-03-08 12:35:57,875] {logging_mixin.py:104} INFO - [2021-03-08 12:35:57,874] {dag.py:2273} INFO - Setting next_dagrun for tutorial_taskflow_api_etl to None
[2021-03-08 12:35:57,883] {scheduler_job.py:190} INFO - Processing /Users/garymarmon/PycharmProjects/AWTY-Limitless/DataServerContainer/env/lib/python3.8/site-packages/airflow/example_dags/tutorial_taskflow_api_etl.py took 0.061 seconds
[2021-03-08 12:37:08,945] {scheduler_job.py:182} INFO - Started process (PID=4334) to work on /Users/garymarmon/PycharmProjects/AWTY-Limitless/DataServerContainer/env/lib/python3.8/site-packages/airflow/example_dags/tutorial_taskflow_api_etl.py
[2021-03-08 12:37:08,946] {scheduler_job.py:629} INFO - Processing file /Users/garymarmon/PycharmProjects/AWTY-Limitless/DataServerContainer/env/lib/python3.8/site-packages/airflow/example_dags/tutorial_taskflow_api_etl.py for tasks to queue
[2021-03-08 12:37:08,947] {logging_mixin.py:104} INFO - [2021-03-08 12:37:08,947] {dagbag.py:448} INFO - Filling up the DagBag from /Users/garymarmon/PycharmProjects/AWTY-Limitless/DataServerContainer/env/lib/python3.8/site-packages/airflow/example_dags/tutorial_taskflow_api_etl.py
[2021-03-08 12:37:08,960] {scheduler_job.py:639} INFO - DAG(s) dict_keys(['tutorial_taskflow_api_etl']) retrieved from /Users/garymarmon/PycharmProjects/AWTY-Limitless/DataServerContainer/env/lib/python3.8/site-packages/airflow/example_dags/tutorial_taskflow_api_etl.py
[2021-03-08 12:37:09,006] {logging_mixin.py:104} INFO - [2021-03-08 12:37:09,006] {dag.py:1818} INFO - Sync 1 DAGs
[2021-03-08 12:37:09,016] {logging_mixin.py:104} INFO - [2021-03-08 12:37:09,016] {dag.py:2273} INFO - Setting next_dagrun for tutorial_taskflow_api_etl to None
[2021-03-08 12:37:09,025] {scheduler_job.py:190} INFO - Processing /Users/garymarmon/PycharmProjects/AWTY-Limitless/DataServerContainer/env/lib/python3.8/site-packages/airflow/example_dags/tutorial_taskflow_api_etl.py took 0.081 seconds
