[2021-03-09 09:42:54,238] {taskinstance.py:851} INFO - Dependencies all met for <TaskInstance: extract_standings.get_standings 2021-01-20T00:00:00+00:00 [queued]>
[2021-03-09 09:42:54,243] {taskinstance.py:851} INFO - Dependencies all met for <TaskInstance: extract_standings.get_standings 2021-01-20T00:00:00+00:00 [queued]>
[2021-03-09 09:42:54,243] {taskinstance.py:1042} INFO - 
--------------------------------------------------------------------------------
[2021-03-09 09:42:54,243] {taskinstance.py:1043} INFO - Starting attempt 1 of 3
[2021-03-09 09:42:54,243] {taskinstance.py:1044} INFO - 
--------------------------------------------------------------------------------
[2021-03-09 09:42:54,249] {taskinstance.py:1063} INFO - Executing <Task(PythonOperator): get_standings> on 2021-01-20T00:00:00+00:00
[2021-03-09 09:42:54,252] {standard_task_runner.py:52} INFO - Started process 24981 to run task
[2021-03-09 09:42:54,259] {standard_task_runner.py:76} INFO - Running: ['airflow', 'tasks', 'run', 'extract_standings', 'get_standings', '2021-01-20T00:00:00+00:00', '--job-id', '41', '--pool', 'default_pool', '--raw', '--subdir', 'DAGS_FOLDER/standings_dag.py', '--cfg-path', '/var/folders/n1/tvvct6mn75xbwwwl4s02tfdc0000gn/T/tmpl5nbjhbw', '--error-file', '/var/folders/n1/tvvct6mn75xbwwwl4s02tfdc0000gn/T/tmpqx6y8n7a']
[2021-03-09 09:42:54,261] {standard_task_runner.py:77} INFO - Job 41: Subtask get_standings
[2021-03-09 09:42:54,292] {logging_mixin.py:104} INFO - Running <TaskInstance: extract_standings.get_standings 2021-01-20T00:00:00+00:00 [running]> on host 25.1.168.192.in-addr.arpa
[2021-03-09 09:42:54,317] {taskinstance.py:1255} INFO - Exporting the following env vars:
AIRFLOW_CTX_DAG_OWNER=AWTY
AIRFLOW_CTX_DAG_ID=extract_standings
AIRFLOW_CTX_TASK_ID=get_standings
AIRFLOW_CTX_EXECUTION_DATE=2021-01-20T00:00:00+00:00
AIRFLOW_CTX_DAG_RUN_ID=scheduled__2021-01-20T00:00:00+00:00
[2021-03-09 09:42:54,622] {logging_mixin.py:104} INFO - Extracted standings from NBA-API
[2021-03-09 09:42:54,624] {python.py:118} INFO - Done. Returned value was: Populated json_file...
[2021-03-09 09:42:54,634] {taskinstance.py:1159} INFO - Marking task as SUCCESS. dag_id=extract_standings, task_id=get_standings, execution_date=20210120T000000, start_date=20210309T154254, end_date=20210309T154254
[2021-03-09 09:42:54,647] {taskinstance.py:1220} INFO - 1 downstream tasks scheduled from follow-on schedule check
[2021-03-09 09:42:54,665] {local_task_job.py:146} INFO - Task exited with return code 0
