[2021-02-23 20:33:15,993] {scheduler_job.py:182} INFO - Started process (PID=40) to work on /home/airflow/.local/lib/python3.8/site-packages/airflow/example_dags/example_branch_day_of_week_operator.py
[2021-02-23 20:33:15,995] {scheduler_job.py:633} INFO - Processing file /home/airflow/.local/lib/python3.8/site-packages/airflow/example_dags/example_branch_day_of_week_operator.py for tasks to queue
[2021-02-23 20:33:15,996] {logging_mixin.py:104} INFO - [2021-02-23 20:33:15,996] {dagbag.py:448} INFO - Filling up the DagBag from /home/airflow/.local/lib/python3.8/site-packages/airflow/example_dags/example_branch_day_of_week_operator.py
[2021-02-23 20:33:16,143] {scheduler_job.py:643} INFO - DAG(s) dict_keys(['example_weekday_branch_operator']) retrieved from /home/airflow/.local/lib/python3.8/site-packages/airflow/example_dags/example_branch_day_of_week_operator.py
[2021-02-23 20:33:16,172] {logging_mixin.py:104} INFO - [2021-02-23 20:33:16,172] {dag.py:1818} INFO - Sync 1 DAGs
[2021-02-23 20:33:16,194] {logging_mixin.py:104} INFO - [2021-02-23 20:33:16,194] {dag.py:2273} INFO - Setting next_dagrun for example_weekday_branch_operator to 2021-02-21 00:00:00+00:00
[2021-02-23 20:33:16,247] {scheduler_job.py:190} INFO - Processing /home/airflow/.local/lib/python3.8/site-packages/airflow/example_dags/example_branch_day_of_week_operator.py took 0.257 seconds
[2021-02-23 20:34:13,423] {scheduler_job.py:182} INFO - Started process (PID=68) to work on /home/airflow/.local/lib/python3.8/site-packages/airflow/example_dags/example_branch_day_of_week_operator.py
[2021-02-23 20:34:13,521] {scheduler_job.py:633} INFO - Processing file /home/airflow/.local/lib/python3.8/site-packages/airflow/example_dags/example_branch_day_of_week_operator.py for tasks to queue
[2021-02-23 20:34:13,522] {logging_mixin.py:104} INFO - [2021-02-23 20:34:13,522] {dagbag.py:448} INFO - Filling up the DagBag from /home/airflow/.local/lib/python3.8/site-packages/airflow/example_dags/example_branch_day_of_week_operator.py
[2021-02-23 20:34:13,732] {scheduler_job.py:643} INFO - DAG(s) dict_keys(['example_weekday_branch_operator']) retrieved from /home/airflow/.local/lib/python3.8/site-packages/airflow/example_dags/example_branch_day_of_week_operator.py
[2021-02-23 20:34:13,870] {logging_mixin.py:104} INFO - [2021-02-23 20:34:13,869] {dag.py:1818} INFO - Sync 1 DAGs
[2021-02-23 20:34:13,960] {logging_mixin.py:104} INFO - [2021-02-23 20:34:13,960] {dag.py:2273} INFO - Setting next_dagrun for example_weekday_branch_operator to 2021-02-21 00:00:00+00:00
[2021-02-23 20:34:14,020] {scheduler_job.py:190} INFO - Processing /home/airflow/.local/lib/python3.8/site-packages/airflow/example_dags/example_branch_day_of_week_operator.py took 0.600 seconds
[2021-02-23 20:34:44,258] {scheduler_job.py:182} INFO - Started process (PID=95) to work on /home/airflow/.local/lib/python3.8/site-packages/airflow/example_dags/example_branch_day_of_week_operator.py
[2021-02-23 20:34:44,266] {scheduler_job.py:633} INFO - Processing file /home/airflow/.local/lib/python3.8/site-packages/airflow/example_dags/example_branch_day_of_week_operator.py for tasks to queue
[2021-02-23 20:34:44,267] {logging_mixin.py:104} INFO - [2021-02-23 20:34:44,267] {dagbag.py:448} INFO - Filling up the DagBag from /home/airflow/.local/lib/python3.8/site-packages/airflow/example_dags/example_branch_day_of_week_operator.py
[2021-02-23 20:34:44,285] {scheduler_job.py:643} INFO - DAG(s) dict_keys(['example_weekday_branch_operator']) retrieved from /home/airflow/.local/lib/python3.8/site-packages/airflow/example_dags/example_branch_day_of_week_operator.py
[2021-02-23 20:34:44,313] {logging_mixin.py:104} INFO - [2021-02-23 20:34:44,313] {dag.py:1818} INFO - Sync 1 DAGs
[2021-02-23 20:34:44,338] {logging_mixin.py:104} INFO - [2021-02-23 20:34:44,338] {dag.py:2273} INFO - Setting next_dagrun for example_weekday_branch_operator to 2021-02-21 00:00:00+00:00
[2021-02-23 20:34:44,353] {scheduler_job.py:190} INFO - Processing /home/airflow/.local/lib/python3.8/site-packages/airflow/example_dags/example_branch_day_of_week_operator.py took 0.099 seconds
[2021-02-23 20:35:19,122] {scheduler_job.py:182} INFO - Started process (PID=124) to work on /home/airflow/.local/lib/python3.8/site-packages/airflow/example_dags/example_branch_day_of_week_operator.py
[2021-02-23 20:35:19,124] {scheduler_job.py:633} INFO - Processing file /home/airflow/.local/lib/python3.8/site-packages/airflow/example_dags/example_branch_day_of_week_operator.py for tasks to queue
[2021-02-23 20:35:19,127] {logging_mixin.py:104} INFO - [2021-02-23 20:35:19,127] {dagbag.py:448} INFO - Filling up the DagBag from /home/airflow/.local/lib/python3.8/site-packages/airflow/example_dags/example_branch_day_of_week_operator.py
[2021-02-23 20:35:19,150] {scheduler_job.py:643} INFO - DAG(s) dict_keys(['example_weekday_branch_operator']) retrieved from /home/airflow/.local/lib/python3.8/site-packages/airflow/example_dags/example_branch_day_of_week_operator.py
[2021-02-23 20:35:19,196] {logging_mixin.py:104} INFO - [2021-02-23 20:35:19,196] {dag.py:1818} INFO - Sync 1 DAGs
[2021-02-23 20:35:19,236] {logging_mixin.py:104} INFO - [2021-02-23 20:35:19,236] {dag.py:2273} INFO - Setting next_dagrun for example_weekday_branch_operator to 2021-02-21 00:00:00+00:00
[2021-02-23 20:35:19,247] {scheduler_job.py:190} INFO - Processing /home/airflow/.local/lib/python3.8/site-packages/airflow/example_dags/example_branch_day_of_week_operator.py took 0.128 seconds
