[2021-02-23 20:33:13,453] {scheduler_job.py:182} INFO - Started process (PID=26) to work on /home/airflow/.local/lib/python3.8/site-packages/airflow/example_dags/example_xcomargs.py
[2021-02-23 20:33:13,455] {scheduler_job.py:633} INFO - Processing file /home/airflow/.local/lib/python3.8/site-packages/airflow/example_dags/example_xcomargs.py for tasks to queue
[2021-02-23 20:33:13,456] {logging_mixin.py:104} INFO - [2021-02-23 20:33:13,456] {dagbag.py:448} INFO - Filling up the DagBag from /home/airflow/.local/lib/python3.8/site-packages/airflow/example_dags/example_xcomargs.py
[2021-02-23 20:33:13,492] {scheduler_job.py:643} INFO - DAG(s) dict_keys(['example_xcom_args', 'example_xcom_args_with_operators']) retrieved from /home/airflow/.local/lib/python3.8/site-packages/airflow/example_dags/example_xcomargs.py
[2021-02-23 20:33:13,533] {logging_mixin.py:104} INFO - [2021-02-23 20:33:13,533] {dag.py:1818} INFO - Sync 2 DAGs
[2021-02-23 20:33:13,554] {logging_mixin.py:104} INFO - [2021-02-23 20:33:13,554] {dag.py:2273} INFO - Setting next_dagrun for example_xcom_args to None
[2021-02-23 20:33:13,556] {logging_mixin.py:104} INFO - [2021-02-23 20:33:13,556] {dag.py:2273} INFO - Setting next_dagrun for example_xcom_args_with_operators to None
[2021-02-23 20:33:13,708] {scheduler_job.py:190} INFO - Processing /home/airflow/.local/lib/python3.8/site-packages/airflow/example_dags/example_xcomargs.py took 0.259 seconds
[2021-02-23 20:33:53,494] {scheduler_job.py:182} INFO - Started process (PID=51) to work on /home/airflow/.local/lib/python3.8/site-packages/airflow/example_dags/example_xcomargs.py
[2021-02-23 20:33:53,521] {scheduler_job.py:633} INFO - Processing file /home/airflow/.local/lib/python3.8/site-packages/airflow/example_dags/example_xcomargs.py for tasks to queue
[2021-02-23 20:33:53,523] {logging_mixin.py:104} INFO - [2021-02-23 20:33:53,523] {dagbag.py:448} INFO - Filling up the DagBag from /home/airflow/.local/lib/python3.8/site-packages/airflow/example_dags/example_xcomargs.py
[2021-02-23 20:33:53,953] {scheduler_job.py:643} INFO - DAG(s) dict_keys(['example_xcom_args', 'example_xcom_args_with_operators']) retrieved from /home/airflow/.local/lib/python3.8/site-packages/airflow/example_dags/example_xcomargs.py
[2021-02-23 20:33:54,693] {logging_mixin.py:104} INFO - [2021-02-23 20:33:54,693] {dag.py:1818} INFO - Sync 2 DAGs
[2021-02-23 20:33:57,074] {logging_mixin.py:104} INFO - [2021-02-23 20:33:57,074] {dag.py:2273} INFO - Setting next_dagrun for example_xcom_args to None
[2021-02-23 20:33:57,077] {logging_mixin.py:104} INFO - [2021-02-23 20:33:57,077] {dag.py:2273} INFO - Setting next_dagrun for example_xcom_args_with_operators to None
[2021-02-23 20:33:57,311] {scheduler_job.py:190} INFO - Processing /home/airflow/.local/lib/python3.8/site-packages/airflow/example_dags/example_xcomargs.py took 3.840 seconds
[2021-02-23 20:34:28,003] {scheduler_job.py:182} INFO - Started process (PID=79) to work on /home/airflow/.local/lib/python3.8/site-packages/airflow/example_dags/example_xcomargs.py
[2021-02-23 20:34:28,005] {scheduler_job.py:633} INFO - Processing file /home/airflow/.local/lib/python3.8/site-packages/airflow/example_dags/example_xcomargs.py for tasks to queue
[2021-02-23 20:34:28,007] {logging_mixin.py:104} INFO - [2021-02-23 20:34:28,007] {dagbag.py:448} INFO - Filling up the DagBag from /home/airflow/.local/lib/python3.8/site-packages/airflow/example_dags/example_xcomargs.py
[2021-02-23 20:34:28,033] {scheduler_job.py:643} INFO - DAG(s) dict_keys(['example_xcom_args', 'example_xcom_args_with_operators']) retrieved from /home/airflow/.local/lib/python3.8/site-packages/airflow/example_dags/example_xcomargs.py
[2021-02-23 20:34:28,082] {logging_mixin.py:104} INFO - [2021-02-23 20:34:28,082] {dag.py:1818} INFO - Sync 2 DAGs
[2021-02-23 20:34:28,107] {logging_mixin.py:104} INFO - [2021-02-23 20:34:28,107] {dag.py:2273} INFO - Setting next_dagrun for example_xcom_args to None
[2021-02-23 20:34:28,109] {logging_mixin.py:104} INFO - [2021-02-23 20:34:28,109] {dag.py:2273} INFO - Setting next_dagrun for example_xcom_args_with_operators to None
[2021-02-23 20:34:28,126] {scheduler_job.py:190} INFO - Processing /home/airflow/.local/lib/python3.8/site-packages/airflow/example_dags/example_xcomargs.py took 0.127 seconds
[2021-02-23 20:34:58,321] {scheduler_job.py:182} INFO - Started process (PID=108) to work on /home/airflow/.local/lib/python3.8/site-packages/airflow/example_dags/example_xcomargs.py
[2021-02-23 20:34:58,325] {scheduler_job.py:633} INFO - Processing file /home/airflow/.local/lib/python3.8/site-packages/airflow/example_dags/example_xcomargs.py for tasks to queue
[2021-02-23 20:34:58,329] {logging_mixin.py:104} INFO - [2021-02-23 20:34:58,329] {dagbag.py:448} INFO - Filling up the DagBag from /home/airflow/.local/lib/python3.8/site-packages/airflow/example_dags/example_xcomargs.py
[2021-02-23 20:34:58,377] {scheduler_job.py:643} INFO - DAG(s) dict_keys(['example_xcom_args', 'example_xcom_args_with_operators']) retrieved from /home/airflow/.local/lib/python3.8/site-packages/airflow/example_dags/example_xcomargs.py
[2021-02-23 20:34:58,448] {logging_mixin.py:104} INFO - [2021-02-23 20:34:58,448] {dag.py:1818} INFO - Sync 2 DAGs
[2021-02-23 20:34:58,476] {logging_mixin.py:104} INFO - [2021-02-23 20:34:58,476] {dag.py:2273} INFO - Setting next_dagrun for example_xcom_args to None
[2021-02-23 20:34:58,486] {logging_mixin.py:104} INFO - [2021-02-23 20:34:58,486] {dag.py:2273} INFO - Setting next_dagrun for example_xcom_args_with_operators to None
[2021-02-23 20:34:58,517] {scheduler_job.py:190} INFO - Processing /home/airflow/.local/lib/python3.8/site-packages/airflow/example_dags/example_xcomargs.py took 0.199 seconds
[2021-02-23 20:35:29,009] {scheduler_job.py:182} INFO - Started process (PID=136) to work on /home/airflow/.local/lib/python3.8/site-packages/airflow/example_dags/example_xcomargs.py
[2021-02-23 20:35:29,012] {scheduler_job.py:633} INFO - Processing file /home/airflow/.local/lib/python3.8/site-packages/airflow/example_dags/example_xcomargs.py for tasks to queue
[2021-02-23 20:35:29,014] {logging_mixin.py:104} INFO - [2021-02-23 20:35:29,014] {dagbag.py:448} INFO - Filling up the DagBag from /home/airflow/.local/lib/python3.8/site-packages/airflow/example_dags/example_xcomargs.py
[2021-02-23 20:35:29,037] {scheduler_job.py:643} INFO - DAG(s) dict_keys(['example_xcom_args', 'example_xcom_args_with_operators']) retrieved from /home/airflow/.local/lib/python3.8/site-packages/airflow/example_dags/example_xcomargs.py
[2021-02-23 20:35:29,067] {logging_mixin.py:104} INFO - [2021-02-23 20:35:29,067] {dag.py:1818} INFO - Sync 2 DAGs
[2021-02-23 20:35:29,097] {logging_mixin.py:104} INFO - [2021-02-23 20:35:29,096] {dag.py:2273} INFO - Setting next_dagrun for example_xcom_args to None
[2021-02-23 20:35:29,101] {logging_mixin.py:104} INFO - [2021-02-23 20:35:29,101] {dag.py:2273} INFO - Setting next_dagrun for example_xcom_args_with_operators to None
[2021-02-23 20:35:29,123] {scheduler_job.py:190} INFO - Processing /home/airflow/.local/lib/python3.8/site-packages/airflow/example_dags/example_xcomargs.py took 0.118 seconds
