[2021-02-23 20:33:15,577] {scheduler_job.py:182} INFO - Started process (PID=36) to work on /home/airflow/.local/lib/python3.8/site-packages/airflow/example_dags/example_kubernetes_executor.py
[2021-02-23 20:33:15,579] {scheduler_job.py:633} INFO - Processing file /home/airflow/.local/lib/python3.8/site-packages/airflow/example_dags/example_kubernetes_executor.py for tasks to queue
[2021-02-23 20:33:15,580] {logging_mixin.py:104} INFO - [2021-02-23 20:33:15,580] {dagbag.py:448} INFO - Filling up the DagBag from /home/airflow/.local/lib/python3.8/site-packages/airflow/example_dags/example_kubernetes_executor.py
[2021-02-23 20:33:15,626] {scheduler_job.py:643} INFO - DAG(s) dict_keys(['example_kubernetes_executor']) retrieved from /home/airflow/.local/lib/python3.8/site-packages/airflow/example_dags/example_kubernetes_executor.py
[2021-02-23 20:33:15,662] {logging_mixin.py:104} INFO - [2021-02-23 20:33:15,662] {dag.py:1818} INFO - Sync 1 DAGs
[2021-02-23 20:33:15,698] {logging_mixin.py:104} INFO - [2021-02-23 20:33:15,697] {dag.py:2273} INFO - Setting next_dagrun for example_kubernetes_executor to None
[2021-02-23 20:33:15,734] {scheduler_job.py:190} INFO - Processing /home/airflow/.local/lib/python3.8/site-packages/airflow/example_dags/example_kubernetes_executor.py took 0.160 seconds
[2021-02-23 20:34:11,289] {scheduler_job.py:182} INFO - Started process (PID=64) to work on /home/airflow/.local/lib/python3.8/site-packages/airflow/example_dags/example_kubernetes_executor.py
[2021-02-23 20:34:11,325] {scheduler_job.py:633} INFO - Processing file /home/airflow/.local/lib/python3.8/site-packages/airflow/example_dags/example_kubernetes_executor.py for tasks to queue
[2021-02-23 20:34:11,328] {logging_mixin.py:104} INFO - [2021-02-23 20:34:11,326] {dagbag.py:448} INFO - Filling up the DagBag from /home/airflow/.local/lib/python3.8/site-packages/airflow/example_dags/example_kubernetes_executor.py
[2021-02-23 20:34:11,851] {scheduler_job.py:643} INFO - DAG(s) dict_keys(['example_kubernetes_executor']) retrieved from /home/airflow/.local/lib/python3.8/site-packages/airflow/example_dags/example_kubernetes_executor.py
[2021-02-23 20:34:11,958] {logging_mixin.py:104} INFO - [2021-02-23 20:34:11,958] {dag.py:1818} INFO - Sync 1 DAGs
[2021-02-23 20:34:12,209] {logging_mixin.py:104} INFO - [2021-02-23 20:34:12,209] {dag.py:2273} INFO - Setting next_dagrun for example_kubernetes_executor to None
[2021-02-23 20:34:12,353] {scheduler_job.py:190} INFO - Processing /home/airflow/.local/lib/python3.8/site-packages/airflow/example_dags/example_kubernetes_executor.py took 1.068 seconds
[2021-02-23 20:34:43,110] {scheduler_job.py:182} INFO - Started process (PID=92) to work on /home/airflow/.local/lib/python3.8/site-packages/airflow/example_dags/example_kubernetes_executor.py
[2021-02-23 20:34:43,112] {scheduler_job.py:633} INFO - Processing file /home/airflow/.local/lib/python3.8/site-packages/airflow/example_dags/example_kubernetes_executor.py for tasks to queue
[2021-02-23 20:34:43,114] {logging_mixin.py:104} INFO - [2021-02-23 20:34:43,114] {dagbag.py:448} INFO - Filling up the DagBag from /home/airflow/.local/lib/python3.8/site-packages/airflow/example_dags/example_kubernetes_executor.py
[2021-02-23 20:34:43,129] {scheduler_job.py:643} INFO - DAG(s) dict_keys(['example_kubernetes_executor']) retrieved from /home/airflow/.local/lib/python3.8/site-packages/airflow/example_dags/example_kubernetes_executor.py
[2021-02-23 20:34:43,173] {logging_mixin.py:104} INFO - [2021-02-23 20:34:43,173] {dag.py:1818} INFO - Sync 1 DAGs
[2021-02-23 20:34:43,193] {logging_mixin.py:104} INFO - [2021-02-23 20:34:43,193] {dag.py:2273} INFO - Setting next_dagrun for example_kubernetes_executor to None
[2021-02-23 20:34:43,208] {scheduler_job.py:190} INFO - Processing /home/airflow/.local/lib/python3.8/site-packages/airflow/example_dags/example_kubernetes_executor.py took 0.103 seconds
[2021-02-23 20:35:18,883] {scheduler_job.py:182} INFO - Started process (PID=120) to work on /home/airflow/.local/lib/python3.8/site-packages/airflow/example_dags/example_kubernetes_executor.py
[2021-02-23 20:35:18,886] {scheduler_job.py:633} INFO - Processing file /home/airflow/.local/lib/python3.8/site-packages/airflow/example_dags/example_kubernetes_executor.py for tasks to queue
[2021-02-23 20:35:18,889] {logging_mixin.py:104} INFO - [2021-02-23 20:35:18,889] {dagbag.py:448} INFO - Filling up the DagBag from /home/airflow/.local/lib/python3.8/site-packages/airflow/example_dags/example_kubernetes_executor.py
[2021-02-23 20:35:18,910] {scheduler_job.py:643} INFO - DAG(s) dict_keys(['example_kubernetes_executor']) retrieved from /home/airflow/.local/lib/python3.8/site-packages/airflow/example_dags/example_kubernetes_executor.py
[2021-02-23 20:35:18,950] {logging_mixin.py:104} INFO - [2021-02-23 20:35:18,950] {dag.py:1818} INFO - Sync 1 DAGs
[2021-02-23 20:35:18,978] {logging_mixin.py:104} INFO - [2021-02-23 20:35:18,978] {dag.py:2273} INFO - Setting next_dagrun for example_kubernetes_executor to None
[2021-02-23 20:35:18,997] {scheduler_job.py:190} INFO - Processing /home/airflow/.local/lib/python3.8/site-packages/airflow/example_dags/example_kubernetes_executor.py took 0.120 seconds
