[2021-02-23 20:33:15,515] {scheduler_job.py:182} INFO - Started process (PID=35) to work on /home/airflow/.local/lib/python3.8/site-packages/airflow/example_dags/example_branch_python_dop_operator_3.py
[2021-02-23 20:33:15,516] {scheduler_job.py:633} INFO - Processing file /home/airflow/.local/lib/python3.8/site-packages/airflow/example_dags/example_branch_python_dop_operator_3.py for tasks to queue
[2021-02-23 20:33:15,517] {logging_mixin.py:104} INFO - [2021-02-23 20:33:15,517] {dagbag.py:448} INFO - Filling up the DagBag from /home/airflow/.local/lib/python3.8/site-packages/airflow/example_dags/example_branch_python_dop_operator_3.py
[2021-02-23 20:33:15,638] {scheduler_job.py:643} INFO - DAG(s) dict_keys(['example_branch_dop_operator_v3']) retrieved from /home/airflow/.local/lib/python3.8/site-packages/airflow/example_dags/example_branch_python_dop_operator_3.py
[2021-02-23 20:33:15,705] {logging_mixin.py:104} INFO - [2021-02-23 20:33:15,705] {dag.py:1818} INFO - Sync 1 DAGs
[2021-02-23 20:33:15,743] {logging_mixin.py:104} INFO - [2021-02-23 20:33:15,742] {dag.py:2273} INFO - Setting next_dagrun for example_branch_dop_operator_v3 to 2021-02-21 00:00:00+00:00
[2021-02-23 20:33:15,781] {scheduler_job.py:190} INFO - Processing /home/airflow/.local/lib/python3.8/site-packages/airflow/example_dags/example_branch_python_dop_operator_3.py took 0.270 seconds
[2021-02-23 20:34:10,854] {scheduler_job.py:182} INFO - Started process (PID=63) to work on /home/airflow/.local/lib/python3.8/site-packages/airflow/example_dags/example_branch_python_dop_operator_3.py
[2021-02-23 20:34:10,857] {scheduler_job.py:633} INFO - Processing file /home/airflow/.local/lib/python3.8/site-packages/airflow/example_dags/example_branch_python_dop_operator_3.py for tasks to queue
[2021-02-23 20:34:10,859] {logging_mixin.py:104} INFO - [2021-02-23 20:34:10,859] {dagbag.py:448} INFO - Filling up the DagBag from /home/airflow/.local/lib/python3.8/site-packages/airflow/example_dags/example_branch_python_dop_operator_3.py
[2021-02-23 20:34:11,849] {scheduler_job.py:643} INFO - DAG(s) dict_keys(['example_branch_dop_operator_v3']) retrieved from /home/airflow/.local/lib/python3.8/site-packages/airflow/example_dags/example_branch_python_dop_operator_3.py
[2021-02-23 20:34:12,200] {logging_mixin.py:104} INFO - [2021-02-23 20:34:12,200] {dag.py:1818} INFO - Sync 1 DAGs
[2021-02-23 20:34:12,711] {logging_mixin.py:104} INFO - [2021-02-23 20:34:12,711] {dag.py:2273} INFO - Setting next_dagrun for example_branch_dop_operator_v3 to 2021-02-21 00:00:00+00:00
[2021-02-23 20:34:12,755] {scheduler_job.py:190} INFO - Processing /home/airflow/.local/lib/python3.8/site-packages/airflow/example_dags/example_branch_python_dop_operator_3.py took 1.904 seconds
[2021-02-23 20:34:42,955] {scheduler_job.py:182} INFO - Started process (PID=91) to work on /home/airflow/.local/lib/python3.8/site-packages/airflow/example_dags/example_branch_python_dop_operator_3.py
[2021-02-23 20:34:42,958] {scheduler_job.py:633} INFO - Processing file /home/airflow/.local/lib/python3.8/site-packages/airflow/example_dags/example_branch_python_dop_operator_3.py for tasks to queue
[2021-02-23 20:34:42,960] {logging_mixin.py:104} INFO - [2021-02-23 20:34:42,960] {dagbag.py:448} INFO - Filling up the DagBag from /home/airflow/.local/lib/python3.8/site-packages/airflow/example_dags/example_branch_python_dop_operator_3.py
[2021-02-23 20:34:43,001] {scheduler_job.py:643} INFO - DAG(s) dict_keys(['example_branch_dop_operator_v3']) retrieved from /home/airflow/.local/lib/python3.8/site-packages/airflow/example_dags/example_branch_python_dop_operator_3.py
[2021-02-23 20:34:43,035] {logging_mixin.py:104} INFO - [2021-02-23 20:34:43,035] {dag.py:1818} INFO - Sync 1 DAGs
[2021-02-23 20:34:43,079] {logging_mixin.py:104} INFO - [2021-02-23 20:34:43,079] {dag.py:2273} INFO - Setting next_dagrun for example_branch_dop_operator_v3 to 2021-02-21 00:00:00+00:00
[2021-02-23 20:34:43,090] {scheduler_job.py:190} INFO - Processing /home/airflow/.local/lib/python3.8/site-packages/airflow/example_dags/example_branch_python_dop_operator_3.py took 0.139 seconds
[2021-02-23 20:35:18,785] {scheduler_job.py:182} INFO - Started process (PID=119) to work on /home/airflow/.local/lib/python3.8/site-packages/airflow/example_dags/example_branch_python_dop_operator_3.py
[2021-02-23 20:35:18,788] {scheduler_job.py:633} INFO - Processing file /home/airflow/.local/lib/python3.8/site-packages/airflow/example_dags/example_branch_python_dop_operator_3.py for tasks to queue
[2021-02-23 20:35:18,790] {logging_mixin.py:104} INFO - [2021-02-23 20:35:18,790] {dagbag.py:448} INFO - Filling up the DagBag from /home/airflow/.local/lib/python3.8/site-packages/airflow/example_dags/example_branch_python_dop_operator_3.py
[2021-02-23 20:35:18,832] {scheduler_job.py:643} INFO - DAG(s) dict_keys(['example_branch_dop_operator_v3']) retrieved from /home/airflow/.local/lib/python3.8/site-packages/airflow/example_dags/example_branch_python_dop_operator_3.py
[2021-02-23 20:35:18,873] {logging_mixin.py:104} INFO - [2021-02-23 20:35:18,873] {dag.py:1818} INFO - Sync 1 DAGs
[2021-02-23 20:35:18,943] {logging_mixin.py:104} INFO - [2021-02-23 20:35:18,943] {dag.py:2273} INFO - Setting next_dagrun for example_branch_dop_operator_v3 to 2021-02-21 00:00:00+00:00
[2021-02-23 20:35:18,961] {scheduler_job.py:190} INFO - Processing /home/airflow/.local/lib/python3.8/site-packages/airflow/example_dags/example_branch_python_dop_operator_3.py took 0.180 seconds
