[2021-02-23 20:33:14,887] {scheduler_job.py:182} INFO - Started process (PID=30) to work on /home/airflow/.local/lib/python3.8/site-packages/airflow/example_dags/example_short_circuit_operator.py
[2021-02-23 20:33:14,889] {scheduler_job.py:633} INFO - Processing file /home/airflow/.local/lib/python3.8/site-packages/airflow/example_dags/example_short_circuit_operator.py for tasks to queue
[2021-02-23 20:33:14,890] {logging_mixin.py:104} INFO - [2021-02-23 20:33:14,890] {dagbag.py:448} INFO - Filling up the DagBag from /home/airflow/.local/lib/python3.8/site-packages/airflow/example_dags/example_short_circuit_operator.py
[2021-02-23 20:33:14,939] {scheduler_job.py:643} INFO - DAG(s) dict_keys(['example_short_circuit_operator']) retrieved from /home/airflow/.local/lib/python3.8/site-packages/airflow/example_dags/example_short_circuit_operator.py
[2021-02-23 20:33:15,049] {logging_mixin.py:104} INFO - [2021-02-23 20:33:15,049] {dag.py:1818} INFO - Sync 1 DAGs
[2021-02-23 20:33:15,066] {logging_mixin.py:104} INFO - [2021-02-23 20:33:15,066] {dag.py:2273} INFO - Setting next_dagrun for example_short_circuit_operator to 2021-02-21 00:00:00+00:00
[2021-02-23 20:33:15,135] {scheduler_job.py:190} INFO - Processing /home/airflow/.local/lib/python3.8/site-packages/airflow/example_dags/example_short_circuit_operator.py took 0.251 seconds
[2021-02-23 20:34:02,111] {scheduler_job.py:182} INFO - Started process (PID=58) to work on /home/airflow/.local/lib/python3.8/site-packages/airflow/example_dags/example_short_circuit_operator.py
[2021-02-23 20:34:02,128] {scheduler_job.py:633} INFO - Processing file /home/airflow/.local/lib/python3.8/site-packages/airflow/example_dags/example_short_circuit_operator.py for tasks to queue
[2021-02-23 20:34:02,132] {logging_mixin.py:104} INFO - [2021-02-23 20:34:02,132] {dagbag.py:448} INFO - Filling up the DagBag from /home/airflow/.local/lib/python3.8/site-packages/airflow/example_dags/example_short_circuit_operator.py
[2021-02-23 20:34:02,452] {scheduler_job.py:643} INFO - DAG(s) dict_keys(['example_short_circuit_operator']) retrieved from /home/airflow/.local/lib/python3.8/site-packages/airflow/example_dags/example_short_circuit_operator.py
[2021-02-23 20:34:06,809] {logging_mixin.py:104} INFO - [2021-02-23 20:34:06,801] {dag.py:1818} INFO - Sync 1 DAGs
[2021-02-23 20:34:07,015] {logging_mixin.py:104} INFO - [2021-02-23 20:34:07,013] {dag.py:2273} INFO - Setting next_dagrun for example_short_circuit_operator to 2021-02-21 00:00:00+00:00
[2021-02-23 20:34:09,980] {scheduler_job.py:190} INFO - Processing /home/airflow/.local/lib/python3.8/site-packages/airflow/example_dags/example_short_circuit_operator.py took 7.896 seconds
[2021-02-23 20:34:42,287] {scheduler_job.py:182} INFO - Started process (PID=86) to work on /home/airflow/.local/lib/python3.8/site-packages/airflow/example_dags/example_short_circuit_operator.py
[2021-02-23 20:34:42,292] {scheduler_job.py:633} INFO - Processing file /home/airflow/.local/lib/python3.8/site-packages/airflow/example_dags/example_short_circuit_operator.py for tasks to queue
[2021-02-23 20:34:42,295] {logging_mixin.py:104} INFO - [2021-02-23 20:34:42,295] {dagbag.py:448} INFO - Filling up the DagBag from /home/airflow/.local/lib/python3.8/site-packages/airflow/example_dags/example_short_circuit_operator.py
[2021-02-23 20:34:42,383] {scheduler_job.py:643} INFO - DAG(s) dict_keys(['example_short_circuit_operator']) retrieved from /home/airflow/.local/lib/python3.8/site-packages/airflow/example_dags/example_short_circuit_operator.py
[2021-02-23 20:34:42,524] {logging_mixin.py:104} INFO - [2021-02-23 20:34:42,523] {dag.py:1818} INFO - Sync 1 DAGs
[2021-02-23 20:34:42,604] {logging_mixin.py:104} INFO - [2021-02-23 20:34:42,604] {dag.py:2273} INFO - Setting next_dagrun for example_short_circuit_operator to 2021-02-21 00:00:00+00:00
[2021-02-23 20:34:42,654] {scheduler_job.py:190} INFO - Processing /home/airflow/.local/lib/python3.8/site-packages/airflow/example_dags/example_short_circuit_operator.py took 0.378 seconds
[2021-02-23 20:35:18,393] {scheduler_job.py:182} INFO - Started process (PID=114) to work on /home/airflow/.local/lib/python3.8/site-packages/airflow/example_dags/example_short_circuit_operator.py
[2021-02-23 20:35:18,405] {scheduler_job.py:633} INFO - Processing file /home/airflow/.local/lib/python3.8/site-packages/airflow/example_dags/example_short_circuit_operator.py for tasks to queue
[2021-02-23 20:35:18,410] {logging_mixin.py:104} INFO - [2021-02-23 20:35:18,409] {dagbag.py:448} INFO - Filling up the DagBag from /home/airflow/.local/lib/python3.8/site-packages/airflow/example_dags/example_short_circuit_operator.py
[2021-02-23 20:35:18,448] {scheduler_job.py:643} INFO - DAG(s) dict_keys(['example_short_circuit_operator']) retrieved from /home/airflow/.local/lib/python3.8/site-packages/airflow/example_dags/example_short_circuit_operator.py
[2021-02-23 20:35:18,487] {logging_mixin.py:104} INFO - [2021-02-23 20:35:18,487] {dag.py:1818} INFO - Sync 1 DAGs
[2021-02-23 20:35:18,506] {logging_mixin.py:104} INFO - [2021-02-23 20:35:18,506] {dag.py:2273} INFO - Setting next_dagrun for example_short_circuit_operator to 2021-02-21 00:00:00+00:00
[2021-02-23 20:35:18,518] {scheduler_job.py:190} INFO - Processing /home/airflow/.local/lib/python3.8/site-packages/airflow/example_dags/example_short_circuit_operator.py took 0.135 seconds
