[2021-02-23 20:33:16,769] {scheduler_job.py:182} INFO - Started process (PID=44) to work on /home/airflow/.local/lib/python3.8/site-packages/airflow/example_dags/example_subdag_operator.py
[2021-02-23 20:33:16,770] {scheduler_job.py:633} INFO - Processing file /home/airflow/.local/lib/python3.8/site-packages/airflow/example_dags/example_subdag_operator.py for tasks to queue
[2021-02-23 20:33:16,771] {logging_mixin.py:104} INFO - [2021-02-23 20:33:16,771] {dagbag.py:448} INFO - Filling up the DagBag from /home/airflow/.local/lib/python3.8/site-packages/airflow/example_dags/example_subdag_operator.py
[2021-02-23 20:33:16,905] {scheduler_job.py:643} INFO - DAG(s) dict_keys(['example_subdag_operator.section-1', 'example_subdag_operator.section-2', 'example_subdag_operator']) retrieved from /home/airflow/.local/lib/python3.8/site-packages/airflow/example_dags/example_subdag_operator.py
[2021-02-23 20:33:17,017] {logging_mixin.py:104} INFO - [2021-02-23 20:33:17,017] {dag.py:1818} INFO - Sync 3 DAGs
[2021-02-23 20:33:17,035] {logging_mixin.py:104} INFO - [2021-02-23 20:33:17,035] {dag.py:2273} INFO - Setting next_dagrun for example_subdag_operator to 2021-02-21 00:00:00+00:00
[2021-02-23 20:33:17,037] {logging_mixin.py:104} INFO - [2021-02-23 20:33:17,037] {dag.py:2273} INFO - Setting next_dagrun for example_subdag_operator.section-1 to None
[2021-02-23 20:33:17,038] {logging_mixin.py:104} INFO - [2021-02-23 20:33:17,038] {dag.py:2273} INFO - Setting next_dagrun for example_subdag_operator.section-2 to None
[2021-02-23 20:33:17,086] {logging_mixin.py:104} INFO - [2021-02-23 20:33:17,086] {dag.py:1818} INFO - Sync 2 DAGs
[2021-02-23 20:33:17,127] {logging_mixin.py:104} INFO - [2021-02-23 20:33:17,127] {dag.py:2273} INFO - Setting next_dagrun for example_subdag_operator.section-1 to None
[2021-02-23 20:33:17,128] {logging_mixin.py:104} INFO - [2021-02-23 20:33:17,128] {dag.py:2273} INFO - Setting next_dagrun for example_subdag_operator.section-2 to None
[2021-02-23 20:33:17,208] {scheduler_job.py:190} INFO - Processing /home/airflow/.local/lib/python3.8/site-packages/airflow/example_dags/example_subdag_operator.py took 0.464 seconds
[2021-02-23 20:34:14,807] {scheduler_job.py:182} INFO - Started process (PID=72) to work on /home/airflow/.local/lib/python3.8/site-packages/airflow/example_dags/example_subdag_operator.py
[2021-02-23 20:34:14,844] {scheduler_job.py:633} INFO - Processing file /home/airflow/.local/lib/python3.8/site-packages/airflow/example_dags/example_subdag_operator.py for tasks to queue
[2021-02-23 20:34:14,870] {logging_mixin.py:104} INFO - [2021-02-23 20:34:14,870] {dagbag.py:448} INFO - Filling up the DagBag from /home/airflow/.local/lib/python3.8/site-packages/airflow/example_dags/example_subdag_operator.py
[2021-02-23 20:34:15,450] {scheduler_job.py:643} INFO - DAG(s) dict_keys(['example_subdag_operator.section-1', 'example_subdag_operator.section-2', 'example_subdag_operator']) retrieved from /home/airflow/.local/lib/python3.8/site-packages/airflow/example_dags/example_subdag_operator.py
[2021-02-23 20:34:15,464] {logging_mixin.py:104} INFO - [2021-02-23 20:34:15,464] {dag.py:1818} INFO - Sync 3 DAGs
[2021-02-23 20:34:15,503] {logging_mixin.py:104} INFO - [2021-02-23 20:34:15,502] {dag.py:2273} INFO - Setting next_dagrun for example_subdag_operator to 2021-02-21 00:00:00+00:00
[2021-02-23 20:34:15,505] {logging_mixin.py:104} INFO - [2021-02-23 20:34:15,505] {dag.py:2273} INFO - Setting next_dagrun for example_subdag_operator.section-1 to None
[2021-02-23 20:34:15,506] {logging_mixin.py:104} INFO - [2021-02-23 20:34:15,506] {dag.py:2273} INFO - Setting next_dagrun for example_subdag_operator.section-2 to None
[2021-02-23 20:34:15,559] {logging_mixin.py:104} INFO - [2021-02-23 20:34:15,559] {dag.py:1818} INFO - Sync 2 DAGs
[2021-02-23 20:34:15,578] {logging_mixin.py:104} INFO - [2021-02-23 20:34:15,578] {dag.py:2273} INFO - Setting next_dagrun for example_subdag_operator.section-1 to None
[2021-02-23 20:34:15,590] {logging_mixin.py:104} INFO - [2021-02-23 20:34:15,590] {dag.py:2273} INFO - Setting next_dagrun for example_subdag_operator.section-2 to None
[2021-02-23 20:34:15,604] {scheduler_job.py:190} INFO - Processing /home/airflow/.local/lib/python3.8/site-packages/airflow/example_dags/example_subdag_operator.py took 0.800 seconds
[2021-02-23 20:34:45,704] {scheduler_job.py:182} INFO - Started process (PID=101) to work on /home/airflow/.local/lib/python3.8/site-packages/airflow/example_dags/example_subdag_operator.py
[2021-02-23 20:34:45,706] {scheduler_job.py:633} INFO - Processing file /home/airflow/.local/lib/python3.8/site-packages/airflow/example_dags/example_subdag_operator.py for tasks to queue
[2021-02-23 20:34:45,707] {logging_mixin.py:104} INFO - [2021-02-23 20:34:45,707] {dagbag.py:448} INFO - Filling up the DagBag from /home/airflow/.local/lib/python3.8/site-packages/airflow/example_dags/example_subdag_operator.py
[2021-02-23 20:34:45,740] {scheduler_job.py:643} INFO - DAG(s) dict_keys(['example_subdag_operator.section-1', 'example_subdag_operator.section-2', 'example_subdag_operator']) retrieved from /home/airflow/.local/lib/python3.8/site-packages/airflow/example_dags/example_subdag_operator.py
[2021-02-23 20:34:45,751] {logging_mixin.py:104} INFO - [2021-02-23 20:34:45,751] {dag.py:1818} INFO - Sync 3 DAGs
[2021-02-23 20:34:45,766] {logging_mixin.py:104} INFO - [2021-02-23 20:34:45,765] {dag.py:2273} INFO - Setting next_dagrun for example_subdag_operator to 2021-02-21 00:00:00+00:00
[2021-02-23 20:34:45,768] {logging_mixin.py:104} INFO - [2021-02-23 20:34:45,768] {dag.py:2273} INFO - Setting next_dagrun for example_subdag_operator.section-1 to None
[2021-02-23 20:34:45,769] {logging_mixin.py:104} INFO - [2021-02-23 20:34:45,769] {dag.py:2273} INFO - Setting next_dagrun for example_subdag_operator.section-2 to None
[2021-02-23 20:34:45,776] {logging_mixin.py:104} INFO - [2021-02-23 20:34:45,776] {dag.py:1818} INFO - Sync 2 DAGs
[2021-02-23 20:34:45,783] {logging_mixin.py:104} INFO - [2021-02-23 20:34:45,783] {dag.py:2273} INFO - Setting next_dagrun for example_subdag_operator.section-1 to None
[2021-02-23 20:34:45,784] {logging_mixin.py:104} INFO - [2021-02-23 20:34:45,784] {dag.py:2273} INFO - Setting next_dagrun for example_subdag_operator.section-2 to None
[2021-02-23 20:34:45,790] {scheduler_job.py:190} INFO - Processing /home/airflow/.local/lib/python3.8/site-packages/airflow/example_dags/example_subdag_operator.py took 0.089 seconds
[2021-02-23 20:35:19,471] {scheduler_job.py:182} INFO - Started process (PID=128) to work on /home/airflow/.local/lib/python3.8/site-packages/airflow/example_dags/example_subdag_operator.py
[2021-02-23 20:35:19,473] {scheduler_job.py:633} INFO - Processing file /home/airflow/.local/lib/python3.8/site-packages/airflow/example_dags/example_subdag_operator.py for tasks to queue
[2021-02-23 20:35:19,476] {logging_mixin.py:104} INFO - [2021-02-23 20:35:19,475] {dagbag.py:448} INFO - Filling up the DagBag from /home/airflow/.local/lib/python3.8/site-packages/airflow/example_dags/example_subdag_operator.py
[2021-02-23 20:35:19,570] {scheduler_job.py:643} INFO - DAG(s) dict_keys(['example_subdag_operator.section-1', 'example_subdag_operator.section-2', 'example_subdag_operator']) retrieved from /home/airflow/.local/lib/python3.8/site-packages/airflow/example_dags/example_subdag_operator.py
[2021-02-23 20:35:19,589] {logging_mixin.py:104} INFO - [2021-02-23 20:35:19,589] {dag.py:1818} INFO - Sync 3 DAGs
[2021-02-23 20:35:19,617] {logging_mixin.py:104} INFO - [2021-02-23 20:35:19,617] {dag.py:2273} INFO - Setting next_dagrun for example_subdag_operator to 2021-02-21 00:00:00+00:00
[2021-02-23 20:35:19,621] {logging_mixin.py:104} INFO - [2021-02-23 20:35:19,621] {dag.py:2273} INFO - Setting next_dagrun for example_subdag_operator.section-1 to None
[2021-02-23 20:35:19,624] {logging_mixin.py:104} INFO - [2021-02-23 20:35:19,623] {dag.py:2273} INFO - Setting next_dagrun for example_subdag_operator.section-2 to None
[2021-02-23 20:35:19,638] {logging_mixin.py:104} INFO - [2021-02-23 20:35:19,638] {dag.py:1818} INFO - Sync 2 DAGs
[2021-02-23 20:35:19,651] {logging_mixin.py:104} INFO - [2021-02-23 20:35:19,651] {dag.py:2273} INFO - Setting next_dagrun for example_subdag_operator.section-1 to None
[2021-02-23 20:35:19,658] {logging_mixin.py:104} INFO - [2021-02-23 20:35:19,658] {dag.py:2273} INFO - Setting next_dagrun for example_subdag_operator.section-2 to None
[2021-02-23 20:35:19,667] {scheduler_job.py:190} INFO - Processing /home/airflow/.local/lib/python3.8/site-packages/airflow/example_dags/example_subdag_operator.py took 0.201 seconds
