[2021-02-23 20:33:13,355] {scheduler_job.py:182} INFO - Started process (PID=25) to work on /home/airflow/.local/lib/python3.8/site-packages/airflow/example_dags/example_nested_branch_dag.py
[2021-02-23 20:33:13,448] {scheduler_job.py:633} INFO - Processing file /home/airflow/.local/lib/python3.8/site-packages/airflow/example_dags/example_nested_branch_dag.py for tasks to queue
[2021-02-23 20:33:13,456] {logging_mixin.py:104} INFO - [2021-02-23 20:33:13,455] {dagbag.py:448} INFO - Filling up the DagBag from /home/airflow/.local/lib/python3.8/site-packages/airflow/example_dags/example_nested_branch_dag.py
[2021-02-23 20:33:13,489] {scheduler_job.py:643} INFO - DAG(s) dict_keys(['example_nested_branch_dag']) retrieved from /home/airflow/.local/lib/python3.8/site-packages/airflow/example_dags/example_nested_branch_dag.py
[2021-02-23 20:33:13,523] {logging_mixin.py:104} INFO - [2021-02-23 20:33:13,523] {dag.py:1818} INFO - Sync 1 DAGs
[2021-02-23 20:33:13,545] {logging_mixin.py:104} INFO - [2021-02-23 20:33:13,545] {dag.py:2273} INFO - Setting next_dagrun for example_nested_branch_dag to 2021-02-21 00:00:00+00:00
[2021-02-23 20:33:13,644] {scheduler_job.py:190} INFO - Processing /home/airflow/.local/lib/python3.8/site-packages/airflow/example_dags/example_nested_branch_dag.py took 0.293 seconds
[2021-02-23 20:33:52,513] {scheduler_job.py:182} INFO - Started process (PID=50) to work on /home/airflow/.local/lib/python3.8/site-packages/airflow/example_dags/example_nested_branch_dag.py
[2021-02-23 20:33:52,523] {scheduler_job.py:633} INFO - Processing file /home/airflow/.local/lib/python3.8/site-packages/airflow/example_dags/example_nested_branch_dag.py for tasks to queue
[2021-02-23 20:33:52,525] {logging_mixin.py:104} INFO - [2021-02-23 20:33:52,524] {dagbag.py:448} INFO - Filling up the DagBag from /home/airflow/.local/lib/python3.8/site-packages/airflow/example_dags/example_nested_branch_dag.py
[2021-02-23 20:33:53,121] {scheduler_job.py:643} INFO - DAG(s) dict_keys(['example_nested_branch_dag']) retrieved from /home/airflow/.local/lib/python3.8/site-packages/airflow/example_dags/example_nested_branch_dag.py
[2021-02-23 20:33:53,815] {logging_mixin.py:104} INFO - [2021-02-23 20:33:53,814] {dag.py:1818} INFO - Sync 1 DAGs
[2021-02-23 20:33:54,179] {logging_mixin.py:104} INFO - [2021-02-23 20:33:54,113] {dag.py:2273} INFO - Setting next_dagrun for example_nested_branch_dag to 2021-02-21 00:00:00+00:00
[2021-02-23 20:33:54,493] {scheduler_job.py:190} INFO - Processing /home/airflow/.local/lib/python3.8/site-packages/airflow/example_dags/example_nested_branch_dag.py took 1.994 seconds
[2021-02-23 20:34:24,937] {scheduler_job.py:182} INFO - Started process (PID=78) to work on /home/airflow/.local/lib/python3.8/site-packages/airflow/example_dags/example_nested_branch_dag.py
[2021-02-23 20:34:24,939] {scheduler_job.py:633} INFO - Processing file /home/airflow/.local/lib/python3.8/site-packages/airflow/example_dags/example_nested_branch_dag.py for tasks to queue
[2021-02-23 20:34:24,941] {logging_mixin.py:104} INFO - [2021-02-23 20:34:24,941] {dagbag.py:448} INFO - Filling up the DagBag from /home/airflow/.local/lib/python3.8/site-packages/airflow/example_dags/example_nested_branch_dag.py
[2021-02-23 20:34:24,955] {scheduler_job.py:643} INFO - DAG(s) dict_keys(['example_nested_branch_dag']) retrieved from /home/airflow/.local/lib/python3.8/site-packages/airflow/example_dags/example_nested_branch_dag.py
[2021-02-23 20:34:24,981] {logging_mixin.py:104} INFO - [2021-02-23 20:34:24,981] {dag.py:1818} INFO - Sync 1 DAGs
[2021-02-23 20:34:25,000] {logging_mixin.py:104} INFO - [2021-02-23 20:34:25,000] {dag.py:2273} INFO - Setting next_dagrun for example_nested_branch_dag to 2021-02-21 00:00:00+00:00
[2021-02-23 20:34:25,010] {scheduler_job.py:190} INFO - Processing /home/airflow/.local/lib/python3.8/site-packages/airflow/example_dags/example_nested_branch_dag.py took 0.077 seconds
[2021-02-23 20:34:55,123] {scheduler_job.py:182} INFO - Started process (PID=106) to work on /home/airflow/.local/lib/python3.8/site-packages/airflow/example_dags/example_nested_branch_dag.py
[2021-02-23 20:34:55,126] {scheduler_job.py:633} INFO - Processing file /home/airflow/.local/lib/python3.8/site-packages/airflow/example_dags/example_nested_branch_dag.py for tasks to queue
[2021-02-23 20:34:55,128] {logging_mixin.py:104} INFO - [2021-02-23 20:34:55,128] {dagbag.py:448} INFO - Filling up the DagBag from /home/airflow/.local/lib/python3.8/site-packages/airflow/example_dags/example_nested_branch_dag.py
[2021-02-23 20:34:55,163] {scheduler_job.py:643} INFO - DAG(s) dict_keys(['example_nested_branch_dag']) retrieved from /home/airflow/.local/lib/python3.8/site-packages/airflow/example_dags/example_nested_branch_dag.py
[2021-02-23 20:34:55,211] {logging_mixin.py:104} INFO - [2021-02-23 20:34:55,211] {dag.py:1818} INFO - Sync 1 DAGs
[2021-02-23 20:34:55,260] {logging_mixin.py:104} INFO - [2021-02-23 20:34:55,260] {dag.py:2273} INFO - Setting next_dagrun for example_nested_branch_dag to 2021-02-21 00:00:00+00:00
[2021-02-23 20:34:55,273] {scheduler_job.py:190} INFO - Processing /home/airflow/.local/lib/python3.8/site-packages/airflow/example_dags/example_nested_branch_dag.py took 0.155 seconds
[2021-02-23 20:35:25,958] {scheduler_job.py:182} INFO - Started process (PID=134) to work on /home/airflow/.local/lib/python3.8/site-packages/airflow/example_dags/example_nested_branch_dag.py
[2021-02-23 20:35:25,960] {scheduler_job.py:633} INFO - Processing file /home/airflow/.local/lib/python3.8/site-packages/airflow/example_dags/example_nested_branch_dag.py for tasks to queue
[2021-02-23 20:35:25,961] {logging_mixin.py:104} INFO - [2021-02-23 20:35:25,961] {dagbag.py:448} INFO - Filling up the DagBag from /home/airflow/.local/lib/python3.8/site-packages/airflow/example_dags/example_nested_branch_dag.py
[2021-02-23 20:35:25,976] {scheduler_job.py:643} INFO - DAG(s) dict_keys(['example_nested_branch_dag']) retrieved from /home/airflow/.local/lib/python3.8/site-packages/airflow/example_dags/example_nested_branch_dag.py
[2021-02-23 20:35:26,000] {logging_mixin.py:104} INFO - [2021-02-23 20:35:26,000] {dag.py:1818} INFO - Sync 1 DAGs
[2021-02-23 20:35:26,019] {logging_mixin.py:104} INFO - [2021-02-23 20:35:26,019] {dag.py:2273} INFO - Setting next_dagrun for example_nested_branch_dag to 2021-02-21 00:00:00+00:00
[2021-02-23 20:35:26,068] {scheduler_job.py:190} INFO - Processing /home/airflow/.local/lib/python3.8/site-packages/airflow/example_dags/example_nested_branch_dag.py took 0.114 seconds
