[2021-02-23 20:33:15,408] {scheduler_job.py:182} INFO - Started process (PID=34) to work on /home/airflow/.local/lib/python3.8/site-packages/airflow/example_dags/example_latest_only.py
[2021-02-23 20:33:15,411] {scheduler_job.py:633} INFO - Processing file /home/airflow/.local/lib/python3.8/site-packages/airflow/example_dags/example_latest_only.py for tasks to queue
[2021-02-23 20:33:15,413] {logging_mixin.py:104} INFO - [2021-02-23 20:33:15,412] {dagbag.py:448} INFO - Filling up the DagBag from /home/airflow/.local/lib/python3.8/site-packages/airflow/example_dags/example_latest_only.py
[2021-02-23 20:33:15,433] {scheduler_job.py:643} INFO - DAG(s) dict_keys(['latest_only']) retrieved from /home/airflow/.local/lib/python3.8/site-packages/airflow/example_dags/example_latest_only.py
[2021-02-23 20:33:15,482] {logging_mixin.py:104} INFO - [2021-02-23 20:33:15,481] {dag.py:1818} INFO - Sync 1 DAGs
[2021-02-23 20:33:15,501] {logging_mixin.py:104} INFO - [2021-02-23 20:33:15,501] {dag.py:2273} INFO - Setting next_dagrun for latest_only to 2021-02-21 00:00:00+00:00
[2021-02-23 20:33:15,551] {scheduler_job.py:190} INFO - Processing /home/airflow/.local/lib/python3.8/site-packages/airflow/example_dags/example_latest_only.py took 0.148 seconds
[2021-02-23 20:34:10,668] {scheduler_job.py:182} INFO - Started process (PID=62) to work on /home/airflow/.local/lib/python3.8/site-packages/airflow/example_dags/example_latest_only.py
[2021-02-23 20:34:10,671] {scheduler_job.py:633} INFO - Processing file /home/airflow/.local/lib/python3.8/site-packages/airflow/example_dags/example_latest_only.py for tasks to queue
[2021-02-23 20:34:10,675] {logging_mixin.py:104} INFO - [2021-02-23 20:34:10,675] {dagbag.py:448} INFO - Filling up the DagBag from /home/airflow/.local/lib/python3.8/site-packages/airflow/example_dags/example_latest_only.py
[2021-02-23 20:34:10,718] {scheduler_job.py:643} INFO - DAG(s) dict_keys(['latest_only']) retrieved from /home/airflow/.local/lib/python3.8/site-packages/airflow/example_dags/example_latest_only.py
[2021-02-23 20:34:10,960] {logging_mixin.py:104} INFO - [2021-02-23 20:34:10,959] {dag.py:1818} INFO - Sync 1 DAGs
[2021-02-23 20:34:11,079] {logging_mixin.py:104} INFO - [2021-02-23 20:34:11,079] {dag.py:2273} INFO - Setting next_dagrun for latest_only to 2021-02-21 00:00:00+00:00
[2021-02-23 20:34:11,234] {scheduler_job.py:190} INFO - Processing /home/airflow/.local/lib/python3.8/site-packages/airflow/example_dags/example_latest_only.py took 0.574 seconds
[2021-02-23 20:34:42,769] {scheduler_job.py:182} INFO - Started process (PID=89) to work on /home/airflow/.local/lib/python3.8/site-packages/airflow/example_dags/example_latest_only.py
[2021-02-23 20:34:42,773] {scheduler_job.py:633} INFO - Processing file /home/airflow/.local/lib/python3.8/site-packages/airflow/example_dags/example_latest_only.py for tasks to queue
[2021-02-23 20:34:42,776] {logging_mixin.py:104} INFO - [2021-02-23 20:34:42,776] {dagbag.py:448} INFO - Filling up the DagBag from /home/airflow/.local/lib/python3.8/site-packages/airflow/example_dags/example_latest_only.py
[2021-02-23 20:34:42,800] {scheduler_job.py:643} INFO - DAG(s) dict_keys(['latest_only']) retrieved from /home/airflow/.local/lib/python3.8/site-packages/airflow/example_dags/example_latest_only.py
[2021-02-23 20:34:42,878] {logging_mixin.py:104} INFO - [2021-02-23 20:34:42,878] {dag.py:1818} INFO - Sync 1 DAGs
[2021-02-23 20:34:42,899] {logging_mixin.py:104} INFO - [2021-02-23 20:34:42,898] {dag.py:2273} INFO - Setting next_dagrun for latest_only to 2021-02-21 00:00:00+00:00
[2021-02-23 20:34:42,923] {scheduler_job.py:190} INFO - Processing /home/airflow/.local/lib/python3.8/site-packages/airflow/example_dags/example_latest_only.py took 0.160 seconds
[2021-02-23 20:35:18,729] {scheduler_job.py:182} INFO - Started process (PID=118) to work on /home/airflow/.local/lib/python3.8/site-packages/airflow/example_dags/example_latest_only.py
[2021-02-23 20:35:18,732] {scheduler_job.py:633} INFO - Processing file /home/airflow/.local/lib/python3.8/site-packages/airflow/example_dags/example_latest_only.py for tasks to queue
[2021-02-23 20:35:18,750] {logging_mixin.py:104} INFO - [2021-02-23 20:35:18,749] {dagbag.py:448} INFO - Filling up the DagBag from /home/airflow/.local/lib/python3.8/site-packages/airflow/example_dags/example_latest_only.py
[2021-02-23 20:35:18,767] {scheduler_job.py:643} INFO - DAG(s) dict_keys(['latest_only']) retrieved from /home/airflow/.local/lib/python3.8/site-packages/airflow/example_dags/example_latest_only.py
[2021-02-23 20:35:18,809] {logging_mixin.py:104} INFO - [2021-02-23 20:35:18,809] {dag.py:1818} INFO - Sync 1 DAGs
[2021-02-23 20:35:18,831] {logging_mixin.py:104} INFO - [2021-02-23 20:35:18,831] {dag.py:2273} INFO - Setting next_dagrun for latest_only to 2021-02-21 00:00:00+00:00
[2021-02-23 20:35:18,841] {scheduler_job.py:190} INFO - Processing /home/airflow/.local/lib/python3.8/site-packages/airflow/example_dags/example_latest_only.py took 0.117 seconds
